{
  "Detection": [
    "Telemetry", 
    "Technique"
  ], 
  "DetectionModifiers": [
    "Configuration Change (Detection Logic)"
  ], 
  "DetectionText": [
    "", 
    "A Technique detection named \"User opened Office application\" (Warning) was generated when explorer.exe spawned winword.exe when the user clicks 1-list.rtf."
  ], 
  "Procedure": "explorer.exe spawns winword.exe when user clicks 1-list.rtf", 
  "Step": "1.A.1", 
  "TacticGroup": "Execution", 
  "Technique": "T1204", 
  "Technique_Name": "User Execution"
}
{
  "Detection": [
    "Telemetry"
  ], 
  "DetectionModifiers": [
    "Configuration Change (Data Sources)"
  ], 
  "DetectionText": [
    ""
  ], 
  "Procedure": "winword.exe loads VBE7.DLL", 
  "Step": "1.A.2", 
  "TacticGroup": "Execution", 
  "Technique": "T1559", 
  "Technique_Name": "Inter-Process Communication"
}
{
  "Detection": [
    "Technique", 
    "Telemetry", 
    "Technique", 
    "Technique"
  ], 
  "DetectionModifiers": [
    "Configuration Change (Detection Logic)"
  ], 
  "DetectionText": [
    "A Technique detection named \"Script started from TEMP\" (Warning) was generated when wscript.exe spawned unprotected.vbe.", 
    "", 
    "A Technique detection named \"Saving script file from Office suite\" (Warning) was generated when winword.exe saved unprotected.vbe to disk.", 
    "A Technique detection named \"MS Office app has invoked script interpreter\" (Warning) was generated when a script interpreter (wscript.exe) was spawned by an MS Office application (winword.exe)."
  ], 
  "Procedure": "wscript.exe executes unprotected.vbe", 
  "Step": "1.A.3", 
  "TacticGroup": "Execution", 
  "Technique": "T1059", 
  "Technique_Name": "Command and Scripting Interpreter"
}
{
  "Detection": [
    "Telemetry"
  ], 
  "DetectionModifiers": [], 
  "DetectionText": [
    ""
  ], 
  "Procedure": "unprotected.vbe is an encoded file", 
  "Step": "1.A.4", 
  "TacticGroup": "Defense Evasion", 
  "Technique": "T1027", 
  "Technique_Name": "Obfuscated Files or Information"
}
{
  "Detection": [
    "Telemetry"
  ], 
  "DetectionModifiers": [], 
  "DetectionText": [
    ""
  ], 
  "Procedure": "wscript.exe decodes content and creates starter.vbs", 
  "Step": "1.A.5", 
  "TacticGroup": "Defense Evasion", 
  "Technique": "T1140", 
  "Technique_Name": "Deobfuscate/Decode Files or Information"
}
{
  "Detection": [
    "Telemetry"
  ], 
  "DetectionModifiers": [], 
  "DetectionText": [
    ""
  ], 
  "Procedure": "wscript.exe decodes content and creates TransBaseOdbcDriver.js", 
  "Step": "1.A.6", 
  "TacticGroup": "Defense Evasion", 
  "Technique": "T1140", 
  "Technique_Name": "Deobfuscate/Decode Files or Information"
}
{
  "Detection": [
    "Telemetry", 
    "Technique"
  ], 
  "DetectionModifiers": [], 
  "DetectionText": [
    "", 
    "A Technique detection named \"Wscript executed a process\" (Warning) was generated when wscript.exe executed a suspicious process as a result of executing starter.vbs."
  ], 
  "Procedure": "wscript.exe executes starter.vbs", 
  "Step": "1.A.7", 
  "TacticGroup": "Execution", 
  "Technique": "T1059", 
  "Technique_Name": "Command and Scripting Interpreter"
}
{
  "Detection": [
    "Telemetry", 
    "Technique"
  ], 
  "DetectionModifiers": [], 
  "DetectionText": [
    "", 
    "A Technique detection named \"Suspicious script interpreter started - cmd\" (Warning) was generated when wscript.exe spawned cmd.exe."
  ], 
  "Procedure": "wscript.exe spawns cmd.exe", 
  "Step": "1.A.8", 
  "TacticGroup": "Execution", 
  "Technique": "T1059", 
  "Technique_Name": "Command and Scripting Interpreter"
}
{
  "Detection": [
    "Technique", 
    "Telemetry"
  ], 
  "DetectionModifiers": [], 
  "DetectionText": [
    "A Technique detection named \"Suspicious script interpreter started - Microsoft Office\" (Warning) was generated when a script interpreter (wscript.exe) was spawned with an ancestor MS Office application (winword.exe) when it executed TransBaseOdbcDriver.js.", 
    ""
  ], 
  "Procedure": "cmd.exe spawns wscript.exe to execute TransBaseOdbcDriver.js", 
  "Step": "1.A.9", 
  "TacticGroup": "Execution", 
  "Technique": "T1059", 
  "Technique_Name": "Command and Scripting Interpreter"
}
{
  "Detection": [
    "Telemetry"
  ], 
  "DetectionModifiers": [], 
  "DetectionText": [
    ""
  ], 
  "Procedure": "wscript.exe transmits data to 192.168.0.4 over HTTPS protocol", 
  "Step": "1.A.10", 
  "TacticGroup": "Command and Control", 
  "Technique": "T1071", 
  "Technique_Name": "Application Layer Protocol"
}
{
  "Detection": [
    "Telemetry"
  ], 
  "DetectionModifiers": [], 
  "DetectionText": [
    ""
  ], 
  "Procedure": "wscript.exe transmits data to 192.168.0.4 over HTTPS protocol", 
  "Step": "1.A.11", 
  "TacticGroup": "Command and Control", 
  "Technique": "T1573", 
  "Technique_Name": "Encrypted Channel"
}
{
  "Detection": [
    "Technique", 
    "Telemetry"
  ], 
  "DetectionModifiers": [], 
  "DetectionText": [
    "A Technique detection named \"Script interpreter queried system information via WMI\" (Information) was generated when wscript.exe made a WMI query for Win32_OperatingSystem.", 
    ""
  ], 
  "Procedure": "wscript.exe makes WMI queries for Win32_Processor &  Win32_OperatingSystem", 
  "Step": "2.A.2", 
  "TacticGroup": "Discovery", 
  "Technique": "T1082", 
  "Technique_Name": "System Information Discovery"
}
{
  "Detection": [
    "Technique", 
    "Telemetry"
  ], 
  "DetectionModifiers": [], 
  "DetectionText": [
    "A Technique detection named \"Script interpreter queried processes information via WMI\" (Information) was generated when wscript.exe made a WMI query for Win32_Process.", 
    ""
  ], 
  "Procedure": "wscript.exe makes a WMI query for Win32_Process", 
  "Step": "2.A.4", 
  "TacticGroup": "Discovery", 
  "Technique": "T1057", 
  "Technique_Name": "Process Discovery"
}
{
  "Detection": [
    "Telemetry"
  ], 
  "DetectionModifiers": [], 
  "DetectionText": [
    ""
  ], 
  "Procedure": "wscript.exe downloads screenshot__.ps1 from 192.168.0.4", 
  "Step": "2.B.1", 
  "TacticGroup": "Command and Control", 
  "Technique": "T1105", 
  "Technique_Name": "Ingress Tool Transfer"
}
{
  "Detection": [
    "Technique", 
    "Telemetry"
  ], 
  "DetectionModifiers": [], 
  "DetectionText": [
    "A Technique detection named \"Suspicious script interpreter started - cmd\" (Warning) was generated when wscript.exe spawned cmd.exe.", 
    ""
  ], 
  "Procedure": "wscript.exe spawns cmd.exe", 
  "Step": "2.B.2", 
  "TacticGroup": "Execution", 
  "Technique": "T1059", 
  "Technique_Name": "Command and Scripting Interpreter"
}
{
  "Detection": [
    "Telemetry", 
    "Technique"
  ], 
  "DetectionModifiers": [
    "Configuration Change (Detection Logic)"
  ], 
  "DetectionText": [
    "", 
    "A Technique detection named \"Cmd.exe executed PowerShell\" (Information) was generated when cmd.exe spawned powershell.exe."
  ], 
  "Procedure": "cmd.exe spawns powershell.exe", 
  "Step": "2.B.3", 
  "TacticGroup": "Execution", 
  "Technique": "T1059", 
  "Technique_Name": "Command and Scripting Interpreter"
}
{
  "Detection": [
    "Telemetry", 
    "Technique"
  ], 
  "DetectionModifiers": [], 
  "DetectionText": [
    "", 
    "A Technique detection named \"Suspicious PowerShell script - Screen/Keystroke/Window Capture\" (Warning) was generated when a PowerShell script (screenshot__.ps1) contained a call to CopyFromScreen()."
  ], 
  "Procedure": "powershell.exe executes CopyFromScreen()", 
  "Step": "2.B.4", 
  "TacticGroup": "Collection", 
  "Technique": "T1113", 
  "Technique_Name": "Screen Capture"
}
{
  "Detection": [
    "None"
  ], 
  "DetectionModifiers": [], 
  "DetectionText": [
    "Minimum detection criteria was not met for this procedure."
  ], 
  "Procedure": "wscript.exe reads and uploads screenshot__.png to 192.168.0.4", 
  "Step": "2.B.5", 
  "TacticGroup": "Exfiltration", 
  "Technique": "T1041", 
  "Technique_Name": "Exfiltration Over Command and Control Channel"
}
{
  "Detection": [
    "Technique", 
    "Telemetry"
  ], 
  "DetectionModifiers": [], 
  "DetectionText": [
    "A Technique detection named \"Suspicious script interpreter started - cmd\" (Warning) was generated when wscript.exe spawned cmd.exe.", 
    ""
  ], 
  "Procedure": "wscript.exe spawns cmd.exe", 
  "Step": "3.A.1", 
  "TacticGroup": "Execution", 
  "Technique": "T1059", 
  "Technique_Name": "Command and Scripting Interpreter"
}
{
  "Detection": [
    "Telemetry", 
    "Technique"
  ], 
  "DetectionModifiers": [], 
  "DetectionText": [
    "", 
    "A Technique detection named \"Medium-size Registry value set\" (Information) was generated when cmd.exe spawned reg.exe to add a value to the registry key."
  ], 
  "Procedure": "cmd.exe spawns reg.exe to add a value under HKCU\\Software\\InternetExplorer\\AppDataLow\\Software\\Microsoft\\InternetExplorer", 
  "Step": "3.A.2", 
  "TacticGroup": "Defense Evasion", 
  "Technique": "T1112", 
  "Technique_Name": "Modify Registry"
}
{
  "Detection": [
    "Telemetry"
  ], 
  "DetectionModifiers": [], 
  "DetectionText": [
    ""
  ], 
  "Procedure": "Value added to Registry is base64 encoded", 
  "Step": "3.A.3", 
  "TacticGroup": "Defense Evasion", 
  "Technique": "T1027", 
  "Technique_Name": "Obfuscated Files or Information"
}
{
  "Detection": [
    "Telemetry"
  ], 
  "DetectionModifiers": [], 
  "DetectionText": [
    ""
  ], 
  "Procedure": "wscript.exe downloads LanCradDriver.ps1 from 192.168.0.4", 
  "Step": "3.B.1", 
  "TacticGroup": "Command and Control", 
  "Technique": "T1105", 
  "Technique_Name": "Ingress Tool Transfer"
}
{
  "Detection": [
    "Telemetry", 
    "Technique"
  ], 
  "DetectionModifiers": [], 
  "DetectionText": [
    "", 
    "A Technique detection named \"Suspicious script interpreter started - cmd\" (Warning) was generated when wscript.exe spawned cmd.exe."
  ], 
  "Procedure": "wscript.exe spawns cmd.exe", 
  "Step": "3.B.2", 
  "TacticGroup": "Execution", 
  "Technique": "T1059", 
  "Technique_Name": "Command and Scripting Interpreter"
}
{
  "Detection": [
    "Telemetry", 
    "Technique", 
    "Technique"
  ], 
  "DetectionModifiers": [
    "Configuration Change (Detection Logic)"
  ], 
  "DetectionText": [
    "", 
    "A Technique detection named \"Suspicious script interpreter process tree - Microsoft Office\" (Warning) was generated when a script interpreter (powershell.exe) was spawned with an ancestor MS Office application (winword.exe).", 
    "A Technique detection named \"Cmd.exe executed PowerShell\" (Information) was generated when cmd.exe spawned powershell.exe."
  ], 
  "Procedure": "cmd.exe spawns powershell.exe", 
  "Step": "3.B.3", 
  "TacticGroup": "Execution", 
  "Technique": "T1059", 
  "Technique_Name": "Command and Scripting Interpreter"
}
{
  "Detection": [
    "Technique", 
    "Telemetry"
  ], 
  "DetectionModifiers": [], 
  "DetectionText": [
    "A Technique detection named \"Query registry via PowerShell\" (Information) was generated when powershell.exe read HKCU\\Software\\InternetExplorer\\AppDataLow\\Software\\Microsoft\\InternetExplorer via Get-ItemProperty.", 
    ""
  ], 
  "Procedure": "powershell.exe reads HKCU\\Software\\InternetExplorer\\AppDataLow\\Software\\Microsoft\\InternetExplorer via Get-ItemProperty", 
  "Step": "3.B.4", 
  "TacticGroup": "Discovery", 
  "Technique": "T1012", 
  "Technique_Name": "Query Registry"
}
{
  "Detection": [
    "Telemetry"
  ], 
  "DetectionModifiers": [], 
  "DetectionText": [
    ""
  ], 
  "Procedure": "powershell.exe decrypts, decompresses, and base64 decodes the Registry value into plaintext shellcode", 
  "Step": "3.B.5", 
  "TacticGroup": "Defense Evasion", 
  "Technique": "T1140", 
  "Technique_Name": "Deobfuscate/Decode Files or Information"
}
{
  "Detection": [
    "General", 
    "Telemetry", 
    "Technique"
  ], 
  "DetectionModifiers": [
    "Configuration Change (Detection Logic)"
  ], 
  "DetectionText": [
    "A General detection named \"PowerShell/Rozena.BI\" (Threat) was generated when shellcode was detected in the memory of the powershell.exe process.", 
    "", 
    "A Technique detection named \"Suspicious PowerShell script - CreateThread API\" (Warning) was generated when powershell.exe executed the shellcode from the Registry by calling the CreateThread() API."
  ], 
  "Procedure": "powershell.exe executes the shellcode from the Registry by calling the CreateThread() API", 
  "Step": "3.B.6", 
  "TacticGroup": "Execution", 
  "Technique": "T1106", 
  "Technique_Name": "Native API"
}
{
  "Detection": [
    "General", 
    "Telemetry"
  ], 
  "DetectionModifiers": [], 
  "DetectionText": [
    "A General detection named \"Win32/RiskWare.Meterpreter.A\" (Threat) was generated when powershell.exe network traffic was identified as Meterpreter.", 
    ""
  ], 
  "Procedure": "powershell.exe transmits data to 192.168.0.4 over TCP", 
  "Step": "3.B.7", 
  "TacticGroup": "Command and Control", 
  "Technique": "T1095", 
  "Technique_Name": "Non-Application Layer Protocol"
}
{
  "Detection": [
    "None"
  ], 
  "DetectionModifiers": [], 
  "DetectionText": [
    "Minimum detection criteria was not met for this procedure."
  ], 
  "Procedure": "powershell.exe calls the FindFirstFileW() and FindNextFileW() APIs", 
  "Step": "4.A.1", 
  "TacticGroup": "Discovery", 
  "Technique": "T1083", 
  "Technique_Name": "File and Directory Discovery"
}
{
  "Detection": [
    "General", 
    "Telemetry", 
    "Tactic"
  ], 
  "DetectionModifiers": [], 
  "DetectionText": [
    "A General detection named \"PowerShell/RiskWare.PowerSploit.D\" (Threat) was generated when PowerSploit malware was identified.", 
    "", 
    "A Tactic detection named \"PowerView cmdlet in AMSI\" (Warning) was generated when powershell.exe executed Get-NetComputer to query LDAP (port 389) via a network connection to 10.0.0.4."
  ], 
  "Procedure": "powershell.exe executes Get-NetComputer to query LDAP (port 389) via a network connection to 10.0.0.4", 
  "Step": "4.A.2", 
  "TacticGroup": "Discovery", 
  "Technique": "T1018", 
  "Technique_Name": "Remote System Discovery"
}
{
  "Detection": [
    "General", 
    "Telemetry"
  ], 
  "DetectionModifiers": [], 
  "DetectionText": [
    "A General detection named \"PowerShell/RiskWare.PowerSploit.D\" (Threat) was generated when PowerSploit malware was identified.", 
    ""
  ], 
  "Procedure": "powershell.exe executes Find-LocalAdminAccess, which attempts a DCOM/RPC (port 135) connection to multiple hosts to check for access", 
  "Step": "4.A.3", 
  "TacticGroup": "Credential Access", 
  "Technique": "T1110", 
  "Technique_Name": "Brute Force"
}
{
  "Detection": [
    "Telemetry"
  ], 
  "DetectionModifiers": [], 
  "DetectionText": [
    ""
  ], 
  "Procedure": "powershell.exe successfully logs in to host 10.0.0.4 or 10.0.0.5 as user kmitnick", 
  "Step": "4.A.4", 
  "TacticGroup": "Persistence", 
  "Technique": "T1078", 
  "Technique_Name": "Valid Accounts"
}
{
  "Detection": [
    "Telemetry"
  ], 
  "DetectionModifiers": [], 
  "DetectionText": [
    ""
  ], 
  "Procedure": "powershell.exe downloads rad353F7.ps1 from 192.168.0.4", 
  "Step": "4.B.1", 
  "TacticGroup": "Command and Control", 
  "Technique": "T1105", 
  "Technique_Name": "Ingress Tool Transfer"
}
{
  "Detection": [
    "Telemetry", 
    "General", 
    "General"
  ], 
  "DetectionModifiers": [], 
  "DetectionText": [
    "", 
    "A General detection named \"smrs.exe\" (Threat) was generated when smrs.exe was flagged as a threat for low popularity.", 
    "A General detection named \"PowerShell has dropped a suspicious executable\" (Warning) was generated when powershell.exe dropped smrs.exe from a remote source."
  ], 
  "Procedure": "powershell.exe downloads smrs.exe from 192.168.0.4", 
  "Step": "4.B.2", 
  "TacticGroup": "Command and Control", 
  "Technique": "T1105", 
  "Technique_Name": "Ingress Tool Transfer"
}
{
  "Detection": [
    "Telemetry"
  ], 
  "DetectionModifiers": [], 
  "DetectionText": [
    ""
  ], 
  "Procedure": "powershell.exe executes rad353F7.ps1", 
  "Step": "4.B.3", 
  "TacticGroup": "Execution", 
  "Technique": "T1059", 
  "Technique_Name": "Command and Scripting Interpreter"
}
{
  "Detection": [
    "Telemetry"
  ], 
  "DetectionModifiers": [], 
  "DetectionText": [
    ""
  ], 
  "Procedure": "powershell.exe adds a value under HKCU:\\Software\\Classes\\ms-settings\\shell\\open\\command via New-Item and New-ItemProperty", 
  "Step": "4.B.4", 
  "TacticGroup": "Defense Evasion", 
  "Technique": "T1112", 
  "Technique_Name": "Modify Registry"
}
{
  "Detection": [
    "Telemetry", 
    "Technique", 
    "Technique"
  ], 
  "DetectionModifiers": [
    "Configuration Change (Detection Logic)", 
    "Configuration Change (Detection Logic)"
  ], 
  "DetectionText": [
    "", 
    "A Technique detection named \"Possible UAC bypass\" (Warning) was generated when fodhelper.exe spawned cmd.exe as a high-integrity process.", 
    "A Technique detection named \"UAC bypass registry modifications\" (Warning) was generated when powershell.exe modified a Registry value to facilitate UAC bypass."
  ], 
  "Procedure": "fodhelper.exe spawns cmd.exe as a high-integrity process (note: Due to the configuration of the environment, the adversary's process was high by default. This sub-step was evaluated based on the criteria of detecting data related to process integrity level as well as the executed mechanics of the UAC bypass)", 
  "Step": "4.B.5", 
  "TacticGroup": "Privilege Escalation", 
  "Technique": "T1548", 
  "Technique_Name": "Abuse Elevation Control Mechanism"
}
{
  "Detection": [
    "Telemetry"
  ], 
  "DetectionModifiers": [], 
  "DetectionText": [
    ""
  ], 
  "Procedure": "cmd.exe spawns smrs.exe", 
  "Step": "4.B.6", 
  "TacticGroup": "Execution", 
  "Technique": "T1059", 
  "Technique_Name": "Command and Scripting Interpreter"
}
{
  "Detection": [
    "Technique", 
    "General", 
    "General", 
    "Telemetry", 
    "Technique"
  ], 
  "DetectionModifiers": [], 
  "DetectionText": [
    "A Technique detection named \"Potential Credential Dumping - Mimikatz\" (Warning) was generated when smrs.exe accessed lsass.exe in a similar way to Mimikatz.", 
    "A General detection named \"Win64/Riskware.Mimikatz.D\" (Threat) was generated when smrs.exe was detected as Mimikatz.", 
    "A General detection named \"Unpopular process has started from AppData\\ProgramData\" (Information) was generated when smrs.exe was launched from AppData\\ProgramData.", 
    "", 
    "A Technique detection named \"Potential Credential Dumping - Generic\" (Warning) was generated when smrs.exe accessed lsass.exe."
  ], 
  "Procedure": "smrs.exe opens and reads lsass.exe", 
  "Step": "4.B.7", 
  "TacticGroup": "Credential Access", 
  "Technique": "T1003", 
  "Technique_Name": "OS Credential Dumping"
}
{
  "Detection": [
    "Telemetry"
  ], 
  "DetectionModifiers": [], 
  "DetectionText": [
    ""
  ], 
  "Procedure": "powershell.exe downloads pscp.exe from 192.168.0.4", 
  "Step": "5.A.1", 
  "TacticGroup": "Command and Control", 
  "Technique": "T1105", 
  "Technique_Name": "Ingress Tool Transfer"
}
{
  "Detection": [
    "Telemetry"
  ], 
  "DetectionModifiers": [], 
  "DetectionText": [
    ""
  ], 
  "Procedure": "powershell.exe downloads psexec.py from 192.168.0.4", 
  "Step": "5.A.2", 
  "TacticGroup": "Command and Control", 
  "Technique": "T1105", 
  "Technique_Name": "Ingress Tool Transfer"
}
{
  "Detection": [
    "Telemetry"
  ], 
  "DetectionModifiers": [], 
  "DetectionText": [
    ""
  ], 
  "Procedure": "powershell.exe downloads runtime from 192.168.0.4", 
  "Step": "5.A.3", 
  "TacticGroup": "Command and Control", 
  "Technique": "T1105", 
  "Technique_Name": "Ingress Tool Transfer"
}
{
  "Detection": [
    "Telemetry"
  ], 
  "DetectionModifiers": [], 
  "DetectionText": [
    ""
  ], 
  "Procedure": "powershell.exe downloads plink.exe from 192.168.0.4", 
  "Step": "5.A.4", 
  "TacticGroup": "Command and Control", 
  "Technique": "T1105", 
  "Technique_Name": "Ingress Tool Transfer"
}
{
  "Detection": [
    "Telemetry"
  ], 
  "DetectionModifiers": [], 
  "DetectionText": [
    ""
  ], 
  "Procedure": "powershell.exe downloads tiny.exe from 192.168.0.4", 
  "Step": "5.A.5", 
  "TacticGroup": "Command and Control", 
  "Technique": "T1105", 
  "Technique_Name": "Ingress Tool Transfer"
}
{
  "Detection": [
    "Telemetry", 
    "Technique"
  ], 
  "DetectionModifiers": [], 
  "DetectionText": [
    "", 
    "A Technique detection named \"Suspicious script interpreted started - cmd\" (Warning) was generated when powershell.exe spawned cmd.exe."
  ], 
  "Procedure": "powershell.exe spawns cmd.exe", 
  "Step": "5.A.6", 
  "TacticGroup": "Execution", 
  "Technique": "T1059", 
  "Technique_Name": "Command and Scripting Interpreter"
}
{
  "Detection": [
    "N/A"
  ], 
  "DetectionModifiers": [], 
  "DetectionText": [
    "No sensor was deployed on the system to capture activity which would have been required to satisfy the detection criteria of the technique under test."
  ], 
  "Procedure": "Pscp.exe connects over SCP (port 22) to 10.0.0.7", 
  "Step": "5.A.7", 
  "TacticGroup": "Lateral Movement", 
  "Technique": "T1021", 
  "Technique_Name": "Remote Services"
}
{
  "Detection": [
    "N/A"
  ], 
  "DetectionModifiers": [], 
  "DetectionText": [
    "No sensor was deployed on the system to capture activity which would have been required to satisfy the detection criteria of the technique under test."
  ], 
  "Procedure": "User kmitnick logs on to bankfileserver (10.0.0.7)", 
  "Step": "5.A.8", 
  "TacticGroup": "Persistence", 
  "Technique": "T1078", 
  "Technique_Name": "Valid Accounts"
}
{
  "Detection": [
    "N/A"
  ], 
  "DetectionModifiers": [], 
  "DetectionText": [
    "No sensor was deployed on the system to capture activity which would have been required to satisfy the detection criteria of the technique under test."
  ], 
  "Procedure": "Pscp.exe copies psexec.py to 10.0.0.7", 
  "Step": "5.A.9", 
  "TacticGroup": "Lateral Movement", 
  "Technique": "T1570", 
  "Technique_Name": "Lateral Tool Transfer"
}
{
  "Detection": [
    "N/A"
  ], 
  "DetectionModifiers": [], 
  "DetectionText": [
    "No sensor was deployed on the system to capture activity which would have been required to satisfy the detection criteria of the technique under test."
  ], 
  "Procedure": "Pscp.exe copies runtime to 10.0.0.7", 
  "Step": "5.A.10", 
  "TacticGroup": "Lateral Movement", 
  "Technique": "T1570", 
  "Technique_Name": "Lateral Tool Transfer"
}
{
  "Detection": [
    "N/A"
  ], 
  "DetectionModifiers": [], 
  "DetectionText": [
    "No sensor was deployed on the system to capture activity which would have been required to satisfy the detection criteria of the technique under test."
  ], 
  "Procedure": "Pscp.exe copies tiny.exe to 10.0.0.7", 
  "Step": "5.A.11", 
  "TacticGroup": "Lateral Movement", 
  "Technique": "T1570", 
  "Technique_Name": "Lateral Tool Transfer"
}
{
  "Detection": [
    "N/A"
  ], 
  "DetectionModifiers": [], 
  "DetectionText": [
    "No sensor was deployed on the system to capture activity which would have been required to satisfy the detection criteria of the technique under test."
  ], 
  "Procedure": "plink.exe connects over SSH (port 22) to 10.0.0.7", 
  "Step": "5.B.1", 
  "TacticGroup": "Lateral Movement", 
  "Technique": "T1021", 
  "Technique_Name": "Remote Services"
}
{
  "Detection": [
    "N/A"
  ], 
  "DetectionModifiers": [], 
  "DetectionText": [
    "No sensor was deployed on the system to capture activity which would have been required to satisfy the detection criteria of the technique under test."
  ], 
  "Procedure": "User kmitnick logs on to bankfileserver (10.0.0.7)", 
  "Step": "5.B.2", 
  "TacticGroup": "Persistence", 
  "Technique": "T1078", 
  "Technique_Name": "Valid Accounts"
}
{
  "Detection": [
    "N/A"
  ], 
  "DetectionModifiers": [], 
  "DetectionText": [
    "No sensor was deployed on the system to capture activity which would have been required to satisfy the detection criteria of the technique under test."
  ], 
  "Procedure": "User kmitnick executes ps ax", 
  "Step": "5.B.3", 
  "TacticGroup": "Discovery", 
  "Technique": "T1057", 
  "Technique_Name": "Process Discovery"
}
{
  "Detection": [
    "N/A"
  ], 
  "DetectionModifiers": [], 
  "DetectionText": [
    "No sensor was deployed on the system to capture activity which would have been required to satisfy the detection criteria of the technique under test."
  ], 
  "Procedure": "User kmitnick executes ls -lsahR /var/", 
  "Step": "5.B.4", 
  "TacticGroup": "Discovery", 
  "Technique": "T1083", 
  "Technique_Name": "File and Directory Discovery"
}
{
  "Detection": [
    "N/A"
  ], 
  "DetectionModifiers": [], 
  "DetectionText": [
    "No sensor was deployed on the system to capture activity which would have been required to satisfy the detection criteria of the technique under test."
  ], 
  "Procedure": "User kmitnick reads network-diagram-financial.xml via cat", 
  "Step": "5.B.5", 
  "TacticGroup": "Collection", 
  "Technique": "T1005", 
  "Technique_Name": "Data from Local System"
}
{
  "Detection": [
    "N/A"
  ], 
  "DetectionModifiers": [], 
  "DetectionText": [
    "No sensor was deployed on the system to capture activity which would have been required to satisfy the detection criteria of the technique under test."
  ], 
  "Procedure": "User kmitnick reads help-desk-ticket.txt via cat", 
  "Step": "5.B.6", 
  "TacticGroup": "Collection", 
  "Technique": "T1005", 
  "Technique_Name": "Data from Local System"
}
{
  "Detection": [
    "N/A"
  ], 
  "DetectionModifiers": [], 
  "DetectionText": [
    "No sensor was deployed on the system to capture activity which would have been required to satisfy the detection criteria of the technique under test."
  ], 
  "Procedure": "User kmitnick enumerates the domain controller via nslookup, which queries for the DC (10.0.0.4) over DNS (port 53)", 
  "Step": "5.B.7", 
  "TacticGroup": "Discovery", 
  "Technique": "T1018", 
  "Technique_Name": "Remote System Discovery"
}
{
  "Detection": [
    "None"
  ], 
  "DetectionModifiers": [], 
  "DetectionText": [
    "Minimum detection criteria was not met for this procedure."
  ], 
  "Procedure": "psexec.py creates a logon to 10.0.0.4 as user kmitnick", 
  "Step": "5.C.1", 
  "TacticGroup": "Lateral Movement", 
  "Technique": "T1550", 
  "Technique_Name": "Use Alternate Authentication Material"
}
{
  "Detection": [
    "Telemetry"
  ], 
  "DetectionModifiers": [], 
  "DetectionText": [
    ""
  ], 
  "Procedure": "psexec.py connects to SMB shares on 10.0.0.4", 
  "Step": "5.C.2", 
  "TacticGroup": "Lateral Movement", 
  "Technique": "T1021", 
  "Technique_Name": "Remote Services"
}
{
  "Detection": [
    "General", 
    "Technique", 
    "Telemetry"
  ], 
  "DetectionModifiers": [], 
  "DetectionText": [
    "A General detection named \"Win32/RiskWare.RemoteAdmin.Remote.Exec.AC\" (Threat) was generated when the service executable in C:\\Windows\\ was detected as remote execution malware.", 
    "A Technique detection named \"Suspicious service executed\" (Warning) was generated when cmd.exe spawned from a service executable in C:\\Windows\\.", 
    ""
  ], 
  "Procedure": "cmd.exe spawns from a service executable in C:\\Windows\\", 
  "Step": "5.C.3", 
  "TacticGroup": "Execution", 
  "Technique": "T1569", 
  "Technique_Name": "System Services"
}
{
  "Detection": [
    "Telemetry"
  ], 
  "DetectionModifiers": [], 
  "DetectionText": [
    ""
  ], 
  "Procedure": "tiny.exe is created on 10.0.0.4", 
  "Step": "5.C.4", 
  "TacticGroup": "Lateral Movement", 
  "Technique": "T1570", 
  "Technique_Name": "Lateral Tool Transfer"
}
{
  "Detection": [
    "Telemetry"
  ], 
  "DetectionModifiers": [], 
  "DetectionText": [
    ""
  ], 
  "Procedure": "cmd.exe spawns tiny.exe", 
  "Step": "5.C.5", 
  "TacticGroup": "Execution", 
  "Technique": "T1059", 
  "Technique_Name": "Command and Scripting Interpreter"
}
{
  "Detection": [
    "General", 
    "General"
  ], 
  "DetectionModifiers": [], 
  "DetectionText": [
    "A General detection named \"Win64/RiskWare.Meterpreter.K\" (Threat) was generated when tiny.exe was detected as Meterpreter.", 
    "A General detection named \"Win32/RiskWare.Meterpreter.A\" (Threat) was generated when network traffic from tiny.exe was detected as Meterpreter."
  ], 
  "Procedure": "tiny.exe loads shellcode from network connection into memory", 
  "Step": "5.C.6", 
  "TacticGroup": "Defense Evasion", 
  "Technique": "T1140", 
  "Technique_Name": "Deobfuscate/Decode Files or Information"
}
{
  "Detection": [
    "Telemetry", 
    "Technique"
  ], 
  "DetectionModifiers": [
    "Configuration Change (Detection Logic)"
  ], 
  "DetectionText": [
    "", 
    "A Technique detection named \"PowerShell engine dll loaded in non-PowerShell process\" (Warning) was generated when a PowerShell engine DLL (system.management.automation.dll) was loaded by tiny.exe."
  ], 
  "Procedure": "tiny.exe loads system.management.automation.dll", 
  "Step": "6.A.1", 
  "TacticGroup": "Execution", 
  "Technique": "T1059", 
  "Technique_Name": "Command and Scripting Interpreter"
}
{
  "Detection": [
    "Telemetry", 
    "Technique"
  ], 
  "DetectionModifiers": [], 
  "DetectionText": [
    "", 
    "A Technique detection named \"Remote system discovery via PowerShell\" (Information) was generated when PowerShell executed Get-ADComputer."
  ], 
  "Procedure": "PowerShell executes Get-ADComputer", 
  "Step": "6.A.2", 
  "TacticGroup": "Discovery", 
  "Technique": "T1018", 
  "Technique_Name": "Remote System Discovery"
}
{
  "Detection": [
    "General", 
    "Telemetry", 
    "Technique"
  ], 
  "DetectionModifiers": [], 
  "DetectionText": [
    "A General detection named \"PowerShell/RiskWare.PowerSploit.D\" (Threat) was generated when PowerSploit malware was identified.", 
    "", 
    "A Technique detection named \"PowerView cmdlet name in AMSI\" (Warning) was generated when a PowerView cmdlet (Get-NetUser) was identified in memory."
  ], 
  "Procedure": "PowerShell executes Get-NetUser", 
  "Step": "6.A.3", 
  "TacticGroup": "Discovery", 
  "Technique": "T1087", 
  "Technique_Name": "Account Discovery"
}
{
  "Detection": [
    "Telemetry"
  ], 
  "DetectionModifiers": [], 
  "DetectionText": [
    ""
  ], 
  "Procedure": "tiny.exe downloads plink.exe from 192.168.0.4", 
  "Step": "7.A.1", 
  "TacticGroup": "Command and Control", 
  "Technique": "T1105", 
  "Technique_Name": "Ingress Tool Transfer"
}
{
  "Detection": [
    "Telemetry", 
    "Technique"
  ], 
  "DetectionModifiers": [], 
  "DetectionText": [
    "", 
    "A Technique detection named \"Command prompt with unpopular parent process\" (Information) was generated when cmd.exe was spawned from an unpopular parent process tiny.exe."
  ], 
  "Procedure": "tiny.exe spawns cmd.exe", 
  "Step": "7.A.2", 
  "TacticGroup": "Execution", 
  "Technique": "T1059", 
  "Technique_Name": "Command and Scripting Interpreter"
}
{
  "Detection": [
    "Telemetry", 
    "Technique"
  ], 
  "DetectionModifiers": [], 
  "DetectionText": [
    "", 
    "A Technique detection named \"Process communication over potentially Suspicious protocol - detected SSH communication\" (Warning) was generated when plink.exe exchanged data with 192.168.0.4 over SSH protocol."
  ], 
  "Procedure": "plink.exe transmits data to 192.168.0.4 over SSH protocol", 
  "Step": "7.A.3", 
  "TacticGroup": "Command and Control", 
  "Technique": "T1071", 
  "Technique_Name": "Application Layer Protocol"
}
{
  "Detection": [
    "Telemetry", 
    "Technique"
  ], 
  "DetectionModifiers": [], 
  "DetectionText": [
    "", 
    "A Technique detection named \"Remote user login\" (Information) was generated when user kmitnick logged on to bankdc (10.0.0.4)."
  ], 
  "Procedure": "User kmitnick logs on to bankdc (10.0.0.4)", 
  "Step": "7.A.4", 
  "TacticGroup": "Defense Evasion", 
  "Technique": "T1078", 
  "Technique_Name": "Valid Accounts"
}
{
  "Detection": [
    "Telemetry", 
    "Technique"
  ], 
  "DetectionModifiers": [], 
  "DetectionText": [
    "", 
    "A Technique detection named \"Process communicating over potentially Suspicious Protocol - detected RDP communication\" (Information) was generated when an RDP session was created from localhost over port 3389."
  ], 
  "Procedure": "RDP session from the localhost over TCP port 3389", 
  "Step": "7.A.5", 
  "TacticGroup": "Lateral Movement", 
  "Technique": "T1021", 
  "Technique_Name": "Remote Services"
}
{
  "Detection": [
    "Technique", 
    "Telemetry"
  ], 
  "DetectionModifiers": [], 
  "DetectionText": [
    "A Technique detection named \"System Owner/User Discovery\" (Information) was generated when powershell.exe executed qwinsta /server:cfo.", 
    ""
  ], 
  "Procedure": "powershell.exe executes qwinsta /server:cfo", 
  "Step": "7.B.1", 
  "TacticGroup": "Discovery", 
  "Technique": "T1033", 
  "Technique_Name": "System Owner/User Discovery"
}
{
  "Detection": [
    "Telemetry", 
    "Technique"
  ], 
  "DetectionModifiers": [], 
  "DetectionText": [
    "", 
    "A Technique detection named \"Remote user login\" (Information) was generated when user kmitnick logged on to cfo (10.0.0.5)."
  ], 
  "Procedure": "User kmitnick logs on to cfo (10.0.0.5)", 
  "Step": "7.B.2", 
  "TacticGroup": "Persistence", 
  "Technique": "T1078", 
  "Technique_Name": "Valid Accounts"
}
{
  "Detection": [
    "Technique", 
    "Telemetry"
  ], 
  "DetectionModifiers": [], 
  "DetectionText": [
    "A Technique detection named \"Process communicating over potentially Suspicious Protocol - detected RDP communication\" (Warning) was generated when an RDP session was created from bankdc (10.0.0.4) to cfo (10.0.0.5) over port 3389.", 
    ""
  ], 
  "Procedure": "RDP session from 10.0.0.4 to 10.0.0.5 over TCP port 3389", 
  "Step": "7.B.3", 
  "TacticGroup": "Lateral Movement", 
  "Technique": "T1021", 
  "Technique_Name": "Remote Services"
}
{
  "Detection": [
    "General", 
    "Telemetry", 
    "Tactic"
  ], 
  "DetectionModifiers": [], 
  "DetectionText": [
    "A General detection named \"Win64/Riskware.Meterpreter.B\" (Threat) was generated when Java-Update.exe was identified as Meterpreter.", 
    "", 
    "A Tactic detection named \"Process communicating over potentially Suspicious Protocol - detected SSH communication\" (Warning) was generated when scp.exe downloaded Java-Update.exe from 192.168.0.4."
  ], 
  "Procedure": "scp.exe downloads Java-Update.exe from 192.168.0.4", 
  "Step": "7.C.1", 
  "TacticGroup": "Command and Control", 
  "Technique": "T1105", 
  "Technique_Name": "Ingress Tool Transfer"
}
{
  "Detection": [
    "None"
  ], 
  "DetectionModifiers": [], 
  "DetectionText": [
    "Minimum detection criteria was not met for this procedure."
  ], 
  "Procedure": "dir lists the contents of C:\\Users\\Public", 
  "Step": "7.C.2", 
  "TacticGroup": "Discovery", 
  "Technique": "T1083", 
  "Technique_Name": "File and Directory Discovery"
}
{
  "Detection": [
    "Telemetry"
  ], 
  "DetectionModifiers": [], 
  "DetectionText": [
    ""
  ], 
  "Procedure": "cmd.exe downloads Java-Update.vbs from 192.168.0.4", 
  "Step": "7.C.3", 
  "TacticGroup": "Command and Control", 
  "Technique": "T1105", 
  "Technique_Name": "Ingress Tool Transfer"
}
{
  "Detection": [
    "Technique", 
    "Telemetry"
  ], 
  "DetectionModifiers": [], 
  "DetectionText": [
    "A Technique detection named \"Common AutoStart registry modified by reg.exe\" (Information) was generated when reg.exe was used to modify a common Autostart Registry key.", 
    ""
  ], 
  "Procedure": "Java-Update subkey is added to HKLM\\Software\\Microsoft\\Windows\\CurrentVersion\\Run", 
  "Step": "7.C.4", 
  "TacticGroup": "Persistence", 
  "Technique": "T1547", 
  "Technique_Name": "Boot or Logon Autostart Execution"
}
{
  "Detection": [
    "Technique", 
    "Telemetry", 
    "Technique"
  ], 
  "DetectionModifiers": [], 
  "DetectionText": [
    "A Technique detection named \"Wscript.exe executed a process\" (Warning) was generated when wscript.exe spawned Java-Update.exe.", 
    "", 
    "A Technique detection named \"Explorer.exe executed script process\" (Warning) was generated when explorer.exe spawned wscript.exe, which spawned Java-Update.exe."
  ], 
  "Procedure": "wscript.exe spawns Java-Update.exe", 
  "Step": "8.A.1", 
  "TacticGroup": "Execution", 
  "Technique": "T1059", 
  "Technique_Name": "Command and Scripting Interpreter"
}
{
  "Detection": [
    "General", 
    "Telemetry"
  ], 
  "DetectionModifiers": [], 
  "DetectionText": [
    "A General detection named \"Win32/RiskWare.Meterpreter.M\" (Threat) was generated when Java-Update.exe network traffic was identified as Meterpreter.", 
    ""
  ], 
  "Procedure": "Java-Update.exe transmits data to 192.168.0.4 over HTTPS protocol", 
  "Step": "8.A.2", 
  "TacticGroup": "Command and Control", 
  "Technique": "T1071", 
  "Technique_Name": "Application Layer Protocol"
}
{
  "Detection": [
    "Telemetry", 
    "Technique"
  ], 
  "DetectionModifiers": [], 
  "DetectionText": [
    "", 
    "A Technique detection named \"Protocol Mismatch - SSL communication, non-standard port, unpopular process\" (Warning) was generated when Java-Update.exe exchanged data with 192.168.0.4 over SSL on port 80."
  ], 
  "Procedure": "Java-Update.exe transmits data to 192.168.0.4 over HTTPS protocol", 
  "Step": "8.A.3", 
  "TacticGroup": "Command and Control", 
  "Technique": "T1573", 
  "Technique_Name": "Encrypted Channel"
}
{
  "Detection": [
    "General", 
    "Telemetry"
  ], 
  "DetectionModifiers": [], 
  "DetectionText": [
    "A General detection named \"Suspicious executable with .exe extension was dropped\" (Warning) was generated when Java-Update.exe downloaded DefenderUpgradeExec.exe from 192.168.0.4.", 
    ""
  ], 
  "Procedure": "Java-Update.exe downloads DefenderUpgradeExec.exe from 192.168.0.4", 
  "Step": "9.A.1", 
  "TacticGroup": "Command and Control", 
  "Technique": "T1105", 
  "Technique_Name": "Ingress Tool Transfer"
}
{
  "Detection": [
    "None"
  ], 
  "DetectionModifiers": [], 
  "DetectionText": [
    "Minimum detection criteria was not met for this procedure."
  ], 
  "Procedure": "DefenderUpgradeExec.exe calls the SetWindowsHookEx API", 
  "Step": "9.A.2", 
  "TacticGroup": "Credential Access", 
  "Technique": "T1056", 
  "Technique_Name": "Input Capture"
}
{
  "Detection": [
    "Telemetry", 
    "Technique", 
    "Technique"
  ], 
  "DetectionModifiers": [], 
  "DetectionText": [
    "", 
    "A Technique detection named \"Injection from unpopular process\" (Warning) was generated when an unpopular process (Java-Update.exe) injected into explorer.exe with CreateRemoteThread.", 
    "A Technique detection named \"Injection into trusted process\" (Warning) was generated when Java-Update.exe injected into a trusted process (explorer.exe) with CreateRemoteThread."
  ], 
  "Procedure": "Java-Update.exe injects into explorer.exe with CreateRemoteThread", 
  "Step": "9.A.3", 
  "TacticGroup": "Defense Evasion", 
  "Technique": "T1055", 
  "Technique_Name": "Process Injection"
}
{
  "Detection": [
    "None"
  ], 
  "DetectionModifiers": [], 
  "DetectionText": [
    "Minimum detection criteria was not met for this procedure."
  ], 
  "Procedure": "explorer.exe calls the CreateCompatibleBitmap API from Gdi32.dll", 
  "Step": "9.A.4", 
  "TacticGroup": "Collection", 
  "Technique": "T1113", 
  "Technique_Name": "Screen Capture"
}
{
  "Detection": [
    "None"
  ], 
  "DetectionModifiers": [], 
  "DetectionText": [
    "Minimum detection criteria was not met for this procedure."
  ], 
  "Procedure": "explorer.exe reads C:\\Users\\jsmith\\AppData\\Local\\Temp\\Klog2.txt over to 192.168.0.4", 
  "Step": "9.A.5", 
  "TacticGroup": "Collection", 
  "Technique": "T1005", 
  "Technique_Name": "Data from Local System"
}
{
  "Detection": [
    "Telemetry"
  ], 
  "DetectionModifiers": [], 
  "DetectionText": [
    ""
  ], 
  "Procedure": "explorer.exe downloads infosMin48.exe from 192.168.0.4", 
  "Step": "9.B.1", 
  "TacticGroup": "Command and Control", 
  "Technique": "T1105", 
  "Technique_Name": "Ingress Tool Transfer"
}
{
  "Detection": [
    "Technique", 
    "Telemetry"
  ], 
  "DetectionModifiers": [
    "Configuration Change (Detection Logic)", 
    "Configuration Change (Data Sources)", 
    "Configuration Change (Data Sources)"
  ], 
  "DetectionText": [
    "A Technique detection named \"Potential credentials theft from Windows Credential Vault\" (Warning) was generated when infosMin48.exe loaded vaultcli.dll.", 
    ""
  ], 
  "Procedure": "infosMin48.exe calls the VaultEnumerateItems API from vaultcli.dll", 
  "Step": "9.B.2", 
  "TacticGroup": "Credential Access", 
  "Technique": "T1555", 
  "Technique_Name": "Credentials from Password Stores"
}
{
  "Detection": [
    "Technique", 
    "Telemetry"
  ], 
  "DetectionModifiers": [], 
  "DetectionText": [
    "A Technique detection named \"File deletion via PowerShell\" (Information) was generated when powershell.exe deleted files from C:\\Users\\jsmith\\AppData\\Local\\Temp\\ via Remove-Item.", 
    ""
  ], 
  "Procedure": "powershell.exe deletes files from C:\\Users\\jsmith\\AppData\\Local\\Temp\\", 
  "Step": "9.B.3", 
  "TacticGroup": "Defense Evasion", 
  "Technique": "T1070", 
  "Technique_Name": "Indicator Removal on Host"
}
{
  "Detection": [
    "Telemetry"
  ], 
  "DetectionModifiers": [], 
  "DetectionText": [
    ""
  ], 
  "Procedure": "explorer.exe downloads tightvnc-2.8.27-gpl-setup-64bit.msi from 192.168.0.4", 
  "Step": "10.A.1", 
  "TacticGroup": "Command and Control", 
  "Technique": "T1105", 
  "Technique_Name": "Ingress Tool Transfer"
}
{
  "Detection": [
    "Telemetry"
  ], 
  "DetectionModifiers": [], 
  "DetectionText": [
    ""
  ], 
  "Procedure": "explorer.exe downloads vnc-settings.reg from 192.168.0.4", 
  "Step": "10.A.2", 
  "TacticGroup": "Command and Control", 
  "Technique": "T1105", 
  "Technique_Name": "Ingress Tool Transfer"
}
{
  "Detection": [
    "Telemetry", 
    "Technique"
  ], 
  "DetectionModifiers": [], 
  "DetectionText": [
    "", 
    "A Technique detection named \"Netsh firewall rules manipulation\" (Information) was generated when netsh.exe added 'Service Host' rule to allow TCP port 5900 inbound."
  ], 
  "Procedure": "netsh adds Service Host rule for TCP port 5900", 
  "Step": "10.A.3", 
  "TacticGroup": "Defense Evasion", 
  "Technique": "T1562", 
  "Technique_Name": "Impair Defenses"
}
{
  "Detection": [
    "Telemetry", 
    "Technique"
  ], 
  "DetectionModifiers": [
    "Configuration Change (Detection Logic)"
  ], 
  "DetectionText": [
    "", 
    "A Technique detection named \"Common AutoStart registry modified by Ultra/Real/Tight VNC application\" (Warning) was generated when a VNC application (tvnserver.exe) modified an AutoStart Registry key."
  ], 
  "Procedure": "msiexec.exe adds the tvncontrol subkey in HKLM\\Software\\Microsoft\\CurrentVersion\\Run", 
  "Step": "10.A.4", 
  "TacticGroup": "Persistence", 
  "Technique": "T1547", 
  "Technique_Name": "Boot or Logon Autostart Execution"
}
{
  "Detection": [
    "Technique", 
    "Telemetry"
  ], 
  "DetectionModifiers": [
    "Configuration Change (Detection Logic)"
  ], 
  "DetectionText": [
    "A Technique detection named \"Reg.exe imported registry changes\" (Information) was generated when subkeys added to HKLM\\Software\\TightVNC\\Server via vnc-settings.reg.", 
    ""
  ], 
  "Procedure": "Addition of subkeys in HKLM\\Software\\TightVNC\\Server", 
  "Step": "10.A.5", 
  "TacticGroup": "Defense Evasion", 
  "Technique": "T1112", 
  "Technique_Name": "Modify Registry"
}
{
  "Detection": [
    "Telemetry"
  ], 
  "DetectionModifiers": [], 
  "DetectionText": [
    ""
  ], 
  "Procedure": "Deletion of the Java-Update subkey in HKLM\\Software\\Microsoft\\Windows\\CurrentVersion\\Run", 
  "Step": "10.A.6", 
  "TacticGroup": "Defense Evasion", 
  "Technique": "T1112", 
  "Technique_Name": "Modify Registry"
}
{
  "Detection": [
    "Technique", 
    "Telemetry", 
    "Technique", 
    "Technique"
  ], 
  "DetectionModifiers": [
    "Configuration Change (Detection Logic)"
  ], 
  "DetectionText": [
    "A Technique detection named \"VNC (Ultra/Real/Tight) application started\" (Warning) was generated when tvnserver.exe began listening for connections.", 
    "", 
    "A Technique detection named \"VNC connection from internal IP range\" (Warning) was generated when tvnserver.exe accepted a connection from 192.168.0.4 over TCP port 5900.", 
    "A Technique detection named \"Process communicating over potentially Suspicious Protocol - detected VNC communication\" (Warning) was generated when tvnserver.exe accepted a VNC connection from 192.168.0.4 over TCP port 5900."
  ], 
  "Procedure": "tvnserver.exe accepts a connection from 192.168.0.4 over TCP port 5900", 
  "Step": "10.B.1", 
  "TacticGroup": "Command and Control", 
  "Technique": "T1219", 
  "Technique_Name": "Remote Access Software"
}
{
  "Detection": [
    "Telemetry", 
    "Technique"
  ], 
  "DetectionModifiers": [
    "Configuration Change (Detection Logic)"
  ], 
  "DetectionText": [
    "", 
    "A Technique detection named \"User opened Office application\" (Information) was generated when explorer.exe spawned winword.exe when the user clicked 2-list.rtf."
  ], 
  "Procedure": "explorer.exe spawns winword.exe when user clicks 2-list.rtf", 
  "Step": "11.A.1", 
  "TacticGroup": "Execution", 
  "Technique": "T1204", 
  "Technique_Name": "User Execution"
}
{
  "Detection": [
    "General", 
    "Telemetry", 
    "General"
  ], 
  "DetectionModifiers": [], 
  "DetectionText": [
    "A General detection named \"LNK/Fin7.B\" (Threat) was generated when 2-list.rtf contained an embedded lnk payload associated with FIN7.", 
    "", 
    "A General detection named \"VBS/Kryptic.BG\" (Threat) was generated when 2-list.rtf contained embedded VB malware."
  ], 
  "Procedure": "2-list.rtf contains an embedded lnk payload that is dropped to disk", 
  "Step": "11.A.2", 
  "TacticGroup": "Defense Evasion", 
  "Technique": "T1027", 
  "Technique_Name": "Obfuscated Files or Information"
}
{
  "Detection": [
    "Technique", 
    "Telemetry"
  ], 
  "DetectionModifiers": [], 
  "DetectionText": [
    "A Technique detection named \"Mshta with inline script executed\" (Warning) was generated when mshta.exe was used to execute inline script content.", 
    ""
  ], 
  "Procedure": "winword.exe spawns mshta.exe", 
  "Step": "11.A.3", 
  "TacticGroup": "Execution", 
  "Technique": "T1218", 
  "Technique_Name": "Signed Binary Proxy Execution"
}
{
  "Detection": [
    "Telemetry", 
    "Technique", 
    "General", 
    "Technique"
  ], 
  "DetectionModifiers": [], 
  "DetectionText": [
    "", 
    "A Technique detection named \"Mshta with inline script executed\" (Warning) was generated when mshta.exe was used to execute inline script content.", 
    "A General detection named \"Possible obfuscated command line\" (Warning) was generated when mshta.exe was executed with command-line arguments that indicated obfuscation.", 
    "A Technique detection named \"MS Office application has invoked script interpreter\" (Warning) was generated when a script interpreter (mshta.exe) was spawned by an MS Office application (winword.exe) to execute VBScript."
  ], 
  "Procedure": "mshta.exe executes an embedded VBScript payload", 
  "Step": "11.A.4", 
  "TacticGroup": "Execution", 
  "Technique": "T1059", 
  "Technique_Name": "Command and Scripting Interpreter"
}
{
  "Detection": [
    "Telemetry"
  ], 
  "DetectionModifiers": [], 
  "DetectionText": [
    ""
  ], 
  "Procedure": "mshta.exe assembles text embedded within 2-list.rtf into a JS payload", 
  "Step": "11.A.5", 
  "TacticGroup": "Defense Evasion", 
  "Technique": "T1140", 
  "Technique_Name": "Deobfuscate/Decode Files or Information"
}
{
  "Detection": [
    "Telemetry", 
    "Technique"
  ], 
  "DetectionModifiers": [
    "Delayed"
  ], 
  "DetectionText": [
    "", 
    "A Technique detection named \"wscript executed under a different name\" (Warning) was generated when the original filename of Adb156.exe was identified as wscript.exe."
  ], 
  "Procedure": "mshta.exe makes a copy of the legitimate wscript.exe as Adb156.exe", 
  "Step": "11.A.6", 
  "TacticGroup": "Defense Evasion", 
  "Technique": "T1036", 
  "Technique_Name": "Masquerading"
}
{
  "Detection": [
    "General", 
    "Telemetry"
  ], 
  "DetectionModifiers": [
    "Configuration Change (Detection Logic)"
  ], 
  "DetectionText": [
    "A General detection named \"MS office application has executed verclsid\" (Warning) was generated when winword.exe spawned verclsid.exe.", 
    ""
  ], 
  "Procedure": "winword.exe spawns verclsid.exe and loads VBE7.DLL, VBEUI.DLL, and VBE7INTL.DLL", 
  "Step": "11.A.7", 
  "TacticGroup": "Execution", 
  "Technique": "T1559", 
  "Technique_Name": "Inter-Process Communication"
}
{
  "Detection": [
    "Telemetry", 
    "Technique"
  ], 
  "DetectionModifiers": [
    "Configuration Change (Data Sources)", 
    "Configuration Change (Detection Logic)"
  ], 
  "DetectionText": [
    "", 
    "A Technique detection named \"Potential task scheduling using Mshta\" (Threat) was generated when mshta.exe loaded taskschd.dll and created a scheduled task."
  ], 
  "Procedure": "mshta.exe loads taskschd.dll and creates a scheduled task to execute in 5 minutes", 
  "Step": "11.A.8", 
  "TacticGroup": "Execution", 
  "Technique": "T1053", 
  "Technique_Name": "Scheduled Task/Job"
}
{
  "Detection": [
    "Telemetry", 
    "Technique"
  ], 
  "DetectionModifiers": [
    "Configuration Change (Detection Logic)"
  ], 
  "DetectionText": [
    "", 
    "A Technique detection named \"Suspicious system process executed from a Scheduled Task\" (Warning) was generated when a previously scheduled task executed an unpopular process (Adb156.exe)."
  ], 
  "Procedure": "svchost.exe (-s Schedule) spawns Adb156.exe", 
  "Step": "12.A.1", 
  "TacticGroup": "Execution", 
  "Technique": "T1053", 
  "Technique_Name": "Scheduled Task/Job"
}
{
  "Detection": [
    "Telemetry"
  ], 
  "DetectionModifiers": [], 
  "DetectionText": [
    ""
  ], 
  "Procedure": "Adb156.exe loads scrobj.dll and executes sql-rat.js using Jscript", 
  "Step": "12.A.2", 
  "TacticGroup": "Execution", 
  "Technique": "T1059", 
  "Technique_Name": "Command and Scripting Interpreter"
}
{
  "Detection": [
    "Telemetry"
  ], 
  "DetectionModifiers": [], 
  "DetectionText": [
    ""
  ], 
  "Procedure": "Adb156.exe transmits data to 192.168.0.6 via MSSQL transactions", 
  "Step": "12.A.3", 
  "TacticGroup": "Command and Control", 
  "Technique": "T1071", 
  "Technique_Name": "Application Layer Protocol"
}
{
  "Detection": [
    "Telemetry", 
    "Technique"
  ], 
  "DetectionModifiers": [], 
  "DetectionText": [
    "", 
    "A Technique detection named \"Script interpreter queried network configuration information via WMI\" (Information) was generated when Adb156.exe made a WMI query for Win32_NetworkAdapterConfiguration."
  ], 
  "Procedure": "Adb156.exe makes a WMI query for Win32_NetworkAdapterConfiguration", 
  "Step": "12.A.4", 
  "TacticGroup": "Discovery", 
  "Technique": "T1016", 
  "Technique_Name": "System Network Configuration Discovery"
}
{
  "Detection": [
    "Telemetry", 
    "Tactic"
  ], 
  "DetectionModifiers": [], 
  "DetectionText": [
    "", 
    "A Tactic detection named \"Script interpreter queried network share/remote systems information via WMI\" (Information) was generated when Adb156.exe made a WMI query for Win32_LogicalDisk."
  ], 
  "Procedure": "Adb156.exe makes a WMI query for Win32_LogicalDisk", 
  "Step": "12.A.5", 
  "TacticGroup": "Discovery", 
  "Technique": "T1082", 
  "Technique_Name": "System Information Discovery"
}
{
  "Detection": [
    "Telemetry"
  ], 
  "DetectionModifiers": [], 
  "DetectionText": [
    ""
  ], 
  "Procedure": "Adb156.exe downloads stager.ps1 from 192.168.0.6", 
  "Step": "12.B.1", 
  "TacticGroup": "Command and Control", 
  "Technique": "T1105", 
  "Technique_Name": "Ingress Tool Transfer"
}
{
  "Detection": [
    "Telemetry", 
    "Technique"
  ], 
  "DetectionModifiers": [], 
  "DetectionText": [
    "", 
    "A Technique detection named \"Script interpreter queried processes information via WMI\" (Information) was generated when Adb156.exe made a WMI query for Win32_Process."
  ], 
  "Procedure": "Adb156.exe makes a WMI query for Win32_Process", 
  "Step": "13.A.1", 
  "TacticGroup": "Discovery", 
  "Technique": "T1057", 
  "Technique_Name": "Process Discovery"
}
{
  "Detection": [
    "Technique", 
    "Telemetry", 
    "Tactic"
  ], 
  "DetectionModifiers": [], 
  "DetectionText": [
    "A Technique detection named \"Suspicious script interpreter started - cmd\" (Warning) was generated when a suspicious script interpreter (Adb156.exe) spawned cmd.exe.", 
    "", 
    "A Tactic detection named \"Wscript.exe executed a process\" (Warning) was generated when wscript.exe (Adb156.exe) was used to execute a process (cmd.exe)."
  ], 
  "Procedure": "Adb156.exe spawns cmd.exe", 
  "Step": "13.A.2", 
  "TacticGroup": "Execution", 
  "Technique": "T1059", 
  "Technique_Name": "Command and Scripting Interpreter"
}
{
  "Detection": [
    "Telemetry", 
    "Technique"
  ], 
  "DetectionModifiers": [
    "Configuration Change (Detection Logic)"
  ], 
  "DetectionText": [
    "", 
    "A Technique detection named \"Remote System Discovery\" (Information) was generated when cmd.exe executed net view."
  ], 
  "Procedure": "cmd.exe executes net view", 
  "Step": "13.A.3", 
  "TacticGroup": "Discovery", 
  "Technique": "T1135", 
  "Technique_Name": "Network Share Discovery"
}
{
  "Detection": [
    "Telemetry", 
    "General"
  ], 
  "DetectionModifiers": [], 
  "DetectionText": [
    "", 
    "A General detection named \"Script interpreter queried system information via WMI\" (Information) was generated when Adb156.exe made a WMI query for Win32_BIOS."
  ], 
  "Procedure": "Adb156.exe makes a WMI query for Win32_BIOS", 
  "Step": "13.A.4", 
  "TacticGroup": "Defense Evasion", 
  "Technique": "T1497", 
  "Technique_Name": "Virtualization/Sandbox Evasion"
}
{
  "Detection": [
    "Telemetry", 
    "Technique"
  ], 
  "DetectionModifiers": [
    "Configuration Change (Detection Logic)"
  ], 
  "DetectionText": [
    "", 
    "A Technique detection named \"USERNAME in AMSI\" (Information) was generated when Adb156.exe queried the USERNAME environment variable."
  ], 
  "Procedure": "Adb156.exe queries the USERNAME environment variable", 
  "Step": "13.A.5", 
  "TacticGroup": "Discovery", 
  "Technique": "T1033", 
  "Technique_Name": "System Owner/User Discovery"
}
{
  "Detection": [
    "Telemetry", 
    "Technique"
  ], 
  "DetectionModifiers": [
    "Configuration Change (Detection Logic)"
  ], 
  "DetectionText": [
    "", 
    "A Technique detection named \"COMPUTERNAME in AMSI\" (Information) was generated when Adb156.exe queried the COMPUTERNAME environment variable."
  ], 
  "Procedure": "Adb156.exe queries the COMPUTERNAME environment variable", 
  "Step": "13.A.6", 
  "TacticGroup": "Discovery", 
  "Technique": "T1082", 
  "Technique_Name": "System Information Discovery"
}
{
  "Detection": [
    "Telemetry", 
    "Technique"
  ], 
  "DetectionModifiers": [], 
  "DetectionText": [
    "", 
    "A Technique detection named \"Script interpreter queried system information via WMI\" (Information) was generated when Adb156.exe made a WMI query for Win32_ComputerSystem."
  ], 
  "Procedure": "Adb156.exe makes a WMI query for Win32_ComputerSystem", 
  "Step": "13.A.8", 
  "TacticGroup": "Discovery", 
  "Technique": "T1016", 
  "Technique_Name": "System Network Configuration Discovery"
}
{
  "Detection": [
    "Technique", 
    "Telemetry"
  ], 
  "DetectionModifiers": [], 
  "DetectionText": [
    "A Technique detection named \"Script interpreter queried system information via WMI\" (Information) was generated when Adb156.exe made a WMI query for Win32_OperatingSystem.", 
    ""
  ], 
  "Procedure": "Adb156.exe makes a WMI query for Win32_OperatingSystem", 
  "Step": "13.A.9", 
  "TacticGroup": "Discovery", 
  "Technique": "T1082", 
  "Technique_Name": "System Information Discovery"
}
{
  "Detection": [
    "Telemetry"
  ], 
  "DetectionModifiers": [], 
  "DetectionText": [
    ""
  ], 
  "Procedure": "Adb156.exe downloads takeScreenshot.ps1 from 192.168.0.6 via MSSQL transactions", 
  "Step": "13.B.1", 
  "TacticGroup": "Command and Control", 
  "Technique": "T1105", 
  "Technique_Name": "Ingress Tool Transfer"
}
{
  "Detection": [
    "Telemetry", 
    "Technique", 
    "Tactic"
  ], 
  "DetectionModifiers": [], 
  "DetectionText": [
    "", 
    "A Technique detection named \"Suspicious script interpreter started - cmd\" (Warning) was generated when a suspicious script interpreter (Adb156.exe) spawned cmd.exe.", 
    "A Tactic detection named \"Wscript.exe executed a process\" (Warning) was generated when wscript.exe (Adb156.exe) was used to execute a process (cmd.exe)."
  ], 
  "Procedure": "Adb156.exe spawns cmd.exe", 
  "Step": "13.B.2", 
  "TacticGroup": "Execution", 
  "Technique": "T1059", 
  "Technique_Name": "Command and Scripting Interpreter"
}
{
  "Detection": [
    "Telemetry", 
    "Technique"
  ], 
  "DetectionModifiers": [
    "Configuration Change (Detection Logic)"
  ], 
  "DetectionText": [
    "", 
    "A Technique detection named \"Cmd.exe executed PowerShell\" (Information) was generated when cmd.exe spawned powershell.exe."
  ], 
  "Procedure": "cmd.exe spawns powershell.exe", 
  "Step": "13.B.3", 
  "TacticGroup": "Execution", 
  "Technique": "T1059", 
  "Technique_Name": "Command and Scripting Interpreter"
}
{
  "Detection": [
    "Technique", 
    "Telemetry"
  ], 
  "DetectionModifiers": [], 
  "DetectionText": [
    "A Technique detection named \"Suspicious PowerShell script - Screen/Keystroke/Window Capture\" (Warning) was generated when powershell.exe executed CopyFromScreen().", 
    ""
  ], 
  "Procedure": "powershell.exe executes CopyFromScreen()", 
  "Step": "13.B.4", 
  "TacticGroup": "Collection", 
  "Technique": "T1113", 
  "Technique_Name": "Screen Capture"
}
{
  "Detection": [
    "Telemetry"
  ], 
  "DetectionModifiers": [], 
  "DetectionText": [
    ""
  ], 
  "Procedure": "Adb156.exe reads and uploads image.png to 192.168.0.6 via MSSQL transactions", 
  "Step": "13.B.5", 
  "TacticGroup": "Exfiltration", 
  "Technique": "T1041", 
  "Technique_Name": "Exfiltration Over Command and Control Channel"
}
{
  "Detection": [
    "Tactic", 
    "Telemetry", 
    "Technique"
  ], 
  "DetectionModifiers": [], 
  "DetectionText": [
    "A Tactic detection named \"Wscript.exe executed process\" (Warning) was generated when wscript.exe (Adb156.exe) was used to execute a process (cmd.exe).", 
    "", 
    "A Technique detection named \"Suspicious interpreter started - cmd\" (Warning) was generated when a suspicious script interpreter (Adb156.exe) spawned cmd.exe."
  ], 
  "Procedure": "Adb156.exe spawns cmd.exe", 
  "Step": "14.A.1", 
  "TacticGroup": "Execution", 
  "Technique": "T1059", 
  "Technique_Name": "Command and Scripting Interpreter"
}
{
  "Detection": [
    "Telemetry", 
    "Technique"
  ], 
  "DetectionModifiers": [
    "Configuration Change (Detection Logic)"
  ], 
  "DetectionText": [
    "", 
    "A Technique detection named \"Cmd.exe executed PowerShell\" (Information) was generated when cmd.exe spawned powershell.exe."
  ], 
  "Procedure": "cmd.exe spawns powershell.exe", 
  "Step": "14.A.2", 
  "TacticGroup": "Execution", 
  "Technique": "T1059", 
  "Technique_Name": "Command and Scripting Interpreter"
}
{
  "Detection": [
    "Telemetry"
  ], 
  "DetectionModifiers": [], 
  "DetectionText": [
    ""
  ], 
  "Procedure": "powershell.exe decodes an embedded DLL payload", 
  "Step": "14.A.3", 
  "TacticGroup": "Defense Evasion", 
  "Technique": "T1140", 
  "Technique_Name": "Deobfuscate/Decode Files or Information"
}
{
  "Detection": [
    "Telemetry", 
    "Technique"
  ], 
  "DetectionModifiers": [], 
  "DetectionText": [
    "", 
    "A Technique detection named \"Suspicious PowerShell script - behavior\" (Warning) was generated when powershell.exe executed suspicious script contents, such as Invoke-Expression (IEX)."
  ], 
  "Procedure": "powershell.exe executes the decoded payload using Invoke-Expression (IEX)", 
  "Step": "14.A.4", 
  "TacticGroup": "Execution", 
  "Technique": "T1059", 
  "Technique_Name": "Command and Scripting Interpreter"
}
{
  "Detection": [
    "General"
  ], 
  "DetectionModifiers": [], 
  "DetectionText": [
    "A General detection named \"Win64/RiskWare.Meterpreter.F\" (Threat) was generated when content transmitted over a network connection was associated with Meterpreter."
  ], 
  "Procedure": "powershell.exe loads shellcode from network connection into memory", 
  "Step": "14.A.5", 
  "TacticGroup": "Defense Evasion", 
  "Technique": "T1140", 
  "Technique_Name": "Deobfuscate/Decode Files or Information"
}
{
  "Detection": [
    "General", 
    "Telemetry"
  ], 
  "DetectionModifiers": [], 
  "DetectionText": [
    "A General detection named \"Win32/RiskWare.Meterpreter.D\" (Threat) was generated when powershell.exe made a network connection associated with Meterpreter.", 
    ""
  ], 
  "Procedure": "powershell.exe transmits data to 192.168.0.4 over HTTPS protocol", 
  "Step": "14.A.6", 
  "TacticGroup": "Command and Control", 
  "Technique": "T1071", 
  "Technique_Name": "Application Layer Protocol"
}
{
  "Detection": [
    "Telemetry"
  ], 
  "DetectionModifiers": [], 
  "DetectionText": [
    ""
  ], 
  "Procedure": "powershell.exe transmits data to 192.168.0.4 over HTTPS protocol", 
  "Step": "14.A.7", 
  "TacticGroup": "Command and Control", 
  "Technique": "T1573", 
  "Technique_Name": "Encrypted Channel"
}
{
  "Detection": [
    "None"
  ], 
  "DetectionModifiers": [], 
  "DetectionText": [
    "Minimum detection criteria was not met for this procedure."
  ], 
  "Procedure": "powershell.exe calls the CreateToolhelp32Snapshot() API", 
  "Step": "15.A.1", 
  "TacticGroup": "Discovery", 
  "Technique": "T1057", 
  "Technique_Name": "Process Discovery"
}
{
  "Detection": [
    "General", 
    "Telemetry"
  ], 
  "DetectionModifiers": [], 
  "DetectionText": [
    "A General detection named \"PowerShell has dropped a suspicious executable\" (Warning) was generated when an executable idenfiied as suspicious (samcat.exe) was written to the file system by powershell.exe.", 
    ""
  ], 
  "Procedure": "powershell.exe downloads samcat.exe from 192.168.0.4", 
  "Step": "15.A.2", 
  "TacticGroup": "Command and Control", 
  "Technique": "T1105", 
  "Technique_Name": "Ingress Tool Transfer"
}
{
  "Detection": [
    "Telemetry"
  ], 
  "DetectionModifiers": [], 
  "DetectionText": [
    ""
  ], 
  "Procedure": "powershell.exe downloads uac-samcats.ps1 from 192.168.0.4", 
  "Step": "15.A.3", 
  "TacticGroup": "Command and Control", 
  "Technique": "T1105", 
  "Technique_Name": "Ingress Tool Transfer"
}
{
  "Detection": [
    "Telemetry"
  ], 
  "DetectionModifiers": [], 
  "DetectionText": [
    ""
  ], 
  "Procedure": "powershell.exe spawns powershell.exe", 
  "Step": "15.A.4", 
  "TacticGroup": "Execution", 
  "Technique": "T1059", 
  "Technique_Name": "Command and Scripting Interpreter"
}
{
  "Detection": [
    "Telemetry"
  ], 
  "DetectionModifiers": [], 
  "DetectionText": [
    ""
  ], 
  "Procedure": "powershell.exe spawns samcat.exe as a high-integrity process (note: Due to the configuration of the environment, the adversary's process was high by default. This sub-step was evaluated based on the criteria of detecting data related to process integrity level as well as the executed mechanics of the UAC bypass)", 
  "Step": "15.A.5", 
  "TacticGroup": "Privilege Escalation", 
  "Technique": "T1548", 
  "Technique_Name": "Abuse Elevation Control Mechanism"
}
{
  "Detection": [
    "General"
  ], 
  "DetectionModifiers": [], 
  "DetectionText": [
    "A General detection named \"Win64/RiskWare.Mimikatz.D\" (Threat) was generated when samcat.exe was identified as Mimikatz."
  ], 
  "Procedure": "samcat.exe opens and reads the SAM via LSASS", 
  "Step": "15.A.6", 
  "TacticGroup": "Credential Access", 
  "Technique": "T1003", 
  "Technique_Name": "OS Credential Dumping"
}
{
  "Detection": [
    "None"
  ], 
  "DetectionModifiers": [], 
  "DetectionText": [
    "Minimum detection criteria was not met for this procedure."
  ], 
  "Procedure": "powershell.exe calls the GetIpNetTable() API", 
  "Step": "15.A.7", 
  "TacticGroup": "Discovery", 
  "Technique": "T1016", 
  "Technique_Name": "System Network Configuration Discovery"
}
{
  "Detection": [
    "Telemetry"
  ], 
  "DetectionModifiers": [], 
  "DetectionText": [
    ""
  ], 
  "Procedure": "powershell.exe spawns nslookup.exe, which queries the DC (10.0.1.4) over DNS (port 53)", 
  "Step": "15.A.8", 
  "TacticGroup": "Discovery", 
  "Technique": "T1018", 
  "Technique_Name": "Remote System Discovery"
}
{
  "Detection": [
    "Telemetry"
  ], 
  "DetectionModifiers": [], 
  "DetectionText": [
    ""
  ], 
  "Procedure": "powershell.exe downloads paexec.exe from 192.168.0.4", 
  "Step": "16.A.1", 
  "TacticGroup": "Command and Control", 
  "Technique": "T1105", 
  "Technique_Name": "Ingress Tool Transfer"
}
{
  "Detection": [
    "Telemetry"
  ], 
  "DetectionModifiers": [], 
  "DetectionText": [
    ""
  ], 
  "Procedure": "powershell.exe downloads hollow.exe from 192.168.0.4", 
  "Step": "16.A.2", 
  "TacticGroup": "Command and Control", 
  "Technique": "T1105", 
  "Technique_Name": "Ingress Tool Transfer"
}
{
  "Detection": [
    "Telemetry", 
    "Technique"
  ], 
  "DetectionModifiers": [], 
  "DetectionText": [
    "", 
    "A Technique detection named \"Suspicious script interpreter started - cmd\" (Warning) was generated when a suspicious script interpreter (powershell.exe) spawned cmd.exe."
  ], 
  "Procedure": "powershell.exe spawns cmd.exe", 
  "Step": "16.A.3", 
  "TacticGroup": "Execution", 
  "Technique": "T1059", 
  "Technique_Name": "Command and Scripting Interpreter"
}
{
  "Detection": [
    "Telemetry"
  ], 
  "DetectionModifiers": [], 
  "DetectionText": [
    ""
  ], 
  "Procedure": "User kmitnick logs on to itadmin (10.0.1.6)", 
  "Step": "16.A.4", 
  "TacticGroup": "Persistence", 
  "Technique": "T1078", 
  "Technique_Name": "Valid Accounts"
}
{
  "Detection": [
    "Technique", 
    "Technique", 
    "Telemetry"
  ], 
  "DetectionModifiers": [], 
  "DetectionText": [
    "A Technique detection named \"Remote execution using PAExec\" (Warning) was generated when PAExec was used to remotely execute hollow.exe.", 
    "A Technique detection named \"Executable written to remote network share\" (Warning) was generated when paexec.exe was used to write an executable to a remote network share on itadmin (10.0.1.6).", 
    ""
  ], 
  "Procedure": "SMB session from 10.0.1.5 to 10.0.1.6 over TCP port 135 or 445 with admin shares accessed", 
  "Step": "16.A.5", 
  "TacticGroup": "Lateral Movement", 
  "Technique": "T1021", 
  "Technique_Name": "Remote Services"
}
{
  "Detection": [
    "Technique", 
    "Technique", 
    "General", 
    "Telemetry", 
    "General", 
    "General"
  ], 
  "DetectionModifiers": [], 
  "DetectionText": [
    "A Technique detection named \"Suspicious service executed\" (Warning) was generated when a Windows service started PAExec-{PID}-HOTELMANAGER.exe, which executed hollow.exe.", 
    "A Technique detection named \"Remote execution using PAExec\" (Warning) was generated when PAExec was used to remotely execute hollow.exe.", 
    "A General detection named \"Suspicious process created named pipe\" (Warning) was generated when PAExec-{PID}-HOTELMANAGER.exe created named pipe.", 
    "", 
    "A General detection named \"Unpopular Process has started from APPDATA/ProgramData\" (Information) was generated when PAExec.exe executed from APPDATA/ProgramData.", 
    "A General detection named \"Suspicious executable with .exe extension was dropped\" (Warning) was generated when PAExec-{PID}-HOTELMANAGER.exe created the file hollow.exe on itadmin (10.0.1.6)."
  ], 
  "Procedure": "Windows service started PAExec-{PID}-HOTELMANAGER.exe, which executes hollow.exe", 
  "Step": "16.A.6", 
  "TacticGroup": "Execution", 
  "Technique": "T1569", 
  "Technique_Name": "System Services"
}
{
  "Detection": [
    "Telemetry", 
    "General", 
    "Technique", 
    "Technique"
  ], 
  "DetectionModifiers": [], 
  "DetectionText": [
    "", 
    "A General detection named \"Suspicious svchost process\" (Information) was generated when svchost.exe was created by a suspicious process.", 
    "A Technique detection named \"Injection into system process\" (Warning) was generated when hollow.exe injected into a system process (svchost.exe).", 
    "A Technique detection named \"Injection from an unpopular process\" (Warning) was generated when code was injected into svchost.exe from an unpopular process (hollow.exe)."
  ], 
  "Procedure": "hollow.exe spawns svchost.exe and unmaps its memory image via: NtUnmapViewOfSection", 
  "Step": "16.A.7", 
  "TacticGroup": "Defense Evasion", 
  "Technique": "T1055", 
  "Technique_Name": "Process Injection"
}
{
  "Detection": [
    "Telemetry", 
    "General"
  ], 
  "DetectionModifiers": [], 
  "DetectionText": [
    "", 
    "A General detection named \"Win32/RiskWare.Meterpreter.L\" (Threat) was generated when svchost.exe network traffic was identified as Meterpreter."
  ], 
  "Procedure": "svchost.exe transmits data to 192.168.0.4 over HTTPS protocol", 
  "Step": "16.A.8", 
  "TacticGroup": "Command and Control", 
  "Technique": "T1071", 
  "Technique_Name": "Application Layer Protocol"
}
{
  "Detection": [
    "Telemetry"
  ], 
  "DetectionModifiers": [], 
  "DetectionText": [
    ""
  ], 
  "Procedure": "svchost.exe transmits data to 192.168.0.4 over HTTPS protocol", 
  "Step": "16.A.9", 
  "TacticGroup": "Command and Control", 
  "Technique": "T1573", 
  "Technique_Name": "Encrypted Channel"
}
{
  "Detection": [
    "Telemetry"
  ], 
  "DetectionModifiers": [], 
  "DetectionText": [
    ""
  ], 
  "Procedure": "svchost.exe downloads srrstr.dll from 192.168.0.4 (port 443)", 
  "Step": "17.A.1", 
  "TacticGroup": "Command and Control", 
  "Technique": "T1105", 
  "Technique_Name": "Ingress Tool Transfer"
}
{
  "Detection": [
    "Telemetry"
  ], 
  "DetectionModifiers": [], 
  "DetectionText": [
    ""
  ], 
  "Procedure": "srrstr.dll is not the legitimate Windows System Protection Configuration Library", 
  "Step": "17.A.2", 
  "TacticGroup": "Defense Evasion", 
  "Technique": "T1036", 
  "Technique_Name": "Masquerading"
}
{
  "Detection": [
    "Telemetry"
  ], 
  "DetectionModifiers": [], 
  "DetectionText": [
    ""
  ], 
  "Procedure": "svchost.exe spawns cmd.exe", 
  "Step": "17.A.3", 
  "TacticGroup": "Execution", 
  "Technique": "T1059", 
  "Technique_Name": "Command and Scripting Interpreter"
}
{
  "Detection": [
    "Telemetry", 
    "Technique", 
    "Technique"
  ], 
  "DetectionModifiers": [
    "Configuration Change (Detection Logic)"
  ], 
  "DetectionText": [
    "", 
    "A Technique detection named \"Potential DLL search order hijacking - untrusted system libs\" (Warning) was generated when SystemPropertiesAdvanced.exe executed code from a library (srrstr.dll) in WINDIR.", 
    "A Technique detection named \"Potential DLL search order hijacking - creation\" (Warning) was generated when a DLL that matched a known Windows filename (srrstr.dll) was written to a location associated with search order hijacking."
  ], 
  "Procedure": "SystemPropertiesAdvanced.exe executes code in the illegitimate srrstr.dll", 
  "Step": "17.A.4", 
  "TacticGroup": "Privilege Escalation", 
  "Technique": "T1574", 
  "Technique_Name": "Hijack Execution Flow"
}
{
  "Detection": [
    "Telemetry", 
    "General"
  ], 
  "DetectionModifiers": [], 
  "DetectionText": [
    "", 
    "A General detection named \"Win32/RiskWare.Meterpreter.L\" (Threat) was generated when rundll32.exe network traffic was identified as meterpreter."
  ], 
  "Procedure": "rundll32.exe transmits data to 192.168.0.4 over HTTPS protocol", 
  "Step": "17.A.5", 
  "TacticGroup": "Command and Control", 
  "Technique": "T1071", 
  "Technique_Name": "Application Layer Protocol"
}
{
  "Detection": [
    "Telemetry"
  ], 
  "DetectionModifiers": [], 
  "DetectionText": [
    ""
  ], 
  "Procedure": "rundll32.exe transmits data to 192.168.0.4 over HTTPS protocol", 
  "Step": "17.A.6", 
  "TacticGroup": "Command and Control", 
  "Technique": "T1573", 
  "Technique_Name": "Encrypted Channel"
}
{
  "Detection": [
    "Technique", 
    "Telemetry"
  ], 
  "DetectionModifiers": [], 
  "DetectionText": [
    "A Technique detection named \"Injection into trusted process\" (Warning) was generated when svchost.exe injected into explorer.exe with CreateRemoteThread.", 
    ""
  ], 
  "Procedure": "svchost.exe injects into explorer.exe with CreateRemoteThread", 
  "Step": "18.A.1", 
  "TacticGroup": "Defense Evasion", 
  "Technique": "T1055", 
  "Technique_Name": "Process Injection"
}
{
  "Detection": [
    "None"
  ], 
  "DetectionModifiers": [], 
  "DetectionText": [
    "Minimum detection criteria was not met for this procedure."
  ], 
  "Procedure": "explorer.exe calls the CreateCompatibleBitmap API from Gdi32.dll", 
  "Step": "18.A.2", 
  "TacticGroup": "Collection", 
  "Technique": "T1113", 
  "Technique_Name": "Screen Capture"
}
{
  "Detection": [
    "Telemetry", 
    "Technique"
  ], 
  "DetectionModifiers": [], 
  "DetectionText": [
    "", 
    "A Technique detection named \"Injection into system process\" (Warning) was generated when explorer.exe injected into mstsc.exe with CreateRemoteThread."
  ], 
  "Procedure": "explorer.exe injects into mstsc.exe with CreateRemoteThread", 
  "Step": "18.A.3", 
  "TacticGroup": "Defense Evasion", 
  "Technique": "T1055", 
  "Technique_Name": "Process Injection"
}
{
  "Detection": [
    "None"
  ], 
  "DetectionModifiers": [], 
  "DetectionText": [
    "Minimum detection criteria was not met for this procedure."
  ], 
  "Procedure": "mstsc.exe calls APIs such as GetAsyncKeyState, GetKeyState, or GetKeyboardState", 
  "Step": "18.A.4", 
  "TacticGroup": "Credential Access", 
  "Technique": "T1056", 
  "Technique_Name": "Input Capture"
}
{
  "Detection": [
    "Telemetry", 
    "Technique"
  ], 
  "DetectionModifiers": [], 
  "DetectionText": [
    "", 
    "A Technique detection named \"Remote user login\" (Information) was generated when user kmitnick logged on to accounting (10.0.1.7)."
  ], 
  "Procedure": "User kmitnick logs on to accounting (10.0.1.7)", 
  "Step": "19.A.1", 
  "TacticGroup": "Persistence", 
  "Technique": "T1078", 
  "Technique_Name": "Valid Accounts"
}
{
  "Detection": [
    "Telemetry", 
    "Technique"
  ], 
  "DetectionModifiers": [], 
  "DetectionText": [
    "", 
    "A Technique detection named \"Process communicating over potentially Suspicious Protocol - detected RDP communication\" (Information) was generated when an RDP session was created from itadmin (10.0.1.6) to accounting (10.0.1.7) over port 3389."
  ], 
  "Procedure": "RDP session from 10.0.1.6 to 10.0.1.7 over TCP port 3389", 
  "Step": "19.A.2", 
  "TacticGroup": "Lateral Movement", 
  "Technique": "T1021", 
  "Technique_Name": "Remote Services"
}
{
  "Detection": [
    "None"
  ], 
  "DetectionModifiers": [], 
  "DetectionText": [
    "Minimum detection criteria was not met for this procedure."
  ], 
  "Procedure": "itadmin (10.0.1.6) is relaying RDP traffic from attacker infrastructure", 
  "Step": "19.A.3", 
  "TacticGroup": "Command and Control", 
  "Technique": "T1090", 
  "Technique_Name": "Proxy"
}
{
  "Detection": [
    "Telemetry"
  ], 
  "DetectionModifiers": [], 
  "DetectionText": [
    ""
  ], 
  "Procedure": "powershell.exe spawns powershell.exe", 
  "Step": "19.B.1", 
  "TacticGroup": "Execution", 
  "Technique": "T1059", 
  "Technique_Name": "Command and Scripting Interpreter"
}
{
  "Detection": [
    "Telemetry", 
    "General", 
    "Technique"
  ], 
  "DetectionModifiers": [], 
  "DetectionText": [
    "", 
    "A General detection named \"PowerShell executed with long cmdline\" (Warning) was generated when powershell.exe executed with an unusually long command-line.", 
    "A Technique detection named \"PowerShell suspicious activity executed EncodedCommand\" (Warning) was generated when powershell.exe executed base64 encoded commands."
  ], 
  "Procedure": "powershell.exe executes base64 encoded commands", 
  "Step": "19.B.2", 
  "TacticGroup": "Defense Evasion", 
  "Technique": "T1027", 
  "Technique_Name": "Obfuscated Files or Information"
}
{
  "Detection": [
    "Telemetry", 
    "General"
  ], 
  "DetectionModifiers": [], 
  "DetectionText": [
    "", 
    "A General detection named \"PowerShell has dropped a suspicious executable\" (Threat) was generated when an executable (dll329.dll) was created by powershell.exe."
  ], 
  "Procedure": "powershell.exe downloads dll329.dll from 192.168.0.4", 
  "Step": "19.B.3", 
  "TacticGroup": "Command and Control", 
  "Technique": "T1105", 
  "Technique_Name": "Ingress Tool Transfer"
}
{
  "Detection": [
    "Telemetry"
  ], 
  "DetectionModifiers": [], 
  "DetectionText": [
    ""
  ], 
  "Procedure": "powershell.exe downloads sdbE376.tmp from 192.168.0.4", 
  "Step": "19.B.4", 
  "TacticGroup": "Command and Control", 
  "Technique": "T1105", 
  "Technique_Name": "Ingress Tool Transfer"
}
{
  "Detection": [
    "Technique", 
    "Telemetry", 
    "Technique", 
    "Technique"
  ], 
  "DetectionModifiers": [], 
  "DetectionText": [
    "A Technique detection named \"Custom application compatibility shim registry was modified\" (Information) was generated when registry keys associated with Shim Infrastructure were modified.", 
    "", 
    "A Technique detection named \"Sdbinst.exe tool executed\" (Information) was generated when sdbinst.exe installed sdbE376.tmp shim database\n.", 
    "A Technique detection named \"Custom application compatibility shim file was created/modified\" (Information) was generated when a custom shim compatibility database file (.sdb) was created."
  ], 
  "Procedure": "sdbinst.exe installs sdbE376.tmp shim", 
  "Step": "19.B.5", 
  "TacticGroup": "Persistence", 
  "Technique": "T1546", 
  "Technique_Name": "Event Triggered Execution"
}
{
  "Detection": [
    "None"
  ], 
  "DetectionModifiers": [], 
  "DetectionText": [
    "Minimum detection criteria was not met for this procedure."
  ], 
  "Procedure": "AccountingIQ.exe queries HKLM\\Software\\Microsoft\\Windows NT\\CurrentVersion\\AppCompatFlags\\InstalledSDB\\ and loads dll329.dll", 
  "Step": "20.A.1", 
  "TacticGroup": "Persistence", 
  "Technique": "T1546", 
  "Technique_Name": "Event Triggered Execution"
}
{
  "Detection": [
    "Telemetry", 
    "Technique"
  ], 
  "DetectionModifiers": [
    "Configuration Change (Data Sources)", 
    "Configuration Change (Data Sources)"
  ], 
  "DetectionText": [
    "", 
    "A Technique detection named \"Injection into system process\" (Threat) was generated when AccountingIQ.exe injected into a system process (SyncHost.exe) with CreateRemoteThread."
  ], 
  "Procedure": "AccountingIQ.exe injects into SyncHost.exe with CreateRemoteThread", 
  "Step": "20.A.2", 
  "TacticGroup": "Defense Evasion", 
  "Technique": "T1055", 
  "Technique_Name": "Process Injection"
}
{
  "Detection": [
    "General"
  ], 
  "DetectionModifiers": [], 
  "DetectionText": [
    "A General detection named \"Win32/RiskWare.Meterpreter.L\" (Threat) was generated when rundll32.exe network traffic was identified as Meterpreter."
  ], 
  "Procedure": "rundll32.exe transmits data to 192.168.0.4 over HTTPS protocol", 
  "Step": "20.A.3", 
  "TacticGroup": "Command and Control", 
  "Technique": "T1071", 
  "Technique_Name": "Application Layer Protocol"
}
{
  "Detection": [
    "Telemetry"
  ], 
  "DetectionModifiers": [], 
  "DetectionText": [
    ""
  ], 
  "Procedure": "rundll32.exe transmits data to 192.168.0.4 over HTTPS protocol", 
  "Step": "20.A.4", 
  "TacticGroup": "Command and Control", 
  "Technique": "T1573", 
  "Technique_Name": "Encrypted Channel"
}
{
  "Detection": [
    "Telemetry", 
    "General"
  ], 
  "DetectionModifiers": [], 
  "DetectionText": [
    "", 
    "A General detection named \"Rundll32 has dropped a suspicious executable\" (Warning) was generated when rundll32.exe created a suspicious executable (debug.exe)."
  ], 
  "Procedure": "rundll32.exe downloads debug.exe from 192.168.0.4", 
  "Step": "20.B.1", 
  "TacticGroup": "Command and Control", 
  "Technique": "T1105", 
  "Technique_Name": "Ingress Tool Transfer"
}
{
  "Detection": [
    "None"
  ], 
  "DetectionModifiers": [], 
  "DetectionText": [
    "Minimum detection criteria was not met for this procedure."
  ], 
  "Procedure": "debug.exe calls the CreateToolhelp32Snapshot API", 
  "Step": "20.B.2", 
  "TacticGroup": "Discovery", 
  "Technique": "T1057", 
  "Technique_Name": "Process Discovery"
}
{
  "Detection": [
    "Telemetry"
  ], 
  "DetectionModifiers": [], 
  "DetectionText": [
    ""
  ], 
  "Procedure": "rundll32.exe downloads 7za.exe from 192.168.0.4", 
  "Step": "20.B.3", 
  "TacticGroup": "Command and Control", 
  "Technique": "T1105", 
  "Technique_Name": "Ingress Tool Transfer"
}
{
  "Detection": [
    "Telemetry"
  ], 
  "DetectionModifiers": [], 
  "DetectionText": [
    ""
  ], 
  "Procedure": "7za.exe creates C:\\Users\\Public\\log.7z", 
  "Step": "20.B.4", 
  "TacticGroup": "Exfiltration", 
  "Technique": "T1560", 
  "Technique_Name": "Archive Collected Data"
}
{
  "Detection": [
    "None"
  ], 
  "DetectionModifiers": [], 
  "DetectionText": [
    "Minimum detection criteria was not met for this procedure."
  ], 
  "Procedure": "rundll32.exe reads and uploads log.7z to 192.168.0.4", 
  "Step": "20.B.5", 
  "TacticGroup": "Exfiltration", 
  "Technique": "T1041", 
  "Technique_Name": "Exfiltration Over Command and Control Channel"
}
