{
  "Detection": [
    "Telemetry"
  ], 
  "DetectionModifiers": [], 
  "DetectionText": [
    ""
  ], 
  "Procedure": "explorer.exe spawns winword.exe when user clicks 1-list.rtf", 
  "Step": "1.A.1", 
  "TacticGroup": "Execution", 
  "Technique": "T1204", 
  "Technique_Name": "User Execution"
}
{
  "Detection": [
    "Technique", 
    "Technique", 
    "Telemetry"
  ], 
  "DetectionModifiers": [], 
  "DetectionText": [
    "A Technique detection named \"Possible Abusive Module Load\" (Informational) was generated when winword.exe loaded VBE7.DLL.", 
    "A Technique detection named \"Office process loads scripting related DLLs \" (Informational) was generated when winword.exe loaded VBE7.DLL.", 
    ""
  ], 
  "Procedure": "winword.exe loads VBE7.DLL", 
  "Step": "1.A.2", 
  "TacticGroup": "Execution", 
  "Technique": "T1559", 
  "Technique_Name": "Inter-Process Communication"
}
{
  "Detection": [
    "Technique", 
    "General", 
    "Telemetry"
  ], 
  "DetectionModifiers": [], 
  "DetectionText": [
    "A Technique detection named \"Scripting engine reads script from suspicious folder\" (Low) was generated when wscript.exe executed unprotected.vbe from the TEMP folder.", 
    "A General detection named \"Malware\" was generated when unprotected.vbe was detected as malware.", 
    ""
  ], 
  "Procedure": "wscript.exe executes unprotected.vbe", 
  "Step": "1.A.3", 
  "TacticGroup": "Execution", 
  "Technique": "T1059", 
  "Technique_Name": "Command and Scripting Interpreter"
}
{
  "Detection": [
    "Technique", 
    "Telemetry"
  ], 
  "DetectionModifiers": [], 
  "DetectionText": [
    "A Technique detection named \"YARA Malware Signature\" was generated when unprotected.vbe was identified as an encoded file.", 
    ""
  ], 
  "Procedure": "unprotected.vbe is an encoded file", 
  "Step": "1.A.4", 
  "TacticGroup": "Defense Evasion", 
  "Technique": "T1027", 
  "Technique_Name": "Obfuscated Files or Information"
}
{
  "Detection": [
    "Technique", 
    "Telemetry"
  ], 
  "DetectionModifiers": [], 
  "DetectionText": [
    "A Technique detection named \"Deobfuscation Attempt\" (Medium) was generated when wscript.exe executed commands that can be used to deobfuscate commands or files.", 
    ""
  ], 
  "Procedure": "wscript.exe decodes content and creates starter.vbs", 
  "Step": "1.A.5", 
  "TacticGroup": "Defense Evasion", 
  "Technique": "T1140", 
  "Technique_Name": "Deobfuscate/Decode Files or Information"
}
{
  "Detection": [
    "General", 
    "Telemetry", 
    "Technique"
  ], 
  "DetectionModifiers": [], 
  "DetectionText": [
    "A General detection named \"YARA Malware Signature\" (High) was generated when TransBaseOdbcDriver.js was detected as malware.", 
    "", 
    "A Technique detection named \"Deobfuscation attempt\" (Medium) was generated when wscript.exe decoded and created TransBaseOdbcDriver.js."
  ], 
  "Procedure": "wscript.exe decodes content and creates TransBaseOdbcDriver.js", 
  "Step": "1.A.6", 
  "TacticGroup": "Defense Evasion", 
  "Technique": "T1140", 
  "Technique_Name": "Deobfuscate/Decode Files or Information"
}
{
  "Detection": [
    "Telemetry", 
    "Technique"
  ], 
  "DetectionModifiers": [], 
  "DetectionText": [
    "", 
    "A Technique detection named \"YARA Malware Signature\" (High) was generated when wscript.exe executed starter.vbs which was detected as suspicious."
  ], 
  "Procedure": "wscript.exe executes starter.vbs", 
  "Step": "1.A.7", 
  "TacticGroup": "Execution", 
  "Technique": "T1059", 
  "Technique_Name": "Command and Scripting Interpreter"
}
{
  "Detection": [
    "Telemetry", 
    "Technique"
  ], 
  "DetectionModifiers": [], 
  "DetectionText": [
    "", 
    "A Technique detection named \"Windows Command Shell\" (Low) was generated when wscript.exe spawned cmd.exe."
  ], 
  "Procedure": "wscript.exe spawns cmd.exe", 
  "Step": "1.A.8", 
  "TacticGroup": "Execution", 
  "Technique": "T1059", 
  "Technique_Name": "Command and Scripting Interpreter"
}
{
  "Detection": [
    "Telemetry", 
    "Technique"
  ], 
  "DetectionModifiers": [], 
  "DetectionText": [
    "", 
    "A Technique detection named \"Suspicious JavaScript file detected\" (High) was generated when cmd.exe spawns wscript.exe to execute TransBaseOdbcDriver.js, which was detected as suspicious."
  ], 
  "Procedure": "cmd.exe spawns wscript.exe to execute TransBaseOdbcDriver.js", 
  "Step": "1.A.9", 
  "TacticGroup": "Execution", 
  "Technique": "T1059", 
  "Technique_Name": "Command and Scripting Interpreter"
}
{
  "Detection": [
    "Technique", 
    "Telemetry"
  ], 
  "DetectionModifiers": [], 
  "DetectionText": [
    "A Technique detection named \"Application Layer Protocol: Web Protocols (T1071.001)\" was generated when wscript.exe connected to 192.168.0.4 over HTTPS.", 
    ""
  ], 
  "Procedure": "wscript.exe transmits data to 192.168.0.4 over HTTPS protocol", 
  "Step": "1.A.10", 
  "TacticGroup": "Command and Control", 
  "Technique": "T1071", 
  "Technique_Name": "Application Layer Protocol"
}
{
  "Detection": [
    "Technique", 
    "Telemetry"
  ], 
  "DetectionModifiers": [], 
  "DetectionText": [
    "A Technique detection named \"HTTPS Traffic via Direct IP\" was generated when wscript.exe connected to 192.168.0.4 over HTTPS.", 
    ""
  ], 
  "Procedure": "wscript.exe transmits data to 192.168.0.4 over HTTPS protocol", 
  "Step": "1.A.11", 
  "TacticGroup": "Command and Control", 
  "Technique": "T1573", 
  "Technique_Name": "Encrypted Channel"
}
{
  "Detection": [
    "Telemetry", 
    "Technique"
  ], 
  "DetectionModifiers": [], 
  "DetectionText": [
    "", 
    "A Technique detection named \"System Information Discovery\" (Informational) was generated when wscript.exe made WMI queries for Win32_Processor & Win32_OperatingSystem."
  ], 
  "Procedure": "wscript.exe makes WMI queries for Win32_Processor &  Win32_OperatingSystem", 
  "Step": "2.A.2", 
  "TacticGroup": "Discovery", 
  "Technique": "T1082", 
  "Technique_Name": "System Information Discovery"
}
{
  "Detection": [
    "Telemetry", 
    "Technique"
  ], 
  "DetectionModifiers": [], 
  "DetectionText": [
    "", 
    "A Technique detection named \"Remote Process Discovery\" (Informational) was generated when wscript.exe made a WMI query for Win32_Process."
  ], 
  "Procedure": "wscript.exe makes a WMI query for Win32_Process", 
  "Step": "2.A.4", 
  "TacticGroup": "Discovery", 
  "Technique": "T1057", 
  "Technique_Name": "Process Discovery"
}
{
  "Detection": [
    "Telemetry"
  ], 
  "DetectionModifiers": [], 
  "DetectionText": [
    ""
  ], 
  "Procedure": "wscript.exe downloads screenshot__.ps1 from 192.168.0.4", 
  "Step": "2.B.1", 
  "TacticGroup": "Command and Control", 
  "Technique": "T1105", 
  "Technique_Name": "Ingress Tool Transfer"
}
{
  "Detection": [
    "Telemetry"
  ], 
  "DetectionModifiers": [], 
  "DetectionText": [
    ""
  ], 
  "Procedure": "wscript.exe spawns cmd.exe", 
  "Step": "2.B.2", 
  "TacticGroup": "Execution", 
  "Technique": "T1059", 
  "Technique_Name": "Command and Scripting Interpreter"
}
{
  "Detection": [
    "Technique", 
    "Telemetry"
  ], 
  "DetectionModifiers": [], 
  "DetectionText": [
    "A Technique detection named \"Commandline Process Created a Shell Process\" (Low) was generated when cmd.exe spawned powershell.exe.", 
    ""
  ], 
  "Procedure": "cmd.exe spawns powershell.exe", 
  "Step": "2.B.3", 
  "TacticGroup": "Execution", 
  "Technique": "T1059", 
  "Technique_Name": "Command and Scripting Interpreter"
}
{
  "Detection": [
    "Technique", 
    "Telemetry"
  ], 
  "DetectionModifiers": [], 
  "DetectionText": [
    "A Technique detection named \"PowerShell Screenshot Taken\" (High) was generated when powershell took a screenshot.", 
    ""
  ], 
  "Procedure": "powershell.exe executes CopyFromScreen()", 
  "Step": "2.B.4", 
  "TacticGroup": "Collection", 
  "Technique": "T1113", 
  "Technique_Name": "Screen Capture"
}
{
  "Detection": [
    "Telemetry"
  ], 
  "DetectionModifiers": [], 
  "DetectionText": [
    ""
  ], 
  "Procedure": "wscript.exe reads and uploads screenshot__.png to 192.168.0.4", 
  "Step": "2.B.5", 
  "TacticGroup": "Exfiltration", 
  "Technique": "T1041", 
  "Technique_Name": "Exfiltration Over Command and Control Channel"
}
{
  "Detection": [
    "Technique", 
    "Technique", 
    "Telemetry"
  ], 
  "DetectionModifiers": [
    "Delayed", 
    "Delayed"
  ], 
  "DetectionText": [
    "A Technique detection named \"Cmd.exe Execution\" (Informational) was generated when wscript.exe spawned cmd.exe.", 
    "A Technique detection named \"Scripting Engine Spawns cmd.exe\" (Informational) was generated when wscript.exe spawned cmd.exe.", 
    ""
  ], 
  "Procedure": "wscript.exe spawns cmd.exe", 
  "Step": "3.A.1", 
  "TacticGroup": "Execution", 
  "Technique": "T1059", 
  "Technique_Name": "Command and Scripting Interpreter"
}
{
  "Detection": [
    "General", 
    "Telemetry"
  ], 
  "DetectionModifiers": [], 
  "DetectionText": [
    "A General detection named \"Office Script Dropper\" (High) was generated when reg.exe was spawned in a process tree started by winword.exe.", 
    ""
  ], 
  "Procedure": "cmd.exe spawns reg.exe to add a value under HKCU\\Software\\InternetExplorer\\AppDataLow\\Software\\Microsoft\\InternetExplorer", 
  "Step": "3.A.2", 
  "TacticGroup": "Defense Evasion", 
  "Technique": "T1112", 
  "Technique_Name": "Modify Registry"
}
{
  "Detection": [
    "Telemetry"
  ], 
  "DetectionModifiers": [], 
  "DetectionText": [
    ""
  ], 
  "Procedure": "Value added to Registry is base64 encoded", 
  "Step": "3.A.3", 
  "TacticGroup": "Defense Evasion", 
  "Technique": "T1027", 
  "Technique_Name": "Obfuscated Files or Information"
}
{
  "Detection": [
    "Technique", 
    "Telemetry"
  ], 
  "DetectionModifiers": [], 
  "DetectionText": [
    "A Technique detection named \"Remote File Opertaion\" (Low) was generated when wscript.exe downloaded LanCradDriver.ps1 from 192.168.0.4.", 
    ""
  ], 
  "Procedure": "wscript.exe downloads LanCradDriver.ps1 from 192.168.0.4", 
  "Step": "3.B.1", 
  "TacticGroup": "Command and Control", 
  "Technique": "T1105", 
  "Technique_Name": "Ingress Tool Transfer"
}
{
  "Detection": [
    "Telemetry"
  ], 
  "DetectionModifiers": [], 
  "DetectionText": [
    ""
  ], 
  "Procedure": "wscript.exe spawns cmd.exe", 
  "Step": "3.B.2", 
  "TacticGroup": "Execution", 
  "Technique": "T1059", 
  "Technique_Name": "Command and Scripting Interpreter"
}
{
  "Detection": [
    "Technique", 
    "Telemetry"
  ], 
  "DetectionModifiers": [], 
  "DetectionText": [
    "A Technique detection named \"Non-powershell Process Launched with PowerShell Arguments\" (Informational) was generated when cmd.exe spawned powershell.exe.", 
    ""
  ], 
  "Procedure": "cmd.exe spawns powershell.exe", 
  "Step": "3.B.3", 
  "TacticGroup": "Execution", 
  "Technique": "T1059", 
  "Technique_Name": "Command and Scripting Interpreter"
}
{
  "Detection": [
    "Telemetry"
  ], 
  "DetectionModifiers": [], 
  "DetectionText": [
    ""
  ], 
  "Procedure": "powershell.exe reads HKCU\\Software\\InternetExplorer\\AppDataLow\\Software\\Microsoft\\InternetExplorer via Get-ItemProperty", 
  "Step": "3.B.4", 
  "TacticGroup": "Discovery", 
  "Technique": "T1012", 
  "Technique_Name": "Query Registry"
}
{
  "Detection": [
    "Technique"
  ], 
  "DetectionModifiers": [], 
  "DetectionText": [
    "A Technique detection named \"Deobfuscation Attempt\" (Medium) was generated when powershell.exe executed commands that can be used to deobfuscate commands or files."
  ], 
  "Procedure": "powershell.exe decrypts, decompresses, and base64 decodes the Registry value into plaintext shellcode", 
  "Step": "3.B.5", 
  "TacticGroup": "Defense Evasion", 
  "Technique": "T1140", 
  "Technique_Name": "Deobfuscate/Decode Files or Information"
}
{
  "Detection": [
    "General", 
    "Telemetry"
  ], 
  "DetectionModifiers": [], 
  "DetectionText": [
    "A General detection named \"Behavioral Threat Detected\" (High) was generated when powershell.exe executed the shellcode from the Registry by calling the CreateThread() API.", 
    ""
  ], 
  "Procedure": "powershell.exe executes the shellcode from the Registry by calling the CreateThread() API", 
  "Step": "3.B.6", 
  "TacticGroup": "Execution", 
  "Technique": "T1106", 
  "Technique_Name": "Native API"
}
{
  "Detection": [
    "Telemetry"
  ], 
  "DetectionModifiers": [], 
  "DetectionText": [
    ""
  ], 
  "Procedure": "powershell.exe transmits data to 192.168.0.4 over TCP", 
  "Step": "3.B.7", 
  "TacticGroup": "Command and Control", 
  "Technique": "T1095", 
  "Technique_Name": "Non-Application Layer Protocol"
}
{
  "Detection": [
    "None"
  ], 
  "DetectionModifiers": [], 
  "DetectionText": [
    "Minimum detection criteria was not met for this procedure."
  ], 
  "Procedure": "powershell.exe calls the FindFirstFileW() and FindNextFileW() APIs", 
  "Step": "4.A.1", 
  "TacticGroup": "Discovery", 
  "Technique": "T1083", 
  "Technique_Name": "File and Directory Discovery"
}
{
  "Detection": [
    "Technique", 
    "Telemetry"
  ], 
  "DetectionModifiers": [], 
  "DetectionText": [
    "A Technique detection named \"Remote System Discovery\" was generated when Powershell.exe created an unusual ldap connection that might be used for reconnaissance.", 
    ""
  ], 
  "Procedure": "powershell.exe executes Get-NetComputer to query LDAP (port 389) via a network connection to 10.0.0.4", 
  "Step": "4.A.2", 
  "TacticGroup": "Discovery", 
  "Technique": "T1018", 
  "Technique_Name": "Remote System Discovery"
}
{
  "Detection": [
    "Technique", 
    "Telemetry"
  ], 
  "DetectionModifiers": [], 
  "DetectionText": [
    "A Technique detection named \"Powersploit Password Spray\" was generated when powershell.exe executed Find-LocalAdminAccess, which connected to multiple hosts over port 135 to check for access.", 
    ""
  ], 
  "Procedure": "powershell.exe executes Find-LocalAdminAccess, which attempts a DCOM/RPC (port 135) connection to multiple hosts to check for access", 
  "Step": "4.A.3", 
  "TacticGroup": "Credential Access", 
  "Technique": "T1110", 
  "Technique_Name": "Brute Force"
}
{
  "Detection": [
    "Telemetry", 
    "Technique"
  ], 
  "DetectionModifiers": [], 
  "DetectionText": [
    "", 
    "A Technique detection named \"Uncommon Successful Network Login\" (Low) was generated when user kmitnick successfully logged into cfo (10.0.0.5)."
  ], 
  "Procedure": "powershell.exe successfully logs in to host 10.0.0.4 or 10.0.0.5 as user kmitnick", 
  "Step": "4.A.4", 
  "TacticGroup": "Persistence", 
  "Technique": "T1078", 
  "Technique_Name": "Valid Accounts"
}
{
  "Detection": [
    "Telemetry", 
    "Technique"
  ], 
  "DetectionModifiers": [], 
  "DetectionText": [
    "", 
    "A Technique detection named \"LOLBIN Dropping Uncommon Scripts\" (Low) was generated when powershell.exe downloaded rad353F7.ps1 from 192.168.0.4."
  ], 
  "Procedure": "powershell.exe downloads rad353F7.ps1 from 192.168.0.4", 
  "Step": "4.B.1", 
  "TacticGroup": "Command and Control", 
  "Technique": "T1105", 
  "Technique_Name": "Ingress Tool Transfer"
}
{
  "Detection": [
    "Telemetry", 
    "Technique"
  ], 
  "DetectionModifiers": [], 
  "DetectionText": [
    "", 
    "A Technique detection named \"LOLBIN Dropping Uncommon Executable\" (Low) was generated when powershell.exe downloaded smrs.exe from 192.168.0.4."
  ], 
  "Procedure": "powershell.exe downloads smrs.exe from 192.168.0.4", 
  "Step": "4.B.2", 
  "TacticGroup": "Command and Control", 
  "Technique": "T1105", 
  "Technique_Name": "Ingress Tool Transfer"
}
{
  "Detection": [
    "Technique", 
    "Telemetry"
  ], 
  "DetectionModifiers": [], 
  "DetectionText": [
    "A Technique detection named \"PowerShell Suspicious Flags Signal\" (Low) was generated when powershell.exe executed rad353F7.ps1.", 
    ""
  ], 
  "Procedure": "powershell.exe executes rad353F7.ps1", 
  "Step": "4.B.3", 
  "TacticGroup": "Execution", 
  "Technique": "T1059", 
  "Technique_Name": "Command and Scripting Interpreter"
}
{
  "Detection": [
    "Telemetry"
  ], 
  "DetectionModifiers": [], 
  "DetectionText": [
    ""
  ], 
  "Procedure": "powershell.exe adds a value under HKCU:\\Software\\Classes\\ms-settings\\shell\\open\\command via New-Item and New-ItemProperty", 
  "Step": "4.B.4", 
  "TacticGroup": "Defense Evasion", 
  "Technique": "T1112", 
  "Technique_Name": "Modify Registry"
}
{
  "Detection": [
    "General", 
    "Telemetry", 
    "Technique"
  ], 
  "DetectionModifiers": [], 
  "DetectionText": [
    "A General detection named \"Suspicious Process Creation\" was generated when fodhelper.exe spawned cmd.exe.", 
    "", 
    "A Technique detection named \"Bypass User Access Control\" was generated when fodhelper.exe spawned cmd.exe as a high-integrity process."
  ], 
  "Procedure": "fodhelper.exe spawns cmd.exe as a high-integrity process (note: Due to the configuration of the environment, the adversary's process was high by default. This sub-step was evaluated based on the criteria of detecting data related to process integrity level as well as the executed mechanics of the UAC bypass)", 
  "Step": "4.B.5", 
  "TacticGroup": "Privilege Escalation", 
  "Technique": "T1548", 
  "Technique_Name": "Abuse Elevation Control Mechanism"
}
{
  "Detection": [
    "Telemetry", 
    "Technique"
  ], 
  "DetectionModifiers": [], 
  "DetectionText": [
    "", 
    "A Technique detection named \"CMD Executed an Uncommonly Executed Process\" was generated when cmd.exe executed smrs.exe."
  ], 
  "Procedure": "cmd.exe spawns smrs.exe", 
  "Step": "4.B.6", 
  "TacticGroup": "Execution", 
  "Technique": "T1059", 
  "Technique_Name": "Command and Scripting Interpreter"
}
{
  "Detection": [
    "Technique", 
    "Technique", 
    "General", 
    "Telemetry"
  ], 
  "DetectionModifiers": [], 
  "DetectionText": [
    "A Technique detection named \"Sync.Mimikatz_RPM\" (High) was generated when smrs.exe opened and read lsass.exe.", 
    "A Technique detection named \"MiniDumper\" (High) was generated when smrs.exe opened and read lsass.exe.", 
    "A General detection named \"Yara Malware Signature\" (High) was generated when smrs.exe was detected as a credential dumper.", 
    ""
  ], 
  "Procedure": "smrs.exe opens and reads lsass.exe", 
  "Step": "4.B.7", 
  "TacticGroup": "Credential Access", 
  "Technique": "T1003", 
  "Technique_Name": "OS Credential Dumping"
}
{
  "Detection": [
    "Technique", 
    "Telemetry"
  ], 
  "DetectionModifiers": [], 
  "DetectionText": [
    "A Technique detection named \"LOLBIN Dropping Uncommon Executable\" (Low) was generated when powershell.exe created pscp.exe.", 
    ""
  ], 
  "Procedure": "powershell.exe downloads pscp.exe from 192.168.0.4", 
  "Step": "5.A.1", 
  "TacticGroup": "Command and Control", 
  "Technique": "T1105", 
  "Technique_Name": "Ingress Tool Transfer"
}
{
  "Detection": [
    "Technique", 
    "Telemetry"
  ], 
  "DetectionModifiers": [], 
  "DetectionText": [
    "A Technique detection named \"LOLBIN Dropping Uncommon Scripts\" (Low) was generated when powershell.exe created psexec.py.", 
    ""
  ], 
  "Procedure": "powershell.exe downloads psexec.py from 192.168.0.4", 
  "Step": "5.A.2", 
  "TacticGroup": "Command and Control", 
  "Technique": "T1105", 
  "Technique_Name": "Ingress Tool Transfer"
}
{
  "Detection": [
    "Telemetry", 
    "Technique"
  ], 
  "DetectionModifiers": [], 
  "DetectionText": [
    "", 
    "A Technique detection named \"LOLBIN Dropping Uncommon Executable\" (Low) was generated when powershell.exe created runtime."
  ], 
  "Procedure": "powershell.exe downloads runtime from 192.168.0.4", 
  "Step": "5.A.3", 
  "TacticGroup": "Command and Control", 
  "Technique": "T1105", 
  "Technique_Name": "Ingress Tool Transfer"
}
{
  "Detection": [
    "Technique", 
    "Telemetry"
  ], 
  "DetectionModifiers": [], 
  "DetectionText": [
    "A Technique detection named \"LOLBIN Dropping Uncommon Executable\" (Low) was generated when Powershell.exe created plink.exe.", 
    ""
  ], 
  "Procedure": "powershell.exe downloads plink.exe from 192.168.0.4", 
  "Step": "5.A.4", 
  "TacticGroup": "Command and Control", 
  "Technique": "T1105", 
  "Technique_Name": "Ingress Tool Transfer"
}
{
  "Detection": [
    "Telemetry", 
    "Technique"
  ], 
  "DetectionModifiers": [], 
  "DetectionText": [
    "", 
    "A Technique detection named \"LOLBIN Dropping Uncommon Executable\" (Low) was generated when powershell.exe created tiny.exe."
  ], 
  "Procedure": "powershell.exe downloads tiny.exe from 192.168.0.4", 
  "Step": "5.A.5", 
  "TacticGroup": "Command and Control", 
  "Technique": "T1105", 
  "Technique_Name": "Ingress Tool Transfer"
}
{
  "Detection": [
    "Telemetry"
  ], 
  "DetectionModifiers": [], 
  "DetectionText": [
    ""
  ], 
  "Procedure": "powershell.exe spawns cmd.exe", 
  "Step": "5.A.6", 
  "TacticGroup": "Execution", 
  "Technique": "T1059", 
  "Technique_Name": "Command and Scripting Interpreter"
}
{
  "Detection": [
    "Technique", 
    "Telemetry", 
    "Technique"
  ], 
  "DetectionModifiers": [], 
  "DetectionText": [
    "A Technique detection named \"Incoming SSH Connection\" (Low) was generated when pscp.exe connected over SCP (port 22) to 10.0.0.7.", 
    "", 
    "A Technique detection named \"Execution of a CLI file transfer/copy utility\" (Low) was generated when pscp.exe was executed."
  ], 
  "Procedure": "Pscp.exe connects over SCP (port 22) to 10.0.0.7", 
  "Step": "5.A.7", 
  "TacticGroup": "Lateral Movement", 
  "Technique": "T1021", 
  "Technique_Name": "Remote Services"
}
{
  "Detection": [
    "None"
  ], 
  "DetectionModifiers": [], 
  "DetectionText": [
    "Minimum detection criteria was not met for this procedure."
  ], 
  "Procedure": "User kmitnick logs on to bankfileserver (10.0.0.7)", 
  "Step": "5.A.8", 
  "TacticGroup": "Persistence", 
  "Technique": "T1078", 
  "Technique_Name": "Valid Accounts"
}
{
  "Detection": [
    "Telemetry", 
    "Technique", 
    "Technique"
  ], 
  "DetectionModifiers": [], 
  "DetectionText": [
    "", 
    "A Technique detection named \"SCP File Drop\" (Medium) was generated when pscp.exe copied psexec.py to 10.0.0.7.", 
    "A Technique detection named \"Uncommon Script File Dropped via SCP\" (Low) was generated when pscp.exe copied psexec.py to 10.0.0.7."
  ], 
  "Procedure": "Pscp.exe copies psexec.py to 10.0.0.7", 
  "Step": "5.A.9", 
  "TacticGroup": "Lateral Movement", 
  "Technique": "T1570", 
  "Technique_Name": "Lateral Tool Transfer"
}
{
  "Detection": [
    "Technique", 
    "Technique", 
    "Telemetry"
  ], 
  "DetectionModifiers": [], 
  "DetectionText": [
    "A Technique detection named \"Uncommon Executable Dropped Via SCP\" (Low) was generated when pscp.exe copied runtime to 10.0.0.7.", 
    "A Technique detection named \"Remote File Copy via SCP\" (Low) was generated when pscp.exe copied runtime to 10.0.0.7.", 
    ""
  ], 
  "Procedure": "Pscp.exe copies runtime to 10.0.0.7", 
  "Step": "5.A.10", 
  "TacticGroup": "Lateral Movement", 
  "Technique": "T1570", 
  "Technique_Name": "Lateral Tool Transfer"
}
{
  "Detection": [
    "Technique", 
    "Technique", 
    "Telemetry"
  ], 
  "DetectionModifiers": [], 
  "DetectionText": [
    "A Technique detection named \"SCP File Drop\" (Medium) was generated when pscp.exe copied tiny.exe to 10.0.0.7.", 
    "A Technique detection named \"Uncommon File Dropped via SSH Daemon\" (Low) was generated when pscp.exe copied tiny.exe to 10.0.0.7.", 
    ""
  ], 
  "Procedure": "Pscp.exe copies tiny.exe to 10.0.0.7", 
  "Step": "5.A.11", 
  "TacticGroup": "Lateral Movement", 
  "Technique": "T1570", 
  "Technique_Name": "Lateral Tool Transfer"
}
{
  "Detection": [
    "Technique", 
    "Telemetry"
  ], 
  "DetectionModifiers": [], 
  "DetectionText": [
    "A Technique detection named \"Incoming SSH Connections\" was generated when plink.exe connected over SSH (port 22) to 10.0.0.7.", 
    ""
  ], 
  "Procedure": "plink.exe connects over SSH (port 22) to 10.0.0.7", 
  "Step": "5.B.1", 
  "TacticGroup": "Lateral Movement", 
  "Technique": "T1021", 
  "Technique_Name": "Remote Services"
}
{
  "Detection": [
    "Telemetry", 
    "Technique"
  ], 
  "DetectionModifiers": [], 
  "DetectionText": [
    "", 
    "A Technique detection named \"Suspicious Account Login\" (Low) was generated when user kmitnick logged on to bankfileserver (10.0.0.7)."
  ], 
  "Procedure": "User kmitnick logs on to bankfileserver (10.0.0.7)", 
  "Step": "5.B.2", 
  "TacticGroup": "Persistence", 
  "Technique": "T1078", 
  "Technique_Name": "Valid Accounts"
}
{
  "Detection": [
    "Technique", 
    "Telemetry"
  ], 
  "DetectionModifiers": [], 
  "DetectionText": [
    "A Technique detection named \"Process enumeration using ps\" (Low) was generated when user kmitnick executes ps ax.", 
    ""
  ], 
  "Procedure": "User kmitnick executes ps ax", 
  "Step": "5.B.3", 
  "TacticGroup": "Discovery", 
  "Technique": "T1057", 
  "Technique_Name": "Process Discovery"
}
{
  "Detection": [
    "Telemetry", 
    "Technique"
  ], 
  "DetectionModifiers": [], 
  "DetectionText": [
    "", 
    "A Technique detection named \"File Discovery Using ls\" (Low) was generated when user kmitnick executed ls -lsahR /var/."
  ], 
  "Procedure": "User kmitnick executes ls -lsahR /var/", 
  "Step": "5.B.4", 
  "TacticGroup": "Discovery", 
  "Technique": "T1083", 
  "Technique_Name": "File and Directory Discovery"
}
{
  "Detection": [
    "Technique", 
    "Telemetry"
  ], 
  "DetectionModifiers": [], 
  "DetectionText": [
    "A Technique detection named \"File Data Collection\" was generated when user kmitnick read network-diagram-financial.xml via cat.", 
    ""
  ], 
  "Procedure": "User kmitnick reads network-diagram-financial.xml via cat", 
  "Step": "5.B.5", 
  "TacticGroup": "Collection", 
  "Technique": "T1005", 
  "Technique_Name": "Data from Local System"
}
{
  "Detection": [
    "Technique", 
    "Telemetry"
  ], 
  "DetectionModifiers": [], 
  "DetectionText": [
    "A Technique detection named \"Uncommon cat Command Execution\" (Low) was generated when user kmitnick read help-desk-ticket.txt via cat.", 
    ""
  ], 
  "Procedure": "User kmitnick reads help-desk-ticket.txt via cat", 
  "Step": "5.B.6", 
  "TacticGroup": "Collection", 
  "Technique": "T1005", 
  "Technique_Name": "Data from Local System"
}
{
  "Detection": [
    "Technique", 
    "Telemetry"
  ], 
  "DetectionModifiers": [], 
  "DetectionText": [
    "A Technique detection named \"Nslookup Enumeration\" (Low) was generated when user kmitnick enumerated the domain controller via nslookup.", 
    ""
  ], 
  "Procedure": "User kmitnick enumerates the domain controller via nslookup, which queries for the DC (10.0.0.4) over DNS (port 53)", 
  "Step": "5.B.7", 
  "TacticGroup": "Discovery", 
  "Technique": "T1018", 
  "Technique_Name": "Remote System Discovery"
}
{
  "Detection": [
    "Technique", 
    "Telemetry"
  ], 
  "DetectionModifiers": [], 
  "DetectionText": [
    "A Technique detection named \"Impacket Used for Pass the Hash\" (Low) was generated when psexec.py created a logon to 10.0.0.4 as user kmitnick.", 
    ""
  ], 
  "Procedure": "psexec.py creates a logon to 10.0.0.4 as user kmitnick", 
  "Step": "5.C.1", 
  "TacticGroup": "Lateral Movement", 
  "Technique": "T1550", 
  "Technique_Name": "Use Alternate Authentication Material"
}
{
  "Detection": [
    "Telemetry", 
    "Technique", 
    "Technique"
  ], 
  "DetectionModifiers": [], 
  "DetectionText": [
    "", 
    "A Technique detection named \"SMB Traffic for Non-Standard Process\" (Low) was generated when psexec.py connected to SMB shares on 10.0.0.4.", 
    "A Technique detection named \"Linux to Windows Lateral Movement via SMB\" (Medium) was generated when psexec.py connected to 10.0.0.4 over port 445."
  ], 
  "Procedure": "psexec.py connects to SMB shares on 10.0.0.4", 
  "Step": "5.C.2", 
  "TacticGroup": "Lateral Movement", 
  "Technique": "T1021", 
  "Technique_Name": "Remote Services"
}
{
  "Detection": [
    "General", 
    "Telemetry", 
    "Technique"
  ], 
  "DetectionModifiers": [], 
  "DetectionText": [
    "A General detection named \"Remote Windows Service Creation\" (Informational) was generated when the service executable was created.", 
    "", 
    "A Technique detection named \"Uncommon Process Execution from Services.exe\" (Low) was generated when cmd.exe spawned from a service executable in C:\\Windows\\."
  ], 
  "Procedure": "cmd.exe spawns from a service executable in C:\\Windows\\", 
  "Step": "5.C.3", 
  "TacticGroup": "Execution", 
  "Technique": "T1569", 
  "Technique_Name": "System Services"
}
{
  "Detection": [
    "Telemetry"
  ], 
  "DetectionModifiers": [], 
  "DetectionText": [
    ""
  ], 
  "Procedure": "tiny.exe is created on 10.0.0.4", 
  "Step": "5.C.4", 
  "TacticGroup": "Lateral Movement", 
  "Technique": "T1570", 
  "Technique_Name": "Lateral Tool Transfer"
}
{
  "Detection": [
    "Technique", 
    "Telemetry"
  ], 
  "DetectionModifiers": [], 
  "DetectionText": [
    "A Technique detection named \"Windows Scripting Engine Runs with System Privileges \" (Low) was generated when cmd.exe spawned tiny.exe.", 
    ""
  ], 
  "Procedure": "cmd.exe spawns tiny.exe", 
  "Step": "5.C.5", 
  "TacticGroup": "Execution", 
  "Technique": "T1059", 
  "Technique_Name": "Command and Scripting Interpreter"
}
{
  "Detection": [
    "General"
  ], 
  "DetectionModifiers": [], 
  "DetectionText": [
    "A General detection named \"Behavioral Threat\" was generated when threat activity indicitive of shellcode was identified."
  ], 
  "Procedure": "tiny.exe loads shellcode from network connection into memory", 
  "Step": "5.C.6", 
  "TacticGroup": "Defense Evasion", 
  "Technique": "T1140", 
  "Technique_Name": "Deobfuscate/Decode Files or Information"
}
{
  "Detection": [
    "Telemetry"
  ], 
  "DetectionModifiers": [], 
  "DetectionText": [
    ""
  ], 
  "Procedure": "tiny.exe loads system.management.automation.dll", 
  "Step": "6.A.1", 
  "TacticGroup": "Execution", 
  "Technique": "T1059", 
  "Technique_Name": "Command and Scripting Interpreter"
}
{
  "Detection": [
    "Telemetry", 
    "Technique"
  ], 
  "DetectionModifiers": [], 
  "DetectionText": [
    "", 
    "A Technique detection named \"Powershell remote host discovery used\" (Low) was generated when PowerShell executed Get-ADComputer."
  ], 
  "Procedure": "PowerShell executes Get-ADComputer", 
  "Step": "6.A.2", 
  "TacticGroup": "Discovery", 
  "Technique": "T1018", 
  "Technique_Name": "Remote System Discovery"
}
{
  "Detection": [
    "Telemetry", 
    "Technique"
  ], 
  "DetectionModifiers": [], 
  "DetectionText": [
    "", 
    "A Technique detection named \"Powershell user discovery command used\" was generated when PowerShell executed Get-NetUser."
  ], 
  "Procedure": "PowerShell executes Get-NetUser", 
  "Step": "6.A.3", 
  "TacticGroup": "Discovery", 
  "Technique": "T1087", 
  "Technique_Name": "Account Discovery"
}
{
  "Detection": [
    "Technique", 
    "Telemetry"
  ], 
  "DetectionModifiers": [], 
  "DetectionText": [
    "A Technique detection named \"Uncommon executable dropping an uncommon executable\" (Low) was generated when tiny.exe downloaded plink.exe from 192.168.0.4.", 
    ""
  ], 
  "Procedure": "tiny.exe downloads plink.exe from 192.168.0.4", 
  "Step": "7.A.1", 
  "TacticGroup": "Command and Control", 
  "Technique": "T1105", 
  "Technique_Name": "Ingress Tool Transfer"
}
{
  "Detection": [
    "Technique", 
    "Technique", 
    "Telemetry"
  ], 
  "DetectionModifiers": [], 
  "DetectionText": [
    "A Technique detection named \"Behavioral Threat\" (Informational) was generated when an unsigned process (tiny.exe) spawned cmd.exe.", 
    "A Technique detection named \"Uncommon LOLBIN execution\" (Low) was generated when tiny.exe spawned cmd.exe.", 
    ""
  ], 
  "Procedure": "tiny.exe spawns cmd.exe", 
  "Step": "7.A.2", 
  "TacticGroup": "Execution", 
  "Technique": "T1059", 
  "Technique_Name": "Command and Scripting Interpreter"
}
{
  "Detection": [
    "Telemetry"
  ], 
  "DetectionModifiers": [], 
  "DetectionText": [
    ""
  ], 
  "Procedure": "plink.exe transmits data to 192.168.0.4 over SSH protocol", 
  "Step": "7.A.3", 
  "TacticGroup": "Command and Control", 
  "Technique": "T1071", 
  "Technique_Name": "Application Layer Protocol"
}
{
  "Detection": [
    "Technique", 
    "Telemetry"
  ], 
  "DetectionModifiers": [], 
  "DetectionText": [
    "A Technique detection named \"Uncommon Successful Network Login\" (Low) was generated when kmitnick logged on to bankdc (10.0.0.4).", 
    ""
  ], 
  "Procedure": "User kmitnick logs on to bankdc (10.0.0.4)", 
  "Step": "7.A.4", 
  "TacticGroup": "Defense Evasion", 
  "Technique": "T1078", 
  "Technique_Name": "Valid Accounts"
}
{
  "Detection": [
    "Technique"
  ], 
  "DetectionModifiers": [
    "Delayed"
  ], 
  "DetectionText": [
    "A Technique detection named \"Remote RDP Session Enumeration via Qwinsta.exe\" (Low) was generated when powershell.exe was spawned and labeled as a remote process."
  ], 
  "Procedure": "RDP session from the localhost over TCP port 3389", 
  "Step": "7.A.5", 
  "TacticGroup": "Lateral Movement", 
  "Technique": "T1021", 
  "Technique_Name": "Remote Services"
}
{
  "Detection": [
    "General", 
    "Telemetry"
  ], 
  "DetectionModifiers": [], 
  "DetectionText": [
    "A General detection named \"Remote RDP Session Enumeration via Qwinsta.exe\" (Low) was generated when powershell.exe executed qwinsta /server:cfo.", 
    ""
  ], 
  "Procedure": "powershell.exe executes qwinsta /server:cfo", 
  "Step": "7.B.1", 
  "TacticGroup": "Discovery", 
  "Technique": "T1033", 
  "Technique_Name": "System Owner/User Discovery"
}
{
  "Detection": [
    "Technique"
  ], 
  "DetectionModifiers": [], 
  "DetectionText": [
    "A Technique detection named \"Uncommon successful network login\" (Low) was generated when user kmitnick logged on to cfo (10.0.0.5)."
  ], 
  "Procedure": "User kmitnick logs on to cfo (10.0.0.5)", 
  "Step": "7.B.2", 
  "TacticGroup": "Persistence", 
  "Technique": "T1078", 
  "Technique_Name": "Valid Accounts"
}
{
  "Detection": [
    "Technique"
  ], 
  "DetectionModifiers": [
    "Delayed"
  ], 
  "DetectionText": [
    "A Technique detection named \"Remote Desktop Protocol\" (Informational) was generated when powershell.exe was initiated from a remote terminal session."
  ], 
  "Procedure": "RDP session from 10.0.0.4 to 10.0.0.5 over TCP port 3389", 
  "Step": "7.B.3", 
  "TacticGroup": "Lateral Movement", 
  "Technique": "T1021", 
  "Technique_Name": "Remote Services"
}
{
  "Detection": [
    "General", 
    "Telemetry", 
    "Technique"
  ], 
  "DetectionModifiers": [], 
  "DetectionText": [
    "A General detection was generated when Java-Update.exe was detected as malware.", 
    "", 
    "A Technique detection named \"Uncommon executable dropping an uncommon executable\" (Low) was generated when scp.exe downloads Java-Update.exe from 192.168.0.4."
  ], 
  "Procedure": "scp.exe downloads Java-Update.exe from 192.168.0.4", 
  "Step": "7.C.1", 
  "TacticGroup": "Command and Control", 
  "Technique": "T1105", 
  "Technique_Name": "Ingress Tool Transfer"
}
{
  "Detection": [
    "Technique"
  ], 
  "DetectionModifiers": [], 
  "DetectionText": [
    "A Technique detection named \"LOLBIN Uncommon Directory Discovery\" (Informational) was generated when cmd.exe listed the contents of C:\\Users\\Public."
  ], 
  "Procedure": "dir lists the contents of C:\\Users\\Public", 
  "Step": "7.C.2", 
  "TacticGroup": "Discovery", 
  "Technique": "T1083", 
  "Technique_Name": "File and Directory Discovery"
}
{
  "Detection": [
    "General", 
    "Telemetry", 
    "Technique"
  ], 
  "DetectionModifiers": [], 
  "DetectionText": [
    "A General detection named \"YARA Malware Signature\" (High) was generated when Java-Update.vbs was detected as malware.", 
    "", 
    "A Technique detection named \"LOLBIN dropping uncommon scripts\" (Low) was generated when cmd.exe downloaded Java-Update.vbs from 192.168.0.4."
  ], 
  "Procedure": "cmd.exe downloads Java-Update.vbs from 192.168.0.4", 
  "Step": "7.C.3", 
  "TacticGroup": "Command and Control", 
  "Technique": "T1105", 
  "Technique_Name": "Ingress Tool Transfer"
}
{
  "Detection": [
    "Technique", 
    "Technique", 
    "Technique", 
    "Telemetry"
  ], 
  "DetectionModifiers": [], 
  "DetectionText": [
    "A Technique detection named \"New entry added to startup related Registry keys by signed process\" was generated when Java-Update subkey was added to HKLM\\Software\\Microsoft\\Windows\\CurrentVersion\\Run\n.", 
    "A Technique detection named \"Autostart Registry key created by a commonly-abused process\" was generated when Java-Update subkey was added to HKLM\\Software\\Microsoft\\Windows\\CurrentVersion\\Run\n.", 
    "A Technique detection named \"Script file added to startup-related Registry keys\" was generated when Java-Update subkey was added to HKLM\\Software\\Microsoft\\Windows\\CurrentVersion\\Run\n.", 
    ""
  ], 
  "Procedure": "Java-Update subkey is added to HKLM\\Software\\Microsoft\\Windows\\CurrentVersion\\Run", 
  "Step": "7.C.4", 
  "TacticGroup": "Persistence", 
  "Technique": "T1547", 
  "Technique_Name": "Boot or Logon Autostart Execution"
}
{
  "Detection": [
    "General", 
    "Technique", 
    "Telemetry"
  ], 
  "DetectionModifiers": [], 
  "DetectionText": [
    "A General detection named \"Memory Corruption Exploit\" was generated when Suscpicious access to DLLs was attempted.", 
    "A Technique detection named \"YARA Malware Signatue\" (High) was generated when wscript.exe spawned Java-Update.exe.", 
    ""
  ], 
  "Procedure": "wscript.exe spawns Java-Update.exe", 
  "Step": "8.A.1", 
  "TacticGroup": "Execution", 
  "Technique": "T1059", 
  "Technique_Name": "Command and Scripting Interpreter"
}
{
  "Detection": [
    "Technique", 
    "Telemetry"
  ], 
  "DetectionModifiers": [], 
  "DetectionText": [
    "A Technique detection named \"HTTPS Traffic via Direct IP\" (Informational) was generated when Java-Update.exe exchanged data with 192.168.0.4 over HTTPS protocol.", 
    ""
  ], 
  "Procedure": "Java-Update.exe transmits data to 192.168.0.4 over HTTPS protocol", 
  "Step": "8.A.2", 
  "TacticGroup": "Command and Control", 
  "Technique": "T1071", 
  "Technique_Name": "Application Layer Protocol"
}
{
  "Detection": [
    "Technique", 
    "Telemetry"
  ], 
  "DetectionModifiers": [], 
  "DetectionText": [
    "A Technique detection named \"HTTPS Traffic via Direct IP\" (Informational) was generated when Java-Update.exe exchanges data with 192.168.0.4 over HTTPS protocol.", 
    ""
  ], 
  "Procedure": "Java-Update.exe transmits data to 192.168.0.4 over HTTPS protocol", 
  "Step": "8.A.3", 
  "TacticGroup": "Command and Control", 
  "Technique": "T1573", 
  "Technique_Name": "Encrypted Channel"
}
{
  "Detection": [
    "General", 
    "Technique", 
    "Telemetry"
  ], 
  "DetectionModifiers": [], 
  "DetectionText": [
    "A General detection was generated when DefenderUpgradeExec.exe was detected as malware.", 
    "A Technique detection named \"Uncommon executable dropping uncommon executable\" was generated when Java-Update.exe downloaded DefenderUpgradeExec.exe.", 
    ""
  ], 
  "Procedure": "Java-Update.exe downloads DefenderUpgradeExec.exe from 192.168.0.4", 
  "Step": "9.A.1", 
  "TacticGroup": "Command and Control", 
  "Technique": "T1105", 
  "Technique_Name": "Ingress Tool Transfer"
}
{
  "Detection": [
    "Technique", 
    "Telemetry"
  ], 
  "DetectionModifiers": [], 
  "DetectionText": [
    "A Technique detection named \"Uncommon process calls keylogging syscalls\" (Low) was generated when DefenderUpgradeExec.exe called the SetWindowsHookEx API.", 
    ""
  ], 
  "Procedure": "DefenderUpgradeExec.exe calls the SetWindowsHookEx API", 
  "Step": "9.A.2", 
  "TacticGroup": "Credential Access", 
  "Technique": "T1056", 
  "Technique_Name": "Input Capture"
}
{
  "Detection": [
    "Technique", 
    "Technique", 
    "Telemetry"
  ], 
  "DetectionModifiers": [], 
  "DetectionText": [
    "A Technique detection named \"Behavioral Threat\" was generated when Java-Update.exe wrote virtul memory in explorer.exe.", 
    "A Technique detection named \"Injection After Allocation\" (High) was generated when Java-Update.exe injected into explorer.exe with CreateRemoteThread.", 
    ""
  ], 
  "Procedure": "Java-Update.exe injects into explorer.exe with CreateRemoteThread", 
  "Step": "9.A.3", 
  "TacticGroup": "Defense Evasion", 
  "Technique": "T1055", 
  "Technique_Name": "Process Injection"
}
{
  "Detection": [
    "Telemetry", 
    "Technique"
  ], 
  "DetectionModifiers": [], 
  "DetectionText": [
    "", 
    "A Technique detection named \"Injected thread using suspicious API call\" (Low) was generated when explorer.exe called the CreateCompatibleBitmap API from Gdi32.dll."
  ], 
  "Procedure": "explorer.exe calls the CreateCompatibleBitmap API from Gdi32.dll", 
  "Step": "9.A.4", 
  "TacticGroup": "Collection", 
  "Technique": "T1113", 
  "Technique_Name": "Screen Capture"
}
{
  "Detection": [
    "Telemetry", 
    "Technique"
  ], 
  "DetectionModifiers": [], 
  "DetectionText": [
    "", 
    "A Technique detection named \"Injected thread reads an uncommon file\" (Low) was generated when explorer.exe read C:\\Users\\jsmith\\AppData\\Local\\Temp\\klog2.txt."
  ], 
  "Procedure": "explorer.exe reads C:\\Users\\jsmith\\AppData\\Local\\Temp\\Klog2.txt over to 192.168.0.4", 
  "Step": "9.A.5", 
  "TacticGroup": "Collection", 
  "Technique": "T1005", 
  "Technique_Name": "Data from Local System"
}
{
  "Detection": [
    "Technique", 
    "Telemetry", 
    "General"
  ], 
  "DetectionModifiers": [], 
  "DetectionText": [
    "A Technique detection named \"Injected thread writes an uncommon executable\" (Low) was generated when explorer.exe downloaded infosMin48.exe from 192.168.0.4.", 
    "", 
    "A General detection named \"Executable file written to a temporary folder\" (Low) was generated when explorer.exe wrote infosMin48.exe to the TEMP folder."
  ], 
  "Procedure": "explorer.exe downloads infosMin48.exe from 192.168.0.4", 
  "Step": "9.B.1", 
  "TacticGroup": "Command and Control", 
  "Technique": "T1105", 
  "Technique_Name": "Ingress Tool Transfer"
}
{
  "Detection": [
    "Telemetry", 
    "Technique"
  ], 
  "DetectionModifiers": [], 
  "DetectionText": [
    "", 
    "A Technique detection named \"Suspicious loading of vaultcli.dll by unsigned process\" (High) was generated when infosMin48.exe loaded vaultcli.dll."
  ], 
  "Procedure": "infosMin48.exe calls the VaultEnumerateItems API from vaultcli.dll", 
  "Step": "9.B.2", 
  "TacticGroup": "Credential Access", 
  "Technique": "T1555", 
  "Technique_Name": "Credentials from Password Stores"
}
{
  "Detection": [
    "Telemetry", 
    "Technique"
  ], 
  "DetectionModifiers": [], 
  "DetectionText": [
    "", 
    "A Technique detection named \"Suspicous file deletion by powershell.exe\" was generated when powershell.exe deleted files from C:\\Users\\jsmith\\AppData\\Local\\Temp\\."
  ], 
  "Procedure": "powershell.exe deletes files from C:\\Users\\jsmith\\AppData\\Local\\Temp\\", 
  "Step": "9.B.3", 
  "TacticGroup": "Defense Evasion", 
  "Technique": "T1070", 
  "Technique_Name": "Indicator Removal on Host"
}
{
  "Detection": [
    "General", 
    "Telemetry"
  ], 
  "DetectionModifiers": [], 
  "DetectionText": [
    "A General detection named \"Injected thread writes an uncommon executable\" (Low) was generated when explorer.exe downloaded tightvnc-2.8.27-gpl-setup-64bit.msi from 192.168.0.4.", 
    ""
  ], 
  "Procedure": "explorer.exe downloads tightvnc-2.8.27-gpl-setup-64bit.msi from 192.168.0.4", 
  "Step": "10.A.1", 
  "TacticGroup": "Command and Control", 
  "Technique": "T1105", 
  "Technique_Name": "Ingress Tool Transfer"
}
{
  "Detection": [
    "Technique", 
    "Telemetry"
  ], 
  "DetectionModifiers": [], 
  "DetectionText": [
    "A Technique detection named \"Injected thread writes an uncommon script file\" (Low) was generated when explorer.exe downloaded vnc-settings.reg from 192.168.0.4.", 
    ""
  ], 
  "Procedure": "explorer.exe downloads vnc-settings.reg from 192.168.0.4", 
  "Step": "10.A.2", 
  "TacticGroup": "Command and Control", 
  "Technique": "T1105", 
  "Technique_Name": "Ingress Tool Transfer"
}
{
  "Detection": [
    "Technique", 
    "Telemetry"
  ], 
  "DetectionModifiers": [], 
  "DetectionText": [
    "A Technique detection named \"Netsh.exe modifies allowed firewall port/program lists\" (Low) was generated when netsh.exe added 'Service Host' rule to allow TCP port 5900 inbound.", 
    ""
  ], 
  "Procedure": "netsh adds Service Host rule for TCP port 5900", 
  "Step": "10.A.3", 
  "TacticGroup": "Defense Evasion", 
  "Technique": "T1562", 
  "Technique_Name": "Impair Defenses"
}
{
  "Detection": [
    "Technique", 
    "Telemetry"
  ], 
  "DetectionModifiers": [], 
  "DetectionText": [
    "A Technique detection named \"New entry added to startup related Registry keys by signed process\" was generated when tvncontrol subkey was added to HKLM\\Software\\Microsoft\\CurrentVersion\\Run.", 
    ""
  ], 
  "Procedure": "msiexec.exe adds the tvncontrol subkey in HKLM\\Software\\Microsoft\\CurrentVersion\\Run", 
  "Step": "10.A.4", 
  "TacticGroup": "Persistence", 
  "Technique": "T1547", 
  "Technique_Name": "Boot or Logon Autostart Execution"
}
{
  "Detection": [
    "Telemetry"
  ], 
  "DetectionModifiers": [], 
  "DetectionText": [
    ""
  ], 
  "Procedure": "Addition of subkeys in HKLM\\Software\\TightVNC\\Server", 
  "Step": "10.A.5", 
  "TacticGroup": "Defense Evasion", 
  "Technique": "T1112", 
  "Technique_Name": "Modify Registry"
}
{
  "Detection": [
    "Technique", 
    "Telemetry"
  ], 
  "DetectionModifiers": [], 
  "DetectionText": [
    "A Technique detection named \"Uncommon reg.exe command-line executed\" (Low) was generated when Java-Update subkey at HKLM\\Software\\Microsoft\\Windows\\CurrentVersion\\Run was deleted.", 
    ""
  ], 
  "Procedure": "Deletion of the Java-Update subkey in HKLM\\Software\\Microsoft\\Windows\\CurrentVersion\\Run", 
  "Step": "10.A.6", 
  "TacticGroup": "Defense Evasion", 
  "Technique": "T1112", 
  "Technique_Name": "Modify Registry"
}
{
  "Detection": [
    "Telemetry", 
    "Technique"
  ], 
  "DetectionModifiers": [], 
  "DetectionText": [
    "", 
    "A Technique detection named \"Rare VNC session\" (Low) was generated when tvnserver.exe accepted a connection from 192.168.0.4 over TCP port 5900\n."
  ], 
  "Procedure": "tvnserver.exe accepts a connection from 192.168.0.4 over TCP port 5900", 
  "Step": "10.B.1", 
  "TacticGroup": "Command and Control", 
  "Technique": "T1219", 
  "Technique_Name": "Remote Access Software"
}
{
  "Detection": [
    "Telemetry"
  ], 
  "DetectionModifiers": [], 
  "DetectionText": [
    ""
  ], 
  "Procedure": "explorer.exe spawns winword.exe when user clicks 2-list.rtf", 
  "Step": "11.A.1", 
  "TacticGroup": "Execution", 
  "Technique": "T1204", 
  "Technique_Name": "User Execution"
}
{
  "Detection": [
    "Telemetry", 
    "General"
  ], 
  "DetectionModifiers": [], 
  "DetectionText": [
    "", 
    "A General detection named \"Office process creates an unusual .LNK file\" was generated when 2-list.rtf contained an embedded lnk payload."
  ], 
  "Procedure": "2-list.rtf contains an embedded lnk payload that is dropped to disk", 
  "Step": "11.A.2", 
  "TacticGroup": "Defense Evasion", 
  "Technique": "T1027", 
  "Technique_Name": "Obfuscated Files or Information"
}
{
  "Detection": [
    "Technique", 
    "Telemetry"
  ], 
  "DetectionModifiers": [], 
  "DetectionText": [
    "A Technique detection named \"Mshta.exe launched with suspicious arguments\" (Medium) was generated when winword.exe spawned mshta.exe.", 
    ""
  ], 
  "Procedure": "winword.exe spawns mshta.exe", 
  "Step": "11.A.3", 
  "TacticGroup": "Execution", 
  "Technique": "T1218", 
  "Technique_Name": "Signed Binary Proxy Execution"
}
{
  "Detection": [
    "General", 
    "Telemetry", 
    "Technique"
  ], 
  "DetectionModifiers": [], 
  "DetectionText": [
    "A General detection named \"Behavioral Threat\" was generated when mshta.exe executed an embedded VBScript payload.", 
    "", 
    "A Technique detection named \"VBScript or VBA Execution via vbscript/vbe7.dll\" was generated when mshta.exe executed an embedded VBScript payload."
  ], 
  "Procedure": "mshta.exe executes an embedded VBScript payload", 
  "Step": "11.A.4", 
  "TacticGroup": "Execution", 
  "Technique": "T1059", 
  "Technique_Name": "Command and Scripting Interpreter"
}
{
  "Detection": [
    "Technique", 
    "Telemetry"
  ], 
  "DetectionModifiers": [], 
  "DetectionText": [
    "A Technique detection named \"Suspicious VBScript obfuscation technique\" (Low) was generated when mshta.exe assembled text embedded within 2-list.rtf into a JS payload.", 
    ""
  ], 
  "Procedure": "mshta.exe assembles text embedded within 2-list.rtf into a JS payload", 
  "Step": "11.A.5", 
  "TacticGroup": "Defense Evasion", 
  "Technique": "T1140", 
  "Technique_Name": "Deobfuscate/Decode Files or Information"
}
{
  "Detection": [
    "Telemetry", 
    "Technique"
  ], 
  "DetectionModifiers": [], 
  "DetectionText": [
    "", 
    "A Technique detection named \"Renamed Script Engine by Hash\" was generated when mshta.exe made a copy of the legitimate wscript.exe as Adb156.exe."
  ], 
  "Procedure": "mshta.exe makes a copy of the legitimate wscript.exe as Adb156.exe", 
  "Step": "11.A.6", 
  "TacticGroup": "Defense Evasion", 
  "Technique": "T1036", 
  "Technique_Name": "Masquerading"
}
{
  "Detection": [
    "Telemetry", 
    "Technique"
  ], 
  "DetectionModifiers": [], 
  "DetectionText": [
    "", 
    "A Technique detection named \"Inter-Process Communication\" (Low) was generated when winword.exe spawned verclsid.exe and loads VBE7.DLL, VBEUI.DLL, and VBE7INTL.DLL."
  ], 
  "Procedure": "winword.exe spawns verclsid.exe and loads VBE7.DLL, VBEUI.DLL, and VBE7INTL.DLL", 
  "Step": "11.A.7", 
  "TacticGroup": "Execution", 
  "Technique": "T1559", 
  "Technique_Name": "Inter-Process Communication"
}
{
  "Detection": [
    "Technique", 
    "Telemetry"
  ], 
  "DetectionModifiers": [], 
  "DetectionText": [
    "A Technique detection named \"Office process creates a scheduled task via file access\" (Medium) was generated when mshta.exe created a scheduled task to execute in 5 minutes.", 
    ""
  ], 
  "Procedure": "mshta.exe loads taskschd.dll and creates a scheduled task to execute in 5 minutes", 
  "Step": "11.A.8", 
  "TacticGroup": "Execution", 
  "Technique": "T1053", 
  "Technique_Name": "Scheduled Task/Job"
}
{
  "Detection": [
    "Technique", 
    "Telemetry"
  ], 
  "DetectionModifiers": [], 
  "DetectionText": [
    "A Technique detection named \"Remote Scheduled Task Executed\" (Informational) was generated when svchost.exe spawned adb156.exe.", 
    ""
  ], 
  "Procedure": "svchost.exe (-s Schedule) spawns Adb156.exe", 
  "Step": "12.A.1", 
  "TacticGroup": "Execution", 
  "Technique": "T1053", 
  "Technique_Name": "Scheduled Task/Job"
}
{
  "Detection": [
    "Telemetry", 
    "Technique"
  ], 
  "DetectionModifiers": [], 
  "DetectionText": [
    "", 
    "A Technique detection named \"JScript execution from renamed/unknown script engines executables\" (Low) was generated when  Adb156.exe executed sql-rat.js using Jscript."
  ], 
  "Procedure": "Adb156.exe loads scrobj.dll and executes sql-rat.js using Jscript", 
  "Step": "12.A.2", 
  "TacticGroup": "Execution", 
  "Technique": "T1059", 
  "Technique_Name": "Command and Scripting Interpreter"
}
{
  "Detection": [
    "Technique", 
    "Telemetry"
  ], 
  "DetectionModifiers": [], 
  "DetectionText": [
    "A Technique detection named \"Unusual Port used to Connect to an External Destination\" (Low) was generated when adb156.exe transmits data to 192.168.0.6 over port 1433.", 
    ""
  ], 
  "Procedure": "Adb156.exe transmits data to 192.168.0.6 via MSSQL transactions", 
  "Step": "12.A.3", 
  "TacticGroup": "Command and Control", 
  "Technique": "T1071", 
  "Technique_Name": "Application Layer Protocol"
}
{
  "Detection": [
    "Telemetry", 
    "General"
  ], 
  "DetectionModifiers": [], 
  "DetectionText": [
    "", 
    "A General detection named \"Security Tools Detection Attempted\" was generated when Adb156.exe made a WMI query for Win32_NetworkAdapterConfiguration."
  ], 
  "Procedure": "Adb156.exe makes a WMI query for Win32_NetworkAdapterConfiguration", 
  "Step": "12.A.4", 
  "TacticGroup": "Discovery", 
  "Technique": "T1016", 
  "Technique_Name": "System Network Configuration Discovery"
}
{
  "Detection": [
    "Telemetry", 
    "General"
  ], 
  "DetectionModifiers": [], 
  "DetectionText": [
    "", 
    "A General detection named \"Security Tools Detection Attempted\" was generated when Adb156.exe made a WMI query for Win32_LogicalDisk."
  ], 
  "Procedure": "Adb156.exe makes a WMI query for Win32_LogicalDisk", 
  "Step": "12.A.5", 
  "TacticGroup": "Discovery", 
  "Technique": "T1082", 
  "Technique_Name": "System Information Discovery"
}
{
  "Detection": [
    "Technique", 
    "Telemetry"
  ], 
  "DetectionModifiers": [], 
  "DetectionText": [
    "A Technique detection named \"Uncommon script files created in public directory\" was generated when Adb156.exe downloaded stager.ps1.", 
    ""
  ], 
  "Procedure": "Adb156.exe downloads stager.ps1 from 192.168.0.6", 
  "Step": "12.B.1", 
  "TacticGroup": "Command and Control", 
  "Technique": "T1105", 
  "Technique_Name": "Ingress Tool Transfer"
}
{
  "Detection": [
    "Technique", 
    "Telemetry"
  ], 
  "DetectionModifiers": [], 
  "DetectionText": [
    "A Technique detection named \"Process Discovery\" (Informational) was generated when Adb156.exe made a WMI query for Win32_Process.", 
    ""
  ], 
  "Procedure": "Adb156.exe makes a WMI query for Win32_Process", 
  "Step": "13.A.1", 
  "TacticGroup": "Discovery", 
  "Technique": "T1057", 
  "Technique_Name": "Process Discovery"
}
{
  "Detection": [
    "Technique", 
    "Telemetry"
  ], 
  "DetectionModifiers": [], 
  "DetectionText": [
    "A Technique detection named \"cmd.exe execution\" (Informational) was generated when Adb156.exe spawned cmd.exe.", 
    ""
  ], 
  "Procedure": "Adb156.exe spawns cmd.exe", 
  "Step": "13.A.2", 
  "TacticGroup": "Execution", 
  "Technique": "T1059", 
  "Technique_Name": "Command and Scripting Interpreter"
}
{
  "Detection": [
    "Technique", 
    "Telemetry"
  ], 
  "DetectionModifiers": [], 
  "DetectionText": [
    "A Technique detection named \"Enumeration using net.exe or net1.exe\" (Low) was generated when cmd.exe executed net view.", 
    ""
  ], 
  "Procedure": "cmd.exe executes net view", 
  "Step": "13.A.3", 
  "TacticGroup": "Discovery", 
  "Technique": "T1135", 
  "Technique_Name": "Network Share Discovery"
}
{
  "Detection": [
    "Technique", 
    "Telemetry"
  ], 
  "DetectionModifiers": [], 
  "DetectionText": [
    "A Technique detection named \"WMI Sandbox Virtualization Discovery\" (Informational) was generated when Adb156.exe made a WMI query for Win32_BIOS.", 
    ""
  ], 
  "Procedure": "Adb156.exe makes a WMI query for Win32_BIOS", 
  "Step": "13.A.4", 
  "TacticGroup": "Defense Evasion", 
  "Technique": "T1497", 
  "Technique_Name": "Virtualization/Sandbox Evasion"
}
{
  "Detection": [
    "Telemetry", 
    "Technique"
  ], 
  "DetectionModifiers": [], 
  "DetectionText": [
    "", 
    "A Technique detection named \"Environment variables queried inside script\" was generated when Adb156.exe queried the USERNAME environment variable."
  ], 
  "Procedure": "Adb156.exe queries the USERNAME environment variable", 
  "Step": "13.A.5", 
  "TacticGroup": "Discovery", 
  "Technique": "T1033", 
  "Technique_Name": "System Owner/User Discovery"
}
{
  "Detection": [
    "Telemetry", 
    "Technique"
  ], 
  "DetectionModifiers": [], 
  "DetectionText": [
    "", 
    "A Technique detection named \"Environment variables queried inside script\" was generated when  Adb156.exe queried the COMPUTERNAME environment variable."
  ], 
  "Procedure": "Adb156.exe queries the COMPUTERNAME environment variable", 
  "Step": "13.A.6", 
  "TacticGroup": "Discovery", 
  "Technique": "T1082", 
  "Technique_Name": "System Information Discovery"
}
{
  "Detection": [
    "Technique", 
    "Telemetry"
  ], 
  "DetectionModifiers": [], 
  "DetectionText": [
    "A Technique detection named \"System network configuration discovery via WMI\" (Informational) was generated when  Adb156.exe made a WMI query for Win32_ComputerSystem.", 
    ""
  ], 
  "Procedure": "Adb156.exe makes a WMI query for Win32_ComputerSystem", 
  "Step": "13.A.8", 
  "TacticGroup": "Discovery", 
  "Technique": "T1016", 
  "Technique_Name": "System Network Configuration Discovery"
}
{
  "Detection": [
    "Technique", 
    "Telemetry"
  ], 
  "DetectionModifiers": [], 
  "DetectionText": [
    "A Technique detection named \"System information discovery via WMI\" (Informational) was generated when Adb156.exe made a WMI query for Win32_OperatingSystem.", 
    ""
  ], 
  "Procedure": "Adb156.exe makes a WMI query for Win32_OperatingSystem", 
  "Step": "13.A.9", 
  "TacticGroup": "Discovery", 
  "Technique": "T1082", 
  "Technique_Name": "System Information Discovery"
}
{
  "Detection": [
    "Technique", 
    "Telemetry"
  ], 
  "DetectionModifiers": [], 
  "DetectionText": [
    "A Technique detection named \"Uncommon script files created in public directory\" (Low) was generated when  Adb156.exe downloaded takeScreenshot.ps1.", 
    ""
  ], 
  "Procedure": "Adb156.exe downloads takeScreenshot.ps1 from 192.168.0.6 via MSSQL transactions", 
  "Step": "13.B.1", 
  "TacticGroup": "Command and Control", 
  "Technique": "T1105", 
  "Technique_Name": "Ingress Tool Transfer"
}
{
  "Detection": [
    "Telemetry"
  ], 
  "DetectionModifiers": [], 
  "DetectionText": [
    ""
  ], 
  "Procedure": "Adb156.exe spawns cmd.exe", 
  "Step": "13.B.2", 
  "TacticGroup": "Execution", 
  "Technique": "T1059", 
  "Technique_Name": "Command and Scripting Interpreter"
}
{
  "Detection": [
    "Telemetry", 
    "Technique"
  ], 
  "DetectionModifiers": [], 
  "DetectionText": [
    "", 
    "A Technique detection named \"Command-line Process Started a Shell Process\" (Low) was generated when cmd.exe spawned powershell.exe."
  ], 
  "Procedure": "cmd.exe spawns powershell.exe", 
  "Step": "13.B.3", 
  "TacticGroup": "Execution", 
  "Technique": "T1059", 
  "Technique_Name": "Command and Scripting Interpreter"
}
{
  "Detection": [
    "Technique", 
    "Telemetry"
  ], 
  "DetectionModifiers": [], 
  "DetectionText": [
    "A Technique detection named \"Possible screen capture from powershell.exe\" (Low) was generated when powershell.exe executed CopyFromScreen().", 
    ""
  ], 
  "Procedure": "powershell.exe executes CopyFromScreen()", 
  "Step": "13.B.4", 
  "TacticGroup": "Collection", 
  "Technique": "T1113", 
  "Technique_Name": "Screen Capture"
}
{
  "Detection": [
    "Telemetry"
  ], 
  "DetectionModifiers": [], 
  "DetectionText": [
    ""
  ], 
  "Procedure": "Adb156.exe reads and uploads image.png to 192.168.0.6 via MSSQL transactions", 
  "Step": "13.B.5", 
  "TacticGroup": "Exfiltration", 
  "Technique": "T1041", 
  "Technique_Name": "Exfiltration Over Command and Control Channel"
}
{
  "Detection": [
    "Telemetry"
  ], 
  "DetectionModifiers": [], 
  "DetectionText": [
    ""
  ], 
  "Procedure": "Adb156.exe spawns cmd.exe", 
  "Step": "14.A.1", 
  "TacticGroup": "Execution", 
  "Technique": "T1059", 
  "Technique_Name": "Command and Scripting Interpreter"
}
{
  "Detection": [
    "Telemetry", 
    "Technique"
  ], 
  "DetectionModifiers": [], 
  "DetectionText": [
    "", 
    "A Technique detection named \"Non-PowerShell process launched with PowerShell\" (Informational) was generated when cmd.exe spawned powershell.exe."
  ], 
  "Procedure": "cmd.exe spawns powershell.exe", 
  "Step": "14.A.2", 
  "TacticGroup": "Execution", 
  "Technique": "T1059", 
  "Technique_Name": "Command and Scripting Interpreter"
}
{
  "Detection": [
    "General", 
    "Technique"
  ], 
  "DetectionModifiers": [], 
  "DetectionText": [
    "A General detection named \"Behavioral Threat\" was generated when powershell.exe decoded and imported a .dll.", 
    "A Technique detection named \"Powershell Executed Encoded Data\" was generated when the buffer of the dll was detected upon reading it in memory."
  ], 
  "Procedure": "powershell.exe decodes an embedded DLL payload", 
  "Step": "14.A.3", 
  "TacticGroup": "Defense Evasion", 
  "Technique": "T1140", 
  "Technique_Name": "Deobfuscate/Decode Files or Information"
}
{
  "Detection": [
    "Technique"
  ], 
  "DetectionModifiers": [], 
  "DetectionText": [
    "A Technique detection named \"Powershell executed encoded data\" was generated when powershell.exe executed the decoded payload using Invoke-Expression (IEX)."
  ], 
  "Procedure": "powershell.exe executes the decoded payload using Invoke-Expression (IEX)", 
  "Step": "14.A.4", 
  "TacticGroup": "Execution", 
  "Technique": "T1059", 
  "Technique_Name": "Command and Scripting Interpreter"
}
{
  "Detection": [
    "Technique"
  ], 
  "DetectionModifiers": [], 
  "DetectionText": [
    "A Technique detection named \"Deobfuscation attempt\" was generated when powershell.exe executed commands that can be used to deobfuscate commands or files."
  ], 
  "Procedure": "powershell.exe loads shellcode from network connection into memory", 
  "Step": "14.A.5", 
  "TacticGroup": "Defense Evasion", 
  "Technique": "T1140", 
  "Technique_Name": "Deobfuscate/Decode Files or Information"
}
{
  "Detection": [
    "Telemetry", 
    "General"
  ], 
  "DetectionModifiers": [], 
  "DetectionText": [
    "", 
    "A General detection named \"HTTP & HTTPS traffic originating for uncommonly located executable\" (Informational) was generated when powershell.exe connected to 192.168.0.4 over HTTPS."
  ], 
  "Procedure": "powershell.exe transmits data to 192.168.0.4 over HTTPS protocol", 
  "Step": "14.A.6", 
  "TacticGroup": "Command and Control", 
  "Technique": "T1071", 
  "Technique_Name": "Application Layer Protocol"
}
{
  "Detection": [
    "None"
  ], 
  "DetectionModifiers": [], 
  "DetectionText": [
    "Minimum detection criteria was not met for this procedure."
  ], 
  "Procedure": "powershell.exe transmits data to 192.168.0.4 over HTTPS protocol", 
  "Step": "14.A.7", 
  "TacticGroup": "Command and Control", 
  "Technique": "T1573", 
  "Technique_Name": "Encrypted Channel"
}
{
  "Detection": [
    "Telemetry", 
    "Technique"
  ], 
  "DetectionModifiers": [], 
  "DetectionText": [
    "", 
    "A Technique detection named \"Powershell process list query\" was generated when powershell queried the system process list."
  ], 
  "Procedure": "powershell.exe calls the CreateToolhelp32Snapshot() API", 
  "Step": "15.A.1", 
  "TacticGroup": "Discovery", 
  "Technique": "T1057", 
  "Technique_Name": "Process Discovery"
}
{
  "Detection": [
    "Technique", 
    "Telemetry"
  ], 
  "DetectionModifiers": [], 
  "DetectionText": [
    "A Technique detection named \"LOLBIN dropping an uncommon executable\" was generated when powershell.exe downloaded samcat.exe from 192.168.0.4.", 
    ""
  ], 
  "Procedure": "powershell.exe downloads samcat.exe from 192.168.0.4", 
  "Step": "15.A.2", 
  "TacticGroup": "Command and Control", 
  "Technique": "T1105", 
  "Technique_Name": "Ingress Tool Transfer"
}
{
  "Detection": [
    "Technique", 
    "Telemetry"
  ], 
  "DetectionModifiers": [], 
  "DetectionText": [
    "A Technique detection named \"LOLBIN Dropping Uncommon Executable\" was generated when powershell.exe downloaded uac-samcats.ps1 from 192.168.0.4.", 
    ""
  ], 
  "Procedure": "powershell.exe downloads uac-samcats.ps1 from 192.168.0.4", 
  "Step": "15.A.3", 
  "TacticGroup": "Command and Control", 
  "Technique": "T1105", 
  "Technique_Name": "Ingress Tool Transfer"
}
{
  "Detection": [
    "Telemetry", 
    "Technique"
  ], 
  "DetectionModifiers": [], 
  "DetectionText": [
    "", 
    "A Technique detection named \"PowerShell suspicious flags signal\" was generated when powershell.exe spawned powershell.exe."
  ], 
  "Procedure": "powershell.exe spawns powershell.exe", 
  "Step": "15.A.4", 
  "TacticGroup": "Execution", 
  "Technique": "T1059", 
  "Technique_Name": "Command and Scripting Interpreter"
}
{
  "Detection": [
    "General", 
    "Technique"
  ], 
  "DetectionModifiers": [], 
  "DetectionText": [
    "A General detection named \"Powershell Run Key Added\" (Informational) was generated when a Registry entry used for User Account Control bypass was set.", 
    "A Technique detection named \"Rare process runs with high integrity level\" was generated when powershell.exe spawned samcat.exe as a high-integrity process."
  ], 
  "Procedure": "powershell.exe spawns samcat.exe as a high-integrity process (note: Due to the configuration of the environment, the adversary's process was high by default. This sub-step was evaluated based on the criteria of detecting data related to process integrity level as well as the executed mechanics of the UAC bypass)", 
  "Step": "15.A.5", 
  "TacticGroup": "Privilege Escalation", 
  "Technique": "T1548", 
  "Technique_Name": "Abuse Elevation Control Mechanism"
}
{
  "Detection": [
    "Technique", 
    "Technique", 
    "General", 
    "Technique"
  ], 
  "DetectionModifiers": [], 
  "DetectionText": [
    "A Technique detection named \"Behavioral Threat\" was generated when a suspicious handle to lsass was detected.", 
    "A Technique detection named \"Behavioral Threat\" (Informational) was generated when a registry query for the SAM hive occured.", 
    "A General detection named \"YARA Malware Signature\" was generated when samcat.exe was identified as a credential dumper.", 
    "A Technique detection named \"Mimikatz LSA Dump\" (High) was generated when samcat.exe opened and read lsass.exe."
  ], 
  "Procedure": "samcat.exe opens and reads the SAM via LSASS", 
  "Step": "15.A.6", 
  "TacticGroup": "Credential Access", 
  "Technique": "T1003", 
  "Technique_Name": "OS Credential Dumping"
}
{
  "Detection": [
    "None"
  ], 
  "DetectionModifiers": [], 
  "DetectionText": [
    "Minimum detection criteria was not met for this procedure."
  ], 
  "Procedure": "powershell.exe calls the GetIpNetTable() API", 
  "Step": "15.A.7", 
  "TacticGroup": "Discovery", 
  "Technique": "T1016", 
  "Technique_Name": "System Network Configuration Discovery"
}
{
  "Detection": [
    "Technique", 
    "Telemetry"
  ], 
  "DetectionModifiers": [], 
  "DetectionText": [
    "A Technique detection named \"Enumeration command executed\" was generated when powershell.exe spawned nslookup.exe, which queried the DC (10.0.1.4) over DNS (port 53).", 
    ""
  ], 
  "Procedure": "powershell.exe spawns nslookup.exe, which queries the DC (10.0.1.4) over DNS (port 53)", 
  "Step": "15.A.8", 
  "TacticGroup": "Discovery", 
  "Technique": "T1018", 
  "Technique_Name": "Remote System Discovery"
}
{
  "Detection": [
    "General", 
    "Telemetry", 
    "Technique"
  ], 
  "DetectionModifiers": [], 
  "DetectionText": [
    "A General detection was generated when paexec.exe was detected as Grayware.", 
    "", 
    "A Technique detection named \"LOLBIN dropping an uncommon executable\" (Low) was generated when powershell.exe downloaded paexec.exe from 192.168.0.4."
  ], 
  "Procedure": "powershell.exe downloads paexec.exe from 192.168.0.4", 
  "Step": "16.A.1", 
  "TacticGroup": "Command and Control", 
  "Technique": "T1105", 
  "Technique_Name": "Ingress Tool Transfer"
}
{
  "Detection": [
    "General", 
    "Telemetry", 
    "Technique"
  ], 
  "DetectionModifiers": [], 
  "DetectionText": [
    "A General detection was generated when hollow.exe was detected as malware.", 
    "", 
    "A Technique detection named \"LOLBIN dropping an uncommon executable\" (Low) was generated when powershell.exe downloaded hollow.exe from 192.168.0.4."
  ], 
  "Procedure": "powershell.exe downloads hollow.exe from 192.168.0.4", 
  "Step": "16.A.2", 
  "TacticGroup": "Command and Control", 
  "Technique": "T1105", 
  "Technique_Name": "Ingress Tool Transfer"
}
{
  "Detection": [
    "Telemetry", 
    "Technique"
  ], 
  "DetectionModifiers": [], 
  "DetectionText": [
    "", 
    "A Technique detection named \"LOLBIN Executed a Command Shell\" (Low) was generated when powershell.exe spawned cmd.exe."
  ], 
  "Procedure": "powershell.exe spawns cmd.exe", 
  "Step": "16.A.3", 
  "TacticGroup": "Execution", 
  "Technique": "T1059", 
  "Technique_Name": "Command and Scripting Interpreter"
}
{
  "Detection": [
    "Technique", 
    "Telemetry"
  ], 
  "DetectionModifiers": [], 
  "DetectionText": [
    "A Technique detection named \"Uncommon successful network login\" (Low) was generated when user kmitnick logged on to itadmin.", 
    ""
  ], 
  "Procedure": "User kmitnick logs on to itadmin (10.0.1.6)", 
  "Step": "16.A.4", 
  "TacticGroup": "Persistence", 
  "Technique": "T1078", 
  "Technique_Name": "Valid Accounts"
}
{
  "Detection": [
    "Telemetry", 
    "Technique"
  ], 
  "DetectionModifiers": [], 
  "DetectionText": [
    "", 
    "A Technique detection named \"RPC traffic from non-standard process\" (Low) was generated when paexec.exe communicated over port 135 to 10.0.1.6."
  ], 
  "Procedure": "SMB session from 10.0.1.5 to 10.0.1.6 over TCP port 135 or 445 with admin shares accessed", 
  "Step": "16.A.5", 
  "TacticGroup": "Lateral Movement", 
  "Technique": "T1021", 
  "Technique_Name": "Remote Services"
}
{
  "Detection": [
    "Telemetry", 
    "Technique"
  ], 
  "DetectionModifiers": [], 
  "DetectionText": [
    "", 
    "A Technique detection named \"Service Execution\" (Low) was generated when Windows service started PAExec-{PID}-HOTELMANAGER.exe, which executed hollow.exe."
  ], 
  "Procedure": "Windows service started PAExec-{PID}-HOTELMANAGER.exe, which executes hollow.exe", 
  "Step": "16.A.6", 
  "TacticGroup": "Execution", 
  "Technique": "T1569", 
  "Technique_Name": "System Services"
}
{
  "Detection": [
    "Technique", 
    "Telemetry"
  ], 
  "DetectionModifiers": [], 
  "DetectionText": [
    "A Technique detection named \"Uncommon Process Injects Code\" (Low) was generated when hollow.exe spawned svchost.exe and unmapped its memory image via: NtUnmapViewOfSection.", 
    ""
  ], 
  "Procedure": "hollow.exe spawns svchost.exe and unmaps its memory image via: NtUnmapViewOfSection", 
  "Step": "16.A.7", 
  "TacticGroup": "Defense Evasion", 
  "Technique": "T1055", 
  "Technique_Name": "Process Injection"
}
{
  "Detection": [
    "Telemetry", 
    "Technique"
  ], 
  "DetectionModifiers": [], 
  "DetectionText": [
    "", 
    "A Technique detection named \"HTTP & HTTPS traffic originating for uncommonly located executable\" (Informational) was generated when svchost.exe exchanges data with 192.168.0.4 over HTTPS protocol."
  ], 
  "Procedure": "svchost.exe transmits data to 192.168.0.4 over HTTPS protocol", 
  "Step": "16.A.8", 
  "TacticGroup": "Command and Control", 
  "Technique": "T1071", 
  "Technique_Name": "Application Layer Protocol"
}
{
  "Detection": [
    "Telemetry", 
    "Technique"
  ], 
  "DetectionModifiers": [], 
  "DetectionText": [
    "", 
    "A Technique detection named \"Meterpreter Custom HTTPS\" (Informational) was generated when svchost.exe exchanged data with 192.168.0.4 over HTTPS protocol."
  ], 
  "Procedure": "svchost.exe transmits data to 192.168.0.4 over HTTPS protocol", 
  "Step": "16.A.9", 
  "TacticGroup": "Command and Control", 
  "Technique": "T1573", 
  "Technique_Name": "Encrypted Channel"
}
{
  "Detection": [
    "General", 
    "Technique", 
    "Telemetry"
  ], 
  "DetectionModifiers": [], 
  "DetectionText": [
    "A General detection was generated when srrstr.dll was detected as malware.", 
    "A Technique detection named \"Injected thread writes an uncommon executable\" (Low) was generated when svchost.exe downloaded srrstr.dll.", 
    ""
  ], 
  "Procedure": "svchost.exe downloads srrstr.dll from 192.168.0.4 (port 443)", 
  "Step": "17.A.1", 
  "TacticGroup": "Command and Control", 
  "Technique": "T1105", 
  "Technique_Name": "Ingress Tool Transfer"
}
{
  "Detection": [
    "Telemetry"
  ], 
  "DetectionModifiers": [], 
  "DetectionText": [
    ""
  ], 
  "Procedure": "srrstr.dll is not the legitimate Windows System Protection Configuration Library", 
  "Step": "17.A.2", 
  "TacticGroup": "Defense Evasion", 
  "Technique": "T1036", 
  "Technique_Name": "Masquerading"
}
{
  "Detection": [
    "Telemetry", 
    "Technique"
  ], 
  "DetectionModifiers": [], 
  "DetectionText": [
    "", 
    "A Technique detection named \"cmd.exe execution\" (Low) was generated when svchost.exe spawned cmd.exe."
  ], 
  "Procedure": "svchost.exe spawns cmd.exe", 
  "Step": "17.A.3", 
  "TacticGroup": "Execution", 
  "Technique": "T1059", 
  "Technique_Name": "Command and Scripting Interpreter"
}
{
  "Detection": [
    "Technique"
  ], 
  "DetectionModifiers": [], 
  "DetectionText": [
    "A Technique detection named \"DLL Search Order Hijacking\" (Low) was generated when SystemPropertiesAdvanced.exe executed code in the illegitimate srrstr.dll."
  ], 
  "Procedure": "SystemPropertiesAdvanced.exe executes code in the illegitimate srrstr.dll", 
  "Step": "17.A.4", 
  "TacticGroup": "Privilege Escalation", 
  "Technique": "T1574", 
  "Technique_Name": "Hijack Execution Flow"
}
{
  "Detection": [
    "Telemetry", 
    "Technique"
  ], 
  "DetectionModifiers": [], 
  "DetectionText": [
    "", 
    "A Technique detection named \"Web application protocol\" (Low) was generated when rundll32.exe connected to 192.168.0.4 over HTTPS protocol."
  ], 
  "Procedure": "rundll32.exe transmits data to 192.168.0.4 over HTTPS protocol", 
  "Step": "17.A.5", 
  "TacticGroup": "Command and Control", 
  "Technique": "T1071", 
  "Technique_Name": "Application Layer Protocol"
}
{
  "Detection": [
    "Technique", 
    "Telemetry"
  ], 
  "DetectionModifiers": [], 
  "DetectionText": [
    "A Technique detection named \"HTTPS Traffic from Executable in Unusual Location\" (Low) was generated when rundll32.exe connected to 192.168.0.4 over HTTPS protocol.", 
    ""
  ], 
  "Procedure": "rundll32.exe transmits data to 192.168.0.4 over HTTPS protocol", 
  "Step": "17.A.6", 
  "TacticGroup": "Command and Control", 
  "Technique": "T1573", 
  "Technique_Name": "Encrypted Channel"
}
{
  "Detection": [
    "Technique", 
    "Telemetry"
  ], 
  "DetectionModifiers": [], 
  "DetectionText": [
    "A Technique detection named \"Behavioral threat\" (High) was generated when svchost.exe injected into explorer.exe with CreateRemoteThread.", 
    ""
  ], 
  "Procedure": "svchost.exe injects into explorer.exe with CreateRemoteThread", 
  "Step": "18.A.1", 
  "TacticGroup": "Defense Evasion", 
  "Technique": "T1055", 
  "Technique_Name": "Process Injection"
}
{
  "Detection": [
    "Technique", 
    "Telemetry"
  ], 
  "DetectionModifiers": [], 
  "DetectionText": [
    "A Technique detection named \"Suspicious GdiBitBlt call\" (Low) was generated when explorer.exe called the BitBlt API after calling the CreateCompatibleBitmap API from Gdi32.dll.", 
    ""
  ], 
  "Procedure": "explorer.exe calls the CreateCompatibleBitmap API from Gdi32.dll", 
  "Step": "18.A.2", 
  "TacticGroup": "Collection", 
  "Technique": "T1113", 
  "Technique_Name": "Screen Capture"
}
{
  "Detection": [
    "Technique", 
    "Telemetry"
  ], 
  "DetectionModifiers": [], 
  "DetectionText": [
    "A Technique detection named \"Uncommon Injection\" (Low) was generated when explorer.exe injected into mstsc.exe with CreateRemoteThread.", 
    ""
  ], 
  "Procedure": "explorer.exe injects into mstsc.exe with CreateRemoteThread", 
  "Step": "18.A.3", 
  "TacticGroup": "Defense Evasion", 
  "Technique": "T1055", 
  "Technique_Name": "Process Injection"
}
{
  "Detection": [
    "None"
  ], 
  "DetectionModifiers": [], 
  "DetectionText": [
    "Minimum detection criteria was not met for this procedure."
  ], 
  "Procedure": "mstsc.exe calls APIs such as GetAsyncKeyState, GetKeyState, or GetKeyboardState", 
  "Step": "18.A.4", 
  "TacticGroup": "Credential Access", 
  "Technique": "T1056", 
  "Technique_Name": "Input Capture"
}
{
  "Detection": [
    "Technique", 
    "Telemetry"
  ], 
  "DetectionModifiers": [], 
  "DetectionText": [
    "A Technique detection named \"Uncommon successful network login\" (Low) was generated when user kmitnick logged on to accounting (10.0.1.7).", 
    ""
  ], 
  "Procedure": "User kmitnick logs on to accounting (10.0.1.7)", 
  "Step": "19.A.1", 
  "TacticGroup": "Persistence", 
  "Technique": "T1078", 
  "Technique_Name": "Valid Accounts"
}
{
  "Detection": [
    "Technique", 
    "Telemetry"
  ], 
  "DetectionModifiers": [], 
  "DetectionText": [
    "A Technique detection named \"Suspicious RDP process\" (Low) was generated when an RDP session was created from itadmin (10.0.1.6) to accounting (10.0.1.7) over port 3389.", 
    ""
  ], 
  "Procedure": "RDP session from 10.0.1.6 to 10.0.1.7 over TCP port 3389", 
  "Step": "19.A.2", 
  "TacticGroup": "Lateral Movement", 
  "Technique": "T1021", 
  "Technique_Name": "Remote Services"
}
{
  "Detection": [
    "Technique"
  ], 
  "DetectionModifiers": [], 
  "DetectionText": [
    "A Technique detection named \"Suspicious RDP communication\" (Low) was generated when itadmin (10.0.1.6) relayed RDP traffic."
  ], 
  "Procedure": "itadmin (10.0.1.6) is relaying RDP traffic from attacker infrastructure", 
  "Step": "19.A.3", 
  "TacticGroup": "Command and Control", 
  "Technique": "T1090", 
  "Technique_Name": "Proxy"
}
{
  "Detection": [
    "Telemetry"
  ], 
  "DetectionModifiers": [], 
  "DetectionText": [
    ""
  ], 
  "Procedure": "powershell.exe spawns powershell.exe", 
  "Step": "19.B.1", 
  "TacticGroup": "Execution", 
  "Technique": "T1059", 
  "Technique_Name": "Command and Scripting Interpreter"
}
{
  "Detection": [
    "Telemetry", 
    "Technique"
  ], 
  "DetectionModifiers": [], 
  "DetectionText": [
    "", 
    "A Technique detection named \"Deobfuscation attempt\" (Medium) was generated when powershell.exe executed base64 encoded commands\n."
  ], 
  "Procedure": "powershell.exe executes base64 encoded commands", 
  "Step": "19.B.2", 
  "TacticGroup": "Defense Evasion", 
  "Technique": "T1027", 
  "Technique_Name": "Obfuscated Files or Information"
}
{
  "Detection": [
    "Technique", 
    "Telemetry"
  ], 
  "DetectionModifiers": [], 
  "DetectionText": [
    "A Technique detection named \"LOLBIN Dropping Uncommon Executable\" was generated when powershell.exe created dll329.dll\n.", 
    ""
  ], 
  "Procedure": "powershell.exe downloads dll329.dll from 192.168.0.4", 
  "Step": "19.B.3", 
  "TacticGroup": "Command and Control", 
  "Technique": "T1105", 
  "Technique_Name": "Ingress Tool Transfer"
}
{
  "Detection": [
    "Technique", 
    "Telemetry"
  ], 
  "DetectionModifiers": [], 
  "DetectionText": [
    "A Technique detection named \"Ingress tool transfer\" was generated when powershell.exe downloaded sdbE376.tmp from 192.168.0.4 over RDP mounted network drive\n.", 
    ""
  ], 
  "Procedure": "powershell.exe downloads sdbE376.tmp from 192.168.0.4", 
  "Step": "19.B.4", 
  "TacticGroup": "Command and Control", 
  "Technique": "T1105", 
  "Technique_Name": "Ingress Tool Transfer"
}
{
  "Detection": [
    "Telemetry", 
    "Technique", 
    "Technique"
  ], 
  "DetectionModifiers": [], 
  "DetectionText": [
    "", 
    "A Technique detection named \"Shim Database Registration via Registry\" (Low) was generated when sdbinst.exe installed sdbE376.tmp shim database.", 
    "A Technique detection named \"Application Shimming\" (Low) was generated when sdbinst.exe was executed."
  ], 
  "Procedure": "sdbinst.exe installs sdbE376.tmp shim", 
  "Step": "19.B.5", 
  "TacticGroup": "Persistence", 
  "Technique": "T1546", 
  "Technique_Name": "Event Triggered Execution"
}
{
  "Detection": [
    "Technique"
  ], 
  "DetectionModifiers": [], 
  "DetectionText": [
    "A Technique detection named \"Unsigned module application shimming\" (Low) was generated when an unsigned module was loaded by an application shimming mechanism."
  ], 
  "Procedure": "AccountingIQ.exe queries HKLM\\Software\\Microsoft\\Windows NT\\CurrentVersion\\AppCompatFlags\\InstalledSDB\\ and loads dll329.dll", 
  "Step": "20.A.1", 
  "TacticGroup": "Persistence", 
  "Technique": "T1546", 
  "Technique_Name": "Event Triggered Execution"
}
{
  "Detection": [
    "Technique", 
    "Telemetry"
  ], 
  "DetectionModifiers": [], 
  "DetectionText": [
    "A Technique detection named \"Unsigned Process Injected Code\" (Low) was generated when AccountingIQ.exe injected into SyncHost.exe.", 
    ""
  ], 
  "Procedure": "AccountingIQ.exe injects into SyncHost.exe with CreateRemoteThread", 
  "Step": "20.A.2", 
  "TacticGroup": "Defense Evasion", 
  "Technique": "T1055", 
  "Technique_Name": "Process Injection"
}
{
  "Detection": [
    "Telemetry", 
    "Technique"
  ], 
  "DetectionModifiers": [], 
  "DetectionText": [
    "", 
    "A Technique detection named \"Web application protocol - HTTPS Traffic via Direct IP \" (Low) was generated when rundll32.exe exchanged data with 192.168.0.4 over HTTPS protocol."
  ], 
  "Procedure": "rundll32.exe transmits data to 192.168.0.4 over HTTPS protocol", 
  "Step": "20.A.3", 
  "TacticGroup": "Command and Control", 
  "Technique": "T1071", 
  "Technique_Name": "Application Layer Protocol"
}
{
  "Detection": [
    "Technique", 
    "Telemetry"
  ], 
  "DetectionModifiers": [], 
  "DetectionText": [
    "A Technique detection named \"HTTP or HTTPS traffic by unsigned process\" (Low) was generated when rundll32.exe exchanged TLS/SSL encrypted data with 192.168.0.4.", 
    ""
  ], 
  "Procedure": "rundll32.exe transmits data to 192.168.0.4 over HTTPS protocol", 
  "Step": "20.A.4", 
  "TacticGroup": "Command and Control", 
  "Technique": "T1573", 
  "Technique_Name": "Encrypted Channel"
}
{
  "Detection": [
    "Technique", 
    "Telemetry"
  ], 
  "DetectionModifiers": [], 
  "DetectionText": [
    "A Technique detection named \"LOLBIN dropping an uncommon executable\" (Low) was generated when rundll32.exe downloaded debug.exe from 192.168.0.4\n.", 
    ""
  ], 
  "Procedure": "rundll32.exe downloads debug.exe from 192.168.0.4", 
  "Step": "20.B.1", 
  "TacticGroup": "Command and Control", 
  "Technique": "T1105", 
  "Technique_Name": "Ingress Tool Transfer"
}
{
  "Detection": [
    "Technique"
  ], 
  "DetectionModifiers": [], 
  "DetectionText": [
    "A Technique detection named \"Process discovery system call called\" (Low) was generated when debug.exe called QueryProcessList."
  ], 
  "Procedure": "debug.exe calls the CreateToolhelp32Snapshot API", 
  "Step": "20.B.2", 
  "TacticGroup": "Discovery", 
  "Technique": "T1057", 
  "Technique_Name": "Process Discovery"
}
{
  "Detection": [
    "Technique", 
    "Telemetry"
  ], 
  "DetectionModifiers": [], 
  "DetectionText": [
    "A Technique detection named \"LOLBIN dropping an uncommon executable\" (Low) was generated when rundll32.exe downloaded 7za.exe from 192.168.0.4\n.", 
    ""
  ], 
  "Procedure": "rundll32.exe downloads 7za.exe from 192.168.0.4", 
  "Step": "20.B.3", 
  "TacticGroup": "Command and Control", 
  "Technique": "T1105", 
  "Technique_Name": "Ingress Tool Transfer"
}
{
  "Detection": [
    "Telemetry", 
    "Technique"
  ], 
  "DetectionModifiers": [], 
  "DetectionText": [
    "", 
    "A Technique detection named \"Compression utility executed\" (Low) was generated when 7za.exe created C:\\Users\\Public\\log.7z."
  ], 
  "Procedure": "7za.exe creates C:\\Users\\Public\\log.7z", 
  "Step": "20.B.4", 
  "TacticGroup": "Exfiltration", 
  "Technique": "T1560", 
  "Technique_Name": "Archive Collected Data"
}
{
  "Detection": [
    "Telemetry", 
    "General"
  ], 
  "DetectionModifiers": [], 
  "DetectionText": [
    "", 
    "A General detection named \"LOLBIN read a compressed file\" (Low) was generated when rundll32.exe read log.7z."
  ], 
  "Procedure": "rundll32.exe reads and uploads log.7z to 192.168.0.4", 
  "Step": "20.B.5", 
  "TacticGroup": "Exfiltration", 
  "Technique": "T1041", 
  "Technique_Name": "Exfiltration Over Command and Control Channel"
}
