{
  "Detection": [
    "Telemetry"
  ], 
  "DetectionModifiers": [], 
  "DetectionText": [
    ""
  ], 
  "Procedure": "explorer.exe spawns winword.exe when user clicks 1-list.rtf", 
  "Step": "1.A.1", 
  "TacticGroup": "Execution", 
  "Technique": "T1204", 
  "Technique_Name": "User Execution"
}
{
  "Detection": [
    "Telemetry", 
    "General"
  ], 
  "DetectionModifiers": [], 
  "DetectionText": [
    "", 
    "A General detection named \"Initial Access - MS Office Applications Loading Suspicious Visual Basic Libraries\" (8/10) was generated when winword.exe loads VBE7.DLL."
  ], 
  "Procedure": "winword.exe loads VBE7.DLL", 
  "Step": "1.A.2", 
  "TacticGroup": "Execution", 
  "Technique": "T1559", 
  "Technique_Name": "Inter-Process Communication"
}
{
  "Detection": [
    "Telemetry", 
    "Technique", 
    "General", 
    "Technique", 
    "Technique"
  ], 
  "DetectionModifiers": [], 
  "DetectionText": [
    "", 
    "A Technique detection named \"Execution - AMSI - Suspicious Windows Script Host Execution\" (10/10) was generated when wscript.exe spawned unprotected.vbe.", 
    "A General detection named \"Initial Access - Spearphishing Attachment - Word\" (7/10) was generated when wscript.exe spawned unprotected.vbe from winword.exe.", 
    "A Technique detection named \"Execution - Command and Scripting Interpreter Execution\" (1/10) was generated when wscript.exe spawned unprotected.vbe.", 
    "A Technique detection named \"Initial Access - Word Executing WScript\" (9/10) was generated when wscript.exe spawned unprotected.vbe from winword.exe."
  ], 
  "Procedure": "wscript.exe executes unprotected.vbe", 
  "Step": "1.A.3", 
  "TacticGroup": "Execution", 
  "Technique": "T1059", 
  "Technique_Name": "Command and Scripting Interpreter"
}
{
  "Detection": [
    "Telemetry"
  ], 
  "DetectionModifiers": [], 
  "DetectionText": [
    ""
  ], 
  "Procedure": "unprotected.vbe is an encoded file", 
  "Step": "1.A.4", 
  "TacticGroup": "Defense Evasion", 
  "Technique": "T1027", 
  "Technique_Name": "Obfuscated Files or Information"
}
{
  "Detection": [
    "Telemetry"
  ], 
  "DetectionModifiers": [], 
  "DetectionText": [
    ""
  ], 
  "Procedure": "wscript.exe decodes content and creates starter.vbs", 
  "Step": "1.A.5", 
  "TacticGroup": "Defense Evasion", 
  "Technique": "T1140", 
  "Technique_Name": "Deobfuscate/Decode Files or Information"
}
{
  "Detection": [
    "Telemetry"
  ], 
  "DetectionModifiers": [], 
  "DetectionText": [
    ""
  ], 
  "Procedure": "wscript.exe decodes content and creates TransBaseOdbcDriver.js", 
  "Step": "1.A.6", 
  "TacticGroup": "Defense Evasion", 
  "Technique": "T1140", 
  "Technique_Name": "Deobfuscate/Decode Files or Information"
}
{
  "Detection": [
    "Telemetry", 
    "Technique", 
    "Technique"
  ], 
  "DetectionModifiers": [], 
  "DetectionText": [
    "", 
    "A Technique detection named \"Execution - AMSI - Suspicious Windows Script Host Execution\" (10/10) was generated when wscript.exe executed starter.vbs.", 
    "A Technique detection named \"Execution - Command and Scripting Interpreter Execution\" (1/10) was generated when wscript.exe executed starter.vbs."
  ], 
  "Procedure": "wscript.exe executes starter.vbs", 
  "Step": "1.A.7", 
  "TacticGroup": "Execution", 
  "Technique": "T1059", 
  "Technique_Name": "Command and Scripting Interpreter"
}
{
  "Detection": [
    "Telemetry", 
    "Technique"
  ], 
  "DetectionModifiers": [], 
  "DetectionText": [
    "", 
    "A Technique detection named \"Defense Evasion - Suspicious Child Processes Spawned by WScript\" (8/10) was generated when wscript.exe spawned cmd.exe."
  ], 
  "Procedure": "wscript.exe spawns cmd.exe", 
  "Step": "1.A.8", 
  "TacticGroup": "Execution", 
  "Technique": "T1059", 
  "Technique_Name": "Command and Scripting Interpreter"
}
{
  "Detection": [
    "Telemetry", 
    "Technique"
  ], 
  "DetectionModifiers": [], 
  "DetectionText": [
    "", 
    "A Technique detection named \"Execution - AMSI - Suspicious Windows Script Host Execution\" (10/10) was generated when cmd.exe spawned wscript.exe to execute TransBaseOdbcDriver.js."
  ], 
  "Procedure": "cmd.exe spawns wscript.exe to execute TransBaseOdbcDriver.js", 
  "Step": "1.A.9", 
  "TacticGroup": "Execution", 
  "Technique": "T1059", 
  "Technique_Name": "Command and Scripting Interpreter"
}
{
  "Detection": [
    "None"
  ], 
  "DetectionModifiers": [], 
  "DetectionText": [
    "Minimum detection criteria was not met for this procedure."
  ], 
  "Procedure": "wscript.exe transmits data to 192.168.0.4 over HTTPS protocol", 
  "Step": "1.A.10", 
  "TacticGroup": "Command and Control", 
  "Technique": "T1071", 
  "Technique_Name": "Application Layer Protocol"
}
{
  "Detection": [
    "Telemetry"
  ], 
  "DetectionModifiers": [], 
  "DetectionText": [
    ""
  ], 
  "Procedure": "wscript.exe transmits data to 192.168.0.4 over HTTPS protocol", 
  "Step": "1.A.11", 
  "TacticGroup": "Command and Control", 
  "Technique": "T1573", 
  "Technique_Name": "Encrypted Channel"
}
{
  "Detection": [
    "None"
  ], 
  "DetectionModifiers": [], 
  "DetectionText": [
    "Minimum detection criteria was not met for this procedure."
  ], 
  "Procedure": "wscript.exe makes WMI queries for Win32_Processor &  Win32_OperatingSystem", 
  "Step": "2.A.2", 
  "TacticGroup": "Discovery", 
  "Technique": "T1082", 
  "Technique_Name": "System Information Discovery"
}
{
  "Detection": [
    "Technique", 
    "Telemetry"
  ], 
  "DetectionModifiers": [], 
  "DetectionText": [
    "A Technique detection named \"Enumerate Processes\" was generated when wscript.exe made a WMI query for Win32_Process.", 
    ""
  ], 
  "Procedure": "wscript.exe makes a WMI query for Win32_Process", 
  "Step": "2.A.4", 
  "TacticGroup": "Discovery", 
  "Technique": "T1057", 
  "Technique_Name": "Process Discovery"
}
{
  "Detection": [
    "General", 
    "Telemetry"
  ], 
  "DetectionModifiers": [], 
  "DetectionText": [
    "A General detection named \"Execution - Wscript Spawning CMD with Filemods to Appdata/Temp\" (8/10) was generated when wscript.exe downloaded screenshot__.ps1 from 192.168.0.4 then later spawned cmd.exe.", 
    ""
  ], 
  "Procedure": "wscript.exe downloads screenshot__.ps1 from 192.168.0.4", 
  "Step": "2.B.1", 
  "TacticGroup": "Command and Control", 
  "Technique": "T1105", 
  "Technique_Name": "Ingress Tool Transfer"
}
{
  "Detection": [
    "Technique", 
    "Technique", 
    "Telemetry", 
    "Technique"
  ], 
  "DetectionModifiers": [], 
  "DetectionText": [
    "A Technique detection named \"Defense Evasion - Supicious Child Processes Spawned by WScript\" (8/10) was generated when  wscript.exe spawned cmd.exe.", 
    "A Technique detection named \"Execution - Command and Scripting Interpreter Execution\" (1/10) was generated when  wscript.exe spawned cmd.exe.", 
    "", 
    "A Technique detection named \"Execution - Command-Line Interface (cmd.exe /c)\" (1/10) was generated when  wscript.exe spawned cmd.exe."
  ], 
  "Procedure": "wscript.exe spawns cmd.exe", 
  "Step": "2.B.2", 
  "TacticGroup": "Execution", 
  "Technique": "T1059", 
  "Technique_Name": "Command and Scripting Interpreter"
}
{
  "Detection": [
    "Telemetry", 
    "Technique"
  ], 
  "DetectionModifiers": [], 
  "DetectionText": [
    "", 
    "A Technique detection named \"Execution - Command and Scripting Interpreter Execution\" (1/10) was generated when cmd.exe spawned powershell.exe."
  ], 
  "Procedure": "cmd.exe spawns powershell.exe", 
  "Step": "2.B.3", 
  "TacticGroup": "Execution", 
  "Technique": "T1059", 
  "Technique_Name": "Command and Scripting Interpreter"
}
{
  "Detection": [
    "Telemetry"
  ], 
  "DetectionModifiers": [], 
  "DetectionText": [
    ""
  ], 
  "Procedure": "powershell.exe executes CopyFromScreen()", 
  "Step": "2.B.4", 
  "TacticGroup": "Collection", 
  "Technique": "T1113", 
  "Technique_Name": "Screen Capture"
}
{
  "Detection": [
    "None"
  ], 
  "DetectionModifiers": [], 
  "DetectionText": [
    "Minimum detection criteria was not met for this procedure."
  ], 
  "Procedure": "wscript.exe reads and uploads screenshot__.png to 192.168.0.4", 
  "Step": "2.B.5", 
  "TacticGroup": "Exfiltration", 
  "Technique": "T1041", 
  "Technique_Name": "Exfiltration Over Command and Control Channel"
}
{
  "Detection": [
    "General", 
    "Telemetry", 
    "Technique"
  ], 
  "DetectionModifiers": [], 
  "DetectionText": [
    "A General detection named \"Defense Evasion - Suspicious Child Process Spawned by WScript\" was generated when wscript.exe spawned cmd.exe.", 
    "", 
    "A Technique detection named \"Execution - Command-Line Interface (cmd.exe /c)\" (1/10) was generated when wscript.exe spawned cmd.exe."
  ], 
  "Procedure": "wscript.exe spawns cmd.exe", 
  "Step": "3.A.1", 
  "TacticGroup": "Execution", 
  "Technique": "T1059", 
  "Technique_Name": "Command and Scripting Interpreter"
}
{
  "Detection": [
    "Technique", 
    "Telemetry"
  ], 
  "DetectionModifiers": [], 
  "DetectionText": [
    "A Technique detection named \"Defense Evasion - Modification of Another User's Registry\" (9/10) was generated when cmd.exe spawned reg.exe to add a value to the registry key.", 
    ""
  ], 
  "Procedure": "cmd.exe spawns reg.exe to add a value under HKCU\\Software\\InternetExplorer\\AppDataLow\\Software\\Microsoft\\InternetExplorer", 
  "Step": "3.A.2", 
  "TacticGroup": "Defense Evasion", 
  "Technique": "T1112", 
  "Technique_Name": "Modify Registry"
}
{
  "Detection": [
    "Telemetry"
  ], 
  "DetectionModifiers": [], 
  "DetectionText": [
    ""
  ], 
  "Procedure": "Value added to Registry is base64 encoded", 
  "Step": "3.A.3", 
  "TacticGroup": "Defense Evasion", 
  "Technique": "T1027", 
  "Technique_Name": "Obfuscated Files or Information"
}
{
  "Detection": [
    "Telemetry", 
    "General"
  ], 
  "DetectionModifiers": [], 
  "DetectionText": [
    "", 
    "A General detection named \"Execution - Wscript Spawning CMD with Filemods to Appdata/Temp\" (1/10) was generated when wscript.exe downloads LanCradDriver.ps1 from 192.168.0.4 then later spawned cmd.exe."
  ], 
  "Procedure": "wscript.exe downloads LanCradDriver.ps1 from 192.168.0.4", 
  "Step": "3.B.1", 
  "TacticGroup": "Command and Control", 
  "Technique": "T1105", 
  "Technique_Name": "Ingress Tool Transfer"
}
{
  "Detection": [
    "Telemetry", 
    "Technique", 
    "Technique"
  ], 
  "DetectionModifiers": [], 
  "DetectionText": [
    "", 
    "A Technique detection named \"Execution - Command-Line Interface (cmd.exe /c)\" (1/10) was generated when wscript.exe spawned cmd.exe .", 
    "A Technique detection named \"Execution - Command and Scripting Interpreter Execution\" (1/10) was generated when wscript.exe spawned cmd.exe ."
  ], 
  "Procedure": "wscript.exe spawns cmd.exe", 
  "Step": "3.B.2", 
  "TacticGroup": "Execution", 
  "Technique": "T1059", 
  "Technique_Name": "Command and Scripting Interpreter"
}
{
  "Detection": [
    "Telemetry", 
    "Technique"
  ], 
  "DetectionModifiers": [], 
  "DetectionText": [
    "", 
    "A Technique detection named \"Execution - Command and Scripting Interpreter Execution\" (1/10) ."
  ], 
  "Procedure": "cmd.exe spawns powershell.exe", 
  "Step": "3.B.3", 
  "TacticGroup": "Execution", 
  "Technique": "T1059", 
  "Technique_Name": "Command and Scripting Interpreter"
}
{
  "Detection": [
    "Telemetry"
  ], 
  "DetectionModifiers": [], 
  "DetectionText": [
    ""
  ], 
  "Procedure": "powershell.exe reads HKCU\\Software\\InternetExplorer\\AppDataLow\\Software\\Microsoft\\InternetExplorer via Get-ItemProperty", 
  "Step": "3.B.4", 
  "TacticGroup": "Discovery", 
  "Technique": "T1012", 
  "Technique_Name": "Query Registry"
}
{
  "Detection": [
    "Technique", 
    "Telemetry", 
    "General"
  ], 
  "DetectionModifiers": [], 
  "DetectionText": [
    "A Technique detection named \"Defense Evasion - AMSI - Fileless Script Contains Base64 Encoded Content\" (10/10) was generated when powershell.exe loaded the Registry value into plaintext shellcode.", 
    "", 
    "A General detection named \"Execution - AMSI - .Net Loading Suspicious Content Into Memory\" (10/10) was generated when powershell.exe loaded the Registry value into plaintext shellcode."
  ], 
  "Procedure": "powershell.exe decrypts, decompresses, and base64 decodes the Registry value into plaintext shellcode", 
  "Step": "3.B.5", 
  "TacticGroup": "Defense Evasion", 
  "Technique": "T1140", 
  "Technique_Name": "Deobfuscate/Decode Files or Information"
}
{
  "Detection": [
    "General", 
    "Telemetry"
  ], 
  "DetectionModifiers": [], 
  "DetectionText": [
    "A General detection (8/10) was generated when powershell.exe executed known malware performing highly suspicious process injection behavior.", 
    ""
  ], 
  "Procedure": "powershell.exe executes the shellcode from the Registry by calling the CreateThread() API", 
  "Step": "3.B.6", 
  "TacticGroup": "Execution", 
  "Technique": "T1106", 
  "Technique_Name": "Native API"
}
{
  "Detection": [
    "Telemetry"
  ], 
  "DetectionModifiers": [], 
  "DetectionText": [
    ""
  ], 
  "Procedure": "powershell.exe transmits data to 192.168.0.4 over TCP", 
  "Step": "3.B.7", 
  "TacticGroup": "Command and Control", 
  "Technique": "T1095", 
  "Technique_Name": "Non-Application Layer Protocol"
}
{
  "Detection": [
    "Telemetry"
  ], 
  "DetectionModifiers": [], 
  "DetectionText": [
    ""
  ], 
  "Procedure": "powershell.exe calls the FindFirstFileW() and FindNextFileW() APIs", 
  "Step": "4.A.1", 
  "TacticGroup": "Discovery", 
  "Technique": "T1083", 
  "Technique_Name": "File and Directory Discovery"
}
{
  "Detection": [
    "Telemetry"
  ], 
  "DetectionModifiers": [], 
  "DetectionText": [
    ""
  ], 
  "Procedure": "powershell.exe executes Get-NetComputer to query LDAP (port 389) via a network connection to 10.0.0.4", 
  "Step": "4.A.2", 
  "TacticGroup": "Discovery", 
  "Technique": "T1018", 
  "Technique_Name": "Remote System Discovery"
}
{
  "Detection": [
    "Telemetry"
  ], 
  "DetectionModifiers": [], 
  "DetectionText": [
    ""
  ], 
  "Procedure": "powershell.exe executes Find-LocalAdminAccess, which attempts a DCOM/RPC (port 135) connection to multiple hosts to check for access", 
  "Step": "4.A.3", 
  "TacticGroup": "Credential Access", 
  "Technique": "T1110", 
  "Technique_Name": "Brute Force"
}
{
  "Detection": [
    "Telemetry"
  ], 
  "DetectionModifiers": [], 
  "DetectionText": [
    ""
  ], 
  "Procedure": "powershell.exe successfully logs in to host 10.0.0.4 or 10.0.0.5 as user kmitnick", 
  "Step": "4.A.4", 
  "TacticGroup": "Persistence", 
  "Technique": "T1078", 
  "Technique_Name": "Valid Accounts"
}
{
  "Detection": [
    "Telemetry"
  ], 
  "DetectionModifiers": [], 
  "DetectionText": [
    ""
  ], 
  "Procedure": "powershell.exe downloads rad353F7.ps1 from 192.168.0.4", 
  "Step": "4.B.1", 
  "TacticGroup": "Command and Control", 
  "Technique": "T1105", 
  "Technique_Name": "Ingress Tool Transfer"
}
{
  "Detection": [
    "General", 
    "General", 
    "Telemetry"
  ], 
  "DetectionModifiers": [
    "Delayed"
  ], 
  "DetectionText": [
    "A General detection named \"Malware drop\" was generated when powershell.exe downloaded smrs.exe from 192.168.0.4.", 
    "A General detection named \"Medium Risk - Sample contains suspicious behavior\" (45/100) was generated when powershell.exe downloaded smrs.exe from 192.168.0.4.", 
    ""
  ], 
  "Procedure": "powershell.exe downloads smrs.exe from 192.168.0.4", 
  "Step": "4.B.2", 
  "TacticGroup": "Command and Control", 
  "Technique": "T1105", 
  "Technique_Name": "Ingress Tool Transfer"
}
{
  "Detection": [
    "Telemetry", 
    "Technique"
  ], 
  "DetectionModifiers": [], 
  "DetectionText": [
    "", 
    "A Technique detection named \"Execution - Command and Scripting Interpreter Execution\" (1/10) was generated when powershell.exe executed rad353F7.ps1."
  ], 
  "Procedure": "powershell.exe executes rad353F7.ps1", 
  "Step": "4.B.3", 
  "TacticGroup": "Execution", 
  "Technique": "T1059", 
  "Technique_Name": "Command and Scripting Interpreter"
}
{
  "Detection": [
    "Technique", 
    "Telemetry"
  ], 
  "DetectionModifiers": [], 
  "DetectionText": [
    "A Technique detection named \"Defense Evasion - Modificaiton of Another User's Registry\" (9/10) was generated when powershell.exe added a value to the Registry via New-Item and New-ItemProperty.", 
    ""
  ], 
  "Procedure": "powershell.exe adds a value under HKCU:\\Software\\Classes\\ms-settings\\shell\\open\\command via New-Item and New-ItemProperty", 
  "Step": "4.B.4", 
  "TacticGroup": "Defense Evasion", 
  "Technique": "T1112", 
  "Technique_Name": "Modify Registry"
}
{
  "Detection": [
    "Technique", 
    "Telemetry", 
    "Technique"
  ], 
  "DetectionModifiers": [], 
  "DetectionText": [
    "A Technique detection named \"Defense Evasion - UAC Bypass Via Registry Auto-Elevation\" (10/10) was generated when powershell.exe modified a Registry key associated with a UAC bypass.", 
    "", 
    "A Technique detection named \"Defense Evasion - UAC Bypass via Fodhelper Auto-Elevate Processes Execution\" (9/10) was generated when fodhelper.exe spawned cmd.exe as a high-integrity process."
  ], 
  "Procedure": "fodhelper.exe spawns cmd.exe as a high-integrity process (note: Due to the configuration of the environment, the adversary's process was high by default. This sub-step was evaluated based on the criteria of detecting data related to process integrity level as well as the executed mechanics of the UAC bypass)", 
  "Step": "4.B.5", 
  "TacticGroup": "Privilege Escalation", 
  "Technique": "T1548", 
  "Technique_Name": "Abuse Elevation Control Mechanism"
}
{
  "Detection": [
    "Telemetry", 
    "Technique"
  ], 
  "DetectionModifiers": [], 
  "DetectionText": [
    "", 
    "A Technique detection named \"Execution - Command-Line Interface (cmd.exe /c)\" (1/10) was generated when cmd.exe executed smrs.exe."
  ], 
  "Procedure": "cmd.exe spawns smrs.exe", 
  "Step": "4.B.6", 
  "TacticGroup": "Execution", 
  "Technique": "T1059", 
  "Technique_Name": "Command and Scripting Interpreter"
}
{
  "Detection": [
    "Telemetry", 
    "Technique", 
    "General"
  ], 
  "DetectionModifiers": [], 
  "DetectionText": [
    "", 
    "A Technique detection named \"Credential Dump\" was generated when  smrs.exe opened and read lsass.exe.", 
    "A General detection named \"KNOWN_MALWARE\" was generated when smrs.exe was executed."
  ], 
  "Procedure": "smrs.exe opens and reads lsass.exe", 
  "Step": "4.B.7", 
  "TacticGroup": "Credential Access", 
  "Technique": "T1003", 
  "Technique_Name": "OS Credential Dumping"
}
{
  "Detection": [
    "Telemetry", 
    "General"
  ], 
  "DetectionModifiers": [], 
  "DetectionText": [
    "", 
    "A General detection named \"Code drop\" was generated when powershell.exe downloaded pscp.exe from 192.168.0.4."
  ], 
  "Procedure": "powershell.exe downloads pscp.exe from 192.168.0.4", 
  "Step": "5.A.1", 
  "TacticGroup": "Command and Control", 
  "Technique": "T1105", 
  "Technique_Name": "Ingress Tool Transfer"
}
{
  "Detection": [
    "General", 
    "Telemetry"
  ], 
  "DetectionModifiers": [], 
  "DetectionText": [
    "A General detection named \"Code drop\" was generated when powershell.exe downloaded psexec.py.", 
    ""
  ], 
  "Procedure": "powershell.exe downloads psexec.py from 192.168.0.4", 
  "Step": "5.A.2", 
  "TacticGroup": "Command and Control", 
  "Technique": "T1105", 
  "Technique_Name": "Ingress Tool Transfer"
}
{
  "Detection": [
    "Telemetry"
  ], 
  "DetectionModifiers": [], 
  "DetectionText": [
    ""
  ], 
  "Procedure": "powershell.exe downloads runtime from 192.168.0.4", 
  "Step": "5.A.3", 
  "TacticGroup": "Command and Control", 
  "Technique": "T1105", 
  "Technique_Name": "Ingress Tool Transfer"
}
{
  "Detection": [
    "General", 
    "Telemetry"
  ], 
  "DetectionModifiers": [], 
  "DetectionText": [
    "A General detection named \"Code drop\" was generated when powershell.exe downloaded plink.exe.", 
    ""
  ], 
  "Procedure": "powershell.exe downloads plink.exe from 192.168.0.4", 
  "Step": "5.A.4", 
  "TacticGroup": "Command and Control", 
  "Technique": "T1105", 
  "Technique_Name": "Ingress Tool Transfer"
}
{
  "Detection": [
    "General", 
    "Telemetry"
  ], 
  "DetectionModifiers": [], 
  "DetectionText": [
    "A General detection named \"Code drop\" was generated when powershell.exe downloaded tiny.exe from 192.168.0.4.", 
    ""
  ], 
  "Procedure": "powershell.exe downloads tiny.exe from 192.168.0.4", 
  "Step": "5.A.5", 
  "TacticGroup": "Command and Control", 
  "Technique": "T1105", 
  "Technique_Name": "Ingress Tool Transfer"
}
{
  "Detection": [
    "Telemetry"
  ], 
  "DetectionModifiers": [], 
  "DetectionText": [
    ""
  ], 
  "Procedure": "powershell.exe spawns cmd.exe", 
  "Step": "5.A.6", 
  "TacticGroup": "Execution", 
  "Technique": "T1059", 
  "Technique_Name": "Command and Scripting Interpreter"
}
{
  "Detection": [
    "Telemetry", 
    "General", 
    "Technique"
  ], 
  "DetectionModifiers": [], 
  "DetectionText": [
    "", 
    "A General detection was generated when pscp.exe was identified as acting like a reverse shell.", 
    "A Technique detection named \"Lateral Movement - Remote Services\" (1/10) was generated when Pscp.exe connected over SCP (port 22) to 10.0.0.7."
  ], 
  "Procedure": "Pscp.exe connects over SCP (port 22) to 10.0.0.7", 
  "Step": "5.A.7", 
  "TacticGroup": "Lateral Movement", 
  "Technique": "T1021", 
  "Technique_Name": "Remote Services"
}
{
  "Detection": [
    "Telemetry"
  ], 
  "DetectionModifiers": [], 
  "DetectionText": [
    ""
  ], 
  "Procedure": "User kmitnick logs on to bankfileserver (10.0.0.7)", 
  "Step": "5.A.8", 
  "TacticGroup": "Persistence", 
  "Technique": "T1078", 
  "Technique_Name": "Valid Accounts"
}
{
  "Detection": [
    "General", 
    "Telemetry"
  ], 
  "DetectionModifiers": [], 
  "DetectionText": [
    "A General detection named \"anomaly:upload_ssh_collection\" was generated when a large amount of data was uploaded over SSH.", 
    ""
  ], 
  "Procedure": "Pscp.exe copies psexec.py to 10.0.0.7", 
  "Step": "5.A.9", 
  "TacticGroup": "Lateral Movement", 
  "Technique": "T1570", 
  "Technique_Name": "Lateral Tool Transfer"
}
{
  "Detection": [
    "Telemetry", 
    "General"
  ], 
  "DetectionModifiers": [], 
  "DetectionText": [
    "", 
    "A General detection named \"anomaly:upload_ssh_collection\" was generated when a large amount of data was uploaded over SSH."
  ], 
  "Procedure": "Pscp.exe copies runtime to 10.0.0.7", 
  "Step": "5.A.10", 
  "TacticGroup": "Lateral Movement", 
  "Technique": "T1570", 
  "Technique_Name": "Lateral Tool Transfer"
}
{
  "Detection": [
    "Telemetry", 
    "General"
  ], 
  "DetectionModifiers": [], 
  "DetectionText": [
    "", 
    "A General detection named \"anomaly:upload_ssh_collection\" was generated when a large amount of data was uploaded over SSH."
  ], 
  "Procedure": "Pscp.exe copies tiny.exe to 10.0.0.7", 
  "Step": "5.A.11", 
  "TacticGroup": "Lateral Movement", 
  "Technique": "T1570", 
  "Technique_Name": "Lateral Tool Transfer"
}
{
  "Detection": [
    "Telemetry", 
    "Technique"
  ], 
  "DetectionModifiers": [], 
  "DetectionText": [
    "", 
    "A Technique detection named \"Lateral Movement - Remote Services\" (1/10) was generated when plink.exe connected over SSH (port 22) to 10.0.0.7."
  ], 
  "Procedure": "plink.exe connects over SSH (port 22) to 10.0.0.7", 
  "Step": "5.B.1", 
  "TacticGroup": "Lateral Movement", 
  "Technique": "T1021", 
  "Technique_Name": "Remote Services"
}
{
  "Detection": [
    "Telemetry"
  ], 
  "DetectionModifiers": [], 
  "DetectionText": [
    ""
  ], 
  "Procedure": "User kmitnick logs on to bankfileserver (10.0.0.7)", 
  "Step": "5.B.2", 
  "TacticGroup": "Persistence", 
  "Technique": "T1078", 
  "Technique_Name": "Valid Accounts"
}
{
  "Detection": [
    "Telemetry"
  ], 
  "DetectionModifiers": [
    "Delayed"
  ], 
  "DetectionText": [
    ""
  ], 
  "Procedure": "User kmitnick executes ps ax", 
  "Step": "5.B.3", 
  "TacticGroup": "Discovery", 
  "Technique": "T1057", 
  "Technique_Name": "Process Discovery"
}
{
  "Detection": [
    "Telemetry"
  ], 
  "DetectionModifiers": [
    "Delayed"
  ], 
  "DetectionText": [
    ""
  ], 
  "Procedure": "User kmitnick executes ls -lsahR /var/", 
  "Step": "5.B.4", 
  "TacticGroup": "Discovery", 
  "Technique": "T1083", 
  "Technique_Name": "File and Directory Discovery"
}
{
  "Detection": [
    "Telemetry"
  ], 
  "DetectionModifiers": [
    "Delayed"
  ], 
  "DetectionText": [
    ""
  ], 
  "Procedure": "User kmitnick reads network-diagram-financial.xml via cat", 
  "Step": "5.B.5", 
  "TacticGroup": "Collection", 
  "Technique": "T1005", 
  "Technique_Name": "Data from Local System"
}
{
  "Detection": [
    "Telemetry"
  ], 
  "DetectionModifiers": [
    "Delayed"
  ], 
  "DetectionText": [
    ""
  ], 
  "Procedure": "User kmitnick reads help-desk-ticket.txt via cat", 
  "Step": "5.B.6", 
  "TacticGroup": "Collection", 
  "Technique": "T1005", 
  "Technique_Name": "Data from Local System"
}
{
  "Detection": [
    "Telemetry"
  ], 
  "DetectionModifiers": [], 
  "DetectionText": [
    ""
  ], 
  "Procedure": "User kmitnick enumerates the domain controller via nslookup, which queries for the DC (10.0.0.4) over DNS (port 53)", 
  "Step": "5.B.7", 
  "TacticGroup": "Discovery", 
  "Technique": "T1018", 
  "Technique_Name": "Remote System Discovery"
}
{
  "Detection": [
    "General", 
    "Telemetry"
  ], 
  "DetectionModifiers": [], 
  "DetectionText": [
    "A General detection named \"Credential Access\" (9/10) was generated when psexec.py created a logon to 10.0.0.4 as user kmitnick.", 
    ""
  ], 
  "Procedure": "psexec.py creates a logon to 10.0.0.4 as user kmitnick", 
  "Step": "5.C.1", 
  "TacticGroup": "Lateral Movement", 
  "Technique": "T1550", 
  "Technique_Name": "Use Alternate Authentication Material"
}
{
  "Detection": [
    "Telemetry", 
    "Technique"
  ], 
  "DetectionModifiers": [], 
  "DetectionText": [
    "", 
    "A Technique detection named \"llrules\" was generated when SMB traffic matched a non-standard SMB client associated with red-teaming tools."
  ], 
  "Procedure": "psexec.py connects to SMB shares on 10.0.0.4", 
  "Step": "5.C.2", 
  "TacticGroup": "Lateral Movement", 
  "Technique": "T1021", 
  "Technique_Name": "Remote Services"
}
{
  "Detection": [
    "Telemetry"
  ], 
  "DetectionModifiers": [], 
  "DetectionText": [
    ""
  ], 
  "Procedure": "cmd.exe spawns from a service executable in C:\\Windows\\", 
  "Step": "5.C.3", 
  "TacticGroup": "Execution", 
  "Technique": "T1569", 
  "Technique_Name": "System Services"
}
{
  "Detection": [
    "Telemetry"
  ], 
  "DetectionModifiers": [], 
  "DetectionText": [
    ""
  ], 
  "Procedure": "tiny.exe is created on 10.0.0.4", 
  "Step": "5.C.4", 
  "TacticGroup": "Lateral Movement", 
  "Technique": "T1570", 
  "Technique_Name": "Lateral Tool Transfer"
}
{
  "Detection": [
    "Telemetry"
  ], 
  "DetectionModifiers": [], 
  "DetectionText": [
    ""
  ], 
  "Procedure": "cmd.exe spawns tiny.exe", 
  "Step": "5.C.5", 
  "TacticGroup": "Execution", 
  "Technique": "T1059", 
  "Technique_Name": "Command and Scripting Interpreter"
}
{
  "Detection": [
    "None"
  ], 
  "DetectionModifiers": [], 
  "DetectionText": [
    "Minimum detection criteria was not met for this procedure."
  ], 
  "Procedure": "tiny.exe loads shellcode from network connection into memory", 
  "Step": "5.C.6", 
  "TacticGroup": "Defense Evasion", 
  "Technique": "T1140", 
  "Technique_Name": "Deobfuscate/Decode Files or Information"
}
{
  "Detection": [
    "Technique", 
    "Telemetry"
  ], 
  "DetectionModifiers": [], 
  "DetectionText": [
    "A Technique detection named \"Execution - PowerShell Execution via Module Load Detected\" (2/10) was generated when tiny.exe loaded system.management.automation.dll.", 
    ""
  ], 
  "Procedure": "tiny.exe loads system.management.automation.dll", 
  "Step": "6.A.1", 
  "TacticGroup": "Execution", 
  "Technique": "T1059", 
  "Technique_Name": "Command and Scripting Interpreter"
}
{
  "Detection": [
    "Telemetry", 
    "Technique"
  ], 
  "DetectionModifiers": [], 
  "DetectionText": [
    "", 
    "A Technique detection named \"Discovery - AMSI - Suspect Domain Enumeration Detected\" (5/10) was generated when PowerShell executed Get-ADComputer."
  ], 
  "Procedure": "PowerShell executes Get-ADComputer", 
  "Step": "6.A.2", 
  "TacticGroup": "Discovery", 
  "Technique": "T1018", 
  "Technique_Name": "Remote System Discovery"
}
{
  "Detection": [
    "Telemetry"
  ], 
  "DetectionModifiers": [], 
  "DetectionText": [
    ""
  ], 
  "Procedure": "PowerShell executes Get-NetUser", 
  "Step": "6.A.3", 
  "TacticGroup": "Discovery", 
  "Technique": "T1087", 
  "Technique_Name": "Account Discovery"
}
{
  "Detection": [
    "Telemetry", 
    "Technique"
  ], 
  "DetectionModifiers": [], 
  "DetectionText": [
    "", 
    "A Technique detection named \"Code drop\" was generated when tiny.exe downloaded plink.exe from 192.168.0.4."
  ], 
  "Procedure": "tiny.exe downloads plink.exe from 192.168.0.4", 
  "Step": "7.A.1", 
  "TacticGroup": "Command and Control", 
  "Technique": "T1105", 
  "Technique_Name": "Ingress Tool Transfer"
}
{
  "Detection": [
    "Telemetry"
  ], 
  "DetectionModifiers": [], 
  "DetectionText": [
    ""
  ], 
  "Procedure": "tiny.exe spawns cmd.exe", 
  "Step": "7.A.2", 
  "TacticGroup": "Execution", 
  "Technique": "T1059", 
  "Technique_Name": "Command and Scripting Interpreter"
}
{
  "Detection": [
    "Telemetry"
  ], 
  "DetectionModifiers": [], 
  "DetectionText": [
    ""
  ], 
  "Procedure": "plink.exe transmits data to 192.168.0.4 over SSH protocol", 
  "Step": "7.A.3", 
  "TacticGroup": "Command and Control", 
  "Technique": "T1071", 
  "Technique_Name": "Application Layer Protocol"
}
{
  "Detection": [
    "Telemetry"
  ], 
  "DetectionModifiers": [], 
  "DetectionText": [
    ""
  ], 
  "Procedure": "User kmitnick logs on to bankdc (10.0.0.4)", 
  "Step": "7.A.4", 
  "TacticGroup": "Defense Evasion", 
  "Technique": "T1078", 
  "Technique_Name": "Valid Accounts"
}
{
  "Detection": [
    "Technique", 
    "Telemetry", 
    "Technique"
  ], 
  "DetectionModifiers": [], 
  "DetectionText": [
    "A Technique detection named \"Lateral Movement - Remote Desktop Protocol\" (1/10) was generated when an RDP session was created from localhost over port 3389.", 
    "", 
    "A Technique detection named \"Lateral Movement - Remote Services\" (1/10) was generated when an RDP session was created from localhost over port 3389."
  ], 
  "Procedure": "RDP session from the localhost over TCP port 3389", 
  "Step": "7.A.5", 
  "TacticGroup": "Lateral Movement", 
  "Technique": "T1021", 
  "Technique_Name": "Remote Services"
}
{
  "Detection": [
    "Telemetry", 
    "Technique"
  ], 
  "DetectionModifiers": [], 
  "DetectionText": [
    "", 
    "A Technique detection named \"Discovery - System Owner/User Discovery #2\" (6/10) was generated when powershell.exe executed qwinsta /server:cfo."
  ], 
  "Procedure": "powershell.exe executes qwinsta /server:cfo", 
  "Step": "7.B.1", 
  "TacticGroup": "Discovery", 
  "Technique": "T1033", 
  "Technique_Name": "System Owner/User Discovery"
}
{
  "Detection": [
    "Telemetry"
  ], 
  "DetectionModifiers": [], 
  "DetectionText": [
    ""
  ], 
  "Procedure": "User kmitnick logs on to cfo (10.0.0.5)", 
  "Step": "7.B.2", 
  "TacticGroup": "Persistence", 
  "Technique": "T1078", 
  "Technique_Name": "Valid Accounts"
}
{
  "Detection": [
    "Technique", 
    "Technique", 
    "Telemetry", 
    "Technique", 
    "Technique", 
    "Technique"
  ], 
  "DetectionModifiers": [], 
  "DetectionText": [
    "A Technique detection named \"llrules\" was generated when a cookie was observed in a RDP connection request.", 
    "A Technique detection named \"Lateral Movement - Remove Services\" (1/10) was generated when an RDP session was created from bankdc (10.0.0.4) to cfo (10.0.0.5) over port 3389.", 
    "", 
    "A Technique detection named \"Anomalous Network Interaction\" (Low) was generated when an RDP session was created from bankdc (10.0.0.4) to cfo (10.0.0.5) over port 3389.", 
    "A Technique detection named \"Lateral Movement - Remote Desktop Protocol\" (1/10) was generated when an RDP session was created from bankdc (10.0.0.4) to cfo (10.0.0.5) over port 3389.", 
    "A Technique detection named \"Lateral Movement - Successful RDP Connection\" (1/10) was generated when an RDP session was created from bankdc (10.0.0.4) to cfo (10.0.0.5) over port 3389."
  ], 
  "Procedure": "RDP session from 10.0.0.4 to 10.0.0.5 over TCP port 3389", 
  "Step": "7.B.3", 
  "TacticGroup": "Lateral Movement", 
  "Technique": "T1021", 
  "Technique_Name": "Remote Services"
}
{
  "Detection": [
    "General", 
    "Telemetry", 
    "General"
  ], 
  "DetectionModifiers": [
    "Delayed"
  ], 
  "DetectionText": [
    "A General detection named \"Code Drop\" was generated when scp.exe downloaded Java-Update.exe from 192.168.0.4.", 
    "", 
    "A General detection named \"Malicious\" (High) was generated when Java-Update.exe was detected as a suspicious file."
  ], 
  "Procedure": "scp.exe downloads Java-Update.exe from 192.168.0.4", 
  "Step": "7.C.1", 
  "TacticGroup": "Command and Control", 
  "Technique": "T1105", 
  "Technique_Name": "Ingress Tool Transfer"
}
{
  "Detection": [
    "None"
  ], 
  "DetectionModifiers": [], 
  "DetectionText": [
    "Minimum detection criteria was not met for this procedure."
  ], 
  "Procedure": "dir lists the contents of C:\\Users\\Public", 
  "Step": "7.C.2", 
  "TacticGroup": "Discovery", 
  "Technique": "T1083", 
  "Technique_Name": "File and Directory Discovery"
}
{
  "Detection": [
    "Telemetry", 
    "General"
  ], 
  "DetectionModifiers": [], 
  "DetectionText": [
    "", 
    "A General detection named \"Code drop\" was generated when cmd.exe downloaded Java-Update.vbs from 192.168.0.4."
  ], 
  "Procedure": "cmd.exe downloads Java-Update.vbs from 192.168.0.4", 
  "Step": "7.C.3", 
  "TacticGroup": "Command and Control", 
  "Technique": "T1105", 
  "Technique_Name": "Ingress Tool Transfer"
}
{
  "Detection": [
    "Technique", 
    "Technique", 
    "Telemetry"
  ], 
  "DetectionModifiers": [], 
  "DetectionText": [
    "A Technique detection named \"Persistence - Run Key Added With Non-Program Files Value Path\" (8/10) was generated when Java-Update subkey was added to HKLM\\Software\\Microsoft\\Windows\\CurrentVersion\\Run\n.", 
    "A Technique detection named \"Persistence - Regmod Run or Runonce Key Modification\" (3/10) was generated when Java-Update subkey was added to HKLM\\Software\\Microsoft\\Windows\\CurrentVersion\\Run\n.", 
    ""
  ], 
  "Procedure": "Java-Update subkey is added to HKLM\\Software\\Microsoft\\Windows\\CurrentVersion\\Run", 
  "Step": "7.C.4", 
  "TacticGroup": "Persistence", 
  "Technique": "T1547", 
  "Technique_Name": "Boot or Logon Autostart Execution"
}
{
  "Detection": [
    "Technique", 
    "Telemetry", 
    "Technique"
  ], 
  "DetectionModifiers": [], 
  "DetectionText": [
    "A Technique detection named \"Execution - Command and Scripting Interpreter Execution\" (1/10) was generated when wscript.exe spawned Java-Update.exe.", 
    "", 
    "A Technique detection named \"Execution - AMSI - Suspicious Windows Script Host Execution\" (10/10) was generated when wscript.exe spawned Java-Update.exe."
  ], 
  "Procedure": "wscript.exe spawns Java-Update.exe", 
  "Step": "8.A.1", 
  "TacticGroup": "Execution", 
  "Technique": "T1059", 
  "Technique_Name": "Command and Scripting Interpreter"
}
{
  "Detection": [
    "None"
  ], 
  "DetectionModifiers": [], 
  "DetectionText": [
    "Minimum detection criteria was not met for this procedure."
  ], 
  "Procedure": "Java-Update.exe transmits data to 192.168.0.4 over HTTPS protocol", 
  "Step": "8.A.2", 
  "TacticGroup": "Command and Control", 
  "Technique": "T1071", 
  "Technique_Name": "Application Layer Protocol"
}
{
  "Detection": [
    "Telemetry"
  ], 
  "DetectionModifiers": [], 
  "DetectionText": [
    ""
  ], 
  "Procedure": "Java-Update.exe transmits data to 192.168.0.4 over HTTPS protocol", 
  "Step": "8.A.3", 
  "TacticGroup": "Command and Control", 
  "Technique": "T1573", 
  "Technique_Name": "Encrypted Channel"
}
{
  "Detection": [
    "Technique", 
    "Telemetry", 
    "General"
  ], 
  "DetectionModifiers": [
    "Delayed"
  ], 
  "DetectionText": [
    "A Technique detection named \"Code Drop\" was generated when Java-Update.exe downloaded DefenderUpgradeExec.exe from 192.168.0.4.", 
    "", 
    "A General detection named \"Sample contains suspicious behavior\" (Medium) was generated when DefenderUpgradeExec.exe was identified as suspicious."
  ], 
  "Procedure": "Java-Update.exe downloads DefenderUpgradeExec.exe from 192.168.0.4", 
  "Step": "9.A.1", 
  "TacticGroup": "Command and Control", 
  "Technique": "T1105", 
  "Technique_Name": "Ingress Tool Transfer"
}
{
  "Detection": [
    "Technique"
  ], 
  "DetectionModifiers": [], 
  "DetectionText": [
    "A Technique detection named \"Monitor user input\" was generated when DefenderUpgradeExec.exe called the SetWindowsHookEx API."
  ], 
  "Procedure": "DefenderUpgradeExec.exe calls the SetWindowsHookEx API", 
  "Step": "9.A.2", 
  "TacticGroup": "Credential Access", 
  "Technique": "T1056", 
  "Technique_Name": "Input Capture"
}
{
  "Detection": [
    "Telemetry"
  ], 
  "DetectionModifiers": [], 
  "DetectionText": [
    ""
  ], 
  "Procedure": "Java-Update.exe injects into explorer.exe with CreateRemoteThread", 
  "Step": "9.A.3", 
  "TacticGroup": "Defense Evasion", 
  "Technique": "T1055", 
  "Technique_Name": "Process Injection"
}
{
  "Detection": [
    "None"
  ], 
  "DetectionModifiers": [], 
  "DetectionText": [
    "Minimum detection criteria was not met for this procedure."
  ], 
  "Procedure": "explorer.exe calls the CreateCompatibleBitmap API from Gdi32.dll", 
  "Step": "9.A.4", 
  "TacticGroup": "Collection", 
  "Technique": "T1113", 
  "Technique_Name": "Screen Capture"
}
{
  "Detection": [
    "None"
  ], 
  "DetectionModifiers": [], 
  "DetectionText": [
    "Minimum detection criteria was not met for this procedure."
  ], 
  "Procedure": "explorer.exe reads C:\\Users\\jsmith\\AppData\\Local\\Temp\\Klog2.txt over to 192.168.0.4", 
  "Step": "9.A.5", 
  "TacticGroup": "Collection", 
  "Technique": "T1005", 
  "Technique_Name": "Data from Local System"
}
{
  "Detection": [
    "Technique", 
    "Telemetry"
  ], 
  "DetectionModifiers": [], 
  "DetectionText": [
    "A Technique detection named \"Code Drop\" was generated when explorer.exe downloaded infosMin48.exe from 192.168.0.4.", 
    ""
  ], 
  "Procedure": "explorer.exe downloads infosMin48.exe from 192.168.0.4", 
  "Step": "9.B.1", 
  "TacticGroup": "Command and Control", 
  "Technique": "T1105", 
  "Technique_Name": "Ingress Tool Transfer"
}
{
  "Detection": [
    "Telemetry"
  ], 
  "DetectionModifiers": [], 
  "DetectionText": [
    ""
  ], 
  "Procedure": "infosMin48.exe calls the VaultEnumerateItems API from vaultcli.dll", 
  "Step": "9.B.2", 
  "TacticGroup": "Credential Access", 
  "Technique": "T1555", 
  "Technique_Name": "Credentials from Password Stores"
}
{
  "Detection": [
    "Telemetry", 
    "Technique"
  ], 
  "DetectionModifiers": [], 
  "DetectionText": [
    "", 
    "A Technique detection named \"Defense Evasion - File Deletion\" (1/10) was generated when powershell.exe deleted files from C:\\Users\\jsmith\\AppData\\Local\\Temp\\."
  ], 
  "Procedure": "powershell.exe deletes files from C:\\Users\\jsmith\\AppData\\Local\\Temp\\", 
  "Step": "9.B.3", 
  "TacticGroup": "Defense Evasion", 
  "Technique": "T1070", 
  "Technique_Name": "Indicator Removal on Host"
}
{
  "Detection": [
    "Technique", 
    "Telemetry"
  ], 
  "DetectionModifiers": [], 
  "DetectionText": [
    "A Technique detection named \"Code drop\" was generated when explorer.exe downloaded tightvnc-2.8.27-gpl-setup-64bit.msi from 192.168.0.4.", 
    ""
  ], 
  "Procedure": "explorer.exe downloads tightvnc-2.8.27-gpl-setup-64bit.msi from 192.168.0.4", 
  "Step": "10.A.1", 
  "TacticGroup": "Command and Control", 
  "Technique": "T1105", 
  "Technique_Name": "Ingress Tool Transfer"
}
{
  "Detection": [
    "Telemetry", 
    "Technique"
  ], 
  "DetectionModifiers": [], 
  "DetectionText": [
    "", 
    "A Technique detection named \"Code drop\" was generated when explorer.exe downloaded vnc-settings.reg from 192.168.0.4."
  ], 
  "Procedure": "explorer.exe downloads vnc-settings.reg from 192.168.0.4", 
  "Step": "10.A.2", 
  "TacticGroup": "Command and Control", 
  "Technique": "T1105", 
  "Technique_Name": "Ingress Tool Transfer"
}
{
  "Detection": [
    "Technique", 
    "Telemetry"
  ], 
  "DetectionModifiers": [], 
  "DetectionText": [
    "A Technique detection named \"Defense Evasion - Disabling Security Tools\" (5/10) was generated when netsh.exe added 'Service Host' rule to allow TCP port 5900 inbound.", 
    ""
  ], 
  "Procedure": "netsh adds Service Host rule for TCP port 5900", 
  "Step": "10.A.3", 
  "TacticGroup": "Defense Evasion", 
  "Technique": "T1562", 
  "Technique_Name": "Impair Defenses"
}
{
  "Detection": [
    "Telemetry", 
    "Technique"
  ], 
  "DetectionModifiers": [], 
  "DetectionText": [
    "", 
    "A Technique detection named \"Persistence - Regmod Run or Runonce Key Modification\" (3/10) was generated when tvncontrol subkey was added to HKLM\\Software\\Microsoft\\CurrentVersion\\Run."
  ], 
  "Procedure": "msiexec.exe adds the tvncontrol subkey in HKLM\\Software\\Microsoft\\CurrentVersion\\Run", 
  "Step": "10.A.4", 
  "TacticGroup": "Persistence", 
  "Technique": "T1547", 
  "Technique_Name": "Boot or Logon Autostart Execution"
}
{
  "Detection": [
    "Telemetry"
  ], 
  "DetectionModifiers": [], 
  "DetectionText": [
    ""
  ], 
  "Procedure": "Addition of subkeys in HKLM\\Software\\TightVNC\\Server", 
  "Step": "10.A.5", 
  "TacticGroup": "Defense Evasion", 
  "Technique": "T1112", 
  "Technique_Name": "Modify Registry"
}
{
  "Detection": [
    "Technique", 
    "Telemetry"
  ], 
  "DetectionModifiers": [], 
  "DetectionText": [
    "A Technique detection named \"Persistence - Regmod Run or Runonce Key Modification\" (3/10) was generated when the Java-Update subkey in HKLM\\Software\\Microsoft\\Windows\\CurrentVersion\\Run was deleted.", 
    ""
  ], 
  "Procedure": "Deletion of the Java-Update subkey in HKLM\\Software\\Microsoft\\Windows\\CurrentVersion\\Run", 
  "Step": "10.A.6", 
  "TacticGroup": "Defense Evasion", 
  "Technique": "T1112", 
  "Technique_Name": "Modify Registry"
}
{
  "Detection": [
    "General", 
    "General", 
    "Telemetry"
  ], 
  "DetectionModifiers": [], 
  "DetectionText": [
    "A General detection named \"Network Access\" was generated when tvnserver.exe accepted a connection from 192.168.0.4 over TCP port 5900\n.", 
    "A General detection named \"Lateral Movement - Remote Services\" (1/10) was generated when tvnserver.exe accepted a connection from 192.168.0.4 over TCP port 5900.", 
    ""
  ], 
  "Procedure": "tvnserver.exe accepts a connection from 192.168.0.4 over TCP port 5900", 
  "Step": "10.B.1", 
  "TacticGroup": "Command and Control", 
  "Technique": "T1219", 
  "Technique_Name": "Remote Access Software"
}
{
  "Detection": [
    "Telemetry"
  ], 
  "DetectionModifiers": [], 
  "DetectionText": [
    ""
  ], 
  "Procedure": "explorer.exe spawns winword.exe when user clicks 2-list.rtf", 
  "Step": "11.A.1", 
  "TacticGroup": "Execution", 
  "Technique": "T1204", 
  "Technique_Name": "User Execution"
}
{
  "Detection": [
    "General", 
    "Telemetry"
  ], 
  "DetectionModifiers": [
    "Delayed"
  ], 
  "DetectionText": [
    "A General detection named \"Identified exploit code\" (100/100) was generated when 2-list.rtf contained an embedded lnk payload.", 
    ""
  ], 
  "Procedure": "2-list.rtf contains an embedded lnk payload that is dropped to disk", 
  "Step": "11.A.2", 
  "TacticGroup": "Defense Evasion", 
  "Technique": "T1027", 
  "Technique_Name": "Obfuscated Files or Information"
}
{
  "Detection": [
    "General", 
    "Telemetry"
  ], 
  "DetectionModifiers": [], 
  "DetectionText": [
    "A General detection named \"Initial Access - Spearphshing Attachment - Word\" (7/10) was generated when winword.exe spawned mshta.exe.", 
    ""
  ], 
  "Procedure": "winword.exe spawns mshta.exe", 
  "Step": "11.A.3", 
  "TacticGroup": "Execution", 
  "Technique": "T1218", 
  "Technique_Name": "Signed Binary Proxy Execution"
}
{
  "Detection": [
    "Telemetry", 
    "Technique"
  ], 
  "DetectionModifiers": [], 
  "DetectionText": [
    "", 
    "A Technique detection named \"Defense Evasion - AMSI - Suspicious MSHTA File Write and Execute Behaviors Detected\" (10/10) was generated when mshta.exe executed an embedded VBScript payload."
  ], 
  "Procedure": "mshta.exe executes an embedded VBScript payload", 
  "Step": "11.A.4", 
  "TacticGroup": "Execution", 
  "Technique": "T1059", 
  "Technique_Name": "Command and Scripting Interpreter"
}
{
  "Detection": [
    "Telemetry"
  ], 
  "DetectionModifiers": [], 
  "DetectionText": [
    ""
  ], 
  "Procedure": "mshta.exe assembles text embedded within 2-list.rtf into a JS payload", 
  "Step": "11.A.5", 
  "TacticGroup": "Defense Evasion", 
  "Technique": "T1140", 
  "Technique_Name": "Deobfuscate/Decode Files or Information"
}
{
  "Detection": [
    "Technique", 
    "Telemetry"
  ], 
  "DetectionModifiers": [
    "Delayed"
  ], 
  "DetectionText": [
    "A Technique detection named \"Defense Evasion - Script Processors Renamed - Wscript VB Script Processors\" (10/10) was generated when adb156.exe was executed and identified as a renamed script processor.", 
    ""
  ], 
  "Procedure": "mshta.exe makes a copy of the legitimate wscript.exe as Adb156.exe", 
  "Step": "11.A.6", 
  "TacticGroup": "Defense Evasion", 
  "Technique": "T1036", 
  "Technique_Name": "Masquerading"
}
{
  "Detection": [
    "General", 
    "Telemetry"
  ], 
  "DetectionModifiers": [], 
  "DetectionText": [
    "A General detection named \"Initial Access - MS Office Applications Loading Suspicious Visual Basic Libraries\" (8/10) was generated when  winword.exe loaded VBE7.DLL, VBEUI.DLL, and VBE7INTL.DLL.", 
    ""
  ], 
  "Procedure": "winword.exe spawns verclsid.exe and loads VBE7.DLL, VBEUI.DLL, and VBE7INTL.DLL", 
  "Step": "11.A.7", 
  "TacticGroup": "Execution", 
  "Technique": "T1559", 
  "Technique_Name": "Inter-Process Communication"
}
{
  "Detection": [
    "Telemetry"
  ], 
  "DetectionModifiers": [], 
  "DetectionText": [
    ""
  ], 
  "Procedure": "mshta.exe loads taskschd.dll and creates a scheduled task to execute in 5 minutes", 
  "Step": "11.A.8", 
  "TacticGroup": "Execution", 
  "Technique": "T1053", 
  "Technique_Name": "Scheduled Task/Job"
}
{
  "Detection": [
    "Telemetry"
  ], 
  "DetectionModifiers": [], 
  "DetectionText": [
    ""
  ], 
  "Procedure": "svchost.exe (-s Schedule) spawns Adb156.exe", 
  "Step": "12.A.1", 
  "TacticGroup": "Execution", 
  "Technique": "T1053", 
  "Technique_Name": "Scheduled Task/Job"
}
{
  "Detection": [
    "Telemetry", 
    "Technique", 
    "Technique"
  ], 
  "DetectionModifiers": [], 
  "DetectionText": [
    "", 
    "A Technique detection named \"Defense Evasion - Wscript Execution from Non-Std Path\" (9/10) was generated when Adb156.exe loaded scrobj.dll and executed sql-rat.js using Jscript.", 
    "A Technique detection named \"Execution - AMSI - Suspicious Windows Script Host Execution\" (10/10) was generated when Adb156.exe loaded scrobj.dll and executed sql-rat.js using Jscript."
  ], 
  "Procedure": "Adb156.exe loads scrobj.dll and executes sql-rat.js using Jscript", 
  "Step": "12.A.2", 
  "TacticGroup": "Execution", 
  "Technique": "T1059", 
  "Technique_Name": "Command and Scripting Interpreter"
}
{
  "Detection": [
    "Telemetry"
  ], 
  "DetectionModifiers": [], 
  "DetectionText": [
    ""
  ], 
  "Procedure": "Adb156.exe transmits data to 192.168.0.6 via MSSQL transactions", 
  "Step": "12.A.3", 
  "TacticGroup": "Command and Control", 
  "Technique": "T1071", 
  "Technique_Name": "Application Layer Protocol"
}
{
  "Detection": [
    "Telemetry"
  ], 
  "DetectionModifiers": [], 
  "DetectionText": [
    ""
  ], 
  "Procedure": "Adb156.exe makes a WMI query for Win32_NetworkAdapterConfiguration", 
  "Step": "12.A.4", 
  "TacticGroup": "Discovery", 
  "Technique": "T1016", 
  "Technique_Name": "System Network Configuration Discovery"
}
{
  "Detection": [
    "Telemetry"
  ], 
  "DetectionModifiers": [], 
  "DetectionText": [
    ""
  ], 
  "Procedure": "Adb156.exe makes a WMI query for Win32_LogicalDisk", 
  "Step": "12.A.5", 
  "TacticGroup": "Discovery", 
  "Technique": "T1082", 
  "Technique_Name": "System Information Discovery"
}
{
  "Detection": [
    "Telemetry", 
    "Technique"
  ], 
  "DetectionModifiers": [], 
  "DetectionText": [
    "", 
    "A Technique detection named \"Code drop\" was generated when Adb156.exe downloaded stager.ps1 from 192.168.0.6."
  ], 
  "Procedure": "Adb156.exe downloads stager.ps1 from 192.168.0.6", 
  "Step": "12.B.1", 
  "TacticGroup": "Command and Control", 
  "Technique": "T1105", 
  "Technique_Name": "Ingress Tool Transfer"
}
{
  "Detection": [
    "Telemetry"
  ], 
  "DetectionModifiers": [], 
  "DetectionText": [
    ""
  ], 
  "Procedure": "Adb156.exe makes a WMI query for Win32_Process", 
  "Step": "13.A.1", 
  "TacticGroup": "Discovery", 
  "Technique": "T1057", 
  "Technique_Name": "Process Discovery"
}
{
  "Detection": [
    "Telemetry", 
    "Technique"
  ], 
  "DetectionModifiers": [], 
  "DetectionText": [
    "", 
    "A Technique detection named \"Execution - Command-Line Interface (cmd.exe /c)\" (1/10) was generated when Adb156.exe spawned cmd.exe."
  ], 
  "Procedure": "Adb156.exe spawns cmd.exe", 
  "Step": "13.A.2", 
  "TacticGroup": "Execution", 
  "Technique": "T1059", 
  "Technique_Name": "Command and Scripting Interpreter"
}
{
  "Detection": [
    "Telemetry", 
    "Technique"
  ], 
  "DetectionModifiers": [], 
  "DetectionText": [
    "", 
    "A Technique detection named \"Discovery - Network Share Discovery\" (2/10) was generated when cmd.exe executed net view."
  ], 
  "Procedure": "cmd.exe executes net view", 
  "Step": "13.A.3", 
  "TacticGroup": "Discovery", 
  "Technique": "T1135", 
  "Technique_Name": "Network Share Discovery"
}
{
  "Detection": [
    "Telemetry"
  ], 
  "DetectionModifiers": [], 
  "DetectionText": [
    ""
  ], 
  "Procedure": "Adb156.exe makes a WMI query for Win32_BIOS", 
  "Step": "13.A.4", 
  "TacticGroup": "Defense Evasion", 
  "Technique": "T1497", 
  "Technique_Name": "Virtualization/Sandbox Evasion"
}
{
  "Detection": [
    "Telemetry"
  ], 
  "DetectionModifiers": [], 
  "DetectionText": [
    ""
  ], 
  "Procedure": "Adb156.exe queries the USERNAME environment variable", 
  "Step": "13.A.5", 
  "TacticGroup": "Discovery", 
  "Technique": "T1033", 
  "Technique_Name": "System Owner/User Discovery"
}
{
  "Detection": [
    "Telemetry"
  ], 
  "DetectionModifiers": [], 
  "DetectionText": [
    ""
  ], 
  "Procedure": "Adb156.exe queries the COMPUTERNAME environment variable", 
  "Step": "13.A.6", 
  "TacticGroup": "Discovery", 
  "Technique": "T1082", 
  "Technique_Name": "System Information Discovery"
}
{
  "Detection": [
    "Telemetry"
  ], 
  "DetectionModifiers": [], 
  "DetectionText": [
    ""
  ], 
  "Procedure": "Adb156.exe makes a WMI query for Win32_ComputerSystem", 
  "Step": "13.A.8", 
  "TacticGroup": "Discovery", 
  "Technique": "T1016", 
  "Technique_Name": "System Network Configuration Discovery"
}
{
  "Detection": [
    "Telemetry"
  ], 
  "DetectionModifiers": [], 
  "DetectionText": [
    ""
  ], 
  "Procedure": "Adb156.exe makes a WMI query for Win32_OperatingSystem", 
  "Step": "13.A.9", 
  "TacticGroup": "Discovery", 
  "Technique": "T1082", 
  "Technique_Name": "System Information Discovery"
}
{
  "Detection": [
    "Telemetry"
  ], 
  "DetectionModifiers": [], 
  "DetectionText": [
    ""
  ], 
  "Procedure": "Adb156.exe downloads takeScreenshot.ps1 from 192.168.0.6 via MSSQL transactions", 
  "Step": "13.B.1", 
  "TacticGroup": "Command and Control", 
  "Technique": "T1105", 
  "Technique_Name": "Ingress Tool Transfer"
}
{
  "Detection": [
    "Telemetry", 
    "Technique"
  ], 
  "DetectionModifiers": [], 
  "DetectionText": [
    "", 
    "A Technique detection named \"Execution - Command-Line Interface (cmd.exe /c)\" (1/10) was generated when Adb156.exe spawned cmd.exe."
  ], 
  "Procedure": "Adb156.exe spawns cmd.exe", 
  "Step": "13.B.2", 
  "TacticGroup": "Execution", 
  "Technique": "T1059", 
  "Technique_Name": "Command and Scripting Interpreter"
}
{
  "Detection": [
    "Telemetry", 
    "Technique"
  ], 
  "DetectionModifiers": [], 
  "DetectionText": [
    "", 
    "A Technique detection named \"Execution - Command and Scripting Interpreter Execution\" (1/10) was generated when cmd.exe spawned powershell.exe."
  ], 
  "Procedure": "cmd.exe spawns powershell.exe", 
  "Step": "13.B.3", 
  "TacticGroup": "Execution", 
  "Technique": "T1059", 
  "Technique_Name": "Command and Scripting Interpreter"
}
{
  "Detection": [
    "Telemetry", 
    "Technique"
  ], 
  "DetectionModifiers": [], 
  "DetectionText": [
    "", 
    "A Technique detection named \"Collection - AMSI - Suspicious ScreenCapture Detected\" (8/10) was generated when powershell.exe executed CopyFromScreen()."
  ], 
  "Procedure": "powershell.exe executes CopyFromScreen()", 
  "Step": "13.B.4", 
  "TacticGroup": "Collection", 
  "Technique": "T1113", 
  "Technique_Name": "Screen Capture"
}
{
  "Detection": [
    "Telemetry"
  ], 
  "DetectionModifiers": [], 
  "DetectionText": [
    ""
  ], 
  "Procedure": "Adb156.exe reads and uploads image.png to 192.168.0.6 via MSSQL transactions", 
  "Step": "13.B.5", 
  "TacticGroup": "Exfiltration", 
  "Technique": "T1041", 
  "Technique_Name": "Exfiltration Over Command and Control Channel"
}
{
  "Detection": [
    "Telemetry", 
    "Technique", 
    "Technique"
  ], 
  "DetectionModifiers": [], 
  "DetectionText": [
    "", 
    "A Technique detection named \"Execution - Command and Scripting Interpreter Execution\" (1/10) was generated when Adb156.exe spawned cmd.exe.", 
    "A Technique detection named \"Execution - Command-Line Interface (cmd.exe /c)\" (1/10) was generated when Adb156.exe spawned cmd.exe."
  ], 
  "Procedure": "Adb156.exe spawns cmd.exe", 
  "Step": "14.A.1", 
  "TacticGroup": "Execution", 
  "Technique": "T1059", 
  "Technique_Name": "Command and Scripting Interpreter"
}
{
  "Detection": [
    "Telemetry", 
    "Technique", 
    "Technique"
  ], 
  "DetectionModifiers": [], 
  "DetectionText": [
    "", 
    "A Technique detection named \"Execution - Command and Scripting Interpreter Execution\" (1/10) was generated when cmd.exe spawned powershell.exe.", 
    "A Technique detection named \"Execution - Command and Scripting Interpreter - Powershell\" (2/10) was generated when cmd.exe spawned powershell.exe."
  ], 
  "Procedure": "cmd.exe spawns powershell.exe", 
  "Step": "14.A.2", 
  "TacticGroup": "Execution", 
  "Technique": "T1059", 
  "Technique_Name": "Command and Scripting Interpreter"
}
{
  "Detection": [
    "Tactic", 
    "Tactic", 
    "Telemetry"
  ], 
  "DetectionModifiers": [], 
  "DetectionText": [
    "A Tactic detection named \"Defense Evasion - AMSI - Executable File (PE) Discovered In-Memory\" (10/10) was generated when encoded content was embedded in a script and executed.", 
    "A Tactic detection (8/10) was generated when powershell.exe attempted to execute fileless content.", 
    ""
  ], 
  "Procedure": "powershell.exe decodes an embedded DLL payload", 
  "Step": "14.A.3", 
  "TacticGroup": "Defense Evasion", 
  "Technique": "T1140", 
  "Technique_Name": "Deobfuscate/Decode Files or Information"
}
{
  "Detection": [
    "Telemetry"
  ], 
  "DetectionModifiers": [], 
  "DetectionText": [
    ""
  ], 
  "Procedure": "powershell.exe executes the decoded payload using Invoke-Expression (IEX)", 
  "Step": "14.A.4", 
  "TacticGroup": "Execution", 
  "Technique": "T1059", 
  "Technique_Name": "Command and Scripting Interpreter"
}
{
  "Detection": [
    "None"
  ], 
  "DetectionModifiers": [], 
  "DetectionText": [
    "Minimum detection criteria was not met for this procedure."
  ], 
  "Procedure": "powershell.exe loads shellcode from network connection into memory", 
  "Step": "14.A.5", 
  "TacticGroup": "Defense Evasion", 
  "Technique": "T1140", 
  "Technique_Name": "Deobfuscate/Decode Files or Information"
}
{
  "Detection": [
    "None"
  ], 
  "DetectionModifiers": [], 
  "DetectionText": [
    "Minimum detection criteria was not met for this procedure."
  ], 
  "Procedure": "powershell.exe transmits data to 192.168.0.4 over HTTPS protocol", 
  "Step": "14.A.6", 
  "TacticGroup": "Command and Control", 
  "Technique": "T1071", 
  "Technique_Name": "Application Layer Protocol"
}
{
  "Detection": [
    "Telemetry"
  ], 
  "DetectionModifiers": [], 
  "DetectionText": [
    ""
  ], 
  "Procedure": "powershell.exe transmits data to 192.168.0.4 over HTTPS protocol", 
  "Step": "14.A.7", 
  "TacticGroup": "Command and Control", 
  "Technique": "T1573", 
  "Technique_Name": "Encrypted Channel"
}
{
  "Detection": [
    "None"
  ], 
  "DetectionModifiers": [], 
  "DetectionText": [
    "Minimum detection criteria was not met for this procedure."
  ], 
  "Procedure": "powershell.exe calls the CreateToolhelp32Snapshot() API", 
  "Step": "15.A.1", 
  "TacticGroup": "Discovery", 
  "Technique": "T1057", 
  "Technique_Name": "Process Discovery"
}
{
  "Detection": [
    "Telemetry", 
    "Technique", 
    "General"
  ], 
  "DetectionModifiers": [
    "Delayed"
  ], 
  "DetectionText": [
    "", 
    "A Technique detection named \"Code drop\" was generated when powershell.exe downloaded samcat.exe from 192.168.0.4.", 
    "A General detection named \"Sample contains suspicious behavior\" (Medium) was generated when samcat.exe was identified as a suspicious file."
  ], 
  "Procedure": "powershell.exe downloads samcat.exe from 192.168.0.4", 
  "Step": "15.A.2", 
  "TacticGroup": "Command and Control", 
  "Technique": "T1105", 
  "Technique_Name": "Ingress Tool Transfer"
}
{
  "Detection": [
    "Telemetry", 
    "Technique"
  ], 
  "DetectionModifiers": [], 
  "DetectionText": [
    "", 
    "A Technique detection named \"Code drop\" was generated when powershell.exe downloaded uac-samcats.ps1 from 192.168.0.4."
  ], 
  "Procedure": "powershell.exe downloads uac-samcats.ps1 from 192.168.0.4", 
  "Step": "15.A.3", 
  "TacticGroup": "Command and Control", 
  "Technique": "T1105", 
  "Technique_Name": "Ingress Tool Transfer"
}
{
  "Detection": [
    "Technique", 
    "Telemetry"
  ], 
  "DetectionModifiers": [], 
  "DetectionText": [
    "A Technique detection named \"Execution - Command and Scripting Interpreter Execution\" (1/10) was generated when powershell.exe spawned powershell.exe.", 
    ""
  ], 
  "Procedure": "powershell.exe spawns powershell.exe", 
  "Step": "15.A.4", 
  "TacticGroup": "Execution", 
  "Technique": "T1059", 
  "Technique_Name": "Command and Scripting Interpreter"
}
{
  "Detection": [
    "Telemetry", 
    "Technique"
  ], 
  "DetectionModifiers": [], 
  "DetectionText": [
    "", 
    "A Technique detection named \"Defense Evasion - UAC Bypass via Registry Auto-Elevation\" (10/10) was generated when a Registry key associated with UAC bypass was changed."
  ], 
  "Procedure": "powershell.exe spawns samcat.exe as a high-integrity process (note: Due to the configuration of the environment, the adversary's process was high by default. This sub-step was evaluated based on the criteria of detecting data related to process integrity level as well as the executed mechanics of the UAC bypass)", 
  "Step": "15.A.5", 
  "TacticGroup": "Privilege Escalation", 
  "Technique": "T1548", 
  "Technique_Name": "Abuse Elevation Control Mechanism"
}
{
  "Detection": [
    "None"
  ], 
  "DetectionModifiers": [], 
  "DetectionText": [
    "Minimum detection criteria was not met for this procedure."
  ], 
  "Procedure": "samcat.exe opens and reads the SAM via LSASS", 
  "Step": "15.A.6", 
  "TacticGroup": "Credential Access", 
  "Technique": "T1003", 
  "Technique_Name": "OS Credential Dumping"
}
{
  "Detection": [
    "None"
  ], 
  "DetectionModifiers": [], 
  "DetectionText": [
    "Minimum detection criteria was not met for this procedure."
  ], 
  "Procedure": "powershell.exe calls the GetIpNetTable() API", 
  "Step": "15.A.7", 
  "TacticGroup": "Discovery", 
  "Technique": "T1016", 
  "Technique_Name": "System Network Configuration Discovery"
}
{
  "Detection": [
    "Telemetry"
  ], 
  "DetectionModifiers": [], 
  "DetectionText": [
    ""
  ], 
  "Procedure": "powershell.exe spawns nslookup.exe, which queries the DC (10.0.1.4) over DNS (port 53)", 
  "Step": "15.A.8", 
  "TacticGroup": "Discovery", 
  "Technique": "T1018", 
  "Technique_Name": "Remote System Discovery"
}
{
  "Detection": [
    "General", 
    "Telemetry"
  ], 
  "DetectionModifiers": [], 
  "DetectionText": [
    "A General detection named \"Code drop\" was generated when powershell.exe downloaded paexec.exe from 192.168.0.4.", 
    ""
  ], 
  "Procedure": "powershell.exe downloads paexec.exe from 192.168.0.4", 
  "Step": "16.A.1", 
  "TacticGroup": "Command and Control", 
  "Technique": "T1105", 
  "Technique_Name": "Ingress Tool Transfer"
}
{
  "Detection": [
    "General", 
    "Telemetry"
  ], 
  "DetectionModifiers": [], 
  "DetectionText": [
    "A General detection named \"Code drop\" was generated when powershell.exe downloaded hollow.exe from 192.168.0.4.", 
    ""
  ], 
  "Procedure": "powershell.exe downloads hollow.exe from 192.168.0.4", 
  "Step": "16.A.2", 
  "TacticGroup": "Command and Control", 
  "Technique": "T1105", 
  "Technique_Name": "Ingress Tool Transfer"
}
{
  "Detection": [
    "Telemetry"
  ], 
  "DetectionModifiers": [], 
  "DetectionText": [
    ""
  ], 
  "Procedure": "powershell.exe spawns cmd.exe", 
  "Step": "16.A.3", 
  "TacticGroup": "Execution", 
  "Technique": "T1059", 
  "Technique_Name": "Command and Scripting Interpreter"
}
{
  "Detection": [
    "Telemetry"
  ], 
  "DetectionModifiers": [], 
  "DetectionText": [
    ""
  ], 
  "Procedure": "User kmitnick logs on to itadmin (10.0.1.6)", 
  "Step": "16.A.4", 
  "TacticGroup": "Persistence", 
  "Technique": "T1078", 
  "Technique_Name": "Valid Accounts"
}
{
  "Detection": [
    "Tactic", 
    "Telemetry", 
    "Tactic"
  ], 
  "DetectionModifiers": [], 
  "DetectionText": [
    "A Tactic detection named \"Potential Metasploit Payload Transfer\" (Medium) was generated when network signatures between 10.0.1.5 and 10.0.1.6 matched a threat hacking tool.", 
    "", 
    "A Tactic detection named \"Windows X64 VNCInject Reverse TCP\" (Medium) was generated when network signatures between 10.0.1.5 and 10.0.1.6 matched a threat hacking tool."
  ], 
  "Procedure": "SMB session from 10.0.1.5 to 10.0.1.6 over TCP port 135 or 445 with admin shares accessed", 
  "Step": "16.A.5", 
  "TacticGroup": "Lateral Movement", 
  "Technique": "T1021", 
  "Technique_Name": "Remote Services"
}
{
  "Detection": [
    "Telemetry", 
    "Technique"
  ], 
  "DetectionModifiers": [], 
  "DetectionText": [
    "", 
    "A Technique detection named \"Service Execution - paexec Masquerading\" (9/10) was generated when a Windows service started PAExec-{PID}-HOTELMANAGER.exe, which executed hollow.exe."
  ], 
  "Procedure": "Windows service started PAExec-{PID}-HOTELMANAGER.exe, which executes hollow.exe", 
  "Step": "16.A.6", 
  "TacticGroup": "Execution", 
  "Technique": "T1569", 
  "Technique_Name": "System Services"
}
{
  "Detection": [
    "General", 
    "Telemetry", 
    "Technique", 
    "General"
  ], 
  "DetectionModifiers": [], 
  "DetectionText": [
    "A General detection named \"Defense Evasion - Unsigned Binary with Suspicious Parent/Child process\" was generated when hollow.exe spawned svchost.exe.", 
    "", 
    "A Technique detection named \"Hollow Process\" (8/10) was generated when hollow.exe spawned svchost.exe and unmapped its memory image.", 
    "A General detection named \"SANS Unusual svchost.exe parent\" (10/10) was generated when hollow.exe spawned svchost.exe."
  ], 
  "Procedure": "hollow.exe spawns svchost.exe and unmaps its memory image via: NtUnmapViewOfSection", 
  "Step": "16.A.7", 
  "TacticGroup": "Defense Evasion", 
  "Technique": "T1055", 
  "Technique_Name": "Process Injection"
}
{
  "Detection": [
    "None"
  ], 
  "DetectionModifiers": [], 
  "DetectionText": [
    "Minimum detection criteria was not met for this procedure."
  ], 
  "Procedure": "svchost.exe transmits data to 192.168.0.4 over HTTPS protocol", 
  "Step": "16.A.8", 
  "TacticGroup": "Command and Control", 
  "Technique": "T1071", 
  "Technique_Name": "Application Layer Protocol"
}
{
  "Detection": [
    "Telemetry"
  ], 
  "DetectionModifiers": [], 
  "DetectionText": [
    ""
  ], 
  "Procedure": "svchost.exe transmits data to 192.168.0.4 over HTTPS protocol", 
  "Step": "16.A.9", 
  "TacticGroup": "Command and Control", 
  "Technique": "T1573", 
  "Technique_Name": "Encrypted Channel"
}
{
  "Detection": [
    "Telemetry", 
    "Technique"
  ], 
  "DetectionModifiers": [], 
  "DetectionText": [
    "", 
    "A Technique detection named \"Code drop\" was generated when svchost.exe downloaded srrstr.dll from 192.168.0.4."
  ], 
  "Procedure": "svchost.exe downloads srrstr.dll from 192.168.0.4 (port 443)", 
  "Step": "17.A.1", 
  "TacticGroup": "Command and Control", 
  "Technique": "T1105", 
  "Technique_Name": "Ingress Tool Transfer"
}
{
  "Detection": [
    "Telemetry"
  ], 
  "DetectionModifiers": [], 
  "DetectionText": [
    ""
  ], 
  "Procedure": "srrstr.dll is not the legitimate Windows System Protection Configuration Library", 
  "Step": "17.A.2", 
  "TacticGroup": "Defense Evasion", 
  "Technique": "T1036", 
  "Technique_Name": "Masquerading"
}
{
  "Detection": [
    "Telemetry", 
    "Technique", 
    "Technique"
  ], 
  "DetectionModifiers": [], 
  "DetectionText": [
    "", 
    "A Technique detection named \"Execution - Command-Line Interface (cmd.exe /c)\" (1/10) was generated when svchost.exe spawned cmd.exe.", 
    "A Technique detection named \"Lateral Movment - DCOM - svchost Launching Command Interpreter\" (1/10) was generated when svchost.exe spawned cmd.exe."
  ], 
  "Procedure": "svchost.exe spawns cmd.exe", 
  "Step": "17.A.3", 
  "TacticGroup": "Execution", 
  "Technique": "T1059", 
  "Technique_Name": "Command and Scripting Interpreter"
}
{
  "Detection": [
    "Telemetry"
  ], 
  "DetectionModifiers": [], 
  "DetectionText": [
    ""
  ], 
  "Procedure": "SystemPropertiesAdvanced.exe executes code in the illegitimate srrstr.dll", 
  "Step": "17.A.4", 
  "TacticGroup": "Privilege Escalation", 
  "Technique": "T1574", 
  "Technique_Name": "Hijack Execution Flow"
}
{
  "Detection": [
    "None"
  ], 
  "DetectionModifiers": [], 
  "DetectionText": [
    "Minimum detection criteria was not met for this procedure."
  ], 
  "Procedure": "rundll32.exe transmits data to 192.168.0.4 over HTTPS protocol", 
  "Step": "17.A.5", 
  "TacticGroup": "Command and Control", 
  "Technique": "T1071", 
  "Technique_Name": "Application Layer Protocol"
}
{
  "Detection": [
    "Telemetry"
  ], 
  "DetectionModifiers": [], 
  "DetectionText": [
    ""
  ], 
  "Procedure": "rundll32.exe transmits data to 192.168.0.4 over HTTPS protocol", 
  "Step": "17.A.6", 
  "TacticGroup": "Command and Control", 
  "Technique": "T1573", 
  "Technique_Name": "Encrypted Channel"
}
{
  "Detection": [
    "Technique", 
    "Telemetry", 
    "Technique"
  ], 
  "DetectionModifiers": [], 
  "DetectionText": [
    "A Technique detection named \"Inject Code\" (8/10) was generated when svchost.exe injected into explorer.exe with CreateRemoteThread.", 
    "", 
    "A Technique detection named \"Modify Process\" was generated when svchost.exe injected into explorer.exe with CreateRemoteThread."
  ], 
  "Procedure": "svchost.exe injects into explorer.exe with CreateRemoteThread", 
  "Step": "18.A.1", 
  "TacticGroup": "Defense Evasion", 
  "Technique": "T1055", 
  "Technique_Name": "Process Injection"
}
{
  "Detection": [
    "None"
  ], 
  "DetectionModifiers": [], 
  "DetectionText": [
    "Minimum detection criteria was not met for this procedure."
  ], 
  "Procedure": "explorer.exe calls the CreateCompatibleBitmap API from Gdi32.dll", 
  "Step": "18.A.2", 
  "TacticGroup": "Collection", 
  "Technique": "T1113", 
  "Technique_Name": "Screen Capture"
}
{
  "Detection": [
    "Telemetry", 
    "Technique"
  ], 
  "DetectionModifiers": [], 
  "DetectionText": [
    "", 
    "A Technique detection named \"Inject code\" (8/10) was generated when explorer.exe injected into mstsc.exe with CreateRemoteThread."
  ], 
  "Procedure": "explorer.exe injects into mstsc.exe with CreateRemoteThread", 
  "Step": "18.A.3", 
  "TacticGroup": "Defense Evasion", 
  "Technique": "T1055", 
  "Technique_Name": "Process Injection"
}
{
  "Detection": [
    "Telemetry"
  ], 
  "DetectionModifiers": [], 
  "DetectionText": [
    ""
  ], 
  "Procedure": "mstsc.exe calls APIs such as GetAsyncKeyState, GetKeyState, or GetKeyboardState", 
  "Step": "18.A.4", 
  "TacticGroup": "Credential Access", 
  "Technique": "T1056", 
  "Technique_Name": "Input Capture"
}
{
  "Detection": [
    "Telemetry"
  ], 
  "DetectionModifiers": [], 
  "DetectionText": [
    ""
  ], 
  "Procedure": "User kmitnick logs on to accounting (10.0.1.7)", 
  "Step": "19.A.1", 
  "TacticGroup": "Persistence", 
  "Technique": "T1078", 
  "Technique_Name": "Valid Accounts"
}
{
  "Detection": [
    "Technique", 
    "Telemetry", 
    "Technique", 
    "Technique"
  ], 
  "DetectionModifiers": [], 
  "DetectionText": [
    "A Technique detection named \"Lateral Movement - Remote Desktop Protocol\" (1/10) was generated when an RDP session was created from itadmin (10.0.1.6) to accounting (10.0.1.7) over port 3389.", 
    "", 
    "A Technique detection named \"RDP Protocol\" (14/100) was generated when an RDP session was created from itadmin (10.0.1.6) to accounting (10.0.1.7) over port 3389\n.", 
    "A Technique detection named \"Lateral Movement - Remote Services\" (1/10) was generated when an RDP session was created from itadmin (10.0.1.6) to accounting (10.0.1.7) over port 3389\n."
  ], 
  "Procedure": "RDP session from 10.0.1.6 to 10.0.1.7 over TCP port 3389", 
  "Step": "19.A.2", 
  "TacticGroup": "Lateral Movement", 
  "Technique": "T1021", 
  "Technique_Name": "Remote Services"
}
{
  "Detection": [
    "None"
  ], 
  "DetectionModifiers": [], 
  "DetectionText": [
    "Minimum detection criteria was not met for this procedure."
  ], 
  "Procedure": "itadmin (10.0.1.6) is relaying RDP traffic from attacker infrastructure", 
  "Step": "19.A.3", 
  "TacticGroup": "Command and Control", 
  "Technique": "T1090", 
  "Technique_Name": "Proxy"
}
{
  "Detection": [
    "Telemetry", 
    "Technique"
  ], 
  "DetectionModifiers": [], 
  "DetectionText": [
    "", 
    "A Technique detection named \"Execution - Command and Scripting Interpreter - Powershell\" (2/10) was generated when powershell.exe spawned powershell.exe."
  ], 
  "Procedure": "powershell.exe spawns powershell.exe", 
  "Step": "19.B.1", 
  "TacticGroup": "Execution", 
  "Technique": "T1059", 
  "Technique_Name": "Command and Scripting Interpreter"
}
{
  "Detection": [
    "Telemetry", 
    "Technique"
  ], 
  "DetectionModifiers": [], 
  "DetectionText": [
    "", 
    "A Technique detection named \"Defense Evasion - Powershell Executed with Encoded Instructions\" (5/10) was generated when powershell.exe executed base64 encoded commands."
  ], 
  "Procedure": "powershell.exe executes base64 encoded commands", 
  "Step": "19.B.2", 
  "TacticGroup": "Defense Evasion", 
  "Technique": "T1027", 
  "Technique_Name": "Obfuscated Files or Information"
}
{
  "Detection": [
    "Telemetry", 
    "General"
  ], 
  "DetectionModifiers": [], 
  "DetectionText": [
    "", 
    "A General detection named \"Code drop\" was generated when powershell.exe downloaded dll329.dll from 192.168.0.4 over RDP mounted network drive\n."
  ], 
  "Procedure": "powershell.exe downloads dll329.dll from 192.168.0.4", 
  "Step": "19.B.3", 
  "TacticGroup": "Command and Control", 
  "Technique": "T1105", 
  "Technique_Name": "Ingress Tool Transfer"
}
{
  "Detection": [
    "Telemetry"
  ], 
  "DetectionModifiers": [], 
  "DetectionText": [
    ""
  ], 
  "Procedure": "powershell.exe downloads sdbE376.tmp from 192.168.0.4", 
  "Step": "19.B.4", 
  "TacticGroup": "Command and Control", 
  "Technique": "T1105", 
  "Technique_Name": "Ingress Tool Transfer"
}
{
  "Detection": [
    "Telemetry", 
    "Technique", 
    "Technique"
  ], 
  "DetectionModifiers": [], 
  "DetectionText": [
    "", 
    "A Technique detection named \"Persistence - Application Shimming Registry Modification Detected\" (8/10) was generated when sdbinst.exe installed sdbE376.tmp shim database\n.", 
    "A Technique detection named \"Persistence - Suspicious PowerShell Application Shimming Detected via Sdbinst.exe\" (9/10) was generated when sdbinst.exe installed the sdbE376.tmp shim."
  ], 
  "Procedure": "sdbinst.exe installs sdbE376.tmp shim", 
  "Step": "19.B.5", 
  "TacticGroup": "Persistence", 
  "Technique": "T1546", 
  "Technique_Name": "Event Triggered Execution"
}
{
  "Detection": [
    "None"
  ], 
  "DetectionModifiers": [], 
  "DetectionText": [
    "Minimum detection criteria was not met for this procedure."
  ], 
  "Procedure": "AccountingIQ.exe queries HKLM\\Software\\Microsoft\\Windows NT\\CurrentVersion\\AppCompatFlags\\InstalledSDB\\ and loads dll329.dll", 
  "Step": "20.A.1", 
  "TacticGroup": "Persistence", 
  "Technique": "T1546", 
  "Technique_Name": "Event Triggered Execution"
}
{
  "Detection": [
    "Telemetry", 
    "Technique"
  ], 
  "DetectionModifiers": [], 
  "DetectionText": [
    "", 
    "A Technique detection named \"Inject code\" was generated when AccountingIQ.exe injected into SyncHost.exe with CreateRemoteThread\n."
  ], 
  "Procedure": "AccountingIQ.exe injects into SyncHost.exe with CreateRemoteThread", 
  "Step": "20.A.2", 
  "TacticGroup": "Defense Evasion", 
  "Technique": "T1055", 
  "Technique_Name": "Process Injection"
}
{
  "Detection": [
    "None"
  ], 
  "DetectionModifiers": [], 
  "DetectionText": [
    "Minimum detection criteria was not met for this procedure."
  ], 
  "Procedure": "rundll32.exe transmits data to 192.168.0.4 over HTTPS protocol", 
  "Step": "20.A.3", 
  "TacticGroup": "Command and Control", 
  "Technique": "T1071", 
  "Technique_Name": "Application Layer Protocol"
}
{
  "Detection": [
    "Telemetry"
  ], 
  "DetectionModifiers": [], 
  "DetectionText": [
    ""
  ], 
  "Procedure": "rundll32.exe transmits data to 192.168.0.4 over HTTPS protocol", 
  "Step": "20.A.4", 
  "TacticGroup": "Command and Control", 
  "Technique": "T1573", 
  "Technique_Name": "Encrypted Channel"
}
{
  "Detection": [
    "Technique", 
    "Telemetry"
  ], 
  "DetectionModifiers": [], 
  "DetectionText": [
    "A Technique detection named \"Code drop\" was generated when rundll32.exe downloaded debug.exe from 192.168.0.4.", 
    ""
  ], 
  "Procedure": "rundll32.exe downloads debug.exe from 192.168.0.4", 
  "Step": "20.B.1", 
  "TacticGroup": "Command and Control", 
  "Technique": "T1105", 
  "Technique_Name": "Ingress Tool Transfer"
}
{
  "Detection": [
    "Technique"
  ], 
  "DetectionModifiers": [], 
  "DetectionText": [
    "A Technique detection named \"Enumerate Processes\" (Medium) was generated when debug.exe called the CreateToolhelp32Snapshot API."
  ], 
  "Procedure": "debug.exe calls the CreateToolhelp32Snapshot API", 
  "Step": "20.B.2", 
  "TacticGroup": "Discovery", 
  "Technique": "T1057", 
  "Technique_Name": "Process Discovery"
}
{
  "Detection": [
    "Technique", 
    "Telemetry"
  ], 
  "DetectionModifiers": [], 
  "DetectionText": [
    "A Technique detection named \"Code drop\" was generated when rundll32.exe downloaded 7za.exe from 192.168.0.4.", 
    ""
  ], 
  "Procedure": "rundll32.exe downloads 7za.exe from 192.168.0.4", 
  "Step": "20.B.3", 
  "TacticGroup": "Command and Control", 
  "Technique": "T1105", 
  "Technique_Name": "Ingress Tool Transfer"
}
{
  "Detection": [
    "Telemetry"
  ], 
  "DetectionModifiers": [], 
  "DetectionText": [
    ""
  ], 
  "Procedure": "7za.exe creates C:\\Users\\Public\\log.7z", 
  "Step": "20.B.4", 
  "TacticGroup": "Exfiltration", 
  "Technique": "T1560", 
  "Technique_Name": "Archive Collected Data"
}
{
  "Detection": [
    "None"
  ], 
  "DetectionModifiers": [], 
  "DetectionText": [
    "Minimum detection criteria was not met for this procedure."
  ], 
  "Procedure": "rundll32.exe reads and uploads log.7z to 192.168.0.4", 
  "Step": "20.B.5", 
  "TacticGroup": "Exfiltration", 
  "Technique": "T1041", 
  "Technique_Name": "Exfiltration Over Command and Control Channel"
}
