{
  "Detection": [
    "General"
  ],
  "DetectionModifiers": [
    "Correlated",
    "Alert"
  ],
  "DetectionText": [
    "A General alert (red indicator) was generated for powershell.exe execution, which included connecting to 192.168.0.5 on TCP 443. The event was correlated to a parent Technique detection for User Execution of rcs.3aka3.doc\u200b."
  ],
  "Procedure": "Established C2 channel (192.168.0.5) via PowerShell payload over TCP port 443",
  "Step": "3.B.3",
  "TacticGroup": "Command and Control",
  "Technique": "T1043",
  "TechniqueName": "Commonly Used Port"
}
{
  "Detection": [
    "MSSP"
  ],
  "DetectionModifiers": [
    "Delayed (Manual)"
  ],
  "DetectionText": [
    "An MSSP detection was received that included a PowerShell script and explained that it was used to download and execute another script from 192.168.0.4 over port 443."
  ],
  "Procedure": "Established C2 channel (192.168.0.4) via PowerShell payload over port 443",
  "Step": "11.A.13",
  "TacticGroup": "Command and Control",
  "Technique": "T1043",
  "TechniqueName": "Commonly Used Port"
}
{
  "Detection": [
    "General",
    "MSSP"
  ],
  "DetectionModifiers": [
    "Alert",
    "Correlated",
    "Delayed (Manual)"
  ],
  "DetectionText": [
    "A General alert detection (blue indicator) was generated due to powershell.exe decompressing the ZIP via Expand-Archive. The detection was correlated to a parent alert for User Execution of rcs.3aka3.doc\u200b.",
    "An MSSP detection was occurred containing evidence of powershell.exe decompressing SysinternalsSuite.zip via Expand-Archive."
  ],
  "Procedure": "Decompressed ZIP (SysinternalsSuite.zip) file using PowerShell",
  "Step": "4.A.3",
  "TacticGroup": "Defense Evasion",
  "Technique": "T1140",
  "TechniqueName": "Deobfuscate/Decode Files or Information"
}
{
  "Detection": [
    "General",
    "MSSP"
  ],
  "DetectionModifiers": [
    "Alert",
    "Delayed (Manual)"
  ],
  "DetectionText": [
    "A General alert detection (purple indicator) was generated identifying the execution of certutil.exe with command-line parameters for decoding the payload as threat activity.",
    "An MSSP detection for was received that described the adversary executing certutil.exe to decode a base64 blob into the payload kxwn.lock."
  ],
  "Procedure": "Decoded an embedded DLL payload to disk using certutil.exe",
  "Step": "11.A.10",
  "TacticGroup": "Defense Evasion",
  "Technique": "T1140",
  "TechniqueName": "Deobfuscate/Decode Files or Information"
}
{
  "Detection": [
    "General",
    "MSSP"
  ],
  "DetectionModifiers": [
    "Alert",
    "Delayed (Manual)"
  ],
  "DetectionText": [
    "A General alert detection (red indicator) was generated for PowerShell reading encoded content from the WMI class. ",
    "An MSSP detection for \"Obfuscated Files or Information\" was received that included a PowerShell script and explained that it was used to write the Mimikatz payload to Win32_AuditCode."
  ],
  "Procedure": "Read and decoded Mimikatz output from a WMI class property using PowerShell",
  "Step": "14.B.6",
  "TacticGroup": "Defense Evasion",
  "Technique": "T1140",
  "TechniqueName": "Deobfuscate/Decode Files or Information"
}
{
  "Detection": [
    "General",
    "MSSP"
  ],
  "DetectionModifiers": [
    "Alert",
    "Delayed (Manual)"
  ],
  "DetectionText": [
    "A General alert detection (blue indicator) was generated for the addition of the DelegateExecute Registry Value.",
    "An MSSP detection for \"Component Object Model Hijacking\" was received that included a PowerShell script and explained that it was used to modify a COM component to delegate execution."
  ],
  "Procedure": "Modified the Registry to enable COM hijacking of sdclt.exe using PowerShell",
  "Step": "3.B.1",
  "TacticGroup": "Defense Evasion",
  "Technique": "T1122",
  "TechniqueName": "Component Object Model Hijacking"
}
{
  "Detection": [
    "General"
  ],
  "DetectionModifiers": [
    "Alert"
  ],
  "DetectionText": [
    "A General alert detection (blue indicator) was generated for powershell.exe loading code that creates the DelegateExecute Registry key. "
  ],
  "Procedure": "Modified the Registry to enable COM hijacking of sdclt.exe using PowerShell",
  "Step": "14.A.1",
  "TacticGroup": "Defense Evasion",
  "Technique": "T1122",
  "TechniqueName": "Component Object Model Hijacking"
}
{
  "Detection": [
    "MSSP"
  ],
  "DetectionModifiers": [
    "Delayed (Manual)"
  ],
  "DetectionText": [
    "An MSSP detection for \"System Owner/User Discovery\" was received that included a PowerShell script and explained that it was used to obtain the current environment information."
  ],
  "Procedure": "Enumerated the current domain name using PowerShell",
  "Step": "4.C.4",
  "TacticGroup": "Discovery",
  "Technique": "T1016",
  "TechniqueName": "System Network Configuration Discovery"
}
{
  "Detection": [
    "General",
    "MSSP"
  ],
  "DetectionModifiers": [
    "Alert",
    "Delayed (Manual)"
  ],
  "DetectionText": [
    "A General alert detection (red indicator) was generated identying a PowerShell gwmi query for Win32_ComputerSystem as threat activity.",
    "An MSSP detection for \"System Network Configuration Discovery\" was received that included a PowerShell script and explained that it was used to query Win32_ComputerSystem via WMI."
  ],
  "Procedure": "Checked that the computer is joined to a domain using PowerShell",
  "Step": "11.A.7",
  "TacticGroup": "Discovery",
  "Technique": "T1016",
  "TechniqueName": "System Network Configuration Discovery"
}
{
  "Detection": [
    "General",
    "MSSP"
  ],
  "DetectionModifiers": [
    "Correlated",
    "Alert",
    "Delayed (Processing)"
  ],
  "DetectionText": [
    "A General alert detection (blue indicator) was generated for PowerShell calling the NetWkstaGetInfo API. The detection was correlated to a parent alert for Threat Activity.",
    "An MSSP detection for \"System Network Configuration Discovery\" was received that included a PowerShell script and explained that it was used to obtain the domain name."
  ],
  "Procedure": "Enumerated the domain name using the NetWkstaGetInfo API",
  "Step": "13.B.1",
  "TacticGroup": "Discovery",
  "Technique": "T1016",
  "TechniqueName": "System Network Configuration Discovery"
}
{
  "Detection": [
    "None"
  ],
  "DetectionModifiers": [],
  "DetectionText": [
    "No detection capability demonstrated for this procedure."
  ],
  "Procedure": "Recursively collected files found in C:\\Users\\Pam\\ using PowerShell",
  "Step": "2.A.3",
  "TacticGroup": "Collection",
  "Technique": "T1005",
  "TechniqueName": "Data from Local System"
}
{
  "Detection": [
    "None"
  ],
  "DetectionModifiers": [],
  "DetectionText": [
    "No detection capability demonstrated for this procedure."
  ],
  "Procedure": "Read data in the user's Downloads directory using PowerShell",
  "Step": "7.B.1",
  "TacticGroup": "Collection",
  "Technique": "T1005",
  "TechniqueName": "Data from Local System"
}
{
  "Detection": [
    "None"
  ],
  "DetectionModifiers": [],
  "DetectionText": [
    "No detection capability demonstrated for this procedure."
  ],
  "Procedure": "Recursively collected files found in C:\\Users\\Pam\\ using PowerShell",
  "Step": "9.B.4",
  "TacticGroup": "Collection",
  "Technique": "T1005",
  "TechniqueName": "Data from Local System"
}
{
  "Detection": [
    "None"
  ],
  "DetectionModifiers": [],
  "DetectionText": [
    "No detection capability demonstrated for this procedure."
  ],
  "Procedure": "Read and collected a local file using PowerShell",
  "Step": "17.B.1",
  "TacticGroup": "Collection",
  "Technique": "T1005",
  "TechniqueName": "Data from Local System"
}
{
  "Detection": [
    "Technique",
    "Technique",
    "MSSP"
  ],
  "DetectionModifiers": [
    "Alert",
    "Alert",
    "Correlated",
    "Delayed (Manual)"
  ],
  "DetectionText": [
    "A Technique alert detection (orange indicator) for \"Account Operation\" was generated for the addition of the new user Toby.",
    "A Technique alert detection (orange indicator) for \"Create Account\" was generated for net.exe with the command-line arguments to add the new user Toby. The detection was correlated to a parent alert for creation of a Windows Remote Management session.",
    "An MSSP detection for \"Create Account\" was received that described the attacker creating a new account on host Scranton (10.0.1.4) for persistence."
  ],
  "Procedure": "Added a new user to the remote host Scranton (10.0.1.4) using net.exe",
  "Step": "20.B.3",
  "TacticGroup": "Persistence",
  "Technique": "T1136",
  "TechniqueName": "Create Account"
}
{
  "Detection": [
    "General",
    "MSSP"
  ],
  "DetectionModifiers": [
    "Correlated",
    "Alert",
    "Delayed (Processing)"
  ],
  "DetectionText": [
    "A General alert detection (red indicator) was generated for the script block with registry query for installed software. The event was correlated to a previous detection for \"Security Software Discovery.\"",
    "An MSSP detection for \"Query Registry\" was received that included a PowerShell script and explained that it was used to detect installed software."
  ],
  "Procedure": "Enumerated installed software via the Registry (Wow6432 Uninstall key) using PowerShell",
  "Step": "12.C.1",
  "TacticGroup": "Discovery",
  "Technique": "T1012",
  "TechniqueName": "Query Registry"
}
{
  "Detection": [
    "General",
    "MSSP"
  ],
  "DetectionModifiers": [
    "Alert",
    "Delayed (Manual)"
  ],
  "DetectionText": [
    "A General alert detection (red indicator) was generated for the scriptblock with registry query for installed software. The event was correlated to a previous detection for \"Security Software Discovery.\"",
    "An MSSP detection for \"Query Registry\" was received that included a PowerShell script and explained that it was used to detect installed software."
  ],
  "Procedure": "Enumerated installed software via the Registry (Uninstall key) using PowerShell",
  "Step": "12.C.2",
  "TacticGroup": "Discovery",
  "Technique": "T1012",
  "TechniqueName": "Query Registry"
}
{
  "Detection": [
    "Technique",
    "MSSP"
  ],
  "DetectionModifiers": [
    "Alert",
    "Delayed (Manual)"
  ],
  "DetectionText": [
    "A Technique alert detection (green indicator) for \"Registry Run Keys / Startup Folder\" was generated due to hostui.lnk being written to the Startup folder.",
    "An MSSP detection for \"Registry Run Keys / Startup Folder\" was received that included a Registry Created event for addition of hostui.lnk to the Startup folder. Additional analysis was received that included a PowerShell script and explained that it used the Invoke-Persistence command to create a LNK file in the Startup folder."
  ],
  "Procedure": "Created a LNK file (hostui.lnk) in the Startup folder that executes on login",
  "Step": "5.B.1",
  "TacticGroup": "Persistence",
  "Technique": "T1060",
  "TechniqueName": "Registry Run Keys / Startup Folder"
}
{
  "Detection": [
    "None"
  ],
  "DetectionModifiers": [],
  "DetectionText": [
    "No detection capability demonstrated for this procedure."
  ],
  "Procedure": "Executed LNK payload (hostui.lnk) in Startup Folder on user login",
  "Step": "10.B.1",
  "TacticGroup": "Persistence",
  "Technique": "T1060",
  "TechniqueName": "Registry Run Keys / Startup Folder"
}
{
  "Detection": [
    "Technique",
    "MSSP"
  ],
  "DetectionModifiers": [
    "Alert",
    "Delayed (Manual)"
  ],
  "DetectionText": [
    "A Technique alert detection (red indicator) for \"Registry Run Keys / Startup Folder\" was generated for a Registry Creation event associated with establishing Registry Run Key persistence.",
    "An MSSP detection for \"Registry Run Keys / Startup Folder\" was received that included a PowerShell script and explained that it was used to establish Registry Run Key persistence."
  ],
  "Procedure": "Established Registry Run key persistence using PowerShell",
  "Step": "11.A.11",
  "TacticGroup": "Persistence",
  "Technique": "T1060",
  "TechniqueName": "Registry Run Keys / Startup Folder"
}
{
  "Detection": [
    "Technique",
    "General",
    "MSSP"
  ],
  "DetectionModifiers": [
    "Alert",
    "Alert",
    "Delayed (Manual)"
  ],
  "DetectionText": [
    "A Technique alert detection (yellow indicator) called of \"Pass the Ticket\" was generated when the user MScott forged a suspicious Kerberos ticket with the domain krbtgt.",
    "A General alert detection (red indicator) was generated identifying PowerShell executing Invoke-Mimikatz as threat activity.",
    "An MSSP detection for \"Pass the Ticket\" was received that described the adversary using Mimikatz to forge a golden ticket."
  ],
  "Procedure": "Created Kerberos Golden Ticket using\u00a0Invoke-Mimikatz",
  "Step": "20.B.1",
  "TacticGroup": "Lateral Movement",
  "Technique": "T1097",
  "TechniqueName": "Pass the Ticket"
}
{
  "Detection": [
    "Technique",
    "MSSP"
  ],
  "DetectionModifiers": [
    "Alert",
    "Delayed (Manual)"
  ],
  "DetectionText": [
    "A Technique alert detection (purple icon) for \"Timestomp\" was generated when the kxwn.lock was created with falsified creation, last access, and last write times.",
    "An MSSP detection for \"Timestomp\" occured that noted modified timestamp of kxwn.lock."
  ],
  "Procedure": "Modified the time attributes of the kxwn.lock persistence payload using PowerShell",
  "Step": "12.A.2",
  "TacticGroup": "Defense Evasion",
  "Technique": "T1099",
  "TechniqueName": "Timestomp"
}
{
  "Detection": [
    "General"
  ],
  "DetectionModifiers": [
    "Alert",
    "Correlated"
  ],
  "DetectionText": [
    "A General alert detection (blue indicator) was generated due to powershell.exe executing Get-Process. The detection was correlated to a parent alert for User Execution of rcs.3aka3.doc\u200b."
  ],
  "Procedure": "Enumerated current running processes using PowerShell",
  "Step": "4.B.1",
  "TacticGroup": "Discovery",
  "Technique": "T1057",
  "TechniqueName": "Process Discovery"
}
{
  "Detection": [
    "MSSP"
  ],
  "DetectionModifiers": [
    "Delayed (Manual)"
  ],
  "DetectionText": [
    "An MSSP detection for \"Process Discovery\" was received that included a PowerShell script and explained that it was used to obtain the current environment information."
  ],
  "Procedure": "Enumerated the current process ID using PowerShell",
  "Step": "4.C.5",
  "TacticGroup": "Discovery",
  "Technique": "T1057",
  "TechniqueName": "Process Discovery"
}
{
  "Detection": [
    "General",
    "MSSP"
  ],
  "DetectionModifiers": [
    "Alert",
    "Correlated",
    "Delayed (Manual)"
  ],
  "DetectionText": [
    "A General alert detection (red indicator) for \"PowerShell\" was generated due to powershell.exe using Invoke-Command to remotely execute Get-Process on host Scranton (10.0.1.4). The event was correlated to a parent Technique detection for User Execution of rcs.3aka3.doc\u200b.",
    "An MSSP detection for \"Process Discovery\" was received that included a PowerShell script and explained that it was used to execute Get-Process on host Scranton (10.0.1.4)."
  ],
  "Procedure": "Enumerated processes on remote host Scranton (10.0.1.4) using PowerShell",
  "Step": "8.A.3",
  "TacticGroup": "Discovery",
  "Technique": "T1057",
  "TechniqueName": "Process Discovery"
}
{
  "Detection": [
    "Technique",
    "MSSP"
  ],
  "DetectionModifiers": [
    "Alert",
    "Delayed (Manual)"
  ],
  "DetectionText": [
    "A Technique alert detection (red indicator) for \"Process Discovery\" was generated for a PowerShell gwmi query for Win32_Process.",
    "An MSSP detection for \"Process Discovery\" was received that included a PowerShell script and explained that it was used to query Win32_Process via WMI."
  ],
  "Procedure": "Checked that processes such as procexp.exe, taskmgr.exe, or wireshark.exe are not running using PowerShell",
  "Step": "11.A.8",
  "TacticGroup": "Discovery",
  "Technique": "T1057",
  "TechniqueName": "Process Discovery"
}
{
  "Detection": [
    "General",
    "MSSP"
  ],
  "DetectionModifiers": [
    "Correlated",
    "Alert",
    "Delayed (Manual)"
  ],
  "DetectionText": [
    "A General alert detection (blue indicator) was generated for PowerShell calling the CreateToolhelp32Snapshot API. The detection was correlated to a parent alert for Threat Activity.",
    "An MSSP detection for \"Process Discovery\" occurred with evidence of a PowerShell script used to enumerate processes."
  ],
  "Procedure": "Enumerated running processes using the CreateToolhelp32Snapshot API",
  "Step": "13.D.1",
  "TacticGroup": "Discovery",
  "Technique": "T1057",
  "TechniqueName": "Process Discovery"
}
{
  "Detection": [
    "Technique"
  ],
  "DetectionModifiers": [
    "Alert"
  ],
  "DetectionText": [
    "A Technique alert detection (red indicator) for \"Process Discovery\" was generated for PowerShell executing Get-Process."
  ],
  "Procedure": "Enumerated and tracked PowerShell processes using PowerShell",
  "Step": "14.B.2",
  "TacticGroup": "Discovery",
  "Technique": "T1057",
  "TechniqueName": "Process Discovery"
}
{
  "Detection": [
    "MSSP"
  ],
  "DetectionModifiers": [
    "Delayed (Manual)"
  ],
  "DetectionText": [
    "An MSSP detection for \"System Owner/User Discovery\" was received that included a PowerShell script and explained that it was used to obtain the current user name."
  ],
  "Procedure": "Enumerated the current username using PowerShell",
  "Step": "4.C.2",
  "TacticGroup": "Discovery",
  "Technique": "T1033",
  "TechniqueName": "System Owner/User Discovery"
}
{
  "Detection": [
    "General",
    "MSSP"
  ],
  "DetectionModifiers": [
    "Alert",
    "Delayed (Manual)"
  ],
  "DetectionText": [
    "A General alert detection (red indicator) was generated identying a PowerShell gwmi query for Win32_ComputerSystem as threat activity.",
    "An MSSP detection for \"System Owner/User Discovery\" was received that included a PowerShell script and explained that it was used to query Win32_ComputerSystem via WMI."
  ],
  "Procedure": "Checked that the username is not related to admin or a generic value (ex: user) using PowerShell",
  "Step": "11.A.6",
  "TacticGroup": "Discovery",
  "Technique": "T1033",
  "TechniqueName": "System Owner/User Discovery"
}
{
  "Detection": [
    "General",
    "MSSP"
  ],
  "DetectionModifiers": [
    "Correlated",
    "Alert",
    "Delayed (Manual)"
  ],
  "DetectionText": [
    "A General alert detection was generated for powershell.exe executing the script which contained GetUserNameEx API function. The event was correlated to a parent Technique detection for PowerShell.",
    "An MSSP detection for \"System Owner/User Discovery\" was received that included a PowerShell script and explained that it was used enumerate users."
  ],
  "Procedure": "Enumerated the current username using the GetUserNameEx API",
  "Step": "13.C.1",
  "TacticGroup": "Discovery",
  "Technique": "T1033",
  "TechniqueName": "System Owner/User Discovery"
}
{
  "Detection": [
    "General"
  ],
  "DetectionModifiers": [
    "Alert"
  ],
  "DetectionText": [
    "A General alert detection (red indicator) was generated when powershell.exe ran the script, which obtained the name of the current user. "
  ],
  "Procedure": "Enumerated logged on users using PowerShell",
  "Step": "15.A.1",
  "TacticGroup": "Discovery",
  "Technique": "T1033",
  "TechniqueName": "System Owner/User Discovery"
}
{
  "Detection": [
    "General",
    "MSSP"
  ],
  "DetectionModifiers": [
    "Alert",
    "Delayed (Manual)"
  ],
  "DetectionText": [
    "A General alert detection (blue indicator) for threat activity was generated for PowerShell executing the ConvertSidToStringSid API function.",
    "An MSSP detection for \"System Owner/User Discovery\" was received that included a PowerShell script and explained that it was used to obtain the domain SID from the current user's SID."
  ],
  "Procedure": "Enumerated the domain SID (from current user SID) using\u00a0the ConvertSidToStringSid API",
  "Step": "16.B.1",
  "TacticGroup": "Discovery",
  "Technique": "T1033",
  "TechniqueName": "System Owner/User Discovery"
}
{
  "Detection": [
    "None"
  ],
  "DetectionModifiers": [],
  "DetectionText": [
    "No detection capability demonstrated for this procedure."
  ],
  "Procedure": "Read and downloaded ZIP (Draft.zip) over C2 channel (192.168.0.5 over TCP port 1234)",
  "Step": "2.B.1",
  "TacticGroup": "Exfiltration",
  "Technique": "T1041",
  "TechniqueName": "Exfiltration Over Command and Control Channel"
}
{
  "Detection": [
    "None"
  ],
  "DetectionModifiers": [],
  "DetectionText": [
    "No detection capability demonstrated for this procedure."
  ],
  "Procedure": "Read and downloaded ZIP (working.zip on Desktop) over C2 channel (192.168.0.5 over TCP port 8443)",
  "Step": "9.B.8",
  "TacticGroup": "Exfiltration",
  "Technique": "T1041",
  "TechniqueName": "Exfiltration Over Command and Control Channel"
}
{
  "Detection": [
    "Technique"
  ],
  "DetectionModifiers": [
    "Alert"
  ],
  "DetectionText": [
    "A Technique alert detection (red indicator) for \"Access Token Manipulation\" was generated when hostui.exe created a powershell.exe process with the CreateProcessWithToken WinAPI function."
  ],
  "Procedure": "Manipulated the token of the PowerShell payload via the CreateProcessWithToken API",
  "Step": "10.B.3",
  "TacticGroup": "Defense Evasion",
  "Technique": "T1134",
  "TechniqueName": "Access Token Manipulation"
}
{
  "Detection": [
    "MSSP"
  ],
  "DetectionModifiers": [
    "Delayed (Manual)"
  ],
  "DetectionText": [
    "An MSSP detection for \"Permission Groups Discovery\" was received that included a PowerShell script and explained that it was used the Invoke-NetUserGetGroups command to search for domain groups through Win32 API calls."
  ],
  "Procedure": "Enumerated user's domain group membership via the NetUserGetGroups API",
  "Step": "4.C.9",
  "TacticGroup": "Discovery",
  "Technique": "T1069",
  "TechniqueName": "Permission Groups Discovery"
}
{
  "Detection": [
    "MSSP"
  ],
  "DetectionModifiers": [
    "Delayed (Manual)"
  ],
  "DetectionText": [
    "An MSSP detection for \"Permission Groups Discovery\" was received that included a PowerShell script and explained that it was used the Invoke-NetUserGetLocalGroups command to search for local groups through Win32 API calls."
  ],
  "Procedure": "Enumerated user's local group membership via\u00a0the NetUserGetLocalGroups API",
  "Step": "4.C.11",
  "TacticGroup": "Discovery",
  "Technique": "T1069",
  "TechniqueName": "Permission Groups Discovery"
}
{
  "Detection": [
    "None"
  ],
  "DetectionModifiers": [],
  "DetectionText": [
    "No detection capability demonstrated for this procedure."
  ],
  "Procedure": "Established WinRM connection to remote host Scranton (10.0.1.4)",
  "Step": "8.A.2",
  "TacticGroup": "Execution",
  "Technique": "T1028",
  "TechniqueName": "Windows Remote Management"
}
{
  "Detection": [
    "General",
    "MSSP"
  ],
  "DetectionModifiers": [
    "Alert",
    "Delayed (Manual)"
  ],
  "DetectionText": [
    "A General alert detection (blue indicator) for threat activity was generated for powershell.exe executing the Invoke-WinRMSession command.",
    "An MSSP detection for \"Windows Remote Management\" was received that included a PowerShell command and explained that it was used to create a WinRM session to host Scranton (10.0.1.4)."
  ],
  "Procedure": "Established a WinRM connection to the domain controller host NewYork (10.0.0.4) ",
  "Step": "16.C.1",
  "TacticGroup": "Execution",
  "Technique": "T1028",
  "TechniqueName": "Windows Remote Management"
}
{
  "Detection": [
    "General",
    "General",
    "MSSP"
  ],
  "DetectionModifiers": [
    "Alert",
    "Alert",
    "Delayed (Manual)"
  ],
  "DetectionText": [
    "A General alert detection (blue indicator) was generated identifying PowerShell executing the Enter-PSSession cmdlet to open a network connection to the remote host Scranton (10.0.1.4) as threat activity. ",
    "A General alert detection (orange indicator) for execution and tagged with \"Windows Remote Management\" was generated when net.exe was executed remotely on Scranton by wsmprovhost.exe.",
    "An MSSP detection for \"Windows Remote Management\" was received that described the adversary using a golden ticket to establish a WinRM session to Scranton (10.0.1.4)"
  ],
  "Procedure": "Established a WinRM connection to the remote host Scranton (10.0.1.4) using the Golden Ticket as credentials",
  "Step": "20.B.2",
  "TacticGroup": "Execution",
  "Technique": "T1028",
  "TechniqueName": "Windows Remote Management"
}
{
  "Detection": [
    "General",
    "MSSP"
  ],
  "DetectionModifiers": [
    "Alert",
    "Delayed (Manual)"
  ],
  "DetectionText": [
    "A General alert detection for Threat Activity (red indicator) was generated for PowerShell calling the GetAsyncKeyState API.",
    "An MSSP detection for \"Input Capture\" occurred containing evidence of key logging."
  ],
  "Procedure": "Captured user keystrokes using the GetAsyncKeyState API",
  "Step": "7.A.3",
  "TacticGroup": "Collection",
  "Technique": "T1056",
  "TechniqueName": "Input Capture"
}
{
  "Detection": [
    "General",
    "MSSP"
  ],
  "DetectionModifiers": [
    "Alert",
    "Correlated",
    "Delayed (Manual)"
  ],
  "DetectionText": [
    "A General alert detection (blue indicator) was generated for powershell.exe executing Get-Clipboard. The detection was correlated to a parent alert for User Execution of rcs.3aka3.doc\u200b.",
    "An MSSP detection occurred containing evidence of a PowerShell script used to gather information from the clipboard."
  ],
  "Procedure": "Captured clipboard contents using PowerShell",
  "Step": "7.A.2",
  "TacticGroup": "Collection",
  "Technique": "T1115",
  "TechniqueName": "Clipboard Data"
}
{
  "Detection": [
    "MSSP"
  ],
  "DetectionModifiers": [
    "Delayed (Manual)"
  ],
  "DetectionText": [
    "An MSSP detection for \"Remote System Discovery\" was received that explained that the Ad-Search PowerShell command was used to discover remote systems in the domain."
  ],
  "Procedure": "Enumerated remote systems using LDAP queries",
  "Step": "8.A.1",
  "TacticGroup": "Discovery",
  "Technique": "T1018",
  "TechniqueName": "Remote System Discovery"
}
{
  "Detection": [
    "General",
    "MSSP"
  ],
  "DetectionModifiers": [
    "Alert",
    "Delayed (Manual)"
  ],
  "DetectionText": [
    "A General alert detection (blue indicator) was generated for powershell.exe executing the Get-NetDomainController command.",
    "An MSSP detection for \"Remote System Discovery\" was received that included a PowerShell script and explained that it was used to discover a remote system."
  ],
  "Procedure": "Enumerated the domain controller host NewYork (10.0.0.4) using LDAP queries",
  "Step": "16.A.1",
  "TacticGroup": "Discovery",
  "Technique": "T1018",
  "TechniqueName": "Remote System Discovery"
}
{
  "Detection": [
    "MSSP"
  ],
  "DetectionModifiers": [
    "Delayed (Manual)"
  ],
  "DetectionText": [
    "An MSSP detection for \"Web Service\" was received that described the adversary mapping OneDrive as a network device and exfiltrating data to it."
  ],
  "Procedure": "Mapped a network drive to an online OneDrive account using PowerShell",
  "Step": "18.A.1",
  "TacticGroup": "Defense Evasion",
  "Technique": "T1102",
  "TechniqueName": "Web Service"
}
{
  "Detection": [
    "General"
  ],
  "DetectionModifiers": [
    "Alert"
  ],
  "DetectionText": [
    "A General alert detection (yellow indicator) was generated due to rundll32.exe executing the API Call DavSetCookie in daclnt.dll to map a share using WebDav."
  ],
  "Procedure": "Exfiltrated collection (OfficeSupplies.7z) to WebDAV network share using PowerShell",
  "Step": "7.B.4",
  "TacticGroup": "Exfiltration",
  "Technique": "T1048",
  "TechniqueName": "Exfiltration Over Alternative Protocol"
}
{
  "Detection": [
    "General",
    "MSSP"
  ],
  "DetectionModifiers": [
    "Alert",
    "Delayed (Manual)"
  ],
  "DetectionText": [
    "A General alert detection (blue indicator) was generated identifying PowerShell executing Copy-Item as threat activity.",
    "An MSSP detection for \"Exfiltration Over Alternative Protocol\" was received that described the adversary mapping OneDrive as a network device and exfiltrating data to it."
  ],
  "Procedure": "Exfiltrated staged collection to an online OneDrive account using PowerShell",
  "Step": "18.A.2",
  "TacticGroup": "Exfiltration",
  "Technique": "T1048",
  "TechniqueName": "Exfiltration Over Alternative Protocol"
}
{
  "Detection": [
    "Technique",
    "MSSP"
  ],
  "DetectionModifiers": [
    "Alert",
    "Delayed (Manual)"
  ],
  "DetectionText": [
    "A Technique alert detection (purple severity) was generated for rcs.3aka.doc, identified as an EXE.",
    "An MSSP detection was received that included details of the file rcs.3aka3.doc and identified it as an EXE."
  ],
  "Procedure": "Used unicode right-to-left override (RTLO) character to obfuscate file name rcs.3aka3.doc (originally cod.3aka.scr)",
  "Step": "1.A.2",
  "TacticGroup": "Defense Evasion",
  "Technique": "T1036",
  "TechniqueName": "Masquerading"
}
{
  "Detection": [
    "MSSP"
  ],
  "DetectionModifiers": [
    "Delayed (Manual)"
  ],
  "DetectionText": [
    "An MSSP detection for \"Masquerading\" was received that included an execution event for accesschk.exe and explained that the file was masquerading as a legitimate SysInternals tool. Additional data was received that included details of the file accesscheck.exe such as the hash, company name, and signer. "
  ],
  "Procedure": "Masqueraded a Chrome password dump tool as accesscheck.exe, a legitimate Sysinternals tool",
  "Step": "6.A.3",
  "TacticGroup": "Defense Evasion",
  "Technique": "T1036",
  "TechniqueName": "Masquerading"
}
{
  "Detection": [
    "MSSP"
  ],
  "DetectionModifiers": [
    "Delayed (Manual)"
  ],
  "DetectionText": [
    "An MSSP detection for \"System Information Discovery\" was received that included a PowerShell script and explained that it was used to obtain the current computer name."
  ],
  "Procedure": "Enumerated the computer hostname using PowerShell",
  "Step": "4.C.3",
  "TacticGroup": "Discovery",
  "Technique": "T1082",
  "TechniqueName": "System Information Discovery"
}
{
  "Detection": [
    "MSSP"
  ],
  "DetectionModifiers": [
    "Delayed (Manual)"
  ],
  "DetectionText": [
    "An MSSP detection for \"System Information Discovery\" was received that included a PowerShell script and explained that it was used to obtain the OS system information."
  ],
  "Procedure": "Enumerated the OS version using PowerShell",
  "Step": "4.C.6",
  "TacticGroup": "Discovery",
  "Technique": "T1082",
  "TechniqueName": "System Information Discovery"
}
{
  "Detection": [
    "General",
    "General",
    "MSSP"
  ],
  "DetectionModifiers": [
    "Alert",
    "Alert",
    "Delayed (Manual)"
  ],
  "DetectionText": [
    "A General alert detection (red indicator) was generated identifying the PowerShell gwmi queries for Win32_ComputerSystem as threat activity.",
    "A General alert detection (red indicator) was generated identifying the PowerShell gwmi query for Win32_BIOS as threat activity.",
    "An MSSP detection for \"System Information Discovery\" was received that included a PowerShell script and explained that it was used to query Win32_ComputerSystem via WMI."
  ],
  "Procedure": "Enumerated computer manufacturer, model, and version information using PowerShell",
  "Step": "11.A.4",
  "TacticGroup": "Discovery",
  "Technique": "T1082",
  "TechniqueName": "System Information Discovery"
}
{
  "Detection": [
    "General",
    "MSSP"
  ],
  "DetectionModifiers": [
    "Alert",
    "Delayed (Manual)"
  ],
  "DetectionText": [
    "A General alert detection (blue indicator) was generated due to the execution of the comp function.",
    "An MSSP detection for \"System Information Discovery\" occurred containing evidence of PowerShell calling the GetComputerNameEx API."
  ],
  "Procedure": "Enumerated the computer name using the GetComputerNameEx API",
  "Step": "13.A.1",
  "TacticGroup": "Discovery",
  "Technique": "T1082",
  "TechniqueName": "System Information Discovery"
}
{
  "Detection": [
    "General"
  ],
  "DetectionModifiers": [
    "Alert",
    "Correlated"
  ],
  "DetectionText": [
    "A General alert detection (orange indicator) was generated due to powershell.exe executing Compress-7Zip with arguments for encryption. The detection was correlated to a parent alert for User Execution of rcs.3aka3.doc\u200b."
  ],
  "Procedure": "Encrypted data from the user's Downloads directory using PowerShell",
  "Step": "7.B.3",
  "TacticGroup": "Exfiltration",
  "Technique": "T1022",
  "TechniqueName": "Data Encrypted"
}
{
  "Detection": [
    "Technique"
  ],
  "DetectionModifiers": [
    "Alert",
    "Correlated"
  ],
  "DetectionText": [
    "A Technique alert detection (yellow indicator) for \"T1022 Data Encrypted\" was generated when rar.exe was used to create an encrypted zip archive. The event was correlated to a parent Technique detection for Service Execution of python.exe by PSEXECSVC.exe."
  ],
  "Procedure": "Encrypted staged ZIP (working.zip in AppData directory) into working.zip (on Desktop) using rar.exe",
  "Step": "9.B.6",
  "TacticGroup": "Exfiltration",
  "Technique": "T1022",
  "TechniqueName": "Data Encrypted"
}
{
  "Detection": [
    "Technique",
    "MSSP"
  ],
  "DetectionModifiers": [
    "Correlated",
    "Alert",
    "Delayed (Manual)"
  ],
  "DetectionText": [
    "A Technique alert detection (yellow indicator) for \"Powershell\" was generated when cmd.exe spawned powershell.exe. The alert was correlated to a parent alert for User Execution of rcs.3aka3.doc\u200b.",
    "An MSSP detection for \"PowerShell\" was received that included a description of PowerShell execution and an explanation of the commands executed through it."
  ],
  "Procedure": "Spawned interactive powershell.exe",
  "Step": "1.B.2",
  "TacticGroup": "Execution",
  "Technique": "T1086",
  "TechniqueName": "PowerShell"
}
{
  "Detection": [
    "Tactic"
  ],
  "DetectionModifiers": [
    "Alert"
  ],
  "DetectionText": [
    "A Tactic alert detection (yellow indicator) was generated for a new powershell.exe spawning from powershell.exe."
  ],
  "Procedure": "Spawned interactive powershell.exe",
  "Step": "4.A.2",
  "TacticGroup": "Execution",
  "Technique": "T1086",
  "TechniqueName": "PowerShell"
}
{
  "Detection": [
    "Technique",
    "MSSP"
  ],
  "DetectionModifiers": [
    "Alert",
    "Correlated",
    "Delayed (Manual)"
  ],
  "DetectionText": [
    "A Technique alert detection (yellow indicator) for \"PowerShell\" was generated when python.exe spawned powershell.exe. The event was correlated to a parent Technique detection for Service Execution of python.exe by PSEXECSVC.exe.",
    "An MSSP detection for \"PowerShell\" was received that showed execution of powershell.exe by python.exe."
  ],
  "Procedure": "Spawned interactive powershell.exe",
  "Step": "9.B.1",
  "TacticGroup": "Execution",
  "Technique": "T1086",
  "TechniqueName": "PowerShell"
}
{
  "Detection": [
    "Technique",
    "MSSP"
  ],
  "DetectionModifiers": [
    "Alert",
    "Delayed (Manual)"
  ],
  "DetectionText": [
    "A Technique alert detection (red indicator) for \"PowerShell\" was generated for powershell.exe spawned from a PowerShell stager.",
    "An MSSP detection was received that included a PowerShell script and explained that it was used to download and execute another script via IEX."
  ],
  "Procedure": "Executed PowerShell stager payload",
  "Step": "11.A.12",
  "TacticGroup": "Execution",
  "Technique": "T1086",
  "TechniqueName": "PowerShell"
}
{
  "Detection": [
    "Technique",
    "MSSP"
  ],
  "DetectionModifiers": [
    "Alert",
    "Delayed (Manual)"
  ],
  "DetectionText": [
    "A Technique alert detection (yellow indicatorl) for \"Powershell\" was generated due to  a SYSTEM-level powershell.exe spawning from wmiprvse.exe. ",
    "An MSSP detection for \"PowerShell\" was received that described execution of powershell.exe triggered by a WMI Event Subscription."
  ],
  "Procedure": "Executed PowerShell payload from WMI event subscription persistence",
  "Step": "20.A.3",
  "TacticGroup": "Execution",
  "Technique": "T1086",
  "TechniqueName": "PowerShell"
}
{
  "Detection": [
    "None"
  ],
  "DetectionModifiers": [],
  "DetectionText": [
    "No detection capability demonstrated for this procedure."
  ],
  "Procedure": "Read the Chrome SQL database file to extract encrypted credentials",
  "Step": "6.A.1",
  "TacticGroup": "Credential Access",
  "Technique": "T1081",
  "TechniqueName": "Credentials in Files"
}
{
  "Detection": [
    "None"
  ],
  "DetectionModifiers": [],
  "DetectionText": [
    "No detection capability demonstrated for this procedure."
  ],
  "Procedure": "Exported a local certificate to a PFX file using PowerShell",
  "Step": "6.B.1",
  "TacticGroup": "Credential Access",
  "Technique": "T1145",
  "TechniqueName": "Private Keys"
}
{
  "Detection": [
    "Technique",
    "MSSP"
  ],
  "DetectionModifiers": [
    "Alert",
    "Delayed (Manual)"
  ],
  "DetectionText": [
    "A Technique alert detection (red indicator) for \"Service Execution\" was generated for the execution of python.exe by PSEXECSVC.exe on host Scranton (10.0.1.4) as SYSTEM.",
    "An MSSP detection for \"Service Execution\" occurred containing evidence of PSEXESVC.exe executing python.exe."
  ],
  "Procedure": "Executed python.exe using PSExec",
  "Step": "8.C.3",
  "TacticGroup": "Execution",
  "Technique": "T1035",
  "TechniqueName": "Service Execution"
}
{
  "Detection": [
    "Technique"
  ],
  "DetectionModifiers": [
    "Alert"
  ],
  "DetectionText": [
    "A Technique alert detection (red indicator) for \"Service Execution\" was generated when services.exe spawned javamtsup.exe."
  ],
  "Procedure": "Executed persistent service (javamtsup) on system startup",
  "Step": "10.A.1",
  "TacticGroup": "Execution",
  "Technique": "T1035",
  "TechniqueName": "Service Execution"
}
{
  "Detection": [
    "General",
    "MSSP"
  ],
  "DetectionModifiers": [
    "Alert",
    "Correlated",
    "Delayed (Manual)"
  ],
  "DetectionText": [
    "A General alert detection (purple indicator) was generated for PowerShell extracting and executing the code embedded within monkey.png. The event was correlated to a parent Technique detection for User Execution of rcs.3aka3.doc\u200b.",
    "An MSSP detection for \"Obfuscated Files or Information\" occurred containing evidence of the PowerShell script contained within monkey.png."
  ],
  "Procedure": "Embedded PowerShell payload in monkey.png using steganography",
  "Step": "3.A.2",
  "TacticGroup": "Defense Evasion",
  "Technique": "T1027",
  "TechniqueName": "Obfuscated Files or Information"
}
{
  "Detection": [
    "General",
    "MSSP"
  ],
  "DetectionModifiers": [
    "Alert",
    "Delayed (Manual)"
  ],
  "DetectionText": [
    "A General alert detection (red indicator) was generated showing PowerShell writing encoded content into the WMI class.",
    "An MSSP detection for \"Obfuscated Files or Information\" was received that included a PowerShell script and explained that it was used to write the Mimikatz payload to Win32_AuditCode."
  ],
  "Procedure": "Encoded and wrote Mimikatz output to a WMI class property using PowerShell",
  "Step": "14.B.5",
  "TacticGroup": "Defense Evasion",
  "Technique": "T1027",
  "TechniqueName": "Obfuscated Files or Information"
}
{
  "Detection": [
    "General",
    "MSSP"
  ],
  "DetectionModifiers": [
    "Alert",
    "Delayed (Manual)"
  ],
  "DetectionText": [
    "A General alert detection (blue indicator) was generated for the PowerShell script, which included PowerShell appending the GIF file header to the compressed file.",
    "An MSSP detection for \"Obfuscated Files or Information\" occurred containing evidence PowerShell was used to add noisy data (GIF89) to an archive."
  ],
  "Procedure": "Prepended the GIF file header to a compressed staging file using PowerShell",
  "Step": "17.C.2",
  "TacticGroup": "Defense Evasion",
  "Technique": "T1027",
  "TechniqueName": "Obfuscated Files or Information"
}
{
  "Detection": [
    "Technique",
    "MSSP"
  ],
  "DetectionModifiers": [
    "Alert",
    "Delayed (Manual)"
  ],
  "DetectionText": [
    "A Technique alert detection (red alert icon) for \"Windows Management Instrumentation Event Subscription\" was generated due to the WindowsParentalControlMigration event filter creation. ",
    "An MSSP detection for \"Windows Management Instrumentation Event Subscription\" was occurred containing evidence of a PowerShell script and explained that it was used establish persistence."
  ],
  "Procedure": "Established WMI event subscription persistence using PowerShell",
  "Step": "15.A.2",
  "TacticGroup": "Persistence",
  "Technique": "T1084",
  "TechniqueName": "Windows Management Instrumentation Event Subscription"
}
{
  "Detection": [
    "Technique",
    "MSSP"
  ],
  "DetectionModifiers": [
    "Alert",
    "Delayed (Manual)"
  ],
  "DetectionText": [
    "A Technique alert detection (red alert icon) for \"Windows Management Instrumentation Event Subscription\" was generated for wmiprvse.exe executing the PowerShell stager.",
    "An MSSP detection for \"Windows Management Instrumentation Event Subscription\" was received that described the triggering of a WMI Event Subscription upon logon of user Oscar in order to execute powershell.exe."
  ],
  "Procedure": "Executed WMI persistence on user login",
  "Step": "20.A.2",
  "TacticGroup": "Persistence",
  "Technique": "T1084",
  "TechniqueName": "Windows Management Instrumentation Event Subscription"
}
{
  "Detection": [
    "Technique",
    "General",
    "MSSP"
  ],
  "DetectionModifiers": [
    "Alert",
    "Alert",
    "Delayed (Manual)"
  ],
  "DetectionText": [
    "A Technique alert detection (yellow indicator) was generated NTFS File Attributes for 2016_UNITED_STATES_PRESEDENTIAL_ELECTION_-_WIKIPEDIA.HTML:SCHEMAS.",
    "A General alert detection (blue indicator) was generated identifying powershell.exe executing the schemas ADS with Get-Content and IEX as threat activity.",
    "An MSSP detection for \"NTFS File Attributes\" was received that described a PowerShell script reading another script from the schemas Alternate Data Stream in 2016_United_States_presidential_election_-_Wikipedia.html and executing it via IEX."
  ],
  "Procedure": "Executed an alternate data stream (ADS) using PowerShell",
  "Step": "11.A.2",
  "TacticGroup": "Defense Evasion",
  "Technique": "T1096",
  "TechniqueName": "NTFS File Attributes"
}
{
  "Detection": [
    "None"
  ],
  "DetectionModifiers": [],
  "DetectionText": [
    "No detection capability demonstrated for this procedure."
  ],
  "Procedure": "Used HTTPS to transport\u00a0C2 (192.168.0.5) traffic",
  "Step": "3.B.4",
  "TacticGroup": "Command and Control",
  "Technique": "T1071",
  "TechniqueName": "Standard Application Layer Protocol"
}
{
  "Detection": [
    "None"
  ],
  "DetectionModifiers": [],
  "DetectionText": [
    "No detection capability demonstrated for this procedure.\t"
  ],
  "Procedure": "Used HTTPS to transport\u00a0C2 (192.168.0.4) traffic",
  "Step": "11.A.14",
  "TacticGroup": "Command and Control",
  "Technique": "T1071",
  "TechniqueName": "Standard Application Layer Protocol"
}
{
  "Detection": [
    "Technique",
    "MSSP"
  ],
  "DetectionModifiers": [
    "Alert",
    "Delayed (Manual)"
  ],
  "DetectionText": [
    "A Technique alert detection (red indicator) for \"Virtualization/Sandbox Evasion\" was generated for the PowerShell gwmi query for Win32_BIOS.",
    "An MSSP detection for \"Virtualization/Sandbox Evasion\" was received that included a PowerShell script and explained that it was used to check for virtualization."
  ],
  "Procedure": "Checked that the BIOS version and serial number are not associated with VirtualBox or VMware using PowerShell",
  "Step": "11.A.3",
  "TacticGroup": "Discovery",
  "Technique": "T1497",
  "TechniqueName": "Virtualization/Sandbox Evasion"
}
{
  "Detection": [
    "General",
    "MSSP"
  ],
  "DetectionModifiers": [
    "Alert",
    "Correlated",
    "Delayed (Manual)"
  ],
  "DetectionText": [
    "A General alert detection (purple indicator) was generated for powershell.exe executing Compress-Archive. The event was correlated to a parent Technique detection for User Execution of rcs.3aka3.doc\u200b.",
    "An MSSP detection for \"Data Compressed\" was received that included an explanation of the PowerShell script used to collect certain file types on host Nashua (10.0.1.6) and then archive them as DRAFT.ZIP."
  ],
  "Procedure": "Compressed and stored files into ZIP (Draft.zip) using PowerShell",
  "Step": "2.A.4",
  "TacticGroup": "Exfiltration",
  "Technique": "T1002",
  "TechniqueName": "Data Compressed"
}
{
  "Detection": [
    "None"
  ],
  "DetectionModifiers": [],
  "DetectionText": [
    "No detection capability demonstrated for this procedure."
  ],
  "Procedure": "Compressed\u00a0data from the user's Downloads directory into a ZIP file (OfficeSupplies.7z) using PowerShell",
  "Step": "7.B.2",
  "TacticGroup": "Exfiltration",
  "Technique": "T1002",
  "TechniqueName": "Data Compressed"
}
{
  "Detection": [
    "Technique",
    "MSSP"
  ],
  "DetectionModifiers": [
    "Alert",
    "Correlated",
    "Delayed (Manual)"
  ],
  "DetectionText": [
    "A Technique alert detection (yellow indicator) for \"T1002 Data Compressed\" was generated due to powershell.exe executing rar.exe with command-line arguments indicative of compression.  The event was correlated to a parent Technique detection for Service Execution of python.exe by PSEXECSVC.exe.",
    "An MSSP detection for \"Data Compressed\" was received that showed execution of rar.exe by powershell.exe and explained that it was used to compress data for exfiltration."
  ],
  "Procedure": "Compressed staged ZIP (working.zip in AppData directory) into working.zip (on Desktop) using rar.exe",
  "Step": "9.B.7",
  "TacticGroup": "Exfiltration",
  "Technique": "T1002",
  "TechniqueName": "Data Compressed"
}
{
  "Detection": [
    "General",
    "MSSP"
  ],
  "DetectionModifiers": [
    "Alert",
    "Delayed (Manual)"
  ],
  "DetectionText": [
    "A General alert detection (blue indicator) was generated for the PowerShell script which included compressing collection via the ZipFile.CreateFromDirectory .NET method.",
    "An MSSP detection occurred containing evidence of data compression."
  ],
  "Procedure": "Compressed a staging directory using PowerShell",
  "Step": "17.C.1",
  "TacticGroup": "Exfiltration",
  "Technique": "T1002",
  "TechniqueName": "Data Compressed"
}
{
  "Detection": [
    "None"
  ],
  "DetectionModifiers": [],
  "DetectionText": [
    "No detection capability demonstrated for this procedure."
  ],
  "Procedure": "Executed the CryptUnprotectedData API call to decrypt Chrome passwords",
  "Step": "6.A.2",
  "TacticGroup": "Credential Access",
  "Technique": "T1003",
  "TechniqueName": "Credential Dumping"
}
{
  "Detection": [
    "Technique",
    "MSSP"
  ],
  "DetectionModifiers": [
    "Alert",
    "Correlated",
    "Delayed (Manual)"
  ],
  "DetectionText": [
    "A Technique alert detection (yellow indicator) for \"Credential Dumping\" was generated when powershell.exe attempted to read the lsass.exe process memory. The event was correlated to a parent Technique detection for User Execution on rcs.3aka3.doc\u200b.",
    "An MSSP detection for \"Credential Dumping\" was received that described PowerShell dumping credentials from LSASS process memory."
  ],
  "Procedure": "Dumped password hashes from the Windows Registry by injecting a malicious DLL into Lsass.exe",
  "Step": "6.C.1",
  "TacticGroup": "Credential Access",
  "Technique": "T1003",
  "TechniqueName": "Credential Dumping"
}
{
  "Detection": [
    "Technique",
    "Technique",
    "MSSP"
  ],
  "DetectionModifiers": [
    "Alert",
    "Alert",
    "Delayed (Manual)"
  ],
  "DetectionText": [
    "A Technique alert detection (red indicator) of \"Credential Dumping\" was generated for command-line arguments indicative of Mimikatz credential dumping.",
    "A Technique alert detection (yellow indicator) of \"Credential Dumping\" was generated for dumping credentials/keys from Lsass process memory",
    "An MSSP detection for \"Credential Dumping\" was received that described the adversary executing m.exe to access LSASS process memory."
  ],
  "Procedure": "Dumped plaintext credentials using Mimikatz (m.exe)",
  "Step": "14.B.4",
  "TacticGroup": "Credential Access",
  "Technique": "T1003",
  "TechniqueName": "Credential Dumping"
}
{
  "Detection": [
    "Technique",
    "General",
    "MSSP"
  ],
  "DetectionModifiers": [
    "Alert",
    "Alert",
    "Delayed (Manual)"
  ],
  "DetectionText": [
    "A Technique alert detection (red indicator) for \"Credential Dumping\" was generated for m.exe with command-line arguments indicative of Mimikatz credential dumping. ",
    "A General alert detection (yellow indicator) was generated identifying m.exe as threat activity.",
    "An MSSP detection for \"Credential Dumping\" was received that described the adversary remotely executing m.exe to dump the krbtgt hash."
  ],
  "Procedure": "Dumped the KRBTGT hash on the domain controller host NewYork (10.0.0.4) using Mimikatz (m.exe)",
  "Step": "16.D.2",
  "TacticGroup": "Credential Access",
  "Technique": "T1003",
  "TechniqueName": "Credential Dumping"
}
{
  "Detection": [
    "General",
    "MSSP"
  ],
  "DetectionModifiers": [
    "Alert",
    "Delayed (Manual)"
  ],
  "DetectionText": [
    "A General alert detection (red indicator) was generated for rundll32.exe executing kxwn.lock.",
    "An MSSP detection for \"Rundll32\" described rundll32.exe executing kxwn.lock, triggered by Registry Run Keys / Startup Folder persistence."
  ],
  "Procedure": "Executed Run key persistence payload on user login using RunDll32",
  "Step": "20.A.1",
  "TacticGroup": "Execution",
  "Technique": "T1085",
  "TechniqueName": "Rundll32"
}
{
  "Detection": [
    "Tactic",
    "MSSP"
  ],
  "DetectionModifiers": [
    "Correlated",
    "Alert",
    "Delayed (Manual)"
  ],
  "DetectionText": [
    "A Tactic alert detection (yellow indicator) for \"Execution\" was generated for cmd.exe spawning from rcs.3aka3.doc. The detection was correlated to a parent alert for User Execution of rcs.3aka3.doc\u200b.",
    "An MSSP detection for was received that included a description of rcs.3aka3.doc spawning cmd.exe interactively."
  ],
  "Procedure": "Spawned interactive cmd.exe",
  "Step": "1.B.1",
  "TacticGroup": "Execution",
  "Technique": "T1059",
  "TechniqueName": "Command-Line Interface"
}
{
  "Detection": [
    "Technique",
    "Tactic",
    "MSSP"
  ],
  "DetectionModifiers": [
    "Correlated",
    "Alert",
    "Alert",
    "Delayed (Manual)"
  ],
  "DetectionText": [
    "A Technique alert detection (yellow indicator) for \"Bypass UAC\" was generated when sdclt.exe was executed in a high integrity context by cmd.exe. The event was correlated to a parent Technique detection for User Execution of rcs.3aka3.doc\u200b.",
    "A Tactic alert detection (yellow indicator) was generated for an unprivileged process executing another program with SYSTEM permissions.",
    "An MSSP detection for \"Bypass User Account Control\" was received that explained that cmd.exe (medium integrity) executed sdclt.exe (high integrity) to facilitate a UAC bypass resulting in execution of powershell.exe (High Integrity)."
  ],
  "Procedure": "Executed elevated PowerShell payload",
  "Step": "3.B.2",
  "TacticGroup": "Privilege Escalation",
  "Technique": "T1088",
  "TechniqueName": "Bypass User Account Control"
}
{
  "Detection": [
    "General",
    "MSSP"
  ],
  "DetectionModifiers": [
    "Alert",
    "Delayed (Manual)"
  ],
  "DetectionText": [
    "A General alert detection (yellow indicator) was generated showing a new High Integrity PowerShell callback spawned from control.exe. ",
    "An MSSP detection for \"Bypass User Account Control\" was received that included a PowerShell script and explained that it was used to bypass UAC."
  ],
  "Procedure": "Executed elevated PowerShell payload",
  "Step": "14.A.2",
  "TacticGroup": "Privilege Escalation",
  "Technique": "T1088",
  "TechniqueName": "Bypass User Account Control"
}
{
  "Detection": [
    "Technique",
    "MSSP"
  ],
  "DetectionModifiers": [
    "Alert",
    "Delayed (Manual)"
  ],
  "DetectionText": [
    "A Technique alert detection (red indicator) called \"Execution\" with \"T1047 Windows Management Instrumentation\" label was generated for WmiPrvSE.exe executing powershell.exe.",
    "An MSSP detection for \"Windows Management Instrumentation\" was received that included a PowerShell script and explained that it was used to set up execution of Mimikatz."
  ],
  "Procedure": "Created and executed a WMI class using PowerShell",
  "Step": "14.B.1",
  "TacticGroup": "Execution",
  "Technique": "T1047",
  "TechniqueName": "Windows Management Instrumentation"
}
{
  "Detection": [
    "Technique",
    "MSSP"
  ],
  "DetectionModifiers": [
    "Alert",
    "Delayed (Manual)"
  ],
  "DetectionText": [
    "A Technique alert detection (red indicator) for \"Email Collection\" was generated when powershell.exe loaded an Outlook DLL.",
    "An MSSP detection for \"Email Collection\" was received that included a PowerShell script and explained that it was used to obtain the collect emails."
  ],
  "Procedure": "Dumped messages from the local Outlook inbox using PowerShell",
  "Step": "17.A.1",
  "TacticGroup": "Collection",
  "Technique": "T1114",
  "TechniqueName": "Email Collection"
}
{
  "Detection": [
    "None"
  ],
  "DetectionModifiers": [],
  "DetectionText": [
    "No detection capability demonstrated for this procedure."
  ],
  "Procedure": "Used RC4 stream cipher to encrypt C2 (192.168.0.5) traffic",
  "Step": "1.A.4",
  "TacticGroup": "Command and Control",
  "Technique": "T1032",
  "TechniqueName": "Standard Cryptographic Protocol"
}
{
  "Detection": [
    "None"
  ],
  "DetectionModifiers": [],
  "DetectionText": [
    "No detection capability demonstrated for this procedure."
  ],
  "Procedure": "Used HTTPS to encrypt C2 (192.168.0.5) traffic",
  "Step": "3.B.5",
  "TacticGroup": "Command and Control",
  "Technique": "T1032",
  "TechniqueName": "Standard Cryptographic Protocol"
}
{
  "Detection": [
    "None"
  ],
  "DetectionModifiers": [],
  "DetectionText": [
    "No detection capability demonstrated for this procedure.\t"
  ],
  "Procedure": "Used HTTPS to encrypt C2 (192.168.0.4) traffic",
  "Step": "11.A.15",
  "TacticGroup": "Command and Control",
  "Technique": "T1032",
  "TechniqueName": "Standard Cryptographic Protocol"
}
{
  "Detection": [
    "MSSP"
  ],
  "DetectionModifiers": [
    "Delayed (Manual)"
  ],
  "DetectionText": [
    "An MSSP detection for \"Permission Groups Discovery\" was received that included a PowerShell script and explained that it was used to search for domain groups through Win32 API calls."
  ],
  "Procedure": "Executed API call by reflectively loading Netapi32.dll",
  "Step": "4.C.10",
  "TacticGroup": "Execution",
  "Technique": "T1106",
  "TechniqueName": "Execution through API"
}
{
  "Detection": [
    "MSSP"
  ],
  "DetectionModifiers": [
    "Delayed (Manual)"
  ],
  "DetectionText": [
    "An MSSP detection for \"Permission Groups Discovery\" was received that included a PowerShell script and explained that it was used the Invoke-NetUserGetLocalGroups command to search for local groups through Win32 API calls."
  ],
  "Procedure": "Executed API call by reflectively loading Netapi32.dll",
  "Step": "4.C.12",
  "TacticGroup": "Execution",
  "Technique": "T1106",
  "TechniqueName": "Execution through API"
}
{
  "Detection": [
    "None"
  ],
  "DetectionModifiers": [],
  "DetectionText": [
    "No detection capability demonstrated for this procedure."
  ],
  "Procedure": "Executed PowerShell payload via the CreateProcessWithToken API",
  "Step": "10.B.2",
  "TacticGroup": "Execution",
  "Technique": "T1106",
  "TechniqueName": "Execution through API"
}
{
  "Detection": [
    "General",
    "MSSP"
  ],
  "DetectionModifiers": [
    "Alert",
    "Delayed (Manual)"
  ],
  "DetectionText": [
    "A General alert detection (blue indicator) was generated for the PowerShell script which contained ConvertSidToStringSid API function being loaded.",
    "An MSSP detection for \"Execution through API\" was received that included a PowerShell script and explained that it was used to execute the ConvertSidToStringSid API function from Advapi32.dll."
  ],
  "Procedure": "Executed the ConvertSidToStringSid API call by reflectively loading Advapi32.dll",
  "Step": "16.B.2",
  "TacticGroup": "Execution",
  "Technique": "T1106",
  "TechniqueName": "Execution through API"
}
{
  "Detection": [
    "None"
  ],
  "DetectionModifiers": [],
  "DetectionText": [
    "No detection capability demonstrated for this procedure."
  ],
  "Procedure": "Staged files for exfiltration into ZIP (Draft.zip) using PowerShell",
  "Step": "2.A.5",
  "TacticGroup": "Collection",
  "Technique": "T1074",
  "TechniqueName": "Data Staged"
}
{
  "Detection": [
    "None"
  ],
  "DetectionModifiers": [],
  "DetectionText": [
    "No detection capability demonstrated for this procedure."
  ],
  "Procedure": "Staged files for exfiltration into ZIP (working.zip in AppData directory) using PowerShell",
  "Step": "9.B.5",
  "TacticGroup": "Collection",
  "Technique": "T1074",
  "TechniqueName": "Data Staged"
}
{
  "Detection": [
    "None"
  ],
  "DetectionModifiers": [],
  "DetectionText": [
    "No detection capability demonstrated for this procedure."
  ],
  "Procedure": "Staged collected file into directory using PowerShell",
  "Step": "17.B.2",
  "TacticGroup": "Collection",
  "Technique": "T1074",
  "TechniqueName": "Data Staged"
}
{
  "Detection": [
    "General",
    "MSSP"
  ],
  "DetectionModifiers": [
    "Alert",
    "Correlated",
    "Delayed (Manual)"
  ],
  "DetectionText": [
    "A General alert detection (purple indicator) was generated for powershell.exe executing Get-ChildItem. The event was correlated to a parent Technique detection for User Execution of rcs.3aka3.doc\u200b.",
    "An MSSP detection for \"File and Directory Discovery\" was received that included an explanation of the PowerShell script used to collect certain file types on host Nashua (10.0.1.6)."
  ],
  "Procedure": "Searched filesystem for document and media files using PowerShell\u00a0",
  "Step": "2.A.1",
  "TacticGroup": "Discovery",
  "Technique": "T1083",
  "TechniqueName": "File and Directory Discovery"
}
{
  "Detection": [
    "MSSP"
  ],
  "DetectionModifiers": [
    "Delayed (Manual)"
  ],
  "DetectionText": [
    "An MSSP detection for \"File and Directory Discovery\" was received that included a PowerShell script and explained that it was used to obtain the current directory."
  ],
  "Procedure": "Enumerated user's temporary directory path using PowerShell",
  "Step": "4.C.1",
  "TacticGroup": "Discovery",
  "Technique": "T1083",
  "TechniqueName": "File and Directory Discovery"
}
{
  "Detection": [
    "General"
  ],
  "DetectionModifiers": [
    "Correlated",
    "Alert"
  ],
  "DetectionText": [
    "A General alert detection (blue indicator) was generated for powershell.exe executing Get-ChildItem. The event was correlated to a parent Technique detection for Service Execution of python.exe by PSEXECSVC.exe."
  ],
  "Procedure": "Searched filesystem for document and media files using PowerShell",
  "Step": "9.B.2",
  "TacticGroup": "Discovery",
  "Technique": "T1083",
  "TechniqueName": "File and Directory Discovery"
}
{
  "Detection": [
    "General",
    "MSSP"
  ],
  "DetectionModifiers": [
    "Alert",
    "Delayed (Manual)"
  ],
  "DetectionText": [
    "A General alert detection (blue indicator) was generated for PowerShell executing Get-Item for the current path.",
    "An MSSP detection for \"Process Discovery\" was received that included a PowerShell script and explained that it was used to to obtain the current path."
  ],
  "Procedure": "Checked that the payload is not inside a folder path that contains \"sample\" or is the length of a hash value using PowerShell",
  "Step": "11.A.9",
  "TacticGroup": "Discovery",
  "Technique": "T1083",
  "TechniqueName": "File and Directory Discovery"
}
{
  "Detection": [
    "Tactic"
  ],
  "DetectionModifiers": [
    "Alert"
  ],
  "DetectionText": [
    "A Tactic alert detection for Discovery (blue icon) was genereated due to PowerShell enumeration of System32."
  ],
  "Procedure": "Enumerated the System32 directory using PowerShell",
  "Step": "12.A.1",
  "TacticGroup": "Discovery",
  "Technique": "T1083",
  "TechniqueName": "File and Directory Discovery"
}
{
  "Detection": [
    "General",
    "MSSP"
  ],
  "DetectionModifiers": [
    "Alert",
    "Correlated",
    "Delayed (Manual)"
  ],
  "DetectionText": [
    "A General alert detection (purple indicator) showed powershell.exe executing Get-ChildItem. The event was correlated to a parent Technique detection for User Execution of rcs.3aka3.doc\u200b.",
    "An MSSP detection was received that included an explanation of the PowerShell script used to collect certain file types on host Nashua (10.0.1.6)."
  ],
  "Procedure": "Scripted search of filesystem for document and media files using PowerShell\u00a0",
  "Step": "2.A.2",
  "TacticGroup": "Collection",
  "Technique": "T1119",
  "TechniqueName": "Automated Collection"
}
{
  "Detection": [
    "General"
  ],
  "DetectionModifiers": [
    "Alert",
    "Correlated"
  ],
  "DetectionText": [
    "A General alert detection (blue indicator) was generated for powershell.exe executing Get-ChildItem. The event was correlated to a parent Technique detection for Service Execution of python.exe by PSEXECSVC.exe."
  ],
  "Procedure": "Scripted search of filesystem for document and media files using PowerShell\u00a0",
  "Step": "9.B.3",
  "TacticGroup": "Collection",
  "Technique": "T1119",
  "TechniqueName": "Automated Collection"
}
{
  "Detection": [
    "General",
    "MSSP"
  ],
  "DetectionModifiers": [
    "Alert",
    "Delayed (Manual)"
  ],
  "DetectionText": [
    "A General alert detection (red indicator) was generated for suspicious threat activity for PowerShell calling CopyFromScreen.",
    "An MSSP detection for \"Screen Capture\" occurred containing evidence of screen capture."
  ],
  "Procedure": "Captured and saved screenshots using PowerShell",
  "Step": "7.A.1",
  "TacticGroup": "Collection",
  "Technique": "T1113",
  "TechniqueName": "Screen Capture"
}
{
  "Detection": [
    "N/A"
  ],
  "DetectionModifiers": [],
  "DetectionText": [
    "Due to execution inconsistencies Step 19 has been omitted from the evaluation results."
  ],
  "Procedure": "Reflectively injected SDelete binary into PowerShell",
  "Step": "19.A.2",
  "TacticGroup": "Defense Evasion",
  "Technique": "T1055",
  "TechniqueName": "Process Injection"
}
{
  "Detection": [
    "N/A"
  ],
  "DetectionModifiers": [],
  "DetectionText": [
    "Due to execution inconsistencies Step 19 has been omitted from the evaluation results."
  ],
  "Procedure": "Reflectively injected SDelete binary into PowerShell",
  "Step": "19.B.2",
  "TacticGroup": "Defense Evasion",
  "Technique": "T1055",
  "TechniqueName": "Process Injection"
}
{
  "Detection": [
    "N/A"
  ],
  "DetectionModifiers": [],
  "DetectionText": [
    "Due to execution inconsistencies Step 19 has been omitted from the evaluation results."
  ],
  "Procedure": "Reflectively injected SDelete binary into PowerShell",
  "Step": "19.C.2",
  "TacticGroup": "Defense Evasion",
  "Technique": "T1055",
  "TechniqueName": "Process Injection"
}
{
  "Detection": [
    "None"
  ],
  "DetectionModifiers": [],
  "DetectionText": [
    "No detection capability demonstrated for this procedure."
  ],
  "Procedure": "Dropped stage 2 payload (monkey.png) to disk",
  "Step": "3.A.1",
  "TacticGroup": "Command and Control",
  "Technique": "T1105",
  "TechniqueName": "Remote File Copy"
}
{
  "Detection": [
    "None"
  ],
  "DetectionModifiers": [],
  "DetectionText": [
    "No detection capability demonstrated for this procedure."
  ],
  "Procedure": "Dropped additional tools (SysinternalsSuite.zip) to disk over C2 channel (192.168.0.5)",
  "Step": "4.A.1",
  "TacticGroup": "Command and Control",
  "Technique": "T1105",
  "TechniqueName": "Remote File Copy"
}
{
  "Detection": [
    "General",
    "General"
  ],
  "DetectionModifiers": [
    "Alert",
    "Alert"
  ],
  "DetectionText": [
    "A General alert detection (orange indicator) for \"Remote Access\" was generated for the file copy of python.exe from host Nashua (10.0.1.6) to host Scranton (10.0.1.4).",
    "A General alert detection (yellow indicator) for \"File Creation\" for the file create event of python.exe. "
  ],
  "Procedure": "Copied python.exe payload from a WebDAV share (192.168.0.4) to remote host Scranton (10.0.1.4)",
  "Step": "8.B.1",
  "TacticGroup": "Command and Control",
  "Technique": "T1105",
  "TechniqueName": "Remote File Copy"
}
{
  "Detection": [
    "None"
  ],
  "DetectionModifiers": [],
  "DetectionText": [
    "No detection capability demonstrated for this procedure."
  ],
  "Procedure": "Dropped rar.exe to disk on remote host Scranton (10.0.1.4)\u00a0",
  "Step": "9.A.1",
  "TacticGroup": "Command and Control",
  "Technique": "T1105",
  "TechniqueName": "Remote File Copy"
}
{
  "Detection": [
    "None"
  ],
  "DetectionModifiers": [],
  "DetectionText": [
    "No detection capability demonstrated for this procedure."
  ],
  "Procedure": "Dropped sdelete.exe to disk on remote host Scranton (10.0.1.4)\u00a0",
  "Step": "9.A.2",
  "TacticGroup": "Command and Control",
  "Technique": "T1105",
  "TechniqueName": "Remote File Copy"
}
{
  "Detection": [
    "General",
    "General"
  ],
  "DetectionModifiers": [
    "Alert",
    "Alert"
  ],
  "DetectionText": [
    "A General alert detection (purple indicator) was generated identifying the PowerShell command to download m.exe as threat activity.",
    "A General alert detection (purple indicator) was generated showed the file write event for m.exe into the System32 folder."
  ],
  "Procedure": "Downloaded and dropped Mimikatz (m.exe) to disk",
  "Step": "14.B.3",
  "TacticGroup": "Command and Control",
  "Technique": "T1105",
  "TechniqueName": "Remote File Copy"
}
{
  "Detection": [
    "Technique",
    "MSSP"
  ],
  "DetectionModifiers": [
    "Alert",
    "Delayed (Manual)"
  ],
  "DetectionText": [
    "A Technique alert detection (purple indicator) for File Movement was generated indicating that m.exe was moved from host Utica (10.0.1.5) to host NewYork (10.0.0.4).",
    "An MSSP detection for \"Remote File Copy\" was received that described the adversary moving m.exe from host Utica (10.0.1.5) to host NewYork (10.0.0.4)."
  ],
  "Procedure": "Dropped Mimikatz (m.exe) to disk on the domain controller host NewYork (10.0.0.4) over a WinRM connection",
  "Step": "16.D.1",
  "TacticGroup": "Command and Control",
  "Technique": "T1105",
  "TechniqueName": "Remote File Copy"
}
{
  "Detection": [
    "Technique",
    "MSSP"
  ],
  "DetectionModifiers": [
    "Alert",
    "Delayed (Manual)"
  ],
  "DetectionText": [
    "A Technique alert detection (orange indicator) was generated showed a valid logon on Scranton (10.0.1.4) as user Pam.",
    "An MSSP detection for \"Valid Accounts\" was received that showed execution of PSExec64.exe using Pam's valid credentials."
  ],
  "Procedure": "Logged on to remote host Scranton (10.0.1.4) using\u00a0valid credentials for user Pam",
  "Step": "8.C.1",
  "TacticGroup": "Defense Evasion",
  "Technique": "T1078",
  "TechniqueName": "Valid Accounts"
}
{
  "Detection": [
    "Technique",
    "MSSP"
  ],
  "DetectionModifiers": [
    "Alert",
    "Delayed (Manual)"
  ],
  "DetectionText": [
    "A Technique alert detection (yellow indicator) was generated for the successful logon event  on NewYork (10.0.0.4) as user MScott.",
    "An MSSP detection for \"Valid Accounts\" was received that described the adversary establishing a WinRM session with MScott's credentials."
  ],
  "Procedure": "Logged on to the domain controller host NewYork (10.0.0.4) using\u00a0valid credentials for user MScott\u00a0",
  "Step": "16.C.2",
  "TacticGroup": "Defense Evasion",
  "Technique": "T1078",
  "TechniqueName": "Valid Accounts"
}
{
  "Detection": [
    "MSSP"
  ],
  "DetectionModifiers": [
    "Delayed (Manual)"
  ],
  "DetectionText": [
    "An MSSP detection for \"Security Software Discovery\" was received that included a PowerShell script and explained that it was used to detect the installed anti-virus product."
  ],
  "Procedure": "Enumerated anti-virus software using PowerShell",
  "Step": "4.C.7",
  "TacticGroup": "Discovery",
  "Technique": "T1063",
  "TechniqueName": "Security Software Discovery"
}
{
  "Detection": [
    "MSSP"
  ],
  "DetectionModifiers": [
    "Delayed (Manual)"
  ],
  "DetectionText": [
    "An MSSP detection for \"Security Software Discovery\" was received that included a PowerShell script and explained that it was used to detect the installed firewall product."
  ],
  "Procedure": "Enumerated firewall software using PowerShell",
  "Step": "4.C.8",
  "TacticGroup": "Discovery",
  "Technique": "T1063",
  "TechniqueName": "Security Software Discovery"
}
{
  "Detection": [
    "Technique",
    "MSSP"
  ],
  "DetectionModifiers": [
    "Alert",
    "Delayed (Manual)"
  ],
  "DetectionText": [
    "A Technique alert detection (red icon) for \"Security Software Discovery\" was generated due to powershell.exe loading a custom script that contained code to detect installed antivirus products.",
    "An MSSP detection for \"Security Software Discovery\" was received that included PowerShell gwmi query for AntiVirusProduct"
  ],
  "Procedure": "Enumerated registered AV products using PowerShell",
  "Step": "12.B.1",
  "TacticGroup": "Discovery",
  "Technique": "T1063",
  "TechniqueName": "Security Software Discovery"
}
{
  "Detection": [
    "General",
    "MSSP"
  ],
  "DetectionModifiers": [
    "Correlated",
    "Alert",
    "Delayed (Manual)"
  ],
  "DetectionText": [
    "A General alert detection (blue indicator) was generated for the PowerShell command to remove DelegateExecute Registry Value. The event was correlated to a parent Technique detection for User Execution of rcs.3aka3.doc\u200b.",
    "An MSSP detection for \"Modify Registry\" was received that included a PowerShell script and explained that it was used to delete previously created registry keys."
  ],
  "Procedure": "Modified the Registry to remove artifacts of COM hijacking",
  "Step": "3.C.1",
  "TacticGroup": "Defense Evasion",
  "Technique": "T1112",
  "TechniqueName": "Modify Registry"
}
{
  "Detection": [
    "MSSP"
  ],
  "DetectionModifiers": [
    "Delayed (Manual)"
  ],
  "DetectionText": [
    "An MSSP detection was received that included a PowerShell script and explained that it was used to clean the Registry after a UAC Bypass."
  ],
  "Procedure": "Modified the Registry to remove artifacts of COM hijacking using PowerShell",
  "Step": "14.A.3",
  "TacticGroup": "Defense Evasion",
  "Technique": "T1112",
  "TechniqueName": "Modify Registry"
}
{
  "Detection": [
    "General",
    "MSSP"
  ],
  "DetectionModifiers": [
    "Alert",
    "Delayed (Manual)"
  ],
  "DetectionText": [
    "A General alert detection (red indicator) was generated identifying a PowerShell gwmi query for Win32_PnPEntity as threat activity.",
    "An MSSP detection for \"Peripheral Device Discovery\" was received that included a PowerShell script and explained that it was used to query Win32_PnPEntity via WMI."
  ],
  "Procedure": "Enumerated devices/adapters to check for presence of VirtualBox driver(s) using PowerShell",
  "Step": "11.A.5",
  "TacticGroup": "Discovery",
  "Technique": "T1120",
  "TechniqueName": "Peripheral Device Discovery"
}
{
  "Detection": [
    "Technique"
  ],
  "DetectionModifiers": [
    "Alert"
  ],
  "DetectionText": [
    "A Technique alert detection (yellow indicator) for \"Software Packing\" was generated for the file creation event for python.exe."
  ],
  "Procedure": "python.exe payload was packed with UPX",
  "Step": "8.B.2",
  "TacticGroup": "Defense Evasion",
  "Technique": "T1045",
  "TechniqueName": "Software Packing"
}
{
  "Detection": [
    "General",
    "MSSP"
  ],
  "DetectionModifiers": [
    "Alert",
    "Delayed (Manual)"
  ],
  "DetectionText": [
    "A General alert detection (orange indicator) showed a Registry event for the creation of javamtsup service.",
    "An MSSP detection for \"New Service\" was received that included events and analysis related to registration and execution of the javamtsup service."
  ],
  "Procedure": "Created a new service (javamtsup) that executes a service binary (javamtsup.exe) at system startup",
  "Step": "5.A.1",
  "TacticGroup": "Persistence",
  "Technique": "T1050",
  "TechniqueName": "New Service"
}
{
  "Detection": [
    "General"
  ],
  "DetectionModifiers": [
    "Alert"
  ],
  "DetectionText": [
    "A General alert detection (red indicator) was generated for \"Remote Accessed.\""
  ],
  "Procedure": "Established SMB session to remote host Scranton's (10.0.1.4) IPC$ share using PsExec",
  "Step": "8.C.2",
  "TacticGroup": "Lateral Movement",
  "Technique": "T1077",
  "TechniqueName": "Windows Admin Shares"
}
{
  "Detection": [
    "MSSP",
    "Telemetry"
  ],
  "DetectionModifiers": [
    "Delayed (Manual)"
  ],
  "DetectionText": [
    "An MSSP detection for \"Uncommonly Used Port\" was received that included a description of rcs.3aka3.doc and explained that it established a network connection to 192.168.0.5:1234.",
    "Telemetry showed the rcs.3aka.doc connected to 192.168.0.5 on TCP port 1234."
  ],
  "Procedure": "Established C2 channel (192.168.0.5) via rcs.3aka3.doc payload over TCP port 1234",
  "Step": "1.A.3",
  "TacticGroup": "Command and Control",
  "Technique": "T1065",
  "TechniqueName": "Uncommonly Used Port"
}
{
  "Detection": [
    "Technique"
  ],
  "DetectionModifiers": [
    "Alert",
    "Correlated"
  ],
  "DetectionText": [
    "A Technique alert detection (red indicator) was generated due to sdelete64.exe deleting rcs.3aka3.doc. The detection was correlated to a parent alert for User Execution of rcs.3aka3.doc\u200b."
  ],
  "Procedure": "Deleted rcs.3aka3.doc on disk using SDelete",
  "Step": "4.B.2",
  "TacticGroup": "Defense Evasion",
  "Technique": "T1107",
  "TechniqueName": "File Deletion"
}
{
  "Detection": [
    "Technique"
  ],
  "DetectionModifiers": [
    "Alert",
    "Correlated"
  ],
  "DetectionText": [
    "A Technique alert detection (red indicator) was generated due to sdelete64.exe deleting Draft.Zip. The detection was correlated to a parent alert for User Execution of rcs.3aka3.doc\u200b."
  ],
  "Procedure": "Deleted Draft.zip on disk using SDelete",
  "Step": "4.B.3",
  "TacticGroup": "Defense Evasion",
  "Technique": "T1107",
  "TechniqueName": "File Deletion"
}
{
  "Detection": [
    "Technique",
    "MSSP"
  ],
  "DetectionModifiers": [
    "Alert",
    "Correlated",
    "Delayed (Manual)"
  ],
  "DetectionText": [
    "A Technique alert detection (yellow indicator) was generated due to sdelete64.exe deleting  SysinternalsSuite.zip. The detection was correlated to a parent alert for User Execution of rcs.3aka3.doc\u200b.",
    "An MSSP detection for \"File Deletion\" was received that included a PowerShell script and explained that it was used to execute sdelete64.exe to delete SysInternalsSuite.zip."
  ],
  "Procedure": "Deleted SysinternalsSuite.zip on disk using SDelete",
  "Step": "4.B.4",
  "TacticGroup": "Defense Evasion",
  "Technique": "T1107",
  "TechniqueName": "File Deletion"
}
{
  "Detection": [
    "Technique",
    "MSSP"
  ],
  "DetectionModifiers": [
    "Alert",
    "Correlated",
    "Delayed (Manual)"
  ],
  "DetectionText": [
    "A Technique alert detection (yellow indicator) for \"File Deletion T1107\" was generated when sdelete64.exe with command-line arguments was used to delete rar.exe. The event was correlated to a parent Technique detection for Service Execution of python.exe by PSEXECSVC.exe.",
    "An MSSP detection for \"File Deletion\" was received that described the adversary using sdelete64.exe to remove evidence of exfiltration."
  ],
  "Procedure": "Deleted rar.exe on disk using SDelete",
  "Step": "9.C.1",
  "TacticGroup": "Defense Evasion",
  "Technique": "T1107",
  "TechniqueName": "File Deletion"
}
{
  "Detection": [
    "Technique",
    "MSSP"
  ],
  "DetectionModifiers": [
    "Alert",
    "Correlated",
    "Delayed (Manual)"
  ],
  "DetectionText": [
    "A Technique alert detection (yellow indicator) for \"File Deletion T1107\" was generated when sdelete64.exe with command-line arguments was used to delete Desktop\\working.zip. The event was correlated to a parent Technique detection for Service Execution of python.exe by PSEXECSVC.exe.",
    "An MSSP detection for \"File Deletion\" was received that described the adversary using sdelete64.exe to remove evidence of exfiltration, including C:\\Users\\pam\\Desktop\\working.zip."
  ],
  "Procedure": "Deleted working.zip (from Desktop) on disk using SDelete",
  "Step": "9.C.2",
  "TacticGroup": "Defense Evasion",
  "Technique": "T1107",
  "TechniqueName": "File Deletion"
}
{
  "Detection": [
    "Technique",
    "MSSP"
  ],
  "DetectionModifiers": [
    "Alert",
    "Correlated",
    "Delayed (Manual)"
  ],
  "DetectionText": [
    "A Technique alert detection (yellow indicator) for \"File Deletion T1107\" was generated when sdelete64.exe with command-line arguments was used to delete Roaming\\working.zip. The event was correlated to a parent Technique detection for Service Execution of python.exe by PSEXECSVC.exe.",
    "An MSSP detection for \"File Deletion\" was received that described the adversary using sdelete64.exe to remove evidence of exfiltration."
  ],
  "Procedure": "Deleted working.zip (from AppData directory) on disk using SDelete",
  "Step": "9.C.3",
  "TacticGroup": "Defense Evasion",
  "Technique": "T1107",
  "TechniqueName": "File Deletion"
}
{
  "Detection": [
    "None"
  ],
  "DetectionModifiers": [],
  "DetectionText": [
    "No detection capability demonstrated for this procedure."
  ],
  "Procedure": "Deleted SDelete on disk using cmd.exe del command",
  "Step": "9.C.4",
  "TacticGroup": "Defense Evasion",
  "Technique": "T1107",
  "TechniqueName": "File Deletion"
}
{
  "Detection": [
    "N/A"
  ],
  "DetectionModifiers": [],
  "DetectionText": [
    "Due to execution inconsistencies Step 19 has been omitted from the evaluation results."
  ],
  "Procedure": "Deleted Mimikatz (m.exe) on disk using SDelete",
  "Step": "19.A.1",
  "TacticGroup": "Defense Evasion",
  "Technique": "T1107",
  "TechniqueName": "File Deletion"
}
{
  "Detection": [
    "N/A"
  ],
  "DetectionModifiers": [],
  "DetectionText": [
    "Due to execution inconsistencies Step 19 has been omitted from the evaluation results."
  ],
  "Procedure": "Deleted exfiltrated data on disk using SDelete",
  "Step": "19.B.1",
  "TacticGroup": "Defense Evasion",
  "Technique": "T1107",
  "TechniqueName": "File Deletion"
}
{
  "Detection": [
    "N/A"
  ],
  "DetectionModifiers": [],
  "DetectionText": [
    "Due to execution inconsistencies Step 19 has been omitted from the evaluation results."
  ],
  "Procedure": "Deleted staged data on disk using SDelete",
  "Step": "19.C.1",
  "TacticGroup": "Defense Evasion",
  "Technique": "T1107",
  "TechniqueName": "File Deletion"
}
{
  "Detection": [
    "Technique",
    "MSSP"
  ],
  "DetectionModifiers": [
    "Alert",
    "Delayed (Manual)"
  ],
  "DetectionText": [
    "A Technique alert detection (red indicator) including \"User Execution\" was generated when explorer.exe executed rcs.3aka3.doc.",
    "An MSSP detection including \"User Execution\" was received that included a description of rcs.3aka3.doc and its execution."
  ],
  "Procedure": "User Pam executed payload rcs.3aka3.doc",
  "Step": "1.A.1",
  "TacticGroup": "Execution",
  "Technique": "T1204",
  "TechniqueName": "User Execution"
}
{
  "Detection": [
    "Technique",
    "General",
    "MSSP"
  ],
  "DetectionModifiers": [
    "Alert",
    "Alert",
    "Delayed (Manual)"
  ],
  "DetectionText": [
    "A Technique alert detection (orange indicator) for \"User Execution\" was generated when the .lnk file was executed.",
    "A General alert detection (blue indicator) was generated identifying explorer.exe executing powershell.exe as threat activity. ",
    "An MSSP detection for \"User Execution\" was received that described the user executing 37486-the-shocking-truth-about-election-rigging-in-america.rtf.lnk to launch powershell.exe."
  ],
  "Procedure": "User Oscar executed payload 37486-the-shocking-truth-about-election-rigging-in-america.rtf.lnk",
  "Step": "11.A.1",
  "TacticGroup": "Execution",
  "Technique": "T1204",
  "TechniqueName": "User Execution"
}
