{
  "Detection": [
    "Tactic",
    "General",
    "Telemetry"
  ],
  "DetectionModifiers": [
    "Alert",
    "Correlated",
    "Correlated",
    "Alert",
    "Correlated"
  ],
  "DetectionText": [
    "A Tactic alert detection (medium severity) called \"Detected Command and Control\" was generated due to PowerShell connecting to 192.168.0.5 on TCP 443. The event was correlated to a parent General detection for malicious file execution. ",
    "A General alert detection (medium severity) was generated for the first network connection for a known process. The event was correlated to a parent General detection for malicious file execution. ",
    "Telemetry showed powershell.exe connecting to 192.168.0.5 on TCP 443. The event was correlated to a parent General detection for malicious file execution. "
  ],
  "Procedure": "Established C2 channel (192.168.0.5) via PowerShell payload over TCP port 443",
  "Step": "3.B.3",
  "TacticGroup": "Command and Control",
  "Technique": "T1043",
  "TechniqueName": "Commonly Used Port"
}
{
  "Detection": [
    "Tactic",
    "Telemetry"
  ],
  "DetectionModifiers": [
    "Alert"
  ],
  "DetectionText": [
    "A Tactic alert detection (medium detection) for \"Command and Control\" with the rule name \"PowerShell Network Activity\" was generated for powershell.exe opening a network connection.",
    "Telemetry showed powershell.exe making a network connection to the C2 (192.168.0.4) over TCP port 443."
  ],
  "Procedure": "Established C2 channel (192.168.0.4) via PowerShell payload over port 443",
  "Step": "11.A.13",
  "TacticGroup": "Command and Control",
  "Technique": "T1043",
  "TechniqueName": "Commonly Used Port"
}
{
  "Detection": [
    "Telemetry"
  ],
  "DetectionModifiers": [
    "Correlated"
  ],
  "DetectionText": [
    "Telemetry showed PowerShell decompressing the ZIP via Expand-Archive. The detection was correlated to a parent alert for malicious file execution. "
  ],
  "Procedure": "Decompressed ZIP (SysinternalsSuite.zip) file using PowerShell",
  "Step": "4.A.3",
  "TacticGroup": "Defense Evasion",
  "Technique": "T1140",
  "TechniqueName": "Deobfuscate/Decode Files or Information"
}
{
  "Detection": [
    "Technique",
    "Telemetry"
  ],
  "DetectionModifiers": [
    "Alert"
  ],
  "DetectionText": [
    "A Technique alert detection (high severity) for \"ATT&CK T1140 Deobfuscate/Decode Files or Information\" was generated for certutil.exe encoding or decoding files.",
    "Telemetry showed the certutil.exe process and corresponding file write of the kxwn.lock payload."
  ],
  "Procedure": "Decoded an embedded DLL payload to disk using certutil.exe",
  "Step": "11.A.10",
  "TacticGroup": "Defense Evasion",
  "Technique": "T1140",
  "TechniqueName": "Deobfuscate/Decode Files or Information"
}
{
  "Detection": [
    "Telemetry"
  ],
  "DetectionModifiers": [
    "Correlated"
  ],
  "DetectionText": [
    "Telemetry showed PowerShell reading encoded content from the WMI class.  The detection was correlated to a parent alert for a suspicious Windows script."
  ],
  "Procedure": "Read and decoded Mimikatz output from a WMI class property using PowerShell",
  "Step": "14.B.6",
  "TacticGroup": "Defense Evasion",
  "Technique": "T1140",
  "TechniqueName": "Deobfuscate/Decode Files or Information"
}
{
  "Detection": [
    "Technique",
    "Telemetry"
  ],
  "DetectionModifiers": [
    "Correlated",
    "Configuration Change (Detections)",
    "Alert",
    "Correlated"
  ],
  "DetectionText": [
    "A Technique detection (red label) for \"Registry Preparation of UAC Bypass\" was generated due to the addition of the DelegateExecute Registry Value. The event was correlated to a parent General detection for malicious file execution. ",
    "Telemetry showed the addition of the DelegateExecute Registry Value. The event was correlated to a parent General detection for malicious file execution. "
  ],
  "Procedure": "Modified the Registry to enable COM hijacking of sdclt.exe using PowerShell",
  "Step": "3.B.1",
  "TacticGroup": "Defense Evasion",
  "Technique": "T1122",
  "TechniqueName": "Component Object Model Hijacking"
}
{
  "Detection": [
    "Telemetry"
  ],
  "DetectionModifiers": [
    "Correlated"
  ],
  "DetectionText": [
    "Telemetry showed the addition of the DelegateExecute Registry value. The event was correlated to a parent General detection for a suspicious Windows script."
  ],
  "Procedure": "Modified the Registry to enable COM hijacking of sdclt.exe using PowerShell",
  "Step": "14.A.1",
  "TacticGroup": "Defense Evasion",
  "Technique": "T1122",
  "TechniqueName": "Component Object Model Hijacking"
}
{
  "Detection": [
    "Telemetry"
  ],
  "DetectionModifiers": [
    "Correlated"
  ],
  "DetectionText": [
    "Telemetry showed powershell.exe executing $env:USERDOMAIN. The event was correlated to a parent General detection for malicious file execution. "
  ],
  "Procedure": "Enumerated the current domain name using PowerShell",
  "Step": "4.C.4",
  "TacticGroup": "Discovery",
  "Technique": "T1016",
  "TechniqueName": "System Network Configuration Discovery"
}
{
  "Detection": [
    "Tactic",
    "Telemetry"
  ],
  "DetectionModifiers": [
    "Alert"
  ],
  "DetectionText": [
    "A Tactic alert detection (medium severity) called \"Reconnaissance of Multiple WMI Classes\" was generated for powershell.exe enumerating WMI classes associated with System Information Discovery.",
    "Telemetry showed powershell.exe gwmi query for Win32_ComputerSystem."
  ],
  "Procedure": "Checked that the computer is joined to a domain using PowerShell",
  "Step": "11.A.7",
  "TacticGroup": "Discovery",
  "Technique": "T1016",
  "TechniqueName": "System Network Configuration Discovery"
}
{
  "Detection": [
    "Telemetry"
  ],
  "DetectionModifiers": [
    "Correlated"
  ],
  "DetectionText": [
    "Telemetry showed PowerShell calling the NetWkstaGetInfo API. The detection was correlated to a parent alert for a suspicious Windows script."
  ],
  "Procedure": "Enumerated the domain name using the NetWkstaGetInfo API",
  "Step": "13.B.1",
  "TacticGroup": "Discovery",
  "Technique": "T1016",
  "TechniqueName": "System Network Configuration Discovery"
}
{
  "Detection": [
    "Telemetry"
  ],
  "DetectionModifiers": [
    "Correlated"
  ],
  "DetectionText": [
    "Telemetry showed file reads of C:\\Users\\Pam\\*. The event was correlated to a parent General detection for malicious file execution. "
  ],
  "Procedure": "Recursively collected files found in C:\\Users\\Pam\\ using PowerShell",
  "Step": "2.A.3",
  "TacticGroup": "Collection",
  "Technique": "T1005",
  "TechniqueName": "Data from Local System"
}
{
  "Detection": [
    "None"
  ],
  "DetectionModifiers": [],
  "DetectionText": [
    "No detection capability demonstrated for this procedure."
  ],
  "Procedure": "Read data in the user's Downloads directory using PowerShell",
  "Step": "7.B.1",
  "TacticGroup": "Collection",
  "Technique": "T1005",
  "TechniqueName": "Data from Local System"
}
{
  "Detection": [
    "Telemetry"
  ],
  "DetectionModifiers": [
    "Correlated"
  ],
  "DetectionText": [
    "Telemetry showed file reads of C:\\Users\\Pam\\*. This event was correlated to a Technique detection for the creation of psexesvc.exe."
  ],
  "Procedure": "Recursively collected files found in C:\\Users\\Pam\\ using PowerShell",
  "Step": "9.B.4",
  "TacticGroup": "Collection",
  "Technique": "T1005",
  "TechniqueName": "Data from Local System"
}
{
  "Detection": [
    "None"
  ],
  "DetectionModifiers": [],
  "DetectionText": [
    "No detection capability demonstrated for this procedure. "
  ],
  "Procedure": "Read and collected a local file using PowerShell",
  "Step": "17.B.1",
  "TacticGroup": "Collection",
  "Technique": "T1005",
  "TechniqueName": "Data from Local System"
}
{
  "Detection": [
    "Technique",
    "Telemetry"
  ],
  "DetectionModifiers": [
    "Alert"
  ],
  "DetectionText": [
    "A Technique alert detection (medium severity) called \"User Account Creation\" was generated for the addition of the new user Toby.",
    "Telemetry showed wsmprovhost.exe spawning net.exe with the command-line arguments to add the new user Toby."
  ],
  "Procedure": "Added a new user to the remote host Scranton (10.0.1.4) using net.exe",
  "Step": "20.B.3",
  "TacticGroup": "Persistence",
  "Technique": "T1136",
  "TechniqueName": "Create Account"
}
{
  "Detection": [
    "Telemetry"
  ],
  "DetectionModifiers": [
    "Correlated"
  ],
  "DetectionText": [
    "Telemetry showed script block with registry query for installed software. The event was correlated to a parent General detection for a suspicious Windows script."
  ],
  "Procedure": "Enumerated installed software via the Registry (Wow6432 Uninstall key) using PowerShell",
  "Step": "12.C.1",
  "TacticGroup": "Discovery",
  "Technique": "T1012",
  "TechniqueName": "Query Registry"
}
{
  "Detection": [
    "Telemetry"
  ],
  "DetectionModifiers": [
    "Correlated"
  ],
  "DetectionText": [
    "Telemetry showed script block with registry query for installed software. The event was correlated to a parent General detection for a suspicious Windows script."
  ],
  "Procedure": "Enumerated installed software via the Registry (Uninstall key) using PowerShell",
  "Step": "12.C.2",
  "TacticGroup": "Discovery",
  "Technique": "T1012",
  "TechniqueName": "Query Registry"
}
{
  "Detection": [
    "Technique",
    "General",
    "Telemetry"
  ],
  "DetectionModifiers": [
    "Correlated",
    "Alert",
    "Correlated",
    "Alert",
    "Correlated"
  ],
  "DetectionText": [
    "A Technique alert detection for \"ATT&CK T1060 Registry Run Keys / Startup Folder\" was generated due to powershell.exe creating hostui.lnk. The event was correlated to a parent General detection for malicious file execution.",
    "A General alert detection (medium severity) for \"Shortcut File Written by Suspicious Process\" was generated due to powershell.exe creating hostui.lnk. The event was correlated to a parent General detection for malicious file execution.",
    "Telemetry showed powershell.exe creating the hostui.lnk file in the Startup folder. The event was correlated to a parent General detection for malicious file execution."
  ],
  "Procedure": "Created a LNK file (hostui.lnk) in the Startup folder that executes on login",
  "Step": "5.B.1",
  "TacticGroup": "Persistence",
  "Technique": "T1060",
  "TechniqueName": "Registry Run Keys / Startup Folder"
}
{
  "Detection": [
    "None"
  ],
  "DetectionModifiers": [
    "Host Interrogation",
    "Delayed (Manual)"
  ],
  "DetectionText": [
    "No detection capability demonstrated for this procedure, though execution of hostui.bat was observed."
  ],
  "Procedure": "Executed LNK payload (hostui.lnk) in Startup Folder on user login",
  "Step": "10.B.1",
  "TacticGroup": "Persistence",
  "Technique": "T1060",
  "TechniqueName": "Registry Run Keys / Startup Folder"
}
{
  "Detection": [
    "Technique",
    "Telemetry"
  ],
  "DetectionModifiers": [],
  "DetectionText": [
    "A Technique detection for \"ATT&CK T1060 Registry Run Keys / Startup Folder\" was generated for powershell.exe adding Run key persistence into the Registry",
    "Telemetry showed powershell.exe adding Run key persistence into the Registry"
  ],
  "Procedure": "Established Registry Run key persistence using PowerShell",
  "Step": "11.A.11",
  "TacticGroup": "Persistence",
  "Technique": "T1060",
  "TechniqueName": "Registry Run Keys / Startup Folder"
}
{
  "Detection": [
    "General"
  ],
  "DetectionModifiers": [
    "Alert"
  ],
  "DetectionText": [
    "A General alert detection (medium severity) for \"Credential Access via PowerShell Cmdlets\"  was generated for PowerShell executing Invoke-Mimikatz."
  ],
  "Procedure": "Created Kerberos Golden Ticket using\u00a0Invoke-Mimikatz",
  "Step": "20.B.1",
  "TacticGroup": "Lateral Movement",
  "Technique": "T1097",
  "TechniqueName": "Pass the Ticket"
}
{
  "Detection": [
    "Technique",
    "Technique",
    "Telemetry"
  ],
  "DetectionModifiers": [
    "Alert",
    "Correlated",
    "Correlated",
    "Alert",
    "Correlated"
  ],
  "DetectionText": [
    "A Technique alert detection (low severity) for \"Timestomping\" was generated for the modification of the timestamp of kxwn.lock. The event was correlated to a parent General detection for a suspicious Windows script.",
    "A Technique alert detection (medium severity) for \"ATT&CK T1099 Timestomp\" was generated for PowerShell calling the NtSetInformationFile API. The event was correlated to a parent General detection for a suspicious Windows script.",
    "Telemetry showed the modification of the timestamp of kxwn.lock, as well as the contents of the timestomp function. The event was correlated to a parent General detection for a suspicious Windows script."
  ],
  "Procedure": "Modified the time attributes of the kxwn.lock persistence payload using PowerShell",
  "Step": "12.A.2",
  "TacticGroup": "Defense Evasion",
  "Technique": "T1099",
  "TechniqueName": "Timestomp"
}
{
  "Detection": [
    "Telemetry"
  ],
  "DetectionModifiers": [
    "Correlated"
  ],
  "DetectionText": [
    "Telemetry showed powershell.exe executing Get-Process. The detection was correlated to a parent alert for malicious file execution. "
  ],
  "Procedure": "Enumerated current running processes using PowerShell",
  "Step": "4.B.1",
  "TacticGroup": "Discovery",
  "Technique": "T1057",
  "TechniqueName": "Process Discovery"
}
{
  "Detection": [
    "Telemetry"
  ],
  "DetectionModifiers": [
    "Correlated"
  ],
  "DetectionText": [
    "Telemetry showed powershell.exe executing $PID. The event was correlated to a parent General detection for malicious file execution. "
  ],
  "Procedure": "Enumerated the current process ID using PowerShell",
  "Step": "4.C.5",
  "TacticGroup": "Discovery",
  "Technique": "T1057",
  "TechniqueName": "Process Discovery"
}
{
  "Detection": [
    "Telemetry"
  ],
  "DetectionModifiers": [
    "Correlated"
  ],
  "DetectionText": [
    "Telemetry showed wsmprovhost.exe executing Get-Process. The event was correlated to a parent General detection for malicious file execution."
  ],
  "Procedure": "Enumerated processes on remote host Scranton (10.0.1.4) using PowerShell",
  "Step": "8.A.3",
  "TacticGroup": "Discovery",
  "Technique": "T1057",
  "TechniqueName": "Process Discovery"
}
{
  "Detection": [
    "Tactic",
    "Telemetry"
  ],
  "DetectionModifiers": [
    "Alert"
  ],
  "DetectionText": [
    "A Tactic alert detection (medium severity) called \"Reconnaissance of Multiple WMI Classes\" was generated for powershell.exe enumerating WMI classes associated with System Information Discovery.",
    "Telemetry showed the PowerShell gwmi query for Win32_Process."
  ],
  "Procedure": "Checked that processes such as procexp.exe, taskmgr.exe, or wireshark.exe are not running using PowerShell",
  "Step": "11.A.8",
  "TacticGroup": "Discovery",
  "Technique": "T1057",
  "TechniqueName": "Process Discovery"
}
{
  "Detection": [
    "Telemetry"
  ],
  "DetectionModifiers": [
    "Correlated"
  ],
  "DetectionText": [
    "Telemetry showed PowerShell calling the CreateToolhelp32Snapshot API. The detection was correlated to a parent alert for a suspicious Windows script."
  ],
  "Procedure": "Enumerated running processes using the CreateToolhelp32Snapshot API",
  "Step": "13.D.1",
  "TacticGroup": "Discovery",
  "Technique": "T1057",
  "TechniqueName": "Process Discovery"
}
{
  "Detection": [
    "Technique",
    "Telemetry"
  ],
  "DetectionModifiers": [
    "Correlated",
    "Alert",
    "Correlated"
  ],
  "DetectionText": [
    "A Technique alert detection (medium severity) for \"Process Discovery via WMI\" was generated for PowerShell executing Get-Process. The detection was correlated to a parent alert for a suspicious Windows script.",
    "Telemetry showed PowerShell executing Get-Process. The detection was correlated to a parent alert for a suspicious Windows script."
  ],
  "Procedure": "Enumerated and tracked PowerShell processes using PowerShell",
  "Step": "14.B.2",
  "TacticGroup": "Discovery",
  "Technique": "T1057",
  "TechniqueName": "Process Discovery"
}
{
  "Detection": [
    "Telemetry"
  ],
  "DetectionModifiers": [
    "Correlated"
  ],
  "DetectionText": [
    "Telemetry showed powershell.exe executing $env:USERNAME. The event was correlated to a parent General detection for malicious file execution. "
  ],
  "Procedure": "Enumerated the current username using PowerShell",
  "Step": "4.C.2",
  "TacticGroup": "Discovery",
  "Technique": "T1033",
  "TechniqueName": "System Owner/User Discovery"
}
{
  "Detection": [
    "Tactic",
    "Telemetry"
  ],
  "DetectionModifiers": [
    "Alert"
  ],
  "DetectionText": [
    "A Tactic alert detection (medium severity) called \"Reconnaissance of Multiple WMI Classes\" was generated for powershell.exe enumerating WMI classes associated with System Information Discovery.",
    "Telemetry showed the PowerShell gwmi query for Win32_ComputerSystem."
  ],
  "Procedure": "Checked that the username is not related to admin or a generic value (ex: user) using PowerShell",
  "Step": "11.A.6",
  "TacticGroup": "Discovery",
  "Technique": "T1033",
  "TechniqueName": "System Owner/User Discovery"
}
{
  "Detection": [
    "Telemetry"
  ],
  "DetectionModifiers": [
    "Correlated"
  ],
  "DetectionText": [
    "Telemetry showed PowerShell executing the GetUserNameEx API. The event was correlated to a parent General detection for a suspicious Windows script."
  ],
  "Procedure": "Enumerated the current username using the GetUserNameEx API",
  "Step": "13.C.1",
  "TacticGroup": "Discovery",
  "Technique": "T1033",
  "TechniqueName": "System Owner/User Discovery"
}
{
  "Detection": [
    "Telemetry"
  ],
  "DetectionModifiers": [
    "Correlated"
  ],
  "DetectionText": [
    "Telemetry showed PowerShell script block executing $env:UserName. The event was correlated to a parent General detection for a suspicious Windows script."
  ],
  "Procedure": "Enumerated logged on users using PowerShell",
  "Step": "15.A.1",
  "TacticGroup": "Discovery",
  "Technique": "T1033",
  "TechniqueName": "System Owner/User Discovery"
}
{
  "Detection": [
    "Telemetry"
  ],
  "DetectionModifiers": [
    "Correlated"
  ],
  "DetectionText": [
    "Telemetry showed PowerShell executing the ConvertSidToStringSid API function. The detection was correlated to a parent alert for a suspicious Windows script."
  ],
  "Procedure": "Enumerated the domain SID (from current user SID) using\u00a0the ConvertSidToStringSid API",
  "Step": "16.B.1",
  "TacticGroup": "Discovery",
  "Technique": "T1033",
  "TechniqueName": "System Owner/User Discovery"
}
{
  "Detection": [
    "Telemetry"
  ],
  "DetectionModifiers": [
    "Configuration Change (Detections)"
  ],
  "DetectionText": [
    "Telemetry showed file read event for Draft.zip and an existing C2 channel (192.168.0.5 over port TCP 1234)."
  ],
  "Procedure": "Read and downloaded ZIP (Draft.zip) over C2 channel (192.168.0.5 over TCP port 1234)",
  "Step": "2.B.1",
  "TacticGroup": "Exfiltration",
  "Technique": "T1041",
  "TechniqueName": "Exfiltration Over Command and Control Channel"
}
{
  "Detection": [
    "Telemetry"
  ],
  "DetectionModifiers": [
    "Configuration Change (Detections)",
    "Correlated"
  ],
  "DetectionText": [
    "Telemetry showed file read event for working.zip and an existing C2 channel (192.168.0.4 over TCP port 8443).  This event was correlated to a General detection for the execution of a malicious file (python.exe)."
  ],
  "Procedure": "Read and downloaded ZIP (working.zip on Desktop) over C2 channel (192.168.0.5 over TCP port 8443)",
  "Step": "9.B.8",
  "TacticGroup": "Exfiltration",
  "Technique": "T1041",
  "TechniqueName": "Exfiltration Over Command and Control Channel"
}
{
  "Detection": [
    "Telemetry"
  ],
  "DetectionModifiers": [
    "Correlated"
  ],
  "DetectionText": [
    "Telemetry showed hostui.exe manipulating powershell.exe token via CreateProcessWithTokenW and that the authentication ID was that of explorer.exe. This event was correlated to a General detection for the execution of a malicious file. "
  ],
  "Procedure": "Manipulated the token of the PowerShell payload via the CreateProcessWithToken API",
  "Step": "10.B.3",
  "TacticGroup": "Defense Evasion",
  "Technique": "T1134",
  "TechniqueName": "Access Token Manipulation"
}
{
  "Detection": [
    "Telemetry"
  ],
  "DetectionModifiers": [
    "Correlated"
  ],
  "DetectionText": [
    "Telemetry showed powershell.exe executing Invoke-NetUserGetGroups. The event was correlated to a parent General detection for malicious file execution."
  ],
  "Procedure": "Enumerated user's domain group membership via the NetUserGetGroups API",
  "Step": "4.C.9",
  "TacticGroup": "Discovery",
  "Technique": "T1069",
  "TechniqueName": "Permission Groups Discovery"
}
{
  "Detection": [
    "Telemetry"
  ],
  "DetectionModifiers": [
    "Correlated"
  ],
  "DetectionText": [
    "Telemetry showed powershell.exe executing Invoke-NetUserGetLocalGroups. The event was correlated to a parent General detection for malicious file execution."
  ],
  "Procedure": "Enumerated user's local group membership via\u00a0the NetUserGetLocalGroups API",
  "Step": "4.C.11",
  "TacticGroup": "Discovery",
  "Technique": "T1069",
  "TechniqueName": "Permission Groups Discovery"
}
{
  "Detection": [
    "Technique",
    "Telemetry"
  ],
  "DetectionModifiers": [
    "Correlated",
    "Alert",
    "Correlated"
  ],
  "DetectionText": [
    "A Technique alert detection (orange indicator; medium severity) for \"WMI Lateral Movement via PowerShell over WinRM\" was generated for the user Pam invoking a WMI PowerShell cmdlet. The event was correlated to a parent General detection for malicious file execution.",
    "Telemetry showed network connection to remote host Scranton (10.0.1.4) over port TCP 5985. The event was correlated to a parent General detection for malicious file execution."
  ],
  "Procedure": "Established WinRM connection to remote host Scranton (10.0.1.4)",
  "Step": "8.A.2",
  "TacticGroup": "Execution",
  "Technique": "T1028",
  "TechniqueName": "Windows Remote Management"
}
{
  "Detection": [
    "Technique",
    "General",
    "Telemetry"
  ],
  "DetectionModifiers": [
    "Alert",
    "Correlated",
    "Alert",
    "Correlated"
  ],
  "DetectionText": [
    "A Technique alert detection (medium severity) for \"WMI Lateral Movement via PowerShell over WinRM\" was generated for WMI invoked on another host via a PowerShell WMI cmdlet. The detection was correlated to a parent alert for a suspicious Windows script.",
    "A General alert detection (medium severity) for \"First Seen Process in an Environment\" was generated for the execution of the WinRM process (wsmprovhost.exe).",
    "Telemetry showed powershell.exe making a network connection to remote host NewYork (10.0.0.4) over port 5985. The detection was correlated to a parent alert for a suspicious Windows script.\t\n"
  ],
  "Procedure": "Established a WinRM connection to the domain controller host NewYork (10.0.0.4) ",
  "Step": "16.C.1",
  "TacticGroup": "Execution",
  "Technique": "T1028",
  "TechniqueName": "Windows Remote Management"
}
{
  "Detection": [
    "Technique",
    "Telemetry"
  ],
  "DetectionModifiers": [
    "Alert"
  ],
  "DetectionText": [
    "A Technique alert detection (medium severity) for \"WMI Lateral Movement via PowerShell over WinRM\" was generated for PowerShell executing on a remote host over WinRM. ",
    "Telemetry showed PowerShell with an open network connection to the remote host Scranton (10.0.1.4) over port 5985. "
  ],
  "Procedure": "Established a WinRM connection to the remote host Scranton (10.0.1.4) using the Golden Ticket as credentials",
  "Step": "20.B.2",
  "TacticGroup": "Execution",
  "Technique": "T1028",
  "TechniqueName": "Windows Remote Management"
}
{
  "Detection": [
    "Technique",
    "Telemetry"
  ],
  "DetectionModifiers": [
    "Correlated",
    "Alert",
    "Correlated"
  ],
  "DetectionText": [
    "A Technique alert detection for \"ATT&CK T1056 Input Capture\" (low severity) was generated for powershell.exe calling the NtUserGetAsyncKeyState API. The event was correlated to a parent General detection for malicious file execution.",
    "Telemetry showed powershell.exe calling the NtUserGetAsyncKeyState. API. The event was correlated to a parent General detection for malicious file execution. "
  ],
  "Procedure": "Captured user keystrokes using the GetAsyncKeyState API",
  "Step": "7.A.3",
  "TacticGroup": "Collection",
  "Technique": "T1056",
  "TechniqueName": "Input Capture"
}
{
  "Detection": [
    "Technique",
    "Telemetry"
  ],
  "DetectionModifiers": [
    "Correlated",
    "Alert",
    "Correlated"
  ],
  "DetectionText": [
    "A Technique alert detection (low severity) for \"ATT&CK T1115 Clipboard Data\" was generated for powershell.exe calling the NtUserGetClipboardData API. The event was correlated to a parent General detection for malicious file execution.",
    "Telemetry showed powershell.exe calling the NtUserGetClipboardData API. The detection was correlated to a parent alert for malicious file execution."
  ],
  "Procedure": "Captured clipboard contents using PowerShell",
  "Step": "7.A.2",
  "TacticGroup": "Collection",
  "Technique": "T1115",
  "TechniqueName": "Clipboard Data"
}
{
  "Detection": [
    "Telemetry"
  ],
  "DetectionModifiers": [
    "Correlated"
  ],
  "DetectionText": [
    "Telemetry showed powershell.exe establishing a connection to NewYork (10.0.0.4) over TCP port 389.  The detection was correlated to a parent alert for malicious file execution."
  ],
  "Procedure": "Enumerated remote systems using LDAP queries",
  "Step": "8.A.1",
  "TacticGroup": "Discovery",
  "Technique": "T1018",
  "TechniqueName": "Remote System Discovery"
}
{
  "Detection": [
    "Telemetry"
  ],
  "DetectionModifiers": [
    "Correlated"
  ],
  "DetectionText": [
    "Telemetry showed PowerShell executing the Get-NetDomainController cmdlet then subsequently making a network connection to the domain controller NewYork (10.0.0.4) over TCP port 389. The detection was correlated to a parent alert for a suspicious Windows script."
  ],
  "Procedure": "Enumerated the domain controller host NewYork (10.0.0.4) using LDAP queries",
  "Step": "16.A.1",
  "TacticGroup": "Discovery",
  "Technique": "T1018",
  "TechniqueName": "Remote System Discovery"
}
{
  "Detection": [
    "General",
    "Telemetry"
  ],
  "DetectionModifiers": [
    "Alert",
    "Correlated",
    "Correlated"
  ],
  "DetectionText": [
    "A General alert detection (medium severity) for \"Accessing Windows Network Shares\" was generated for net.exe with command-line arguments. The detection was correlated to a parent alert for a suspicious Windows script.",
    "Telemetry showed net.exe with command-line arguments to connect to a OneDrive URL as well as net.exe subsequently making a network connection to public IPs over port 443. The detection was correlated to a parent alert for a suspicious Windows script."
  ],
  "Procedure": "Mapped a network drive to an online OneDrive account using PowerShell",
  "Step": "18.A.1",
  "TacticGroup": "Defense Evasion",
  "Technique": "T1102",
  "TechniqueName": "Web Service"
}
{
  "Detection": [
    "Telemetry"
  ],
  "DetectionModifiers": [
    "Correlated"
  ],
  "DetectionText": [
    "Telemetry showed PoweShell Copy-Item to a remote adversary WebDav network share (192.168.0.4). The event was correlated to a parent General detection for malicious file execution."
  ],
  "Procedure": "Exfiltrated collection (OfficeSupplies.7z) to WebDAV network share using PowerShell",
  "Step": "7.B.4",
  "TacticGroup": "Exfiltration",
  "Technique": "T1048",
  "TechniqueName": "Exfiltration Over Alternative Protocol"
}
{
  "Detection": [
    "Telemetry"
  ],
  "DetectionModifiers": [
    "Correlated"
  ],
  "DetectionText": [
    "Telemetry showed PowerShell executing Copy-Item to exfiltrate data to a previously mapped OneDrive account. The detection was correlated to a parent alert for a suspicious Windows script."
  ],
  "Procedure": "Exfiltrated staged collection to an online OneDrive account using PowerShell",
  "Step": "18.A.2",
  "TacticGroup": "Exfiltration",
  "Technique": "T1048",
  "TechniqueName": "Exfiltration Over Alternative Protocol"
}
{
  "Detection": [
    "Technique",
    "Telemetry"
  ],
  "DetectionModifiers": [
    "Configuration Change (Detections)",
    "Alert"
  ],
  "DetectionText": [
    "A Technique alert detection (low severity) for \"Process with Left-to-Right Encoding Character \" was generated for rcs.3aka3.doc execution.",
    "Telemetry showed the file type .doc was an executable, and that the filename included the unicode character for RTLO."
  ],
  "Procedure": "Used unicode right-to-left override (RTLO) character to obfuscate file name rcs.3aka3.doc (originally cod.3aka.scr)",
  "Step": "1.A.2",
  "TacticGroup": "Defense Evasion",
  "Technique": "T1036",
  "TechniqueName": "Masquerading"
}
{
  "Detection": [
    "General",
    "Telemetry"
  ],
  "DetectionModifiers": [
    "Correlated",
    "Alert",
    "Correlated"
  ],
  "DetectionText": [
    "A General alert detection (high severity; red indicator) for \"Malicious File\" was generated for accesschk.exe execution. The event was correlated to a parent General detection for malicious file execution.",
    "Telemetry showed accesschk.exe is not a signed Microsoft binary with hash values provided. This can be used to verify it is not the legitimate Sysinternals tool. The event was correlated to a parent General detection for malicious file execution."
  ],
  "Procedure": "Masqueraded a Chrome password dump tool as accesscheck.exe, a legitimate Sysinternals tool",
  "Step": "6.A.3",
  "TacticGroup": "Defense Evasion",
  "Technique": "T1036",
  "TechniqueName": "Masquerading"
}
{
  "Detection": [
    "Telemetry"
  ],
  "DetectionModifiers": [
    "Correlated"
  ],
  "DetectionText": [
    "Telemetry showed powershell.exe executing $env:COMPUTERNAME. The event was correlated to a parent General detection for malicious file execution. "
  ],
  "Procedure": "Enumerated the computer hostname using PowerShell",
  "Step": "4.C.3",
  "TacticGroup": "Discovery",
  "Technique": "T1082",
  "TechniqueName": "System Information Discovery"
}
{
  "Detection": [
    "Technique",
    "Telemetry"
  ],
  "DetectionModifiers": [
    "Correlated",
    "Alert",
    "Correlated"
  ],
  "DetectionText": [
    "A Technique detection called \"Reconnaissance of Multiple WMI Classes\" was generated due to multiple WMI classes being executed in quick succession. The event was correlated to a parent General detection for malicious file execution. The detection was a medium severity alert.",
    "Telemetry showed powershell.exe executing $Gwmi Win32_OperatingSystem. The event was correlated to a parent General detection for malicious file execution. "
  ],
  "Procedure": "Enumerated the OS version using PowerShell",
  "Step": "4.C.6",
  "TacticGroup": "Discovery",
  "Technique": "T1082",
  "TechniqueName": "System Information Discovery"
}
{
  "Detection": [
    "Technique",
    "Tactic",
    "Telemetry"
  ],
  "DetectionModifiers": [
    "Alert"
  ],
  "DetectionText": [
    "A Technique detection for \"ATT&CK T1082 System Info Discovery\" was generated for powershell.exe querying Win32_ComputerSystem and Win32_BIOS.",
    "A Tactic alert detection (medium severity) called \"Reconnaissance of Multiple WMI Classes\"  was generated for powershell.exe enumerating WMI classes associated with System Information Discovery.",
    "Telemetry showed the PowerShell gwmi queries for Win32_BIOS and Win32_ComputerSystem."
  ],
  "Procedure": "Enumerated computer manufacturer, model, and version information using PowerShell",
  "Step": "11.A.4",
  "TacticGroup": "Discovery",
  "Technique": "T1082",
  "TechniqueName": "System Information Discovery"
}
{
  "Detection": [
    "Telemetry"
  ],
  "DetectionModifiers": [
    "Correlated"
  ],
  "DetectionText": [
    "Telemetry showed PowerShell calling the GetComputerNameEx API. The detection was correlated to a parent alert for a suspicious Windows script."
  ],
  "Procedure": "Enumerated the computer name using the GetComputerNameEx API",
  "Step": "13.A.1",
  "TacticGroup": "Discovery",
  "Technique": "T1082",
  "TechniqueName": "System Information Discovery"
}
{
  "Detection": [
    "Telemetry"
  ],
  "DetectionModifiers": [
    "Correlated"
  ],
  "DetectionText": [
    "Telemetry showed Powershell.exe executing Compress-7Zip ... -password \"lolol\". The event was correlated to a parent General detection for malicious file execution.\t"
  ],
  "Procedure": "Encrypted data from the user's Downloads directory using PowerShell",
  "Step": "7.B.3",
  "TacticGroup": "Exfiltration",
  "Technique": "T1022",
  "TechniqueName": "Data Encrypted"
}
{
  "Detection": [
    "Technique",
    "Telemetry"
  ],
  "DetectionModifiers": [
    "Correlated",
    "Alert",
    "Correlated"
  ],
  "DetectionText": [
    "A Technique alert detection (yellow indicator; medium severity) for \"Encrypting Files with WinRar\" \"T1022 Data Encrypted\" was generated when rar.exe used \"-hp\" command-line arguments. This event was correlated to a Technique detection for the creation of psexesvc.exe.",
    "Telemetry showed powershell.exe executing rar.exe with command-line arguments. This event was correlated to a Technique detection for the creation of psexesvc.exe."
  ],
  "Procedure": "Encrypted staged ZIP (working.zip in AppData directory) into working.zip (on Desktop) using rar.exe",
  "Step": "9.B.6",
  "TacticGroup": "Exfiltration",
  "Technique": "T1022",
  "TechniqueName": "Data Encrypted"
}
{
  "Detection": [
    "Technique",
    "Telemetry"
  ],
  "DetectionModifiers": [
    "Correlated",
    "Correlated"
  ],
  "DetectionText": [
    "A Technique detection called \"ATT&CK T1086 PowerShell\" was generated for the execution of PowerShell. The event was correlated to a parent alert for malicious file execution. ",
    "Telemetry showed cmd.exe executing powershell.exe. The telemetry was correlated to a parent alert for malicious file execution. "
  ],
  "Procedure": "Spawned interactive powershell.exe",
  "Step": "1.B.2",
  "TacticGroup": "Execution",
  "Technique": "T1086",
  "TechniqueName": "PowerShell"
}
{
  "Detection": [
    "Technique",
    "Telemetry"
  ],
  "DetectionModifiers": [
    "Correlated",
    "Alert",
    "Correlated"
  ],
  "DetectionText": [
    "A Technique alert detection (high severity) for \"ATT&CK T1086 Powershell\" was generated when powershell.exe spawned. The detection was correlated to a parent alert for malicious file execution. ",
    "Telemetry showed a new powershell.exe spawning from powershell.exe. The detection was correlated to a parent alert for malicious file execution. "
  ],
  "Procedure": "Spawned interactive powershell.exe",
  "Step": "4.A.2",
  "TacticGroup": "Execution",
  "Technique": "T1086",
  "TechniqueName": "PowerShell"
}
{
  "Detection": [
    "Technique",
    "Telemetry"
  ],
  "DetectionModifiers": [
    "Correlated",
    "Alert"
  ],
  "DetectionText": [
    "A Technique alert detection (medium severity) for \"T1086 PowerShell\" was generated due to powershell.exe executing. This event was correlated to a Technique detection for the creation of psexesvc.exe.",
    "Telemetery showed python.exe executing powershell.exe."
  ],
  "Procedure": "Spawned interactive powershell.exe",
  "Step": "9.B.1",
  "TacticGroup": "Execution",
  "Technique": "T1086",
  "TechniqueName": "PowerShell"
}
{
  "Detection": [
    "Technique",
    "Technique",
    "Technique",
    "Telemetry"
  ],
  "DetectionModifiers": [
    "Alert",
    "Alert"
  ],
  "DetectionText": [
    "A Technique alert detection (medium severity) was generated for powershell.exe executed with unusual arguments.",
    "A Technique alert detection (medium severity) was generated for powershell.exe executing an obfuscated command.",
    "A Technique detection  for \"ATT&CK T1086 PowerShell\" was generated for powershell.exe spawned from a PowerShell stager.",
    "Telemetry showed powershell.exe spawned from a PowerShell stager."
  ],
  "Procedure": "Executed PowerShell stager payload",
  "Step": "11.A.12",
  "TacticGroup": "Execution",
  "Technique": "T1086",
  "TechniqueName": "PowerShell"
}
{
  "Detection": [
    "Technique",
    "Technique",
    "Telemetry"
  ],
  "DetectionModifiers": [
    "Alert"
  ],
  "DetectionText": [
    "A Technique alert detection (orange, medium severity) for \"PowerShell with Unusual Arguments\" was generated for the execution of PowerShell.",
    "A Technique detection for \"ATT&CK T1085 PowerShell\" was generated due to the execution of PowerShell.",
    "Telemetry showed powershell.exe spawned from WMI event subscription (wmiprvse.exe) as SYSTEM. "
  ],
  "Procedure": "Executed PowerShell payload from WMI event subscription persistence",
  "Step": "20.A.3",
  "TacticGroup": "Execution",
  "Technique": "T1086",
  "TechniqueName": "PowerShell"
}
{
  "Detection": [
    "Technique",
    "Telemetry"
  ],
  "DetectionModifiers": [
    "Correlated",
    "Configuration Change (Detections)",
    "Configuration Change (Detections)",
    "Correlated"
  ],
  "DetectionText": [
    "A Technique detection for \"ATT&CK 1081 Credentials in Files\" was generated for accesschk.exe reading the Chrome database file for credentials . The event was correlated to a parent General detection for malicious file execution.",
    "Telemetry showed accesschk.exe reading the Chrome database file for credentials. The event was correlated to a parent General detection for malicious file execution."
  ],
  "Procedure": "Read the Chrome SQL database file to extract encrypted credentials",
  "Step": "6.A.1",
  "TacticGroup": "Credential Access",
  "Technique": "T1081",
  "TechniqueName": "Credentials in Files"
}
{
  "Detection": [
    "Technique",
    "Telemetry"
  ],
  "DetectionModifiers": [
    "Correlated",
    "Alert",
    "Correlated"
  ],
  "DetectionText": [
    "A Technique alert detection for \"ATT&CK T1145 Private Keys\" was generated for powershell.exe creating the $RandomFileName.pfx file. The event was correlated to a parent General detection for malicious file execution.\t",
    "Telemetry showed powershell.exe creating the $RandomFileName.pfx file. The event was correlated to a parent General detection for malicious file execution."
  ],
  "Procedure": "Exported a local certificate to a PFX file using PowerShell",
  "Step": "6.B.1",
  "TacticGroup": "Credential Access",
  "Technique": "T1145",
  "TechniqueName": "Private Keys"
}
{
  "Detection": [
    "Technique",
    "Technique",
    "Telemetry"
  ],
  "DetectionModifiers": [
    "Correlated",
    "Alert",
    "Correlated",
    "Alert",
    "Correlated"
  ],
  "DetectionText": [
    "A Technique alert detection (high severity) for \"ATT&CK T1035 Service Execution\" for PsExec64.exe calling the CreateServiceW API. The detection was correlated to a parent alert for malicious file execution.\t",
    "A Technique alert detection (low severity) for \"Service Creation/Modification\" was generated due to PsExec64.exe creating the psexesvc.exe service.",
    "Telemetry showed PSEXESVC.exe executing python.exe. The detection was correlated to a parent alert for the \"First Seen Process in an Environment\". "
  ],
  "Procedure": "Executed python.exe using PSExec",
  "Step": "8.C.3",
  "TacticGroup": "Execution",
  "Technique": "T1035",
  "TechniqueName": "Service Execution"
}
{
  "Detection": [
    "None"
  ],
  "DetectionModifiers": [],
  "DetectionText": [
    "No detection capability demonstrated for this procedure."
  ],
  "Procedure": "Executed persistent service (javamtsup) on system startup",
  "Step": "10.A.1",
  "TacticGroup": "Execution",
  "Technique": "T1035",
  "TechniqueName": "Service Execution"
}
{
  "Detection": [
    "Telemetry"
  ],
  "DetectionModifiers": [
    "Correlated"
  ],
  "DetectionText": [
    "Telemetry showed PowerShell extracting and executing the code embedded within monkey.png. The event was correlated to a parent General detection for malicious file execution. "
  ],
  "Procedure": "Embedded PowerShell payload in monkey.png using steganography",
  "Step": "3.A.2",
  "TacticGroup": "Defense Evasion",
  "Technique": "T1027",
  "TechniqueName": "Obfuscated Files or Information"
}
{
  "Detection": [
    "Technique",
    "Telemetry"
  ],
  "DetectionModifiers": [
    "Configuration Change (Detections)",
    "Correlated",
    "Correlated"
  ],
  "DetectionText": [
    "A Technique detection for \"ATT&CK T1027 Obfuscated Files or Information\" was generated for PowerShell executing Set-WmiInstance. The detection was correlated to a parent alert for a suspicious Windows script.",
    "Telemetry showed PowerShell writing encoded content into the WMI class. The detection was correlated to a parent alert for a suspicious Windows script."
  ],
  "Procedure": "Encoded and wrote Mimikatz output to a WMI class property using PowerShell",
  "Step": "14.B.5",
  "TacticGroup": "Defense Evasion",
  "Technique": "T1027",
  "TechniqueName": "Obfuscated Files or Information"
}
{
  "Detection": [
    "Telemetry"
  ],
  "DetectionModifiers": [
    "Correlated"
  ],
  "DetectionText": [
    "Telemetry showed PowerShell appending the GIF file header to the compressed file. The detection was correlated to a parent alert for a suspicious Windows script."
  ],
  "Procedure": "Prepended the GIF file header to a compressed staging file using PowerShell",
  "Step": "17.C.2",
  "TacticGroup": "Defense Evasion",
  "Technique": "T1027",
  "TechniqueName": "Obfuscated Files or Information"
}
{
  "Detection": [
    "Technique",
    "Technique",
    "Telemetry"
  ],
  "DetectionModifiers": [
    "Correlated",
    "Alert",
    "Correlated",
    "Correlated"
  ],
  "DetectionText": [
    "A Technique alert detection (medium severity) for \"Windows Management Instrumentation Consumer Binding\" was generated due to the modification a WMI filter. The event was correlated to a parent General detection for a suspicious Windows script.",
    "A Technique detection for \"ATT&CK T1084 Windows Management Instrumentation Event Subscription\" was generated due to a PowerShell script containing WindowsParentalControlMigration. The event was correlated to a parent General detection for a suspicious Windows script.",
    "Telemetry showed a PowerShell script containing WindowsParentalControlMigration. The event was correlated to a parent General detection for a suspicious Windows script."
  ],
  "Procedure": "Established WMI event subscription persistence using PowerShell",
  "Step": "15.A.2",
  "TacticGroup": "Persistence",
  "Technique": "T1084",
  "TechniqueName": "Windows Management Instrumentation Event Subscription"
}
{
  "Detection": [
    "Technique",
    "Telemetry"
  ],
  "DetectionModifiers": [],
  "DetectionText": [
    "A Technique detection for \"ATT&CK T1047 Windows Management Instrumentation\" was generated for PowerShell being executed via WMI. ",
    "Telemetry showed wmiprvse.exe executing powershell.exe."
  ],
  "Procedure": "Executed WMI persistence on user login",
  "Step": "20.A.2",
  "TacticGroup": "Persistence",
  "Technique": "T1084",
  "TechniqueName": "Windows Management Instrumentation Event Subscription"
}
{
  "Detection": [
    "Technique",
    "Telemetry"
  ],
  "DetectionModifiers": [
    "Alert"
  ],
  "DetectionText": [
    "A Technique alert detection (low severity) for \"Suspicious Read from Alternate Data Streams (ADS)\" was generated for powershell.exe accessing an NTFS ADS.",
    "Telemetry showed powershell.exe executing the schemas ADS with Get-Content and IEX."
  ],
  "Procedure": "Executed an alternate data stream (ADS) using PowerShell",
  "Step": "11.A.2",
  "TacticGroup": "Defense Evasion",
  "Technique": "T1096",
  "TechniqueName": "NTFS File Attributes"
}
{
  "Detection": [
    "None"
  ],
  "DetectionModifiers": [],
  "DetectionText": [
    "No detection capability demonstrated for this procedure."
  ],
  "Procedure": "Used HTTPS to transport\u00a0C2 (192.168.0.5) traffic",
  "Step": "3.B.4",
  "TacticGroup": "Command and Control",
  "Technique": "T1071",
  "TechniqueName": "Standard Application Layer Protocol"
}
{
  "Detection": [
    "None"
  ],
  "DetectionModifiers": [],
  "DetectionText": [
    "No detection capability demonstrated for this procedure."
  ],
  "Procedure": "Used HTTPS to transport\u00a0C2 (192.168.0.4) traffic",
  "Step": "11.A.14",
  "TacticGroup": "Command and Control",
  "Technique": "T1071",
  "TechniqueName": "Standard Application Layer Protocol"
}
{
  "Detection": [
    "Tactic",
    "Telemetry"
  ],
  "DetectionModifiers": [
    "Alert"
  ],
  "DetectionText": [
    "A Tactic alert detection (medium severity) called \"Reconnaissance of Multiple WMI Classes\" was generated for powershell.exe enumerating WMI classes associated with System Information Discovery.",
    "Telemetry showed the PowerShell gwmi query for Win32_BIOS."
  ],
  "Procedure": "Checked that the BIOS version and serial number are not associated with VirtualBox or VMware using PowerShell",
  "Step": "11.A.3",
  "TacticGroup": "Discovery",
  "Technique": "T1497",
  "TechniqueName": "Virtualization/Sandbox Evasion"
}
{
  "Detection": [
    "Technique",
    "Telemetry"
  ],
  "DetectionModifiers": [
    "Correlated",
    "Correlated"
  ],
  "DetectionText": [
    "A Technique detection for \"Data Compressed\" was generated for powershell.exe compressing via Compress-Archive. The event was correlated to a parent General detection for malicious file execution. ",
    "Telemetry showed powershell.exe compressing via Compress-Archive. The event was correlated to a parent General detection for malicious file execution. "
  ],
  "Procedure": "Compressed and stored files into ZIP (Draft.zip) using PowerShell",
  "Step": "2.A.4",
  "TacticGroup": "Exfiltration",
  "Technique": "T1002",
  "TechniqueName": "Data Compressed"
}
{
  "Detection": [
    "Telemetry"
  ],
  "DetectionModifiers": [
    "Correlated"
  ],
  "DetectionText": [
    "Telemetry showed the file create event for OfficeSupplies.7z. The detection was correlated to a parent alert for malicious file execution.\t"
  ],
  "Procedure": "Compressed\u00a0data from the user's Downloads directory into a ZIP file (OfficeSupplies.7z) using PowerShell",
  "Step": "7.B.2",
  "TacticGroup": "Exfiltration",
  "Technique": "T1002",
  "TechniqueName": "Data Compressed"
}
{
  "Detection": [
    "Technique",
    "Telemetry"
  ],
  "DetectionModifiers": [
    "Correlated",
    "Alert",
    "Correlated"
  ],
  "DetectionText": [
    "A Technique alert detection (medium severity) for \"T1002 Data Compressed\" was generated when rar.exe used \"-hp\" command-line arguments. This event was correlated to a General detection for the execution of a malicious file (python.exe).",
    "Telemetry showed powershell.exe executing rar.exe with command-line arguments. This event was correlated to a General detection for the execution of a malicious file (python.exe)."
  ],
  "Procedure": "Compressed staged ZIP (working.zip in AppData directory) into working.zip (on Desktop) using rar.exe",
  "Step": "9.B.7",
  "TacticGroup": "Exfiltration",
  "Technique": "T1002",
  "TechniqueName": "Data Compressed"
}
{
  "Detection": [
    "Telemetry"
  ],
  "DetectionModifiers": [
    "Correlated"
  ],
  "DetectionText": [
    "Telemetry showed PowerShell compressing collection via the ZipFile.CreateFromDirectory .NET method. The detection was correlated to a parent alert for a suspicious Windows script."
  ],
  "Procedure": "Compressed a staging directory using PowerShell",
  "Step": "17.C.1",
  "TacticGroup": "Exfiltration",
  "Technique": "T1002",
  "TechniqueName": "Data Compressed"
}
{
  "Detection": [
    "None"
  ],
  "DetectionModifiers": [],
  "DetectionText": [
    "No detection capability demonstrated for this procedure."
  ],
  "Procedure": "Executed the CryptUnprotectedData API call to decrypt Chrome passwords",
  "Step": "6.A.2",
  "TacticGroup": "Credential Access",
  "Technique": "T1003",
  "TechniqueName": "Credential Dumping"
}
{
  "Detection": [
    "Technique",
    "Technique",
    "Telemetry"
  ],
  "DetectionModifiers": [
    "Correlated",
    "Alert",
    "Configuration Change (Detections)",
    "Alert",
    "Configuration Change (Detections)"
  ],
  "DetectionText": [
    "A Technique alert detection (high severity) for \"Credential Dumping\" was generated for lsass.exe memory access. The event was correlated to a parent General detection for malicious file execution. ",
    "A Technique alert detection (low severity) for \"Credential Access: SAM Registry Reads\" was generated for lsass.exe reading the SAM database through the registry.",
    "Telemetry showed lsass.exe accessing the NtOpenKey API. The event was correlated to a parent General detection for malicious file execution."
  ],
  "Procedure": "Dumped password hashes from the Windows Registry by injecting a malicious DLL into Lsass.exe",
  "Step": "6.C.1",
  "TacticGroup": "Credential Access",
  "Technique": "T1003",
  "TechniqueName": "Credential Dumping"
}
{
  "Detection": [
    "Technique"
  ],
  "DetectionModifiers": [
    "Alert",
    "Correlated"
  ],
  "DetectionText": [
    "A Technique alert detection (high severity) for \"Credential Dumping\" was generated for the execution of m.exe executing with command-line arguments indicative of Mimikatz credential dumping. The detection was correlated to a parent alert for a suspicious Windows script."
  ],
  "Procedure": "Dumped plaintext credentials using Mimikatz (m.exe)",
  "Step": "14.B.4",
  "TacticGroup": "Credential Access",
  "Technique": "T1003",
  "TechniqueName": "Credential Dumping"
}
{
  "Detection": [
    "Technique",
    "Technique"
  ],
  "DetectionModifiers": [
    "Correlated",
    "Alert",
    "Correlated",
    "Alert"
  ],
  "DetectionText": [
    "A Technique alert detection for \"Process Injection\" was generated for the injection into lsass.exe. The detection was correlated to a parent alert for the \"First Seen Process in an Environment\".",
    "A Technique alert detection (high severity) for \"Credential Dumping\" was generated for m.exe with command-line arguments indicative of Mimikatz credential dumping. The detection was correlated to a parent alert for the \"First Seen Process in an Environment\"."
  ],
  "Procedure": "Dumped the KRBTGT hash on the domain controller host NewYork (10.0.0.4) using Mimikatz (m.exe)",
  "Step": "16.D.2",
  "TacticGroup": "Credential Access",
  "Technique": "T1003",
  "TechniqueName": "Credential Dumping"
}
{
  "Detection": [
    "Technique",
    "Telemetry"
  ],
  "DetectionModifiers": [
    "Alert"
  ],
  "DetectionText": [
    "A Technique alert detection (medium severity) for \"RunDLL32 with Suspicious DLL Location\" was generated for rundll32.exe executing kxwn.lock.",
    "Telemetry showed rundll32.exe executing kxwn.lock."
  ],
  "Procedure": "Executed Run key persistence payload on user login using RunDll32",
  "Step": "20.A.1",
  "TacticGroup": "Execution",
  "Technique": "T1085",
  "TechniqueName": "Rundll32"
}
{
  "Detection": [
    "General",
    "Telemetry"
  ],
  "DetectionModifiers": [
    "Configuration Change (Detections)",
    "Alert",
    "Correlated",
    "Correlated"
  ],
  "DetectionText": [
    "A General alert detection (medium severity) was generated for a \"Suspicious Parent of Built-in Shells.\" The detection was correlated to a parent alert for malicious file execution. ",
    "Telemetry showed rcs.3aka.doc spawning cmd.exe. The telemetry was correlated to a parent alert for malicious file execution. "
  ],
  "Procedure": "Spawned interactive cmd.exe",
  "Step": "1.B.1",
  "TacticGroup": "Execution",
  "Technique": "T1059",
  "TechniqueName": "Command-Line Interface"
}
{
  "Detection": [
    "Telemetry"
  ],
  "DetectionModifiers": [
    "Correlated"
  ],
  "DetectionText": [
    "Telemetry showed control.exe creating a high integrity powershell.exe. The event was correlated to a parent General detection for malicious file execution. "
  ],
  "Procedure": "Executed elevated PowerShell payload",
  "Step": "3.B.2",
  "TacticGroup": "Privilege Escalation",
  "Technique": "T1088",
  "TechniqueName": "Bypass User Account Control"
}
{
  "Detection": [
    "Telemetry"
  ],
  "DetectionModifiers": [
    "Correlated"
  ],
  "DetectionText": [
    "Telemetry showed a new High Integrity PowerShell callback spawned from control.exe (spawned from sdclt.exe).  The event was correlated to a parent General detection for a suspicious Windows script."
  ],
  "Procedure": "Executed elevated PowerShell payload",
  "Step": "14.A.2",
  "TacticGroup": "Privilege Escalation",
  "Technique": "T1088",
  "TechniqueName": "Bypass User Account Control"
}
{
  "Detection": [
    "Technique",
    "Technique",
    "Technique",
    "Telemetry"
  ],
  "DetectionModifiers": [
    "Correlated",
    "Alert",
    "Alert",
    "Correlated",
    "Correlated",
    "Correlated"
  ],
  "DetectionText": [
    "A Technique alert detection (medium severity) for \"Potential Code Execution via WMI-based PowerShell Cmdlet\" was generated for PowerShell using WMI. The event was correlated to a parent General detection for a suspicious Windows script.",
    "A Technique alert detection (medium severity) for \"Suspicious Execution via WMI\" was generated for PowerShell using WMI. The detection was correlated to a parent alert for a suspicious Windows script.",
    "A Technique detection for \"ATT&CK T1047 Windows Management Instrumentation\" was generated for PowerShell using WMI. The detection was correlated to a parent alert for a suspicious Windows script.",
    "Telemetry showed WmiPrvSE.exe executing powershell.exe. The detection was correlated to a parent alert for a suspicious Windows script."
  ],
  "Procedure": "Created and executed a WMI class using PowerShell",
  "Step": "14.B.1",
  "TacticGroup": "Execution",
  "Technique": "T1047",
  "TechniqueName": "Windows Management Instrumentation"
}
{
  "Detection": [
    "Telemetry"
  ],
  "DetectionModifiers": [
    "Correlated"
  ],
  "DetectionText": [
    "Telemetry showed outlook.exe spawning from svchost.exe, which is indicative of programmatic access to Outlook emails. The detection was correlated to a parent alert for the \"First Seen Process in an Environment\"."
  ],
  "Procedure": "Dumped messages from the local Outlook inbox using PowerShell",
  "Step": "17.A.1",
  "TacticGroup": "Collection",
  "Technique": "T1114",
  "TechniqueName": "Email Collection"
}
{
  "Detection": [
    "None"
  ],
  "DetectionModifiers": [],
  "DetectionText": [
    "No detection capability demonstrated for this procedure, though data showed rcs.3aka3.doc loading cryptographic libraries."
  ],
  "Procedure": "Used RC4 stream cipher to encrypt C2 (192.168.0.5) traffic",
  "Step": "1.A.4",
  "TacticGroup": "Command and Control",
  "Technique": "T1032",
  "TechniqueName": "Standard Cryptographic Protocol"
}
{
  "Detection": [
    "None"
  ],
  "DetectionModifiers": [],
  "DetectionText": [
    "No detection capability demonstrated for this procedure."
  ],
  "Procedure": "Used HTTPS to encrypt C2 (192.168.0.5) traffic",
  "Step": "3.B.5",
  "TacticGroup": "Command and Control",
  "Technique": "T1032",
  "TechniqueName": "Standard Cryptographic Protocol"
}
{
  "Detection": [
    "None"
  ],
  "DetectionModifiers": [],
  "DetectionText": [
    "No detection capability demonstrated for this procedure."
  ],
  "Procedure": "Used HTTPS to encrypt C2 (192.168.0.4) traffic",
  "Step": "11.A.15",
  "TacticGroup": "Command and Control",
  "Technique": "T1032",
  "TechniqueName": "Standard Cryptographic Protocol"
}
{
  "Detection": [
    "Telemetry"
  ],
  "DetectionModifiers": [
    "Configuration Change (Detections)"
  ],
  "DetectionText": [
    "Telemetry showed Netapi32.dll loaded into powershell.exe."
  ],
  "Procedure": "Executed API call by reflectively loading Netapi32.dll",
  "Step": "4.C.10",
  "TacticGroup": "Execution",
  "Technique": "T1106",
  "TechniqueName": "Execution through API"
}
{
  "Detection": [
    "Telemetry"
  ],
  "DetectionModifiers": [
    "Configuration Change (Detections)"
  ],
  "DetectionText": [
    "Telemetry showed Netapi32.dll loaded into powershell.exe."
  ],
  "Procedure": "Executed API call by reflectively loading Netapi32.dll",
  "Step": "4.C.12",
  "TacticGroup": "Execution",
  "Technique": "T1106",
  "TechniqueName": "Execution through API"
}
{
  "Detection": [
    "Telemetry"
  ],
  "DetectionModifiers": [
    "Correlated"
  ],
  "DetectionText": [
    "Telemetry showed hostui.exe executing powershell.exe via CreateProcessWithTokenW. This event was correlated to a General detection for the execution of a malicious file. "
  ],
  "Procedure": "Executed PowerShell payload via the CreateProcessWithToken API",
  "Step": "10.B.2",
  "TacticGroup": "Execution",
  "Technique": "T1106",
  "TechniqueName": "Execution through API"
}
{
  "Detection": [
    "Telemetry"
  ],
  "DetectionModifiers": [
    "Correlated"
  ],
  "DetectionText": [
    "Telemetry showed PowerShell reflectively loading Advapi32.dll inorder to execute the ConvertSidToStringSid API function. The detection was correlated to a parent alert for a suspicious Windows script."
  ],
  "Procedure": "Executed the ConvertSidToStringSid API call by reflectively loading Advapi32.dll",
  "Step": "16.B.2",
  "TacticGroup": "Execution",
  "Technique": "T1106",
  "TechniqueName": "Execution through API"
}
{
  "Detection": [
    "Technique",
    "Telemetry"
  ],
  "DetectionModifiers": [
    "Configuration Change (Detections)",
    "Correlated",
    "Correlated"
  ],
  "DetectionText": [
    "A Technique detection for \"Data Staged\" was generated due to the NtCreateFile API being used to create Draft.zip. The event was correlated to a parent General detection for malicious file execution. ",
    "Telemetry showed file creation of Draft.zip. The event was correlated to a parent General detection for malicious file execution. "
  ],
  "Procedure": "Staged files for exfiltration into ZIP (Draft.zip) using PowerShell",
  "Step": "2.A.5",
  "TacticGroup": "Collection",
  "Technique": "T1074",
  "TechniqueName": "Data Staged"
}
{
  "Detection": [
    "Telemetry"
  ],
  "DetectionModifiers": [
    "Correlated"
  ],
  "DetectionText": [
    "Telemetry showed a File Created event for powershell.exe creating working.zip. This event was correlated to a Technique detection for the creation of psexesvc.exe."
  ],
  "Procedure": "Staged files for exfiltration into ZIP (working.zip in AppData directory) using PowerShell",
  "Step": "9.B.5",
  "TacticGroup": "Collection",
  "Technique": "T1074",
  "TechniqueName": "Data Staged"
}
{
  "Detection": [
    "Telemetry"
  ],
  "DetectionModifiers": [
    "Correlated"
  ],
  "DetectionText": [
    "Telemetry showed the file creation event for MITRE-ATTACK-EVALS.HTML. The event was correlated to a parent General detection for a suspicious Windows script."
  ],
  "Procedure": "Staged collected file into directory using PowerShell",
  "Step": "17.B.2",
  "TacticGroup": "Collection",
  "Technique": "T1074",
  "TechniqueName": "Data Staged"
}
{
  "Detection": [
    "Telemetry"
  ],
  "DetectionModifiers": [
    "Correlated"
  ],
  "DetectionText": [
    "Telemetry showed powershell.exe executing ChildItem. The event was correlated to a parent General detection for malicious file execution. "
  ],
  "Procedure": "Searched filesystem for document and media files using PowerShell\u00a0",
  "Step": "2.A.1",
  "TacticGroup": "Discovery",
  "Technique": "T1083",
  "TechniqueName": "File and Directory Discovery"
}
{
  "Detection": [
    "Telemetry"
  ],
  "DetectionModifiers": [
    "Correlated"
  ],
  "DetectionText": [
    "Telemetry showed powershell.exe executing $env:TEMP. The event was correlated to a parent General detection for malicious file execution. "
  ],
  "Procedure": "Enumerated user's temporary directory path using PowerShell",
  "Step": "4.C.1",
  "TacticGroup": "Discovery",
  "Technique": "T1083",
  "TechniqueName": "File and Directory Discovery"
}
{
  "Detection": [
    "Telemetry"
  ],
  "DetectionModifiers": [
    "Correlated"
  ],
  "DetectionText": [
    "Telemetry showed powershell.exe executing ChildItem. This event was correlated to a Technique detection for the creation of psexesvc.exe."
  ],
  "Procedure": "Searched filesystem for document and media files using PowerShell",
  "Step": "9.B.2",
  "TacticGroup": "Discovery",
  "Technique": "T1083",
  "TechniqueName": "File and Directory Discovery"
}
{
  "Detection": [
    "Telemetry"
  ],
  "DetectionModifiers": [],
  "DetectionText": [
    "Telemetry showed PowerShell executing Get-Item for the current path."
  ],
  "Procedure": "Checked that the payload is not inside a folder path that contains \"sample\" or is the length of a hash value using PowerShell",
  "Step": "11.A.9",
  "TacticGroup": "Discovery",
  "Technique": "T1083",
  "TechniqueName": "File and Directory Discovery"
}
{
  "Detection": [
    "General",
    "Telemetry"
  ],
  "DetectionModifiers": [
    "Correlated",
    "Alert",
    "Correlated"
  ],
  "DetectionText": [
    "A General alert detection for \"Stealthy PowerShell Commands\" (medium severity) was generated for PowerShell executing the timestomp function. The event was correlated to a parent General detection for a suspicious Windows script.",
    "Telemetry showed powershell.exe enumerating System32. The event was correlated to a parent General detection for a suspicious Windows script."
  ],
  "Procedure": "Enumerated the System32 directory using PowerShell",
  "Step": "12.A.1",
  "TacticGroup": "Discovery",
  "Technique": "T1083",
  "TechniqueName": "File and Directory Discovery"
}
{
  "Detection": [
    "Telemetry"
  ],
  "DetectionModifiers": [
    "Correlated"
  ],
  "DetectionText": [
    "Telemetry showed powershell.exe executing ChildItem. The event was correlated to a parent General detection for malicious file execution. "
  ],
  "Procedure": "Scripted search of filesystem for document and media files using PowerShell\u00a0",
  "Step": "2.A.2",
  "TacticGroup": "Collection",
  "Technique": "T1119",
  "TechniqueName": "Automated Collection"
}
{
  "Detection": [
    "Telemetry"
  ],
  "DetectionModifiers": [
    "Correlated"
  ],
  "DetectionText": [
    "Telemetry showed powershell.exe executing ChildItem. This event was correlated to a General detection for the execution of a malicious file (python.exe)."
  ],
  "Procedure": "Scripted search of filesystem for document and media files using PowerShell\u00a0",
  "Step": "9.B.3",
  "TacticGroup": "Collection",
  "Technique": "T1119",
  "TechniqueName": "Automated Collection"
}
{
  "Detection": [
    "Technique",
    "Telemetry"
  ],
  "DetectionModifiers": [
    "Configuration Change (Detections)",
    "Correlated",
    "Alert",
    "Correlated"
  ],
  "DetectionText": [
    "A Technique alert detection (low severity) for \"Screen Capture\" was generated for powershell.exe calling the NtGdiCreateCompatibleBitmap API. The event was correlated to a parent General detection for malicious file execution.",
    "Telemetry showed powershell.exe executing CopyFromScreen from System.Drawing.dll. The event was correlated to a parent General detection for malicious file execution."
  ],
  "Procedure": "Captured and saved screenshots using PowerShell",
  "Step": "7.A.1",
  "TacticGroup": "Collection",
  "Technique": "T1113",
  "TechniqueName": "Screen Capture"
}
{
  "Detection": [
    "N/A"
  ],
  "DetectionModifiers": [],
  "DetectionText": [
    "Due to execution inconsistencies Step 19 has been omitted from the evaluation results."
  ],
  "Procedure": "Reflectively injected SDelete binary into PowerShell",
  "Step": "19.A.2",
  "TacticGroup": "Defense Evasion",
  "Technique": "T1055",
  "TechniqueName": "Process Injection"
}
{
  "Detection": [
    "N/A"
  ],
  "DetectionModifiers": [],
  "DetectionText": [
    "Due to execution inconsistencies Step 19 has been omitted from the evaluation results."
  ],
  "Procedure": "Reflectively injected SDelete binary into PowerShell",
  "Step": "19.B.2",
  "TacticGroup": "Defense Evasion",
  "Technique": "T1055",
  "TechniqueName": "Process Injection"
}
{
  "Detection": [
    "N/A"
  ],
  "DetectionModifiers": [],
  "DetectionText": [
    "Due to execution inconsistencies Step 19 has been omitted from the evaluation results."
  ],
  "Procedure": "Reflectively injected SDelete binary into PowerShell",
  "Step": "19.C.2",
  "TacticGroup": "Defense Evasion",
  "Technique": "T1055",
  "TechniqueName": "Process Injection"
}
{
  "Detection": [
    "Telemetry"
  ],
  "DetectionModifiers": [
    "Correlated"
  ],
  "DetectionText": [
    "Telemetry showed rcs.3aka3.doc creating monkey.png. The event was correlated to a parent General detection for malicious file execution. "
  ],
  "Procedure": "Dropped stage 2 payload (monkey.png) to disk",
  "Step": "3.A.1",
  "TacticGroup": "Command and Control",
  "Technique": "T1105",
  "TechniqueName": "Remote File Copy"
}
{
  "Detection": [
    "Telemetry"
  ],
  "DetectionModifiers": [
    "Correlated"
  ],
  "DetectionText": [
    "Telemetry showed the file write of the ZIP by PowerShell.  The detection was correlated to a parent alert for malicious file execution. "
  ],
  "Procedure": "Dropped additional tools (SysinternalsSuite.zip) to disk over C2 channel (192.168.0.5)",
  "Step": "4.A.1",
  "TacticGroup": "Command and Control",
  "Technique": "T1105",
  "TechniqueName": "Remote File Copy"
}
{
  "Detection": [
    "General",
    "Telemetry"
  ],
  "DetectionModifiers": [
    "Alert"
  ],
  "DetectionText": [
    "A General alert detection (high severity; red indicator) was generated for the malicious file create event of python.exe. ",
    "Telemetry showed a file create event of python.exe."
  ],
  "Procedure": "Copied python.exe payload from a WebDAV share (192.168.0.4) to remote host Scranton (10.0.1.4)",
  "Step": "8.B.1",
  "TacticGroup": "Command and Control",
  "Technique": "T1105",
  "TechniqueName": "Remote File Copy"
}
{
  "Detection": [
    "Telemetry"
  ],
  "DetectionModifiers": [
    "Correlated"
  ],
  "DetectionText": [
    "Telemetry showed file created event for python.exe creating rar.exe. This event was correlated to a Technique detection for the creation of psexesvc.exe."
  ],
  "Procedure": "Dropped rar.exe to disk on remote host Scranton (10.0.1.4)\u00a0",
  "Step": "9.A.1",
  "TacticGroup": "Command and Control",
  "Technique": "T1105",
  "TechniqueName": "Remote File Copy"
}
{
  "Detection": [
    "Telemetry"
  ],
  "DetectionModifiers": [
    "Correlated"
  ],
  "DetectionText": [
    "Telemetry showed File Created event for python.exe creating sdelete64.exe. This event was correlated to a Technique detection for the creation of psexesvc.exe."
  ],
  "Procedure": "Dropped sdelete.exe to disk on remote host Scranton (10.0.1.4)\u00a0",
  "Step": "9.A.2",
  "TacticGroup": "Command and Control",
  "Technique": "T1105",
  "TechniqueName": "Remote File Copy"
}
{
  "Detection": [
    "General",
    "Telemetry"
  ],
  "DetectionModifiers": [
    "Alert",
    "Correlated",
    "Correlated"
  ],
  "DetectionText": [
    "A General alert detection (medium severity) for \"Suspicious Download Command via PowerShell\" was generated for the PowerShell command to download m.exe. The detection was correlated to a parent alert for a suspicious Windows script.",
    "Telemetry showed the file write event for m.exe into the System32 folder. The detection was correlated to a parent alert for a suspicious Windows script."
  ],
  "Procedure": "Downloaded and dropped Mimikatz (m.exe) to disk",
  "Step": "14.B.3",
  "TacticGroup": "Command and Control",
  "Technique": "T1105",
  "TechniqueName": "Remote File Copy"
}
{
  "Detection": [
    "General",
    "Telemetry"
  ],
  "DetectionModifiers": [
    "Correlated",
    "Alert",
    "Correlated"
  ],
  "DetectionText": [
    "A General alert detection (red indicator) was generated for the creation of a malicious file (m.exe). The detection was correlated to a parent alert for the \"First Seen Process  in an Environment\".",
    "Telemetry showed a file write event for m.exe in the System32 directory by wsmprovhost.exe. The detection was correlated to a parent alert for the \"First Seen Process  in an Environment\"."
  ],
  "Procedure": "Dropped Mimikatz (m.exe) to disk on the domain controller host NewYork (10.0.0.4) over a WinRM connection",
  "Step": "16.D.1",
  "TacticGroup": "Command and Control",
  "Technique": "T1105",
  "TechniqueName": "Remote File Copy"
}
{
  "Detection": [
    "Telemetry"
  ],
  "DetectionModifiers": [],
  "DetectionText": [
    "Telemetry showed a valid logon on Scranton (10.0.1.4) as user Pam."
  ],
  "Procedure": "Logged on to remote host Scranton (10.0.1.4) using\u00a0valid credentials for user Pam",
  "Step": "8.C.1",
  "TacticGroup": "Defense Evasion",
  "Technique": "T1078",
  "TechniqueName": "Valid Accounts"
}
{
  "Detection": [
    "Telemetry"
  ],
  "DetectionModifiers": [],
  "DetectionText": [
    "Telemetry showed a successful logon on NewYork (10.0.0.4) as user MScott."
  ],
  "Procedure": "Logged on to the domain controller host NewYork (10.0.0.4) using\u00a0valid credentials for user MScott\u00a0",
  "Step": "16.C.2",
  "TacticGroup": "Defense Evasion",
  "Technique": "T1078",
  "TechniqueName": "Valid Accounts"
}
{
  "Detection": [
    "Tactic",
    "Telemetry"
  ],
  "DetectionModifiers": [
    "Correlated",
    "Alert",
    "Correlated"
  ],
  "DetectionText": [
    "A Tactic detection called \"Reconnaissance of Multiple WMI Classes\" was generated due to multiple WMI classes being executed in quick succession. The event was correlated to a parent General detection for malicious file execution. The detection was a medium severity alert.",
    "Telemetry showed powershell.exe executing $Gwmi WmiObject ...\u200b -Class AntiVirusProduct. The event was correlated to a parent General detection for malicious file execution. "
  ],
  "Procedure": "Enumerated anti-virus software using PowerShell",
  "Step": "4.C.7",
  "TacticGroup": "Discovery",
  "Technique": "T1063",
  "TechniqueName": "Security Software Discovery"
}
{
  "Detection": [
    "Tactic",
    "Telemetry"
  ],
  "DetectionModifiers": [
    "Correlated",
    "Alert",
    "Correlated"
  ],
  "DetectionText": [
    "A Tactic detection called \"Reconnaissance of Multiple WMI Classes\" was generated due to multiple WMI classes being executed in quick succession. The event was correlated to a parent General detection for malicious file execution. The detection was a medium severity alert.",
    "Telemetry showed powershell.exe executing $Gwmi WmiObject ...\u200b -Class FireWallProduct. The event was correlated to a parent General detection for malicious file execution.\t"
  ],
  "Procedure": "Enumerated firewall software using PowerShell",
  "Step": "4.C.8",
  "TacticGroup": "Discovery",
  "Technique": "T1063",
  "TechniqueName": "Security Software Discovery"
}
{
  "Detection": [
    "Technique",
    "Telemetry"
  ],
  "DetectionModifiers": [
    "Correlated",
    "Configuration Change (Detections)",
    "Alert",
    "Correlated"
  ],
  "DetectionText": [
    "A Technique detection (medium severity) for \"ATT&CK T1063 Security Software Discovery\"  was generated due to PowerShell executing the detectav function. The event was correlated to a parent General detection for a suspicious Windows script.",
    "Telemetry showed PowerShell gwmi query for AntiVirusProduct. The event was correlated to a parent General detection for a suspicious Windows script."
  ],
  "Procedure": "Enumerated registered AV products using PowerShell",
  "Step": "12.B.1",
  "TacticGroup": "Discovery",
  "Technique": "T1063",
  "TechniqueName": "Security Software Discovery"
}
{
  "Detection": [
    "Telemetry"
  ],
  "DetectionModifiers": [
    "Correlated"
  ],
  "DetectionText": [
    "Telemetry showed PowerShell command to remove DelegateExecute Registry Value.  The event was correlated to a parent General detection for malicious file execution. "
  ],
  "Procedure": "Modified the Registry to remove artifacts of COM hijacking",
  "Step": "3.C.1",
  "TacticGroup": "Defense Evasion",
  "Technique": "T1112",
  "TechniqueName": "Modify Registry"
}
{
  "Detection": [
    "None"
  ],
  "DetectionModifiers": [
    "Host Interrogation",
    "Delayed (Manual)"
  ],
  "DetectionText": [
    "No detection capability demonstrated for this procedure, though the system was interrogated and the Registry key could not be found indicating it had been deleted, so it is identified as Host Interrogation."
  ],
  "Procedure": "Modified the Registry to remove artifacts of COM hijacking using PowerShell",
  "Step": "14.A.3",
  "TacticGroup": "Defense Evasion",
  "Technique": "T1112",
  "TechniqueName": "Modify Registry"
}
{
  "Detection": [
    "Telemetry"
  ],
  "DetectionModifiers": [],
  "DetectionText": [
    "Telemetry showed the PowerShell gwmi query for Win32_PnPEntity."
  ],
  "Procedure": "Enumerated devices/adapters to check for presence of VirtualBox driver(s) using PowerShell",
  "Step": "11.A.5",
  "TacticGroup": "Discovery",
  "Technique": "T1120",
  "TechniqueName": "Peripheral Device Discovery"
}
{
  "Detection": [
    "None"
  ],
  "DetectionModifiers": [
    "Host Interrogation",
    "Delayed (Manual)"
  ],
  "DetectionText": [
    "No detection capability demonstrated for this procedure, though python.exe was manually recovered from the system by the analyst, and it was identified as UPX packed. This is identified as Host Interrogation."
  ],
  "Procedure": "python.exe payload was packed with UPX",
  "Step": "8.B.2",
  "TacticGroup": "Defense Evasion",
  "Technique": "T1045",
  "TechniqueName": "Software Packing"
}
{
  "Detection": [
    "Technique",
    "Telemetry"
  ],
  "DetectionModifiers": [
    "Correlated",
    "Alert",
    "Correlated"
  ],
  "DetectionText": [
    "A Technique alert detection (low severity) for \"Service Creation/Modification\" was generated due to powershell.exe creating the javamtsup.exe service. The event was correlated to a parent General detection for malicious file execution. ",
    "Telemetry showed PowerShell created the new service javamtsup. The event was correlated to a parent General detection for malicious file execution. "
  ],
  "Procedure": "Created a new service (javamtsup) that executes a service binary (javamtsup.exe) at system startup",
  "Step": "5.A.1",
  "TacticGroup": "Persistence",
  "Technique": "T1050",
  "TechniqueName": "New Service"
}
{
  "Detection": [
    "Telemetry"
  ],
  "DetectionModifiers": [
    "Correlated"
  ],
  "DetectionText": [
    "Telemetry showed an SMB session from Nashua (10.0.1.6) to Scranton (10.0.1.4) over TCP port 135. The detection was correlated to a parent alert for malicious file execution."
  ],
  "Procedure": "Established SMB session to remote host Scranton's (10.0.1.4) IPC$ share using PsExec",
  "Step": "8.C.2",
  "TacticGroup": "Lateral Movement",
  "Technique": "T1077",
  "TechniqueName": "Windows Admin Shares"
}
{
  "Detection": [
    "Telemetry"
  ],
  "DetectionModifiers": [],
  "DetectionText": [
    "Telemetry showed the rcs.3aka.doc connected to 192.168.0.5 on TCP port 1234."
  ],
  "Procedure": "Established C2 channel (192.168.0.5) via rcs.3aka3.doc payload over TCP port 1234",
  "Step": "1.A.3",
  "TacticGroup": "Command and Control",
  "Technique": "T1065",
  "TechniqueName": "Uncommonly Used Port"
}
{
  "Detection": [
    "Telemetry"
  ],
  "DetectionModifiers": [
    "Correlated"
  ],
  "DetectionText": [
    "Telemetry showed sdelete.exe running with command-line arguments to delete the file. The detection was correlated to a parent alert for malicious file execution. "
  ],
  "Procedure": "Deleted rcs.3aka3.doc on disk using SDelete",
  "Step": "4.B.2",
  "TacticGroup": "Defense Evasion",
  "Technique": "T1107",
  "TechniqueName": "File Deletion"
}
{
  "Detection": [
    "Telemetry"
  ],
  "DetectionModifiers": [
    "Correlated"
  ],
  "DetectionText": [
    "Telemetry showed sdelete.exe running with command-line arguments to delete the file. The detection was correlated to a parent alert for malicious file execution. "
  ],
  "Procedure": "Deleted Draft.zip on disk using SDelete",
  "Step": "4.B.3",
  "TacticGroup": "Defense Evasion",
  "Technique": "T1107",
  "TechniqueName": "File Deletion"
}
{
  "Detection": [
    "Telemetry"
  ],
  "DetectionModifiers": [
    "Correlated"
  ],
  "DetectionText": [
    "Telemetry showed sdelete.exe running with command-line arguments to delete the file. The detection was correlated to a parent alert for malicious file execution. "
  ],
  "Procedure": "Deleted SysinternalsSuite.zip on disk using SDelete",
  "Step": "4.B.4",
  "TacticGroup": "Defense Evasion",
  "Technique": "T1107",
  "TechniqueName": "File Deletion"
}
{
  "Detection": [
    "Technique",
    "Telemetry"
  ],
  "DetectionModifiers": [
    "Configuration Change (Detections)",
    "Correlated",
    "Alert",
    "Correlated"
  ],
  "DetectionText": [
    "A Technique alert detection (high severity) for \"ATT&CK T1107 File Deletion\" was generated when sdelete64.exe made a NtSetInformationFile API call deleting rar.exe. This event was correlated to a Technique detection for the creation of psexesvc.exe.",
    "Telemetry showed sdelete64.exe with command-line arguments to delete rar.exe. This event was correlated to a Technique detection for the creation of psexesvc.exe."
  ],
  "Procedure": "Deleted rar.exe on disk using SDelete",
  "Step": "9.C.1",
  "TacticGroup": "Defense Evasion",
  "Technique": "T1107",
  "TechniqueName": "File Deletion"
}
{
  "Detection": [
    "Telemetry"
  ],
  "DetectionModifiers": [],
  "DetectionText": [
    "Telemetry showed sdelete64.exe with command-line arguments to delete Desktop\\working.zip."
  ],
  "Procedure": "Deleted working.zip (from Desktop) on disk using SDelete",
  "Step": "9.C.2",
  "TacticGroup": "Defense Evasion",
  "Technique": "T1107",
  "TechniqueName": "File Deletion"
}
{
  "Detection": [
    "Technique",
    "Telemetry"
  ],
  "DetectionModifiers": [
    "Configuration Change (Detections)",
    "Correlated",
    "Alert",
    "Correlated"
  ],
  "DetectionText": [
    "A Technique alert detection (high severity) for \"ATT&CK T1107 File Deletion\" was generated when sdelete64.exe made a NtSetInformationFile API call deleting Roaming\\working.zip. This event was correlated to a Technique detection for the creation of psexesvc.exe.",
    "Telemetry showed sdelete64.exe with command-line arguments to delete Roaming\\working.zip.This event was correlated to a Technique detection for the creation of psexesvc.exe."
  ],
  "Procedure": "Deleted working.zip (from AppData directory) on disk using SDelete",
  "Step": "9.C.3",
  "TacticGroup": "Defense Evasion",
  "Technique": "T1107",
  "TechniqueName": "File Deletion"
}
{
  "Detection": [
    "Technique",
    "Telemetry"
  ],
  "DetectionModifiers": [
    "Correlated",
    "Alert",
    "Correlated"
  ],
  "DetectionText": [
    "A Technique alert detection for \"ATT&CK T1107 File Deletion\" was generated when cmd.exe deleted sdelete64.exe. This event was correlated to a Technique detection for the creation of psexesvc.exe.",
    "Telemetry showed cmd.exe deleting sdelete64.exe. This event was correlated to a Technique detection for the creation of psexesvc.exe."
  ],
  "Procedure": "Deleted SDelete on disk using cmd.exe del command",
  "Step": "9.C.4",
  "TacticGroup": "Defense Evasion",
  "Technique": "T1107",
  "TechniqueName": "File Deletion"
}
{
  "Detection": [
    "N/A"
  ],
  "DetectionModifiers": [],
  "DetectionText": [
    "Due to execution inconsistencies Step 19 has been omitted from the evaluation results."
  ],
  "Procedure": "Deleted Mimikatz (m.exe) on disk using SDelete",
  "Step": "19.A.1",
  "TacticGroup": "Defense Evasion",
  "Technique": "T1107",
  "TechniqueName": "File Deletion"
}
{
  "Detection": [
    "N/A"
  ],
  "DetectionModifiers": [],
  "DetectionText": [
    "Due to execution inconsistencies Step 19 has been omitted from the evaluation results."
  ],
  "Procedure": "Deleted exfiltrated data on disk using SDelete",
  "Step": "19.B.1",
  "TacticGroup": "Defense Evasion",
  "Technique": "T1107",
  "TechniqueName": "File Deletion"
}
{
  "Detection": [
    "N/A"
  ],
  "DetectionModifiers": [],
  "DetectionText": [
    "Due to execution inconsistencies Step 19 has been omitted from the evaluation results."
  ],
  "Procedure": "Deleted staged data on disk using SDelete",
  "Step": "19.C.1",
  "TacticGroup": "Defense Evasion",
  "Technique": "T1107",
  "TechniqueName": "File Deletion"
}
{
  "Detection": [
    "General",
    "Telemetry"
  ],
  "DetectionModifiers": [
    "Alert"
  ],
  "DetectionText": [
    "A General alert detection (high severity) was generated for the execution of a malicious file (rcs.3aka3.doc). ",
    "Telemetry showed explorer.exe executing rcs.3aka3.doc."
  ],
  "Procedure": "User Pam executed payload rcs.3aka3.doc",
  "Step": "1.A.1",
  "TacticGroup": "Execution",
  "Technique": "T1204",
  "TechniqueName": "User Execution"
}
{
  "Detection": [
    "General",
    "Telemetry"
  ],
  "DetectionModifiers": [
    "Alert"
  ],
  "DetectionText": [
    "A General alert detection (medium severity) was generated for \"Suspicious Windows Script from Parent Process\" for explorer.exe executing powershell.exe.",
    "Telemetry showed explorer.exe executing powershell.exe. "
  ],
  "Procedure": "User Oscar executed payload 37486-the-shocking-truth-about-election-rigging-in-america.rtf.lnk",
  "Step": "11.A.1",
  "TacticGroup": "Execution",
  "Technique": "T1204",
  "TechniqueName": "User Execution"
}
