{
  "Detection": [
    "Technique",
    "MSSP",
    "Telemetry"
  ],
  "DetectionModifiers": [
    "Alert",
    "Delayed (Manual)"
  ],
  "DetectionText": [
    "A Technique alert detection (yellow, medium severity) called Rundll32 Execution was generated due to rundll32.exe executing kxwn.lock. ",
    "An MSSP detection contained evidence of rundll32.exe executing kxwn.lock.",
    "Telemetry showed rundll32.exe executing kxwn.lock."
  ],
  "Procedure": "Executed Run key persistence payload on user login using RunDll32",
  "Step": "20.A.1",
  "TacticGroup": "Execution",
  "Technique": "T1085",
  "TechniqueName": "Rundll32"
}
{
  "Detection": [
    "Telemetry"
  ],
  "DetectionModifiers": [
    "Correlated"
  ],
  "DetectionText": [
    "Telemetry showed rcs.3aka3.doc creating monkey.png. The event was correlated to a parent detection for masquerading. "
  ],
  "Procedure": "Dropped stage 2 payload (monkey.png) to disk",
  "Step": "3.A.1",
  "TacticGroup": "Command and Control",
  "Technique": "T1105",
  "TechniqueName": "Remote File Copy"
}
{
  "Detection": [
    "MSSP",
    "Telemetry"
  ],
  "DetectionModifiers": [
    "Delayed (Manual)",
    "Correlated"
  ],
  "DetectionText": [
    "An MSSP detection contained evidence of the file write of the ZIP by PowerShell. ",
    "Telemetry showed the file write of the ZIP by PowerShell. The detection was correlated to a parent alert for suspicious PowerShell."
  ],
  "Procedure": "Dropped additional tools (SysinternalsSuite.zip) to disk over C2 channel (192.168.0.5)",
  "Step": "4.A.1",
  "TacticGroup": "Command and Control",
  "Technique": "T1105",
  "TechniqueName": "Remote File Copy"
}
{
  "Detection": [
    "MSSP"
  ],
  "DetectionModifiers": [
    "Delayed (Manual)"
  ],
  "DetectionText": [
    "An MSSP detection contained evidence of remote file copy of python.exe to Scranton (10.0.1.4)."
  ],
  "Procedure": "Copied python.exe payload from a WebDAV share (192.168.0.4) to remote host Scranton (10.0.1.4)",
  "Step": "8.B.1",
  "TacticGroup": "Command and Control",
  "Technique": "T1105",
  "TechniqueName": "Remote File Copy"
}
{
  "Detection": [
    "MSSP",
    "Telemetry"
  ],
  "DetectionModifiers": [
    "Delayed (Manual)"
  ],
  "DetectionText": [
    "An MSSP detection contained evidence of the creation of rar.exe.",
    "Telemetry showed a file create event for python.exe creating rar.exe."
  ],
  "Procedure": "Dropped rar.exe to disk on remote host Scranton (10.0.1.4)\u00a0",
  "Step": "9.A.1",
  "TacticGroup": "Command and Control",
  "Technique": "T1105",
  "TechniqueName": "Remote File Copy"
}
{
  "Detection": [
    "MSSP",
    "Telemetry"
  ],
  "DetectionModifiers": [
    "Delayed (Manual)"
  ],
  "DetectionText": [
    "An MSSP detection contained evidence of the creation of sdelete64.exe.",
    "Telemetry showed a file create event for python.exe creating sdelete64.exe."
  ],
  "Procedure": "Dropped sdelete.exe to disk on remote host Scranton (10.0.1.4)\u00a0",
  "Step": "9.A.2",
  "TacticGroup": "Command and Control",
  "Technique": "T1105",
  "TechniqueName": "Remote File Copy"
}
{
  "Detection": [
    "Telemetry"
  ],
  "DetectionModifiers": [],
  "DetectionText": [
    "Telemetry showed the file create event for m.exe into the System32 folder."
  ],
  "Procedure": "Downloaded and dropped Mimikatz (m.exe) to disk",
  "Step": "14.B.3",
  "TacticGroup": "Command and Control",
  "Technique": "T1105",
  "TechniqueName": "Remote File Copy"
}
{
  "Detection": [
    "MSSP",
    "Telemetry"
  ],
  "DetectionModifiers": [
    "Delayed (Manual)"
  ],
  "DetectionText": [
    "An MSSP detection contained evidence of the write of m.exe to the System32 directory by wsmprovhost.exe.",
    "Telemetry showed the creation of m.exe in the System32 directory by wsmprovhost.exe."
  ],
  "Procedure": "Dropped Mimikatz (m.exe) to disk on the domain controller host NewYork (10.0.0.4) over a WinRM connection",
  "Step": "16.D.1",
  "TacticGroup": "Command and Control",
  "Technique": "T1105",
  "TechniqueName": "Remote File Copy"
}
{
  "Detection": [
    "None"
  ],
  "DetectionModifiers": [],
  "DetectionText": [
    "No detection capability demonstrated for this procedure."
  ],
  "Procedure": "Modified the Registry to remove artifacts of COM hijacking",
  "Step": "3.C.1",
  "TacticGroup": "Defense Evasion",
  "Technique": "T1112",
  "TechniqueName": "Modify Registry"
}
{
  "Detection": [
    "None"
  ],
  "DetectionModifiers": [],
  "DetectionText": [
    "No detection capability demonstrated for this procedure."
  ],
  "Procedure": "Modified the Registry to remove artifacts of COM hijacking using PowerShell",
  "Step": "14.A.3",
  "TacticGroup": "Defense Evasion",
  "Technique": "T1112",
  "TechniqueName": "Modify Registry"
}
{
  "Detection": [
    "Technique",
    "MSSP",
    "Telemetry"
  ],
  "DetectionModifiers": [
    "Alert",
    "Correlated",
    "Delayed (Manual)"
  ],
  "DetectionText": [
    "A Technique alert detection (yellow; medium severity) called PowerShell was generated due to the execution of powershell.exe by cmd.exe. The alert was correlated to a parent alert for command line execution.",
    "An MSSP detection contained evidence of cmd.exe spawning powershell.exe.",
    "Telemetry showed powershell.exe spawning from cmd.exe."
  ],
  "Procedure": "Spawned interactive powershell.exe",
  "Step": "1.B.2",
  "TacticGroup": "Execution",
  "Technique": "T1086",
  "TechniqueName": "PowerShell"
}
{
  "Detection": [
    "Technique",
    "MSSP",
    "Telemetry"
  ],
  "DetectionModifiers": [
    "Alert",
    "Correlated",
    "Delayed (Manual)",
    "Correlated"
  ],
  "DetectionText": [
    "A Technique alert detection (yellow; medium severity) called \"PowerShell\" was generated due to powershell.exe spawning a new powershell.exe. The detection  was correlated to a parent alert for suspicious PowerShell.",
    "An MSSP detection occurred containing evidence of powershell.exe spawning from powershell.exe and indicated the new PowerShell process was a meterpreter shell.",
    "Telemetry showed a new powershell.exe spawning from powershell.exe. The detection  was correlated to a parent alert for suspicious PowerShell."
  ],
  "Procedure": "Spawned interactive powershell.exe",
  "Step": "4.A.2",
  "TacticGroup": "Execution",
  "Technique": "T1086",
  "TechniqueName": "PowerShell"
}
{
  "Detection": [
    "Technique",
    "MSSP",
    "Telemetry"
  ],
  "DetectionModifiers": [
    "Alert",
    "Delayed (Manual)"
  ],
  "DetectionText": [
    "A Technique alert detection (yellow; medium severity) called \"T1086_PowerShell\" was generated due to python.exe spawning powershell.exe.",
    "An MSSP detection contained evidence of python spawning powershell.exe.",
    "Telemetry showed python.exe executing powershell.exe."
  ],
  "Procedure": "Spawned interactive powershell.exe",
  "Step": "9.B.1",
  "TacticGroup": "Execution",
  "Technique": "T1086",
  "TechniqueName": "PowerShell"
}
{
  "Detection": [
    "Technique",
    "General",
    "MSSP",
    "Telemetry"
  ],
  "DetectionModifiers": [
    "Alert",
    "Alert",
    "Delayed (Manual)"
  ],
  "DetectionText": [
    "A Technique alert detection (yellow indicator) for \"PowerShell\" was generated for powershell.exe spawned from a PowerShell stager. ",
    "A General alert detection (high severity) called \"PDM:Exploit.Win32.Generic\" was generated for a potential threat.",
    "An MSSP detection contained evidence of PowerShell executing from schemas ADS.",
    "Telemetry showed powershell.exe spawned from a PowerShell stager."
  ],
  "Procedure": "Executed PowerShell stager payload",
  "Step": "11.A.12",
  "TacticGroup": "Execution",
  "Technique": "T1086",
  "TechniqueName": "PowerShell"
}
{
  "Detection": [
    "Technique",
    "MSSP",
    "Telemetry"
  ],
  "DetectionModifiers": [
    "Alert",
    "Delayed (Manual)"
  ],
  "DetectionText": [
    "A Technique alert detection (red; high severity) called PowerShell was generated due to powershell executing a SYSTEM-level powershell.exe.",
    "An MSSP detection contained evidence of PowerShell spawned from a WMI event subscription.",
    "Telemetry showed execution of SYSTEM level PowerShell."
  ],
  "Procedure": "Executed PowerShell payload from WMI event subscription persistence",
  "Step": "20.A.3",
  "TacticGroup": "Execution",
  "Technique": "T1086",
  "TechniqueName": "PowerShell"
}
{
  "Detection": [
    "MSSP",
    "Telemetry"
  ],
  "DetectionModifiers": [
    "Delayed (Manual)"
  ],
  "DetectionText": [
    "An MSSP detection occurred containing evidence of the execution of psexecsvc.exe.",
    "Telemetry showed PSEXESVC.exe with command-line arguments to execute python.exe."
  ],
  "Procedure": "Executed python.exe using PSExec",
  "Step": "8.C.3",
  "TacticGroup": "Execution",
  "Technique": "T1035",
  "TechniqueName": "Service Execution"
}
{
  "Detection": [
    "MSSP",
    "Telemetry"
  ],
  "DetectionModifiers": [
    "Delayed (Manual)"
  ],
  "DetectionText": [
    "An MSSP detection contained evidence of javamtsup.exe spawning from services.exe.",
    "Telemetry showed javamtsup.exe with parent process services.exe."
  ],
  "Procedure": "Executed persistent service (javamtsup) on system startup",
  "Step": "10.A.1",
  "TacticGroup": "Execution",
  "Technique": "T1035",
  "TechniqueName": "Service Execution"
}
{
  "Detection": [
    "Telemetry"
  ],
  "DetectionModifiers": [],
  "DetectionText": [
    "Telemetry showed net.exe with command-line arguments to connect to a OneDrive URL as well as net.exe subsequently making a network connection to public IPs over port 443. "
  ],
  "Procedure": "Mapped a network drive to an online OneDrive account using PowerShell",
  "Step": "18.A.1",
  "TacticGroup": "Defense Evasion",
  "Technique": "T1102",
  "TechniqueName": "Web Service"
}
{
  "Detection": [
    "Telemetry"
  ],
  "DetectionModifiers": [],
  "DetectionText": [
    "Telemetry showed powershell.exe establishing a connection to NewYork (10.0.0.4) over port 389. "
  ],
  "Procedure": "Enumerated remote systems using LDAP queries",
  "Step": "8.A.1",
  "TacticGroup": "Discovery",
  "Technique": "T1018",
  "TechniqueName": "Remote System Discovery"
}
{
  "Detection": [
    "MSSP"
  ],
  "DetectionModifiers": [
    "Delayed (Manual)"
  ],
  "DetectionText": [
    "An MSSP detection contained evidence of System.DirectoryServices.ni.dll loaded into PowerShell, which can be used to execute LDAP queries."
  ],
  "Procedure": "Enumerated the domain controller host NewYork (10.0.0.4) using LDAP queries",
  "Step": "16.A.1",
  "TacticGroup": "Discovery",
  "Technique": "T1018",
  "TechniqueName": "Remote System Discovery"
}
{
  "Detection": [
    "MSSP",
    "Telemetry"
  ],
  "DetectionModifiers": [
    "Delayed (Manual)"
  ],
  "DetectionText": [
    "An MSSP detection occurred containing evidence of a valid logon on Scranton (10.0.1.4) as user Pam.",
    "Telemetry showed a valid logon on Scranton (10.0.1.4) as user Pam."
  ],
  "Procedure": "Logged on to remote host Scranton (10.0.1.4) using\u00a0valid credentials for user Pam",
  "Step": "8.C.1",
  "TacticGroup": "Defense Evasion",
  "Technique": "T1078",
  "TechniqueName": "Valid Accounts"
}
{
  "Detection": [
    "MSSP",
    "Telemetry"
  ],
  "DetectionModifiers": [
    "Delayed (Manual)"
  ],
  "DetectionText": [
    "An MSSP detection contained evidence of the successful logon of MScott on NewYork (10.0.0.4).",
    "Telemetry showed a successful logon on NewYork (10.0.0.4) as user MScott."
  ],
  "Procedure": "Logged on to the domain controller host NewYork (10.0.0.4) using\u00a0valid credentials for user MScott\u00a0",
  "Step": "16.C.2",
  "TacticGroup": "Defense Evasion",
  "Technique": "T1078",
  "TechniqueName": "Valid Accounts"
}
{
  "Detection": [
    "Technique",
    "MSSP",
    "Telemetry"
  ],
  "DetectionModifiers": [
    "Alert",
    "Delayed (Manual)"
  ],
  "DetectionText": [
    "A Technique alert detection (yellow; medium severity) called Masquerading was generated due to altered file name by the RTLO character.",
    "An MSSP detection contained evidence of \"Defense Evasion\" contained evidence of RTLO character in rcs.3aka.doc.",
    "Telemetry showed the original filename\u200b cod.3aka.scr as well as the RTLO ASCII characters."
  ],
  "Procedure": "Used unicode right-to-left override (RTLO) character to obfuscate file name rcs.3aka3.doc (originally cod.3aka.scr)",
  "Step": "1.A.2",
  "TacticGroup": "Defense Evasion",
  "Technique": "T1036",
  "TechniqueName": "Masquerading"
}
{
  "Detection": [
    "MSSP",
    "Telemetry"
  ],
  "DetectionModifiers": [
    "Delayed (Manual)"
  ],
  "DetectionText": [
    "An MSSP detection contained evidence showing accesschk.exe is not the legitimate Sysinternals tool.",
    "Telemetry showed hash of accesschk.exe which can be used to verify it is not the legitimate Sysinternals tool."
  ],
  "Procedure": "Masqueraded a Chrome password dump tool as accesscheck.exe, a legitimate Sysinternals tool",
  "Step": "6.A.3",
  "TacticGroup": "Defense Evasion",
  "Technique": "T1036",
  "TechniqueName": "Masquerading"
}
{
  "Detection": [
    "None"
  ],
  "DetectionModifiers": [],
  "DetectionText": [
    "No detection capability demonstrated for this procedure."
  ],
  "Procedure": "Used RC4 stream cipher to encrypt C2 (192.168.0.5) traffic",
  "Step": "1.A.4",
  "TacticGroup": "Command and Control",
  "Technique": "T1032",
  "TechniqueName": "Standard Cryptographic Protocol"
}
{
  "Detection": [
    "None"
  ],
  "DetectionModifiers": [],
  "DetectionText": [
    "No detection capability demonstrated for this procedure."
  ],
  "Procedure": "Used HTTPS to encrypt C2 (192.168.0.5) traffic",
  "Step": "3.B.5",
  "TacticGroup": "Command and Control",
  "Technique": "T1032",
  "TechniqueName": "Standard Cryptographic Protocol"
}
{
  "Detection": [
    "None"
  ],
  "DetectionModifiers": [],
  "DetectionText": [
    "No detection capability demonstrated for this procedure."
  ],
  "Procedure": "Used HTTPS to encrypt C2 (192.168.0.4) traffic",
  "Step": "11.A.15",
  "TacticGroup": "Command and Control",
  "Technique": "T1032",
  "TechniqueName": "Standard Cryptographic Protocol"
}
{
  "Detection": [
    "MSSP",
    "Telemetry"
  ],
  "DetectionModifiers": [
    "Delayed (Manual)",
    "Correlated"
  ],
  "DetectionText": [
    "An MSSP detection contained evidence of the creation of hostui.lnk.",
    "Telemetry showed powershell.exe creating the hostui.lnk file in the Startup folder. The event was correlated to a parent General detection for suspicious PowerShell."
  ],
  "Procedure": "Created a LNK file (hostui.lnk) in the Startup folder that executes on login",
  "Step": "5.B.1",
  "TacticGroup": "Persistence",
  "Technique": "T1060",
  "TechniqueName": "Registry Run Keys / Startup Folder"
}
{
  "Detection": [
    "None"
  ],
  "DetectionModifiers": [],
  "DetectionText": [
    "No detection capability demonstrated for this procedure, though execution of hostui.bat was observed."
  ],
  "Procedure": "Executed LNK payload (hostui.lnk) in Startup Folder on user login",
  "Step": "10.B.1",
  "TacticGroup": "Persistence",
  "Technique": "T1060",
  "TechniqueName": "Registry Run Keys / Startup Folder"
}
{
  "Detection": [
    "Technique",
    "MSSP",
    "Telemetry"
  ],
  "DetectionModifiers": [
    "Alert",
    "Delayed (Manual)"
  ],
  "DetectionText": [
    "A Technique alert detection (yellow tag) called Registy Run Keys Startup Folder  was generated due to powershell.exe adding the Webcache subkey Run key persistence into the Registry. ",
    "An MSSP detection contained evidence of the Webcache subkey added to the Registry to establish persistence.",
    "Telemetry showed powershell.exe adding Run key persistence into the Registry."
  ],
  "Procedure": "Established Registry Run key persistence using PowerShell",
  "Step": "11.A.11",
  "TacticGroup": "Persistence",
  "Technique": "T1060",
  "TechniqueName": "Registry Run Keys / Startup Folder"
}
{
  "Detection": [
    "None"
  ],
  "DetectionModifiers": [
    "Host Interrogation",
    "Delayed (Manual)"
  ],
  "DetectionText": [
    "No detection capability demonstrated for this procedure, though the script containing the variables in scope was manually recovered from the system by the analyst, so it is identified as Host Interrogation."
  ],
  "Procedure": "python.exe payload was packed with UPX",
  "Step": "8.B.2",
  "TacticGroup": "Defense Evasion",
  "Technique": "T1045",
  "TechniqueName": "Software Packing"
}
{
  "Detection": [
    "MSSP"
  ],
  "DetectionModifiers": [
    "Delayed (Manual)"
  ],
  "DetectionText": [
    "An MSSP detection contained evidence of the addition of DelegateExecute value in the Registry."
  ],
  "Procedure": "Modified the Registry to enable COM hijacking of sdclt.exe using PowerShell",
  "Step": "3.B.1",
  "TacticGroup": "Defense Evasion",
  "Technique": "T1122",
  "TechniqueName": "Component Object Model Hijacking"
}
{
  "Detection": [
    "MSSP"
  ],
  "DetectionModifiers": [
    "Delayed (Manual)"
  ],
  "DetectionText": [
    "A MSSP detection occurred containing evidence for a well-known UAC bypass technique. "
  ],
  "Procedure": "Modified the Registry to enable COM hijacking of sdclt.exe using PowerShell",
  "Step": "14.A.1",
  "TacticGroup": "Defense Evasion",
  "Technique": "T1122",
  "TechniqueName": "Component Object Model Hijacking"
}
{
  "Detection": [
    "Technique",
    "MSSP",
    "Telemetry"
  ],
  "DetectionModifiers": [
    "Alert",
    "Delayed (Manual)"
  ],
  "DetectionText": [
    "A Technique alert detection (yellow; medium severity) called \"User Execution\" was generated due to execution of rcs.3aka3.doc file by explorer.exe.",
    "An MSSP detection contained evidence of \"User Execution\" due to execution of rcs.3aka3.doc by explorer.exe.",
    "Telemetry showed explorer.exe executing rcs.3aka3.doc."
  ],
  "Procedure": "User Pam executed payload rcs.3aka3.doc",
  "Step": "1.A.1",
  "TacticGroup": "Execution",
  "Technique": "T1204",
  "TechniqueName": "User Execution"
}
{
  "Detection": [
    "Technique",
    "Telemetry"
  ],
  "DetectionModifiers": [
    "Alert"
  ],
  "DetectionText": [
    "A Technique alert detection (yellow tag) called \"User Execution\" was generated due to the execution of powershell.exe from explorer.exe. ",
    "Telemetry showed explorer.exe spawning powershell.exe."
  ],
  "Procedure": "User Oscar executed payload 37486-the-shocking-truth-about-election-rigging-in-america.rtf.lnk",
  "Step": "11.A.1",
  "TacticGroup": "Execution",
  "Technique": "T1204",
  "TechniqueName": "User Execution"
}
{
  "Detection": [
    "MSSP",
    "Telemetry"
  ],
  "DetectionModifiers": [
    "Delayed (Manual)",
    "Correlated"
  ],
  "DetectionText": [
    "An MSSP detection contained evidence of the creation of the javamtsup service.",
    "Telemetry showed a registry event for the creation of javamtsup service. The event was correlated to a parent General detection for suspicious PowerShell."
  ],
  "Procedure": "Created a new service (javamtsup) that executes a service binary (javamtsup.exe) at system startup",
  "Step": "5.A.1",
  "TacticGroup": "Persistence",
  "Technique": "T1050",
  "TechniqueName": "New Service"
}
{
  "Detection": [
    "MSSP"
  ],
  "DetectionModifiers": [
    "Delayed (Manual)"
  ],
  "DetectionText": [
    "An MSSP detection contained evidence of PowerShell loading .Net assemblies to capture screenshots."
  ],
  "Procedure": "Captured and saved screenshots using PowerShell",
  "Step": "7.A.1",
  "TacticGroup": "Collection",
  "Technique": "T1113",
  "TechniqueName": "Screen Capture"
}
{
  "Detection": [
    "Technique",
    "MSSP",
    "Telemetry"
  ],
  "DetectionModifiers": [
    "Alert",
    "Delayed (Manual)"
  ],
  "DetectionText": [
    "A Technique alert detection (yellow; medium severity) called  \"Command Line Interface\" was generated due to cmd.exe spawning from rcs.3aka3.doc\u200b.",
    "An MSSP detection contained evidence of rcs.3aka3.doc\u200b spawning cmd.exe",
    "Telemetry showed rcs.3aka3.doc spawning from cmd.exe."
  ],
  "Procedure": "Spawned interactive cmd.exe",
  "Step": "1.B.1",
  "TacticGroup": "Execution",
  "Technique": "T1059",
  "TechniqueName": "Command-Line Interface"
}
{
  "Detection": [
    "None"
  ],
  "DetectionModifiers": [],
  "DetectionText": [
    "No detection capability demonstrated for this procedure."
  ],
  "Procedure": "Captured clipboard contents using PowerShell",
  "Step": "7.A.2",
  "TacticGroup": "Collection",
  "Technique": "T1115",
  "TechniqueName": "Clipboard Data"
}
{
  "Detection": [
    "None"
  ],
  "DetectionModifiers": [],
  "DetectionText": [
    "No detection capability demonstrated for this procedure."
  ],
  "Procedure": "Enumerated the current domain name using PowerShell",
  "Step": "4.C.4",
  "TacticGroup": "Discovery",
  "Technique": "T1016",
  "TechniqueName": "System Network Configuration Discovery"
}
{
  "Detection": [
    "MSSP"
  ],
  "DetectionModifiers": [
    "Delayed (Manual)"
  ],
  "DetectionText": [
    "An MSSP detection occurred containing evidence of execution of an WMI query for Win32_ComputerSystem."
  ],
  "Procedure": "Checked that the computer is joined to a domain using PowerShell",
  "Step": "11.A.7",
  "TacticGroup": "Discovery",
  "Technique": "T1016",
  "TechniqueName": "System Network Configuration Discovery"
}
{
  "Detection": [
    "MSSP"
  ],
  "DetectionModifiers": [
    "Delayed (Manual)"
  ],
  "DetectionText": [
    "An MSSP detection contained evidence of PowerShell executing the NetWKstaGetInfo API."
  ],
  "Procedure": "Enumerated the domain name using the NetWkstaGetInfo API",
  "Step": "13.B.1",
  "TacticGroup": "Discovery",
  "Technique": "T1016",
  "TechniqueName": "System Network Configuration Discovery"
}
{
  "Detection": [
    "None"
  ],
  "DetectionModifiers": [
    "Host Interrogation",
    "Delayed (Manual)"
  ],
  "DetectionText": [
    "No detection capability demonstrated for this procedure, though the script containing the variables in scope was manually recovered from the system by the analyst, so it is identified as Host Interrogation."
  ],
  "Procedure": "Encrypted data from the user's Downloads directory using PowerShell",
  "Step": "7.B.3",
  "TacticGroup": "Exfiltration",
  "Technique": "T1022",
  "TechniqueName": "Data Encrypted"
}
{
  "Detection": [
    "Technique",
    "MSSP"
  ],
  "DetectionModifiers": [
    "Alert",
    "Correlated",
    "Delayed (Manual)"
  ],
  "DetectionText": [
    "A Technique alert detection (green; low severity) called Data Encrypted was generated due to powershell.exe executing rar.exe with command-line arguments to encrypt working.zip. The event was correlated to a parent Technique detection on powershell.exe.",
    "An MSSP detection contained evidence of execution of rar.exe with command line arguments to encrypt working.zip."
  ],
  "Procedure": "Encrypted staged ZIP (working.zip in AppData directory) into working.zip (on Desktop) using rar.exe",
  "Step": "9.B.6",
  "TacticGroup": "Exfiltration",
  "Technique": "T1022",
  "TechniqueName": "Data Encrypted"
}
{
  "Detection": [
    "MSSP"
  ],
  "DetectionModifiers": [
    "Delayed (Manual)"
  ],
  "DetectionText": [
    "An MSSP detection contained evidence of use of a suspicious Kerberos ticket."
  ],
  "Procedure": "Created Kerberos Golden Ticket using\u00a0Invoke-Mimikatz",
  "Step": "20.B.1",
  "TacticGroup": "Lateral Movement",
  "Technique": "T1097",
  "TechniqueName": "Pass the Ticket"
}
{
  "Detection": [
    "Technique",
    "Telemetry"
  ],
  "DetectionModifiers": [
    "Alert"
  ],
  "DetectionText": [
    "A Technique alert detection (red; high severity) called \"Commonly Used Port\" was generated due to powershell.exe connecting to 192.168.0.5 on TCP 443. ",
    "Telemetry showed powershell.exe connecting to 192.168.0.5 on port 443."
  ],
  "Procedure": "Established C2 channel (192.168.0.5) via PowerShell payload over TCP port 443",
  "Step": "3.B.3",
  "TacticGroup": "Command and Control",
  "Technique": "T1043",
  "TechniqueName": "Commonly Used Port"
}
{
  "Detection": [
    "Technique",
    "MSSP",
    "Telemetry"
  ],
  "DetectionModifiers": [
    "Alert",
    "Delayed (Manual)"
  ],
  "DetectionText": [
    "A Technique alert detection (red indicator) called Commonly Used Port was generated for powershell.exe making a network connection to the C2 (192.168.0.4) over port 443.",
    "An MSSP detection contained evidence of PowerShell establishing C2 with 192.168.0.4 over TCP port 443.",
    "Telemetry showed powershell.exe making a network connection to the C2 (192.168.0.4) over port 443."
  ],
  "Procedure": "Established C2 channel (192.168.0.4) via PowerShell payload over port 443",
  "Step": "11.A.13",
  "TacticGroup": "Command and Control",
  "Technique": "T1043",
  "TechniqueName": "Commonly Used Port"
}
{
  "Detection": [
    "General",
    "Telemetry"
  ],
  "DetectionModifiers": [
    "Alert"
  ],
  "DetectionText": [
    "A General alert detection (red; high severity) was generated for \"PowerShell with network activity\".",
    "Telemetry showed a connection to Scranton (10.0.1.4) over port 5985. "
  ],
  "Procedure": "Established WinRM connection to remote host Scranton (10.0.1.4)",
  "Step": "8.A.2",
  "TacticGroup": "Execution",
  "Technique": "T1028",
  "TechniqueName": "Windows Remote Management"
}
{
  "Detection": [
    "General",
    "MSSP",
    "Telemetry"
  ],
  "DetectionModifiers": [
    "Alert",
    "Delayed (Manual)"
  ],
  "DetectionText": [
    "A General detection alert (red; high severity) for PowerShell with network activity was generated for to powershell.exe making a network connection to remote host NewYork (10.0.0.4) over port 5985.",
    "An MSSP detection contained evidence of a WinRM connection on NewYork (10.0.0.4).",
    "Telemetry showed powershell.exe making a network connection to remote host NewYork (10.0.0.4) over port 5985."
  ],
  "Procedure": "Established a WinRM connection to the domain controller host NewYork (10.0.0.4) ",
  "Step": "16.C.1",
  "TacticGroup": "Execution",
  "Technique": "T1028",
  "TechniqueName": "Windows Remote Management"
}
{
  "Detection": [
    "MSSP"
  ],
  "DetectionModifiers": [
    "Delayed (Manual)"
  ],
  "DetectionText": [
    "An MSSP detection contained evidence of a WinRM session to remote host SchruteFarms (10.0.1.7)."
  ],
  "Procedure": "Established a WinRM connection to the remote host Scranton (10.0.1.4) using the Golden Ticket as credentials",
  "Step": "20.B.2",
  "TacticGroup": "Execution",
  "Technique": "T1028",
  "TechniqueName": "Windows Remote Management"
}
{
  "Detection": [
    "None"
  ],
  "DetectionModifiers": [],
  "DetectionText": [
    "No detection capability demonstrated for this procedure."
  ],
  "Procedure": "Executed the CryptUnprotectedData API call to decrypt Chrome passwords",
  "Step": "6.A.2",
  "TacticGroup": "Credential Access",
  "Technique": "T1003",
  "TechniqueName": "Credential Dumping"
}
{
  "Detection": [
    "None"
  ],
  "DetectionModifiers": [],
  "DetectionText": [
    "No detection capability demonstrated for this procedure."
  ],
  "Procedure": "Dumped password hashes from the Windows Registry by injecting a malicious DLL into Lsass.exe",
  "Step": "6.C.1",
  "TacticGroup": "Credential Access",
  "Technique": "T1003",
  "TechniqueName": "Credential Dumping"
}
{
  "Detection": [
    "Technique",
    "MSSP"
  ],
  "DetectionModifiers": [
    "Alert",
    "Delayed (Manual)"
  ],
  "DetectionText": [
    "A Technique alert detection (red; high severity) called \"mimikatz_command_patterns\" was generated for m.exe executing with command-line arguments indicative of Mimikatz credential dumping.",
    "An MSSP detection contained evidence of Mimikatz dumping credentials."
  ],
  "Procedure": "Dumped plaintext credentials using Mimikatz (m.exe)",
  "Step": "14.B.4",
  "TacticGroup": "Credential Access",
  "Technique": "T1003",
  "TechniqueName": "Credential Dumping"
}
{
  "Detection": [
    "Technique",
    "MSSP"
  ],
  "DetectionModifiers": [
    "Alert",
    "Delayed (Manual)"
  ],
  "DetectionText": [
    "A Technique alert detection (red; high severity) for Credential Dumping was generated for m.exe with command-line arguments indicative of Mimikatz credential dumping. ",
    "An MSSP detection contained evidence of Mimikatz command-line arguments to dump credentials."
  ],
  "Procedure": "Dumped the KRBTGT hash on the domain controller host NewYork (10.0.0.4) using Mimikatz (m.exe)",
  "Step": "16.D.2",
  "TacticGroup": "Credential Access",
  "Technique": "T1003",
  "TechniqueName": "Credential Dumping"
}
{
  "Detection": [
    "MSSP"
  ],
  "DetectionModifiers": [
    "Delayed (Manual)"
  ],
  "DetectionText": [
    "An MSSP detection occurred containing evidence of execution of an WMI query for Win32_BIOS."
  ],
  "Procedure": "Checked that the BIOS version and serial number are not associated with VirtualBox or VMware using PowerShell",
  "Step": "11.A.3",
  "TacticGroup": "Discovery",
  "Technique": "T1497",
  "TechniqueName": "Virtualization/Sandbox Evasion"
}
{
  "Detection": [
    "None"
  ],
  "DetectionModifiers": [],
  "DetectionText": [
    "No detection capability demonstrated for this procedure."
  ],
  "Procedure": "Used HTTPS to transport\u00a0C2 (192.168.0.5) traffic",
  "Step": "3.B.4",
  "TacticGroup": "Command and Control",
  "Technique": "T1071",
  "TechniqueName": "Standard Application Layer Protocol"
}
{
  "Detection": [
    "None"
  ],
  "DetectionModifiers": [],
  "DetectionText": [
    "No detection capability demonstrated for this procedure."
  ],
  "Procedure": "Used HTTPS to transport\u00a0C2 (192.168.0.4) traffic",
  "Step": "11.A.14",
  "TacticGroup": "Command and Control",
  "Technique": "T1071",
  "TechniqueName": "Standard Application Layer Protocol"
}
{
  "Detection": [
    "None"
  ],
  "DetectionModifiers": [],
  "DetectionText": [
    "No detection capability demonstrated for this procedure."
  ],
  "Procedure": "Enumerated anti-virus software using PowerShell",
  "Step": "4.C.7",
  "TacticGroup": "Discovery",
  "Technique": "T1063",
  "TechniqueName": "Security Software Discovery"
}
{
  "Detection": [
    "None"
  ],
  "DetectionModifiers": [],
  "DetectionText": [
    "No detection capability demonstrated for this procedure."
  ],
  "Procedure": "Enumerated firewall software using PowerShell",
  "Step": "4.C.8",
  "TacticGroup": "Discovery",
  "Technique": "T1063",
  "TechniqueName": "Security Software Discovery"
}
{
  "Detection": [
    "MSSP"
  ],
  "DetectionModifiers": [
    "Delayed (Manual)"
  ],
  "DetectionText": [
    "An MSSP detection occurred containing evidence of a PowerShell gwmi query for AntiVirusProduct."
  ],
  "Procedure": "Enumerated registered AV products using PowerShell",
  "Step": "12.B.1",
  "TacticGroup": "Discovery",
  "Technique": "T1063",
  "TechniqueName": "Security Software Discovery"
}
{
  "Detection": [
    "None"
  ],
  "DetectionModifiers": [],
  "DetectionText": [
    "No detection capability demonstrated for this procedure."
  ],
  "Procedure": "Enumerated user's domain group membership via the NetUserGetGroups API",
  "Step": "4.C.9",
  "TacticGroup": "Discovery",
  "Technique": "T1069",
  "TechniqueName": "Permission Groups Discovery"
}
{
  "Detection": [
    "None"
  ],
  "DetectionModifiers": [],
  "DetectionText": [
    "No detection capability demonstrated for this procedure."
  ],
  "Procedure": "Enumerated user's local group membership via\u00a0the NetUserGetLocalGroups API",
  "Step": "4.C.11",
  "TacticGroup": "Discovery",
  "Technique": "T1069",
  "TechniqueName": "Permission Groups Discovery"
}
{
  "Detection": [
    "None"
  ],
  "DetectionModifiers": [],
  "DetectionText": [
    "No detection capability demonstrated for this procedure."
  ],
  "Procedure": "Executed API call by reflectively loading Netapi32.dll",
  "Step": "4.C.10",
  "TacticGroup": "Execution",
  "Technique": "T1106",
  "TechniqueName": "Execution through API"
}
{
  "Detection": [
    "None"
  ],
  "DetectionModifiers": [],
  "DetectionText": [
    "No detection capability demonstrated for this procedure."
  ],
  "Procedure": "Executed API call by reflectively loading Netapi32.dll",
  "Step": "4.C.12",
  "TacticGroup": "Execution",
  "Technique": "T1106",
  "TechniqueName": "Execution through API"
}
{
  "Detection": [
    "None"
  ],
  "DetectionModifiers": [],
  "DetectionText": [
    "No detection capability demonstrated for this procedure."
  ],
  "Procedure": "Executed PowerShell payload via the CreateProcessWithToken API",
  "Step": "10.B.2",
  "TacticGroup": "Execution",
  "Technique": "T1106",
  "TechniqueName": "Execution through API"
}
{
  "Detection": [
    "None"
  ],
  "DetectionModifiers": [],
  "DetectionText": [
    "No detection capability demonstrated for this procedure."
  ],
  "Procedure": "Executed the ConvertSidToStringSid API call by reflectively loading Advapi32.dll",
  "Step": "16.B.2",
  "TacticGroup": "Execution",
  "Technique": "T1106",
  "TechniqueName": "Execution through API"
}
{
  "Detection": [
    "None"
  ],
  "DetectionModifiers": [],
  "DetectionText": [
    "No detection capability demonstrated for this procedure."
  ],
  "Procedure": "Recursively collected files found in C:\\Users\\Pam\\ using PowerShell",
  "Step": "2.A.3",
  "TacticGroup": "Collection",
  "Technique": "T1005",
  "TechniqueName": "Data from Local System"
}
{
  "Detection": [
    "None"
  ],
  "DetectionModifiers": [],
  "DetectionText": [
    "No detection capability demonstrated for this procedure."
  ],
  "Procedure": "Read data in the user's Downloads directory using PowerShell",
  "Step": "7.B.1",
  "TacticGroup": "Collection",
  "Technique": "T1005",
  "TechniqueName": "Data from Local System"
}
{
  "Detection": [
    "None"
  ],
  "DetectionModifiers": [],
  "DetectionText": [
    "No detection capability demonstrated for this procedure."
  ],
  "Procedure": "Recursively collected files found in C:\\Users\\Pam\\ using PowerShell",
  "Step": "9.B.4",
  "TacticGroup": "Collection",
  "Technique": "T1005",
  "TechniqueName": "Data from Local System"
}
{
  "Detection": [
    "None"
  ],
  "DetectionModifiers": [],
  "DetectionText": [
    "No detection capability demonstrated for this procedure."
  ],
  "Procedure": "Read and collected a local file using PowerShell",
  "Step": "17.B.1",
  "TacticGroup": "Collection",
  "Technique": "T1005",
  "TechniqueName": "Data from Local System"
}
{
  "Detection": [
    "MSSP",
    "None"
  ],
  "DetectionModifiers": [
    "Delayed (Manual)",
    "Host Interrogation",
    "Delayed (Manual)"
  ],
  "DetectionText": [
    "An MSSP detection occurred containing evidence of OfficeSupplies.7z being uploaded to 192.168.0.4 using WebDav.",
    "No detection capability demonstrated for this procedure, though the script containing the variables in scope was manually recovered from the system by the analyst, so it is identified as Host Interrogation."
  ],
  "Procedure": "Exfiltrated collection (OfficeSupplies.7z) to WebDAV network share using PowerShell",
  "Step": "7.B.4",
  "TacticGroup": "Exfiltration",
  "Technique": "T1048",
  "TechniqueName": "Exfiltration Over Alternative Protocol"
}
{
  "Detection": [
    "None"
  ],
  "DetectionModifiers": [],
  "DetectionText": [
    "No detection capability demonstrated for this procedure."
  ],
  "Procedure": "Exfiltrated staged collection to an online OneDrive account using PowerShell",
  "Step": "18.A.2",
  "TacticGroup": "Exfiltration",
  "Technique": "T1048",
  "TechniqueName": "Exfiltration Over Alternative Protocol"
}
{
  "Detection": [
    "None"
  ],
  "DetectionModifiers": [],
  "DetectionText": [
    "No detection capability demonstrated for this procedure."
  ],
  "Procedure": "Read the Chrome SQL database file to extract encrypted credentials",
  "Step": "6.A.1",
  "TacticGroup": "Credential Access",
  "Technique": "T1081",
  "TechniqueName": "Credentials in Files"
}
{
  "Detection": [
    "MSSP"
  ],
  "DetectionModifiers": [
    "Delayed (Manual)"
  ],
  "DetectionText": [
    "An MSSP detection occurred containing evidence of timestomping of kxwn.lock."
  ],
  "Procedure": "Modified the time attributes of the kxwn.lock persistence payload using PowerShell",
  "Step": "12.A.2",
  "TacticGroup": "Defense Evasion",
  "Technique": "T1099",
  "TechniqueName": "Timestomp"
}
{
  "Detection": [
    "Telemetry"
  ],
  "DetectionModifiers": [
    "Correlated"
  ],
  "DetectionText": [
    "Telemetry showed file create event for a $RandomFileName.pfx file by powershell.exe. The event was correlated to a parent General detection for suspicious PowerShell."
  ],
  "Procedure": "Exported a local certificate to a PFX file using PowerShell",
  "Step": "6.B.1",
  "TacticGroup": "Credential Access",
  "Technique": "T1145",
  "TechniqueName": "Private Keys"
}
{
  "Detection": [
    "N/A"
  ],
  "DetectionModifiers": [],
  "DetectionText": [
    "Due to execution inconsistencies Step 19 has been omitted from the evaluation results."
  ],
  "Procedure": "Reflectively injected SDelete binary into PowerShell",
  "Step": "19.A.2",
  "TacticGroup": "Defense Evasion",
  "Technique": "T1055",
  "TechniqueName": "Process Injection"
}
{
  "Detection": [
    "N/A"
  ],
  "DetectionModifiers": [],
  "DetectionText": [
    "Due to execution inconsistencies Step 19 has been omitted from the evaluation results."
  ],
  "Procedure": "Reflectively injected SDelete binary into PowerShell",
  "Step": "19.B.2",
  "TacticGroup": "Defense Evasion",
  "Technique": "T1055",
  "TechniqueName": "Process Injection"
}
{
  "Detection": [
    "N/A"
  ],
  "DetectionModifiers": [],
  "DetectionText": [
    "Due to execution inconsistencies Step 19 has been omitted from the evaluation results."
  ],
  "Procedure": "Reflectively injected SDelete binary into PowerShell",
  "Step": "19.C.2",
  "TacticGroup": "Defense Evasion",
  "Technique": "T1055",
  "TechniqueName": "Process Injection"
}
{
  "Detection": [
    "Technique",
    "MSSP",
    "Telemetry"
  ],
  "DetectionModifiers": [
    "Alert",
    "Delayed (Manual)"
  ],
  "DetectionText": [
    "A Technique alert detection (yellow; medium severity) called NTFS File Attributes was generated due to execution of schemas ADS by powershell.exe.",
    "An MSSP detection contained evidence of PowerShell executing schemas ADS via Get-Content and IEX.",
    "Telemetry showed powershell.exe executing the schemas ADS with Get-Content and IEX."
  ],
  "Procedure": "Executed an alternate data stream (ADS) using PowerShell",
  "Step": "11.A.2",
  "TacticGroup": "Defense Evasion",
  "Technique": "T1096",
  "TechniqueName": "NTFS File Attributes"
}
{
  "Detection": [
    "None"
  ],
  "DetectionModifiers": [],
  "DetectionText": [
    "No detection capability demonstrated for this procedure."
  ],
  "Procedure": "Enumerated installed software via the Registry (Wow6432 Uninstall key) using PowerShell",
  "Step": "12.C.1",
  "TacticGroup": "Discovery",
  "Technique": "T1012",
  "TechniqueName": "Query Registry"
}
{
  "Detection": [
    "None"
  ],
  "DetectionModifiers": [],
  "DetectionText": [
    "No detection capability demonstrated for this procedure."
  ],
  "Procedure": "Enumerated installed software via the Registry (Uninstall key) using PowerShell",
  "Step": "12.C.2",
  "TacticGroup": "Discovery",
  "Technique": "T1012",
  "TechniqueName": "Query Registry"
}
{
  "Detection": [
    "Technique",
    "MSSP"
  ],
  "DetectionModifiers": [
    "Alert",
    "Configuration Change (Detections)",
    "Delayed (Manual)"
  ],
  "DetectionText": [
    "A Technique alert detection (green indicator; low severity) called Data Compressed was generated due to the creation of Draft.Zip by powershell.exe.",
    "An MSSP detection contained evidence of draft.zip being created and compressed by PowerShell. "
  ],
  "Procedure": "Compressed and stored files into ZIP (Draft.zip) using PowerShell",
  "Step": "2.A.4",
  "TacticGroup": "Exfiltration",
  "Technique": "T1002",
  "TechniqueName": "Data Compressed"
}
{
  "Detection": [
    "MSSP",
    "Telemetry"
  ],
  "DetectionModifiers": [
    "Correlated"
  ],
  "DetectionText": [
    "An MSSP detection occurred containing evidence of the file create of OfficeSupplies.7z.",
    "Telemetry showed the file write event for OfficeSupplies.7z. The detection was correlated to a parent alert for suspicious PowerShell."
  ],
  "Procedure": "Compressed\u00a0data from the user's Downloads directory into a ZIP file (OfficeSupplies.7z) using PowerShell",
  "Step": "7.B.2",
  "TacticGroup": "Exfiltration",
  "Technique": "T1002",
  "TechniqueName": "Data Compressed"
}
{
  "Detection": [
    "Technique",
    "MSSP"
  ],
  "DetectionModifiers": [
    "Alert",
    "Delayed (Manual)"
  ],
  "DetectionText": [
    "A Technique alert detection (green; low severity) called \"T1002_Data_Compressed\" was generated due to powershell.exe executing rar.exe with command-line arguments indicative of compression. ",
    "An MSSP detection contained evidence of execution of rar.exe with command line arguments to compress working.zip."
  ],
  "Procedure": "Compressed staged ZIP (working.zip in AppData directory) into working.zip (on Desktop) using rar.exe",
  "Step": "9.B.7",
  "TacticGroup": "Exfiltration",
  "Technique": "T1002",
  "TechniqueName": "Data Compressed"
}
{
  "Detection": [
    "MSSP"
  ],
  "DetectionModifiers": [
    "Delayed (Manual)"
  ],
  "DetectionText": [
    "An MSSP detection occurred contained evidence of data compression."
  ],
  "Procedure": "Compressed a staging directory using PowerShell",
  "Step": "17.C.1",
  "TacticGroup": "Exfiltration",
  "Technique": "T1002",
  "TechniqueName": "Data Compressed"
}
{
  "Detection": [
    "None"
  ],
  "DetectionModifiers": [],
  "DetectionText": [
    "No detection capability demonstrated for this procedure."
  ],
  "Procedure": "Read and downloaded ZIP (Draft.zip) over C2 channel (192.168.0.5 over TCP port 1234)",
  "Step": "2.B.1",
  "TacticGroup": "Exfiltration",
  "Technique": "T1041",
  "TechniqueName": "Exfiltration Over Command and Control Channel"
}
{
  "Detection": [
    "None"
  ],
  "DetectionModifiers": [],
  "DetectionText": [
    "No detection capability demonstrated for this procedure."
  ],
  "Procedure": "Read and downloaded ZIP (working.zip on Desktop) over C2 channel (192.168.0.5 over TCP port 8443)",
  "Step": "9.B.8",
  "TacticGroup": "Exfiltration",
  "Technique": "T1041",
  "TechniqueName": "Exfiltration Over Command and Control Channel"
}
{
  "Detection": [
    "None"
  ],
  "DetectionModifiers": [],
  "DetectionText": [
    "No detection capability demonstrated for this procedure."
  ],
  "Procedure": "Enumerated current running processes using PowerShell",
  "Step": "4.B.1",
  "TacticGroup": "Discovery",
  "Technique": "T1057",
  "TechniqueName": "Process Discovery"
}
{
  "Detection": [
    "None"
  ],
  "DetectionModifiers": [],
  "DetectionText": [
    "No detection capability demonstrated for this procedure."
  ],
  "Procedure": "Enumerated the current process ID using PowerShell",
  "Step": "4.C.5",
  "TacticGroup": "Discovery",
  "Technique": "T1057",
  "TechniqueName": "Process Discovery"
}
{
  "Detection": [
    "None"
  ],
  "DetectionModifiers": [],
  "DetectionText": [
    "No detection capability demonstrated for this procedure."
  ],
  "Procedure": "Enumerated processes on remote host Scranton (10.0.1.4) using PowerShell",
  "Step": "8.A.3",
  "TacticGroup": "Discovery",
  "Technique": "T1057",
  "TechniqueName": "Process Discovery"
}
{
  "Detection": [
    "MSSP"
  ],
  "DetectionModifiers": [
    "Delayed (Manual)"
  ],
  "DetectionText": [
    "An MSSP detection occurred containing evidence of execution of an WMI query for Win32_Process."
  ],
  "Procedure": "Checked that processes such as procexp.exe, taskmgr.exe, or wireshark.exe are not running using PowerShell",
  "Step": "11.A.8",
  "TacticGroup": "Discovery",
  "Technique": "T1057",
  "TechniqueName": "Process Discovery"
}
{
  "Detection": [
    "MSSP"
  ],
  "DetectionModifiers": [
    "Delayed (Manual)"
  ],
  "DetectionText": [
    "An MSSP detection occurred containing evidence of PowerShell executing the CreateToolhelp32Snapshot API."
  ],
  "Procedure": "Enumerated running processes using the CreateToolhelp32Snapshot API",
  "Step": "13.D.1",
  "TacticGroup": "Discovery",
  "Technique": "T1057",
  "TechniqueName": "Process Discovery"
}
{
  "Detection": [
    "MSSP"
  ],
  "DetectionModifiers": [
    "Delayed (Manual)"
  ],
  "DetectionText": [
    "An MSSP detection contained evidence of PowerShell collecting information about running processes."
  ],
  "Procedure": "Enumerated and tracked PowerShell processes using PowerShell",
  "Step": "14.B.2",
  "TacticGroup": "Discovery",
  "Technique": "T1057",
  "TechniqueName": "Process Discovery"
}
{
  "Detection": [
    "MSSP"
  ],
  "DetectionModifiers": [
    "Delayed (Manual)"
  ],
  "DetectionText": [
    "An MSSP detection contained evidence of PowerShell loading .NET assemblies to capture key strokes."
  ],
  "Procedure": "Captured user keystrokes using the GetAsyncKeyState API",
  "Step": "7.A.3",
  "TacticGroup": "Collection",
  "Technique": "T1056",
  "TechniqueName": "Input Capture"
}
{
  "Detection": [
    "None"
  ],
  "DetectionModifiers": [],
  "DetectionText": [
    "No detection capability demonstrated for this procedure."
  ],
  "Procedure": "Enumerated the current username using PowerShell",
  "Step": "4.C.2",
  "TacticGroup": "Discovery",
  "Technique": "T1033",
  "TechniqueName": "System Owner/User Discovery"
}
{
  "Detection": [
    "MSSP"
  ],
  "DetectionModifiers": [
    "Delayed (Manual)"
  ],
  "DetectionText": [
    "An MSSP detection occurred containing evidence of execution of an WMI query for Win32_ComputerSystem."
  ],
  "Procedure": "Checked that the username is not related to admin or a generic value (ex: user) using PowerShell",
  "Step": "11.A.6",
  "TacticGroup": "Discovery",
  "Technique": "T1033",
  "TechniqueName": "System Owner/User Discovery"
}
{
  "Detection": [
    "MSSP"
  ],
  "DetectionModifiers": [
    "Delayed (Manual)"
  ],
  "DetectionText": [
    "An MSSP detection contained evidence of PowerShell executing the GetUserNameEx API."
  ],
  "Procedure": "Enumerated the current username using the GetUserNameEx API",
  "Step": "13.C.1",
  "TacticGroup": "Discovery",
  "Technique": "T1033",
  "TechniqueName": "System Owner/User Discovery"
}
{
  "Detection": [
    "None"
  ],
  "DetectionModifiers": [],
  "DetectionText": [
    "No detection capability demonstrated for this procedure."
  ],
  "Procedure": "Enumerated logged on users using PowerShell",
  "Step": "15.A.1",
  "TacticGroup": "Discovery",
  "Technique": "T1033",
  "TechniqueName": "System Owner/User Discovery"
}
{
  "Detection": [
    "None"
  ],
  "DetectionModifiers": [],
  "DetectionText": [
    "No detection capability demonstrated for this procedure."
  ],
  "Procedure": "Enumerated the domain SID (from current user SID) using\u00a0the ConvertSidToStringSid API",
  "Step": "16.B.1",
  "TacticGroup": "Discovery",
  "Technique": "T1033",
  "TechniqueName": "System Owner/User Discovery"
}
{
  "Detection": [
    "None"
  ],
  "DetectionModifiers": [],
  "DetectionText": [
    "No detection capability demonstrated for this procedure."
  ],
  "Procedure": "Searched filesystem for document and media files using PowerShell\u00a0",
  "Step": "2.A.1",
  "TacticGroup": "Discovery",
  "Technique": "T1083",
  "TechniqueName": "File and Directory Discovery"
}
{
  "Detection": [
    "None"
  ],
  "DetectionModifiers": [],
  "DetectionText": [
    "No detection capability demonstrated for this procedure."
  ],
  "Procedure": "Enumerated user's temporary directory path using PowerShell",
  "Step": "4.C.1",
  "TacticGroup": "Discovery",
  "Technique": "T1083",
  "TechniqueName": "File and Directory Discovery"
}
{
  "Detection": [
    "None"
  ],
  "DetectionModifiers": [],
  "DetectionText": [
    "No detection capability demonstrated for this procedure."
  ],
  "Procedure": "Searched filesystem for document and media files using PowerShell",
  "Step": "9.B.2",
  "TacticGroup": "Discovery",
  "Technique": "T1083",
  "TechniqueName": "File and Directory Discovery"
}
{
  "Detection": [
    "None"
  ],
  "DetectionModifiers": [],
  "DetectionText": [
    "No detection capability demonstrated for this procedure."
  ],
  "Procedure": "Checked that the payload is not inside a folder path that contains \"sample\" or is the length of a hash value using PowerShell",
  "Step": "11.A.9",
  "TacticGroup": "Discovery",
  "Technique": "T1083",
  "TechniqueName": "File and Directory Discovery"
}
{
  "Detection": [
    "None"
  ],
  "DetectionModifiers": [],
  "DetectionText": [
    "No detection capability demonstrated for this procedure."
  ],
  "Procedure": "Enumerated the System32 directory using PowerShell",
  "Step": "12.A.1",
  "TacticGroup": "Discovery",
  "Technique": "T1083",
  "TechniqueName": "File and Directory Discovery"
}
{
  "Detection": [
    "MSSP",
    "Telemetry"
  ],
  "DetectionModifiers": [
    "Delayed (Manual)"
  ],
  "DetectionText": [
    "An MSSP detection contained evidence of sdelete64.exe deleting rcs.3aka3.doc.",
    "Telemetry showed sdelete.exe running with command-line arguments to delete the file."
  ],
  "Procedure": "Deleted rcs.3aka3.doc on disk using SDelete",
  "Step": "4.B.2",
  "TacticGroup": "Defense Evasion",
  "Technique": "T1107",
  "TechniqueName": "File Deletion"
}
{
  "Detection": [
    "MSSP",
    "Telemetry"
  ],
  "DetectionModifiers": [
    "Delayed (Manual)"
  ],
  "DetectionText": [
    "An MSSP detection contained evidence of sdelete64.exe deleting Draft.Zip.",
    "Telemetry showed sdelete.exe running with command-line arguments to delete the file."
  ],
  "Procedure": "Deleted Draft.zip on disk using SDelete",
  "Step": "4.B.3",
  "TacticGroup": "Defense Evasion",
  "Technique": "T1107",
  "TechniqueName": "File Deletion"
}
{
  "Detection": [
    "MSSP",
    "Telemetry"
  ],
  "DetectionModifiers": [
    "Delayed (Manual)"
  ],
  "DetectionText": [
    "An MSSP detection contained evidence of sdelete64.exe deleting SysinternalsSuite.zip.",
    "Telemetry showed sdelete.exe running with command-line arguments to delete the file."
  ],
  "Procedure": "Deleted SysinternalsSuite.zip on disk using SDelete",
  "Step": "4.B.4",
  "TacticGroup": "Defense Evasion",
  "Technique": "T1107",
  "TechniqueName": "File Deletion"
}
{
  "Detection": [
    "Telemetry"
  ],
  "DetectionModifiers": [],
  "DetectionText": [
    "Telemetry showed sdelete64.exe with command-line arguments to delete rar.exe."
  ],
  "Procedure": "Deleted rar.exe on disk using SDelete",
  "Step": "9.C.1",
  "TacticGroup": "Defense Evasion",
  "Technique": "T1107",
  "TechniqueName": "File Deletion"
}
{
  "Detection": [
    "Telemetry"
  ],
  "DetectionModifiers": [],
  "DetectionText": [
    "Telemetry showed sdelete64.exe with command-line arguments to delete Desktop\\working.zip."
  ],
  "Procedure": "Deleted working.zip (from Desktop) on disk using SDelete",
  "Step": "9.C.2",
  "TacticGroup": "Defense Evasion",
  "Technique": "T1107",
  "TechniqueName": "File Deletion"
}
{
  "Detection": [
    "Telemetry"
  ],
  "DetectionModifiers": [],
  "DetectionText": [
    "Telemetry showed sdelete64.exe with command-line arguments to delete Roaming\\working.zip. "
  ],
  "Procedure": "Deleted working.zip (from AppData directory) on disk using SDelete",
  "Step": "9.C.3",
  "TacticGroup": "Defense Evasion",
  "Technique": "T1107",
  "TechniqueName": "File Deletion"
}
{
  "Detection": [
    "None"
  ],
  "DetectionModifiers": [],
  "DetectionText": [
    "No detection capability demonstrated for this procedure."
  ],
  "Procedure": "Deleted SDelete on disk using cmd.exe del command",
  "Step": "9.C.4",
  "TacticGroup": "Defense Evasion",
  "Technique": "T1107",
  "TechniqueName": "File Deletion"
}
{
  "Detection": [
    "N/A"
  ],
  "DetectionModifiers": [],
  "DetectionText": [
    "Due to execution inconsistencies Step 19 has been omitted from the evaluation results."
  ],
  "Procedure": "Deleted Mimikatz (m.exe) on disk using SDelete",
  "Step": "19.A.1",
  "TacticGroup": "Defense Evasion",
  "Technique": "T1107",
  "TechniqueName": "File Deletion"
}
{
  "Detection": [
    "N/A"
  ],
  "DetectionModifiers": [],
  "DetectionText": [
    "Due to execution inconsistencies Step 19 has been omitted from the evaluation results."
  ],
  "Procedure": "Deleted exfiltrated data on disk using SDelete",
  "Step": "19.B.1",
  "TacticGroup": "Defense Evasion",
  "Technique": "T1107",
  "TechniqueName": "File Deletion"
}
{
  "Detection": [
    "N/A"
  ],
  "DetectionModifiers": [],
  "DetectionText": [
    "Due to execution inconsistencies Step 19 has been omitted from the evaluation results."
  ],
  "Procedure": "Deleted staged data on disk using SDelete",
  "Step": "19.C.1",
  "TacticGroup": "Defense Evasion",
  "Technique": "T1107",
  "TechniqueName": "File Deletion"
}
{
  "Detection": [
    "MSSP",
    "Telemetry"
  ],
  "DetectionModifiers": [
    "Delayed (Manual)"
  ],
  "DetectionText": [
    "An MSSP detection contained evidence of PowerShell interacting with Outlook.",
    "Telemetry showed outlook.exe spawning from svchost.exe, which is indicative of programmatic access to Outlook emails."
  ],
  "Procedure": "Dumped messages from the local Outlook inbox using PowerShell",
  "Step": "17.A.1",
  "TacticGroup": "Collection",
  "Technique": "T1114",
  "TechniqueName": "Email Collection"
}
{
  "Detection": [
    "None"
  ],
  "DetectionModifiers": [],
  "DetectionText": [
    "No detection capability demonstrated for this procedure."
  ],
  "Procedure": "Manipulated the token of the PowerShell payload via the CreateProcessWithToken API",
  "Step": "10.B.3",
  "TacticGroup": "Defense Evasion",
  "Technique": "T1134",
  "TechniqueName": "Access Token Manipulation"
}
{
  "Detection": [
    "MSSP",
    "Telemetry"
  ],
  "DetectionModifiers": [
    "Delayed (Manual)"
  ],
  "DetectionText": [
    "An MSSP detection occurred containing evidence of powershell.exe decompressing SysinternalsSuite.zip via Expand-Archive.",
    "Telemetry showed PowerShell writing the files that were decompressed from the ZIP. "
  ],
  "Procedure": "Decompressed ZIP (SysinternalsSuite.zip) file using PowerShell",
  "Step": "4.A.3",
  "TacticGroup": "Defense Evasion",
  "Technique": "T1140",
  "TechniqueName": "Deobfuscate/Decode Files or Information"
}
{
  "Detection": [
    "Technique",
    "MSSP",
    "Telemetry"
  ],
  "DetectionModifiers": [
    "Alert",
    "Delayed (Manual)"
  ],
  "DetectionText": [
    "A Technique alert detection (yellow; medium severity) called \"suspicious_certutil_usage_decoding\" was generated due to certutil.exe decoding kxwn.lock. ",
    "An MSSP detection contained evidence of certutil.exe decoding the kxwn.lock payload.",
    "Telemetry showed the certutil.exe process and corresponding file write of the kxwn.lock payload."
  ],
  "Procedure": "Decoded an embedded DLL payload to disk using certutil.exe",
  "Step": "11.A.10",
  "TacticGroup": "Defense Evasion",
  "Technique": "T1140",
  "TechniqueName": "Deobfuscate/Decode Files or Information"
}
{
  "Detection": [
    "None"
  ],
  "DetectionModifiers": [],
  "DetectionText": [
    "No detection capability demonstrated for this procedure."
  ],
  "Procedure": "Read and decoded Mimikatz output from a WMI class property using PowerShell",
  "Step": "14.B.6",
  "TacticGroup": "Defense Evasion",
  "Technique": "T1140",
  "TechniqueName": "Deobfuscate/Decode Files or Information"
}
{
  "Detection": [
    "MSSP"
  ],
  "DetectionModifiers": [
    "Delayed (Manual)"
  ],
  "DetectionText": [
    "An MSSP detection contained evidence of the creation of the user Toby on Scranton (10.0.1.4)."
  ],
  "Procedure": "Added a new user to the remote host Scranton (10.0.1.4) using net.exe",
  "Step": "20.B.3",
  "TacticGroup": "Persistence",
  "Technique": "T1136",
  "TechniqueName": "Create Account"
}
{
  "Detection": [
    "MSSP",
    "Telemetry"
  ],
  "DetectionModifiers": [
    "Delayed (Manual)",
    "Correlated"
  ],
  "DetectionText": [
    "An MSSP detection contained evidence of the creation of Draft.Zip by powershell.exe.",
    "Telemetry showed the creation of Draft.Zip. The event was correlated to a parent Technique detection for a suspicious PowerShell process."
  ],
  "Procedure": "Staged files for exfiltration into ZIP (Draft.zip) using PowerShell",
  "Step": "2.A.5",
  "TacticGroup": "Collection",
  "Technique": "T1074",
  "TechniqueName": "Data Staged"
}
{
  "Detection": [
    "MSSP",
    "Telemetry"
  ],
  "DetectionModifiers": [
    "Delayed (Manual)"
  ],
  "DetectionText": [
    "An MSSP detection contained evidence of the creation of working.zip.",
    "Telemetry showed a file create event for powershell.exe creating working.zip."
  ],
  "Procedure": "Staged files for exfiltration into ZIP (working.zip in AppData directory) using PowerShell",
  "Step": "9.B.5",
  "TacticGroup": "Collection",
  "Technique": "T1074",
  "TechniqueName": "Data Staged"
}
{
  "Detection": [
    "MSSP",
    "Telemetry"
  ],
  "DetectionModifiers": [
    "Delayed (Manual)"
  ],
  "DetectionText": [
    "An MSSP detection occurred containing the file write event for WindowsParentalControlMigration\\MITRE-ATTACK-EVALS.HTML.",
    "Telemetry showed the file create event for MITRE-ATTACK-EVALS.HTML."
  ],
  "Procedure": "Staged collected file into directory using PowerShell",
  "Step": "17.B.2",
  "TacticGroup": "Collection",
  "Technique": "T1074",
  "TechniqueName": "Data Staged"
}
{
  "Detection": [
    "MSSP"
  ],
  "DetectionModifiers": [
    "Delayed (Manual)"
  ],
  "DetectionText": [
    "An MSSP detection contained evidence of WMI persistence established for user Oscar."
  ],
  "Procedure": "Established WMI event subscription persistence using PowerShell",
  "Step": "15.A.2",
  "TacticGroup": "Persistence",
  "Technique": "T1084",
  "TechniqueName": "Windows Management Instrumentation Event Subscription"
}
{
  "Detection": [
    "Technique",
    "MSSP",
    "Telemetry"
  ],
  "DetectionModifiers": [
    "Alert",
    "Delayed (Manual)"
  ],
  "DetectionText": [
    "A Technique alert detection (red; high severity) called \"WMI Event Consumer Triggered\" was generated due to wmiprvse.exe executing powershell.exe. ",
    "An MSSP detection contained evidence of wmiprvse.exe executing the PowerShell stager.",
    "Telemetry showed wmiprvse.exe executing the PowerShell stager."
  ],
  "Procedure": "Executed WMI persistence on user login",
  "Step": "20.A.2",
  "TacticGroup": "Persistence",
  "Technique": "T1084",
  "TechniqueName": "Windows Management Instrumentation Event Subscription"
}
{
  "Detection": [
    "None"
  ],
  "DetectionModifiers": [],
  "DetectionText": [
    "No detection capability demonstrated for this procedure."
  ],
  "Procedure": "Enumerated the computer hostname using PowerShell",
  "Step": "4.C.3",
  "TacticGroup": "Discovery",
  "Technique": "T1082",
  "TechniqueName": "System Information Discovery"
}
{
  "Detection": [
    "None"
  ],
  "DetectionModifiers": [],
  "DetectionText": [
    "No detection capability demonstrated for this procedure."
  ],
  "Procedure": "Enumerated the OS version using PowerShell",
  "Step": "4.C.6",
  "TacticGroup": "Discovery",
  "Technique": "T1082",
  "TechniqueName": "System Information Discovery"
}
{
  "Detection": [
    "MSSP"
  ],
  "DetectionModifiers": [
    "Delayed (Manual)"
  ],
  "DetectionText": [
    "An MSSP detection occurred containing evidence of execution of WMI queries for Win32_BIOS and Win32_ComputerSystem."
  ],
  "Procedure": "Enumerated computer manufacturer, model, and version information using PowerShell",
  "Step": "11.A.4",
  "TacticGroup": "Discovery",
  "Technique": "T1082",
  "TechniqueName": "System Information Discovery"
}
{
  "Detection": [
    "MSSP"
  ],
  "DetectionModifiers": [
    "Delayed (Manual)"
  ],
  "DetectionText": [
    "An MSSP detection occurred containing evidence of PowerShell executing the GetComputerNameEx API."
  ],
  "Procedure": "Enumerated the computer name using the GetComputerNameEx API",
  "Step": "13.A.1",
  "TacticGroup": "Discovery",
  "Technique": "T1082",
  "TechniqueName": "System Information Discovery"
}
{
  "Detection": [
    "MSSP",
    "Telemetry"
  ],
  "DetectionModifiers": [
    "Delayed (Manual)"
  ],
  "DetectionText": [
    "An MSSP detection occurred containing evidence of psexec64 establishing an IPC share on Scranton (10.0.1.4).",
    "Telemetry showed an SMB session from Nashua (10.0.1.6) to Scranton (10.0.1.4) over TCP port 135."
  ],
  "Procedure": "Established SMB session to remote host Scranton's (10.0.1.4) IPC$ share using PsExec",
  "Step": "8.C.2",
  "TacticGroup": "Lateral Movement",
  "Technique": "T1077",
  "TechniqueName": "Windows Admin Shares"
}
{
  "Detection": [
    "Technique",
    "MSSP",
    "Telemetry"
  ],
  "DetectionModifiers": [
    "Alert",
    "Delayed (Manual)"
  ],
  "DetectionText": [
    "A Technique alert detection (red; high severity) called \"commandline_wmi_event_consumer_triggered\"  was generated due to WmiPrvSE.exe executing powershell.exe.",
    "An MSSP detection contained evidence of WmiPrvSE.exe executing powershell.exe to execute the Win32_AuditCode WMI class.",
    "Telemetry showed WmiPrvSE.exe executing powershell.exe."
  ],
  "Procedure": "Created and executed a WMI class using PowerShell",
  "Step": "14.B.1",
  "TacticGroup": "Execution",
  "Technique": "T1047",
  "TechniqueName": "Windows Management Instrumentation"
}
{
  "Detection": [
    "General",
    "MSSP",
    "Telemetry"
  ],
  "DetectionModifiers": [
    "Alert",
    "Delayed (Manual)"
  ],
  "DetectionText": [
    "A General alert detection (red; high severity) for \"Suspicious PowerShell\" was generated due to execution of powershell.exe by control.exe. ",
    "An MSSP detection for \"Possible UAC Bypass\" contained evidence of a new highiIntegrity PowerShell callback spawning from control.exe.",
    "Telemetry showed PowerShell spawning from control.exe\u200b\u200b."
  ],
  "Procedure": "Executed elevated PowerShell payload",
  "Step": "3.B.2",
  "TacticGroup": "Privilege Escalation",
  "Technique": "T1088",
  "TechniqueName": "Bypass User Account Control"
}
{
  "Detection": [
    "General",
    "MSSP"
  ],
  "DetectionModifiers": [
    "Alert",
    "Delayed (Manual)"
  ],
  "DetectionText": [
    "A General alert detection (red; high severity) for \"Suspicious PowerShell\" was generated due to execution of powershell.exe by control.exe.",
    "An MSSP detection contained evidence of High Integrity PowerShell process spawned from control.exe."
  ],
  "Procedure": "Executed elevated PowerShell payload",
  "Step": "14.A.2",
  "TacticGroup": "Privilege Escalation",
  "Technique": "T1088",
  "TechniqueName": "Bypass User Account Control"
}
{
  "Detection": [
    "Technique",
    "MSSP",
    "Telemetry"
  ],
  "DetectionModifiers": [
    "Correlated",
    "Alert",
    "Delayed (Manual)"
  ],
  "DetectionText": [
    "A Technique alert detection (red; high severity) for suspicious command-line obfuscation was generated for PowerShell extracting and executing the code embedded within monkey.png. The detection was correlated to a parent alert for suspicious PowerShell.",
    "An MSSP detection contained evidence of a PowerShell script in monkey.png.",
    "Telemetry showed PowerShell extracting and executing the code embedded within monkey.png."
  ],
  "Procedure": "Embedded PowerShell payload in monkey.png using steganography",
  "Step": "3.A.2",
  "TacticGroup": "Defense Evasion",
  "Technique": "T1027",
  "TechniqueName": "Obfuscated Files or Information"
}
{
  "Detection": [
    "None"
  ],
  "DetectionModifiers": [],
  "DetectionText": [
    "No detection capability demonstrated for this procedure."
  ],
  "Procedure": "Encoded and wrote Mimikatz output to a WMI class property using PowerShell",
  "Step": "14.B.5",
  "TacticGroup": "Defense Evasion",
  "Technique": "T1027",
  "TechniqueName": "Obfuscated Files or Information"
}
{
  "Detection": [
    "MSSP"
  ],
  "DetectionModifiers": [
    "Delayed (Manual)"
  ],
  "DetectionText": [
    "An MSSP detection contained evidence that WindowsParentalControlMigration.tmp was a ZIP archive with a gif file header."
  ],
  "Procedure": "Prepended the GIF file header to a compressed staging file using PowerShell",
  "Step": "17.C.2",
  "TacticGroup": "Defense Evasion",
  "Technique": "T1027",
  "TechniqueName": "Obfuscated Files or Information"
}
{
  "Detection": [
    "Telemetry"
  ],
  "DetectionModifiers": [],
  "DetectionText": [
    "Telemetry showed the rcs.3aka3.doc process connecting to 192.168.0.5 on TCP port 1234."
  ],
  "Procedure": "Established C2 channel (192.168.0.5) via rcs.3aka3.doc payload over TCP port 1234",
  "Step": "1.A.3",
  "TacticGroup": "Command and Control",
  "Technique": "T1065",
  "TechniqueName": "Uncommonly Used Port"
}
{
  "Detection": [
    "MSSP"
  ],
  "DetectionModifiers": [
    "Delayed (Manual)"
  ],
  "DetectionText": [
    "An MSSP detection occurred containing evidence for the execution of an WMI query for Win32_PnPEntity."
  ],
  "Procedure": "Enumerated devices/adapters to check for presence of VirtualBox driver(s) using PowerShell",
  "Step": "11.A.5",
  "TacticGroup": "Discovery",
  "Technique": "T1120",
  "TechniqueName": "Peripheral Device Discovery"
}
{
  "Detection": [
    "None"
  ],
  "DetectionModifiers": [],
  "DetectionText": [
    "No detection capability demonstrated for this procedure."
  ],
  "Procedure": "Scripted search of filesystem for document and media files using PowerShell\u00a0",
  "Step": "2.A.2",
  "TacticGroup": "Collection",
  "Technique": "T1119",
  "TechniqueName": "Automated Collection"
}
{
  "Detection": [
    "None"
  ],
  "DetectionModifiers": [],
  "DetectionText": [
    "No detection capability demonstrated for this procedure."
  ],
  "Procedure": "Scripted search of filesystem for document and media files using PowerShell\u00a0",
  "Step": "9.B.3",
  "TacticGroup": "Collection",
  "Technique": "T1119",
  "TechniqueName": "Automated Collection"
}
