{
  "Detection": [
    "MSSP",
    "Telemetry"
  ],
  "DetectionModifiers": [
    "Delayed (Manual)",
    "Correlated"
  ],
  "DetectionText": [
    "An MSSP detection for \"T1043\" occurred containing evidence of powershell.exe connecting to 192.168.0.5 on TCP 443.",
    "Telemetry showed powershell.exe connecting outbound to 192.168.0.5 on TCP 443. The detection was correlated to a parent grouping of malicious activity."
  ],
  "Procedure": "Established C2 channel (192.168.0.5) via PowerShell payload over TCP port 443",
  "Step": "3.B.3",
  "TacticGroup": "Command and Control",
  "Technique": "T1043",
  "TechniqueName": "Commonly Used Port"
}
{
  "Detection": [
    "MSSP",
    "Telemetry"
  ],
  "DetectionModifiers": [
    "Delayed (Manual)"
  ],
  "DetectionText": [
    "An MSSP detection for \"T1043\" occurred containing evidence of PowerShell making network connection to C2 (192.168.0.4) over port 443 via HTTPS.",
    "Telemetry showed powershell.exe making a network connection to the C2 (192.168.0.4) over port 443."
  ],
  "Procedure": "Established C2 channel (192.168.0.4) via PowerShell payload over port 443",
  "Step": "11.A.13",
  "TacticGroup": "Command and Control",
  "Technique": "T1043",
  "TechniqueName": "Commonly Used Port"
}
{
  "Detection": [
    "MSSP",
    "Telemetry"
  ],
  "DetectionModifiers": [
    "Delayed (Manual)",
    "Correlated"
  ],
  "DetectionText": [
    "An MSSP detection for \"T1140\" occurred containing evidence of the extracted root folder being created, and the contents extracted.",
    "Telemetry showed PowerShell decompressing the ZIP via Expand-Archive and corresponding file writes. The detection was correlated to a parent grouping of malicious activity."
  ],
  "Procedure": "Decompressed ZIP (SysinternalsSuite.zip) file using PowerShell",
  "Step": "4.A.3",
  "TacticGroup": "Defense Evasion",
  "Technique": "T1140",
  "TechniqueName": "Deobfuscate/Decode Files or Information"
}
{
  "Detection": [
    "MSSP",
    "Telemetry"
  ],
  "DetectionModifiers": [
    "Delayed (Manual)"
  ],
  "DetectionText": [
    "An MSSP detection for \"T1140\" occurred containing evidence of certutil.exe decoding kxwn.lock with command-line arguments.",
    "Telemetry showed the certutil.exe process and corresponding file write of the kxwn.lock payload."
  ],
  "Procedure": "Decoded an embedded DLL payload to disk using certutil.exe",
  "Step": "11.A.10",
  "TacticGroup": "Defense Evasion",
  "Technique": "T1140",
  "TechniqueName": "Deobfuscate/Decode Files or Information"
}
{
  "Detection": [
    "MSSP",
    "Telemetry"
  ],
  "DetectionModifiers": [
    "Delayed (Manual)",
    "Correlated",
    "Configuration Change (UX)"
  ],
  "DetectionText": [
    "An MSSP detection for \"T1027\" occurred containing evidence of \"wmidump\" function definition and WMI indicators reading from Win32_AuditCode.",
    "Telemetry showed PowerShell reading encoded content from the WMI class. The detection was correlated to a parent grouping of malicious activity."
  ],
  "Procedure": "Read and decoded Mimikatz output from a WMI class property using PowerShell",
  "Step": "14.B.6",
  "TacticGroup": "Defense Evasion",
  "Technique": "T1140",
  "TechniqueName": "Deobfuscate/Decode Files or Information"
}
{
  "Detection": [
    "MSSP",
    "Telemetry"
  ],
  "DetectionModifiers": [
    "Delayed (Manual)",
    "Correlated"
  ],
  "DetectionText": [
    "An MSSP detection for \"T1122\" occurred containing evidence of DelegateExecute subkey being added to the Registry.",
    "Telemetry showed addition of the DelegateExecute Registry Value. The detection was correlated to a parent grouping of malicious activity."
  ],
  "Procedure": "Modified the Registry to enable COM hijacking of sdclt.exe using PowerShell",
  "Step": "3.B.1",
  "TacticGroup": "Defense Evasion",
  "Technique": "T1122",
  "TechniqueName": "Component Object Model Hijacking"
}
{
  "Detection": [
    "MSSP",
    "Telemetry"
  ],
  "DetectionModifiers": [
    "Delayed (Manual)",
    "Correlated",
    "Configuration Change (UX)"
  ],
  "DetectionText": [
    "An MSSP detection for \"T1122\" occurred containing evidence of \"bypass\" function definition with Software\\classes\\folder Registry key being modified and leveraged in COM hijacking.",
    "Telemetry showed PowerShell function definition of \"bypass\" which adds the DelegateExecute subkey. The detection was correlated to a parent grouping of malicious activity."
  ],
  "Procedure": "Modified the Registry to enable COM hijacking of sdclt.exe using PowerShell",
  "Step": "14.A.1",
  "TacticGroup": "Defense Evasion",
  "Technique": "T1122",
  "TechniqueName": "Component Object Model Hijacking"
}
{
  "Detection": [
    "MSSP"
  ],
  "DetectionModifiers": [
    "Delayed (Manual)"
  ],
  "DetectionText": [
    "An MSSP detection for \"basic discovery\" containing evidence of $env:USERDOMAIN usage."
  ],
  "Procedure": "Enumerated the current domain name using PowerShell",
  "Step": "4.C.4",
  "TacticGroup": "Discovery",
  "Technique": "T1016",
  "TechniqueName": "System Network Configuration Discovery"
}
{
  "Detection": [
    "Technique",
    "MSSP",
    "Telemetry"
  ],
  "DetectionModifiers": [
    "Alert",
    "Delayed (Manual)"
  ],
  "DetectionText": [
    "A Technique alert detection for \"SuspiciousWMIQuery\" under \"Discovery {T1016}\" was generated on a suspicious WMI query targeting Win32_ComputerSystem.",
    "An MSSP detection for \"information discovery\" occurred containing evidence of WMI query targeting Win32_ComputerSystem.",
    "Telemetry showed powershell.exe gwmi query for Win32_ComputerSystem."
  ],
  "Procedure": "Checked that the computer is joined to a domain using PowerShell",
  "Step": "11.A.7",
  "TacticGroup": "Discovery",
  "Technique": "T1016",
  "TechniqueName": "System Network Configuration Discovery"
}
{
  "Detection": [
    "MSSP",
    "Telemetry"
  ],
  "DetectionModifiers": [
    "Delayed (Manual)",
    "Correlated",
    "Configuration Change (UX)"
  ],
  "DetectionText": [
    "An MSSP detection occurred containing evidence of PowerShell calling the NetWkstaGetInfo API.",
    "Telemetry showed PowerShell calling the NetWkstaGetInfo API. The detection was correlated to a parent grouping of malicious activity."
  ],
  "Procedure": "Enumerated the domain name using the NetWkstaGetInfo API",
  "Step": "13.B.1",
  "TacticGroup": "Discovery",
  "Technique": "T1016",
  "TechniqueName": "System Network Configuration Discovery"
}
{
  "Detection": [
    "Technique",
    "MSSP",
    "Telemetry"
  ],
  "DetectionModifiers": [
    "Configuration Change (Detections)",
    "Correlated",
    "Alert",
    "Delayed (Manual)",
    "Correlated",
    "Configuration Change (Detections)"
  ],
  "DetectionText": [
    "A Technique alert detection for \"Data from Local System {T1005}\" was generated on powershell.exe executing Get-ChildItem and reading C:\\Users\\Pam\\*. The detection was correlated to a parent grouping of malicious activity.",
    "An MSSP detection for \"PowerShell is seen enumerating the system and searching for files\" contained evidence of file reads to C:/Users/Pam/*.",
    "Telemetry showed powershell.exe reading files from C:\\Users\\Pam\\*. The detection was correlated to a parent grouping of malicious activity."
  ],
  "Procedure": "Recursively collected files found in C:\\Users\\Pam\\ using PowerShell",
  "Step": "2.A.3",
  "TacticGroup": "Collection",
  "Technique": "T1005",
  "TechniqueName": "Data from Local System"
}
{
  "Detection": [
    "Technique",
    "None"
  ],
  "DetectionModifiers": [
    "Correlated",
    "Configuration Change (Detections)",
    "Alert",
    "Host Interrogation",
    "Delayed (Manual)"
  ],
  "DetectionText": [
    "A Technique alert detection for \"Data from Local System {T1005}\" was generated due to powershell.exe reading files from C:\\Users\\pam\\Downloads. The detection was correlated to a parent grouping of malicious activity.",
    "No detection capability demonstrated for this procedure, though data showing file reads was retrieved from the encrypted cache on the host by an analyst."
  ],
  "Procedure": "Read data in the user's Downloads directory using PowerShell",
  "Step": "7.B.1",
  "TacticGroup": "Collection",
  "Technique": "T1005",
  "TechniqueName": "Data from Local System"
}
{
  "Detection": [
    "Technique"
  ],
  "DetectionModifiers": [
    "Configuration Change (Detections)",
    "Correlated",
    "Alert"
  ],
  "DetectionText": [
    "A Technique alert detection for \"OpenedFile\" under \"Data from Local System {T1005}\" was generated when a known malicious powershell.exe read files in C:\\Users\\Pam\\*. The detection was correlated to a parent grouping of malicious activity."
  ],
  "Procedure": "Recursively collected files found in C:\\Users\\Pam\\ using PowerShell",
  "Step": "9.B.4",
  "TacticGroup": "Collection",
  "Technique": "T1005",
  "TechniqueName": "Data from Local System"
}
{
  "Detection": [
    "Technique"
  ],
  "DetectionModifiers": [
    "Correlated",
    "Configuration Change (Detections)",
    "Alert"
  ],
  "DetectionText": [
    "A Technique alert detection for Data from Local System was generated for a process reading MITRE-ATTACK-EVALS.HTML. The detection was correlated to a parent grouping of malicious activity."
  ],
  "Procedure": "Read and collected a local file using PowerShell",
  "Step": "17.B.1",
  "TacticGroup": "Collection",
  "Technique": "T1005",
  "TechniqueName": "Data from Local System"
}
{
  "Detection": [
    "MSSP",
    "Telemetry"
  ],
  "DetectionModifiers": [
    "Delayed (Manual)"
  ],
  "DetectionText": [
    "An MSSP detection for \"T1136\" occurred containing evidence of Invoke-Command with command-line arguments adding the user Toby.",
    "Telemetry showed wsmprovhost.exe spawning net1.exe with the command-line arguments to add the new user Toby."
  ],
  "Procedure": "Added a new user to the remote host Scranton (10.0.1.4) using net.exe",
  "Step": "20.B.3",
  "TacticGroup": "Persistence",
  "Technique": "T1136",
  "TechniqueName": "Create Account"
}
{
  "Detection": [
    "MSSP",
    "Telemetry"
  ],
  "DetectionModifiers": [
    "Delayed (Manual)",
    "Correlated",
    "Configuration Change (UX)"
  ],
  "DetectionText": [
    "An MSSP detection for \"T1012\" occurred containing scriptblock with registry query for installed software.",
    "Telemetry showed script block with registry query for installed software. The detection was correlated to a parent grouping of malicious activity."
  ],
  "Procedure": "Enumerated installed software via the Registry (Wow6432 Uninstall key) using PowerShell",
  "Step": "12.C.1",
  "TacticGroup": "Discovery",
  "Technique": "T1012",
  "TechniqueName": "Query Registry"
}
{
  "Detection": [
    "MSSP",
    "Telemetry"
  ],
  "DetectionModifiers": [
    "Delayed (Manual)",
    "Correlated"
  ],
  "DetectionText": [
    "An MSSP detection for \"T1012\" occurred containing scriptblock with registry query for installed software.",
    "Telemetry showed scriptblock with registry query for installed software. The detection was correlated to a parent grouping of malicious activity."
  ],
  "Procedure": "Enumerated installed software via the Registry (Uninstall key) using PowerShell",
  "Step": "12.C.2",
  "TacticGroup": "Discovery",
  "Technique": "T1012",
  "TechniqueName": "Query Registry"
}
{
  "Detection": [
    "Technique",
    "MSSP",
    "Telemetry"
  ],
  "DetectionModifiers": [
    "Correlated",
    "Alert",
    "Delayed (Manual)",
    "Correlated"
  ],
  "DetectionText": [
    "A Technique alert detection for \"StartupDirectory\" under was generated due to the file write of hostui.lnk in the Startup folder. The detection was correlated to a parent grouping of malicious activity.",
    "An MSSP detection for \"T1060\" occurred containing evidence of PowerShell placing LNK in startup folder, gaining persistence to launch hostui.bat.",
    "Telemetry showed the creation of hostui.lnk in the Startup folder. The detection was correlated to a parent grouping of malicious activity."
  ],
  "Procedure": "Created a LNK file (hostui.lnk) in the Startup folder that executes on login",
  "Step": "5.B.1",
  "TacticGroup": "Persistence",
  "Technique": "T1060",
  "TechniqueName": "Registry Run Keys / Startup Folder"
}
{
  "Detection": [
    "Technique",
    "MSSP",
    "Telemetry"
  ],
  "DetectionModifiers": [
    "Configuration Change (Detections)",
    "Alert",
    "Delayed (Manual)"
  ],
  "DetectionText": [
    "A Technique alert detection for \"StartedFromLnk\" under \"Registry Run Keys / Startup Folder {T1060}\" was generated due to hostui.lnk triggering on login from the StartUp Folder.",
    "An MSSP detection for \"startup persistence\" occurred containing evidence of hostui.lnk executing from Startup Folder.",
    "Telemetry showed hostui.lnk executing from the Startup Folder."
  ],
  "Procedure": "Executed LNK payload (hostui.lnk) in Startup Folder on user login",
  "Step": "10.B.1",
  "TacticGroup": "Persistence",
  "Technique": "T1060",
  "TechniqueName": "Registry Run Keys / Startup Folder"
}
{
  "Detection": [
    "Technique",
    "MSSP",
    "Telemetry"
  ],
  "DetectionModifiers": [
    "Alert",
    "Delayed (Manual)"
  ],
  "DetectionText": [
    "A Technique alert detection for \"RegistryAutorun\" under \"Persistence {T1060}\" was generated for powershell.exe adding Run key persistence into the Registry.",
    "An MSSP detection for \"T1060\" occurred containing evidence of Webcache subkey added to Registry.",
    "Telemetry showed powershell.exe adding Run key persistence into the Registry."
  ],
  "Procedure": "Established Registry Run key persistence using PowerShell",
  "Step": "11.A.11",
  "TacticGroup": "Persistence",
  "Technique": "T1060",
  "TechniqueName": "Registry Run Keys / Startup Folder"
}
{
  "Detection": [
    "General",
    "MSSP"
  ],
  "DetectionModifiers": [
    "Correlated",
    "Alert",
    "Delayed (Manual)"
  ],
  "DetectionText": [
    "A General alert detection for \"TokenPrivAdd\" under \"Privilege Escalation/Defense Evation {T1134} \" was generated when Invoke-Mimikatz (kerberos::golden) to create and inject ticket into current session was executed. The detection was correlated to a parent grouping of malicious activity.",
    "An MSSP detection for \"T1097\" occurred containing evidence of  Invoke-Mimikatz (kerberos::golden) usage along with Token Manipulation indicator."
  ],
  "Procedure": "Created Kerberos Golden Ticket using\u00a0Invoke-Mimikatz",
  "Step": "20.B.1",
  "TacticGroup": "Lateral Movement",
  "Technique": "T1097",
  "TechniqueName": "Pass the Ticket"
}
{
  "Detection": [
    "Technique",
    "MSSP"
  ],
  "DetectionModifiers": [
    "Correlated",
    "Alert",
    "Delayed (Manual)"
  ],
  "DetectionText": [
    "A Technique alert detection for \"FileTimeCopied\" was generated due to GetCreationTime API call targeting kxwn.lock. The detection was correlated to a parent grouping of malicious activity.",
    "An MSSP detection for \"T1099\" occurred containing evidence of timestamp modifications of kxwn.lock."
  ],
  "Procedure": "Modified the time attributes of the kxwn.lock persistence payload using PowerShell",
  "Step": "12.A.2",
  "TacticGroup": "Defense Evasion",
  "Technique": "T1099",
  "TechniqueName": "Timestomp"
}
{
  "Detection": [
    "Technique",
    "MSSP",
    "Telemetry"
  ],
  "DetectionModifiers": [
    "Correlated",
    "Alert",
    "Delayed (Manual)",
    "Configuration Change (UX)",
    "Correlated"
  ],
  "DetectionText": [
    "A Technique alert detection for \"ProcessEnumeration\" under \"Discovery {T1057}\" was generated for PowerShell executing Get-Process. The detection was correlated to a parent grouping of malicious activity.",
    "An MSSP detection for \"T1057\" occurred containing evidence of PowerShell listing current process via \u201cGet-Process\u201d.",
    "Telemetry showed PowerShell executing Get-Process. The detection was correlated to a parent grouping of malicious activity."
  ],
  "Procedure": "Enumerated current running processes using PowerShell",
  "Step": "4.B.1",
  "TacticGroup": "Discovery",
  "Technique": "T1057",
  "TechniqueName": "Process Discovery"
}
{
  "Detection": [
    "Technique",
    "MSSP",
    "Telemetry"
  ],
  "DetectionModifiers": [
    "Correlated",
    "Alert",
    "Delayed (Manual)"
  ],
  "DetectionText": [
    "A Technique alert detection for \"ProcessEnumeration\" was generated when PowerShell accessed $PID. The detection was correlated to a parent grouping of malicious activity.",
    "An MSSP detection for \"basic discovery\" containing evidence of $PID usage.",
    "Telemetry showed powershell.exe executing: $PID."
  ],
  "Procedure": "Enumerated the current process ID using PowerShell",
  "Step": "4.C.5",
  "TacticGroup": "Discovery",
  "Technique": "T1057",
  "TechniqueName": "Process Discovery"
}
{
  "Detection": [
    "Technique",
    "MSSP",
    "Telemetry"
  ],
  "DetectionModifiers": [
    "Alert",
    "Delayed (Manual)",
    "Correlated",
    "Configuration Change (UX)"
  ],
  "DetectionText": [
    "A Technique alert detection for \"ProcessEnumeration\" under \"Discovery {T1057}\" was generated due to Invoke-Command executing Get-Process. ",
    "An MSSP detection for \"ProcessEnumeration\" occurred containing evidence of WinRM alerting on Get-Process.",
    "Telemetry showed PowerShell executing Get-Process. The detection was correlated to a parent grouping of malicious activity."
  ],
  "Procedure": "Enumerated processes on remote host Scranton (10.0.1.4) using PowerShell",
  "Step": "8.A.3",
  "TacticGroup": "Discovery",
  "Technique": "T1057",
  "TechniqueName": "Process Discovery"
}
{
  "Detection": [
    "Technique",
    "Tactic",
    "MSSP",
    "Telemetry"
  ],
  "DetectionModifiers": [
    "Alert",
    "Alert",
    "Delayed (Manual)"
  ],
  "DetectionText": [
    "A Technique alert detection for \"ProcessEnumeration\" under \"Discovery {T1057}\" was generated due to the PowerShell gwmi query for Win32_Process.",
    "A Tactic alert detection for \"Discovery\" under \"SuspiciousWMIQuery\" was generated on a suspicious WMI query targeting Win32_Process. ",
    "An MSSP detection for \"information discovery\" occurred containing evidence of Process Enumeration relating to WMI query targeting Win32_Process.",
    "Telemetry showed the PowerShell gwmi query for Win32_Process."
  ],
  "Procedure": "Checked that processes such as procexp.exe, taskmgr.exe, or wireshark.exe are not running using PowerShell",
  "Step": "11.A.8",
  "TacticGroup": "Discovery",
  "Technique": "T1057",
  "TechniqueName": "Process Discovery"
}
{
  "Detection": [
    "Technique",
    "MSSP",
    "Telemetry"
  ],
  "DetectionModifiers": [
    "Correlated",
    "Alert",
    "Delayed (Manual)",
    "Correlated",
    "Configuration Change (UX)"
  ],
  "DetectionText": [
    "A Technique alert detection for \"ProcessEnumeration\" was generated due to running processes being enumerated. The detection was correlated to a parent grouping of malicious activity.",
    "An MSSP detection for \"T1057\" occurred containing evidence of Process Enumeration and \"pslist\" function which calls CreateToolhelp32Snapshot API.",
    "Telemetry showed PowerShell calling the CreateToolhelp32Snapshot API. The detection was correlated to a parent grouping of malicious activity."
  ],
  "Procedure": "Enumerated running processes using the CreateToolhelp32Snapshot API",
  "Step": "13.D.1",
  "TacticGroup": "Discovery",
  "Technique": "T1057",
  "TechniqueName": "Process Discovery"
}
{
  "Detection": [
    "Technique",
    "Telemetry"
  ],
  "DetectionModifiers": [
    "Correlated",
    "Alert",
    "Correlated",
    "Configuration Change (UX)"
  ],
  "DetectionText": [
    "A Technique alert detection for \"ProcessEnumeration\" under \"Discovery {T1057}\" was generated for PowerShell executing Get-Process. The detection was correlated to a parent grouping of malicious activity.",
    "Telemetry showed PowerShell executing Get-Process. The detection was correlated to a parent grouping of malicious activity."
  ],
  "Procedure": "Enumerated and tracked PowerShell processes using PowerShell",
  "Step": "14.B.2",
  "TacticGroup": "Discovery",
  "Technique": "T1057",
  "TechniqueName": "Process Discovery"
}
{
  "Detection": [
    "MSSP"
  ],
  "DetectionModifiers": [
    "Delayed (Manual)"
  ],
  "DetectionText": [
    "An MSSP detection for \"basic discovery\" containing evidence of $env:USERNAME usage."
  ],
  "Procedure": "Enumerated the current username using PowerShell",
  "Step": "4.C.2",
  "TacticGroup": "Discovery",
  "Technique": "T1033",
  "TechniqueName": "System Owner/User Discovery"
}
{
  "Detection": [
    "Tactic",
    "MSSP",
    "Telemetry"
  ],
  "DetectionModifiers": [
    "Alert",
    "Delayed (Manual)"
  ],
  "DetectionText": [
    "A Tactic alert detection for \"Discovery\" was generated on a suspicious WMI query targeting Win32_ComputerSystem.",
    "An MSSP detection for \"information discovery\" occurred containing evidence of WMI query targeting Win32_ComputerSystem.",
    "Telemetry showed the PowerShell gwmi query for Win32_ComputerSystem."
  ],
  "Procedure": "Checked that the username is not related to admin or a generic value (ex: user) using PowerShell",
  "Step": "11.A.6",
  "TacticGroup": "Discovery",
  "Technique": "T1033",
  "TechniqueName": "System Owner/User Discovery"
}
{
  "Detection": [
    "Telemetry"
  ],
  "DetectionModifiers": [
    "Configuration Change (UX)",
    "Correlated"
  ],
  "DetectionText": [
    "Telemetry showed PowerShell script block log with function definition of \"user\" which calls GetUserNameEx API. The detection was correlated to a parent grouping of malicious activity."
  ],
  "Procedure": "Enumerated the current username using the GetUserNameEx API",
  "Step": "13.C.1",
  "TacticGroup": "Discovery",
  "Technique": "T1033",
  "TechniqueName": "System Owner/User Discovery"
}
{
  "Detection": [
    "Telemetry"
  ],
  "DetectionModifiers": [
    "Correlated",
    "Configuration Change (UX)"
  ],
  "DetectionText": [
    "Telemetry showed PowerShell script block executing $env:UserName. The detection was correlated to a parent grouping of malicious activity."
  ],
  "Procedure": "Enumerated logged on users using PowerShell",
  "Step": "15.A.1",
  "TacticGroup": "Discovery",
  "Technique": "T1033",
  "TechniqueName": "System Owner/User Discovery"
}
{
  "Detection": [
    "MSSP",
    "Telemetry"
  ],
  "DetectionModifiers": [
    "Delayed (Manual)",
    "Configuration Change (UX)",
    "Correlated"
  ],
  "DetectionText": [
    "An MSSP detection for \"T1033\" occurred containing evidence of ConvertSidToStringSid API usage.",
    "Telemetry showed PowerShell executing the ConvertSidToStringSid API function. The detection was correlated to a parent grouping of malicious activity."
  ],
  "Procedure": "Enumerated the domain SID (from current user SID) using\u00a0the ConvertSidToStringSid API",
  "Step": "16.B.1",
  "TacticGroup": "Discovery",
  "Technique": "T1033",
  "TechniqueName": "System Owner/User Discovery"
}
{
  "Detection": [
    "MSSP",
    "Telemetry"
  ],
  "DetectionModifiers": [
    "Delayed (Manual)",
    "Correlated",
    "Configuration Change (UX)"
  ],
  "DetectionText": [
    "An MSSP detection for \"T1041\" containing evidence of a cod.3aka3.scr reading Draft.zip and a network connection to C2 (192.168.0.5).",
    "Telemetry showed file read event for Draft.zip and an existing C2 channel (192.168.0.5 over port 1234). The detection was correlated to a parent grouping of malicious activity."
  ],
  "Procedure": "Read and downloaded ZIP (Draft.zip) over C2 channel (192.168.0.5 over TCP port 1234)",
  "Step": "2.B.1",
  "TacticGroup": "Exfiltration",
  "Technique": "T1041",
  "TechniqueName": "Exfiltration Over Command and Control Channel"
}
{
  "Detection": [
    "MSSP",
    "Telemetry"
  ],
  "DetectionModifiers": [
    "Delayed (Manual)",
    "Correlated",
    "Configuration Change (UX)"
  ],
  "DetectionText": [
    "An MSSP detection for \"T1041\" occurred containing evidence of the C2 instance of Python.exe being observed establishing a network connection to 192.168.0.4 on port 8443 (https). ",
    "Telemetry showed file read event for working.zip and an existing C2 channel (192.168.0.4 over TCP port 8443)."
  ],
  "Procedure": "Read and downloaded ZIP (working.zip on Desktop) over C2 channel (192.168.0.5 over TCP port 8443)",
  "Step": "9.B.8",
  "TacticGroup": "Exfiltration",
  "Technique": "T1041",
  "TechniqueName": "Exfiltration Over Command and Control Channel"
}
{
  "Detection": [
    "Technique"
  ],
  "DetectionModifiers": [
    "Correlated",
    "Alert"
  ],
  "DetectionText": [
    "A Technique alert detection for \"TokenMismatch\" under \"Privilege Escalation {T1134}\" was generated when the parent process's, hostui.exe, token did not match the child token process's, powershell.exe, token. The detection was correlated to a parent grouping of malicious activity."
  ],
  "Procedure": "Manipulated the token of the PowerShell payload via the CreateProcessWithToken API",
  "Step": "10.B.3",
  "TacticGroup": "Defense Evasion",
  "Technique": "T1134",
  "TechniqueName": "Access Token Manipulation"
}
{
  "Detection": [
    "None"
  ],
  "DetectionModifiers": [],
  "DetectionText": [
    "No detection capability demonstrated for this procedure."
  ],
  "Procedure": "Enumerated user's domain group membership via the NetUserGetGroups API",
  "Step": "4.C.9",
  "TacticGroup": "Discovery",
  "Technique": "T1069",
  "TechniqueName": "Permission Groups Discovery"
}
{
  "Detection": [
    "None"
  ],
  "DetectionModifiers": [],
  "DetectionText": [
    "No detection capability demonstrated for this procedure."
  ],
  "Procedure": "Enumerated user's local group membership via\u00a0the NetUserGetLocalGroups API",
  "Step": "4.C.11",
  "TacticGroup": "Discovery",
  "Technique": "T1069",
  "TechniqueName": "Permission Groups Discovery"
}
{
  "Detection": [
    "Technique",
    "MSSP"
  ],
  "DetectionModifiers": [
    "Alert",
    "Delayed (Manual)"
  ],
  "DetectionText": [
    "A Technique alert detection for \"WinRMSession\" under \"Lateral Movement {T1028}\" was generated when a connection to remote host Scranton (10.0.1.4) from host Nashua (10.0.1.6) over port 5985 using the wsman protocol was issued.",
    "An MSSP detection for \"T1028\" occurred containing evidence of Lateral Movement via WinRM with wsman network connection to host Scranton (10.0.1.4) over port 5985."
  ],
  "Procedure": "Established WinRM connection to remote host Scranton (10.0.1.4)",
  "Step": "8.A.2",
  "TacticGroup": "Execution",
  "Technique": "T1028",
  "TechniqueName": "Windows Remote Management"
}
{
  "Detection": [
    "Technique",
    "MSSP",
    "Telemetry"
  ],
  "DetectionModifiers": [
    "Correlated",
    "Alert",
    "Delayed (Manual)",
    "Correlated"
  ],
  "DetectionText": [
    "A Technique alert detection for \"WinRMSession\" was generated for the creation of a WinRM session. The detection was correlated to a parent grouping of malicious activity.",
    "An MSSP detection for \"T1028\" occurred containing evidence of a connection to remote host NewYork (10.0.0.4) over port 5985 using the wsman protocol, and a WinRM indicator for Lateral Movement.",
    "Telemetry showed connection to remote host NewYork (10.0.0.4) over port 5985 using the wsman protocol. The detection was correlated to a parent grouping of malicious activity."
  ],
  "Procedure": "Established a WinRM connection to the domain controller host NewYork (10.0.0.4) ",
  "Step": "16.C.1",
  "TacticGroup": "Execution",
  "Technique": "T1028",
  "TechniqueName": "Windows Remote Management"
}
{
  "Detection": [
    "MSSP",
    "Telemetry"
  ],
  "DetectionModifiers": [
    "Delayed (Manual)",
    "Correlated"
  ],
  "DetectionText": [
    "An MSSP detection for \"T1028\" occurred containing evidence of Enter-PSSession to create WinRM session to remote host Scranton (10.0.1.4) over port 5985.",
    "Telemetry showed PowerShell with an open network connection to remote host Scranton (10.0.1.4) over port 5985. The detection was correlated to a parent grouping of malicious activity."
  ],
  "Procedure": "Established a WinRM connection to the remote host Scranton (10.0.1.4) using the Golden Ticket as credentials",
  "Step": "20.B.2",
  "TacticGroup": "Execution",
  "Technique": "T1028",
  "TechniqueName": "Windows Remote Management"
}
{
  "Detection": [
    "Technique",
    "MSSP",
    "Telemetry"
  ],
  "DetectionModifiers": [
    "Configuration Change (Detections)",
    "Correlated",
    "Alert",
    "Delayed (Manual)",
    "Configuration Change (UX)",
    "Correlated"
  ],
  "DetectionText": [
    "A Technique alert detection for \"SuspiciousKeylogging\" was generated due to GetAsyncKeyState execution. The detection was correlated to a parent grouping of malicious activity.",
    "An MSSP detection for \"T1056\" occurred containing evidence of GetAsyncKeyState API calls and Get-Keystrokes function call.",
    "Telemetry showed PowerShell calling the GetAsyncKeyState API. The detection was correlated to a parent grouping of malicious activity."
  ],
  "Procedure": "Captured user keystrokes using the GetAsyncKeyState API",
  "Step": "7.A.3",
  "TacticGroup": "Collection",
  "Technique": "T1056",
  "TechniqueName": "Input Capture"
}
{
  "Detection": [
    "Technique",
    "Telemetry"
  ],
  "DetectionModifiers": [
    "Configuration Change (Detections)",
    "Correlated",
    "Alert",
    "Correlated",
    "Configuration Change (UX)"
  ],
  "DetectionText": [
    "A Technique alert detection for \"ClipBoardAccess\" was generated due to PowerShell executing Get-Clipboard. The detection was correlated to a parent grouping of malicious activity.",
    "Telemetry showed powershell.exe executing Get-Clipboard. The detection was correlated to a parent grouping of malicious activity."
  ],
  "Procedure": "Captured clipboard contents using PowerShell",
  "Step": "7.A.2",
  "TacticGroup": "Collection",
  "Technique": "T1115",
  "TechniqueName": "Clipboard Data"
}
{
  "Detection": [
    "MSSP",
    "Telemetry"
  ],
  "DetectionModifiers": [
    "Delayed (Manual)",
    "Correlated"
  ],
  "DetectionText": [
    "An MSSP detection for \"T1018\" occurred containing evidence of Ad-Search function definition along with LDAP network connection to NewYork (10.0.0.4).",
    "Telemetry showed powershell.exe establishing a connection identified as LDAP over port 389 to NewYork (10.0.0.4). The detection was correlated to a parent grouping of malicious activity."
  ],
  "Procedure": "Enumerated remote systems using LDAP queries",
  "Step": "8.A.1",
  "TacticGroup": "Discovery",
  "Technique": "T1018",
  "TechniqueName": "Remote System Discovery"
}
{
  "Detection": [
    "Telemetry"
  ],
  "DetectionModifiers": [],
  "DetectionText": [
    "Telemetry showed PowerShell loading System.DirectoryServices.dll and making a network connection to the domain controller NewYork (10.0.0.4)."
  ],
  "Procedure": "Enumerated the domain controller host NewYork (10.0.0.4) using LDAP queries",
  "Step": "16.A.1",
  "TacticGroup": "Discovery",
  "Technique": "T1018",
  "TechniqueName": "Remote System Discovery"
}
{
  "Detection": [
    "MSSP",
    "Telemetry"
  ],
  "DetectionModifiers": [
    "Delayed (Manual)",
    "Correlated"
  ],
  "DetectionText": [
    "An MSSP detection for \"T1102\" occurred containing evidence of net.exe with command-line arguments connecting to OneDrive public IP and URL over port 443 using HTTPS.",
    "Telemetry showed net.exe with command-line arguments to connect to a OneDrive URL as well as net.exe subsequently making a network connection to public IPs over port 443. The detection was correlated to a parent grouping of malicious activity."
  ],
  "Procedure": "Mapped a network drive to an online OneDrive account using PowerShell",
  "Step": "18.A.1",
  "TacticGroup": "Defense Evasion",
  "Technique": "T1102",
  "TechniqueName": "Web Service"
}
{
  "Detection": [
    "MSSP",
    "Telemetry"
  ],
  "DetectionModifiers": [
    "Delayed (Manual)",
    "Correlated",
    "Configuration Change (UX)"
  ],
  "DetectionText": [
    "An MSSP detection occurred containing evidence of exfiltration via WebDav.",
    "Telemetry showed PoweShell Copy-Item to remote a remote adversary WebDav network share (192.168.0.4). The detection was correlated to a parent grouping of malicious activity."
  ],
  "Procedure": "Exfiltrated collection (OfficeSupplies.7z) to WebDAV network share using PowerShell",
  "Step": "7.B.4",
  "TacticGroup": "Exfiltration",
  "Technique": "T1048",
  "TechniqueName": "Exfiltration Over Alternative Protocol"
}
{
  "Detection": [
    "MSSP",
    "Telemetry"
  ],
  "DetectionModifiers": [
    "Delayed (Manual)",
    "Correlated",
    "Configuration Change (UX)"
  ],
  "DetectionText": [
    "An MSSP detection for \"T1048\" occurred containing evidence of PowerShell executing Copy-Item on WindowsParentalControlMigration.tmp.",
    "Telemetry showed PowerShell executing Copy-Item to exfiltrate data to a previously mapped OneDrive account."
  ],
  "Procedure": "Exfiltrated staged collection to an online OneDrive account using PowerShell",
  "Step": "18.A.2",
  "TacticGroup": "Exfiltration",
  "Technique": "T1048",
  "TechniqueName": "Exfiltration Over Alternative Protocol"
}
{
  "Detection": [
    "Technique",
    "MSSP"
  ],
  "DetectionModifiers": [
    "Alert",
    "Delayed (Manual)"
  ],
  "DetectionText": [
    "A Technique alert detection called \"Masquerading\" was generated for \"SuspiciousCharInPath\" observed on rcs.3aka.doc.",
    "An MSSP detection for the RTLO character in [?]cod.3aka3.scr was used to masquerade as rcs.3aka.doc."
  ],
  "Procedure": "Used unicode right-to-left override (RTLO) character to obfuscate file name rcs.3aka3.doc (originally cod.3aka.scr)",
  "Step": "1.A.2",
  "TacticGroup": "Defense Evasion",
  "Technique": "T1036",
  "TechniqueName": "Masquerading"
}
{
  "Detection": [
    "MSSP",
    "Telemetry"
  ],
  "DetectionModifiers": [
    "Delayed (Manual)",
    "Correlated"
  ],
  "DetectionText": [
    "An MSSP detection for \"T1036\" occurred containing evidence of accesschk.exe with an MD5 value which was also found publicly and is known to be malicious.",
    "Telemetry showed accesschk.exe is not a signed Microsoft binary with hash value provided. This can be used to verify it is not the legitimate Sysinternals tool. The detection was correlated to a parent grouping of malicious activity."
  ],
  "Procedure": "Masqueraded a Chrome password dump tool as accesscheck.exe, a legitimate Sysinternals tool",
  "Step": "6.A.3",
  "TacticGroup": "Defense Evasion",
  "Technique": "T1036",
  "TechniqueName": "Masquerading"
}
{
  "Detection": [
    "MSSP"
  ],
  "DetectionModifiers": [
    "Delayed (Manual)"
  ],
  "DetectionText": [
    "An MSSP detection for \"basic discovery\" containing evidence of $env:COMPUTERNAME usage."
  ],
  "Procedure": "Enumerated the computer hostname using PowerShell",
  "Step": "4.C.3",
  "TacticGroup": "Discovery",
  "Technique": "T1082",
  "TechniqueName": "System Information Discovery"
}
{
  "Detection": [
    "Technique",
    "MSSP",
    "Telemetry"
  ],
  "DetectionModifiers": [
    "Correlated",
    "Alert",
    "Delayed (Manual)"
  ],
  "DetectionText": [
    "A Technique alert detection for \"Local Environment Information Discovery\" specific to WMI was generated when PowerShell executed the suspicious WMI query containing Win32_OperatingSystem. The detection was correlated to a parent grouping of malicious activity.",
    "A MSSP detection for \"use of Gwmi\" occurred containing evidence of WMI query containing Win32_OperatingSystem.",
    "Telemetry showed powershell.exe executing\u200b Gwmi Win32_OperatingSystem."
  ],
  "Procedure": "Enumerated the OS version using PowerShell",
  "Step": "4.C.6",
  "TacticGroup": "Discovery",
  "Technique": "T1082",
  "TechniqueName": "System Information Discovery"
}
{
  "Detection": [
    "Tactic",
    "MSSP",
    "Telemetry"
  ],
  "DetectionModifiers": [
    "Alert",
    "Delayed (Manual)"
  ],
  "DetectionText": [
    "A Tactic alert detection for \"Discovery\" was generated on a suspicious WMI query targeting Win32_BIOS and Win32_ComputerSystem.",
    "An MSSP detection for \"T1082\" occurred containing evidence of WMI query targeting Win32_BIOS and Win32_ComputerSystem.",
    "Telemetry showed the PowerShell gwmi queries for Win32_BIOS and Win32_ComputerSystem."
  ],
  "Procedure": "Enumerated computer manufacturer, model, and version information using PowerShell",
  "Step": "11.A.4",
  "TacticGroup": "Discovery",
  "Technique": "T1082",
  "TechniqueName": "System Information Discovery"
}
{
  "Detection": [
    "MSSP",
    "Telemetry"
  ],
  "DetectionModifiers": [
    "Delayed (Manual)",
    "Correlated",
    "Configuration Change (UX)"
  ],
  "DetectionText": [
    "An MSSP detection for \"T1082\" occurred containing evidence of PowerShell calling the GetComputerNameEx API.",
    "Telemetry showed PowerShell calling the GetComputerNameEx API. The detection was correlated to a parent grouping of malicious activity."
  ],
  "Procedure": "Enumerated the computer name using the GetComputerNameEx API",
  "Step": "13.A.1",
  "TacticGroup": "Discovery",
  "Technique": "T1082",
  "TechniqueName": "System Information Discovery"
}
{
  "Detection": [
    "MSSP",
    "Telemetry"
  ],
  "DetectionModifiers": [
    "Delayed (Manual)",
    "Correlated",
    "Configuration Change (UX)"
  ],
  "DetectionText": [
    "An MSSP detection for \"Exfiltrate\" occurred containing evidence of Compress-7zip compressing and encrypting the download directory with 7z using the password \u201clolol.\"",
    "Telemetry showed powershell.exe executing Compress-7Zip with arguments for encryption. The detection was correlated to a parent grouping of malicious activity."
  ],
  "Procedure": "Encrypted data from the user's Downloads directory using PowerShell",
  "Step": "7.B.3",
  "TacticGroup": "Exfiltration",
  "Technique": "T1022",
  "TechniqueName": "Data Encrypted"
}
{
  "Detection": [
    "MSSP",
    "Telemetry"
  ],
  "DetectionModifiers": [
    "Delayed (Manual)",
    "Correlated"
  ],
  "DetectionText": [
    "An MSSP detection for \"T1022\" occurred containing evidence of rar.exe being executed with an encryption password parameter passed.",
    "Telemetry showed powershell.exe executing rar.exe with command-line arguments. The detection was correlated to a parent grouping of malicious activity."
  ],
  "Procedure": "Encrypted staged ZIP (working.zip in AppData directory) into working.zip (on Desktop) using rar.exe",
  "Step": "9.B.6",
  "TacticGroup": "Exfiltration",
  "Technique": "T1022",
  "TechniqueName": "Data Encrypted"
}
{
  "Detection": [
    "Tactic",
    "MSSP",
    "Telemetry"
  ],
  "DetectionModifiers": [
    "Correlated",
    "Alert",
    "Delayed (Manual)",
    "Correlated"
  ],
  "DetectionText": [
    "A Tactic alert detection called \"ProcessCreationExtra\" was generated for powershell.exe spawning from cmd.exe.",
    "An MSSP detection for \u201cT1086\u201d contained evidence of powershell.exe spawning from cmd.exe.",
    "Telemetry showed powershell.exe spawning from cmd.exe. The detection was correlated to a parent grouping of malicious activity."
  ],
  "Procedure": "Spawned interactive powershell.exe",
  "Step": "1.B.2",
  "TacticGroup": "Execution",
  "Technique": "T1086",
  "TechniqueName": "PowerShell"
}
{
  "Detection": [
    "Tactic",
    "MSSP",
    "Telemetry"
  ],
  "DetectionModifiers": [
    "Correlated",
    "Alert",
    "Delayed (Manual)",
    "Correlated"
  ],
  "DetectionText": [
    "A Tactic alert detection called \"ProcessCreationExtra\" was generated for powershell.exe executing powershell.exe. The detection was correlated to a parent grouping of malicious activity.",
    "An MSSP detection for \"T1086\" occurred containing evidence of a new interactive session of PowerShell being created.",
    "Telemetry showed a new powershell.exe spawning from powershell.exe. The detection was correlated to a parent grouping of malicious activity."
  ],
  "Procedure": "Spawned interactive powershell.exe",
  "Step": "4.A.2",
  "TacticGroup": "Execution",
  "Technique": "T1086",
  "TechniqueName": "PowerShell"
}
{
  "Detection": [
    "MSSP",
    "Telemetry"
  ],
  "DetectionModifiers": [
    "Delayed (Manual)",
    "Correlated"
  ],
  "DetectionText": [
    "An MSSP detection for \"T1086\" occurred containing evidence of python.exe executing powershell.exe\u200b.",
    "Telemetry showed python.exe executing powershell.exe\u200b. The detection was correlated to a parent grouping of malicious activity."
  ],
  "Procedure": "Spawned interactive powershell.exe",
  "Step": "9.B.1",
  "TacticGroup": "Execution",
  "Technique": "T1086",
  "TechniqueName": "PowerShell"
}
{
  "Detection": [
    "MSSP",
    "Telemetry"
  ],
  "DetectionModifiers": [
    "Delayed (Manual)"
  ],
  "DetectionText": [
    "An MSSP detection for \"T1086\" occurred containing evidence of PowerShell stager executing (IEX) from schemas via script block logs.",
    "Telemetry showed powershell.exe spawned from a PowerShell stager."
  ],
  "Procedure": "Executed PowerShell stager payload",
  "Step": "11.A.12",
  "TacticGroup": "Execution",
  "Technique": "T1086",
  "TechniqueName": "PowerShell"
}
{
  "Detection": [
    "MSSP",
    "Telemetry"
  ],
  "DetectionModifiers": [
    "Delayed (Manual)"
  ],
  "DetectionText": [
    "An MSSP detection for \"PowerShell\" occurred containing evidence of WMI Provider Host spawning PowerShell.",
    "Telemetry showed a SYSTEM-level powershell.exe spawning from wmiprvse.exe."
  ],
  "Procedure": "Executed PowerShell payload from WMI event subscription persistence",
  "Step": "20.A.3",
  "TacticGroup": "Execution",
  "Technique": "T1086",
  "TechniqueName": "PowerShell"
}
{
  "Detection": [
    "Technique",
    "MSSP"
  ],
  "DetectionModifiers": [
    "Correlated",
    "Alert",
    "Delayed (Manual)"
  ],
  "DetectionText": [
    "A Technique alert detection for \"BrowserInfoStealing\" under \"Collection {T1213}\" was generated when accesschk.exe read the Chrome database file for credentials. The detection was correlated to a parent grouping of malicious activity.",
    "An MSSP detection for \"T1081\" occurred containing evidence of accesschk.exe reading the Chrome database file for credentials."
  ],
  "Procedure": "Read the Chrome SQL database file to extract encrypted credentials",
  "Step": "6.A.1",
  "TacticGroup": "Credential Access",
  "Technique": "T1081",
  "TechniqueName": "Credentials in Files"
}
{
  "Detection": [
    "Telemetry"
  ],
  "DetectionModifiers": [
    "Correlated"
  ],
  "DetectionText": [
    "Telemetry showed file create event for a $RandomFileName.pfx file by powershell.exe. The detection was correlated to a parent grouping of malicious activity."
  ],
  "Procedure": "Exported a local certificate to a PFX file using PowerShell",
  "Step": "6.B.1",
  "TacticGroup": "Credential Access",
  "Technique": "T1145",
  "TechniqueName": "Private Keys"
}
{
  "Detection": [
    "Tactic",
    "MSSP",
    "Telemetry"
  ],
  "DetectionModifiers": [
    "Alert",
    "Delayed (Manual)"
  ],
  "DetectionText": [
    "A Tactic alert detection called \"ProcessCreationExtra\" was generated due to PSEXESVC.exe executing python.exe.",
    "An MSSP detection for \"T1035\" occurred containing evidence of PsExec executing python.exe.",
    "Telemetry showed python.exe spawned by PSEXESVC.exe."
  ],
  "Procedure": "Executed python.exe using PSExec",
  "Step": "8.C.3",
  "TacticGroup": "Execution",
  "Technique": "T1035",
  "TechniqueName": "Service Execution"
}
{
  "Detection": [
    "Tactic",
    "MSSP",
    "Telemetry"
  ],
  "DetectionModifiers": [
    "Alert",
    "Delayed (Manual)"
  ],
  "DetectionText": [
    "A Tactic alert detection called \"ProcessCreationExtra\" was generated when services.exe executed javamtsup.exe.",
    "An MSSP detection for \"T1035\" occurred containing evidence of javamtsup.exe with parent process services.exe.",
    "Telemetry showed javamtsup.exe with parent process services.exe."
  ],
  "Procedure": "Executed persistent service (javamtsup) on system startup",
  "Step": "10.A.1",
  "TacticGroup": "Execution",
  "Technique": "T1035",
  "TechniqueName": "Service Execution"
}
{
  "Detection": [
    "Technique",
    "MSSP",
    "Telemetry"
  ],
  "DetectionModifiers": [
    "Configuration Change (Detections)",
    "Correlated",
    "Alert",
    "Delayed (Manual)",
    "Correlated"
  ],
  "DetectionText": [
    "A Technique alert detection for \"Steganography\" was generated when identifying the PowerShell script contained within monkey.png.  The detection was correlated to a parent grouping of malicious activity.",
    "An MSSP detection for \"T1027\" occurred containing evidence of the PowerShell script contained within monkey.png.",
    "Telemetry showed PowerShell extracting and executing the code embedded within monkey.png. The detection was correlated to a parent grouping of malicious activity."
  ],
  "Procedure": "Embedded PowerShell payload in monkey.png using steganography",
  "Step": "3.A.2",
  "TacticGroup": "Defense Evasion",
  "Technique": "T1027",
  "TechniqueName": "Obfuscated Files or Information"
}
{
  "Detection": [
    "MSSP",
    "Telemetry"
  ],
  "DetectionModifiers": [
    "Delayed (Manual)",
    "Correlated",
    "Configuration Change (UX)"
  ],
  "DetectionText": [
    "An MSSP detection for \"T1027\" occurred containing evidence of \"wmidump\" function definition and WMI indicators writing to Win32_AuditCode.",
    "Telemetry showed PowerShell writing encoded content into the WMI class. The detection was correlated to a parent grouping of malicious activity."
  ],
  "Procedure": "Encoded and wrote Mimikatz output to a WMI class property using PowerShell",
  "Step": "14.B.5",
  "TacticGroup": "Defense Evasion",
  "Technique": "T1027",
  "TechniqueName": "Obfuscated Files or Information"
}
{
  "Detection": [
    "Technique",
    "MSSP",
    "Telemetry"
  ],
  "DetectionModifiers": [
    "Configuration Change (Detections)",
    "Correlated",
    "Alert",
    "Delayed (Manual)",
    "Correlated",
    "Configuration Change (UX)"
  ],
  "DetectionText": [
    "A Technique alert detection called \"HeaderExtensionMismatch\" was generated due to file header not matching file extension. The detection was correlated to a parent grouping of malicious activity.",
    "An MSSP detection occurred containing evidence that additional bytes were used to disguise a zip as a GIF image format.",
    "Telemetry showed PowerShell appending the GIF file header to the compressed file. The detection was correlated to a parent grouping of malicious activity."
  ],
  "Procedure": "Prepended the GIF file header to a compressed staging file using PowerShell",
  "Step": "17.C.2",
  "TacticGroup": "Defense Evasion",
  "Technique": "T1027",
  "TechniqueName": "Obfuscated Files or Information"
}
{
  "Detection": [
    "Technique",
    "General",
    "MSSP"
  ],
  "DetectionModifiers": [
    "Correlated",
    "Alert",
    "Correlated",
    "Delayed (Manual)"
  ],
  "DetectionText": [
    "A Technique alert detection for \"WMI\" under \"Persistence {T1084}\" was generated when a WMI binding was created under root/subscription. The detection was correlated to a parent grouping of malicious activity.",
    "A General detection for a suspicious \"WMIOperation\" showed WindowsParentalControlMigration WMI filter, consumer, and binding created in root/subscription. The detection was correlated to a parent grouping of malicious activity.",
    "An MSSP detection for \"T1084\" occurred containing evidence of WindowsParentalControlMigration WMI filter, consumer, and binding created in root/subscription."
  ],
  "Procedure": "Established WMI event subscription persistence using PowerShell",
  "Step": "15.A.2",
  "TacticGroup": "Persistence",
  "Technique": "T1084",
  "TechniqueName": "Windows Management Instrumentation Event Subscription"
}
{
  "Detection": [
    "MSSP",
    "Telemetry"
  ],
  "DetectionModifiers": [
    "Delayed (Manual)"
  ],
  "DetectionText": [
    "An MSSP detection contained evidence of wmiprvse.exe executing the PowerShell stager.",
    "Telemetry showed the WMI Provider Host executing the PowerShell stager."
  ],
  "Procedure": "Executed WMI persistence on user login",
  "Step": "20.A.2",
  "TacticGroup": "Persistence",
  "Technique": "T1084",
  "TechniqueName": "Windows Management Instrumentation Event Subscription"
}
{
  "Detection": [
    "MSSP",
    "Telemetry"
  ],
  "DetectionModifiers": [
    "Delayed (Manual)"
  ],
  "DetectionText": [
    "An MSSP detection for \"T1096\" occurred containing evidence of powershell.exe executing schemas ADS via Get-Content and IEX.",
    "Telemetry showed powershell.exe executing the schemas ADS with Get-Content and IEX."
  ],
  "Procedure": "Executed an alternate data stream (ADS) using PowerShell",
  "Step": "11.A.2",
  "TacticGroup": "Defense Evasion",
  "Technique": "T1096",
  "TechniqueName": "NTFS File Attributes"
}
{
  "Detection": [
    "MSSP",
    "Telemetry"
  ],
  "DetectionModifiers": [
    "Delayed (Manual)",
    "Correlated"
  ],
  "DetectionText": [
    "An MSSP detection for \"T1071\" occurred containing evidence of PowerShell process exchanging data with 192.168.0.5 over HTTPS.",
    "Telemetry showed PowerShell process exchanging data with 192.168.0.5 over HTTPS. The detection was correlated to a parent grouping of malicious activity."
  ],
  "Procedure": "Used HTTPS to transport\u00a0C2 (192.168.0.5) traffic",
  "Step": "3.B.4",
  "TacticGroup": "Command and Control",
  "Technique": "T1071",
  "TechniqueName": "Standard Application Layer Protocol"
}
{
  "Detection": [
    "MSSP",
    "Telemetry"
  ],
  "DetectionModifiers": [
    "Delayed (Manual)"
  ],
  "DetectionText": [
    "An MSSP detection for \"T1071\" occurred containing evidence of PowerShell making network connection to C2 (192.168.0.4) over port 443 via HTTPS.",
    "Telemetry showed PowerShell making network connection to C2 (192.168.0.4) over HTTPS."
  ],
  "Procedure": "Used HTTPS to transport\u00a0C2 (192.168.0.4) traffic",
  "Step": "11.A.14",
  "TacticGroup": "Command and Control",
  "Technique": "T1071",
  "TechniqueName": "Standard Application Layer Protocol"
}
{
  "Detection": [
    "Tactic",
    "MSSP",
    "Telemetry"
  ],
  "DetectionModifiers": [
    "Alert",
    "Delayed (Manual)"
  ],
  "DetectionText": [
    "A Tactic alert detection for \"Discovery\" under \"SuspiciousWMIQuery\" was generated on a suspicious WMI query targeting Win32_BIOS.",
    "An MSSP detection for \"T1497\" occurred containing evidence of WMI query targeting Win32_BIOS.",
    "Telemetry showed the PowerShell gwmi query for Win32_BIOS."
  ],
  "Procedure": "Checked that the BIOS version and serial number are not associated with VirtualBox or VMware using PowerShell",
  "Step": "11.A.3",
  "TacticGroup": "Discovery",
  "Technique": "T1497",
  "TechniqueName": "Virtualization/Sandbox Evasion"
}
{
  "Detection": [
    "Technique",
    "MSSP",
    "Telemetry"
  ],
  "DetectionModifiers": [
    "Correlated",
    "Alert",
    "Delayed (Manual)",
    "Correlated",
    "Configuration Change (UX)"
  ],
  "DetectionText": [
    "A Technique alert detection for \"Data Compressed. MITRE Exfiltration {T1002}\" was generated on powershell.exe compressing via Compress-Archive. The detection was correlated to a parent grouping of malicious activity.",
    "An MSSP detection occurred for powershell.exe compressing via Compress-Archive.",
    "Telemetry showed powershell.exe compressing via Compress-Archive."
  ],
  "Procedure": "Compressed and stored files into ZIP (Draft.zip) using PowerShell",
  "Step": "2.A.4",
  "TacticGroup": "Exfiltration",
  "Technique": "T1002",
  "TechniqueName": "Data Compressed"
}
{
  "Detection": [
    "MSSP",
    "Telemetry"
  ],
  "DetectionModifiers": [
    "Delayed (Manual)",
    "Correlated"
  ],
  "DetectionText": [
    "An MSSP detection for \"exfiltrate\" occurred containing evidence of OfficeSupplies.7z being created.",
    "Telemetry showed the file create event for OfficeSupplies.7z. The detection was correlated to a parent grouping of malicious activity."
  ],
  "Procedure": "Compressed\u00a0data from the user's Downloads directory into a ZIP file (OfficeSupplies.7z) using PowerShell",
  "Step": "7.B.2",
  "TacticGroup": "Exfiltration",
  "Technique": "T1002",
  "TechniqueName": "Data Compressed"
}
{
  "Detection": [
    "Technique",
    "MSSP",
    "Telemetry"
  ],
  "DetectionModifiers": [
    "Correlated",
    "Alert",
    "Delayed (Manual)",
    "Correlated"
  ],
  "DetectionText": [
    "A Technique alert detection called \"Compression\" was generated due to powershell.exe executing rar.exe with command-line arguments indicative of compression. The detection was correlated to a parent grouping of malicious activity.",
    "An MSSP detection for \"T1002\" occurred containing evidence of powershell.exe executing rar.exe.",
    "Telemetry showed powershell.exe executing rar.exe with command-line arguments. The detection was correlated to a parent grouping of malicious activity."
  ],
  "Procedure": "Compressed staged ZIP (working.zip in AppData directory) into working.zip (on Desktop) using rar.exe",
  "Step": "9.B.7",
  "TacticGroup": "Exfiltration",
  "Technique": "T1002",
  "TechniqueName": "Data Compressed"
}
{
  "Detection": [
    "Technique",
    "MSSP",
    "Telemetry"
  ],
  "DetectionModifiers": [
    "Correlated",
    "Alert",
    "Delayed (Manual)",
    "Correlated",
    "Configuration Change (UX)"
  ],
  "DetectionText": [
    "A Technique alert detection for \"Data Compressed\" was generated due to an entropy calculation of WindowsParentalControlMigration.tmp. The detection was correlated to a parent grouping of malicious activity.",
    "An MSSP detection for \"T1002\" occurred containing evidence of \"zip\" function compressing collection via ZipFile.CreateFromDirectory .NET method.",
    "Telemetry showed PowerShell compressing collection via the ZipFile.CreateFromDirectory .NET method. The detection was correlated to a parent grouping of malicious activity."
  ],
  "Procedure": "Compressed a staging directory using PowerShell",
  "Step": "17.C.1",
  "TacticGroup": "Exfiltration",
  "Technique": "T1002",
  "TechniqueName": "Data Compressed"
}
{
  "Detection": [
    "None"
  ],
  "DetectionModifiers": [],
  "DetectionText": [
    "No detection capability demonstrated for this procedure."
  ],
  "Procedure": "Executed the CryptUnprotectedData API call to decrypt Chrome passwords",
  "Step": "6.A.2",
  "TacticGroup": "Credential Access",
  "Technique": "T1003",
  "TechniqueName": "Credential Dumping"
}
{
  "Detection": [
    "Technique",
    "MSSP",
    "Telemetry"
  ],
  "DetectionModifiers": [
    "Correlated",
    "Alert",
    "Delayed (Manual)",
    "Correlated"
  ],
  "DetectionText": [
    "A Technique alert detection for \"SensitiveMemoryAccess\" under \"Credential Access {T1003}\" was generated when PowerShell read sensitive information from LSASS. The detection was correlated to a parent grouping of malicious activity.",
    "An MSSP detection for \"T1003\" occurred containing evidence of credential dumping as indicated by \u201cInfostealer.\u201d",
    "Telemetry shows a remote process injection into lsass.exe by powershell.exe. The detection was correlated to a parent grouping of malicious activity."
  ],
  "Procedure": "Dumped password hashes from the Windows Registry by injecting a malicious DLL into Lsass.exe",
  "Step": "6.C.1",
  "TacticGroup": "Credential Access",
  "Technique": "T1003",
  "TechniqueName": "Credential Dumping"
}
{
  "Detection": [
    "Technique",
    "MSSP",
    "Telemetry"
  ],
  "DetectionModifiers": [
    "Correlated",
    "Alert",
    "Delayed (Manual)",
    "Correlated"
  ],
  "DetectionText": [
    "A Technique alert detection for \"SensitiveMemoryAccess\" under \"Credential Access {T1003}\" was generated when m.exe read sensitive memory from lsass.exe. The detection was correlated to a parent grouping of malicious activity.",
    "An MSSP detection for \"T1003\" occurred containing evidence of Mimikatz sekurlsa::logonpasswords usage via m.exe.",
    "Telemetry shows a remote process injection into lsass.exe by Mimikatz. The detection was correlated to a parent grouping of malicious activity."
  ],
  "Procedure": "Dumped plaintext credentials using Mimikatz (m.exe)",
  "Step": "14.B.4",
  "TacticGroup": "Credential Access",
  "Technique": "T1003",
  "TechniqueName": "Credential Dumping"
}
{
  "Detection": [
    "Technique",
    "MSSP",
    "Telemetry"
  ],
  "DetectionModifiers": [
    "Correlated",
    "Alert",
    "Delayed (Manual)",
    "Correlated"
  ],
  "DetectionText": [
    "A Technique alert detection for \"SensitiveMemoryAccess\" under \"Credential Access {T1003}\" was generated when m.exe read sensitive memory from lsass.exe. The detection was correlated to a parent grouping of malicious activity.",
    "An MSSP detection for \"SensitiveMemoryAccess\" occurred containing evidence of mimikatz lsadump::lsa /inject /name:krbtgt via m.exe.",
    "Telemetry shows a remote process injection into lsass.exe by Mimikatz. The detection was correlated to a parent grouping of malicious activity."
  ],
  "Procedure": "Dumped the KRBTGT hash on the domain controller host NewYork (10.0.0.4) using Mimikatz (m.exe)",
  "Step": "16.D.2",
  "TacticGroup": "Credential Access",
  "Technique": "T1003",
  "TechniqueName": "Credential Dumping"
}
{
  "Detection": [
    "MSSP",
    "Telemetry"
  ],
  "DetectionModifiers": [
    "Delayed (Manual)"
  ],
  "DetectionText": [
    "An MSSP detection for \"T1085\" occurred containing evidence of rundll32.exe executing kxwn.lock.",
    "Telemetry showed rundll32.exe executing kxwn.lock."
  ],
  "Procedure": "Executed Run key persistence payload on user login using RunDll32",
  "Step": "20.A.1",
  "TacticGroup": "Execution",
  "Technique": "T1085",
  "TechniqueName": "Rundll32"
}
{
  "Detection": [
    "Tactic",
    "MSSP",
    "Telemetry"
  ],
  "DetectionModifiers": [
    "Correlated",
    "Alert",
    "Delayed (Manual)",
    "Correlated"
  ],
  "DetectionText": [
    "A Tactic alert detection called \"ProcessCreationExtra\" was generated for rcs.3aka3.doc\u200b spawning cmd.exe.",
    "An MSSP detection for \u201cT1059\u201d contained evidence of cmd.exe spawning from rcs.3aka3.doc\u200b.",
    "Telemetry showed cmd.exe spawning from rcs.3aka3.doc\u200b.The detection was correlated to a parent grouping of malicious activity."
  ],
  "Procedure": "Spawned interactive cmd.exe",
  "Step": "1.B.1",
  "TacticGroup": "Execution",
  "Technique": "T1059",
  "TechniqueName": "Command-Line Interface"
}
{
  "Detection": [
    "Technique",
    "MSSP",
    "Telemetry"
  ],
  "DetectionModifiers": [
    "Correlated",
    "Alert",
    "Delayed (Manual)",
    "Correlated"
  ],
  "DetectionText": [
    "A Technique alert detection for \"TokenManipulation\" was generated when user Pam targeted user \"NT AUTHORITY\\SYSTEM\" in conjunction with \"setcbprivilege\" usage. The detection was correlated to a parent grouping of malicious activity.",
    "An MSSP detection for \"T1088\" occurred containing evidence of new high integrity PowerShell callback spawning from control.exe\u200b\u200b (spawned from sdclt.exe).",
    "Telemetry showed a new high integrity PowerShell callback spawning from control.exe\u200b\u200b (spawned from sdclt.exe). The detection was correlated to a parent grouping of malicious activity."
  ],
  "Procedure": "Executed elevated PowerShell payload",
  "Step": "3.B.2",
  "TacticGroup": "Privilege Escalation",
  "Technique": "T1088",
  "TechniqueName": "Bypass User Account Control"
}
{
  "Detection": [
    "MSSP",
    "Telemetry"
  ],
  "DetectionModifiers": [
    "Delayed (Manual)",
    "Correlated"
  ],
  "DetectionText": [
    "An MSSP detection for \"T1088\" occurred containing evidence of a new High Integrity PowerShell callback spawned from control.exe (spawned from sdclt.exe) with TokenMismatch indicator.",
    "Telemetry showed a new High Integrity PowerShell callback spawned from control.exe (spawned from sdclt.exe). The detection was correlated to a parent grouping of malicious activity."
  ],
  "Procedure": "Executed elevated PowerShell payload",
  "Step": "14.A.2",
  "TacticGroup": "Privilege Escalation",
  "Technique": "T1088",
  "TechniqueName": "Bypass User Account Control"
}
{
  "Detection": [
    "Technique",
    "MSSP",
    "Telemetry"
  ],
  "DetectionModifiers": [
    "Correlated",
    "Alert",
    "Delayed (Manual)",
    "Correlated"
  ],
  "DetectionText": [
    "A Technique alert detection for \"WMI Operation\" under \"Execution {T1047}\" was generated on Win32_AuditCode usage. The detection was correlated to a parent grouping of malicious activity.",
    "An MSSP detection for \"WMI Operation\" occurred containing evidence of Win32_AuditCode usage. WmiPrvSE.exe executed powershell.exe with decoded payload.",
    "Telemetry showed WmiPrvSE.exe executing powershell.exe. The detection was correlated to a parent grouping of malicious activity."
  ],
  "Procedure": "Created and executed a WMI class using PowerShell",
  "Step": "14.B.1",
  "TacticGroup": "Execution",
  "Technique": "T1047",
  "TechniqueName": "Windows Management Instrumentation"
}
{
  "Detection": [
    "MSSP",
    "Telemetry"
  ],
  "DetectionModifiers": [
    "Delayed (Manual)",
    "Correlated"
  ],
  "DetectionText": [
    "An MSSP detection for \"T1114\" occurred containing evidence of Outlook process being started from the parent process \u201csvchost.exe\u201d along with the function definition for \"psemail\".",
    "Telemetry showed outlook.exe spawning from svchost.exe, which is indicative of programmatic access to Outlook emails. The detection was correlated to a parent grouping of malicious activity."
  ],
  "Procedure": "Dumped messages from the local Outlook inbox using PowerShell",
  "Step": "17.A.1",
  "TacticGroup": "Collection",
  "Technique": "T1114",
  "TechniqueName": "Email Collection"
}
{
  "Detection": [
    "None"
  ],
  "DetectionModifiers": [],
  "DetectionText": [
    "No detection capability demonstrated for this procedure, though data showed rcs.3aka3.doc loading cryptographic libraries."
  ],
  "Procedure": "Used RC4 stream cipher to encrypt C2 (192.168.0.5) traffic",
  "Step": "1.A.4",
  "TacticGroup": "Command and Control",
  "Technique": "T1032",
  "TechniqueName": "Standard Cryptographic Protocol"
}
{
  "Detection": [
    "MSSP",
    "Telemetry"
  ],
  "DetectionModifiers": [
    "Delayed (Manual)",
    "Correlated"
  ],
  "DetectionText": [
    "An MSSP detection for \"T1032\" occurred containing evidence of the PowerShell process exchanging data with 192.168.0.5 over HTTPS.",
    "Telemetry showed PowerShell process exchanging data with 192.168.0.5 over HTTPS. The detection was correlated to a parent grouping of malicious activity."
  ],
  "Procedure": "Used HTTPS to encrypt C2 (192.168.0.5) traffic",
  "Step": "3.B.5",
  "TacticGroup": "Command and Control",
  "Technique": "T1032",
  "TechniqueName": "Standard Cryptographic Protocol"
}
{
  "Detection": [
    "MSSP",
    "Telemetry"
  ],
  "DetectionModifiers": [
    "Delayed (Manual)"
  ],
  "DetectionText": [
    "An MSSP detection for \"T1032\" occurred containing evidence of PowerShell making network connection to C2 (192.168.0.4) over port 443 via HTTPS.",
    "Telemetry showed PowerShell making network connection to C2 (192.168.0.4) over HTTPS."
  ],
  "Procedure": "Used HTTPS to encrypt C2 (192.168.0.4) traffic",
  "Step": "11.A.15",
  "TacticGroup": "Command and Control",
  "Technique": "T1032",
  "TechniqueName": "Standard Cryptographic Protocol"
}
{
  "Detection": [
    "None"
  ],
  "DetectionModifiers": [],
  "DetectionText": [
    "No detection capability demonstrated for this procedure."
  ],
  "Procedure": "Executed API call by reflectively loading Netapi32.dll",
  "Step": "4.C.10",
  "TacticGroup": "Execution",
  "Technique": "T1106",
  "TechniqueName": "Execution through API"
}
{
  "Detection": [
    "None"
  ],
  "DetectionModifiers": [],
  "DetectionText": [
    "No detection capability demonstrated for this procedure."
  ],
  "Procedure": "Executed API call by reflectively loading Netapi32.dll",
  "Step": "4.C.12",
  "TacticGroup": "Execution",
  "Technique": "T1106",
  "TechniqueName": "Execution through API"
}
{
  "Detection": [
    "None"
  ],
  "DetectionModifiers": [],
  "DetectionText": [
    "No detection capability demonstrated for this procedure."
  ],
  "Procedure": "Executed PowerShell payload via the CreateProcessWithToken API",
  "Step": "10.B.2",
  "TacticGroup": "Execution",
  "Technique": "T1106",
  "TechniqueName": "Execution through API"
}
{
  "Detection": [
    "MSSP",
    "Telemetry"
  ],
  "DetectionModifiers": [
    "Delayed (Manual)",
    "Correlated",
    "Configuration Change (UX)"
  ],
  "DetectionText": [
    "An MSSP detection for \"T1106\" occurred containing evidence of ConvertSidToStringSid API with Advapi32.dll.",
    "Telemetry showed PowerShell reflectively loading Advapi32.dll inorder to execute the ConvertSidToStringSid API function. The detection was correlated to a parent grouping of malicious activity."
  ],
  "Procedure": "Executed the ConvertSidToStringSid API call by reflectively loading Advapi32.dll",
  "Step": "16.B.2",
  "TacticGroup": "Execution",
  "Technique": "T1106",
  "TechniqueName": "Execution through API"
}
{
  "Detection": [
    "MSSP",
    "Telemetry"
  ],
  "DetectionModifiers": [
    "Delayed (Manual)",
    "Correlated"
  ],
  "DetectionText": [
    "An MSSP detection for the file creation of Draft.zip was received. The alert stated that \"C:\\Users\\pam\\AppData\\Roaming\\Draft.zip\" file was created.",
    "Telemetry showed the creation of Draft.Zip. The detection was correlated to a parent grouping of malicious activity."
  ],
  "Procedure": "Staged files for exfiltration into ZIP (Draft.zip) using PowerShell",
  "Step": "2.A.5",
  "TacticGroup": "Collection",
  "Technique": "T1074",
  "TechniqueName": "Data Staged"
}
{
  "Detection": [
    "MSSP",
    "Telemetry"
  ],
  "DetectionModifiers": [
    "Delayed (Manual)",
    "Correlated"
  ],
  "DetectionText": [
    "An MSSP detection for \"T1074\" occurred containing evidence of working.zip creation from file creation events.",
    "Telemetry showed a File Creation event for powershell.exe creating working.zip.The detection was correlated to a parent grouping of malicious activity."
  ],
  "Procedure": "Staged files for exfiltration into ZIP (working.zip in AppData directory) using PowerShell",
  "Step": "9.B.5",
  "TacticGroup": "Collection",
  "Technique": "T1074",
  "TechniqueName": "Data Staged"
}
{
  "Detection": [
    "MSSP",
    "Telemetry"
  ],
  "DetectionModifiers": [
    "Delayed (Manual)",
    "Correlated"
  ],
  "DetectionText": [
    "An MSSP detection for \"T1074\" occurred containing evidence of Copy-Item with ..\\WindowsParentalControlMigration\\MITRE-ATTACK-EVALS.HTML being the destination file. ",
    "Telemetry showed the file create event for MITRE-ATTACK-EVALS.HTML.  The detection was correlated to a parent grouping of malicious activity."
  ],
  "Procedure": "Staged collected file into directory using PowerShell",
  "Step": "17.B.2",
  "TacticGroup": "Collection",
  "Technique": "T1074",
  "TechniqueName": "Data Staged"
}
{
  "Detection": [
    "Technique",
    "MSSP",
    "Telemetry"
  ],
  "DetectionModifiers": [
    "Correlated",
    "Alert",
    "Delayed (Manual)",
    "Correlated"
  ],
  "DetectionText": [
    "A Technique alert detection for \"File Enumeration\" under \"Discovery {T1083}\" was generated when powershell.exe executed Get-ChildItem. The detection was correlated to a parent grouping of malicious activity.",
    "An MSSP detection for \"File Enumeration\" occurred containing evidence of PowerShell searching the filesystem. ",
    "Telemetry showed powershell.exe executing ChildItem. The detection was correlated to a parent grouping of malicious activity."
  ],
  "Procedure": "Searched filesystem for document and media files using PowerShell\u00a0",
  "Step": "2.A.1",
  "TacticGroup": "Discovery",
  "Technique": "T1083",
  "TechniqueName": "File and Directory Discovery"
}
{
  "Detection": [
    "MSSP"
  ],
  "DetectionModifiers": [
    "Delayed (Manual)"
  ],
  "DetectionText": [
    "An MSSP detection occurred for \"basic discovery\" containing evidence of $env:TEMP usage."
  ],
  "Procedure": "Enumerated user's temporary directory path using PowerShell",
  "Step": "4.C.1",
  "TacticGroup": "Discovery",
  "Technique": "T1083",
  "TechniqueName": "File and Directory Discovery"
}
{
  "Detection": [
    "Technique",
    "MSSP",
    "Telemetry"
  ],
  "DetectionModifiers": [
    "Correlated",
    "Alert",
    "Delayed (Manual)",
    "Configuration Change (UX)",
    "Correlated"
  ],
  "DetectionText": [
    "A Technique alert detection for \"File Enumeration\" under \"Discovery {T1083}\" was generated when powershell.exe executed Get-ChildItem. The detection was correlated to a parent grouping of malicious activity.",
    "An MSSP detection for \"T1083\" occurred containing evidence of enumerating directories in search for specific files. The function \u201cChildItem\u201d is observed.",
    "Telemetry showed PowerShell executing ChildItem\u200b. The detection was correlated to a parent grouping of malicious activity."
  ],
  "Procedure": "Searched filesystem for document and media files using PowerShell",
  "Step": "9.B.2",
  "TacticGroup": "Discovery",
  "Technique": "T1083",
  "TechniqueName": "File and Directory Discovery"
}
{
  "Detection": [
    "MSSP",
    "Telemetry"
  ],
  "DetectionModifiers": [
    "Delayed (Manual)",
    "Configuration Change (UX)"
  ],
  "DetectionText": [
    "An MSSP detection for \"information discovery\" occurred containing evidence of File Enumeration relating to Get-Item function.",
    "Telemetry showed PowerShell executing Get-Item for the current path."
  ],
  "Procedure": "Checked that the payload is not inside a folder path that contains \"sample\" or is the length of a hash value using PowerShell",
  "Step": "11.A.9",
  "TacticGroup": "Discovery",
  "Technique": "T1083",
  "TechniqueName": "File and Directory Discovery"
}
{
  "Detection": [
    "MSSP",
    "Telemetry"
  ],
  "DetectionModifiers": [
    "Delayed (Manual)",
    "Configuration Change (UX)"
  ],
  "DetectionText": [
    "An MSSP detection for \"T1083\" occurred containing evidence of PowerShell enumeration of System32.",
    "Telemetry showed PowerShell enumeration of System32."
  ],
  "Procedure": "Enumerated the System32 directory using PowerShell",
  "Step": "12.A.1",
  "TacticGroup": "Discovery",
  "Technique": "T1083",
  "TechniqueName": "File and Directory Discovery"
}
{
  "Detection": [
    "Technique",
    "MSSP",
    "Telemetry"
  ],
  "DetectionModifiers": [
    "Correlated",
    "Delayed (Processing)",
    "Alert",
    "Delayed (Manual)",
    "Correlated"
  ],
  "DetectionText": [
    "A Technique alert detection for \"Automated Collection\" was generated on powershell.exe executing Get-ChildItem after a short delay. The detection was correlated to a parent grouping of malicious activity.",
    "An MSSP detection for \"InteractivePSCommand\" contained evidence of powershell.exe executing ChildItem. ",
    "Telemetry showed powershell.exe executing ChildItem. The detection was correlated to a parent grouping of malicious activity."
  ],
  "Procedure": "Scripted search of filesystem for document and media files using PowerShell\u00a0",
  "Step": "2.A.2",
  "TacticGroup": "Collection",
  "Technique": "T1119",
  "TechniqueName": "Automated Collection"
}
{
  "Detection": [
    "Technique",
    "MSSP",
    "Telemetry"
  ],
  "DetectionModifiers": [
    "Correlated",
    "Alert",
    "Configuration Change (UX)",
    "Delayed (Manual)",
    "Correlated",
    "Configuration Change (UX)"
  ],
  "DetectionText": [
    "A Technique alert detection called \"Automated Collection\" was generated when powershell.exe accessed multiple files when using ChildItem. The detection was correlated to a parent grouping of malicious activity.",
    "An MSSP detection for \"T1119\" occurred containing evidence of enumerating directories in search for specific files. The function \u201cChildItem\u201d is observed.",
    "Telemetry showed PowerShell executing ChildItem\u200b. The detection was correlated to a parent grouping of malicious activity."
  ],
  "Procedure": "Scripted search of filesystem for document and media files using PowerShell\u00a0",
  "Step": "9.B.3",
  "TacticGroup": "Collection",
  "Technique": "T1119",
  "TechniqueName": "Automated Collection"
}
{
  "Detection": [
    "Technique",
    "MSSP",
    "Telemetry"
  ],
  "DetectionModifiers": [
    "Configuration Change (Detections)",
    "Correlated",
    "Alert",
    "Delayed (Manual)",
    "Correlated",
    "Configuration Change (UX)"
  ],
  "DetectionText": [
    "A Technique alert detection for \"Screenshot\" generated due to CopyFromScreen API execution. The detection was correlated to a parent grouping of malicious activity.",
    "An MSSP detection for \"T1113\" occurred containing evidence of System.Drawing.dll being loaded and Invoke-ScreenCapture called.",
    "Telemetry showed powershell.exe executing CopyFromScreen from System.Drawing.dll. The detection was correlated to a parent grouping of malicious activity."
  ],
  "Procedure": "Captured and saved screenshots using PowerShell",
  "Step": "7.A.1",
  "TacticGroup": "Collection",
  "Technique": "T1113",
  "TechniqueName": "Screen Capture"
}
{
  "Detection": [
    "N/A"
  ],
  "DetectionModifiers": [],
  "DetectionText": [
    "Due to execution inconsistencies Step 19 has been omitted from the evaluation results."
  ],
  "Procedure": "Reflectively injected SDelete binary into PowerShell",
  "Step": "19.A.2",
  "TacticGroup": "Defense Evasion",
  "Technique": "T1055",
  "TechniqueName": "Process Injection"
}
{
  "Detection": [
    "N/A"
  ],
  "DetectionModifiers": [],
  "DetectionText": [
    "Due to execution inconsistencies Step 19 has been omitted from the evaluation results."
  ],
  "Procedure": "Reflectively injected SDelete binary into PowerShell",
  "Step": "19.B.2",
  "TacticGroup": "Defense Evasion",
  "Technique": "T1055",
  "TechniqueName": "Process Injection"
}
{
  "Detection": [
    "N/A"
  ],
  "DetectionModifiers": [],
  "DetectionText": [
    "Due to execution inconsistencies Step 19 has been omitted from the evaluation results."
  ],
  "Procedure": "Reflectively injected SDelete binary into PowerShell",
  "Step": "19.C.2",
  "TacticGroup": "Defense Evasion",
  "Technique": "T1055",
  "TechniqueName": "Process Injection"
}
{
  "Detection": [
    "MSSP",
    "Telemetry"
  ],
  "DetectionModifiers": [
    "Delayed (Manual)",
    "Correlated"
  ],
  "DetectionText": [
    "An MSSP detection for \"T1105\" occurred containing evidence of rcs.3aka3.doc creating monkey.png.",
    "Telemetry showed rcs.3aka3.doc creating new file monkey.png. The detection was correlated to a parent grouping of malicious activity."
  ],
  "Procedure": "Dropped stage 2 payload (monkey.png) to disk",
  "Step": "3.A.1",
  "TacticGroup": "Command and Control",
  "Technique": "T1105",
  "TechniqueName": "Remote File Copy"
}
{
  "Detection": [
    "MSSP",
    "Telemetry"
  ],
  "DetectionModifiers": [
    "Delayed (Manual)",
    "Correlated"
  ],
  "DetectionText": [
    "An MSSP detection for \"T1105\" occurred containing evidence of the file write of the ZIP by PowerShell. ",
    "Telemetry showed the file write of the ZIP by PowerShell.  The detection was correlated to a parent grouping of malicious activity."
  ],
  "Procedure": "Dropped additional tools (SysinternalsSuite.zip) to disk over C2 channel (192.168.0.5)",
  "Step": "4.A.1",
  "TacticGroup": "Command and Control",
  "Technique": "T1105",
  "TechniqueName": "Remote File Copy"
}
{
  "Detection": [
    "Tactic",
    "MSSP",
    "Telemetry"
  ],
  "DetectionModifiers": [
    "Correlated",
    "Alert",
    "Delayed (Manual)"
  ],
  "DetectionText": [
    "A Tactic alert detection for \"AdminShareAccess\" was generated when python.exe was written from host Nashua (10.0.1.6) to the ADMIN$ share on host Scranton (10.0.1.4), indicating Lateral Movement.  The detection was correlated to a parent grouping of malicious activity.",
    "An MSSP detection for \"T1105\" occurred containing evidence of python.exe file creation. ",
    "Telemetry showed the file create event of python.exe."
  ],
  "Procedure": "Copied python.exe payload from a WebDAV share (192.168.0.4) to remote host Scranton (10.0.1.4)",
  "Step": "8.B.1",
  "TacticGroup": "Command and Control",
  "Technique": "T1105",
  "TechniqueName": "Remote File Copy"
}
{
  "Detection": [
    "MSSP",
    "Telemetry"
  ],
  "DetectionModifiers": [
    "Delayed (Manual)"
  ],
  "DetectionText": [
    "An MSSP detection for \"Python spawns PowerShell which then writes rar.exe and sdelete64.exe\" occurred containing evidence of file write events for rar.exe and sdelete64.exe.",
    "Telemetry showed a file creation event for python.exe creating rar.exe."
  ],
  "Procedure": "Dropped rar.exe to disk on remote host Scranton (10.0.1.4)\u00a0",
  "Step": "9.A.1",
  "TacticGroup": "Command and Control",
  "Technique": "T1105",
  "TechniqueName": "Remote File Copy"
}
{
  "Detection": [
    "MSSP",
    "Telemetry"
  ],
  "DetectionModifiers": [
    "Delayed (Manual)",
    "Correlated"
  ],
  "DetectionText": [
    "An MSSP detection for \"Python spawns PowerShell which then writes Rar.exe and sdelete64.exe\" occurred containing evidence of file write events for rar.exe and sdelete64.exe.",
    "Telemetry showed File Creation event for python.exe creating sdelete64.exe. The detection was correlated to a parent grouping of malicious activity."
  ],
  "Procedure": "Dropped sdelete.exe to disk on remote host Scranton (10.0.1.4)\u00a0",
  "Step": "9.A.2",
  "TacticGroup": "Command and Control",
  "Technique": "T1105",
  "TechniqueName": "Remote File Copy"
}
{
  "Detection": [
    "MSSP",
    "Telemetry"
  ],
  "DetectionModifiers": [
    "Delayed (Manual)",
    "Correlated"
  ],
  "DetectionText": [
    "An MSSP detection for \"FileModification\" occurred containing evidence of file write and analysis of m.exe.",
    "Telemetry showed the file write event for m.exe into the System32 folder. The detection was correlated to a parent grouping of malicious activity."
  ],
  "Procedure": "Downloaded and dropped Mimikatz (m.exe) to disk",
  "Step": "14.B.3",
  "TacticGroup": "Command and Control",
  "Technique": "T1105",
  "TechniqueName": "Remote File Copy"
}
{
  "Detection": [
    "General",
    "MSSP",
    "Telemetry"
  ],
  "DetectionModifiers": [
    "Alert",
    "Delayed (Manual)",
    "Correlated"
  ],
  "DetectionText": [
    "A General alert detection (medium severity) was generated identifying m.exe as a threat file.",
    "An MSSP detection for \"File Creation\" occurred containing evidence of file write of m.exe to System32 directory by WinRM.",
    "Telemetry showed a file write event for m.exe in the System32 directory by \"Host process for WinRM plug-ins\". The detection was correlated to a parent grouping of malicious activity."
  ],
  "Procedure": "Dropped Mimikatz (m.exe) to disk on the domain controller host NewYork (10.0.0.4) over a WinRM connection",
  "Step": "16.D.1",
  "TacticGroup": "Command and Control",
  "Technique": "T1105",
  "TechniqueName": "Remote File Copy"
}
{
  "Detection": [
    "Technique"
  ],
  "DetectionModifiers": [
    "Alert"
  ],
  "DetectionText": [
    "A Technique alert detection \"UserLogin\" under \"Valid Accounts {T1078}\" showed a valid logon on Scranton (10.0.1.4) as user Pam."
  ],
  "Procedure": "Logged on to remote host Scranton (10.0.1.4) using\u00a0valid credentials for user Pam",
  "Step": "8.C.1",
  "TacticGroup": "Defense Evasion",
  "Technique": "T1078",
  "TechniqueName": "Valid Accounts"
}
{
  "Detection": [
    "Technique",
    "MSSP"
  ],
  "DetectionModifiers": [
    "Alert",
    "Delayed (Manual)"
  ],
  "DetectionText": [
    "A Technique alert detection for \"UserLogin\" was generated when valid user MScott was used to log onto NewYork (10.0.0.4).",
    "An MSSP detection for \"T1078\" occurred containing evidence of process wsmprovhost.exe creation by mscott on remote host proving valid logon.\n"
  ],
  "Procedure": "Logged on to the domain controller host NewYork (10.0.0.4) using\u00a0valid credentials for user MScott\u00a0",
  "Step": "16.C.2",
  "TacticGroup": "Defense Evasion",
  "Technique": "T1078",
  "TechniqueName": "Valid Accounts"
}
{
  "Detection": [
    "Technique",
    "MSSP",
    "Telemetry"
  ],
  "DetectionModifiers": [
    "Correlated",
    "Alert",
    "Delayed (Manual)"
  ],
  "DetectionText": [
    "A Technique alert detection for \"Security Software Discovery\" specific to WMI was generated when PowerShell executed the suspicious WMI query containing AntiVirusProduct.  The detection was correlated to a parent grouping of malicious activity.",
    "An MSSP detection for \"use of Gwmi\" occurred containing evidence of WMI query containing AntiVirusProduct.",
    "Telemetry showed powershell.exe executing:\u200b Get-WmiObject ...\u200b -Class AntiVirusProduct. "
  ],
  "Procedure": "Enumerated anti-virus software using PowerShell",
  "Step": "4.C.7",
  "TacticGroup": "Discovery",
  "Technique": "T1063",
  "TechniqueName": "Security Software Discovery"
}
{
  "Detection": [
    "Technique",
    "MSSP",
    "Telemetry"
  ],
  "DetectionModifiers": [
    "Correlated",
    "Alert",
    "Delayed (Manual)"
  ],
  "DetectionText": [
    "A Technique alert detection for \"Security Software Discovery\" specific to WMI was generated when PowerShell executed the suspicious WMI query containing FireWallProduct. The detection was correlated to a parent grouping of malicious activity.",
    "An MSSP detection for \"use of Gwmi\" occurred containing evidence of WMI query containing FireWallProduct.",
    "Telemetry showed powershell.exe executing: Get-WmiObject ...\u200b\u200b -Class FireWallProduct."
  ],
  "Procedure": "Enumerated firewall software using PowerShell",
  "Step": "4.C.8",
  "TacticGroup": "Discovery",
  "Technique": "T1063",
  "TechniqueName": "Security Software Discovery"
}
{
  "Detection": [
    "Technique",
    "MSSP",
    "Telemetry"
  ],
  "DetectionModifiers": [
    "Correlated",
    "Alert",
    "Delayed (Manual)",
    "Correlated"
  ],
  "DetectionText": [
    "A Technique alert detection for \"SuspiciousWMIQuery\" under \"Discovery {T1063}\" was generated when PowerShell gwmi queried for AntiVirusProduct. The detection was correlated to a parent grouping of malicious activity.",
    "An MSSP detection occurred containing evidence of gwmi query being used to enumerate AV software via \"detectav\" PowerShell function.",
    "Telemetry showed PowerShell gwmi query for AntiVirusProduct. The detection was correlated to a parent grouping of malicious activity."
  ],
  "Procedure": "Enumerated registered AV products using PowerShell",
  "Step": "12.B.1",
  "TacticGroup": "Discovery",
  "Technique": "T1063",
  "TechniqueName": "Security Software Discovery"
}
{
  "Detection": [
    "MSSP",
    "Telemetry"
  ],
  "DetectionModifiers": [
    "Delayed (Manual)",
    "Correlated"
  ],
  "DetectionText": [
    "An MSSP detection for \"T1112\" occurred containing evidence of command subkey being removed from the Registry.",
    "Telemetry showed the deletion of the command subkey. The detection was correlated to a parent grouping of malicious activity."
  ],
  "Procedure": "Modified the Registry to remove artifacts of COM hijacking",
  "Step": "3.C.1",
  "TacticGroup": "Defense Evasion",
  "Technique": "T1112",
  "TechniqueName": "Modify Registry"
}
{
  "Detection": [
    "MSSP",
    "Telemetry"
  ],
  "DetectionModifiers": [
    "Delayed (Manual)",
    "Correlated",
    "Configuration Change (UX)"
  ],
  "DetectionText": [
    "An MSSP detection for \"T1112\" occurred containing evidence of \"bypass\" function definition removing Registry subkey.",
    "Telemetry showed powershell.exe deleting the command subkey. The detection was correlated to a parent grouping of malicious activity."
  ],
  "Procedure": "Modified the Registry to remove artifacts of COM hijacking using PowerShell",
  "Step": "14.A.3",
  "TacticGroup": "Defense Evasion",
  "Technique": "T1112",
  "TechniqueName": "Modify Registry"
}
{
  "Detection": [
    "Technique",
    "MSSP",
    "Telemetry"
  ],
  "DetectionModifiers": [
    "Alert",
    "Delayed (Manual)"
  ],
  "DetectionText": [
    "A Technique alert detection for \"SuspiciousWMIQuery\" under \"{T1120}\" (Peripheral Device Discovery) was generated due to a suspicious WMI query for Win32_PnPEntity.",
    "An MSSP detection for \"T1120\" occurred containing evidence of WMI query targeting Win32_PnPEntity.",
    "Telemetry showed the PowerShell gwmi query for Win32_PnPEntity."
  ],
  "Procedure": "Enumerated devices/adapters to check for presence of VirtualBox driver(s) using PowerShell",
  "Step": "11.A.5",
  "TacticGroup": "Discovery",
  "Technique": "T1120",
  "TechniqueName": "Peripheral Device Discovery"
}
{
  "Detection": [
    "Technique",
    "MSSP"
  ],
  "DetectionModifiers": [
    "Alert",
    "Delayed (Manual)"
  ],
  "DetectionText": [
    "A Technique alert detection for \"UPXProcess\" under \"Defense Evasion {T1045}\" was generated due to python.exe being packed with UPX.",
    "An MSSP detection was generated containing evidence of observed UPX packing on a Python payload."
  ],
  "Procedure": "python.exe payload was packed with UPX",
  "Step": "8.B.2",
  "TacticGroup": "Defense Evasion",
  "Technique": "T1045",
  "TechniqueName": "Software Packing"
}
{
  "Detection": [
    "Technique",
    "MSSP"
  ],
  "DetectionModifiers": [
    "Correlated",
    "Alert",
    "Delayed (Manual)"
  ],
  "DetectionText": [
    "A Technique alert detection for \"ServiceCreate\" under \"Persistence {T1084}\" was generated due to \"javamtsup\" being added to the \"...\\Services\" registry path. The detection was correlated to a parent grouping of malicious activity.",
    "An MSSP detection occurred for PowerShell initiating a new persistence service \"javamtsup\". "
  ],
  "Procedure": "Created a new service (javamtsup) that executes a service binary (javamtsup.exe) at system startup",
  "Step": "5.A.1",
  "TacticGroup": "Persistence",
  "Technique": "T1050",
  "TechniqueName": "New Service"
}
{
  "Detection": [
    "Technique",
    "MSSP",
    "Telemetry"
  ],
  "DetectionModifiers": [
    "Correlated",
    "Alert",
    "Delayed (Manual)",
    "Correlated"
  ],
  "DetectionText": [
    "A Technique alert detection for \"AdminShareAccess\" was generated due to PSEXESVC.exe being copied to $ADMIN on Scranton (10.0.1.4). The detection was correlated to a parent grouping of malicious activity.",
    "An MSSP detection for \"T1077\" occurred containing evidence of  PsExec64.exe establishing SMB session to Scranton's IPC$ share, and writes PSEXESVC.exe.",
    "Telemetry showed an SMB session from Nashua (10.0.1.6) to Scranton (10.0.1.4) over port 135 identified as RPC."
  ],
  "Procedure": "Established SMB session to remote host Scranton's (10.0.1.4) IPC$ share using PsExec",
  "Step": "8.C.2",
  "TacticGroup": "Lateral Movement",
  "Technique": "T1077",
  "TechniqueName": "Windows Admin Shares"
}
{
  "Detection": [
    "Technique",
    "MSSP",
    "Telemetry"
  ],
  "DetectionModifiers": [
    "Alert",
    "Delayed (Manual)"
  ],
  "DetectionText": [
    "A Technique alert detection for \"T1065 - Uncommonly Used Port\" was generated for rcs.3aka3.doc due to TCP port 1234 being used.",
    "An MSSP detection was generated for rcs.3aka3.doc connecting to 192.168.0.5 on port 1234.",
    "Telemetry showed the rcs.3aka.doc connected to 192.168.0.5 on TCP port 1234."
  ],
  "Procedure": "Established C2 channel (192.168.0.5) via rcs.3aka3.doc payload over TCP port 1234",
  "Step": "1.A.3",
  "TacticGroup": "Command and Control",
  "Technique": "T1065",
  "TechniqueName": "Uncommonly Used Port"
}
{
  "Detection": [
    "MSSP",
    "Telemetry"
  ],
  "DetectionModifiers": [
    "Delayed (Manual)",
    "Correlated"
  ],
  "DetectionText": [
    "An MSSP detection for \"T1107\" occurred containing evidence of Sdelete (Secure Deletion) being used to remove the original *.3aka3.* RAT, Draft.zip, and SysinternalSuite.zip).",
    "Telemetry showed sdelete.exe running with command-line arguments to delete the file and the subsequent file rename and delete events.  The detection was correlated to a parent grouping of malicious activity."
  ],
  "Procedure": "Deleted rcs.3aka3.doc on disk using SDelete",
  "Step": "4.B.2",
  "TacticGroup": "Defense Evasion",
  "Technique": "T1107",
  "TechniqueName": "File Deletion"
}
{
  "Detection": [
    "MSSP",
    "Telemetry"
  ],
  "DetectionModifiers": [
    "Delayed (Manual)",
    "Correlated"
  ],
  "DetectionText": [
    "An MSSP detection for \"T1107\" occurred containing evidence of Sdelete (Secure Deletion) being used to remove the original *.3aka3.* RAT, Draft.zip, and SysinternalSuite.zip).",
    "Telemetry showed sdelete.exe running with command-line arguments to delete the file and the subsequent file rename and delete events. The detection was correlated to a parent grouping of malicious activity."
  ],
  "Procedure": "Deleted Draft.zip on disk using SDelete",
  "Step": "4.B.3",
  "TacticGroup": "Defense Evasion",
  "Technique": "T1107",
  "TechniqueName": "File Deletion"
}
{
  "Detection": [
    "MSSP",
    "Telemetry"
  ],
  "DetectionModifiers": [
    "Delayed (Manual)",
    "Correlated"
  ],
  "DetectionText": [
    "An MSSP detection for \"T1107\" occurred containing evidence of Sdelete (Secure Deletion) being used to remove the original *.3aka3.* RAT, Draft.zip, and SysinternalSuite.zip).",
    "Telemetry showed sdelete.exe running with command-line arguments to delete the file and the subsequent file rename and delete events. The detection was correlated to a parent grouping of malicious activity."
  ],
  "Procedure": "Deleted SysinternalsSuite.zip on disk using SDelete",
  "Step": "4.B.4",
  "TacticGroup": "Defense Evasion",
  "Technique": "T1107",
  "TechniqueName": "File Deletion"
}
{
  "Detection": [
    "MSSP",
    "Telemetry"
  ],
  "DetectionModifiers": [
    "Delayed (Manual)",
    "Correlated"
  ],
  "DetectionText": [
    "An MSSP detection for \"sdelete\" occurred containing evidence of sdelete being run to delete rar.exe, and working.zip.",
    "Telemetry showed a file deletion event for secure file delete deleting rar.exe. The detection was correlated to a parent grouping of malicious activity."
  ],
  "Procedure": "Deleted rar.exe on disk using SDelete",
  "Step": "9.C.1",
  "TacticGroup": "Defense Evasion",
  "Technique": "T1107",
  "TechniqueName": "File Deletion"
}
{
  "Detection": [
    "MSSP",
    "Telemetry"
  ],
  "DetectionModifiers": [
    "Delayed (Manual)",
    "Correlated"
  ],
  "DetectionText": [
    "An MSSP detection for \"sdelete\" occurred containing evidence of sdelete being run to delete rar.exe, and working.zip.",
    "Telemetry showed sdelete64.exe with command-line arguments to Desktop\\working.zip. The detection was correlated to a parent grouping of malicious activity."
  ],
  "Procedure": "Deleted working.zip (from Desktop) on disk using SDelete",
  "Step": "9.C.2",
  "TacticGroup": "Defense Evasion",
  "Technique": "T1107",
  "TechniqueName": "File Deletion"
}
{
  "Detection": [
    "MSSP",
    "Telemetry"
  ],
  "DetectionModifiers": [
    "Delayed (Manual)",
    "Correlated"
  ],
  "DetectionText": [
    "An MSSP detection for \"sdelete\" occurred containing evidence of sdelete being run to delete rar.exe, and working.zip.",
    "Telemetry showed sdelete64.exe with command-line arguments to delete Roaming\\working.zip. The detection was correlated to a parent grouping of malicious activity."
  ],
  "Procedure": "Deleted working.zip (from AppData directory) on disk using SDelete",
  "Step": "9.C.3",
  "TacticGroup": "Defense Evasion",
  "Technique": "T1107",
  "TechniqueName": "File Deletion"
}
{
  "Detection": [
    "MSSP",
    "Telemetry"
  ],
  "DetectionModifiers": [
    "Delayed (Manual)",
    "Correlated"
  ],
  "DetectionText": [
    "An MSSP detection for \"executing a deletion\" occurred containing evidence of cmd.exe being run to delete sdelete64.exe.",
    "Telemetry showed a file deletion event on \"Windows Command Processor\" deleting sdelete64.exe. The detection was correlated to a parent grouping of malicious activity."
  ],
  "Procedure": "Deleted SDelete on disk using cmd.exe del command",
  "Step": "9.C.4",
  "TacticGroup": "Defense Evasion",
  "Technique": "T1107",
  "TechniqueName": "File Deletion"
}
{
  "Detection": [
    "N/A"
  ],
  "DetectionModifiers": [],
  "DetectionText": [
    "Due to execution inconsistencies Step 19 has been omitted from the evaluation results."
  ],
  "Procedure": "Deleted Mimikatz (m.exe) on disk using SDelete",
  "Step": "19.A.1",
  "TacticGroup": "Defense Evasion",
  "Technique": "T1107",
  "TechniqueName": "File Deletion"
}
{
  "Detection": [
    "N/A"
  ],
  "DetectionModifiers": [],
  "DetectionText": [
    "Due to execution inconsistencies Step 19 has been omitted from the evaluation results."
  ],
  "Procedure": "Deleted exfiltrated data on disk using SDelete",
  "Step": "19.B.1",
  "TacticGroup": "Defense Evasion",
  "Technique": "T1107",
  "TechniqueName": "File Deletion"
}
{
  "Detection": [
    "N/A"
  ],
  "DetectionModifiers": [],
  "DetectionText": [
    "Due to execution inconsistencies Step 19 has been omitted from the evaluation results."
  ],
  "Procedure": "Deleted staged data on disk using SDelete",
  "Step": "19.C.1",
  "TacticGroup": "Defense Evasion",
  "Technique": "T1107",
  "TechniqueName": "File Deletion"
}
{
  "Detection": [
    "Tactic",
    "MSSP",
    "Telemetry"
  ],
  "DetectionModifiers": [
    "Alert",
    "Delayed (Manual)"
  ],
  "DetectionText": [
    "A Tactic alert detection called \"ProcessCreationExtra\" was generated for explorer.exe executing rcs.3aka3.doc.",
    "An MSSP detection contained evidence of explorer.exe executing rcs.3aka3.doc.",
    "Telemetry showed explorer.exe executing rcs.3aka3.doc."
  ],
  "Procedure": "User Pam executed payload rcs.3aka3.doc",
  "Step": "1.A.1",
  "TacticGroup": "Execution",
  "Technique": "T1204",
  "TechniqueName": "User Execution"
}
{
  "Detection": [
    "Tactic",
    "General",
    "MSSP",
    "Telemetry"
  ],
  "DetectionModifiers": [
    "Alert",
    "Alert",
    "Delayed (Manual)"
  ],
  "DetectionText": [
    "A Tactic alert detection called \"ProcessCreationExtra\" was generated when explorer.exe executed powershell.exe.",
    "A General alert detection was generated for a suspicious powershell.exe process spawning. ",
    "An MSSP detection for \"T1204\" occurred containing evidence of powershell.exe execution targeting .lnk payload.",
    "Telemetry showed explorer.exe executing powershell.exe."
  ],
  "Procedure": "User Oscar executed payload 37486-the-shocking-truth-about-election-rigging-in-america.rtf.lnk",
  "Step": "11.A.1",
  "TacticGroup": "Execution",
  "Technique": "T1204",
  "TechniqueName": "User Execution"
}
