{
  "Detection": [
    "Enrichment", 
    "Telemetry"
  ], 
  "DetectionText": [
    "The capability enriched a logon attempt via net.exe using valid credentials for user Kmitnick with an alert for Net Use Command Execution (Weak Signal). The password for Kmitnick was redacted within the capability. [FE10] ", 
    " Telemetry showed the successful logon for the user Kmitnick.\u00a0"
  ], 
  "Procedure": "Empire: 'net use' via PowerShell to successfully authenticate to Conficker (10.0.0.5) using credentials of user Kmitnick", 
  "Step": "16.B.1", 
  "TacticGroup": "Defense Evasion, Persistence, Privilege Escalation, Initial Access", 
  "Technique": "T1078", 
  "TechniqueName": "Valid Accounts"
}
{
  "Detection": [
    "Enrichment", 
    " Specific Behavior, Delayed"
  ], 
  "DetectionText": [
    "The capability enriched a logon attempt via net1.exe using valid credentials for user Kmitnick with an alert for Net Use Command Execution (Weak Signal). The password for the user Kmitnick was redacted by the capability.[FE10] ", 
    " The Managed Defense Report indicated a Specific Behavior occurred because it identified that the attacker mounted the C$ drive on creeper with the kmitnick account. [FE5]"
  ], 
  "Procedure": "Empire: 'net use' via PowerShell to successfully authenticate to Creeper (10.0.0.4) using credentials of user Kmitnick", 
  "Step": "16.D.1", 
  "TacticGroup": "Defense Evasion, Persistence, Privilege Escalation, Initial Access", 
  "Technique": "T1078", 
  "TechniqueName": "Valid Accounts"
}
{
  "Detection": [
    "Telemetry", 
    " Specific Behavior, Delayed"
  ], 
  "DetectionText": [
    "Telemetry showed a Logon Type 10 (interactive) event for the account Jesse logging on to Conficker.", 
    " The Managed Defense Report indicated a Specific Behavior occurred because it identified that the account Jesse was used to log in to Conficker as part of Lateral Movement.[FE5]"
  ], 
  "Procedure": "RDP connection to Conficker (10.0.0.5) authenticated using previously added user Jesse", 
  "Step": "10.B.1", 
  "TacticGroup": "Defense Evasion, Persistence, Privilege Escalation, Initial Access", 
  "Technique": "T1078", 
  "TechniqueName": "Valid Accounts"
}
{
  "Detection": [
    "None"
  ], 
  "DetectionText": [
    "No detection capability demonstrated for this procedure."
  ], 
  "Procedure": "Empire: WinEnum module included enumeration of mapped network drives", 
  "Step": "12.E.1.9.2", 
  "TacticGroup": "Discovery", 
  "Technique": "T1135", 
  "TechniqueName": "Network Share Discovery"
}
{
  "Detection": [
    "None"
  ], 
  "DetectionText": [
    "No detection capability demonstrated for this procedure."
  ], 
  "Procedure": "Empire: WinEnum module included enumeration of available shares", 
  "Step": "12.E.1.9.1", 
  "TacticGroup": "Discovery", 
  "Technique": "T1135", 
  "TechniqueName": "Network Share Discovery"
}
{
  "Detection": [
    "None"
  ], 
  "DetectionText": [
    "No detection capability demonstrated for this procedure."
  ], 
  "Procedure": "Empire: 'Get-ChildItem' via PowerShell to enumerate a network shared drive (Wormshare) on Conficker (10.0.0.5)", 
  "Step": "18.A.1", 
  "TacticGroup": "Discovery", 
  "Technique": "T1083", 
  "TechniqueName": "File and Directory Discovery"
}
{
  "Detection": [
    "Enrichment"
  ], 
  "DetectionText": [
    "The capability enriched cmd.exe executing dir with an alert for Dir Command (Weak Signal). The alert was also tagged with the correct ATT&CK Technique (T1083 - File and Directory Discovery) and Tactic (Discovery)."
  ], 
  "Procedure": "Cobalt Strike: 'dir /s /b \"\\\\conficker\\wormshare\"' via cmd", 
  "Step": "8.A.1", 
  "TacticGroup": "Discovery", 
  "Technique": "T1083", 
  "TechniqueName": "File and Directory Discovery"
}
{
  "Detection": [
    "Enrichment", 
    " Specific Behavior, Delayed"
  ], 
  "DetectionText": [
    "The capability enriched cmd.exe executing tree with an alert for Tree Command Execution (Weak Signal). The alert was also tagged with the correct ATT&CK Technique (T1083 - File and Directory Discovery) and Tactic (Discovery). ", 
    " The Managed Defense Report indicated a Specific Behavior occurred because it identified that the attacker performed a directory listing of the contents of Debbie's user profile directory. [FE5]"
  ], 
  "Procedure": "Cobalt Strike: 'tree \"C:\\Users\\debbie\"' via cmd", 
  "Step": "8.A.2", 
  "TacticGroup": "Discovery", 
  "Technique": "T1083", 
  "TechniqueName": "File and Directory Discovery"
}
{
  "Detection": [
    "None"
  ], 
  "DetectionText": [
    "No detection capability demonstrated for this procedure."
  ], 
  "Procedure": "Empire: WinEnum module included enumeration of interesting files", 
  "Step": "12.E.1.4.2", 
  "TacticGroup": "Discovery", 
  "Technique": "T1083", 
  "TechniqueName": "File and Directory Discovery"
}
{
  "Detection": [
    "None"
  ], 
  "DetectionText": [
    "No detection capability demonstrated for this procedure."
  ], 
  "Procedure": "Empire: WinEnum module included enumeration of recently opened files", 
  "Step": "12.E.1.4.1", 
  "TacticGroup": "Discovery", 
  "Technique": "T1083", 
  "TechniqueName": "File and Directory Discovery"
}
{
  "Detection": [
    "None"
  ], 
  "DetectionText": [
    "No detection capability demonstrated for this procedure."
  ], 
  "Procedure": "Cobalt Strike: 'ls' (List) via Win32 APIs to enumerate a network shared drive (Wormshare) on Conficker (10.0.0.5)", 
  "Step": "9.A.1", 
  "TacticGroup": "Discovery", 
  "Technique": "T1083", 
  "TechniqueName": "File and Directory Discovery"
}
{
  "Detection": [
    "None"
  ], 
  "DetectionText": [
    "No detection capability identified for this procedure."
  ], 
  "Procedure": "Empire: 'type' via PowerShell to remotely enumerate a specific file (update.vbs) on Creeper (10.0.0.4)", 
  "Step": "16.K.1", 
  "TacticGroup": "Discovery", 
  "Technique": "T1083", 
  "TechniqueName": "File and Directory Discovery"
}
{
  "Detection": [
    "Enrichment", 
    " Telemetry"
  ], 
  "DetectionText": [
    "The capability enriched net.exe with an alert for Net Use Command Execution (Weak Signal). The alert was also tagged with a related ATT&CK Technique (T1077 - Windows Admin Shares) and Tactic (Lateral Movement).", 
    " Telemetry showed the successful logon for the user Kmitnick. "
  ], 
  "Procedure": "Empire: Successful authentication to Conficker (10.0.0.5) using credentials of user Kmitnick as a result of the brute force password spraying", 
  "Step": "16.B.1", 
  "TacticGroup": "Credential Access", 
  "Technique": "T1110", 
  "TechniqueName": "Brute Force"
}
{
  "Detection": [
    "Enrichment", 
    "Telemetry, Configuration Change", 
    " General Behavior, Delayed"
  ], 
  "DetectionText": [
    "The capability enriched repeated logon attempts via net.exe with an alert for Net Use Command Execution (Weak Signal). The alert was also tagged with a related ATT&CK Technique (T1077 - Windows Admin Share) and Tactic (Lateral Movement). \u00a0The four events were included under the same alert and each of the passwords were redacted by the capability. [FE10]", 
    " Telemetry showed the logon failure from Kmitnick by searching for Windows Security Log Event ID 4625. [FE3] ", 
    " The Managed Defense Report indicated a General Behavior occurred because it identified that the attacker attempted to access systems using four accounts.[FE5]"
  ], 
  "Procedure": "Empire: 'net use' via PowerShell to brute force password spraying authentication attempts to Morris (10.0.1.4) and Nimda (10.0.1.6) targeting credentials of users\u00a0Kmitnick, Bob, and Frieda", 
  "Step": "16.A.1", 
  "TacticGroup": "Credential Access", 
  "Technique": "T1110", 
  "TechniqueName": "Brute Force"
}
{
  "Detection": [
    "Telemetry"
  ], 
  "DetectionText": [
    "Telemetry showed execution of mmc.exe, the Microsoft Management Console, spawning the GUI-based lusrmgr.msc (Local Users and Groups snap-in)."
  ], 
  "Procedure": "Microsoft Management Console (Local Users and Groups snap-in) GUI utility used to add new user through RDP connection", 
  "Step": "7.A.1", 
  "TacticGroup": "Execution", 
  "Technique": "T1061", 
  "TechniqueName": "Graphical User Interface"
}
{
  "Detection": [
    "Enrichment"
  ], 
  "DetectionText": [
    "The capability enriched takeown.exe with an alert for Takeown Execution. The alert described how takeown can be used to change file ownership."
  ], 
  "Procedure": "Empire: 'takeown' via PowerShell to obtain ownership of magnify.exe", 
  "Step": "17.B.1", 
  "TacticGroup": "Defense Evasion", 
  "Technique": "T1222", 
  "TechniqueName": "File Permissions Modification"
}
{
  "Detection": [
    "Enrichment"
  ], 
  "DetectionText": [
    "The capability enriched icacls.exe with an alert for Icacls Execution. The alert described how icacls can be used to display or change Windows file ACLs."
  ], 
  "Procedure": "Empire: 'icacls' via PowerShell to modify the DACL for magnify.exe", 
  "Step": "17.B.2", 
  "TacticGroup": "Defense Evasion", 
  "Technique": "T1222", 
  "TechniqueName": "File Permissions Modification"
}
{
  "Detection": [
    "None"
  ], 
  "DetectionText": [
    "No detection capability demonstrated for this procedure."
  ], 
  "Procedure": "Cobalt Strike: Built-in screen capture capability executed to capture screenshot of current window of user Debbie", 
  "Step": "8.D.1", 
  "TacticGroup": "Collection", 
  "Technique": "T1113", 
  "TechniqueName": "Screen Capture"
}
{
  "Detection": [
    "Enrichment", 
    " Specific Behavior, Delayed"
  ], 
  "DetectionText": [
    "The capability enriched sc.exe with an alert for SC Execution (Weak Signal). The alert was also tagged with a related ATT&CK Technique (T1007 - System Service Discovery) and Tactic (Discovery). ", 
    " The Managed Defense Report indicated a Specific Behavior occurred because it observed the sc.exe command starting the adobeupdater service on Creeper. [FE5][FE7] "
  ], 
  "Procedure": "Empire: 'sc start' via PowerShell to remotely launch a specific service on Creeper (10.0.0.4)", 
  "Step": "16.L.1", 
  "TacticGroup": "Exectuion", 
  "Technique": "T1035", 
  "TechniqueName": "Service Execution"
}
{
  "Detection": [
    "Enrichment", 
    " General Behavior, Delayed"
  ], 
  "DetectionText": [
    "The capability enriched whoami.exe with an alert for Whoami Execution (Weak Signal). The alert was also tagged with the correct ATT&CK Technique (T1033 - System Owner/User Discovery) and Tactic (Discovery). ", 
    "The Managed Defense Report indicated a General Behavior occurred because it identified whoami.exe as a reconnaissance command used. [FE5]"
  ], 
  "Procedure": "Empire: 'whoami /all /fo list' via PowerShell", 
  "Step": "12.B.1", 
  "TacticGroup": "Discovery", 
  "Technique": "T1033", 
  "TechniqueName": "System Owner/User Discovery"
}
{
  "Detection": [
    "Telemetry, Tainted", 
    " Enrichment"
  ], 
  "DetectionText": [
    "Telemetry showed whoami.exe executing from magnify.exe within an alert for Accessibility Features Child Process. The telemetry was tainted by the Accessibility Features Child Process (METHODOLOGY) alert. ", 
    " The capability enriched whoami.exe with an alert for Whoami Execution (Weak Signal). The alert was also tagged with the correct ATT&CK Technique (T1033 - System Owner/User Discovery) and Tactic (Discovery)."
  ], 
  "Procedure": "Executed 'whoami' via cmd persistence mechanism through RDP connection made to Creeper (10.0.0.4)", 
  "Step": "20.B.1", 
  "TacticGroup": "Discovery", 
  "Technique": "T1033", 
  "TechniqueName": "System Owner/User Discovery"
}
{
  "Detection": [
    "Telemetry", 
    " Specific Behavior, Delayed"
  ], 
  "DetectionText": [
    "Telemetry showed the use of echo with command-line arguments. ", 
    " The Managed Defense Report indicated a Specific Behavior occurred because it identified that echo was one of the commands used to enumerate the current username. [FE5]"
  ], 
  "Procedure": "Cobalt Strike: 'echo' via cmd to enumerate specific environment variables", 
  "Step": "2.B.1", 
  "TacticGroup": "Discovery", 
  "Technique": "T1033", 
  "TechniqueName": "System Owner/User Discovery"
}
{
  "Detection": [
    "None"
  ], 
  "DetectionText": [
    "No detection capability demonstrated for this procedure."
  ], 
  "Procedure": "Empire: WinEnum module included enumeration of user information", 
  "Step": "12.E.1.1", 
  "TacticGroup": "Discovery", 
  "Technique": "T1033", 
  "TechniqueName": "System Owner/User Discovery"
}
{
  "Detection": [
    "General Behavior,Delayed"
  ], 
  "DetectionText": [
    "The Managed Defense Report indicated a General Behavior occurred because it identified that the Empire backdoor was configured to communicate with freegoogleadsenseinfo.com (C2 domain) over HTTPS.[FE5]"
  ], 
  "Procedure": "Empire: Encrypted C2 channel established using HTTPS", 
  "Step": "11.B.1", 
  "TacticGroup": "Command and Control", 
  "Technique": "T1032", 
  "TechniqueName": "Standard Cryptographic Protocol"
}
{
  "Detection": [
    "None"
  ], 
  "DetectionText": [
    "No detection capability demonstrated for this procedure."
  ], 
  "Procedure": "Empire: WinEnum module included enumeration of password policy information", 
  "Step": "12.E.1.3", 
  "TacticGroup": "Discovery", 
  "Technique": "T1201", 
  "TechniqueName": "Password Policy Discovery"
}
{
  "Detection": [
    "General Behavior, Configuration Change", 
    " Telemetry"
  ], 
  "DetectionText": [
    "A General Behavior alert was generated for the Resume Viewer.exe file due to it being labeled as malicious by a machine learning engine. The alert was generated after a configuration change of the file size limit for the machine learning engine. [FE1][FE2] ", 
    " Telemetry showed Resume Viewer.exe executing with a parent process of explorer.exe."
  ], 
  "Procedure": "Legitimate user Debbie clicked and executed malicious self-extracting archive (Resume Viewer.exe) on 10.0.1.6 (Nimda)", 
  "Step": "1.A.1", 
  "TacticGroup": "Execution", 
  "Technique": "T1204", 
  "TechniqueName": "User Execution"
}
{
  "Detection": [
    "None"
  ], 
  "DetectionText": [
    "No detection capability demonstrated for this procedure."
  ], 
  "Procedure": "Empire: WinEnum module included enumeration of firewall rules", 
  "Step": "12.E.1.10.2", 
  "TacticGroup": "Discovery", 
  "Technique": "T1063", 
  "TechniqueName": "Security Software Discovery"
}
{
  "Detection": [
    "None"
  ], 
  "DetectionText": [
    "No detection capability demonstrated for this procedure."
  ], 
  "Procedure": "Empire: WinEnum module included enumeration of AV solutions", 
  "Step": "12.E.1.10.1", 
  "TacticGroup": "Discovery", 
  "Technique": "T1063", 
  "TechniqueName": "Security Software Discovery"
}
{
  "Detection": [
    "None"
  ], 
  "DetectionText": [
    "No detection capability demonstrated for this procedure."
  ], 
  "Procedure": "Empire: 'copy' via PowerShell collected a file (Shockwave_network.vsdx) from a network shared drive (Wormshare) on Conficker (10.0.0.5)", 
  "Step": "18.B.1", 
  "TacticGroup": "Collection", 
  "Technique": "T1039", 
  "TechniqueName": "Data from Network Shared Drive"
}
{
  "Detection": [
    "None"
  ], 
  "DetectionText": [
    "No detection capability demonstrated for this procedure."
  ], 
  "Procedure": "Cobalt Strike: Built-in download capability executed to a collect file (Shockwave_rackb_diagram.vsdx) from a network shared drive (Wormshare) on Conficker (10.0.0.5)", 
  "Step": "9.B.1", 
  "TacticGroup": "Collection", 
  "Technique": "T1039", 
  "TechniqueName": "Data from Network Shared Drive"
}
{
  "Detection": [
    "Specific Behavior, Delayed"
  ], 
  "DetectionText": [
    "The Managed Defense Report indicated a Specific Behavior occurred because it identified a process injection from PowerShell.exe to cmd.exe. [FE5][FE11] "
  ], 
  "Procedure": "Cobalt Strike: Built-in process injection capability executed to inject callback into cmd.exe", 
  "Step": "3.C.1", 
  "TacticGroup": "Defense Evasion, Privilege Escalation", 
  "Technique": "T1055", 
  "TechniqueName": "Process Injection"
}
{
  "Detection": [
    "None"
  ], 
  "DetectionText": [
    "No detection capability demonstrated for this procedure."
  ], 
  "Procedure": "Cobalt Strike: Screen capture capability involved process injection into explorer.exe", 
  "Step": "8.D.1", 
  "TacticGroup": "Defense Evasion, Privilege Escalation", 
  "Technique": "T1055", 
  "TechniqueName": "Process Injection"
}
{
  "Detection": [
    "None"
  ], 
  "DetectionText": [
    "No detection capability demonstrated for this procedure."
  ], 
  "Procedure": "Cobalt Strike: Credential dump capability involved process injection into lsass", 
  "Step": "5.A.1", 
  "TacticGroup": "Defense Evasion, Privilege Escalation", 
  "Technique": "T1055", 
  "TechniqueName": "Process Injection"
}
{
  "Detection": [
    "None"
  ], 
  "DetectionText": [
    "No detection capability demonstrated for this procedure."
  ], 
  "Procedure": "Cobalt Strike: Hash dump capability involved process injection into lsass.exe", 
  "Step": "5.A.2", 
  "TacticGroup": "Defense Evasion, Privilege Escalation", 
  "Technique": "T1055", 
  "TechniqueName": "Process Injection"
}
{
  "Detection": [
    "Enrichment", 
    " General Behavior, Delayed"
  ], 
  "DetectionText": [
    "The capability enriched net.exe with an alert for Net Group Command Execution (Weak Signal). The alert was also tagged with the correct ATT&CK Technique (T1018 - Remote System Discovery) and Tactic (Discovery).", 
    "The Managed Defense Report indicated a General Behavior occurred because it identified net.exe as a reconnaissance command used. [FE5]"
  ], 
  "Procedure": "Empire: 'net group \"Domain Computers\" /domain' via PowerShell", 
  "Step": "13.A.1", 
  "TacticGroup": "Discovery", 
  "Technique": "T1018", 
  "TechniqueName": "Remote System Discovery"
}
{
  "Detection": [
    "Enrichment", 
    " General Behavior, Delayed"
  ], 
  "DetectionText": [
    "The capability enriched net.exe with an alert for Net Group Command Execution (Weak Signal). The alert was also tagged with a related ATT&CK Technique (T1069 - Permission Groups Discovery) and the correct Tactic (Discovery).", 
    " The Managed Defense Report indicated a General Behavior occurred because it indicated net group was one of the reconnaissance commands performed. [FE5]"
  ], 
  "Procedure": "Cobalt Strike: 'net group \"Domain Controllers\" /domain' via cmd", 
  "Step": "4.A.1", 
  "TacticGroup": "Discovery", 
  "Technique": "T1018", 
  "TechniqueName": "Remote System Discovery"
}
{
  "Detection": [
    "Enrichment", 
    " General Behavior, Delayed"
  ], 
  "DetectionText": [
    "The capability enriched net.exe with an alert for Net Group Command Execution (Weak Signal). The alert was also tagged with a related ATT&CK Technique (T1069 - Permission Groups Discovery) and the correct Tactic (Discovery).", 
    " The Managed Defense Report indicated a General Behavior occurred because it indicated net group was one of the reconnaissance commands performed. [FE5]"
  ], 
  "Procedure": "Cobalt Strike: 'net group \"Domain Computers\" /domain' via cmd", 
  "Step": "4.A.2", 
  "TacticGroup": "Discovery", 
  "Technique": "T1018", 
  "TechniqueName": "Remote System Discovery"
}
{
  "Detection": [
    "Telemetry ", 
    " General Behavior, Delayed"
  ], 
  "DetectionText": [
    "Telemetry showed HTTP GET requests over port 80 to 192.168.0.4 (C2 server). ", 
    "The Managed Defense Report indicated a General Behavior occurred because it identified C2 communication over HTTP to www.freegoogleadsenseinfo.com (C2 domain). [FE5]\u00a0"
  ], 
  "Procedure": "Cobalt Strike: C2 channel modified to use HTTP traffic to freegoogleadsenseinfo.com", 
  "Step": "6.B.1", 
  "TacticGroup": "Command and Control", 
  "Technique": "T1071", 
  "TechniqueName": "Standard Application Layer Protocol"
}
{
  "Detection": [
    "Indicator of Compromise", 
    "Specific Behavior, Delayed"
  ], 
  "DetectionText": [
    "An Indicator of Compromise alert was generated for the hardcoded DNS record name syntax in the DNS lookups for freegoogleadsenseinfo.com (C2 domain). The alert was also tagged with the correct ATT&CK Technique (T1071 - Standard Application Layer Protocol) and Tactic (Command and Control). ", 
    " The Managed Defense Report indicated a Specific Behavior occurred because it identified that command and control occurred via DNS. [FE5]"
  ], 
  "Procedure": "Cobalt Strike: C2 channel established using DNS traffic to freegoogleadsenseinfo.com", 
  "Step": "1.C.1", 
  "TacticGroup": "Command and Control", 
  "Technique": "T1071", 
  "TechniqueName": "Standard Application Layer Protocol"
}
{
  "Detection": [
    "Enrichment"
  ], 
  "DetectionText": [
    "The capability enriched a HTTP GET request with an alert for PowerShell URL Request (Weak Signal). The alert was also tagged with the correct ATT&CK Technique (T1071 - Standard Application Layer Protocol) and Tactic (Command and Control)."
  ], 
  "Procedure": "Empire: UAC bypass module downloaded a new Empire stager (wdbypass) over HTTP", 
  "Step": "14.A.1", 
  "TacticGroup": "Command and Control", 
  "Technique": "T1071", 
  "TechniqueName": "Standard Application Layer Protocol"
}
{
  "Detection": [
    "General Behavior,Delayed"
  ], 
  "DetectionText": [
    "The Managed Defense Report indicated a General Behavior occurred because it identified that the Empire backdoor was configured to communicate with freegoogleadsenseinfo.com (C2 domain) over HTTPS.[FE5]"
  ], 
  "Procedure": "Empire: C2 channel established using HTTPS traffic to freegoogleadsenseinfo.com", 
  "Step": "11.B.1", 
  "TacticGroup": "Command and Control", 
  "Technique": "T1071", 
  "TechniqueName": "Standard Application Layer Protocol"
}
{
  "Detection": [
    "None"
  ], 
  "DetectionText": [
    "No detection capability demonstrated for this procedure."
  ], 
  "Procedure": "Cobalt Strike: Built-in keylogging capability executed to capture keystrokes of user Debbie", 
  "Step": "8.C.1", 
  "TacticGroup": "Collection", 
  "Technique": "T1056", 
  "TechniqueName": "Input Capture"
}
{
  "Detection": [
    "None"
  ], 
  "DetectionText": [
    "No detection capability demonstrated for this procedure, though the capability detected PowerShell activity during the time of the keylogging. "
  ], 
  "Procedure": "Empire: Built-in keylogging module executed to capture keystrokes of user Bob", 
  "Step": "15.A.1", 
  "TacticGroup": "Collection", 
  "Technique": "T1056", 
  "TechniqueName": "Input Capture"
}
{
  "Detection": [
    "Telemetry,Tainted"
  ], 
  "DetectionText": [
    "Telemetry showed base64-encoded DNS requests to freegoogleadsenseinfo.com (C2 domain). The telemetry was tainted by the parent Cobalt Strike DNS Beacon alert."
  ], 
  "Procedure": "Cobalt Strike: C2 channel established using both NetBIOS and base64 encoding", 
  "Step": "1.C.1", 
  "TacticGroup": "Command and Control", 
  "Technique": "T1132", 
  "TechniqueName": "Data Encoding"
}
{
  "Detection": [
    "Enrichment", 
    " Specific Behavior, Delayed"
  ], 
  "DetectionText": [
    "The capability enriched a TCP port 3389 connection with an alert for RDP Network Connection (Weak Signal). The alert was also tagged with the correct ATT&CK Technique (T1076 - Remote Desktop Protocol) and Tactic (Lateral Movement).", 
    " The Managed Defense Report indicated a Specific Behavior occurred because it identified the use of the Remote Desktop Protocol to connect to Creeper.[FE5]"
  ], 
  "Procedure": "RDP connection made to Creeper (10.0.0.4) as part of execution of persistence mechanism", 
  "Step": "20.A.1", 
  "TacticGroup": "Lateral Movement", 
  "Technique": "T1076", 
  "TechniqueName": "Remote Desktop Protocol"
}
{
  "Detection": [
    "Enrichment"
  ], 
  "DetectionText": [
    "The capability enriched the RDP connection from rundll32.exe with an alert for RDP Network Connection (Weak Signal). The alert was also tagged with the correct ATT&CK Technique (T1076 - Remote Desktop Protocol) and Tactic (Lateral Movement)."
  ], 
  "Procedure": "Cobalt Strike: C2 channel modified to proxy RDP connection to Conficker (10.0.0.5)", 
  "Step": "6.C.1", 
  "TacticGroup": "Lateral Movement", 
  "Technique": "T1076", 
  "TechniqueName": "Remote Desktop Protocol"
}
{
  "Detection": [
    "Enrichment", 
    " Telemetry", 
    " Specific Behavior, Delayed"
  ], 
  "DetectionText": [
    "The capability enriched a TCP port 3389 connection to 10.0.0.5 (Conficker) with the alert RDP Network Connection (Weak Signal). The alert was also tagged with the correct ATT&CK Technique (T1076 - Remote Desktop Protocol) and Tactic (Lateral Movement). ", 
    " Telemetry showed a Logon Type 10 (interactive) event for the account Jesse logging on to Conficker.", 
    " The Managed Defense Report indicated a Specific Behavior occurred because it identified the user account Jesse logged on to Conficker via Remote Desktop Protocol. [FE5]"
  ], 
  "Procedure": "RDP connection made to Conficker (10.0.0.5) as part of execution of persistence mechanism", 
  "Step": "10.B.1", 
  "TacticGroup": "Lateral Movement", 
  "Technique": "T1076", 
  "TechniqueName": "Remote Desktop Protocol"
}
{
  "Detection": [
    "Telemetry,Tainted ", 
    " Specific Behavior, Delayed"
  ], 
  "DetectionText": [
    "Telemetry showed svchost.exe executing rundll32.exe, which executed updater.dll. The telemetry was tainted by the parent Rundll32 Execution alert, which was tagged with a related ATT&CK Technique (T1085 - Rundll32) and Tactic (Defense Evasion, Execution), but did not include information on the use of a Scheduled Task specifically. ", 
    " The Managed Defense Report indicated a Specific Behavior occurred because it identified the Resume Viewer Update Checker scheduled task executing updater.dll with rundll32.exe. [FE5]"
  ], 
  "Procedure": "Scheduled task executed when user Debbie logs on to Nimda (10.0.1.6), launching a DLL payload (updater.dll) using Rundll32", 
  "Step": "10.A.2", 
  "TacticGroup": "Execution", 
  "Technique": "T1053", 
  "TechniqueName": "Scheduled Task"
}
{
  "Detection": [
    "Enrichment", 
    " Specific Behavior, Delayed"
  ], 
  "DetectionText": [
    "The capability enriched schtasks.exe with an alert for Scheduled Task Activity (Weak Signal). The alert was also tagged with the correct ATT&CK Technique (T1053 - Scheduled Task) and Tactics (Execution, Persistence, and Privilege Escalation).", 
    " The Managed Defense Report indicated a Specific Behavior occurred because it identified that updater.dll persisted through the creation of a scheduled task. [FE5]"
  ], 
  "Procedure": "Cobalt Strike: 'schtasks' via cmd to create scheduled task that executes a DLL payload (updater.dll)", 
  "Step": "7.C.1", 
  "TacticGroup": "Execution", 
  "Technique": "T1053", 
  "TechniqueName": "Scheduled Task"
}
{
  "Detection": [
    "Telemetry, Tainted", 
    " Specific Behavior"
  ], 
  "DetectionText": [
    "Telemetry showed the creation of the .vsdx file in the Recycle Bin. The telemetry was tainted by the parent PowerShell File Write alert.", 
    " A Specific Behavior alert was generated on the file write of the .vsdx named File Write To Root Of Recycle Bin (Weak Signal). The alert details explained how all legitimate files should be written to a subfolder of the recycle bin, and not to the root."
  ], 
  "Procedure": "Empire: 'copy' via PowerShell staged a file (Shockwave_network.vsdx) from a network shared drive (Wormshare) on Conficker (10.0.0.5) in the Recycle Bin (C:\\$Recycle.Bin) on CodeRed (10.0.1.5)", 
  "Step": "18.B.1", 
  "TacticGroup": "Collection", 
  "Technique": "T1074", 
  "TechniqueName": "Data Staged"
}
{
  "Detection": [
    "None"
  ], 
  "DetectionText": [
    "No detection capability demonstrated for this procedure."
  ], 
  "Procedure": "Cobalt Strike: Keylogging capability included residual enumeration of application windows", 
  "Step": "8.C.1", 
  "TacticGroup": "Discovery", 
  "Technique": "T1010", 
  "TechniqueName": "Application Window Discovery"
}
{
  "Detection": [
    "None"
  ], 
  "DetectionText": [
    "No detection capability demonstrated for this procedure."
  ], 
  "Procedure": "Empire: Built-in keylogging module included residual enumeration of application windows", 
  "Step": "15.A.1", 
  "TacticGroup": "Discovery", 
  "Technique": "T1010", 
  "TechniqueName": "Application Window Discovery"
}
{
  "Detection": [
    "None"
  ], 
  "DetectionText": [
    "No detection capability demonstrated for this procedure."
  ], 
  "Procedure": "Empire: WinEnum module included enumeration of system information via a Registry query", 
  "Step": "12.E.1.7", 
  "TacticGroup": "Discovery", 
  "Technique": "T1012", 
  "TechniqueName": "Query Registry"
}
{
  "Detection": [
    "Enrichment", 
    " General Behavior, Delayed"
  ], 
  "DetectionText": [
    "The capability enriched reg.exe with an alert for Reg Execution (Weak Signal). The alert was also tagged with the correct ATT&CK Technique (T1012 - Query Registry) and Tactic (Discovery).", 
    "The Managed Defense Report indicated a General Behavior occurred because it identified reg.exe as a reconnaissance command used. [FE5]"
  ], 
  "Procedure": "Empire:\u00a0'reg query' via PowerShell to enumerate a specific Registry key", 
  "Step": "13.C.1", 
  "TacticGroup": "Discovery", 
  "Technique": "T1012", 
  "TechniqueName": "Query Registry"
}
{
  "Detection": [
    "Enrichment"
  ], 
  "DetectionText": [
    "The capability enriched reg.exe with an alert for Reg Execution (Weak Signal). The alert was also tagged with the correct ATT&CK Technique (T1012 - Query Registry) and Tactic (Discovery)."
  ], 
  "Procedure": "Empire: 'reg query' via PowerShell to enumerate a specific Registry key", 
  "Step": "17.A.1", 
  "TacticGroup": "Discovery", 
  "Technique": "T1012", 
  "TechniqueName": "Query Registry"
}
{
  "Detection": [
    "Enrichment", 
    " Specific Behavior, Delayed "
  ], 
  "DetectionText": [
    "The capability enriched reg.exe with an alert for Reg Execution (Weak Signal). The alert was also tagged with the correct ATT&CK Technique (T1012 - Query Registry) and Tactic (Discovery).", 
    " The Managed Defense Report indicated a Specific Behavior occurred because the attacker queried a registry key that contains system policy configurations. [FE5]"
  ], 
  "Procedure": "Cobalt Strike: 'reg query' via cmd to enumerate a specific Registry key", 
  "Step": "2.H.1", 
  "TacticGroup": "Discovery", 
  "Technique": "T1012", 
  "TechniqueName": "Query Registry"
}
{
  "Detection": [
    "Enrichment", 
    " Specific Behavior, Delayed"
  ], 
  "DetectionText": [
    "The capability enriched reg.exe with an alert for Reg Execution (Weak Signal). The alert was also tagged with the correct ATT&CK Technique (T1012 - Query Registry) and Tactic (Discovery). An alert was also generated for a File Write To Named Pipe (Weak Signal) for reg.exe. ", 
    " The Managed Defense Report indicated a Specific Behavior occurred because it identified reg.exe as a reconnaissance command to enumerate a Registry key on the host Conficker to determine the configuration of its Windows Terminal Server service. [FE5]\u00a0"
  ], 
  "Procedure": "Cobalt Strike: 'reg query' via cmd to remotely enumerate a specific Registry key on Conficker (10.0.0.5)", 
  "Step": "6.A.1", 
  "TacticGroup": "Discovery", 
  "Technique": "T1012", 
  "TechniqueName": "Query Registry"
}
{
  "Detection": [
    ""
  ], 
  "DetectionText": [
    ""
  ], 
  "Procedure": "", 
  "Step": "2.B.1", 
  "TacticGroup": "Execution", 
  "Technique": "T1059", 
  "TechniqueName": "Command-Line Interface"
}
{
  "Detection": [
    ""
  ], 
  "DetectionText": [
    ""
  ], 
  "Procedure": "", 
  "Step": "2.A.2", 
  "TacticGroup": "Execution", 
  "Technique": "T1059", 
  "TechniqueName": "Command-Line Interface"
}
{
  "Detection": [
    ""
  ], 
  "DetectionText": [
    ""
  ], 
  "Procedure": "", 
  "Step": "2.D.2", 
  "TacticGroup": "Execution", 
  "Technique": "T1059", 
  "TechniqueName": "Command-Line Interface"
}
{
  "Detection": [
    ""
  ], 
  "DetectionText": [
    ""
  ], 
  "Procedure": "", 
  "Step": "2.D.1", 
  "TacticGroup": "Execution", 
  "Technique": "T1059", 
  "TechniqueName": "Command-Line Interface"
}
{
  "Detection": [
    ""
  ], 
  "DetectionText": [
    ""
  ], 
  "Procedure": "", 
  "Step": "2.A.1", 
  "TacticGroup": "Execution", 
  "Technique": "T1059", 
  "TechniqueName": "Command-Line Interface"
}
{
  "Detection": [
    ""
  ], 
  "DetectionText": [
    ""
  ], 
  "Procedure": "", 
  "Step": "2.E.2", 
  "TacticGroup": "Execution", 
  "Technique": "T1059", 
  "TechniqueName": "Command-Line Interface"
}
{
  "Detection": [
    ""
  ], 
  "DetectionText": [
    ""
  ], 
  "Procedure": "", 
  "Step": "2.E.1", 
  "TacticGroup": "Execution", 
  "Technique": "T1059", 
  "TechniqueName": "Command-Line Interface"
}
{
  "Detection": [
    "Enrichment", 
    " Telemetry"
  ], 
  "DetectionText": [
    "The capability enriched cmd.exe spawning wscript.exe with an alert for Wscript Execution (Weak Signal). The alert was also tagged with the correct ATT&CK Technique (T1059 - Command-Line Interface) and Tactic (Execution). Alert details showed that the context of the user was changed to Kmitnick.", 
    " Telemetry showed cmd.exe executing autoupdate.vbs with a parent process of powershell.exe."
  ], 
  "Procedure": "Empire: Built-in runas module executed to launch malicious VBScript (autoupdate.vbs) as user Kmitnick\u00a0", 
  "Step": "16.F.1", 
  "TacticGroup": "Execution", 
  "Technique": "T1059", 
  "TechniqueName": "Command-Line Interface"
}
{
  "Detection": [
    ""
  ], 
  "DetectionText": [
    ""
  ], 
  "Procedure": "", 
  "Step": "2.F.1", 
  "TacticGroup": "Execution", 
  "Technique": "T1059", 
  "TechniqueName": "Command-Line Interface"
}
{
  "Detection": [
    ""
  ], 
  "DetectionText": [
    ""
  ], 
  "Procedure": "", 
  "Step": "2.F.3", 
  "TacticGroup": "Execution", 
  "Technique": "T1059", 
  "TechniqueName": "Command-Line Interface"
}
{
  "Detection": [
    ""
  ], 
  "DetectionText": [
    ""
  ], 
  "Procedure": "", 
  "Step": "2.F.2", 
  "TacticGroup": "Execution", 
  "Technique": "T1059", 
  "TechniqueName": "Command-Line Interface"
}
{
  "Detection": [
    ""
  ], 
  "DetectionText": [
    ""
  ], 
  "Procedure": "", 
  "Step": "2.G.1", 
  "TacticGroup": "Execution", 
  "Technique": "T1059", 
  "TechniqueName": "Command-Line Interface"
}
{
  "Detection": [
    ""
  ], 
  "DetectionText": [
    ""
  ], 
  "Procedure": "", 
  "Step": "2.H.1", 
  "TacticGroup": "Execution", 
  "Technique": "T1059", 
  "TechniqueName": "Command-Line Interface"
}
{
  "Detection": [
    ""
  ], 
  "DetectionText": [
    ""
  ], 
  "Procedure": "", 
  "Step": "2.C.2 ", 
  "TacticGroup": "Execution", 
  "Technique": "T1059", 
  "TechniqueName": "Command-Line Interface"
}
{
  "Detection": [
    ""
  ], 
  "DetectionText": [
    ""
  ], 
  "Procedure": "", 
  "Step": "7.C.1", 
  "TacticGroup": "Execution", 
  "Technique": "T1059", 
  "TechniqueName": "Command-Line Interface"
}
{
  "Detection": [
    ""
  ], 
  "DetectionText": [
    ""
  ], 
  "Procedure": "", 
  "Step": "8.A.1", 
  "TacticGroup": "Execution", 
  "Technique": "T1059", 
  "TechniqueName": "Command-Line Interface"
}
{
  "Detection": [
    ""
  ], 
  "DetectionText": [
    ""
  ], 
  "Procedure": "", 
  "Step": "8.A.2", 
  "TacticGroup": "Execution", 
  "Technique": "T1059", 
  "TechniqueName": "Command-Line Interface"
}
{
  "Detection": [
    ""
  ], 
  "DetectionText": [
    ""
  ], 
  "Procedure": "", 
  "Step": "2.G.2", 
  "TacticGroup": "Execution", 
  "Technique": "T1059", 
  "TechniqueName": "Command-Line Interface"
}
{
  "Detection": [
    ""
  ], 
  "DetectionText": [
    ""
  ], 
  "Procedure": "", 
  "Step": "4.A.2", 
  "TacticGroup": "Execution", 
  "Technique": "T1059", 
  "TechniqueName": "Command-Line Interface"
}
{
  "Detection": [
    ""
  ], 
  "DetectionText": [
    ""
  ], 
  "Procedure": "", 
  "Step": "6.A.1", 
  "TacticGroup": "Execution", 
  "Technique": "T1059", 
  "TechniqueName": "Command-Line Interface"
}
{
  "Detection": [
    ""
  ], 
  "DetectionText": [
    ""
  ], 
  "Procedure": "", 
  "Step": "4.A.1", 
  "TacticGroup": "Execution", 
  "Technique": "T1059", 
  "TechniqueName": "Command-Line Interface"
}
{
  "Detection": [
    ""
  ], 
  "DetectionText": [
    ""
  ], 
  "Procedure": "", 
  "Step": "4.B.1", 
  "TacticGroup": "Execution", 
  "Technique": "T1059", 
  "TechniqueName": "Command-Line Interface"
}
{
  "Detection": [
    ""
  ], 
  "DetectionText": [
    ""
  ], 
  "Procedure": "", 
  "Step": "4.C.1", 
  "TacticGroup": "Execution", 
  "Technique": "T1059", 
  "TechniqueName": "Command-Line Interface"
}
{
  "Detection": [
    "Enrichment", 
    " General Behavior, Delayed"
  ], 
  "DetectionText": [
    "The capability enriched ipconfig.exe with an alert for Ipconfig Execution (Weak Signal). The alert was also tagged with the correct ATT&CK Technique (T1016 - System Network Configuration Discovery) and Tactic (Discovery). ", 
    "The Managed Defense Report indicated a General Behavior occurred because it identified ipconfig.exe as a reconnaissance command used. [FE5]"
  ], 
  "Procedure": "Empire: 'ipconfig /all' via PowerShell", 
  "Step": "12.A.2", 
  "TacticGroup": "Discovery", 
  "Technique": "T1016", 
  "TechniqueName": "System Network Configuration Discovery"
}
{
  "Detection": [
    "Enrichment", 
    " Specific Behavior, Delayed"
  ], 
  "DetectionText": [
    "The capability enriched netsh.exe with an alert for Netsh Execution (Weak Signal). The alert was also tagged with a related ATT&CK Technique (T1063 - Security Software Discovery) and the correct Tactic (Discovery).", 
    " The Managed Defense Report indicated a Specific Behavior occurred because it identified that netsh was a reconnaissance command used to obtain network configuration and the configuration profile of the Windows Firewall. [FE5]"
  ], 
  "Procedure": "Cobalt Strike: 'netsh advfirewall show allprofiles' via cmd", 
  "Step": "4.B.1", 
  "TacticGroup": "Discovery", 
  "Technique": "T1016", 
  "TechniqueName": "System Network Configuration Discovery"
}
{
  "Detection": [
    "Enrichment", 
    " General Behavior, Delayed"
  ], 
  "DetectionText": [
    "The capability enriched route.exe with an alert for Route Execution (Weak Signal). The alert was also tagged with the correct ATT&CK Technique (T1016 - System Network Configuration Discovery) and Tactic (Discovery). ", 
    " The Managed Defense Report indicated a General Behavior occurred because it identified route.exe as a reconnaissance command used.[FE5]"
  ], 
  "Procedure": "Empire: 'route print' via PowerShell", 
  "Step": "12.A.1", 
  "TacticGroup": "Discovery", 
  "Technique": "T1016", 
  "TechniqueName": "System Network Configuration Discovery"
}
{
  "Detection": [
    "Enrichment", 
    " Specific Behavior, Delayed"
  ], 
  "DetectionText": [
    "The capability enriched arp.exe with an alert for Arp Execution (Weak Signal). The alert was also tagged with the correct ATT&CK Technique (T1016 - System Network Configuration Discovery) and Tactic (Discovery).", 
    " The Managed Defense Report indicated a Specific Behavior occurred because it identified that arp.exe was one of the reconnaissance commands performed to enumerate the network configuration of Nimda. [FE5]"
  ], 
  "Procedure": "Cobalt Strike: 'arp -a' via cmd", 
  "Step": "2.A.2", 
  "TacticGroup": "Discovery", 
  "Technique": "T1016", 
  "TechniqueName": "System Network Configuration Discovery"
}
{
  "Detection": [
    "Enrichment", 
    " Specific Behavior, Delayed"
  ], 
  "DetectionText": [
    "The capability enriched ipconfig.exe with an alert for Ipconfig Execution (Weak Signal). The alert was also tagged with the correct ATT&CK Technique (T1016 - System Network Configuration Discovery) and Tactic (Discovery).", 
    " The Managed Defense Report indicated a Specific Behavior occurred because it identified that ipconfig.exe was one of the reconnaissance commands performed to enumerate the network configuration of Nimda. [FE5]"
  ], 
  "Procedure": "Cobalt Strike: 'ipconfig /all' via cmd", 
  "Step": "2.A.1", 
  "TacticGroup": "Discovery", 
  "Technique": "T1016", 
  "TechniqueName": "System Network Configuration Discovery"
}
{
  "Detection": [
    "None"
  ], 
  "DetectionText": [
    "No detection capability demonstrated for this procedure."
  ], 
  "Procedure": "Empire: WinEnum module included enumeration of network adapters", 
  "Step": "12.E.1.11", 
  "TacticGroup": "Discovery", 
  "Technique": "T1016", 
  "TechniqueName": "System Network Configuration Discovery"
}
{
  "Detection": [
    "None"
  ], 
  "DetectionText": [
    "No detection capability demonstrated for this procedure."
  ], 
  "Procedure": "Empire: WinEnum module included enumeration of system information", 
  "Step": "12.E.1.6.1", 
  "TacticGroup": "Discovery", 
  "Technique": "T1082", 
  "TechniqueName": "System Information Discovery"
}
{
  "Detection": [
    "None"
  ], 
  "DetectionText": [
    "No detection capability demonstrated for this procedure."
  ], 
  "Procedure": "Empire: WinEnum module included enumeration of Windows update information", 
  "Step": "12.E.1.6.2", 
  "TacticGroup": "Discovery", 
  "Technique": "T1082", 
  "TechniqueName": "System Information Discovery"
}
{
  "Detection": [
    "Enrichment", 
    " General Behavior, Delayed"
  ], 
  "DetectionText": [
    "The capability enriched net.exe with an alert for Net Config Command Execution (Weak Signal). The alert was also tagged with the correct ATT&CK Technique (T1082 - System Information Discovery) and Tactic (Discovery).", 
    " The Managed Defense Report indicated a General Behavior occurred because it identified net config as a reconnaissance command performed. [FE5]"
  ], 
  "Procedure": "Cobalt Strike: 'net config workstation' via cmd", 
  "Step": "2.E.2", 
  "TacticGroup": "Discovery", 
  "Technique": "T1082", 
  "TechniqueName": "System Information Discovery"
}
{
  "Detection": [
    "Enrichment", 
    " Specific Behavior, Delayed"
  ], 
  "DetectionText": [
    "The capability enriched systeminfo.exe with an alert for Systeminfo Execution (Weak Signal). The alert was also tagged with the correct ATT&CK Technique (T1082 - System Information Discovery) and Tactic (Discovery).", 
    " The Managed Defense Report indicated a Specific Behavior occurred because it identified systeminfo as a reconnaissance command used to obtain details from the system.[FE5]"
  ], 
  "Procedure": "Cobalt Strike: 'systeminfo' via cmd", 
  "Step": "2.E.1", 
  "TacticGroup": "Discovery", 
  "Technique": "T1082", 
  "TechniqueName": "System Information Discovery"
}
{
  "Detection": [
    "Telemetry", 
    " Specific Behavior, Delayed"
  ], 
  "DetectionText": [
    "Telemetry from Conficker showed the creation of the new user Jesse.", 
    " The Managed Defense Report indicated a Specific Behavior occurred because it identified the creation of a local user account for Jesse on Conficker. [FE5]"
  ], 
  "Procedure": "Added user Jesse to Conficker (10.0.0.5) through RDP connection", 
  "Step": "7.A.1", 
  "TacticGroup": "Persistence", 
  "Technique": "T1136", 
  "TechniqueName": "Create Account"
}
{
  "Detection": [
    "Enrichment", 
    " Specific Behavior, Delayed"
  ], 
  "DetectionText": [
    "The capability enriched sc.exe with an alert for SC Execution (Weak Signal). The alert was also tagged with the correct ATT&CK Technique (T1050 - New Service) and Tactic (Persistence).", 
    " The Managed Defense Report indicated a Specific Behavior occurred because it observed the sc.exe command creating a new service called adobeupdater on Creeper from CodeRed. [FE5][FE7] "
  ], 
  "Procedure": "Empire: 'sc create' via PowerShell to remotely create a service on Creeper (10.0.0.4)", 
  "Step": "16.I.1", 
  "TacticGroup": "Persistence, Privilege Escalation", 
  "Technique": "T1050", 
  "TechniqueName": "New Service"
}
{
  "Detection": [
    "None"
  ], 
  "DetectionText": [
    "No detection capability demonstrated for this procedure."
  ], 
  "Procedure": "Empire: 'get-content' via PowerShell to collect sensitive file (it_tasks.txt) from a network shared drive (Wormshare) on Conficker (10.0.0.5)", 
  "Step": "15.B.1", 
  "TacticGroup": "Credential Access", 
  "Technique": "T1081", 
  "TechniqueName": "Credentials in Files"
}
{
  "Detection": [
    ""
  ], 
  "DetectionText": [
    ""
  ], 
  "Procedure": "", 
  "Step": "13.C.1", 
  "TacticGroup": "Execution", 
  "Technique": "T1086", 
  "TechniqueName": "PowerShell"
}
{
  "Detection": [
    ""
  ], 
  "DetectionText": [
    ""
  ], 
  "Procedure": "", 
  "Step": "16.A.1", 
  "TacticGroup": "Execution", 
  "Technique": "T1086", 
  "TechniqueName": "PowerShell"
}
{
  "Detection": [
    ""
  ], 
  "DetectionText": [
    ""
  ], 
  "Procedure": "", 
  "Step": "12.F.1", 
  "TacticGroup": "Execution", 
  "Technique": "T1086", 
  "TechniqueName": "PowerShell"
}
{
  "Detection": [
    ""
  ], 
  "DetectionText": [
    ""
  ], 
  "Procedure": "", 
  "Step": "16.G.1", 
  "TacticGroup": "Execution", 
  "Technique": "T1086", 
  "TechniqueName": "PowerShell"
}
{
  "Detection": [
    ""
  ], 
  "DetectionText": [
    ""
  ], 
  "Procedure": "", 
  "Step": "17.B.2", 
  "TacticGroup": "Execution", 
  "Technique": "T1086", 
  "TechniqueName": "PowerShell"
}
{
  "Detection": [
    ""
  ], 
  "DetectionText": [
    ""
  ], 
  "Procedure": "", 
  "Step": "12.F.2", 
  "TacticGroup": "Execution", 
  "Technique": "T1086", 
  "TechniqueName": "PowerShell"
}
{
  "Detection": [
    ""
  ], 
  "DetectionText": [
    ""
  ], 
  "Procedure": "", 
  "Step": "17.C.1", 
  "TacticGroup": "Execution", 
  "Technique": "T1086", 
  "TechniqueName": "PowerShell"
}
{
  "Detection": [
    ""
  ], 
  "DetectionText": [
    ""
  ], 
  "Procedure": "", 
  "Step": "12.G.1", 
  "TacticGroup": "Execution", 
  "Technique": "T1086", 
  "TechniqueName": "PowerShell"
}
{
  "Detection": [
    ""
  ], 
  "DetectionText": [
    ""
  ], 
  "Procedure": "", 
  "Step": "12.G.2", 
  "TacticGroup": "Execution", 
  "Technique": "T1086", 
  "TechniqueName": "PowerShell"
}
{
  "Detection": [
    ""
  ], 
  "DetectionText": [
    ""
  ], 
  "Procedure": "", 
  "Step": "17.B.1", 
  "TacticGroup": "Execution", 
  "Technique": "T1086", 
  "TechniqueName": "PowerShell"
}
{
  "Detection": [
    ""
  ], 
  "DetectionText": [
    ""
  ], 
  "Procedure": "", 
  "Step": "12.D.1", 
  "TacticGroup": "Execution", 
  "Technique": "T1086", 
  "TechniqueName": "PowerShell"
}
{
  "Detection": [
    ""
  ], 
  "DetectionText": [
    ""
  ], 
  "Procedure": "", 
  "Step": "17.A.1", 
  "TacticGroup": "Execution", 
  "Technique": "T1086", 
  "TechniqueName": "PowerShell"
}
{
  "Detection": [
    ""
  ], 
  "DetectionText": [
    ""
  ], 
  "Procedure": "", 
  "Step": "18.A.1", 
  "TacticGroup": "Execution", 
  "Technique": "T1086", 
  "TechniqueName": "PowerShell"
}
{
  "Detection": [
    ""
  ], 
  "DetectionText": [
    ""
  ], 
  "Procedure": "", 
  "Step": "12.E.1", 
  "TacticGroup": "Execution", 
  "Technique": "T1086", 
  "TechniqueName": "PowerShell"
}
{
  "Detection": [
    ""
  ], 
  "DetectionText": [
    ""
  ], 
  "Procedure": "", 
  "Step": "12.C.1", 
  "TacticGroup": "Execution", 
  "Technique": "T1086", 
  "TechniqueName": "PowerShell"
}
{
  "Detection": [
    ""
  ], 
  "DetectionText": [
    ""
  ], 
  "Procedure": "", 
  "Step": "12.B.1", 
  "TacticGroup": "Execution", 
  "Technique": "T1086", 
  "TechniqueName": "PowerShell"
}
{
  "Detection": [
    ""
  ], 
  "DetectionText": [
    ""
  ], 
  "Procedure": "", 
  "Step": "18.B.1", 
  "TacticGroup": "Execution", 
  "Technique": "T1086", 
  "TechniqueName": "PowerShell"
}
{
  "Detection": [
    ""
  ], 
  "DetectionText": [
    ""
  ], 
  "Procedure": "", 
  "Step": "16.E.1", 
  "TacticGroup": "Execution", 
  "Technique": "T1086", 
  "TechniqueName": "PowerShell"
}
{
  "Detection": [
    ""
  ], 
  "DetectionText": [
    ""
  ], 
  "Procedure": "", 
  "Step": "16.D.1", 
  "TacticGroup": "Execution", 
  "Technique": "T1086", 
  "TechniqueName": "PowerShell"
}
{
  "Detection": [
    ""
  ], 
  "DetectionText": [
    ""
  ], 
  "Procedure": "", 
  "Step": "16.K.1", 
  "TacticGroup": "Execution", 
  "Technique": "T1086", 
  "TechniqueName": "PowerShell"
}
{
  "Detection": [
    ""
  ], 
  "DetectionText": [
    ""
  ], 
  "Procedure": "", 
  "Step": "11.A.1", 
  "TacticGroup": "Execution", 
  "Technique": "T1086", 
  "TechniqueName": "PowerShell"
}
{
  "Detection": [
    ""
  ], 
  "DetectionText": [
    ""
  ], 
  "Procedure": "", 
  "Step": "16.H.1", 
  "TacticGroup": "Execution", 
  "Technique": "T1086", 
  "TechniqueName": "PowerShell"
}
{
  "Detection": [
    ""
  ], 
  "DetectionText": [
    ""
  ], 
  "Procedure": "", 
  "Step": "12.A.2", 
  "TacticGroup": "Execution", 
  "Technique": "T1086", 
  "TechniqueName": "PowerShell"
}
{
  "Detection": [
    ""
  ], 
  "DetectionText": [
    ""
  ], 
  "Procedure": "", 
  "Step": "19.D.1", 
  "TacticGroup": "Execution", 
  "Technique": "T1086", 
  "TechniqueName": "PowerShell"
}
{
  "Detection": [
    ""
  ], 
  "DetectionText": [
    ""
  ], 
  "Procedure": "", 
  "Step": "19.D.2", 
  "TacticGroup": "Execution", 
  "Technique": "T1086", 
  "TechniqueName": "PowerShell"
}
{
  "Detection": [
    ""
  ], 
  "DetectionText": [
    ""
  ], 
  "Procedure": "", 
  "Step": "12.A.1", 
  "TacticGroup": "Execution", 
  "Technique": "T1086", 
  "TechniqueName": "PowerShell"
}
{
  "Detection": [
    ""
  ], 
  "DetectionText": [
    ""
  ], 
  "Procedure": "", 
  "Step": "16.I.1", 
  "TacticGroup": "Execution", 
  "Technique": "T1086", 
  "TechniqueName": "PowerShell"
}
{
  "Detection": [
    ""
  ], 
  "DetectionText": [
    ""
  ], 
  "Procedure": "", 
  "Step": "16.J.1", 
  "TacticGroup": "Execution", 
  "Technique": "T1086", 
  "TechniqueName": "PowerShell"
}
{
  "Detection": [
    ""
  ], 
  "DetectionText": [
    ""
  ], 
  "Procedure": "", 
  "Step": "16.B.1", 
  "TacticGroup": "Execution", 
  "Technique": "T1086", 
  "TechniqueName": "PowerShell"
}
{
  "Detection": [
    ""
  ], 
  "DetectionText": [
    ""
  ], 
  "Procedure": "", 
  "Step": "15.B.1", 
  "TacticGroup": "Execution", 
  "Technique": "T1086", 
  "TechniqueName": "PowerShell"
}
{
  "Detection": [
    ""
  ], 
  "DetectionText": [
    ""
  ], 
  "Procedure": "", 
  "Step": "13.B.1", 
  "TacticGroup": "Execution", 
  "Technique": "T1086", 
  "TechniqueName": "PowerShell"
}
{
  "Detection": [
    ""
  ], 
  "DetectionText": [
    ""
  ], 
  "Procedure": "", 
  "Step": "13.B.2", 
  "TacticGroup": "Execution", 
  "Technique": "T1086", 
  "TechniqueName": "PowerShell"
}
{
  "Detection": [
    ""
  ], 
  "DetectionText": [
    ""
  ], 
  "Procedure": "", 
  "Step": "13.A.1", 
  "TacticGroup": "Execution", 
  "Technique": "T1086", 
  "TechniqueName": "PowerShell"
}
{
  "Detection": [
    ""
  ], 
  "DetectionText": [
    ""
  ], 
  "Procedure": "", 
  "Step": "16.C.1", 
  "TacticGroup": "Execution", 
  "Technique": "T1086", 
  "TechniqueName": "PowerShell"
}
{
  "Detection": [
    ""
  ], 
  "DetectionText": [
    ""
  ], 
  "Procedure": "", 
  "Step": "16.L.1", 
  "TacticGroup": "Execution", 
  "Technique": "T1086", 
  "TechniqueName": "PowerShell"
}
{
  "Detection": [
    "Telemetry"
  ], 
  "DetectionText": [
    "Telemetry showed execution of mmc.exe, the Microsoft Management Console, spawning the lusrmgr.msc (Local Users and Groups snap-in), which displays local account information."
  ], 
  "Procedure": "Microsoft Management Console (Local Users and Groups snap-in) GUI utility displayed user account information", 
  "Step": "7.A.1", 
  "TacticGroup": "Discovery", 
  "Technique": "T1087", 
  "TechniqueName": "Account Discovery"
}
{
  "Detection": [
    "Enrichment", 
    " General Behavior, Delayed"
  ], 
  "DetectionText": [
    "The capability enriched net.exe with an alert for Net User Command Execution (Weak Signal). The alert was also tagged with the correct ATT&CK Technique (T1087 - Account Discovery) and Tactic (Discovery).", 
    "The Managed Defense Report indicated a General Behavior occurred because it identified net.exe as a reconnaissance command used.[FE5]"
  ], 
  "Procedure": "Empire: 'net user /domain' via PowerShell", 
  "Step": "12.G.2", 
  "TacticGroup": "Discovery", 
  "Technique": "T1087", 
  "TechniqueName": "Account Discovery"
}
{
  "Detection": [
    "Enrichment", 
    " General Behavior, Delayed"
  ], 
  "DetectionText": [
    "The capability enriched net.exe with an alert for Net User Command Execution (Weak Signal). The alert was also tagged with the correct ATT&CK Technique (T1087 - Account Discovery) and Tactic (Discovery).", 
    " The Managed Defense Report indicated a General Behavior occurred because it identified net user as a reconnaissance command performed. [FE5]"
  ], 
  "Procedure": "Cobalt Strike: 'net user /domain' via cmd", 
  "Step": "2.G.1", 
  "TacticGroup": "Discovery", 
  "Technique": "T1087", 
  "TechniqueName": "Account Discovery"
}
{
  "Detection": [
    "Enrichment", 
    " General Behavior, Delayed"
  ], 
  "DetectionText": [
    "The capability enriched net.exe with an alert for Net User Command Execution (Weak Signal). The alert was also tagged with the correct ATT&CK Technique (T1087 - Account Discovery) and Tactic (Discovery).", 
    " The Managed Defense Report indicated a General Behavior occurred because it identified net user as a reconnaissance command performed. [FE5]"
  ], 
  "Procedure": "Cobalt Strike: 'net user George /domain' via cmd", 
  "Step": "2.G.2", 
  "TacticGroup": "Discovery", 
  "Technique": "T1087", 
  "TechniqueName": "Account Discovery"
}
{
  "Detection": [
    "Enrichment", 
    " General Behavior, Delayed"
  ], 
  "DetectionText": [
    "The capability enriched net.exe with an alert for Net User Command Execution (Weak Signal). The alert was also tagged with the correct ATT&CK Technique (T1087 - Account Discovery) and Tactic (Discovery).", 
    "The Managed Defense Report indicated a General Behavior occurred because it identified net.exe as a reconnaissance command used to capture information about local users.[FE5]"
  ], 
  "Procedure": "Empire: 'net user' via PowerShell", 
  "Step": "12.G.1", 
  "TacticGroup": "Discovery", 
  "Technique": "T1087", 
  "TechniqueName": "Account Discovery"
}
{
  "Detection": [
    "Enrichment", 
    " Specific Behavior, Delayed"
  ], 
  "DetectionText": [
    "The capability enriched rundll32.exe with an alert for Rundll32 Execution (Weak Signal). The alert was also tagged with the correct ATT&CK Technique (T1085 - Rundll32) and Tactics (Defense Evasion, Execution).", 
    " The Managed Defense Report indicated a Specific Behavior occurred because it identified use of rundll32.exe to execute update.dat with command-line arguments. [FE5]"
  ], 
  "Procedure": "Previously executed batch file (pdfhelper.cmd) launched a DLL payload (update.dat) using Rundll32", 
  "Step": "1.A.1", 
  "TacticGroup": "Execution", 
  "Technique": "T1085", 
  "TechniqueName": "Rundll32"
}
{
  "Detection": [
    "Telemetry, Configuration Change"
  ], 
  "DetectionText": [
    "Telemetry showed execution of powershell.exe as a high integrity process as SYSTEM with a token login ID previously associated with user Debbie. [FE6]"
  ], 
  "Procedure": "Cobalt Strike: Built-in UAC bypass token duplication capability executed to elevate process integrity level", 
  "Step": "3.A.1", 
  "TacticGroup": "Defense Evasion, Privilege Escalation", 
  "Technique": "T1088", 
  "TechniqueName": "Bypass User Account Control"
}
{
  "Detection": [
    "Telemetry, Configuration Change"
  ], 
  "DetectionText": [
    "Telemetry showed execution of powershell.exe as a high integrity process as SYSTEM with a token login ID previously associated with user Bob, which indicates UAC bypassing. [FE6]"
  ], 
  "Procedure": "Empire: Built-in UAC bypass token duplication module executed to launch new callback with elevated process integrity level", 
  "Step": "14.A.1", 
  "TacticGroup": "Defense Evasion, Privilege Escalation", 
  "Technique": "T1088", 
  "TechniqueName": "Bypass User Account Control"
}
{
  "Detection": [
    "None"
  ], 
  "DetectionText": [
    "No detection capability demonstrated for this procedure."
  ], 
  "Procedure": "Cobalt Strike: 'ps' (Process status) via Win32 APIs", 
  "Step": "2.C.1", 
  "TacticGroup": "Discovery", 
  "Technique": "T1057", 
  "TechniqueName": "Process Discovery"
}
{
  "Detection": [
    "Enrichment", 
    " Specific Behavior, Delayed "
  ], 
  "DetectionText": [
    "The capability enriched tasklist.exe with an alert for Tasklist Execution (Weak Signal). The alert was also tagged with the correct ATT&CK Technique (T1057 - Process Discovery) and Tactic (Discovery).", 
    " The Managed Defense Report indicated a Specific Behavior occurred because it identified that tasklist was one of the commands used to enumerate current running processes. [FE5]"
  ], 
  "Procedure": "Cobalt Strike: 'tasklist /v' via cmd", 
  "Step": "2.C.2 ", 
  "TacticGroup": "Discovery", 
  "Technique": "T1057", 
  "TechniqueName": "Process Discovery"
}
{
  "Detection": [
    "None"
  ], 
  "DetectionText": [
    "No detection capability demonstrated for this procedure."
  ], 
  "Procedure": "Cobalt Strike: 'ps' (Process status) via Win32 APIs", 
  "Step": "3.B.1", 
  "TacticGroup": "Discovery", 
  "Technique": "T1057", 
  "TechniqueName": "Process Discovery"
}
{
  "Detection": [
    "None"
  ], 
  "DetectionText": [
    "No detection capability demonstrated for this procedure."
  ], 
  "Procedure": "Cobalt Strike: 'ps' (Process status) via Win32 APIs", 
  "Step": "8.B.1", 
  "TacticGroup": "Discovery", 
  "Technique": "T1057", 
  "TechniqueName": "Process Discovery"
}
{
  "Detection": [
    "Enrichment", 
    " General Behavior, Delayed"
  ], 
  "DetectionText": [
    "The capability enriched qprocess.exe with an alert for Qprocess Execution (Weak Signal). The alert was also tagged with the correct ATT&CK Technique (T1057 - Process Discovery) and Tactic (Discovery). ", 
    "The Managed Defense Report indicated a General Behavior occurred because it identified qprocess.exe as a reconnaissance command used.[FE5]"
  ], 
  "Procedure": "Empire: 'qprocess *' via PowerShell", 
  "Step": "12.C.1", 
  "TacticGroup": "Discovery", 
  "Technique": "T1057", 
  "TechniqueName": "Process Discovery"
}
{
  "Detection": [
    "General Behavior", 
    " Enrichment", 
    " Enrichment ", 
    " General Behavior ", 
    " Enrichment ", 
    " Specific Behavior, Delayed"
  ], 
  "DetectionText": [
    "A General Behavior alert was generated for Execution from Suspicious Directory (Weak Signal). The alert detected processes running from uncommon locations, and included recycler.exe executing with full command-line arguments, including the use of the -hp flag to encrypt and compress data.", 
    " The capability enriched an alert for Possible Encrypted RAR Archive Command (Weak Signal). The alert was also tagged with the correct ATT&CK Technique (T1022 - Data Encrypted). ", 
    " The capability enriched the file write of RAR with an alert for Rar Archive Created (Weak Signal) based on the header values of the file. The alert was also tagged with a related ATT&CK Technique (T1002 - Data Compressed) and Tactic (Exfiltration). ", 
    " A General Behavior alert called File Write To Root Of Recycle Bin (Weak Signal) was generated for old.rar being written to the root of the Recycle Bin. The alerted noted that all legitimate files should be written to a subfolder of the Recycle Bin. ", 
    " The capability enriched recycler.exe writing old.rar to the root of the Recycle Bin with an alert for Rar Archive Created (Weak Signal). The alert was also tagged with a related ATT&CK Technique (T1002 - Data Compressed) and Tactic (Exfiltration).", 
    "The Managed Defense Report indicated a Specific Behavior occurred because it observed recycler.exe creating an encrypted RAR archive. [FE5]"
  ], 
  "Procedure": "Empire: Executed binary (recycler.exe) created encrypted archive (old.rar) of previously collected file", 
  "Step": "19.B.1", 
  "TacticGroup": "Exfiltration", 
  "Technique": "T1022", 
  "TechniqueName": "Data Encrypted"
}
{
  "Detection": [
    ""
  ], 
  "DetectionText": [
    ""
  ], 
  "Procedure": "", 
  "Step": "8.C.1", 
  "TacticGroup": "Execution", 
  "Technique": "T1106", 
  "TechniqueName": "Execution through API"
}
{
  "Detection": [
    ""
  ], 
  "DetectionText": [
    ""
  ], 
  "Procedure": "", 
  "Step": "3.B.1", 
  "TacticGroup": "Execution", 
  "Technique": "T1106", 
  "TechniqueName": "Execution through API"
}
{
  "Detection": [
    ""
  ], 
  "DetectionText": [
    ""
  ], 
  "Procedure": "", 
  "Step": "8.B.1", 
  "TacticGroup": "Execution", 
  "Technique": "T1106", 
  "TechniqueName": "Execution through API"
}
{
  "Detection": [
    ""
  ], 
  "DetectionText": [
    ""
  ], 
  "Procedure": "", 
  "Step": "9.B.1", 
  "TacticGroup": "Execution", 
  "Technique": "T1106", 
  "TechniqueName": "Execution through API"
}
{
  "Detection": [
    ""
  ], 
  "DetectionText": [
    ""
  ], 
  "Procedure": "", 
  "Step": "8.D.1", 
  "TacticGroup": "Execution", 
  "Technique": "T1106", 
  "TechniqueName": "Execution through API"
}
{
  "Detection": [
    ""
  ], 
  "DetectionText": [
    ""
  ], 
  "Procedure": "", 
  "Step": "9.A.1", 
  "TacticGroup": "Execution", 
  "Technique": "T1106", 
  "TechniqueName": "Execution through API"
}
{
  "Detection": [
    ""
  ], 
  "DetectionText": [
    ""
  ], 
  "Procedure": "", 
  "Step": "2.C.1", 
  "TacticGroup": "Execution", 
  "Technique": "T1106", 
  "TechniqueName": "Execution through API"
}
{
  "Detection": [
    ""
  ], 
  "DetectionText": [
    ""
  ], 
  "Procedure": "", 
  "Step": "12.E.1", 
  "TacticGroup": "Execution", 
  "Technique": "T1106", 
  "TechniqueName": "Execution through API"
}
{
  "Detection": [
    "Telemetry ", 
    " Specific Behavior, Delayed"
  ], 
  "DetectionText": [
    "Telemetry showed a combination of both DNS requests as well as HTTP requests, which could indicate multiband communication. ", 
    " The Managed Defense Report indicated a Specific Behavior occurred because it identified C2 communication over TCP port 80 to www.freegoogleadsenseinfo.com (C2 domain) in addition to the ongoing DNS C2. [FE5]"
  ], 
  "Procedure": "Cobalt Strike: C2 channel modified to split communications between both HTTP and DNS", 
  "Step": "6.B.1", 
  "TacticGroup": "Command and Control", 
  "Technique": "T1026", 
  "TechniqueName": "Multiband Communication"
}
{
  "Detection": [
    "Enrichment", 
    " Specific Behavior, Delayed"
  ], 
  "DetectionText": [
    "The capability enriched a logon attempt via net.exe with an alert for Net Use Command Execution (Weak Signal). The alert details showed net.exe with command-line arguments targeting ADMIN$ using valid credentials for user Kmitnick. The alert was also tagged with the correct ATT&CK Technique (T1077 - Windows Admin Shares) and Tactic (Lateral Movement).", 
    " The Managed Defense Report indicated a Specific Behavior occurred because it identified that the attacker accessed Conficker by mounting the ADMIN$ share. [FE5]"
  ], 
  "Procedure": "Empire: Successful authentication targeted Windows admin share on Conficker (10.0.0.5)\u00a0", 
  "Step": "16.B.1", 
  "TacticGroup": "Lateral Movement", 
  "Technique": "T1077", 
  "TechniqueName": "Windows Admin Shares"
}
{
  "Detection": [
    "Enrichment", 
    " Specific Behavior, Delayed"
  ], 
  "DetectionText": [
    "The capability enriched net1.exe with an alert for Net Use Command Execution (Weak Signal). The alert also was tagged with the correct ATT&CK Technique (T1077 - Windows Admin Shares) and Tactic (Lateral Movement). ", 
    " The Managed Defense Report indicated a Specific Behavior occurred because it identified that the attacker mounted the C$ drive on creeper with the kmitnick account. [FE5]"
  ], 
  "Procedure": "Empire: Successful authentication targeted Windows admin shares on Conficker (10.0.0.5)", 
  "Step": "16.D.1", 
  "TacticGroup": "Lateral Movement", 
  "Technique": "T1077", 
  "TechniqueName": "Windows Admin Shares"
}
{
  "Detection": [
    "Enrichment"
  ], 
  "DetectionText": [
    "The capability enriched net.exe with an alert for Net Use Command Execution (Weak Signal). The alert was also tagged with the correct ATT&CK Technique (T1077 - Windows Admin Shares) and Tactic (Lateral Movement). The four events were included under the same alert."
  ], 
  "Procedure": "Empire: Brute force password spraying attempts targeted Windows admin shares on Morris (10.0.1.4) and Nimda (10.0.1.6)", 
  "Step": "16.A.1", 
  "TacticGroup": "Lateral Movement", 
  "Technique": "T1077", 
  "TechniqueName": "Windows Admin Shares"
}
{
  "Detection": [
    "Telemetry ", 
    " General Behavior, Delayed"
  ], 
  "DetectionText": [
    "Telemetry showed a connection over port 80 to 192.168.0.4 (C2 server). ", 
    " The Managed Defense Report indicated a General Behavior occurred because it identified C2 communication over TCP port 80 to www.freegoogleadsenseinfo.com (C2 domain).\u00a0[FE5]\u00a0"
  ], 
  "Procedure": "Cobalt Strike: C2 channel modified to use port 80", 
  "Step": "6.B.1", 
  "TacticGroup": "Command and Control", 
  "Technique": "T1043", 
  "TechniqueName": "Commonly Used Port"
}
{
  "Detection": [
    "Telemetry", 
    " Specific Behavior, Delayed"
  ], 
  "DetectionText": [
    "Telemetry showed port 53 command and control traffic.", 
    " The Managed Defense Report indicated a Specific Behavior occurred because it observed the use of UDP port 53 for DNS command and control traffic. [FE5]"
  ], 
  "Procedure": "Cobalt Strike: C2 channel established using port 53", 
  "Step": "1.C.1", 
  "TacticGroup": "Command and Control", 
  "Technique": "T1043", 
  "TechniqueName": "Commonly Used Port"
}
{
  "Detection": [
    "Telemetry, Tainted", 
    "General Behavior,Delayed"
  ], 
  "DetectionText": [
    "Telemetry showed a connection to freegoogleadsenseinfo.com (C2 domain) over TCP port 8080. The telemetry was tainted by the parent PowerShell URL Request (Weak Signal) alert.", 
    "The Managed Defense Report indicated a General Behavior occurred because it identified that the Empire instance communicated with freegoogleadsenseinfo.com (C2 domain) over port 8080.[FE5]"
  ], 
  "Procedure": "Empire: UAC bypass module downloaded a new Empire stager (wdbypass) over port 8080", 
  "Step": "14.A.1", 
  "TacticGroup": "Command and Control", 
  "Technique": "T1043", 
  "TechniqueName": "Commonly Used Port"
}
{
  "Detection": [
    "Telemetry,Tainted", 
    "General Behavior,Delayed"
  ], 
  "DetectionText": [
    "Telemetry showed powershell.exe communicating over TCP port 443. The telemetry was tainted by the parent PowerShell Network Connection alert.", 
    "The Managed Defense Report indicated a General Behavior occurred because it identified that the Empire backdoor communicated with 192.168.0.5 (C2 server) over port 443.[FE5]"
  ], 
  "Procedure": "Empire: C2 channel established using port 443", 
  "Step": "11.B.1", 
  "TacticGroup": "Command and Control", 
  "Technique": "T1043", 
  "TechniqueName": "Commonly Used Port"
}
{
  "Detection": [
    "Telemetry", 
    " Specific Behavior, Delayed"
  ], 
  "DetectionText": [
    "Telemetry showed net.exe executing with command-line arguments. ", 
    " The Managed Defense Report indicated a Specific Behavior occurred because it identified that the attacker unmounted the share from CodeRed. [FE5]"
  ], 
  "Procedure": "Empire: 'net use /delete' via PowerShell", 
  "Step": "16.C.1", 
  "TacticGroup": "Defense Evasion", 
  "Technique": "T1126", 
  "TechniqueName": "Network Share Connection Removal"
}
{
  "Detection": [
    "None"
  ], 
  "DetectionText": [
    "No detection capability demonstrated for this procedure."
  ], 
  "Procedure": "Empire: 'del C:\\\"$\"Recycle.bin\\old.rar'", 
  "Step": "19.D.1", 
  "TacticGroup": "Defense Evasion", 
  "Technique": "T1107", 
  "TechniqueName": "File Deletion"
}
{
  "Detection": [
    "None"
  ], 
  "DetectionText": [
    "No detection capability demonstrated for this procedure."
  ], 
  "Procedure": "Empire: 'del recycler.exe'", 
  "Step": "19.D.2", 
  "TacticGroup": "Defense Evasion", 
  "Technique": "T1107", 
  "TechniqueName": "File Deletion"
}
{
  "Detection": [
    "None"
  ], 
  "DetectionText": [
    "No detection capability demonstrated for this procedure, though telemetry showed loading of an assembly associated with accessing Active Directory security principals."
  ], 
  "Procedure": "Empire: WinEnum module included enumeration of AD group memberships", 
  "Step": "12.E.1.2", 
  "TacticGroup": "Discovery", 
  "Technique": "T1069", 
  "TechniqueName": "Permission Groups Discovery"
}
{
  "Detection": [
    "Enrichment", 
    " General Behavior, Delayed"
  ], 
  "DetectionText": [
    "The capability enriched net.exe with an alert for Net Group Command Execution (Weak Signal). The alert was also tagged with the correct ATT&CK Technique (T1069 - Permission Groups Discovery) and Tactic (Discovery).", 
    "The Managed Defense Report indicated a General Behavior occurred because it identified net.exe as a reconnaissance command used. [FE5]"
  ], 
  "Procedure": "Empire: 'net group \"Domain Admins\" /domain' via PowerShell", 
  "Step": "12.F.1", 
  "TacticGroup": "Discovery", 
  "Technique": "T1069", 
  "TechniqueName": "Permission Groups Discovery"
}
{
  "Detection": [
    "Enrichment", 
    " General Behavior, Delayed"
  ], 
  "DetectionText": [
    "The capability enriched net.exe with an alert for Net Group Command Execution (Weak Signal). The alert was also tagged with the correct ATT&CK Technique (T1069 - Permission Groups Discovery) and Tactic (Discovery).", 
    "The Managed Defense Report indicated a General Behavior occurred because it identified net.exe as a reconnaissance command used. [FE5]"
  ], 
  "Procedure": "Empire: 'net\u00a0localgroup\u00a0administrators' via PowerShell", 
  "Step": "12.F.2", 
  "TacticGroup": "Discovery", 
  "Technique": "T1069", 
  "TechniqueName": "Permission Groups Discovery"
}
{
  "Detection": [
    "Enrichment", 
    " Specific Behavior, Delayed"
  ], 
  "DetectionText": [
    "The capability enriched net.exe with an alert for Net Group Command Execution (Weak Signal). The alert was also tagged with the correct ATT&CK Technique (T1069 - Permission Groups Discovery) and Tactic (Discovery).", 
    " The Managed Defense Report indicated a Specific Behavior occurred because it identified that the attacker enumerated members of the local administrators group. [FE5]"
  ], 
  "Procedure": "Cobalt Strike: 'net localgroup administrators' via cmd", 
  "Step": "2.F.1", 
  "TacticGroup": "Discovery", 
  "Technique": "T1069", 
  "TechniqueName": "Permission Groups Discovery"
}
{
  "Detection": [
    "Enrichment", 
    " Specific Behavior, Delayed"
  ], 
  "DetectionText": [
    "The capability enriched net.exe with an alert for Net Group Command Execution (Weak Signal). The alert was also tagged with the correct ATT&CK Technique (T1069 - Permission Groups Discovery) and Tactic (Discovery).", 
    " The Managed Defense Report indicated a Specific Behavior occurred because it identified that the attacker enumerated the Shockwave domain's Domain Administrators group. [FE5]"
  ], 
  "Procedure": "Cobalt Strike: 'net group \"Domain Admins\" /domain' via cmd", 
  "Step": "2.F.3", 
  "TacticGroup": "Discovery", 
  "Technique": "T1069", 
  "TechniqueName": "Permission Groups Discovery"
}
{
  "Detection": [
    "Enrichment", 
    " Specific Behavior, Delayed"
  ], 
  "DetectionText": [
    "The capability enriched net.exe with an alert for Net Group Command Execution (Weak Signal). The alert was also tagged with the correct ATT&CK Technique (T1069 - Permission Groups Discovery) and Tactic (Discovery)", 
    " The Managed Defense Report indicated a Specific Behavior occurred because it identified that the attacker enumerated members of the local administrators group. [FE5]"
  ], 
  "Procedure": "Cobalt Strike: 'net localgroup administrators /domain' via cmd", 
  "Step": "2.F.2", 
  "TacticGroup": "Discovery", 
  "Technique": "T1069", 
  "TechniqueName": "Permission Groups Discovery"
}
{
  "Detection": [
    "Enrichment", 
    " Specific Behavior, Delayed"
  ], 
  "DetectionText": [
    "The capability enriched powershell.exe writing recycler.exe with an alert for PowerShell File Write (Weak Signal). The alert was also tagged with the correct ATT&CK Technique (T1105 - Remote File Copy) and Tactics (Command and Control, Lateral Movement).", 
    " The Managed Defense Report indicated a Specific Behavior occurred because it indicated the attacker placed recycler.exe on the system.[FE5]"
  ], 
  "Procedure": "Empire: Built-in upload module executed to write binary (recycler.exe) to disk on CodeRed (10.0.1.5)", 
  "Step": "19.A.1", 
  "TacticGroup": "Command and Control, Lateral Movement", 
  "Technique": "T1105", 
  "TechniqueName": "Remote File Copy"
}
{
  "Detection": [
    "Enrichment", 
    " Telemetry, Tainted"
  ], 
  "DetectionText": [
    "The capability enriched updater.dll being written by cmd.exe with an alert for CMD File Write (Weak Signal). The alert was also tagged with the correct ATT&CK Technique (T1105\u00a0- Remote File Copy) and a related ATT&CK Technique (T1059 - Command-Line Interface) and Tactic (Execution).\u00a0", 
    " Telemetry showed the file write for updater.dll into the system32 folder. The telemetry was tainted by the parent AV signature alert for updater.dll."
  ], 
  "Procedure": "Cobalt Strike: Built-in upload capability executed to write a DLL payload (updater.dll) to disk on Nimda (10.0.1.6)", 
  "Step": "7.B.1", 
  "TacticGroup": "Command and Control, Lateral Movement", 
  "Technique": "T1105", 
  "TechniqueName": "Remote File Copy"
}
{
  "Detection": [
    "Enrichment"
  ], 
  "DetectionText": [
    "The capability enriched powershell.exe writing autoupdate.vbs with an alert for PowerShell File Write (Weak Signal). The alert was also tagged with the correct ATT&CK Technique (T1105 - Remote File Copy) and Tactics (Command and Control, Lateral Movement)."
  ], 
  "Procedure": "Empire: Built-in upload module executed to write malicious VBScript (autoupdate.vbs) to disk on CodeRed (10.0.1.5)", 
  "Step": "16.E.1", 
  "TacticGroup": "Command and Control, Lateral Movement", 
  "Technique": "T1105", 
  "TechniqueName": "Remote File Copy"
}
{
  "Detection": [
    "Enrichment"
  ], 
  "DetectionText": [
    "The capability enriched a HTTP GET request for wdbypass with an alert for PowerShell URL Request (Weak Signal). The alert also was also tagged with the correct ATT&CK Technique (T1105 - Remote File Copy) and Tactic (Command and Control)."
  ], 
  "Procedure": "Empire: UAC bypass module downloaded and executed a new Empire stager (wdbypass)", 
  "Step": "14.A.1", 
  "TacticGroup": "Command and Control, Lateral Movement", 
  "Technique": "T1105", 
  "TechniqueName": "Remote File Copy"
}
{
  "Detection": [
    "Enrichment ", 
    " Specific Behavior, Delayed"
  ], 
  "DetectionText": [
    "The capability enriched powershell.exe writing update.vbs with an alert for File Write to Network Share (Weak Signal). The alert was also tagged with the correct ATT&CK Technique (T1105 - Remote File Copy) and Tactic (Lateral Movement). ", 
    " The Managed Defense Report indicated a Specific Behavior occurred because it identified the autoupdate.vbs script being written to Creeper. [FE5]"
  ], 
  "Procedure": "Empire: Built-in move capability executed to write malicious VBScript (update.vbs) to disk on Creeper (10.0.0.4)", 
  "Step": "16.G.1", 
  "TacticGroup": "Command and Control, Lateral Movement", 
  "Technique": "T1105", 
  "TechniqueName": "Remote File Copy"
}
{
  "Detection": [
    "Telemetry, Configuration Change"
  ], 
  "DetectionText": [
    "Telemetry showed a svchost.exe seclogon event for a token logon ID later used by a process whose group membership indicated high integrity. [FE6]"
  ], 
  "Procedure": "Cobalt Strike: Built-in UAC bypass token duplication capability executed to modify current process token", 
  "Step": "3.A.1", 
  "TacticGroup": "Defense Evasion, Privilege Escalation", 
  "Technique": "T1134", 
  "TechniqueName": "Access Token Manipulation"
}
{
  "Detection": [
    "Telemetry"
  ], 
  "DetectionText": [
    "Telemetry showed a process (net.exe) executed during Step 4 as user Debbie and a subsequent process (reg.exe) executed during Step 6 as user George, indicating a change in user context from a stolen token. "
  ], 
  "Procedure": "Cobalt Strike: Built-in token theft capability executed to change user context to George", 
  "Step": "5.B.1", 
  "TacticGroup": "Defense Evasion, Privilege Escalation", 
  "Technique": "T1134", 
  "TechniqueName": "Access Token Manipulation"
}
{
  "Detection": [
    "Telemetry"
  ], 
  "DetectionText": [
    "Telemetry showed Resume Viewer.exe spawning the child process cmd.exe to launch pdfhelper.cmd."
  ], 
  "Procedure": "Previously executed self-extracting archive (Resume Viewer.exe) launched an embedded batch file (pdfhelper.cmd)", 
  "Step": "1.A.1", 
  "TacticGroup": "Defense Evasion, Execution", 
  "Technique": "T1064", 
  "TechniqueName": "Scripting"
}
{
  "Detection": [
    "Specific Behavior", 
    " Enrichment", 
    " Indicator of Compromise"
  ], 
  "DetectionText": [
    "A Specific Behavior alert was generated for Suspicious PowerShell Usage (Methodology) indicating powershell.exe ran with unusual arguments due to the -enc and -noP command-line arguments. The alert was mapped to a related ATT&CK Technique (T1086 - PowerShell) and the correct Tactic (Execution) and captured the encoded command. ", 
    " The capability enriched wscript.exe with an alert for Wscript Execution (Weak Signal). The alert was tagged with the correct ATT&CK Technique (T1064 - Scripting) and Tactic (Execution). ", 
    " An Indicator of Compromise alert was generated for EMPIRE RAT (Backdoor) based on a detected string specific to the backdoor. The alert was also mapped to a related ATT&CK Technique (T1086 - PowerShell)."
  ], 
  "Procedure": "Legitimate user Bob clicked and executed malicious VBScript (autoupdate.vbs) on 10.0.1.5 (CodeRed)", 
  "Step": "11.A.1", 
  "TacticGroup": "Defense Evasion, Execution", 
  "Technique": "T1064", 
  "TechniqueName": "Scripting"
}
{
  "Detection": [
    "Enrichment ", 
    " Specific Behavior, Delayed"
  ], 
  "DetectionText": [
    "The capability enriched powershell.exe with an alert for PowerShell Execution (Weak Signal). The alert was also tagged with a related ATT&CK Technique (T1086 - PowerShell). ", 
    " The Managed Defense Report indicated a Specific Behavior occurred because it identified that a PowerShell command was run from the Empire process. [FE5]"
  ], 
  "Procedure": "Empire: Built-in WinEnum module executed to programmatically execute a series of enumeration techniques", 
  "Step": "12.E.1", 
  "TacticGroup": "Defense Evasion, Execution", 
  "Technique": "T1064", 
  "TechniqueName": "Scripting"
}
{
  "Detection": [
    "None"
  ], 
  "DetectionText": [
    "No detection capability demonstrated for this procedure."
  ], 
  "Procedure": "Cobalt Strike: Built-in Mimikatz credential dump capability executed", 
  "Step": "5.A.1", 
  "TacticGroup": "Credential Access", 
  "Technique": "T1003", 
  "TechniqueName": "Credential Dumping"
}
{
  "Detection": [
    "None"
  ], 
  "DetectionText": [
    "No detection capability demonstrated for this procedure."
  ], 
  "Procedure": "hashdump", 
  "Step": "5.A.2", 
  "TacticGroup": "Credential Access", 
  "Technique": "T1003", 
  "TechniqueName": "Credential Dumping"
}
{
  "Detection": [
    "None"
  ], 
  "DetectionText": [
    "No detection capability demonstrated for this procedure, though DNS requests for freegoogleadsenseinfo.com (C2 domain) were observed."
  ], 
  "Procedure": "Cobalt Strike: Download capability exfiltrated data through existing C2 channel", 
  "Step": "9.B.1", 
  "TacticGroup": "Exfiltration", 
  "Technique": "T1041", 
  "TechniqueName": "Exfiltration Over Command and Control Channel"
}
{
  "Detection": [
    "Enrichment", 
    "Telemetry", 
    " Telemetry, Tainted ", 
    " Specific Behavior, Delayed"
  ], 
  "DetectionText": [
    "The capability enriched cmd.exe executing a file from Startup with an alert for Process Execution Startup. The alert was also tagged with the correct ATT&CK Technique (T1060 - Registry Run Keys / Startup Folder) and Tactic (Persistence).", 
    " Telemetry showed cmd.exe executing autoupdate.bat from the Startup folder.", 
    " Telemetry showed rundll32.exe executing update.dll with command-line arguments. The telemetry was tainted by the parent alert for Rundll32 Execution (Weak Signal). ", 
    " The Managed Defense Report indicated a Specific Behavior occurred because it identified that autoupdate.bat persisted due to its presence in the startup directory. [FE5]"
  ], 
  "Procedure": "Batch file (autoupdate.bat) previously written to Startup folder executed when user Debbie logs on to Nimda (10.0.1.6), launching a DLL payload (update.dat) using Rundll32", 
  "Step": "10.A.1", 
  "TacticGroup": "Persistence", 
  "Technique": "T1060", 
  "TechniqueName": "Registry Run Keys / Startup Folder"
}
{
  "Detection": [
    "Telemetry", 
    " Enrichment", 
    " Specific Behavior, Delayed"
  ], 
  "DetectionText": [
    "Telemetry showed autoupdate.bat being written to the Startup folder.[FE50]", 
    " The capability enriched the file write of autoupdate.bat to the Startup folder by categorizing it as Persistence.", 
    " The Managed Defense Report indicated a Specific Behavior occurred because it identified the backdoor persisted by executing autoupdate.bat at system start due to its presence in the Startup directory.[FE5]"
  ], 
  "Procedure": "Previously executed batch file (pdfhelper.cmd) moved a separate batch file (autoupdate.bat) to the Startup folder", 
  "Step": "1.B.1", 
  "TacticGroup": "Persistence", 
  "Technique": "T1060", 
  "TechniqueName": "Registry Run Keys / Startup Folder"
}
{
  "Detection": [
    "Enrichment", 
    " General Behavior, Delayed"
  ], 
  "DetectionText": [
    "The capability enriched net.exe with an alert for Net Start Command Execution (Weak Signal). The alert was also tagged with the correct ATT&CK Technique (T1007 - System Service Discovery) and Tactic (Discovery).", 
    "The Managed Defense Report indicated a General Behavior occurred because it identified net.exe as a reconnaissance command used. [FE5]"
  ], 
  "Procedure": "Empire: 'net start' via PowerShell", 
  "Step": "12.D.1", 
  "TacticGroup": "Discovery", 
  "Technique": "T1007", 
  "TechniqueName": "System Service Discovery"
}
{
  "Detection": [
    "Telemetry, Tainted"
  ], 
  "DetectionText": [
    "Telemetry showed reg.exe executing with command-line arguments to check if terminal services are enabled. The telemetry was tainted by the parent Reg Execution (Weak Signal) alert."
  ], 
  "Procedure": "Empire: 'reg query' via PowerShell to enumerate a specific Registry key associated with terminal services", 
  "Step": "17.A.1", 
  "TacticGroup": "Discovery", 
  "Technique": "T1007", 
  "TechniqueName": "System Service Discovery"
}
{
  "Detection": [
    "Enrichment"
  ], 
  "DetectionText": [
    "The capability enriched sc.exe with an alert for SC Execution (Weak Signal). The alert was also tagged with the correct ATT&CK Technique (T1007 - System Service Discovery) and Tactic (Discovery).[FE7] "
  ], 
  "Procedure": "Empire: 'sc qc' via PowerShell to remotely enumerate a specific service on Creeper (10.0.0.4)", 
  "Step": "16.J.1", 
  "TacticGroup": "Discovery", 
  "Technique": "T1007", 
  "TechniqueName": "System Service Discovery"
}
{
  "Detection": [
    "Enrichment", 
    " Specific Behavior, Delayed"
  ], 
  "DetectionText": [
    "The capability enriched net.exe with an alert for Net Start Command Execution (Weak Signal). The alert was also tagged with the correct ATT&CK Technique (T1007 - System Service Discovery) and Tactic (Discovery). ", 
    "The Managed Defense Report indicated a Specific Behavior occurred because it identified that net was one of the commands used to enumerate current running services. [FE5]"
  ], 
  "Procedure": "Cobalt Strike: 'net start' via cmd", 
  "Step": "2.D.2", 
  "TacticGroup": "Discovery", 
  "Technique": "T1007", 
  "TechniqueName": "System Service Discovery"
}
{
  "Detection": [
    "Enrichment", 
    " Specific Behavior, Delayed"
  ], 
  "DetectionText": [
    "The capability enriched sc.exe with an alert for SC Execution (Weak Signal). The alert was also tagged with the correct ATT&CK Technique (T1007 - System Service Discovery) and Tactic (Discovery).", 
    " The Managed Defense Report indicated a Specific Behavior occurred because it identified that sc was one of the commands used to enumerate current running services. [FE5]"
  ], 
  "Procedure": "Cobalt Strike: 'sc query' via cmd", 
  "Step": "2.D.1", 
  "TacticGroup": "Discovery", 
  "Technique": "T1007", 
  "TechniqueName": "System Service Discovery"
}
{
  "Detection": [
    "None"
  ], 
  "DetectionText": [
    "No detection capability demonstrated for this procedure."
  ], 
  "Procedure": "Empire: WinEnum module included enumeration of services", 
  "Step": "12.E.1.8", 
  "TacticGroup": "Discovery", 
  "Technique": "T1007", 
  "TechniqueName": "System Service Discovery"
}
{
  "Detection": [
    "Enrichment"
  ], 
  "DetectionText": [
    "The capability enriched sc.exe with an alert for SC Execution (Weak Signal). The alert was also tagged with the correct ATT&CK Technique (T1007 - System Service Discovery) and Tactic (Discovery). [FE7]"
  ], 
  "Procedure": "Empire: 'sc query' via PowerShell to remotely enumerate services on Creeper (10.0.0.4)", 
  "Step": "16.H.1", 
  "TacticGroup": "Discovery", 
  "Technique": "T1007", 
  "TechniqueName": "System Service Discovery"
}
{
  "Detection": [
    " Enrichment ", 
    " Enrichment ", 
    " Enrichment ", 
    " Specific Behavior, Delayed"
  ], 
  "DetectionText": [
    "The capability enriched ftp.exe execution with an alert for FTP Utility Execution (Weak Signal). The alert was also tagged with the correct ATT&CK Software (T0095 - FTP).", 
    " The capability enriched ftp.exe with the -s argument with a separate alert for FTP Utility Execution (Weak Signal).", 
    " The capability enriched a TCP port 21 connection to 192.168.0.4 (C2 server) with an alert for FTP Network Connection (Weak Signal). The alert was also tagged with the correct ATT&CK Technique (T1048 - Exfiltration Over Alternative Protocol) and Tactic (Exfiltration). ", 
    " The Managed Defense Report indicated a Specific Behavior occurred because it observed the ftp commands being written to ftp.txt and the subsequent execution of ftp.exe with the file. The old.rar file was seen uploaded to 192.168.0.4 (C2 server). [FE5]"
  ], 
  "Procedure": "Empire: Sequence of 'echo' commands via PowerShell to populate commands in text file (ftp.txt), which is then executed by FTP to exfil data through network connection separate of existing C2 channel", 
  "Step": "19.C.1", 
  "TacticGroup": "Exfiltration", 
  "Technique": "T1048", 
  "TechniqueName": "Exfiltration Over Alternative Protocol"
}
{
  "Detection": [
    "Enrichment", 
    " General Behavior, Delayed"
  ], 
  "DetectionText": [
    "The capability enriched netstat.exe with an alert for Netstat Execution (Weak Signal). The alert was also tagged with the correct ATT&CK Technique (T1049 - System Network Connection Discovery) and Tactic (Discovery).", 
    "The Managed Defense Report indicated a General Behavior occurred because it identified netstat.exe as a reconnaissance command used. [FE5]"
  ], 
  "Procedure": "Empire: WinEnum module included enumeration of established network connections", 
  "Step": "12.E.1.12", 
  "TacticGroup": "Discovery", 
  "Technique": "T1049", 
  "TechniqueName": "System Network Connections Discovery"
}
{
  "Detection": [
    "Enrichment", 
    " General Behavior, Delayed"
  ], 
  "DetectionText": [
    "The capability enriched net.exe with an alert for Net Use Command Execution (Weak Signal). The alert was also tagged with the correct ATT&CK Technique (T1049 - System Network Connections Discovery) and Tactic (Discovery).", 
    "The Managed Defense Report indicated a General Behavior occurred because it identified net.exe as a reconnaissance command used. [FE5]"
  ], 
  "Procedure": "Empire: 'net use' via PowerShell", 
  "Step": "13.B.1", 
  "TacticGroup": "Discovery", 
  "Technique": "T1049", 
  "TechniqueName": "System Network Connections Discovery"
}
{
  "Detection": [
    "Enrichment", 
    " General Behavior, Delayed"
  ], 
  "DetectionText": [
    "The capability enriched netstat.exe with an alert for Netstat Execution (Weak Signal). The alert was also tagged with the correct ATT&CK Technique (T1049 - System Network Connections Discovery) and Tactic (Discovery).", 
    "The Managed Defense Report indicated a General Behavior occurred because it identified netstat.exe as a reconnaissance command used. [FE5]"
  ], 
  "Procedure": "Empire: 'netstat -ano' via PowerShell", 
  "Step": "13.B.2", 
  "TacticGroup": "Discovery", 
  "Technique": "T1049", 
  "TechniqueName": "System Network Connections Discovery"
}
{
  "Detection": [
    "Enrichment", 
    " Specific Behavior, Delayed"
  ], 
  "DetectionText": [
    "The capability enriched netstat.exe with an alert for Netstat Execution (Weak Signal). The alert was also tagged with the correct ATT&CK Technique (T1049 - System Network Connections Discovery) and Tactic (Discovery).", 
    " The Managed Defense Report indicated a Specific Behavior occurred because it identified that netstat was a reconnaissance command used to enumerate active and listening network ports. [FE5]"
  ], 
  "Procedure": "Cobalt Strike: 'netstat -ano' via cmd", 
  "Step": "4.C.1", 
  "TacticGroup": "Discovery", 
  "Technique": "T1049", 
  "TechniqueName": "System Network Connections Discovery"
}
{
  "Detection": [
    "General Behavior", 
    " Enrichment", 
    " Enrichment", 
    " General Behavior", 
    " Enrichment", 
    " Specific Behavior, Delayed"
  ], 
  "DetectionText": [
    "A General Behavior alert was generated for Execution from Suspicious Directory (Weak Signal). The alert detected processes running from uncommon locations, and included recycler.exe executing with full command-line arguments, including the use of the -hp flag to encrypt and compress data.", 
    "The capability enriched the command line output containing -hp with an alert for Possible Encrypted RAR Archive Command (Weak Signal). The alert was also tagged with the correct ATT&CK Technique (T1002 - Data Compressed). ", 
    " The capability enriched the file write of RAR with an alert for Rar Archive Created (Weak Signal) based on the header values of the file. The alert was also tagged with the correct ATT&CK Technique (T1002 - Data Compressed) and Tactic (Exfiltration). ", 
    " A General Behavior alert called File Write To Root Of Recycle Bin (Weak Signal) was generated for old.rar being written to the root of the Recycle Bin. The alerted noted that all legitimate files should be written to a subfolder of the Recycle Bin. ", 
    " The capability enriched the file write of RAR with a second alert for Rar Archive Created (Weak Signal) based on the header values of the file. The alert was also tagged with the correct ATT&CK Technique (T1002 - Data Compressed) and Tactic (Exfiltration). ", 
    "The Managed Defense Report indicated a Specific Behavior occurred because it indicated the attacker executed recycler.exe to create an encrypted RAR file old.rar.[FE5]"
  ], 
  "Procedure": "Empire: Executed binary (recycler.exe) created compressed archive (old.rar) of previously collected file", 
  "Step": "19.B.1", 
  "TacticGroup": "Exfiltration", 
  "Technique": "T1002", 
  "TechniqueName": "Data Compressed"
}
{
  "Detection": [
    "Indicator of Compromise, Delayed"
  ], 
  "DetectionText": [
    "The Managed Defense Report indicated an Indicator of Compromise detection occurred because it identified that the attacker executed the Windows Clipboard capability in Empire. The capability separately showed a PowerShell Execution (Weak Signal) alert containing the encoded PowerShell command. This command could be decoded, but this was not counted as a separate detection because it was external to the capability. [FE5]"
  ], 
  "Procedure": "Empire: WinEnum module included enumeration of clipboard contents", 
  "Step": "12.E.1.5", 
  "TacticGroup": "Collection", 
  "Technique": "T1115", 
  "TechniqueName": "Clipboard Data"
}
{
  "Detection": [
    "Telemetry, Tainted ", 
    " Specific Behavior, Delayed"
  ], 
  "DetectionText": [
    "Telemetry showed the MD5 hash value of recycler.exe when it was written to disk, which an analyst could use to determine recycler.exe was actually WinRAR. The telemetry was tainted by the parent PowerShell File Write alert. ", 
    " The Managed Defense Report indicated a Specific Behavior occurred because it identified the attacker placing the WinRAR utility on the system as recycler.exe. [FE5]"
  ], 
  "Procedure": "Empire: File dropped to disk is a renamed copy of the WinRAR binary", 
  "Step": "19.A.1", 
  "TacticGroup": "Defense Evasion", 
  "Technique": "T1036", 
  "TechniqueName": "Masquerading"
}
{
  "Detection": [
    "General Behavior", 
    " Enrichment", 
    " Enrichment ", 
    " General Behavior ", 
    " Enrichment ", 
    " Specific Behavior, Delayed"
  ], 
  "DetectionText": [
    "A General Behavior alert was generated for Execution from Suspicious Directory (Weak Signal). The alert detected processes running from uncommon locations, and included recycler.exe executing with full command-line arguments, including the use of the -hp flag to encrypt and compress data.", 
    " The capability enriched an alert for Possible Encrypted RAR Archive Command (Weak Signal). The alert was also tagged with related ATT&CK Techniques (T1022 - Data Encrypted and T1002 - Data Compressed). ", 
    " The capability enriched the file write of RAR with an alert for Rar Archive Created (Weak Signal) based on the header values of the file. The alert was also tagged with a related ATT&CK Technique (T1002 - Data Compressed) and Tactic (Exfiltration).", 
    " A General Behavior alert called File Write To Root Of Recycle Bin (Weak Signal) was generated for old.rar being written to the root of the Recycle Bin. The alerted noted that all legitimate files should be written to a subfolder of the Recycle Bin.  ", 
    " The capability enriched recycler.exe writing old.rar to the root of the Recycle Bin with an alert for Rar Archive Created (Weak Signal). The alert was also tagged with a related ATT&CK Technique (T1002 - Data Compressed) and Tactic (Exfiltration).", 
    "The Managed Defense Report indicated a Specific Behavior occurred because it observed recycler.exe creating an encrypted RAR archive.[FE5]"
  ], 
  "Procedure": "Empire: Executed binary (recycler.exe) is a renamed copy of the WinRAR binary", 
  "Step": "19.B.1", 
  "TacticGroup": "Defense Evasion", 
  "Technique": "T1036", 
  "TechniqueName": "Masquerading"
}
{
  "Detection": [
    "Enrichment"
  ], 
  "DetectionText": [
    "The capability enriched the sc.exe command with an alert for SC Execution (Weak Signal). The alert was also tagged with a related ATT&CK Technique (T1007 - System Service Discovery) and the correct Tactic (Discovery).  [FE7] "
  ], 
  "Procedure": "Empire: 'sc description' via PowerShell to remotely disguise a service on Creeper (10.0.0.4)", 
  "Step": "16.I.1", 
  "TacticGroup": "Defense Evasion", 
  "Technique": "T1036", 
  "TechniqueName": "Masquerading"
}
{
  "Detection": [
    "General Behavior", 
    " Specific Behavior", 
    " Specific Behavior, Delayed"
  ], 
  "DetectionText": [
    "A General Behavior alert was generated for RENAMED CMD.EXE, with a description explaining how attackers will sometimes rename cmd.exe to other filenames to try to bypass detections. ", 
    " A Specific Behavior alert was generated for Accessibility Features Child Process due to whoami.exe spawning from magnify.exe. The alert was also tagged with the correct ATT&CK Technique (T1015 - Accessibility Features) and Tactics (Persistence, Privilege Escalation).", 
    " The Managed Defense Report indicated a Specific Behavior occurred because it identified that the attacker replaced the magnifier.exe accessibility feature to launch a privileged command shell. [FE5]"
  ], 
  "Procedure": "magnifer.exe previously overwritten by cmd.exe launched through RDP connection made to Creeper (10.0.0.4)", 
  "Step": "20.A.1", 
  "TacticGroup": "Persistence, Privilege Escalation", 
  "Technique": "T1015", 
  "TechniqueName": "Accessibility Features"
}
{
  "Detection": [
    "Specific Behavior", 
    " Specific Behavior", 
    " Specific Behavior, Delayed"
  ], 
  "DetectionText": [
    "A Specific Behavior alert was generated for Suspicious Accessibility Features Replacement (BACKDOOR) based on magnifer.exe being overwritten. The alert was also tagged with the correct ATT&CK Technique (T1015 - Accessibility Features) and Tactic (Persistence).", 
    " A Specific Behavior alert was also generated for Accessibility Features File Write (Weak Signal) based on magnifier.exe being overwritten. The alert was also tagged with the correct ATT&CK Technique (T1015 - Accessibility Features) and Tactic (Persistence). ", 
    " The Managed Defense Report indicated a Specific Behavior occurred because it identified magnifer.exe being overwritten with cmd.exe. [FE5]"
  ], 
  "Procedure": "Empire: 'copy' via PowerShell to overwrite magnify.exe with cmd.exe", 
  "Step": "17.C.1", 
  "TacticGroup": "Persistence, Privilege Escalation", 
  "Technique": "T1015", 
  "TechniqueName": "Accessibility Features"
}
