{
  "Detection": [
    "Enrichment, Tainted", 
    " Telemetry"
  ], 
  "DetectionText": [
    "The capability enriched a logon attempt via net.exe, using the valid credentials of user Kmitnick, with a related ATT&CK Tactic (Lateral Movement) and Technique (Windows Admin Shares) in addition to labeling net.exe as having a High Internal Outgoing Embryonic Connection Rate (meaning 25% of the internal network connections did not receive a response). The data was tainted by a parent PowerShell alert.", 
    "Telemetry showed net.exe executing with command-line arguments. [CR5]"
  ], 
  "Procedure": "Empire: 'net use' via PowerShell to successfully authenticate to Conficker (10.0.0.5) using credentials of user Kmitnick", 
  "Step": "16.B.1", 
  "TacticGroup": "Defense Evasion, Persistence, Privilege Escalation, Initial Access", 
  "Technique": "T1078", 
  "TechniqueName": "Valid Accounts"
}
{
  "Detection": [
    "General Behavior, Tainted", 
    " Telemetry"
  ], 
  "DetectionText": [
    "A General Behavior alert was generated for net.exe conducting suspicious activity related to Discovery/Privilege Escalation as well as being a descendant of a suspicious process. The alert was tainted by a parent PowerShell alert.", 
    " Telemetry showed net.exe executing with command-line arguments.[CR3]"
  ], 
  "Procedure": "Empire: 'net use' via PowerShell to successfully authenticate to Creeper (10.0.0.4) using credentials of user Kmitnick", 
  "Step": "16.D.1", 
  "TacticGroup": "Defense Evasion, Persistence, Privilege Escalation, Initial Access", 
  "Technique": "T1078", 
  "TechniqueName": "Valid Accounts"
}
{
  "Detection": [
    "Telemetry"
  ], 
  "DetectionText": [
    "Telemetry showed the logon session for Jesse to Conficker (10.0.0.5) as a Remote Interactive Logon Type."
  ], 
  "Procedure": "RDP connection to Conficker (10.0.0.5) authenticated using previously added user Jesse", 
  "Step": "10.B.1", 
  "TacticGroup": "Defense Evasion, Persistence, Privilege Escalation, Initial Access", 
  "Technique": "T1078", 
  "TechniqueName": "Valid Accounts"
}
{
  "Detection": [
    "None"
  ], 
  "DetectionText": [
    "No detection capability demonstrated for this procedure."
  ], 
  "Procedure": "Empire: WinEnum module included enumeration of mapped network drives", 
  "Step": "12.E.1.9.2", 
  "TacticGroup": "Discovery", 
  "Technique": "T1135", 
  "TechniqueName": "Network Share Discovery"
}
{
  "Detection": [
    "None"
  ], 
  "DetectionText": [
    "No detection capability demonstrated for this procedure."
  ], 
  "Procedure": "Empire: WinEnum module included enumeration of available shares", 
  "Step": "12.E.1.9.1", 
  "TacticGroup": "Discovery", 
  "Technique": "T1135", 
  "TechniqueName": "Network Share Discovery"
}
{
  "Detection": [
    "None"
  ], 
  "DetectionText": [
    "No detection capability demonstrated for this procedure."
  ], 
  "Procedure": "Empire: 'Get-ChildItem' via PowerShell to enumerate a network shared drive (Wormshare) on Conficker (10.0.0.5)", 
  "Step": "18.A.1", 
  "TacticGroup": "Discovery", 
  "Technique": "T1083", 
  "TechniqueName": "File and Directory Discovery"
}
{
  "Detection": [
    "Enrichment, Tainted", 
    " Telemetry"
  ], 
  "DetectionText": [
    "The capability enriched cmd.exe executing dir with command-line arguments with the correct ATT&CK Tactic (Discovery) and Technique (File and Directory Discovery). The data was tainted by a parent Injected Shellcode alert.", 
    " Telemetry showed cmd.exe executing dir with command-line arguments. [CR5]"
  ], 
  "Procedure": "Cobalt Strike: 'dir /s /b \"\\\\conficker\\wormshare\"' via cmd", 
  "Step": "8.A.1", 
  "TacticGroup": "Discovery", 
  "Technique": "T1083", 
  "TechniqueName": "File and Directory Discovery"
}
{
  "Detection": [
    "Enrichment, Tainted", 
    " Telemetry"
  ], 
  "DetectionText": [
    "The capability enriched cmd.exe executing tree with command-line arguments with the correct ATT&CK Tactic (Discovery) and Technique (File and Directory Discovery). The data was tainted by a parent Injected Shellcode alert.", 
    " Telemetry showed cmd.exe executing tree with command-line arguments. [CR5]"
  ], 
  "Procedure": "Cobalt Strike: 'tree \"C:\\Users\\debbie\"' via cmd", 
  "Step": "8.A.2", 
  "TacticGroup": "Discovery", 
  "Technique": "T1083", 
  "TechniqueName": "File and Directory Discovery"
}
{
  "Detection": [
    "None"
  ], 
  "DetectionText": [
    "No detection capability demonstrated for this procedure."
  ], 
  "Procedure": "Empire: WinEnum module included enumeration of interesting files", 
  "Step": "12.E.1.4.2", 
  "TacticGroup": "Discovery", 
  "Technique": "T1083", 
  "TechniqueName": "File and Directory Discovery"
}
{
  "Detection": [
    "None"
  ], 
  "DetectionText": [
    "No detection capability demonstrated for this procedure."
  ], 
  "Procedure": "Empire: WinEnum module included enumeration of recently opened files", 
  "Step": "12.E.1.4.1", 
  "TacticGroup": "Discovery", 
  "Technique": "T1083", 
  "TechniqueName": "File and Directory Discovery"
}
{
  "Detection": [
    "None"
  ], 
  "DetectionText": [
    "No detection capability demonstrated for this procedure."
  ], 
  "Procedure": "Cobalt Strike: 'ls' (List) via Win32 APIs to enumerate a network shared drive (Wormshare) on Conficker (10.0.0.5)", 
  "Step": "9.A.1", 
  "TacticGroup": "Discovery", 
  "Technique": "T1083", 
  "TechniqueName": "File and Directory Discovery"
}
{
  "Detection": [
    "None"
  ], 
  "DetectionText": [
    "No detection capability demonstrated for this procedure."
  ], 
  "Procedure": "Empire: 'type' via PowerShell to remotely enumerate a specific file (update.vbs) on Creeper (10.0.0.4)", 
  "Step": "16.K.1", 
  "TacticGroup": "Discovery", 
  "Technique": "T1083", 
  "TechniqueName": "File and Directory Discovery"
}
{
  "Detection": [
    "Enrichment, Tainted", 
    " Telemetry"
  ], 
  "DetectionText": [
    "The capability enriched net.exe execution with a related ATT&CK Tactic (Lateral Movement) and Technique (Windows Admin Shares) in addition to labeling net.exe as having a High Internal Outgoing Embryonic Connection Rate (meaning 25% of the internal network connections did not receive a response). The data was tainted by a parent PowerShell alert.", 
    "Telemetry showed net.exe executing with command-line arguments. [CR5]"
  ], 
  "Procedure": "Empire: Successful authentication to Conficker (10.0.0.5) using credentials of user Kmitnick as a result of the brute force password spraying", 
  "Step": "16.B.1", 
  "TacticGroup": "Credential Access", 
  "Technique": "T1110", 
  "TechniqueName": "Brute Force"
}
{
  "Detection": [
    "Enrichment, Tainted", 
    " Telemetry"
  ], 
  "DetectionText": [
    "The capability enriched net.exe execution with a related ATT&CK Tactic (Lateral Movement) and Technique (Windows Admin Shares) in addition to labeling net.exe as having a High Internal Outgoing Embryonic Connection Rate (meaning 25% of the internal network connections did not receive a response). The data was tainted by a parent PowerShell alert.", 
    " Telemetry showed net.exe executing with command-line arguments. [CR5]"
  ], 
  "Procedure": "Empire: 'net use' via PowerShell to brute force password spraying authentication attempts to Morris (10.0.1.4) and Nimda (10.0.1.6) targeting credentials of users Kmitnick, Bob, and Frieda", 
  "Step": "16.A.1", 
  "TacticGroup": "Credential Access", 
  "Technique": "T1110", 
  "TechniqueName": "Brute Force"
}
{
  "Detection": [
    "Telemetry"
  ], 
  "DetectionText": [
    "Telemetry showed mmc.exe, the Microsoft Management Console, executing the GUI-based lusrmgr.msc (Local Users and Groups snap-in)."
  ], 
  "Procedure": "Microsoft Management Console (Local Users and Groups snap-in) GUI utility used to add new user through RDP connection", 
  "Step": "7.A.1", 
  "TacticGroup": "Execution", 
  "Technique": "T1061", 
  "TechniqueName": "Graphical User Interface"
}
{
  "Detection": [
    "General Behavior, Tainted", 
    " Telemetry"
  ], 
  "DetectionText": [
    "A General Behavior alert was generated for takeown.exe performing activity related to swapping an accessibility features binary. The telemetry was tainted by a parent PowerShell alert.", 
    " Telemetry showed takeown.exe executing with command-line arguments.[CR3]"
  ], 
  "Procedure": "Empire: 'takeown' via PowerShell to obtain ownership of magnify.exe", 
  "Step": "17.B.1", 
  "TacticGroup": "Defense Evasion", 
  "Technique": "T1222", 
  "TechniqueName": "File Permissions Modification"
}
{
  "Detection": [
    "Telemetry, Tainted"
  ], 
  "DetectionText": [
    "Telemetry showed icacls.exe executing with command-line arguments. The telemetry was tainted by a parent PowerShell alert."
  ], 
  "Procedure": "Empire: 'icacls' via PowerShell to modify the DACL for magnify.exe", 
  "Step": "17.B.2", 
  "TacticGroup": "Defense Evasion", 
  "Technique": "T1222", 
  "TechniqueName": "File Permissions Modification"
}
{
  "Detection": [
    "None"
  ], 
  "DetectionText": [
    "No detection capability was available, though an alert was generated based on explorer.exe being flagged for loading a Meterpreter Agent. Data within a previous process injection alert showed the\u00a0loaded screenshotx64.dll module."
  ], 
  "Procedure": "Cobalt Strike: Built-in screen capture capability executed to capture screenshot of current window of user Debbie", 
  "Step": "8.D.1", 
  "TacticGroup": "Collection", 
  "Technique": "T1113", 
  "TechniqueName": "Screen Capture"
}
{
  "Detection": [
    "Telemetry, Tainted"
  ], 
  "DetectionText": [
    "Telemetry showed cmd.exe executing the update.vbs from the Adobe Flash Updater service. Telemetry also showed\u00a0sc.exe executing the service. The telemetry was tainted by a parent PowerShell alert."
  ], 
  "Procedure": "Empire: 'sc start' via PowerShell to remotely launch a specific service on Creeper (10.0.0.4)", 
  "Step": "16.L.1", 
  "TacticGroup": "Exectuion", 
  "Technique": "T1035", 
  "TechniqueName": "Service Execution"
}
{
  "Detection": [
    "Enrichment, Tainted", 
    " Telemetry"
  ], 
  "DetectionText": [
    "The capability enriched whoami.exe executing as Reconnaissance and the correct ATT&CK Tactic (Discovery) and Technique (System Owner/User Discovery). The data was tainted by a parent PowerShell alert.", 
    " Telemetry showed whoami.exe executing with command-line arguments. [CR5]"
  ], 
  "Procedure": "Empire: 'whoami /all /fo list' via PowerShell", 
  "Step": "12.B.1", 
  "TacticGroup": "Discovery", 
  "Technique": "T1033", 
  "TechniqueName": "System Owner/User Discovery"
}
{
  "Detection": [
    "Specific Behavior, Tainted", 
    " Telemetry"
  ], 
  "DetectionText": [
    "A Specific Behavior alert was generated based on whoami.exe performing Reconnaissance as a SYSTEM user. The alert was tagged with the correct ATT&CK Tactic (Discovery) and Technique (System Owner/User Discovery). The alert was tainted by a parent Accessibility Features alert.", 
    "Telemetry showed the execution of whoami.exe. [CR3]"
  ], 
  "Procedure": "Executed 'whoami' via cmd persistence mechanism through RDP connection made to Creeper (10.0.0.4)", 
  "Step": "20.B.1", 
  "TacticGroup": "Discovery", 
  "Technique": "T1033", 
  "TechniqueName": "System Owner/User Discovery"
}
{
  "Detection": [
    "Telemetry, Tainted"
  ], 
  "DetectionText": [
    "Telemetry showed cmd.exe executing echo with command-line arguments. The telemetry was tainted by a parent Injected Shellcode alert."
  ], 
  "Procedure": "Cobalt Strike: 'echo' via cmd to enumerate specific environment variables", 
  "Step": "2.B.1", 
  "TacticGroup": "Discovery", 
  "Technique": "T1033", 
  "TechniqueName": "System Owner/User Discovery"
}
{
  "Detection": [
    "None"
  ], 
  "DetectionText": [
    "No detection capability demonstrated for this procedure."
  ], 
  "Procedure": "Empire: WinEnum module included enumeration of user information", 
  "Step": "12.E.1.1", 
  "TacticGroup": "Discovery", 
  "Technique": "T1033", 
  "TechniqueName": "System Owner/User Discovery"
}
{
  "Detection": [
    "Telemetry, Tainted"
  ], 
  "DetectionText": [
    "Telemetry showed that powershell.exe had an outgoing connection on port 443, identified as HTTP type traffic. Telemetry also showed decoded command-line arguments to perform a HTTPS connection to freegoogleadsenseinfo.com (C2 domain). The telemetry was tainted by a parent PowerShell alert."
  ], 
  "Procedure": "Empire: Encrypted C2 channel established using HTTPS", 
  "Step": "11.B.1", 
  "TacticGroup": "Command and Control", 
  "Technique": "T1032", 
  "TechniqueName": "Standard Cryptographic Protocol"
}
{
  "Detection": [
    "None"
  ], 
  "DetectionText": [
    "No detection capability demonstrated for this procedure."
  ], 
  "Procedure": "Empire: WinEnum module included enumeration of password policy information", 
  "Step": "12.E.1.3", 
  "TacticGroup": "Discovery", 
  "Technique": "T1201", 
  "TechniqueName": "Password Policy Discovery"
}
{
  "Detection": [
    "General Behavior", 
    "General Behavior", 
    " Telemetry, Tainted"
  ], 
  "DetectionText": [
    "A General Behavior alert was generated based on the identification of Resume Viewer.exe as unknown malware by the Anti-Malware engine. [CR1]", 
    " A General Behavior alert was generated based on explorer.exe attempting to execute a file (Resume Viewer.exe) identified as malicious.", 
    " Telemetry showed that Resume Viewer.exe was executed and running as a process. The telemetry was tainted by a parent alert on explorer.exe attempting to execute a file (Resume Viewer.exe) identified as malicious. [CR2]"
  ], 
  "Procedure": "Legitimate user Debbie clicked and executed malicious self-extracting archive (Resume Viewer.exe) on 10.0.1.6 (Nimda)", 
  "Step": "1.A.1", 
  "TacticGroup": "Execution", 
  "Technique": "T1204", 
  "TechniqueName": "User Execution"
}
{
  "Detection": [
    "None"
  ], 
  "DetectionText": [
    "No detection capability demonstrated for this procedure."
  ], 
  "Procedure": "Empire: WinEnum module included enumeration of firewall rules", 
  "Step": "12.E.1.10.2", 
  "TacticGroup": "Discovery", 
  "Technique": "T1063", 
  "TechniqueName": "Security Software Discovery"
}
{
  "Detection": [
    "None"
  ], 
  "DetectionText": [
    "No detection capability demonstrated for this procedure."
  ], 
  "Procedure": "Empire: WinEnum module included enumeration of AV solutions", 
  "Step": "12.E.1.10.1", 
  "TacticGroup": "Discovery", 
  "Technique": "T1063", 
  "TechniqueName": "Security Software Discovery"
}
{
  "Detection": [
    "None"
  ], 
  "DetectionText": [
    "No detection capability demonstrated for this procedure."
  ], 
  "Procedure": "Empire: 'copy' via PowerShell collected a file (Shockwave_network.vsdx) from a network shared drive (Wormshare) on Conficker (10.0.0.5)", 
  "Step": "18.B.1", 
  "TacticGroup": "Collection", 
  "Technique": "T1039", 
  "TechniqueName": "Data from Network Shared Drive"
}
{
  "Detection": [
    "None"
  ], 
  "DetectionText": [
    "No detection capability demonstrated for this procedure, though telemetry showed connection between Nimda (10.0.1.6) and the source of the file, Conficker (10.0.0.5), over port 445."
  ], 
  "Procedure": "Cobalt Strike: Built-in download capability executed to a collect file (Shockwave_rackb_diagram.vsdx) from a network shared drive (Wormshare) on Conficker (10.0.0.5)", 
  "Step": "9.B.1", 
  "TacticGroup": "Collection", 
  "Technique": "T1039", 
  "TechniqueName": "Data from Network Shared Drive"
}
{
  "Detection": [
    "Specific Behavior, Tainted"
  ], 
  "DetectionText": [
    "A Specific Behavior alert was generated for process injection from powershell.exe into cmd.exe (Anonymous RWX). The alert is tagged with the correct ATT&CK Tactic (Defense Evasion) and Technique (Process Injection). The alert is tainted by a parent PowerShell alert."
  ], 
  "Procedure": "Cobalt Strike: Built-in process injection capability executed to inject callback into cmd.exe", 
  "Step": "3.C.1", 
  "TacticGroup": "Defense Evasion, Privilege Escalation", 
  "Technique": "T1055", 
  "TechniqueName": "Process Injection"
}
{
  "Detection": [
    "Specific Behavior"
  ], 
  "DetectionText": [
    "A Specific Behavior alert was generated based on a malicious code injection caused by process injection of explorer.exe. The alert was mapped with the correct ATT&CK Tactics (Defense Evasion, Privilege Escalation) and Technique (Process Injection) and indicated that explorer.exe was hosting injected threads and loading malicious files."
  ], 
  "Procedure": "Cobalt Strike: Screen capture capability involved process injection into explorer.exe", 
  "Step": "8.D.1", 
  "TacticGroup": "Defense Evasion, Privilege Escalation", 
  "Technique": "T1055", 
  "TechniqueName": "Process Injection"
}
{
  "Detection": [
    "Specific Behavior"
  ], 
  "DetectionText": [
    "A Specific Behavior alert was generated for svchost.exe reflectively loading a malicious executable, identified as Mimikatz, then accessing lsass. The alert was also tagged with the correct ATT&CK Technique (Process Injection) and Tactics (Defense Evasion, Privilege Escalation). The powerkatz.dll was also seen loaded as a floating executable code."
  ], 
  "Procedure": "Cobalt Strike: Credential dump capability involved process injection into lsass", 
  "Step": "5.A.1", 
  "TacticGroup": "Defense Evasion, Privilege Escalation", 
  "Technique": "T1055", 
  "TechniqueName": "Process Injection"
}
{
  "Detection": [
    "Specific Behavior"
  ], 
  "DetectionText": [
    "A Specific Behavior alert was generated for svchost.exe injection into lsass.exe. The alert was mapped with the correct ATT&CK Tactic (Defense Evasion, Privilege Escalation) and Technique (Process Injection). The hashdumpx64.dll was also seen loaded as a floating executable code."
  ], 
  "Procedure": "Cobalt Strike: Hash dump capability involved process injection into lsass.exe", 
  "Step": "5.A.2", 
  "TacticGroup": "Defense Evasion, Privilege Escalation", 
  "Technique": "T1055", 
  "TechniqueName": "Process Injection"
}
{
  "Detection": [
    "General Behavior, Tainted", 
    " Telemetry"
  ], 
  "DetectionText": [
    "A General Behavior alert was generated for net.exe conducting suspicious activity related to Discovery/Privilege Escalation as well as being a descendant of a suspicious process. The alert was also tagged with the correct ATT&CK Tactic (Discovery) and Technique (Remote System Discovery). The alert was tainted by a parent PowerShell alert.", 
    "Telemetry showed net.exe executing with command-line arguments. [CR3]"
  ], 
  "Procedure": "Empire: 'net group \"Domain Computers\" /domain' via PowerShell", 
  "Step": "13.A.1", 
  "TacticGroup": "Discovery", 
  "Technique": "T1018", 
  "TechniqueName": "Remote System Discovery"
}
{
  "Detection": [
    "General Behavior, Tainted", 
    " Telemetry"
  ], 
  "DetectionText": [
    "A General Behavior alert was generated for net.exe executing as part of a suspicious execution chain related to Discovery/Privilege Escalation as well as being a descendant of a suspicious process. The alert was tainted by a parent Injected Shellcode alert.", 
    " Telemetry showed cmd.exe executing net with command-line arguments."
  ], 
  "Procedure": "Cobalt Strike: 'net group \"Domain Controllers\" /domain' via cmd", 
  "Step": "4.A.1", 
  "TacticGroup": "Discovery", 
  "Technique": "T1018", 
  "TechniqueName": "Remote System Discovery"
}
{
  "Detection": [
    "General Behavior, Tainted", 
    " Telemetry"
  ], 
  "DetectionText": [
    "A General Behavior alert was generated for net.exe executing as part of a suspicious execution chain related to Discovery/Privilege Escalation as well as being a descendant of a suspicious process. The alert was also tagged with the correct ATT&CK Tactic (Discovery) and Technique (Remote System Discovery). The alert was tainted by a parent Injected Shellcode alert.", 
    " Telemetry showed cmd.exe executing net with command-line arguments."
  ], 
  "Procedure": "Cobalt Strike: 'net group \"Domain Computers\" /domain' via cmd", 
  "Step": "4.A.2", 
  "TacticGroup": "Discovery", 
  "Technique": "T1018", 
  "TechniqueName": "Remote System Discovery"
}
{
  "Detection": [
    "Enrichment, Tainted"
  ], 
  "DetectionText": [
    "The capability enriched rundll32.exe opening an unusual network connection to the C2 server over the port 80 \"HTTP port.\u201d The data was tagged with the correct ATT&CK Tactic (Command and Control) and Technique (Standard Application Layer Protocol), and also showed the amount of transmitted/received bytes as well as that the winhttp.dll module was loaded (which an analyst could use to determine HTTP was used). The data was tainted by a parent Injected Shellcode alert."
  ], 
  "Procedure": "Cobalt Strike: C2 channel modified to use HTTP traffic to freegoogleadsenseinfo.com", 
  "Step": "6.B.1", 
  "TacticGroup": "Command and Control", 
  "Technique": "T1071", 
  "TechniqueName": "Standard Application Layer Protocol"
}
{
  "Detection": [
    "Telemetry, Tainted"
  ], 
  "DetectionText": [
    "Telemetry showed rundll32.exe making DNS queries to freegoogleadsenseinfo.com (C2 domain). The telemetry was tainted by a parent Injected Shellcode alert."
  ], 
  "Procedure": "Cobalt Strike: C2 channel established using DNS traffic to freegoogleadsenseinfo.com", 
  "Step": "1.C.1", 
  "TacticGroup": "Command and Control", 
  "Technique": "T1071", 
  "TechniqueName": "Standard Application Layer Protocol"
}
{
  "Detection": [
    "Specific Behavior, Tainted"
  ], 
  "DetectionText": [
    "A Specific Behavior alert was generated for powershell.exe executed as a PowerShell downloader. The alert was tagged with the correct ATT&CK Tactic (Command and Control) and the Technique (Standard Application Layer Protocol). Data also showed decoded PowerShell commands extracted from the command-line arguments showing a connection over port 8080 with a HTTP request to download the wdbypass payload. The alert was tainted by a parent PowerShell alert."
  ], 
  "Procedure": "Empire: UAC bypass module downloaded a new Empire stager (wdbypass) over HTTP", 
  "Step": "14.A.1", 
  "TacticGroup": "Command and Control", 
  "Technique": "T1071", 
  "TechniqueName": "Standard Application Layer Protocol"
}
{
  "Detection": [
    "Telemetry, Tainted"
  ], 
  "DetectionText": [
    "Telemetry showed decoded command-line arguments to perform a HTTPS connection to freegoogleadsenseinfo.com (C2 domain). The telemetry was tainted by a parent PowerShell alert. Telemetry also showed that powershell.exe had an outgoing connection on port 443, identified as HTTP type traffic."
  ], 
  "Procedure": "Empire: C2 channel established using HTTPS traffic to freegoogleadsenseinfo.com", 
  "Step": "11.B.1", 
  "TacticGroup": "Command and Control", 
  "Technique": "T1071", 
  "TechniqueName": "Standard Application Layer Protocol"
}
{
  "Detection": [
    "None"
  ], 
  "DetectionText": [
    "No detection capability was available, though an alert was generated based on a chain of injections caused by process injection of powershell.exe to cmd.exe then explorer.exe.\u00a0Data within the alert showed the\u00a0loaded keyloggerx64.dll module, and additional data showed the memory address and size of the module within explorer.exe."
  ], 
  "Procedure": "Cobalt Strike: Built-in keylogging capability executed to capture keystrokes of user Debbie", 
  "Step": "8.C.1", 
  "TacticGroup": "collection, Credential Access", 
  "Technique": "T1056", 
  "TechniqueName": "Input Capture"
}
{
  "Detection": [
    "Indicator of Compromise", 
    " Telemetry"
  ], 
  "DetectionText": [
    "An Indicator of Compromise alert was generated based on the execution of a malicious command in PowerShell named Get-Keystrokes.", 
    " \t\nTelemetry showed modloads associated with the execution of a keylogger."
  ], 
  "Procedure": "Empire: Built-in keylogging module executed to capture keystrokes of user Bob", 
  "Step": "15.A.1", 
  "TacticGroup": "collection, Credential Access", 
  "Technique": "T1056", 
  "TechniqueName": "Input Capture"
}
{
  "Detection": [
    "Telemetry, Tainted"
  ], 
  "DetectionText": [
    "Telemetry showed base64-encoded DNS requests for freegoogleadsenseinfo.com (C2 domain). The telemetry was tainted by a parent Injected Shellcode alert."
  ], 
  "Procedure": "Cobalt Strike: C2 channel established using both NetBIOS and base64 encoding", 
  "Step": "1.C.1", 
  "TacticGroup": "Command and Control", 
  "Technique": "T1132", 
  "TechniqueName": "Data Encoding"
}
{
  "Detection": [
    "Enrichment", 
    "Telemetry"
  ], 
  "DetectionText": [
    "The capability enriched a RDP connection with information that the connection was made to a RDP port, as well as a related ATT&CK Tactic (Command and Control) and Techniques (Commonly Used Port, Standard Application Layer Protocol).", 
    "Telemetry showed creation of a RDP session on Creeper (10.0.0.4)."
  ], 
  "Procedure": "RDP connection made to Creeper (10.0.0.4) as part of execution of persistence mechanism", 
  "Step": "20.A.1", 
  "TacticGroup": "Lateral Movement", 
  "Technique": "T1076", 
  "TechniqueName": "Remote Desktop Protocol"
}
{
  "Detection": [
    "Telemetry, Tainted"
  ], 
  "DetectionText": [
    "Telemetry showed cmd.exe establishing an outbound RDP connection over port 3389 to 10.0.0.5 (Conficker) with Remote Interactive Logon Type. The telemetry was tainted by a parent Injected Shellcode alert listed as the owner process Telemetry also showed rdpclip.exe executing on 10.0.0.5 (Conficker)."
  ], 
  "Procedure": "Cobalt Strike: C2 channel modified to proxy RDP connection to Conficker (10.0.0.5)", 
  "Step": "6.C.1", 
  "TacticGroup": "Lateral Movement", 
  "Technique": "T1076", 
  "TechniqueName": "Remote Desktop Protocol"
}
{
  "Detection": [
    "Telemetry, Tainted"
  ], 
  "DetectionText": [
    "Telemetry showed the logon session for Jesse to Conficker (10.0.0.5) as a Remote Interactive Logon Type. Telemetry also showed a connection over port 3389 to Conficker (10.0.0.5) through rundll32.exe serving as a proxy. The telemetry was tainted by a parent Injected Shellcode alert."
  ], 
  "Procedure": "RDP connection made to Conficker (10.0.0.5) as part of execution of persistence mechanism", 
  "Step": "10.B.1", 
  "TacticGroup": "Lateral Movement", 
  "Technique": "T1076", 
  "TechniqueName": "Remote Desktop Protocol"
}
{
  "Detection": [
    "Telemetry, Tainted"
  ], 
  "DetectionText": [
    "Telemetry showed rundll32.exe executing update.dat with command-line arguments. The telemetry was tainted by a parent Injected Shellcode alert."
  ], 
  "Procedure": "Scheduled task executed when user Debbie logs on to Nimda (10.0.1.6), launching a DLL payload (updater.dll) using Rundll32", 
  "Step": "10.A.2", 
  "TacticGroup": "Execution", 
  "Technique": "T1053", 
  "TechniqueName": "Scheduled Task"
}
{
  "Detection": [
    "Enrichment", 
    "Telemetry"
  ], 
  "DetectionText": [
    "The capability enriched schtasks.exe creating the Resume Viewer Update Checker scheduled task as reboot persistence and as SYSTEM. The data was also mapped to the correct ATT&CK Tactic (Persistence). ", 
    "Telemetry showed the Resume Viewer Update Checker scheduled task."
  ], 
  "Procedure": "Cobalt Strike: 'schtasks' via cmd to create scheduled task that executes a DLL payload (updater.dll)", 
  "Step": "7.C.1", 
  "TacticGroup": "Execution", 
  "Technique": "T1053", 
  "TechniqueName": "Scheduled Task"
}
{
  "Detection": [
    "Telemetry, Tainted "
  ], 
  "DetectionText": [
    "Telemetry showed creation of the .vsdx file in the Recycle Bin.\u00a0\u00a0The telemetry was tainted by a parent PowerShell alert listed as the owner process."
  ], 
  "Procedure": "Empire: 'copy' via PowerShell staged a file (Shockwave_network.vsdx) from a network shared drive (Wormshare) on Conficker (10.0.0.5) in the Recycle Bin (C:\\$Recycle.Bin) on CodeRed (10.0.1.5)", 
  "Step": "18.B.1", 
  "TacticGroup": "Collection", 
  "Technique": "T1074", 
  "TechniqueName": "Data Staged"
}
{
  "Detection": [
    "None"
  ], 
  "DetectionText": [
    "No detection capability demonstrated for this procedure."
  ], 
  "Procedure": "Cobalt Strike: Keylogging capability included residual enumeration of application windows", 
  "Step": "8.C.1", 
  "TacticGroup": "Discovery", 
  "Technique": "T1010", 
  "TechniqueName": "Application Window Discovery"
}
{
  "Detection": [
    "None"
  ], 
  "DetectionText": [
    "No detection capability demonstrated for this procedure."
  ], 
  "Procedure": "Empire: Built-in keylogging module included residual enumeration of application windows", 
  "Step": "15.A.1", 
  "TacticGroup": "Discovery", 
  "Technique": "T1010", 
  "TechniqueName": "Application Window Discovery"
}
{
  "Detection": [
    "None"
  ], 
  "DetectionText": [
    "No detection capability demonstrated for this procedure."
  ], 
  "Procedure": "Empire: WinEnum module included enumeration of system information via a Registry query", 
  "Step": "12.E.1.7", 
  "TacticGroup": "Discovery", 
  "Technique": "T1012", 
  "TechniqueName": "Query Registry"
}
{
  "Detection": [
    "Telemetry, Tainted"
  ], 
  "DetectionText": [
    "Telemetry showed reg.exe executing with command-line arguments. The telemetry was tainted by a parent PowerShell alert."
  ], 
  "Procedure": "Empire: 'reg query' via PowerShell to enumerate a specific Registry key", 
  "Step": "13.C.1", 
  "TacticGroup": "Discovery", 
  "Technique": "T1012", 
  "TechniqueName": "Query Registry"
}
{
  "Detection": [
    "Telemetry, Tainted"
  ], 
  "DetectionText": [
    "Telemetry showed reg.exe executing with command-line arguments. The telemetry was tainted by a parent PowerShell alert."
  ], 
  "Procedure": "Empire: 'reg query' via PowerShell to enumerate a specific Registry key", 
  "Step": "17.A.1", 
  "TacticGroup": "Discovery", 
  "Technique": "T1012", 
  "TechniqueName": "Query Registry"
}
{
  "Detection": [
    "Telemetry, Tainted"
  ], 
  "DetectionText": [
    "Telemetry showed cmd.exe executing reg with command-line arguments. The telemetry was tainted by a parent Injected Shellcode alert."
  ], 
  "Procedure": "Cobalt Strike: 'reg query' via cmd to enumerate a specific Registry key", 
  "Step": "2.H.1", 
  "TacticGroup": "Discovery", 
  "Technique": "T1012", 
  "TechniqueName": "Query Registry"
}
{
  "Detection": [
    "Telemetry, Tainted"
  ], 
  "DetectionText": [
    "Telemetry showed reg.exe executing with command-line arguments. The telemetry was tainted by a parent Injected Shellcode alert."
  ], 
  "Procedure": "Cobalt Strike: 'reg query' via cmd to remotely enumerate a specific Registry key on Conficker (10.0.0.5)", 
  "Step": "6.A.1", 
  "TacticGroup": "Discovery", 
  "Technique": "T1012", 
  "TechniqueName": "Query Registry"
}
{
  "Detection": [
    ""
  ], 
  "DetectionText": [
    ""
  ], 
  "Procedure": "", 
  "Step": "2.B.1", 
  "TacticGroup": "Execution", 
  "Technique": "T1059", 
  "TechniqueName": "Command-Line Interface"
}
{
  "Detection": [
    ""
  ], 
  "DetectionText": [
    ""
  ], 
  "Procedure": "", 
  "Step": "2.A.2", 
  "TacticGroup": "Execution", 
  "Technique": "T1059", 
  "TechniqueName": "Command-Line Interface"
}
{
  "Detection": [
    ""
  ], 
  "DetectionText": [
    ""
  ], 
  "Procedure": "", 
  "Step": "2.D.2", 
  "TacticGroup": "Execution", 
  "Technique": "T1059", 
  "TechniqueName": "Command-Line Interface"
}
{
  "Detection": [
    ""
  ], 
  "DetectionText": [
    ""
  ], 
  "Procedure": "", 
  "Step": "2.D.1", 
  "TacticGroup": "Execution", 
  "Technique": "T1059", 
  "TechniqueName": "Command-Line Interface"
}
{
  "Detection": [
    ""
  ], 
  "DetectionText": [
    ""
  ], 
  "Procedure": "", 
  "Step": "2.A.1", 
  "TacticGroup": "Execution", 
  "Technique": "T1059", 
  "TechniqueName": "Command-Line Interface"
}
{
  "Detection": [
    ""
  ], 
  "DetectionText": [
    ""
  ], 
  "Procedure": "", 
  "Step": "2.E.2", 
  "TacticGroup": "Execution", 
  "Technique": "T1059", 
  "TechniqueName": "Command-Line Interface"
}
{
  "Detection": [
    ""
  ], 
  "DetectionText": [
    ""
  ], 
  "Procedure": "", 
  "Step": "2.E.1", 
  "TacticGroup": "Execution", 
  "Technique": "T1059", 
  "TechniqueName": "Command-Line Interface"
}
{
  "Detection": [
    "Telemetry,Tainted"
  ], 
  "DetectionText": [
    "Telemetry showed cmd.exe executing autoupdate.vbs though wscript.exe. The telemetry was tainted by a parent PowerShell alert based on a malicious Invoke-RunAs command."
  ], 
  "Procedure": "Empire: Built-in runas module executed to launch malicious VBScript (autoupdate.vbs) as user Kmitnick ", 
  "Step": "16.F.1", 
  "TacticGroup": "Execution", 
  "Technique": "T1059", 
  "TechniqueName": "Command-Line Interface"
}
{
  "Detection": [
    ""
  ], 
  "DetectionText": [
    ""
  ], 
  "Procedure": "", 
  "Step": "2.F.1", 
  "TacticGroup": "Execution", 
  "Technique": "T1059", 
  "TechniqueName": "Command-Line Interface"
}
{
  "Detection": [
    ""
  ], 
  "DetectionText": [
    ""
  ], 
  "Procedure": "", 
  "Step": "2.F.3", 
  "TacticGroup": "Execution", 
  "Technique": "T1059", 
  "TechniqueName": "Command-Line Interface"
}
{
  "Detection": [
    ""
  ], 
  "DetectionText": [
    ""
  ], 
  "Procedure": "", 
  "Step": "2.F.2", 
  "TacticGroup": "Execution", 
  "Technique": "T1059", 
  "TechniqueName": "Command-Line Interface"
}
{
  "Detection": [
    ""
  ], 
  "DetectionText": [
    ""
  ], 
  "Procedure": "", 
  "Step": "2.G.1", 
  "TacticGroup": "Execution", 
  "Technique": "T1059", 
  "TechniqueName": "Command-Line Interface"
}
{
  "Detection": [
    ""
  ], 
  "DetectionText": [
    ""
  ], 
  "Procedure": "", 
  "Step": "2.H.1", 
  "TacticGroup": "Execution", 
  "Technique": "T1059", 
  "TechniqueName": "Command-Line Interface"
}
{
  "Detection": [
    ""
  ], 
  "DetectionText": [
    ""
  ], 
  "Procedure": "", 
  "Step": "2.C.2 ", 
  "TacticGroup": "Execution", 
  "Technique": "T1059", 
  "TechniqueName": "Command-Line Interface"
}
{
  "Detection": [
    ""
  ], 
  "DetectionText": [
    ""
  ], 
  "Procedure": "", 
  "Step": "7.C.1", 
  "TacticGroup": "Execution", 
  "Technique": "T1059", 
  "TechniqueName": "Command-Line Interface"
}
{
  "Detection": [
    ""
  ], 
  "DetectionText": [
    ""
  ], 
  "Procedure": "", 
  "Step": "8.A.1", 
  "TacticGroup": "Execution", 
  "Technique": "T1059", 
  "TechniqueName": "Command-Line Interface"
}
{
  "Detection": [
    ""
  ], 
  "DetectionText": [
    ""
  ], 
  "Procedure": "", 
  "Step": "8.A.2", 
  "TacticGroup": "Execution", 
  "Technique": "T1059", 
  "TechniqueName": "Command-Line Interface"
}
{
  "Detection": [
    ""
  ], 
  "DetectionText": [
    ""
  ], 
  "Procedure": "", 
  "Step": "2.G.2", 
  "TacticGroup": "Execution", 
  "Technique": "T1059", 
  "TechniqueName": "Command-Line Interface"
}
{
  "Detection": [
    ""
  ], 
  "DetectionText": [
    ""
  ], 
  "Procedure": "", 
  "Step": "4.A.2", 
  "TacticGroup": "Execution", 
  "Technique": "T1059", 
  "TechniqueName": "Command-Line Interface"
}
{
  "Detection": [
    ""
  ], 
  "DetectionText": [
    ""
  ], 
  "Procedure": "", 
  "Step": "6.A.1", 
  "TacticGroup": "Execution", 
  "Technique": "T1059", 
  "TechniqueName": "Command-Line Interface"
}
{
  "Detection": [
    ""
  ], 
  "DetectionText": [
    ""
  ], 
  "Procedure": "", 
  "Step": "4.A.1", 
  "TacticGroup": "Execution", 
  "Technique": "T1059", 
  "TechniqueName": "Command-Line Interface"
}
{
  "Detection": [
    ""
  ], 
  "DetectionText": [
    ""
  ], 
  "Procedure": "", 
  "Step": "4.B.1", 
  "TacticGroup": "Execution", 
  "Technique": "T1059", 
  "TechniqueName": "Command-Line Interface"
}
{
  "Detection": [
    ""
  ], 
  "DetectionText": [
    ""
  ], 
  "Procedure": "", 
  "Step": "4.C.1", 
  "TacticGroup": "Execution", 
  "Technique": "T1059", 
  "TechniqueName": "Command-Line Interface"
}
{
  "Detection": [
    "Enrichment, Tainted", 
    " Telemetry"
  ], 
  "DetectionText": [
    "The capability enriched ipconfig.exe executing with command-line arguments with the correct ATT&CK Tactic (Discovery) and Technique (System Network Configuration Discovery). The data was tainted by a parent PowerShell alert.", 
    " Telemetry showed ipconfig.exe executing with command-line arguments. [CR5]"
  ], 
  "Procedure": "Empire: 'ipconfig /all' via PowerShell", 
  "Step": "12.A.2", 
  "TacticGroup": "Discovery", 
  "Technique": "T1016", 
  "TechniqueName": "System Network Configuration Discovery"
}
{
  "Detection": [
    "Enrichment, Tainted", 
    " Telemetry"
  ], 
  "DetectionText": [
    "The capability enriched netsh.exe executing with the correct ATT&CK Tactic (Discovery) and a related Technique (Security Software Discovery). The data was tainted by a parent Injected Shellcode alert.", 
    " Telemetry showed cmd.exe executing net with command-line arguments. command-line arguments. [CR5]"
  ], 
  "Procedure": "Cobalt Strike: 'netsh advfirewall show allprofiles' via cmd", 
  "Step": "4.B.1", 
  "TacticGroup": "Discovery", 
  "Technique": "T1016", 
  "TechniqueName": "System Network Configuration Discovery"
}
{
  "Detection": [
    "Telemetry, Tainted"
  ], 
  "DetectionText": [
    "Telemetry showed route.exe executing with command-line arguments. The telemetry was tainted by a parent PowerShell alert."
  ], 
  "Procedure": "Empire: 'route print' via PowerShell", 
  "Step": "12.A.1", 
  "TacticGroup": "Discovery", 
  "Technique": "T1016", 
  "TechniqueName": "System Network Configuration Discovery"
}
{
  "Detection": [
    "Telemetry, Tainted"
  ], 
  "DetectionText": [
    "Telemetry showed arp.exe executing with command-line arguments. The telemetry was tainted by a parent Injected Shellcode alert."
  ], 
  "Procedure": "Cobalt Strike: 'arp -a' via cmd", 
  "Step": "2.A.2", 
  "TacticGroup": "Discovery", 
  "Technique": "T1016", 
  "TechniqueName": "System Network Configuration Discovery"
}
{
  "Detection": [
    "Enrichment, Tainted", 
    "Telemetry"
  ], 
  "DetectionText": [
    "The capability enriched cmd.exe executing ipconfig.exe with the correct ATT&CK Tactic (Discovery) and Technique (System Network Configuration Discovery). The data was tainted by a parent Injected Shellcode alert.", 
    " Telemetry showed cmd.exe executing ipconfig with command-line arguments."
  ], 
  "Procedure": "Cobalt Strike: 'ipconfig /all' via cmd", 
  "Step": "2.A.1", 
  "TacticGroup": "Discovery", 
  "Technique": "T1016", 
  "TechniqueName": "System Network Configuration Discovery"
}
{
  "Detection": [
    "None"
  ], 
  "DetectionText": [
    "No detection capability demonstrated for this procedure."
  ], 
  "Procedure": "Empire: WinEnum module included enumeration of network adapters", 
  "Step": "12.E.1.11", 
  "TacticGroup": "Discovery", 
  "Technique": "T1016", 
  "TechniqueName": "System Network Configuration Discovery"
}
{
  "Detection": [
    "None"
  ], 
  "DetectionText": [
    "No detection capability demonstrated for this procedure."
  ], 
  "Procedure": "Empire: WinEnum module included enumeration of system information", 
  "Step": "12.E.1.6.1", 
  "TacticGroup": "Discovery", 
  "Technique": "T1082", 
  "TechniqueName": "System Information Discovery"
}
{
  "Detection": [
    "None"
  ], 
  "DetectionText": [
    "No detection capability demonstrated for this procedure."
  ], 
  "Procedure": "Empire: WinEnum module included enumeration of Windows update information", 
  "Step": "12.E.1.6.2", 
  "TacticGroup": "Discovery", 
  "Technique": "T1082", 
  "TechniqueName": "System Information Discovery"
}
{
  "Detection": [
    "Telemetry", 
    "Enrichment, Tainted"
  ], 
  "DetectionText": [
    "Telemetry showed cmd.exe executing net with command-line arguments. ", 
    " The capability enriched net.exe executing with the correct ATT&CK Tactic (Discovery) and Technique (System Information Discovery). The data was tainted by a parent Injected Shellcode alert."
  ], 
  "Procedure": "Cobalt Strike: 'net config workstation' via cmd", 
  "Step": "2.E.2", 
  "TacticGroup": "Discovery", 
  "Technique": "T1082", 
  "TechniqueName": "System Information Discovery"
}
{
  "Detection": [
    "Enrichment, Tainted", 
    "Telemetry"
  ], 
  "DetectionText": [
    "The capability enriched systeminfo.exe executing with the correct ATT&CK Tactic (Discovery) and Technique (System Information Discovery). The data was tainted by a parent Injected Shellcode alert.", 
    " Telemetry showed cmd.exe executing systeminfo with command-line arguments."
  ], 
  "Procedure": "Cobalt Strike: 'systeminfo' via cmd", 
  "Step": "2.E.1", 
  "TacticGroup": "Discovery", 
  "Technique": "T1082", 
  "TechniqueName": "System Information Discovery"
}
{
  "Detection": [
    "Telemetry"
  ], 
  "DetectionText": [
    "Telemetry showed lsass.exe creating a Registry key for user Jesse, indicating that the user is new."
  ], 
  "Procedure": "Added user Jesse to Conficker (10.0.0.5) through RDP connection", 
  "Step": "7.A.1", 
  "TacticGroup": "Persistence", 
  "Technique": "T1136", 
  "TechniqueName": "Create Account"
}
{
  "Detection": [
    "Specific Behavior, Tainted", 
    " Telemetry"
  ], 
  "DetectionText": [
    "A Specific Behavior alert was generated for the unconventional creation of a new service with the correct ATT&CK Technique (New Service) and Tactic (Persistence, Privilege Escalation). The alert was tainted by a parent PowerShell alert.", 
    " Telemetry showed sc.exe executing with command-line arguments.[CR3]"
  ], 
  "Procedure": "Empire: 'sc create' via PowerShell to remotely create a service on Creeper (10.0.0.4)", 
  "Step": "16.I.1", 
  "TacticGroup": "Persistence, Privilege Escalation", 
  "Technique": "T1050", 
  "TechniqueName": "New Service"
}
{
  "Detection": [
    "None"
  ], 
  "DetectionText": [
    "No detection capability demonstrated for this procedure.\u00a0"
  ], 
  "Procedure": "Empire: 'get-content' via PowerShell to collect sensitive file (it_tasks.txt) from a network shared drive (Wormshare) on Conficker (10.0.0.5)", 
  "Step": "15.B.1", 
  "TacticGroup": "Execution", 
  "Technique": "T1081", 
  "TechniqueName": "Credentials in Files"
}
{
  "Detection": [
    ""
  ], 
  "DetectionText": [
    ""
  ], 
  "Procedure": "", 
  "Step": "13.C.1", 
  "TacticGroup": "Execution", 
  "Technique": "T1086", 
  "TechniqueName": "PowerShell"
}
{
  "Detection": [
    ""
  ], 
  "DetectionText": [
    ""
  ], 
  "Procedure": "", 
  "Step": "16.A.1", 
  "TacticGroup": "Execution", 
  "Technique": "T1086", 
  "TechniqueName": "PowerShell"
}
{
  "Detection": [
    ""
  ], 
  "DetectionText": [
    ""
  ], 
  "Procedure": "", 
  "Step": "12.F.1", 
  "TacticGroup": "Execution", 
  "Technique": "T1086", 
  "TechniqueName": "PowerShell"
}
{
  "Detection": [
    ""
  ], 
  "DetectionText": [
    ""
  ], 
  "Procedure": "", 
  "Step": "16.G.1", 
  "TacticGroup": "Execution", 
  "Technique": "T1086", 
  "TechniqueName": "PowerShell"
}
{
  "Detection": [
    ""
  ], 
  "DetectionText": [
    ""
  ], 
  "Procedure": "", 
  "Step": "17.B.2", 
  "TacticGroup": "Execution", 
  "Technique": "T1086", 
  "TechniqueName": "PowerShell"
}
{
  "Detection": [
    ""
  ], 
  "DetectionText": [
    ""
  ], 
  "Procedure": "", 
  "Step": "12.F.2", 
  "TacticGroup": "Execution", 
  "Technique": "T1086", 
  "TechniqueName": "PowerShell"
}
{
  "Detection": [
    ""
  ], 
  "DetectionText": [
    ""
  ], 
  "Procedure": "", 
  "Step": "17.C.1", 
  "TacticGroup": "Execution", 
  "Technique": "T1086", 
  "TechniqueName": "PowerShell"
}
{
  "Detection": [
    ""
  ], 
  "DetectionText": [
    ""
  ], 
  "Procedure": "", 
  "Step": "12.G.1", 
  "TacticGroup": "Execution", 
  "Technique": "T1086", 
  "TechniqueName": "PowerShell"
}
{
  "Detection": [
    ""
  ], 
  "DetectionText": [
    ""
  ], 
  "Procedure": "", 
  "Step": "12.G.2", 
  "TacticGroup": "Execution", 
  "Technique": "T1086", 
  "TechniqueName": "PowerShell"
}
{
  "Detection": [
    ""
  ], 
  "DetectionText": [
    ""
  ], 
  "Procedure": "", 
  "Step": "17.B.1", 
  "TacticGroup": "Execution", 
  "Technique": "T1086", 
  "TechniqueName": "PowerShell"
}
{
  "Detection": [
    ""
  ], 
  "DetectionText": [
    ""
  ], 
  "Procedure": "", 
  "Step": "12.D.1", 
  "TacticGroup": "Execution", 
  "Technique": "T1086", 
  "TechniqueName": "PowerShell"
}
{
  "Detection": [
    ""
  ], 
  "DetectionText": [
    ""
  ], 
  "Procedure": "", 
  "Step": "17.A.1", 
  "TacticGroup": "Execution", 
  "Technique": "T1086", 
  "TechniqueName": "PowerShell"
}
{
  "Detection": [
    ""
  ], 
  "DetectionText": [
    ""
  ], 
  "Procedure": "", 
  "Step": "18.A.1", 
  "TacticGroup": "Execution", 
  "Technique": "T1086", 
  "TechniqueName": "PowerShell"
}
{
  "Detection": [
    ""
  ], 
  "DetectionText": [
    ""
  ], 
  "Procedure": "", 
  "Step": "12.E.1", 
  "TacticGroup": "Execution", 
  "Technique": "T1086", 
  "TechniqueName": "PowerShell"
}
{
  "Detection": [
    ""
  ], 
  "DetectionText": [
    ""
  ], 
  "Procedure": "", 
  "Step": "12.C.1", 
  "TacticGroup": "Execution", 
  "Technique": "T1086", 
  "TechniqueName": "PowerShell"
}
{
  "Detection": [
    ""
  ], 
  "DetectionText": [
    ""
  ], 
  "Procedure": "", 
  "Step": "12.B.1", 
  "TacticGroup": "Execution", 
  "Technique": "T1086", 
  "TechniqueName": "PowerShell"
}
{
  "Detection": [
    ""
  ], 
  "DetectionText": [
    ""
  ], 
  "Procedure": "", 
  "Step": "18.B.1", 
  "TacticGroup": "Execution", 
  "Technique": "T1086", 
  "TechniqueName": "PowerShell"
}
{
  "Detection": [
    ""
  ], 
  "DetectionText": [
    ""
  ], 
  "Procedure": "", 
  "Step": "16.E.1", 
  "TacticGroup": "Execution", 
  "Technique": "T1086", 
  "TechniqueName": "PowerShell"
}
{
  "Detection": [
    ""
  ], 
  "DetectionText": [
    ""
  ], 
  "Procedure": "", 
  "Step": "16.D.1", 
  "TacticGroup": "Execution", 
  "Technique": "T1086", 
  "TechniqueName": "PowerShell"
}
{
  "Detection": [
    ""
  ], 
  "DetectionText": [
    ""
  ], 
  "Procedure": "", 
  "Step": "16.K.1", 
  "TacticGroup": "Execution", 
  "Technique": "T1086", 
  "TechniqueName": "PowerShell"
}
{
  "Detection": [
    ""
  ], 
  "DetectionText": [
    ""
  ], 
  "Procedure": "", 
  "Step": "11.A.1", 
  "TacticGroup": "Execution", 
  "Technique": "T1086", 
  "TechniqueName": "PowerShell"
}
{
  "Detection": [
    ""
  ], 
  "DetectionText": [
    ""
  ], 
  "Procedure": "", 
  "Step": "16.H.1", 
  "TacticGroup": "Execution", 
  "Technique": "T1086", 
  "TechniqueName": "PowerShell"
}
{
  "Detection": [
    ""
  ], 
  "DetectionText": [
    ""
  ], 
  "Procedure": "", 
  "Step": "12.A.2", 
  "TacticGroup": "Execution", 
  "Technique": "T1086", 
  "TechniqueName": "PowerShell"
}
{
  "Detection": [
    ""
  ], 
  "DetectionText": [
    ""
  ], 
  "Procedure": "", 
  "Step": "19.D.1", 
  "TacticGroup": "Execution", 
  "Technique": "T1086", 
  "TechniqueName": "PowerShell"
}
{
  "Detection": [
    ""
  ], 
  "DetectionText": [
    ""
  ], 
  "Procedure": "", 
  "Step": "19.D.2", 
  "TacticGroup": "Execution", 
  "Technique": "T1086", 
  "TechniqueName": "PowerShell"
}
{
  "Detection": [
    ""
  ], 
  "DetectionText": [
    ""
  ], 
  "Procedure": "", 
  "Step": "12.A.1", 
  "TacticGroup": "Execution", 
  "Technique": "T1086", 
  "TechniqueName": "PowerShell"
}
{
  "Detection": [
    ""
  ], 
  "DetectionText": [
    ""
  ], 
  "Procedure": "", 
  "Step": "16.I.1", 
  "TacticGroup": "Execution", 
  "Technique": "T1086", 
  "TechniqueName": "PowerShell"
}
{
  "Detection": [
    ""
  ], 
  "DetectionText": [
    ""
  ], 
  "Procedure": "", 
  "Step": "16.J.1", 
  "TacticGroup": "Execution", 
  "Technique": "T1086", 
  "TechniqueName": "PowerShell"
}
{
  "Detection": [
    ""
  ], 
  "DetectionText": [
    ""
  ], 
  "Procedure": "", 
  "Step": "16.B.1", 
  "TacticGroup": "Execution", 
  "Technique": "T1086", 
  "TechniqueName": "PowerShell"
}
{
  "Detection": [
    ""
  ], 
  "DetectionText": [
    ""
  ], 
  "Procedure": "", 
  "Step": "15.B.1", 
  "TacticGroup": "Execution", 
  "Technique": "T1086", 
  "TechniqueName": "PowerShell"
}
{
  "Detection": [
    ""
  ], 
  "DetectionText": [
    ""
  ], 
  "Procedure": "", 
  "Step": "13.B.1", 
  "TacticGroup": "Execution", 
  "Technique": "T1086", 
  "TechniqueName": "PowerShell"
}
{
  "Detection": [
    ""
  ], 
  "DetectionText": [
    ""
  ], 
  "Procedure": "", 
  "Step": "13.B.2", 
  "TacticGroup": "Execution", 
  "Technique": "T1086", 
  "TechniqueName": "PowerShell"
}
{
  "Detection": [
    ""
  ], 
  "DetectionText": [
    ""
  ], 
  "Procedure": "", 
  "Step": "13.A.1", 
  "TacticGroup": "Execution", 
  "Technique": "T1086", 
  "TechniqueName": "PowerShell"
}
{
  "Detection": [
    ""
  ], 
  "DetectionText": [
    ""
  ], 
  "Procedure": "", 
  "Step": "16.C.1", 
  "TacticGroup": "Execution", 
  "Technique": "T1086", 
  "TechniqueName": "PowerShell"
}
{
  "Detection": [
    ""
  ], 
  "DetectionText": [
    ""
  ], 
  "Procedure": "", 
  "Step": "16.L.1", 
  "TacticGroup": "Execution", 
  "Technique": "T1086", 
  "TechniqueName": "PowerShell"
}
{
  "Detection": [
    "Telemetry"
  ], 
  "DetectionText": [
    "Telemetry showed mmc.exe, the Microsoft Management Console, executing the lusrmgr.msc (Local Users and Groups snap-in) which displays local account information."
  ], 
  "Procedure": "Microsoft Management Console (Local Users and Groups snap-in) GUI utility displayed user account information", 
  "Step": "7.A.1", 
  "TacticGroup": "Discovery", 
  "Technique": "T1087", 
  "TechniqueName": "Account Discovery"
}
{
  "Detection": [
    "General Behavior, Tainted", 
    " Telemetry"
  ], 
  "DetectionText": [
    "A General Behavior alert was generated for net.exe conducting suspicious activity related to Discovery/Privilege Escalation as well as being a descendant of a suspicious process. The alert was also tagged with the correct ATT&CK Tactic (Discovery) and Technique (Account Discovery). The alert was tainted by a parent PowerShell alert.", 
    "Telemetry showed net.exe executing with command-line arguments. [CR3]"
  ], 
  "Procedure": "Empire: 'net user /domain' via PowerShell", 
  "Step": "12.G.2", 
  "TacticGroup": "Discovery", 
  "Technique": "T1087", 
  "TechniqueName": "Account Discovery"
}
{
  "Detection": [
    "Telemetry ", 
    " Enrichment, Tainted"
  ], 
  "DetectionText": [
    "Telemetry showed cmd.exe executing net with command-line arguments. ", 
    "The capability enriched net.exe executing with the correct ATT&CK Technique (Account Discovery). The data was tainted by a parent Injected Shellcode alert"
  ], 
  "Procedure": "Cobalt Strike: 'net user /domain' via cmd", 
  "Step": "2.G.1", 
  "TacticGroup": "Discovery", 
  "Technique": "T1087", 
  "TechniqueName": "Account Discovery"
}
{
  "Detection": [
    "Telemetry ", 
    " Enrichment, Tainted"
  ], 
  "DetectionText": [
    "Telemetry showed cmd.exe executing net with command-line arguments. ", 
    "The capability enriched net.exe executing with the correct ATT&CK Technique (Account Discovery). The data was tainted by a parent Injected Shellcode alert"
  ], 
  "Procedure": "Cobalt Strike: 'net user george /domain' via cmd", 
  "Step": "2.G.2", 
  "TacticGroup": "Discovery", 
  "Technique": "T1087", 
  "TechniqueName": "Account Discovery"
}
{
  "Detection": [
    "General Behavior, Tainted", 
    " Telemetry"
  ], 
  "DetectionText": [
    "A General Behavior alert was generated for net.exe conducting suspicious activity related to Discovery/Privilege Escalation as well as being a descendant of a suspicious process. The alert was also tagged with the correct ATT&CK Tactic (Discovery) and Technique (Account Discovery). The alert was tainted by a parent PowerShell alert.", 
    "Telemetry showed net.exe executing with command-line arguments. [CR3]"
  ], 
  "Procedure": "Empire: 'net user' via PowerShell", 
  "Step": "12.G.1", 
  "TacticGroup": "Discovery", 
  "Technique": "T1087", 
  "TechniqueName": "Account Discovery"
}
{
  "Detection": [
    "Specific Behavior, Tainted", 
    " Telemetry, Tainted", 
    "Specific Behavior, Tainted"
  ], 
  "DetectionText": [
    "A Specific Behavior alert was generated for rundll32.exe launching a module in a temporary folder and injecting shell code into a victim process. The alert was tainted by a parent alert on explorer.exe attempting to execute a file (Resume Viewer.exe) identified as malicious.", 
    " Telemetry within the rundll32.exe injection alert also showed full command-line arguments of rundll32.exe executing update.dat. The telemetry was tainted by a parent alert on explorer.exe attempting to execute a file (Resume Viewer.exe) identified as malicious. [CR4]", 
    " A Specific Behavior alert was generated for injected shellcode by a compromised legitimate process (rundll32.exe). The alert was tagged with the correct ATT&CK Tactic (Defense Evasion) and a related Technique (Process Injection) and was tainted by parent alert on rundll32.exe injection."
  ], 
  "Procedure": "Previously executed batch file (pdfhelper.cmd) launched a DLL payload (update.dat) using Rundll32", 
  "Step": "1.A.1", 
  "TacticGroup": "Execution", 
  "Technique": "T1085", 
  "TechniqueName": "Rundll32"
}
{
  "Detection": [
    "Telemetry, Tainted"
  ], 
  "DetectionText": [
    "Telemetry showed powershell.exe running as medium integrity as user Debbie then another instance running later as high integrity as user Debbie. The telemetry is tainted by a parent PowerShell alert."
  ], 
  "Procedure": "Cobalt Strike: Built-in UAC bypass token duplication capability executed to elevate process integrity level", 
  "Step": "3.A.1", 
  "TacticGroup": "Defense Evasion, Privilege Escalation", 
  "Technique": "T1088", 
  "TechniqueName": "Bypass User Account Control"
}
{
  "Detection": [
    "Telemetry, Tainted"
  ], 
  "DetectionText": [
    "Telemetry showed an integrity level change from medium to high for powershell.exe, which is indicative of\u00a0bypass UAC. The telemetry was tainted by a parent Malicious use of PowerShell alert."
  ], 
  "Procedure": "Empire: Built-in UAC bypass token duplication module executed to launch new callback with elevated process integrity level", 
  "Step": "14.A.1", 
  "TacticGroup": "Defense Evasion, Privilege Escalation", 
  "Technique": "T1088", 
  "TechniqueName": "Bypass User Account Control"
}
{
  "Detection": [
    "None"
  ], 
  "DetectionText": [
    "No detection capability demonstrated for this procedure."
  ], 
  "Procedure": "Cobalt Strike: 'ps' (Process status) via Win32 APIs", 
  "Step": "2.C.1", 
  "TacticGroup": "Discovery", 
  "Technique": "T1057", 
  "TechniqueName": "Process Discovery"
}
{
  "Detection": [
    "Telemetry, Tainted"
  ], 
  "DetectionText": [
    "Telemetry showed cmd.exe executing tasklist with command-line arguments. The telemetry was tainted by a parent Injected Shellcode alert."
  ], 
  "Procedure": "Cobalt Strike: 'tasklist /v' via cmd", 
  "Step": "2.C.2 ", 
  "TacticGroup": "Discovery", 
  "Technique": "T1057", 
  "TechniqueName": "Process Discovery"
}
{
  "Detection": [
    "None"
  ], 
  "DetectionText": [
    "No detection capability demonstrated for this procedure."
  ], 
  "Procedure": "Cobalt Strike: 'ps' (Process status) via Win32 APIs", 
  "Step": "3.B.1", 
  "TacticGroup": "Discovery", 
  "Technique": "T1057", 
  "TechniqueName": "Process Discovery"
}
{
  "Detection": [
    "None"
  ], 
  "DetectionText": [
    "No detection capability demonstrated for this procedure."
  ], 
  "Procedure": "Cobalt Strike: 'ps' (Process status) via Win32 APIs", 
  "Step": "8.B.1", 
  "TacticGroup": "Discovery", 
  "Technique": "T1057", 
  "TechniqueName": "Process Discovery"
}
{
  "Detection": [
    "Enrichment, Tainted", 
    " Telemetry"
  ], 
  "DetectionText": [
    "The capability enriched qprocess.exe executing as Reconnaissance and Local process discovery as well as the correct ATT&CK Technique (Process Discovery) and Tactic (Discovery). The data was tainted by a parent PowerShell alert.", 
    " Telemetry showed qprocess.exe executing with command-line arguments. [CR5]"
  ], 
  "Procedure": "Empire: 'qprocess *' via PowerShell", 
  "Step": "12.C.1", 
  "TacticGroup": "Discovery", 
  "Technique": "T1057", 
  "TechniqueName": "Process Discovery"
}
{
  "Detection": [
    "Telemetry, Tainted"
  ], 
  "DetectionText": [
    "Telemetry showed recycler.exe with full command-line arguments, including the use of the -hp flag to encrypt and compress data, indicating the WinRAR utility was in use. The telemetry was tainted by a parent PowerShell alert."
  ], 
  "Procedure": "Empire: Executed binary (recycler.exe) created encrypted archive (old.rar) of previously collected file", 
  "Step": "19.B.1", 
  "TacticGroup": "Exfiltration", 
  "Technique": "T1022", 
  "TechniqueName": "Data Encrypted"
}
{
  "Detection": [
    ""
  ], 
  "DetectionText": [
    ""
  ], 
  "Procedure": "", 
  "Step": "8.C.1", 
  "TacticGroup": "Execution", 
  "Technique": "T1106", 
  "TechniqueName": "Execution through API"
}
{
  "Detection": [
    ""
  ], 
  "DetectionText": [
    ""
  ], 
  "Procedure": "", 
  "Step": "3.B.1", 
  "TacticGroup": "Execution", 
  "Technique": "T1106", 
  "TechniqueName": "Execution through API"
}
{
  "Detection": [
    ""
  ], 
  "DetectionText": [
    ""
  ], 
  "Procedure": "", 
  "Step": "8.B.1", 
  "TacticGroup": "Execution", 
  "Technique": "T1106", 
  "TechniqueName": "Execution through API"
}
{
  "Detection": [
    ""
  ], 
  "DetectionText": [
    ""
  ], 
  "Procedure": "", 
  "Step": "9.B.1", 
  "TacticGroup": "Execution", 
  "Technique": "T1106", 
  "TechniqueName": "Execution through API"
}
{
  "Detection": [
    ""
  ], 
  "DetectionText": [
    ""
  ], 
  "Procedure": "", 
  "Step": "8.D.1", 
  "TacticGroup": "Execution", 
  "Technique": "T1106", 
  "TechniqueName": "Execution through API"
}
{
  "Detection": [
    ""
  ], 
  "DetectionText": [
    ""
  ], 
  "Procedure": "", 
  "Step": "9.A.1", 
  "TacticGroup": "Execution", 
  "Technique": "T1106", 
  "TechniqueName": "Execution through API"
}
{
  "Detection": [
    ""
  ], 
  "DetectionText": [
    ""
  ], 
  "Procedure": "", 
  "Step": "2.C.1", 
  "TacticGroup": "Execution", 
  "Technique": "T1106", 
  "TechniqueName": "Execution through API"
}
{
  "Detection": [
    ""
  ], 
  "DetectionText": [
    ""
  ], 
  "Procedure": "", 
  "Step": "12.E.1", 
  "TacticGroup": "Execution", 
  "Technique": "T1106", 
  "TechniqueName": "Execution through API"
}
{
  "Detection": [
    "Telemetry, Tainted"
  ], 
  "DetectionText": [
    "Telemetry showed the same rundll32.exe opening a connection over port 80 while making DNS queries to freegoogleadsenseinfo.com (C2 domain). The telemetry was tainted by a parent Injected Shellcode alert listed as the owner process."
  ], 
  "Procedure": "Cobalt Strike: C2 channel modified to split communications between both HTTP and DNS", 
  "Step": "6.B.1", 
  "TacticGroup": "Command and Control", 
  "Technique": "T1026", 
  "TechniqueName": "Multiband Communication"
}
{
  "Detection": [
    "Specific Behavior, Tainted", 
    " Telemetry"
  ], 
  "DetectionText": [
    "A Specific Behavior alert was generated for net.exe attempting to mount an administrative share. The alert was tagged with the correct ATT&CK Tactic (Lateral Movement) and Technique (Windows Admin Shares) in addition to labeling net.exe as having a High Internal Outgoing Embryonic Connection Rate (meaning 25% of the internal network connections did not receive a response). The alert was tainted by a parent PowerShell alert.", 
    " Telemetry showed net.exe executing with command-line arguments.[CR3]"
  ], 
  "Procedure": "Empire: Successful authentication targeted Windows admin share on Conficker (10.0.0.5) ", 
  "Step": "16.B.1", 
  "TacticGroup": "Lateral Movement", 
  "Technique": "T1077", 
  "TechniqueName": "Windows Admin Shares"
}
{
  "Detection": [
    "Specific Behavior, Tainted", 
    " Telemetry"
  ], 
  "DetectionText": [
    "A Specific Behavior alert was generated for net.exe attempting to mount an administrative share. The alert was tagged with the correct ATT&CK Tactic (Lateral Movement) and Technique (Windows Admin Shares). The alert was tainted by a parent PowerShell alert.", 
    " Telemetry showed net.exe executing with command-line arguments.[CR3]"
  ], 
  "Procedure": "Empire: Successful authentication targeted Windows admin shares on Conficker (10.0.0.5)", 
  "Step": "16.D.1", 
  "TacticGroup": "Lateral Movement", 
  "Technique": "T1077", 
  "TechniqueName": "Windows Admin Shares"
}
{
  "Detection": [
    "Specific Behavior, Tainted", 
    " Telemetry"
  ], 
  "DetectionText": [
    "A Specific Behavior alert was generated for net.exe attempting to mount an administrative share. The alert was tagged with the correct ATT&CK Tactic (Lateral Movement) and Technique (Windows Admin Shares) in addition to labeling net.exe as having a High Internal Outgoing Embryonic Connection Rate (meaning 25% of the internal network connections did not receive a response). The alert was tainted by a parent PowerShell alert.", 
    " Telemetry showed net.exe executing with command-line arguments.[CR3]"
  ], 
  "Procedure": "Empire: Brute force password spraying attempts targeted Windows admin shares on Morris (10.0.1.4) and Nimda (10.0.1.6)", 
  "Step": "16.A.1", 
  "TacticGroup": "Lateral Movement", 
  "Technique": "T1077", 
  "TechniqueName": "Windows Admin Shares"
}
{
  "Detection": [
    "Enrichment, Tainted", 
    "Telemetry, Tainted"
  ], 
  "DetectionText": [
    "The capability enriched rundll32.exe opening a connection to the C2 server over a \\\"HTTP port\\\" with the correct ATT&CK Tactic (Command and Control) and the Technique (Commonly Used Port). The data was tainted by a parent Injected Shellcode alert. ", 
    "Telemetry showed rundll32.exe opening a connection over port 80. The telemetry was tainted by a parent Injected Shellcode alert listed as the owner process."
  ], 
  "Procedure": "Cobalt Strike: C2 channel modified to use port 80", 
  "Step": "6.B.1", 
  "TacticGroup": "Command and Control", 
  "Technique": "T1043", 
  "TechniqueName": "Commonly Used Port"
}
{
  "Detection": [
    "Telemetry"
  ], 
  "DetectionText": [
    "Telemetry showed port 53 command and control traffic."
  ], 
  "Procedure": "Cobalt Strike: C2 channel established using port 53", 
  "Step": "1.C.1", 
  "TacticGroup": "Command and Control", 
  "Technique": "T1043", 
  "TechniqueName": "Commonly Used Port"
}
{
  "Detection": [
    "Specific Behavior, Tainted", 
    " Telemetry"
  ], 
  "DetectionText": [
    "A Specific Behavior alert was generated for powershell.exe executed as a PowerShell downloader. The alert was tagged with the correct ATT&CK Tactic (Command and Control) and the Technique (Commonly Used Port). Data also showed decoded PowerShell commands extracted from the command-line arguments showing a connection over port 8080 with a HTTP request to download the wdbypass payload. The alert was tainted by a parent PowerShell alert.", 
    " Telemetry showed powershell.exe making a network connection over port 8080. [CR3]"
  ], 
  "Procedure": "Empire: UAC bypass module downloaded a new Empire stager (wdbypass) over port 8080", 
  "Step": "14.A.1", 
  "TacticGroup": "Command and Control", 
  "Technique": "T1043", 
  "TechniqueName": "Commonly Used Port"
}
{
  "Detection": [
    "Enrichment, Tainted", 
    "Telemetry, Tainted"
  ], 
  "DetectionText": [
    "The capability enriched powershell.exe as making a connection over a \u201dHTTP Port\u201d. The data was tagged with the correct ATT&CK Technique (Commonly Used Port) and Tactic (Command and Control) and was tainted by a parent PowerShell alert. ", 
    "Telemetry showed powershell.exe making an outgoing connection on TCP port 443 to 192.168.0.5 (C2 Server). Telemetry also showed decoded command-line arguments to perform a HTTPS connection to freegoogleadsenseinfo.com (C2 domain) over port 443. The telemetry was tainted by a parent PowerShell alert."
  ], 
  "Procedure": "Empire: C2 channel established using port 443", 
  "Step": "11.B.1", 
  "TacticGroup": "Command and Control", 
  "Technique": "T1043", 
  "TechniqueName": "Commonly Used Port"
}
{
  "Detection": [
    "General Behavior, Tainted", 
    " Telemetry"
  ], 
  "DetectionText": [
    "A General Behavior alert was generated for net.exe conducting suspicious activity related to Discovery/Privilege Escalation as well as being a descendant of a suspicious process. The alert was tainted by a parent PowerShell alert.", 
    " Telemetry showed net.exe executing with command-line arguments.[CR3]"
  ], 
  "Procedure": "Empire: 'net use /delete' via PowerShell", 
  "Step": "16.C.1", 
  "TacticGroup": "Defense Evasion", 
  "Technique": "T1126", 
  "TechniqueName": "Network Share Connection Removal"
}
{
  "Detection": [
    "Telemetry, Tainted"
  ], 
  "DetectionText": [
    "Telemetry showed a deletion event for old.rar via powershell.exe. The telemetry was tainted by a parent PowerShell alert listed as the owner process."
  ], 
  "Procedure": "Empire: 'del C:\\\"$\"Recycle.bin\\old.rar'", 
  "Step": "19.D.1", 
  "TacticGroup": "Defense Evasion", 
  "Technique": "T1107", 
  "TechniqueName": "File Deletion"
}
{
  "Detection": [
    "Telemetry, Tainted"
  ], 
  "DetectionText": [
    "Telemetry showed a deletion event for recycler.exe via powershell.exe. The telemetry was tainted by a parent PowerShell alert listed as the owner process."
  ], 
  "Procedure": "Empire: 'del recycler.exe'", 
  "Step": "19.D.2", 
  "TacticGroup": "Defense Evasion", 
  "Technique": "T1107", 
  "TechniqueName": "File Deletion"
}
{
  "Detection": [
    "None"
  ], 
  "DetectionText": [
    "No detection capability demonstrated for this procedure."
  ], 
  "Procedure": "Empire: WinEnum module included enumeration of AD group memberships", 
  "Step": "12.E.1.2", 
  "TacticGroup": "Discovery", 
  "Technique": "T1069", 
  "TechniqueName": "Permission Groups Discovery"
}
{
  "Detection": [
    "General Behavior, Tainted", 
    " Telemetry"
  ], 
  "DetectionText": [
    "A General Behavior alert was generated for net.exe conducting suspicious activity related to Discovery/Privilege Escalation as well as being a descendant of a suspicious process. The alert was also tagged with the correct ATT&CK Tactic (Discovery) and Technique (Permission Groups Discovery). The alert was tainted by a parent PowerShell alert.", 
    " Telemetry showed net.exe executing with command-line arguments. [CR3]"
  ], 
  "Procedure": "Empire: 'net group \"Domain Admins\" /domain' via PowerShell", 
  "Step": "12.F.1", 
  "TacticGroup": "Discovery", 
  "Technique": "T1069", 
  "TechniqueName": "Permission Groups Discovery"
}
{
  "Detection": [
    "General Behavior, Tainted", 
    " Telemetry"
  ], 
  "DetectionText": [
    "A General Behavior alert was generated for net.exe conducting suspicious activity related to Discovery/Privilege Escalation as well as being a descendant of a suspicious process. The alert was also tagged with the correct ATT&CK Tactic (Discovery) and Technique (Permission Groups Discovery). The alert was tainted by a parent PowerShell alert.", 
    "Telemetry showed net.exe executing with command-line arguments. [CR3]"
  ], 
  "Procedure": "Empire: 'net localgroup administrators' via PowerShell", 
  "Step": "12.F.2", 
  "TacticGroup": "Discovery", 
  "Technique": "T1069", 
  "TechniqueName": "Permission Groups Discovery"
}
{
  "Detection": [
    "Telemetry ", 
    " Enrichment, Tainted"
  ], 
  "DetectionText": [
    "Telemetry showed cmd.exe executing net with command-line arguments.", 
    " The capability enriched net.exe executing with the correct ATT&CK Tactic (Permission Groups Discovery) and Technique (Discovery). The data was tainted by a parent Injected Shellcode alert."
  ], 
  "Procedure": "Cobalt Strike: 'net localgroup administrators' via cmd", 
  "Step": "2.F.1", 
  "TacticGroup": "Discovery", 
  "Technique": "T1069", 
  "TechniqueName": "Permission Groups Discovery"
}
{
  "Detection": [
    "Telemetry ", 
    " General Behavior, Tainted"
  ], 
  "DetectionText": [
    "Telemetry showed cmd.exe executing net with command-line arguments.", 
    " A General Behavior alert was generated for net.exe conducting suspicious activity related to Discovery/Privilege Escalation as well as being a descendant of a suspicious process. The alert was also tagged with the correct ATT&CK Tactic (Permission Groups Discovery) and Technique (Discovery). The alert was tainted by a parent Injected Shellcode alert."
  ], 
  "Procedure": "Cobalt Strike: 'net group \"Domain Admins\" /domain' via cmd", 
  "Step": "2.F.3", 
  "TacticGroup": "Discovery", 
  "Technique": "T1069", 
  "TechniqueName": "Permission Groups Discovery"
}
{
  "Detection": [
    "Telemetry ", 
    " Enrichment, Tainted"
  ], 
  "DetectionText": [
    "Telemetry showed cmd.exe executing net with command-line arguments.", 
    " The capability enriched net.exe executing with the correct ATT&CK Tactic (Permission Groups Discovery) and Technique (Discovery). The data was tainted by a parent Injected Shellcode alert."
  ], 
  "Procedure": "Cobalt Strike: 'net localgroup administrators /domain' via cmd", 
  "Step": "2.F.2", 
  "TacticGroup": "Discovery", 
  "Technique": "T1069", 
  "TechniqueName": "Permission Groups Discovery"
}
{
  "Detection": [
    "Telemetry, Tainted"
  ], 
  "DetectionText": [
    "Telemetry showed the file creation of recycler.exe by powershell.exe. The telemetry was tainted by a parent PowerShell alert listed as the owner process."
  ], 
  "Procedure": "Empire: Built-in upload module executed to write binary (recycler.exe) to disk on CodeRed (10.0.1.5)", 
  "Step": "19.A.1", 
  "TacticGroup": "Command and Control, Lateral Movement", 
  "Technique": "T1105", 
  "TechniqueName": "Remote File Copy"
}
{
  "Detection": [
    "Telemetry, Tainted"
  ], 
  "DetectionText": [
    "Telemetry showed the creation of updater.dll. Telemetry was tainted by a parent alert on cmd.exe (listed as the owner process) generated based on updater.dll being detected as known malware."
  ], 
  "Procedure": "Cobalt Strike: Built-in upload capability executed to write a DLL payload (updater.dll) to disk on Nimda (10.0.1.6)", 
  "Step": "7.B.1", 
  "TacticGroup": "Command and Control, Lateral Movement", 
  "Technique": "T1105", 
  "TechniqueName": "Remote File Copy"
}
{
  "Detection": [
    "Telemetry, Tainted"
  ], 
  "DetectionText": [
    "Telemetry showed the file write of autoupdate.vbs. The telemetry was tainted by a parent PowerShell alert listed as the owner process."
  ], 
  "Procedure": "Empire: Built-in upload module executed to write malicious VBScript (autoupdate.vbs) to disk on CodeRed (10.0.1.5)", 
  "Step": "16.E.1", 
  "TacticGroup": "Command and Control, Lateral Movement", 
  "Technique": "T1105", 
  "TechniqueName": "Remote File Copy"
}
{
  "Detection": [
    "Specific Behavior, Tainted"
  ], 
  "DetectionText": [
    "A Specific Behavior alert was generated based on the downloading and execution of wdbypass, identified as Fileless malware, from freegoogleadsenseinfo.com (C2 domain) over port 8080. The alert also showed decoded PowerShell commands extracted from the command-line arguments showing a connection over port 8080 with a HTTP request to download the wdbypass payload. The alert was tainted by a parent PowerShell alert"
  ], 
  "Procedure": "Empire: UAC bypass module downloaded and executed a new Empire stager (wdbypass)", 
  "Step": "14.A.1", 
  "TacticGroup": "Command and Control, Lateral Movement", 
  "Technique": "T1105", 
  "TechniqueName": "Remote File Copy"
}
{
  "Detection": [
    "Telemetry, Tainted"
  ], 
  "DetectionText": [
    "Telemetry showed file events for the write of update.vbs to Creeper (10.0.0.4).\u00a0The telemetry was tainted by a parent PowerShell alert listed as the owner process."
  ], 
  "Procedure": "Empire: Built-in move capability executed to write malicious VBScript (update.vbs) to disk on Creeper (10.0.0.4)", 
  "Step": "16.G.1", 
  "TacticGroup": "Command and Control, Lateral Movement", 
  "Technique": "T1105", 
  "TechniqueName": "Remote File Copy"
}
{
  "Detection": [
    "None"
  ], 
  "DetectionText": [
    "No detection capability demonstrated for this procedure, though an alert was generated for malicious code injection into PowerShell. Telemetry also showed that bypassuactoken.x64.dll was loaded."
  ], 
  "Procedure": "Cobalt Strike: Built-in UAC bypass token duplication capability executed to modify current process token", 
  "Step": "3.A.1", 
  "TacticGroup": "Defense Evasion, Privilege Escalation", 
  "Technique": "T1134", 
  "TechniqueName": "Access Token Manipulation"
}
{
  "Detection": [
    "Telemetry, Tainted"
  ], 
  "DetectionText": [
    "Telemetry showed cmd.exe associated with both users Debbie and George, indicating user context change via token manipulation. The telemetry was tainted by a parent alert on explorer.exe attempting to execute a file (Resume Viewer.exe) identified as malicious."
  ], 
  "Procedure": "Cobalt Strike: Built-in token theft capability executed to change user context to George", 
  "Step": "5.B.1", 
  "TacticGroup": "Defense Evasion, Privilege Escalation", 
  "Technique": "T1134", 
  "TechniqueName": "Access Token Manipulation"
}
{
  "Detection": [
    "Telemetry, Tainted"
  ], 
  "DetectionText": [
    "Telemetry showed cmd.exe launching pdfhelper.cmd. The telemetry was tainted by a parent alert on explorer.exe attempting to execute a file (Resume Viewer.exe) identified as malicious."
  ], 
  "Procedure": "Previously executed self-extracting archive (Resume Viewer.exe) launched an embedded batch file (pdfhelper.cmd)", 
  "Step": "1.A.1", 
  "TacticGroup": "Defense Evasion, Execution", 
  "Technique": "T1064", 
  "TechniqueName": "Scripting"
}
{
  "Detection": [
    "Specific Behavior", 
    " Telemetry, Tainted"
  ], 
  "DetectionText": [
    "A Specific Behavior alert was generated for powershell.exe, labeled with Command and Control as well as Malicious use of PowerShell. The alert was tagged as a Obfuscated PowerShell payload and mapped to the correct ATT&CK Tactic (Execution) and Technique (PowerShell) ", 
    " Telemetry showed powershell.exe execution, including decoded full command-line arguments, as well as wscript.exe executing autoupdate.vbs.\u00a0The telemetry was tainted by a parent PowerShell alert."
  ], 
  "Procedure": "Legitimate user Bob clicked and executed malicious VBScript (autoupdate.vbs) on 10.0.1.5 (CodeRed)", 
  "Step": "11.A.1", 
  "TacticGroup": "Defense Evasion, Execution", 
  "Technique": "T1064", 
  "TechniqueName": "Scripting"
}
{
  "Detection": [
    "Specific Behavior, Tainted ", 
    " Telemetry, Tainted"
  ], 
  "DetectionText": [
    "A Specific Behavior alert was generated for a malicious command, which was identified as the Invoke-WinEnum function. The alert also identified the PowerShell commands as suspicious and were tagged with the correct ATT&CK Technique (PowerShell) and Tactic (Execution). The alert was tainted by a parent PowerShell alert.", 
    " Telemetry showed the PowerShell Script module (.psm1) being written to the temp folder. The telemetry was tainted by a parent PowerShell alert."
  ], 
  "Procedure": "Empire: Built-in WinEnum module executed to programmatically execute a series of enumeration techniques", 
  "Step": "12.E.1", 
  "TacticGroup": "Defense Evasion, Execution", 
  "Technique": "T1064", 
  "TechniqueName": "Scripting"
}
{
  "Detection": [
    "Specific Behavior"
  ], 
  "DetectionText": [
    "A Specific Behavior alert was generated for svchost.exe loading Mimikatz and accessing lsass (an audited system resource). The alert was also tagged with the correct ATT&CK Tactic (Credential Access) and related Technique (Process Injection)."
  ], 
  "Procedure": "Cobalt Strike: Built-in Mimikatz credential dump capability executed", 
  "Step": "5.A.1", 
  "TacticGroup": "Credential Access", 
  "Technique": "T1003", 
  "TechniqueName": "Credential Dumping"
}
{
  "Detection": [
    "Telemetry, Tainted"
  ], 
  "DetectionText": [
    "Telemetry showed svchost.exe injecting into lsass.exe. The telemetry was tainted by the parent \u201cinjected (svchost.exe > lsass.exe)\u201d alert. The hashdumpx64.dll was also seen loaded as a floating executable code.\u00a0"
  ], 
  "Procedure": "Cobalt Strike: Built-in hash dump capability executed", 
  "Step": "5.A.2", 
  "TacticGroup": "Credential Access", 
  "Technique": "T1003", 
  "TechniqueName": "Credential Dumping"
}
{
  "Detection": [
    "None"
  ], 
  "DetectionText": [
    "No detection capability demonstrated for this procedure, though telemetry showed connection between Nimda (10.0.1.6) and the source of the file, Conficker (10.0.0.5), over port 445."
  ], 
  "Procedure": "Cobalt Strike: Download capability exfiltrated data through existing C2 channel", 
  "Step": "9.B.1", 
  "TacticGroup": "Exfiltration", 
  "Technique": "T1041", 
  "TechniqueName": "Exfiltration Over Command and Control Channel"
}
{
  "Detection": [
    "Telemetry, Tainted"
  ], 
  "DetectionText": [
    "Telemetry showed rundll32.exe executing autoupdate.bat from the Startup folder. The telemetry was tainted by a parent Injected Shellcode alert."
  ], 
  "Procedure": "Batch file (autoupdate.bat) previously written to Startup folder executed when user Debbie logs on to Nimda (10.0.1.6), launching a DLL payload (update.dat) using Rundll32", 
  "Step": "10.A.1", 
  "TacticGroup": "Persistence", 
  "Technique": "T1060", 
  "TechniqueName": "Registry Run Keys / Startup Folder"
}
{
  "Detection": [
    "Telemetry, Tainted"
  ], 
  "DetectionText": [
    "Telemetry showed cmd.exe rewriting autoupdate.bat to the user Debbie's Startup folder. The telemetry was tainted by a parent alert on explorer.exe attempting to execute a file (Resume Viewer.exe) identified as malicious."
  ], 
  "Procedure": "Previously executed batch file (pdfhelper.cmd) moved a separate batch file (autoupdate.bat) to the Startup folder", 
  "Step": "1.B.1", 
  "TacticGroup": "Persistence", 
  "Technique": "T1060", 
  "TechniqueName": "Registry Run Keys / Startup Folder"
}
{
  "Detection": [
    "General Behavior, Tainted", 
    " Telemetry"
  ], 
  "DetectionText": [
    "A General Behavior alert was generated for net.exe conducting suspicious activity related to Discovery/Privilege Escalation as well as being a descendant of a suspicious process. The alert was also tagged with the correct ATT&CK Tactic (Discovery) and Technique (System Services Discovery). The alert was tainted by a parent PowerShell alert.", 
    " Telemetry showed net.exe executing with command-line arguments. [CR3]"
  ], 
  "Procedure": "Empire: 'net start' via PowerShell", 
  "Step": "12.D.1", 
  "TacticGroup": "Discovery", 
  "Technique": "T1007", 
  "TechniqueName": "System Service Discovery"
}
{
  "Detection": [
    "Telemetry, Tainted"
  ], 
  "DetectionText": [
    "Telemetry showed reg.exe executing with command-line arguments indicating a check to see if terminal services were enabled. The telemetry was tainted by a parent PowerShell alert."
  ], 
  "Procedure": "Empire: 'reg query' via PowerShell to enumerate a specific Registry key associated with terminal services", 
  "Step": "17.A.1", 
  "TacticGroup": "Discovery", 
  "Technique": "T1007", 
  "TechniqueName": "System Service Discovery"
}
{
  "Detection": [
    "Telemetry, Tainted"
  ], 
  "DetectionText": [
    "Telemetry showed sc.exe executing with command-line arguments. The telemetry was tainted by a parent PowerShell alert."
  ], 
  "Procedure": "Empire: 'sc qc' via PowerShell to remotely enumerate a specific service on Creeper (10.0.0.4)", 
  "Step": "16.J.1", 
  "TacticGroup": "Discovery", 
  "Technique": "T1007", 
  "TechniqueName": "System Service Discovery"
}
{
  "Detection": [
    "Enrichment, Tainted", 
    "Telemetry"
  ], 
  "DetectionText": [
    "The capability enriched cmd.exe executing net.exe with the correct ATT&CK Tactic (Discovery) and Technique (System Service Discovery). The data was tainted by a parent Injected Shellcode alert. ", 
    " Telemetry showed cmd.exe executing net with command-line arguments.\u00a0"
  ], 
  "Procedure": "Cobalt Strike: 'net start' via cmd", 
  "Step": "2.D.2", 
  "TacticGroup": "Discovery", 
  "Technique": "T1007", 
  "TechniqueName": "System Service Discovery"
}
{
  "Detection": [
    "Enrichment, Tainted", 
    "Telemetry"
  ], 
  "DetectionText": [
    "The capability enriched cmd.exe executing sc.exe with the correct ATT&CK Tactic (Discovery) and Technique (System Service Discovery). The data was tainted by a parent Injected Shellcode alert.", 
    " Telemetry showed cmd.exe executing sc with command-line arguments."
  ], 
  "Procedure": "Cobalt Strike: 'sc query' via cmd", 
  "Step": "2.D.1", 
  "TacticGroup": "Discovery", 
  "Technique": "T1007", 
  "TechniqueName": "System Service Discovery"
}
{
  "Detection": [
    "None"
  ], 
  "DetectionText": [
    "No detection capability demonstrated for this procedure."
  ], 
  "Procedure": "Empire: WinEnum module included enumeration of services", 
  "Step": "12.E.1.8", 
  "TacticGroup": "Discovery", 
  "Technique": "T1007", 
  "TechniqueName": "System Service Discovery"
}
{
  "Detection": [
    "Telemetry, Tainted"
  ], 
  "DetectionText": [
    "Telemetry showed sc.exe execution with command-line arguments. The telemetry was tainted by a parent PowerShell alert."
  ], 
  "Procedure": "Empire: 'sc query' via PowerShell to remotely enumerate services on Creeper (10.0.0.4)", 
  "Step": "16.H.1", 
  "TacticGroup": "Discovery", 
  "Technique": "T1007", 
  "TechniqueName": "System Service Discovery"
}
{
  "Detection": [
    "Enrichment, Tainted", 
    " Telemetry"
  ], 
  "DetectionText": [
    "The capability enriched ftp.exe execution with a related ATT&CK Tactic (Command and Control) and Techniques (Commonly Used Port, Standard Application Layer Protocol). The data was tainted by a parent PowerShell alert.", 
    " Telemetry showed the execution of ftp.exe and command-line arguments. [CR5]"
  ], 
  "Procedure": "Empire: Sequence of 'echo' commands via PowerShell to populate commands in text file (ftp.txt), which is then executed by FTP to exfil data through network connection separate of existing C2 channel", 
  "Step": "19.C.1", 
  "TacticGroup": "Exfiltration", 
  "Technique": "T1048", 
  "TechniqueName": "Exfiltration Over Alternative Protocol"
}
{
  "Detection": [
    "Enrichment, Tainted", 
    " Telemetry"
  ], 
  "DetectionText": [
    "The capability enriched netstat.exe executing as Reconnaissance and the correct ATT&CK Technique (System Network Connections Discovery). The data was tainted by a parent PowerShell alert.", 
    " Telemetry showed netstat.exe executing with command-line arguments. [CR5]"
  ], 
  "Procedure": "Empire: WinEnum module included enumeration of established network connections", 
  "Step": "12.E.1.12", 
  "TacticGroup": "Discovery", 
  "Technique": "T1049", 
  "TechniqueName": "System Network Connections Discovery"
}
{
  "Detection": [
    "General Behavior, Tainted", 
    " Telemetry"
  ], 
  "DetectionText": [
    "A General Behavior alert was generated for net.exe conducting suspicious activity related to Discovery/Privilege Escalation as well as being a descendant of a suspicious process. The alert was also tagged with the correct ATT&CK Tactic (Discovery) and Technique (System Network Connections Discovery). The alert was tainted by a parent PowerShell alert.", 
    "Telemetry showed net.exe executing with command-line arguments. [CR3]"
  ], 
  "Procedure": "Empire: 'net use' via PowerShell", 
  "Step": "13.B.1", 
  "TacticGroup": "Discovery", 
  "Technique": "T1049", 
  "TechniqueName": "System Network Connections Discovery"
}
{
  "Detection": [
    "Enrichment, Tainted", 
    " Telemetry"
  ], 
  "DetectionText": [
    "The capability enriched netstat.exe executing as Reconnaissance and the correct ATT&CK Technique (System Network Connections Discovery). The data was tainted by a parent PowerShell alert.", 
    " Telemetry showed netstat.exe executing with command-line arguments. [CR5]"
  ], 
  "Procedure": "Empire: 'netstat -ano' via PowerShell", 
  "Step": "13.B.2", 
  "TacticGroup": "Discovery", 
  "Technique": "T1049", 
  "TechniqueName": "System Network Connections Discovery"
}
{
  "Detection": [
    "Enrichment, Tainted", 
    " Telemetry"
  ], 
  "DetectionText": [
    "The capability enriched netstat.exe executing as Reconnaissance and mapped to the correct ATT&CK Technique (System Network Connections Discovery). The data was tainted by a parent Injected Shellcode alert.", 
    "Telemetry showed cmd.exe executing netstat with command-line arguments."
  ], 
  "Procedure": "Cobalt Strike: 'netstat -ano' via cmd", 
  "Step": "4.C.1", 
  "TacticGroup": "Discovery", 
  "Technique": "T1049", 
  "TechniqueName": "System Network Connections Discovery"
}
{
  "Detection": [
    "Telemetry, Tainted"
  ], 
  "DetectionText": [
    "Telemetry showed recycler.exe with full command-line arguments, including the use of the -hp flag to encrypt and compress data, indicating the WinRAR utility was in use. The telemetry was tainted by a parent PowerShell alert."
  ], 
  "Procedure": "Empire: Executed binary (recycler.exe) created compressed archive (old.rar) of previously collected file", 
  "Step": "19.B.1", 
  "TacticGroup": "Exfiltration", 
  "Technique": "T1002", 
  "TechniqueName": "Data Compressed"
}
{
  "Detection": [
    "Telemetry, Tainted"
  ], 
  "DetectionText": [
    "Telemetry showed the decoded powershell.exe function to gather clipboard data. The telemetry was tainted by a parent PowerShell alert.."
  ], 
  "Procedure": "Empire: WinEnum module included enumeration of clipboard contents", 
  "Step": "12.E.1.5", 
  "TacticGroup": "Collection", 
  "Technique": "T1115", 
  "TechniqueName": "Clipboard Data"
}
{
  "Detection": [
    "Telemetry, Tainted"
  ], 
  "DetectionText": [
    "Telemetry showed that recycler.exe was WinRAR via file metadata. The telemetry was tainted by a parent PowerShell alert."
  ], 
  "Procedure": "Empire: File dropped to disk is a renamed copy of the WinRAR binary", 
  "Step": "19.A.1", 
  "TacticGroup": "Defense Evasion", 
  "Technique": "T1036", 
  "TechniqueName": "Masquerading"
}
{
  "Detection": [
    "Telemetry, Tainted"
  ], 
  "DetectionText": [
    "Telemetry showed recycler.exe with full command-line arguments, including the use of the -hp flag to encrypt and compress data, indicating the WinRAR utility was in use. The telemetry was tainted by a parent PowerShell alert."
  ], 
  "Procedure": "Empire: Executed binary (recycler.exe) is a renamed copy of the WinRAR binary", 
  "Step": "19.B.1", 
  "TacticGroup": "Defense Evasion", 
  "Technique": "T1036", 
  "TechniqueName": "Masquerading"
}
{
  "Detection": [
    "Telemetry, Tainted"
  ], 
  "DetectionText": [
    "Telemetry showed sc.exe executing with command-line arguments to set the service description. An analyst could use this information to determine it is not a legitimate service. The telemetry was tainted by a parent PowerShell alert."
  ], 
  "Procedure": "Empire: 'sc description' via PowerShell to remotely disguise a service on Creeper (10.0.0.4)", 
  "Step": "16.I.1", 
  "TacticGroup": "Defense Evasion", 
  "Technique": "T1036", 
  "TechniqueName": "Masquerading"
}
{
  "Detection": [
    "Specific Behavior", 
    " Telemetry"
  ], 
  "DetectionText": [
    "A Specific Behavior alert was generated based on a new process masquerading as a Windows accessibility feature, mapped to the correct ATT&CK Tactic (Persistence) and Technique (Accessibility Features).", 
    " Telemetry showed the execution of magnify.exe. [CR3]"
  ], 
  "Procedure": "magnifer.exe previously overwritten by cmd.exe launched through RDP connection made to Creeper (10.0.0.4)", 
  "Step": "20.A.1", 
  "TacticGroup": "Persistence, Privilege Escalation", 
  "Technique": "T1015", 
  "TechniqueName": "Accessibility Features"
}
{
  "Detection": [
    "Telemetry, Tainted"
  ], 
  "DetectionText": [
    "Telemetry showed creation and file write events for magnify.exe. The telemetry was tainted by a parent PowerShell alert listed as the owner process."
  ], 
  "Procedure": "Empire: 'copy' via PowerShell to overwrite magnify.exe with cmd.exe", 
  "Step": "17.C.1", 
  "TacticGroup": "Persistence, Privilege Escalation", 
  "Technique": "T1015", 
  "TechniqueName": "Accessibility Features"
}
