{
  "Detection": [
    "Telemetry,Tainted"
  ], 
  "DetectionText": [
    "Telemetry showed a logon attempt via net.exe with command-line arguments to connect using the valid credentials of user Kmitnick (tainted by parent alert on PowerShell script with suspicious content). Telemetry showed Kmitnick login event on 10.0.0.5 (Conficker) and that 10.0.1.5 (CodeRed) accessed resources on 10.0.0.5 (Conficker)."
  ], 
  "Procedure": "Empire: 'net use' via PowerShell to successfully authenticate to Conficker (10.0.0.5) using credentials of user Kmitnick", 
  "Step": "16.B.1", 
  "TacticGroup": "Defense Evasion, Persistence, Privilege Escalation, Initial Access", 
  "Technique": "T1078", 
  "TechniqueName": "Valid Accounts"
}
{
  "Detection": [
    "Telemetry, Tainted"
  ], 
  "DetectionText": [
    "Telemetry showed a logon attempt via net.exe with command-line arguments targeting C$ on 10.0.0.4 (Creeper) using valid credentials for user Kmitnick (tainted by parent alert on PowerShell script with suspicious content). Telemetry also showed that the logon event for Kmitnick on Creeper was successful."
  ], 
  "Procedure": "Empire: 'net use' via PowerShell to successfully authenticate to Creeper (10.0.0.4) using credentials of user Kmitnick", 
  "Step": "16.D.1", 
  "TacticGroup": "Defense Evasion, Persistence, Privilege Escalation, Initial Access", 
  "Technique": "T1078", 
  "TechniqueName": "Valid Accounts"
}
{
  "Detection": [
    "Telemetry"
  ], 
  "DetectionText": [
    "Telemetry showed the new local user account Jesse logging into Conficker."
  ], 
  "Procedure": "RDP connection to Conficker (10.0.0.5) authenticated using previously added user Jesse", 
  "Step": "10.B.1", 
  "TacticGroup": "Defense Evasion, Persistence, Privilege Escalation, Initial Access", 
  "Technique": "T1078", 
  "TechniqueName": "Valid Accounts"
}
{
  "Detection": [
    "None"
  ], 
  "DetectionText": [
    "No detection capability demonstrated for this procedure."
  ], 
  "Procedure": "Empire: WinEnum module included enumeration of mapped network drives", 
  "Step": "12.E.1.9.2", 
  "TacticGroup": "Discovery", 
  "Technique": "T1135", 
  "TechniqueName": "Network Share Discovery"
}
{
  "Detection": [
    "None"
  ], 
  "DetectionText": [
    "No detection capability demonstrated for this procedure."
  ], 
  "Procedure": "Empire: WinEnum module included enumeration of available shares", 
  "Step": "12.E.1.9.1", 
  "TacticGroup": "Discovery", 
  "Technique": "T1135", 
  "TechniqueName": "Network Share Discovery"
}
{
  "Detection": [
    "Telemetry"
  ], 
  "DetectionText": [
    "Telemetry showed the decoded PowerShell script that was executed to recursively search for .vsdx files on Conficker\\'s remote file share."
  ], 
  "Procedure": "Empire: 'Get-ChildItem' via PowerShell to enumerate a network shared drive (Wormshare) on Conficker (10.0.0.5)", 
  "Step": "18.A.1", 
  "TacticGroup": "Discovery", 
  "Technique": "T1083", 
  "TechniqueName": "File and Directory Discovery"
}
{
  "Detection": [
    "Telemetry,Tainted"
  ], 
  "DetectionText": [
    "Telemetry showed the execution sequence for cmd.exe executing dir with command-line arguments. The telemetry was tainted by a prior alert on rundll32.exe being executed without command-line arguments."
  ], 
  "Procedure": "Cobalt Strike: 'dir /s /b \"\\\\conficker\\wormshare\"' via cmd", 
  "Step": "8.A.1", 
  "TacticGroup": "Discovery", 
  "Technique": "T1083", 
  "TechniqueName": "File and Directory Discovery"
}
{
  "Detection": [
    "Telemetry,Tainted"
  ], 
  "DetectionText": [
    "Telemetry showed the execution sequence for cmd.exe executing tree.com with command-line arguments. The telemetry was tainted by a prior alert on rundll32.exe being executed without command-line arguments."
  ], 
  "Procedure": "Cobalt Strike: 'tree \"C:\\Users\\debbie\"' via cmd", 
  "Step": "8.A.2", 
  "TacticGroup": "Discovery", 
  "Technique": "T1083", 
  "TechniqueName": "File and Directory Discovery"
}
{
  "Detection": [
    "None"
  ], 
  "DetectionText": [
    "No detection capability demonstrated for this procedure."
  ], 
  "Procedure": "Empire: WinEnum module included enumeration of interesting files", 
  "Step": "12.E.1.4.2", 
  "TacticGroup": "Discovery", 
  "Technique": "T1083", 
  "TechniqueName": "File and Directory Discovery"
}
{
  "Detection": [
    "None"
  ], 
  "DetectionText": [
    "No detection capability demonstrated for this procedure."
  ], 
  "Procedure": "Empire: WinEnum module included enumeration of recently opened files", 
  "Step": "12.E.1.4.1", 
  "TacticGroup": "Discovery", 
  "Technique": "T1083", 
  "TechniqueName": "File and Directory Discovery"
}
{
  "Detection": [
    "None"
  ], 
  "DetectionText": [
    "No detection capability demonstrated for this procedure."
  ], 
  "Procedure": "Cobalt Strike: 'ls' (List) via Win32 APIs to enumerate a network shared drive (Wormshare) on Conficker (10.0.0.5)", 
  "Step": "9.A.1", 
  "TacticGroup": "Discovery", 
  "Technique": "T1083", 
  "TechniqueName": "File and Directory Discovery"
}
{
  "Detection": [
    "None"
  ], 
  "DetectionText": [
    "No detection capability demonstrated for this procedure."
  ], 
  "Procedure": "Empire: 'type' via PowerShell to remotely enumerate a specific file (update.vbs) on Creeper (10.0.0.4)", 
  "Step": "16.K.1", 
  "TacticGroup": "Discovery", 
  "Technique": "T1083", 
  "TechniqueName": "File and Directory Discovery"
}
{
  "Detection": [
    "Telemetry,Tainted", 
    "Specific Behavior,Delayed"
  ], 
  "DetectionText": [
    "Telemetry showed repeated logon attempts via net.exe with command-line arguments indicative of password spraying, eventually resulting in a successful logon (tainted by parent alert on PowerShell script with suspicious content).", 
    "A Specific Behavior alert was generated based on brute force attempt by accessing remote SMB shares with different accounts.[MS17]"
  ], 
  "Procedure": "Empire: Successful authentication to Conficker (10.0.0.5) using credentials of user Kmitnick as a result of the brute force password spraying", 
  "Step": "16.B.1", 
  "TacticGroup": "Credential Access", 
  "Technique": "T1110", 
  "TechniqueName": "Brute Force"
}
{
  "Detection": [
    "Telemetry,Tainted", 
    "Specific Behavior,Delayed"
  ], 
  "DetectionText": [
    "Telemetry showed repeated logon attempts via net.exe with command-line arguments indicative of password spraying (tainted by parent alert on PowerShell script with suspicious content). Telemetry also showed failed authorization attempts due to bad passwords as indicated by a fallback request over WebDAV to port 80 on the C2 server, but did not indicate the two failed access attempts on Morris and Conficker that were due to the accounts having insufficient access on the systems.", 
    "A delayed Specific Behavior alert was generated based on brute force attempt by accessing remote SMB shares with different accounts.[MS16]"
  ], 
  "Procedure": "Empire: 'net use' via PowerShell to brute force password spraying authentication attempts to Morris (10.0.1.4) and Nimda (10.0.1.6) targeting credentials of users\u00a0Kmitnick, Bob, and Frieda", 
  "Step": "16.A.1", 
  "TacticGroup": "Credential Access", 
  "Technique": "T1110", 
  "TechniqueName": "Brute Force"
}
{
  "Detection": [
    "Telemetry"
  ], 
  "DetectionText": [
    "Telemetry showed execution of mmc.exe, the Microsoft Management Console, spawning the GUI-based lusrmgr.msc (Local Users and Groups snap-in)."
  ], 
  "Procedure": "Microsoft Management Console (Local Users and Groups snap-in) GUI utility used to add new user through RDP connection", 
  "Step": "7.A.1", 
  "TacticGroup": "Execution", 
  "Technique": "T1061", 
  "TechniqueName": "Graphical User Interface"
}
{
  "Detection": [
    "Telemetry,Tainted"
  ], 
  "DetectionText": [
    "Telemetry showed takeown.exe execution to change the file permissions on magnify.exe (tainted by prior alert on suspicious PowerShell command-line)."
  ], 
  "Procedure": "Empire: 'takeown' via PowerShell to obtain ownership of magnify.exe", 
  "Step": "17.B.1", 
  "TacticGroup": "Defense Evasion", 
  "Technique": "T1222", 
  "TechniqueName": "File Permissions Modification"
}
{
  "Detection": [
    "Telemetry,Tainted"
  ], 
  "DetectionText": [
    "Telemetry showed icacls.exe execution to change permissions on magnify.exe granting discretionary access to SYSTEM (tainted by prior alert on suspicious PowerShell command-line)."
  ], 
  "Procedure": "Empire: 'icacls' via PowerShell to modify the DACL for magnify.exe", 
  "Step": "17.B.2", 
  "TacticGroup": "Defense Evasion", 
  "Technique": "T1222", 
  "TechniqueName": "File Permissions Modification"
}
{
  "Detection": [
    "Enrichment,Configuration Change"
  ], 
  "DetectionText": [
    "The capability enriched an explorer.exe process with ScreenshotTaken.[MS31]"
  ], 
  "Procedure": "Cobalt Strike: Built-in screen capture capability executed to capture screenshot of current window of user Debbie", 
  "Step": "8.D.1", 
  "TacticGroup": "Collection", 
  "Technique": "T1113", 
  "TechniqueName": "Screen Capture"
}
{
  "Detection": [
    "Telemetry,Tainted", 
    "Specific Behavior"
  ], 
  "DetectionText": [
    "Telemetry from CodeRed showed the sc.exe remote service start to execute the AdobeUpdater service on Creeper (tainted by parent alert on PowerShell script with suspicious content). Telemetry from Creeper showed the execution sequence of Empire and command and control connections.", 
    "A Specific Behavior alert was generated for a successful AdobeUpdater remote service execution attempt on Creeper."
  ], 
  "Procedure": "Empire: 'sc start' via PowerShell to remotely launch a specific service on Creeper (10.0.0.4)", 
  "Step": "16.L.1", 
  "TacticGroup": "Execution", 
  "Technique": "T1035", 
  "TechniqueName": "Service Execution"
}
{
  "Detection": [
    "Telemetry,Tainted"
  ], 
  "DetectionText": [
    "Telemetry showed the execution sequence for powershell.exe executing whoami.exe with command-line arguments. The telemetry was tainted by previous \\\"Suspicious sequence of exploration activities\\\" and suspicious PowerShell cmdlet alerts."
  ], 
  "Procedure": "Empire: 'whoami /all /fo list' via PowerShell", 
  "Step": "12.B.1", 
  "TacticGroup": "Discovery", 
  "Technique": "T1033", 
  "TechniqueName": "System Owner/User Discovery"
}
{
  "Detection": [
    "Telemetry,Tainted"
  ], 
  "DetectionText": [
    "Telemetry showed whoami.exe executing from magnify.exe (tainted by sticky keys binary hijack alert)."
  ], 
  "Procedure": "Executed 'whoami' via cmd persistence mechanism through RDP connection made to Creeper (10.0.0.4)", 
  "Step": "20.B.1", 
  "TacticGroup": "Discovery", 
  "Technique": "T1033", 
  "TechniqueName": "System Owner/User Discovery"
}
{
  "Detection": [
    "Telemetry,Tainted"
  ], 
  "DetectionText": [
    "Telemetry showed the execution sequence of cmd.exe executing echo with command-line arguments (tainted by the alert on suspicious sequence of exploration activities from child processes of rundll32.exe)."
  ], 
  "Procedure": "Cobalt Strike: 'echo' via cmd to enumerate specific environment variables", 
  "Step": "2.B.1", 
  "TacticGroup": "Discovery", 
  "Technique": "T1033", 
  "TechniqueName": "System Owner/User Discovery"
}
{
  "Detection": [
    "None"
  ], 
  "DetectionText": [
    "No detection capability demonstrated for this procedure."
  ], 
  "Procedure": "Empire: WinEnum module included enumeration of user information", 
  "Step": "12.E.1.1", 
  "TacticGroup": "Discovery", 
  "Technique": "T1033", 
  "TechniqueName": "System Owner/User Discovery"
}
{
  "Detection": [
    "Telemetry,Tainted"
  ], 
  "DetectionText": [
    "Telemetry showed powershell.exe checking an SSL certificate and then communicating to 192.168.0.5 (C2 server) over an encrypted channel (tainted by relationship to alert on PowerShell script with suspicious content). Telemetry within an alert showed decoded command-line arguments to perform HTTPS connection to C2 domain."
  ], 
  "Procedure": "Empire: Encrypted C2 channel established using HTTPS", 
  "Step": "11.B.1", 
  "TacticGroup": "Command and Control", 
  "Technique": "T1032", 
  "TechniqueName": "Standard Cryptographic Protocol"
}
{
  "Detection": [
    "None"
  ], 
  "DetectionText": [
    "No detection capability demonstrated for this procedure."
  ], 
  "Procedure": "Empire: WinEnum module included enumeration of password policy information", 
  "Step": "12.E.1.3", 
  "TacticGroup": "Discovery", 
  "Technique": "T1201", 
  "TechniqueName": "Password Policy Discovery"
}
{
  "Detection": [
    "Telemetry"
  ], 
  "DetectionText": [
    "Telemetry showed the user execution sequence of Resume Viewer.exe with multiple files written and subsequently executed.[MS1]"
  ], 
  "Procedure": "Legitimate user Debbie clicked and executed malicious self-extracting archive (Resume Viewer.exe) on 10.0.1.6 (Nimda)", 
  "Step": "1.A.1", 
  "TacticGroup": "Execution", 
  "Technique": "T1204", 
  "TechniqueName": "User Execution"
}
{
  "Detection": [
    "None"
  ], 
  "DetectionText": [
    "No detection capability demonstrated for this procedure."
  ], 
  "Procedure": "Empire: WinEnum module included enumeration of firewall rules", 
  "Step": "12.E.1.10.2", 
  "TacticGroup": "Discovery", 
  "Technique": "T1063", 
  "TechniqueName": "Security Software Discovery"
}
{
  "Detection": [
    "None"
  ], 
  "DetectionText": [
    "No detection capability demonstrated for this procedure."
  ], 
  "Procedure": "Empire: WinEnum module included enumeration of AV solutions", 
  "Step": "12.E.1.10.1", 
  "TacticGroup": "Discovery", 
  "Technique": "T1063", 
  "TechniqueName": "Security Software Discovery"
}
{
  "Detection": [
    "None"
  ], 
  "DetectionText": [
    "No detection capability demonstrated for this procedure, though data showed PowerShell Copy-Item cmdlet execution (no information available about what file is being copied or where the data is coming from).[MS50]"
  ], 
  "Procedure": "Empire: 'copy' via PowerShell collected a file (Shockwave_network.vsdx) from a network shared drive (Wormshare) on Conficker (10.0.0.5)", 
  "Step": "18.B.1", 
  "TacticGroup": "collection", 
  "Technique": "T1039", 
  "TechniqueName": "Data from Network Shared Drive"
}
{
  "Detection": [
    "None"
  ], 
  "DetectionText": [
    "No detection capability demonstrated for this procedure.[MS32]"
  ], 
  "Procedure": "Cobalt Strike: Built-in download capability executed to a collect file (Shockwave_rackb_diagram.vsdx) from a network shared drive (Wormshare) on Conficker (10.0.0.5)", 
  "Step": "9.B.1", 
  "TacticGroup": "collection", 
  "Technique": "T1039", 
  "TechniqueName": "Data from Network Shared Drive"
}
{
  "Detection": [
    "Enrichment,Tainted", 
    "Specific Behavior,Delayed"
  ], 
  "DetectionText": [
    "The capability enriched data showing powershell.exe injecting into cmd.exe (tainted by alert on a suspicious PowerShell command-line generated for the svchost.exe invocation of powershell.exe with an encoded script).", 
    "A Specific Behavior alert was generated for process injection.[MS5]"
  ], 
  "Procedure": "Cobalt Strike: Built-in process injection capability executed to inject callback into cmd.exe", 
  "Step": "3.C.1", 
  "TacticGroup": "Defense Evasion, Privilege Escalation", 
  "Technique": "T1055", 
  "TechniqueName": "Process Injection"
}
{
  "Detection": [
    "Enrichment"
  ], 
  "DetectionText": [
    "The capability enriched the execution sequence for cmd.exe injecting into explorer.exe with the label \\\"Inject to process.\\\""
  ], 
  "Procedure": "Cobalt Strike: Screen capture capability involved process injection into explorer.exe", 
  "Step": "8.D.1", 
  "TacticGroup": "Defense Evasion, Privilege Escalation", 
  "Technique": "T1055", 
  "TechniqueName": "Process Injection"
}
{
  "Detection": [
    "Telemetry,Tainted", 
    "Specific Behavior,Delayed"
  ], 
  "DetectionText": [
    "Telemetry showed svchost.exe accessing lsass.exe and dumping credentials (tainted by parent alert on sensitive credential memory read for the first credential dump). Exploit Guard audited process open and credential extraction event.[MS30]", 
    "A Specific Behavior alert was generated for process injection into lsass.exe."
  ], 
  "Procedure": "Cobalt Strike: Credential dump capability involved process injection into lsass", 
  "Step": "5.A.1", 
  "TacticGroup": "Defense Evasion, Privilege Escalation", 
  "Technique": "T1055", 
  "TechniqueName": "Process Injection"
}
{
  "Detection": [
    "Telemetry,Tainted", 
    "Specific Behavior,Delayed"
  ], 
  "DetectionText": [
    "Telemetry showed svchost.exe accessing lsass.exe and dumping credentials (tainted by parent alert on sensitive credential memory read for the first credential dump). Exploit Guard audited process open and credential extraction event.[MS30]", 
    "A Specific Behavior alert was generated for process injection into lsass.exe. The alert was rolled up under the prior lsass.exe process injection alert and the last activity seen field was updated."
  ], 
  "Procedure": "Cobalt Strike: Hash dump capability involved process injection into lsass.exe", 
  "Step": "5.A.2", 
  "TacticGroup": "Defense Evasion, Privilege Escalation", 
  "Technique": "T1055", 
  "TechniqueName": "Process Injection"
}
{
  "Detection": [
    "Telemetry,Tainted", 
    "General Behavior,Delayed"
  ], 
  "DetectionText": [
    "Telemetry showed execution of net.exe with command-line arguments (tainted by parent PowerShell malicious cmdlet alert).", 
    "A delayed General Behavior alert was generated for \\\"Suspicious sequence of exploration activities\\\".[MS13]"
  ], 
  "Procedure": "Empire: 'net group \"Domain Computers\" /domain' via PowerShell", 
  "Step": "13.A.1", 
  "TacticGroup": "Discovery", 
  "Technique": "T1018", 
  "TechniqueName": "Remote System Discovery"
}
{
  "Detection": [
    "Telemetry,Tainted"
  ], 
  "DetectionText": [
    "Telemetry showed the execution sequence of cmd.exe executing net.exe with command-line arguments (tainted by the alert on suspicious process injection alert association with rundll32.exe)."
  ], 
  "Procedure": "Cobalt Strike: 'net group \"Domain Controllers\" /domain' via cmd", 
  "Step": "4.A.1", 
  "TacticGroup": "Discovery", 
  "Technique": "T1018", 
  "TechniqueName": "Remote System Discovery"
}
{
  "Detection": [
    "Telemetry,Tainted"
  ], 
  "DetectionText": [
    "Telemetry showed the execution sequence of cmd.exe executing net.exe with command-line arguments (tainted by the alert on suspicious process injection alert association with rundll32.exe)."
  ], 
  "Procedure": "Cobalt Strike: 'net group \"Domain Computers\" /domain' via cmd", 
  "Step": "4.A.2", 
  "TacticGroup": "Discovery", 
  "Technique": "T1018", 
  "TechniqueName": "Remote System Discovery"
}
{
  "Detection": [
    "None"
  ], 
  "DetectionText": [
    "No detection capability demonstrated for this procedure, though telemetry showed a connection to port 80 (no detection showed HTTP specifically)."
  ], 
  "Procedure": "Cobalt Strike: C2 channel modified to use HTTP traffic to freegoogleadsenseinfo.com", 
  "Step": "6.B.1", 
  "TacticGroup": "Command and Control", 
  "Technique": "T1071", 
  "TechniqueName": "Standard Application Layer Protocol"
}
{
  "Detection": [
    "Telemetry,Configuration Change"
  ], 
  "DetectionText": [
    "Telemetry from showed DNS requests to freegoogleadsenseinfo.com (C2 domain).[MS3]"
  ], 
  "Procedure": "Cobalt Strike: C2 channel established using DNS traffic to freegoogleadsenseinfo.com", 
  "Step": "1.C.1", 
  "TacticGroup": "Command and Control", 
  "Technique": "T1071", 
  "TechniqueName": "Standard Application Layer Protocol"
}
{
  "Detection": [
    "Telemetry,Tainted"
  ], 
  "DetectionText": [
    "Telemetry showed a decoded PowerShell script invoked that created a web request to the C2 server with related data showing the connection was made (tainted by alert on suspicious PowerShell command-line arguments)."
  ], 
  "Procedure": "Empire: UAC bypass module downloaded a new Empire stager (wdbypass) over HTTP", 
  "Step": "14.A.1", 
  "TacticGroup": "Command and Control", 
  "Technique": "T1071", 
  "TechniqueName": "Standard Application Layer Protocol"
}
{
  "Detection": [
    "Telemetry,Tainted", 
    "Indicator of Compromise,Configuration Change"
  ], 
  "DetectionText": [
    "Telemetry showed powershell.exe checking an SSL certificate and then communicating to 192.168.0.5 (C2 server) over an encrypted channel (tainted by relationship to alert on PowerShell script with suspicious content). Telemetry within an alert showed decoded command-line arguments to perform HTTPS connection to C2 domain.", 
    "An Indicator of Compromise alert was generated on the C2 domain.[MS12]"
  ], 
  "Procedure": "Empire: C2 channel established using HTTPS traffic to freegoogleadsenseinfo.com", 
  "Step": "11.B.1", 
  "TacticGroup": "Command and Control", 
  "Technique": "T1071", 
  "TechniqueName": "Standard Application Layer Protocol"
}
{
  "Detection": [
    "Telemetry,Configuration Change", 
    "Specific Behavior,Delayed"
  ], 
  "DetectionText": [
    "Telemetry showed events indicating \\\"explorer.exe is reading user keystrokes.\\\"[MS59][MS60]", 
    "A delayed Specific Behavior alert was generated on \\\"Possible keylogging activity\\\" against explorer.exe."
  ], 
  "Procedure": "Cobalt Strike: Built-in keylogging capability executed to capture keystrokes of user Debbie", 
  "Step": "8.C.1", 
  "TacticGroup": "collection, Credential Access", 
  "Technique": "T1056", 
  "TechniqueName": "Input Capture"
}
{
  "Detection": [
    "Telemetry,Tainted", 
    "Specific Behavior,Delayed"
  ], 
  "DetectionText": [
    "Telemetry showed powershell.exe making API calls consistent with keylogger behavior. Telemetry also showed execution of Get-Keystrokes Empire PowerShell cmdlet (tainted by alert on PowerShell script with suspicious content).[MS15]", 
    "A delayed Specific Behavior alert was generated on keylogging activity in powershell.exe."
  ], 
  "Procedure": "Empire: Built-in keylogging module executed to capture keystrokes of user Bob", 
  "Step": "15.A.1", 
  "TacticGroup": "collection, Credential Access", 
  "Technique": "T1056", 
  "TechniqueName": "Input Capture"
}
{
  "Detection": [
    "None"
  ], 
  "DetectionText": [
    "No detection capability demonstrated for this procedure."
  ], 
  "Procedure": "Cobalt Strike: C2 channel established using both NetBIOS and base64 encoding", 
  "Step": "1.C.1", 
  "TacticGroup": "Command and Control", 
  "Technique": "T1132", 
  "TechniqueName": "Data Encoding"
}
{
  "Detection": [
    "Telemetry"
  ], 
  "DetectionText": [
    "Telemetry showed creation of a terminal services session on Creeper from CodeRed with corresponding logon by Kmitnick."
  ], 
  "Procedure": "RDP connection made to Creeper (10.0.0.4) as part of execution of persistence mechanism", 
  "Step": "20.A.1", 
  "TacticGroup": "Lateral Movement", 
  "Technique": "T1076", 
  "TechniqueName": "Remote Desktop Protocol"
}
{
  "Detection": [
    "Telemetry"
  ], 
  "DetectionText": [
    "Telemetry showed the execution sequence for cmd.exe establishing an outbound RDP connection over port 3389 to 10.0.0.5 (Conficker). Logon activity over the last 30 days on Conficker shows George with a logon type 10 RemoteInteractive logon event. Telemetry also showed George logged into Conficker and displayed a movement graph of activity from user account Debbie to George."
  ], 
  "Procedure": "Cobalt Strike: C2 channel modified to proxy RDP connection to Conficker (10.0.0.5)", 
  "Step": "6.C.1", 
  "TacticGroup": "Lateral Movement", 
  "Technique": "T1076", 
  "TechniqueName": "Remote Desktop Protocol"
}
{
  "Detection": [
    "Telemetry"
  ], 
  "DetectionText": [
    "Telemetry showed\u00a0a successful connection to Conficker (10.0.0.5) over port 3389 from rundll32.exe."
  ], 
  "Procedure": "RDP connection made to Conficker (10.0.0.5) as part of execution of persistence mechanism", 
  "Step": "10.B.1", 
  "TacticGroup": "Lateral Movement", 
  "Technique": "T1076", 
  "TechniqueName": "Remote Desktop Protocol"
}
{
  "Detection": [
    "Telemetry"
  ], 
  "DetectionText": [
    "Telemetry showed the execution sequence for rundll32.exe executing updater.dll with a parent of svchost.exe running with command-line arguments \\\"-k netsvcs -p -s Schedule\\\"."
  ], 
  "Procedure": "Scheduled task executed when user Debbie logs on to Nimda (10.0.1.6), launching a DLL payload (updater.dll) using Rundll32", 
  "Step": "10.A.2", 
  "TacticGroup": "Execution, Persistence, Privilege Escalation", 
  "Technique": "T1053", 
  "TechniqueName": "Scheduled Task"
}
{
  "Detection": [
    "Telemetry", 
    "Specific Behavior,Delayed"
  ], 
  "DetectionText": [
    "Telemetry showed cmd.exe registering the \\\"Resume Viewer Update Checker\\\" scheduled task.", 
    "A delayed Specific Behavior alert was generated on a low-reputation DLL persisting through a scheduled task."
  ], 
  "Procedure": "Cobalt Strike: 'schtasks' via cmd to create scheduled task that executes a DLL payload (updater.dll)", 
  "Step": "7.C.1", 
  "TacticGroup": "Execution, Persistence, Privilege Escalation", 
  "Technique": "T1053", 
  "TechniqueName": "Scheduled Task"
}
{
  "Detection": [
    "None"
  ], 
  "DetectionText": [
    "No detection capability demonstrated for this procedure, though data showed PowerShell Copy-Item cmdlet execution (no information available about what file is being copied or where the data is coming from).[MS50]"
  ], 
  "Procedure": "Empire: 'copy' via PowerShell staged a file (Shockwave_network.vsdx) from a network shared drive (Wormshare) on Conficker (10.0.0.5) in the Recycle Bin (C:\\$Recycle.Bin) on CodeRed (10.0.1.5)", 
  "Step": "18.B.1", 
  "TacticGroup": "collection", 
  "Technique": "T1074", 
  "TechniqueName": "Data Staged"
}
{
  "Detection": [
    "None"
  ], 
  "DetectionText": [
    "No detection capability demonstrated for this procedure."
  ], 
  "Procedure": "Cobalt Strike: Keylogging capability included residual enumeration of application windows", 
  "Step": "8.C.1", 
  "TacticGroup": "Discovery", 
  "Technique": "T1010", 
  "TechniqueName": "Application Window Discovery"
}
{
  "Detection": [
    "None"
  ], 
  "DetectionText": [
    "No detection capability demonstrated for this procedure."
  ], 
  "Procedure": "Empire: Built-in keylogging module included residual enumeration of application windows", 
  "Step": "15.A.1", 
  "TacticGroup": "Discovery", 
  "Technique": "T1010", 
  "TechniqueName": "Application Window Discovery"
}
{
  "Detection": [
    "None"
  ], 
  "DetectionText": [
    "No detection capability demonstrated for this procedure."
  ], 
  "Procedure": "Empire: WinEnum module included enumeration of system information via a Registry query", 
  "Step": "12.E.1.7", 
  "TacticGroup": "Discovery", 
  "Technique": "T1012", 
  "TechniqueName": "Query Registry"
}
{
  "Detection": [
    "Telemetry,Tainted"
  ], 
  "DetectionText": [
    "Telemetry showed execution of reg.exe with command-line arguments (tainted by suspicious sequence of exploration activities alert)."
  ], 
  "Procedure": "Empire:\u00a0'reg query' via PowerShell to enumerate a specific Registry key", 
  "Step": "13.C.1", 
  "TacticGroup": "Discovery", 
  "Technique": "T1012", 
  "TechniqueName": "Query Registry"
}
{
  "Detection": [
    "Telemetry,Tainted"
  ], 
  "DetectionText": [
    "Telemetry showed reg.exe executing with command-line arguments (tainted by prior alert on suspicious PowerShell command line)."
  ], 
  "Procedure": "Empire: 'reg query' via PowerShell to enumerate a specific Registry key associated with terminal services", 
  "Step": "17.A.1", 
  "TacticGroup": "Discovery", 
  "Technique": "T1012", 
  "TechniqueName": "Query Registry"
}
{
  "Detection": [
    "Telemetry,Tainted"
  ], 
  "DetectionText": [
    "Telemetry showed the execution sequence of cmd.exe running reg.exe with command-line arguments (tainted by the alert on suspicious sequence of exploration activities from child processes of rundll32.exe)."
  ], 
  "Procedure": "Cobalt Strike: 'reg query' via cmd to enumerate a specific Registry key", 
  "Step": "2.H.1", 
  "TacticGroup": "Discovery", 
  "Technique": "T1012", 
  "TechniqueName": "Query Registry"
}
{
  "Detection": [
    "Telemetry,Tainted"
  ], 
  "DetectionText": [
    "Telemetry showed the execution sequence of reg.exe executing with command-line arguments. The telemetry was tainted by the relationship to prior rundll32.exe activity based on process injection alert context."
  ], 
  "Procedure": "Cobalt Strike: 'reg query' via cmd to remotely enumerate a specific Registry key on Conficker (10.0.0.5)", 
  "Step": "6.A.1", 
  "TacticGroup": "Discovery", 
  "Technique": "T1012", 
  "TechniqueName": "Query Registry"
}
{
  "Detection": [
    ""
  ], 
  "DetectionText": [
    ""
  ], 
  "Procedure": "", 
  "Step": "2.B.1", 
  "TacticGroup": "Execution", 
  "Technique": "T1059", 
  "TechniqueName": "Command-Line Interface"
}
{
  "Detection": [
    ""
  ], 
  "DetectionText": [
    ""
  ], 
  "Procedure": "", 
  "Step": "2.A.2", 
  "TacticGroup": "Execution", 
  "Technique": "T1059", 
  "TechniqueName": "Command-Line Interface"
}
{
  "Detection": [
    ""
  ], 
  "DetectionText": [
    ""
  ], 
  "Procedure": "", 
  "Step": "2.D.2", 
  "TacticGroup": "Execution", 
  "Technique": "T1059", 
  "TechniqueName": "Command-Line Interface"
}
{
  "Detection": [
    ""
  ], 
  "DetectionText": [
    ""
  ], 
  "Procedure": "", 
  "Step": "2.D.1", 
  "TacticGroup": "Execution", 
  "Technique": "T1059", 
  "TechniqueName": "Command-Line Interface"
}
{
  "Detection": [
    ""
  ], 
  "DetectionText": [
    ""
  ], 
  "Procedure": "", 
  "Step": "2.A.1", 
  "TacticGroup": "Execution", 
  "Technique": "T1059", 
  "TechniqueName": "Command-Line Interface"
}
{
  "Detection": [
    ""
  ], 
  "DetectionText": [
    ""
  ], 
  "Procedure": "", 
  "Step": "2.E.2", 
  "TacticGroup": "Execution", 
  "Technique": "T1059", 
  "TechniqueName": "Command-Line Interface"
}
{
  "Detection": [
    ""
  ], 
  "DetectionText": [
    ""
  ], 
  "Procedure": "", 
  "Step": "2.E.1", 
  "TacticGroup": "Execution", 
  "Technique": "T1059", 
  "TechniqueName": "Command-Line Interface"
}
{
  "Detection": [
    "Telemetry,Tainted"
  ], 
  "DetectionText": [
    "Telemetry showed cmd.exe executing autoupdate.vbs via wscript.exe as user Kmitnick. The execution generated three new PowerShell related alerts for the initial execution sequence of Empire that tainted this event, but were not counted as separate detections for this technique."
  ], 
  "Procedure": "Empire: Built-in runas module executed to launch malicious VBScript (autoupdate.vbs) as user Kmitnick\u00a0", 
  "Step": "16.F.1", 
  "TacticGroup": "Execution", 
  "Technique": "T1059", 
  "TechniqueName": "Command-Line Interface"
}
{
  "Detection": [
    ""
  ], 
  "DetectionText": [
    ""
  ], 
  "Procedure": "", 
  "Step": "2.F.1", 
  "TacticGroup": "Execution", 
  "Technique": "T1059", 
  "TechniqueName": "Command-Line Interface"
}
{
  "Detection": [
    ""
  ], 
  "DetectionText": [
    ""
  ], 
  "Procedure": "", 
  "Step": "2.F.3", 
  "TacticGroup": "Execution", 
  "Technique": "T1059", 
  "TechniqueName": "Command-Line Interface"
}
{
  "Detection": [
    ""
  ], 
  "DetectionText": [
    ""
  ], 
  "Procedure": "", 
  "Step": "2.F.2", 
  "TacticGroup": "Execution", 
  "Technique": "T1059", 
  "TechniqueName": "Command-Line Interface"
}
{
  "Detection": [
    ""
  ], 
  "DetectionText": [
    ""
  ], 
  "Procedure": "", 
  "Step": "2.G.1", 
  "TacticGroup": "Execution", 
  "Technique": "T1059", 
  "TechniqueName": "Command-Line Interface"
}
{
  "Detection": [
    ""
  ], 
  "DetectionText": [
    ""
  ], 
  "Procedure": "", 
  "Step": "2.H.1", 
  "TacticGroup": "Execution", 
  "Technique": "T1059", 
  "TechniqueName": "Command-Line Interface"
}
{
  "Detection": [
    ""
  ], 
  "DetectionText": [
    ""
  ], 
  "Procedure": "", 
  "Step": "2.C.2 ", 
  "TacticGroup": "Execution", 
  "Technique": "T1059", 
  "TechniqueName": "Command-Line Interface"
}
{
  "Detection": [
    ""
  ], 
  "DetectionText": [
    ""
  ], 
  "Procedure": "", 
  "Step": "7.C.1", 
  "TacticGroup": "Execution", 
  "Technique": "T1059", 
  "TechniqueName": "Command-Line Interface"
}
{
  "Detection": [
    ""
  ], 
  "DetectionText": [
    ""
  ], 
  "Procedure": "", 
  "Step": "8.A.1", 
  "TacticGroup": "Execution", 
  "Technique": "T1059", 
  "TechniqueName": "Command-Line Interface"
}
{
  "Detection": [
    ""
  ], 
  "DetectionText": [
    ""
  ], 
  "Procedure": "", 
  "Step": "8.A.2", 
  "TacticGroup": "Execution", 
  "Technique": "T1059", 
  "TechniqueName": "Command-Line Interface"
}
{
  "Detection": [
    ""
  ], 
  "DetectionText": [
    ""
  ], 
  "Procedure": "", 
  "Step": "2.G.2", 
  "TacticGroup": "Execution", 
  "Technique": "T1059", 
  "TechniqueName": "Command-Line Interface"
}
{
  "Detection": [
    ""
  ], 
  "DetectionText": [
    ""
  ], 
  "Procedure": "", 
  "Step": "4.A.2", 
  "TacticGroup": "Execution", 
  "Technique": "T1059", 
  "TechniqueName": "Command-Line Interface"
}
{
  "Detection": [
    ""
  ], 
  "DetectionText": [
    ""
  ], 
  "Procedure": "", 
  "Step": "6.A.1", 
  "TacticGroup": "Execution", 
  "Technique": "T1059", 
  "TechniqueName": "Command-Line Interface"
}
{
  "Detection": [
    ""
  ], 
  "DetectionText": [
    ""
  ], 
  "Procedure": "", 
  "Step": "4.A.1", 
  "TacticGroup": "Execution", 
  "Technique": "T1059", 
  "TechniqueName": "Command-Line Interface"
}
{
  "Detection": [
    ""
  ], 
  "DetectionText": [
    ""
  ], 
  "Procedure": "", 
  "Step": "4.B.1", 
  "TacticGroup": "Execution", 
  "Technique": "T1059", 
  "TechniqueName": "Command-Line Interface"
}
{
  "Detection": [
    ""
  ], 
  "DetectionText": [
    ""
  ], 
  "Procedure": "", 
  "Step": "4.C.1", 
  "TacticGroup": "Execution", 
  "Technique": "T1059", 
  "TechniqueName": "Command-Line Interface"
}
{
  "Detection": [
    "Telemetry,Tainted"
  ], 
  "DetectionText": [
    "Telemetry showed the execution sequence for powershell.exe executing ipconfig.exe with command-line arguments. The telemetry was tainted by previous \\\"Suspicious sequence of exploration activities\\\" and suspicious PowerShell cmdlet alerts."
  ], 
  "Procedure": "Empire: 'ipconfig /all' via PowerShell", 
  "Step": "12.A.2", 
  "TacticGroup": "Discovery", 
  "Technique": "T1016", 
  "TechniqueName": "System Network Configuration Discovery"
}
{
  "Detection": [
    "Telemetry,Tainted"
  ], 
  "DetectionText": [
    "Telemetry showed the execution sequence of cmd.exe executing netsh.exe with command-line arguments (tainted by the alert on suspicious process injection alert association with rundll32.exe)."
  ], 
  "Procedure": "Cobalt Strike: 'netsh advfirewall show allprofiles' via cmd", 
  "Step": "4.B.1", 
  "TacticGroup": "Discovery", 
  "Technique": "T1016", 
  "TechniqueName": "System Network Configuration Discovery"
}
{
  "Detection": [
    "Telemetry,Tainted"
  ], 
  "DetectionText": [
    "Telemetry showed the execution sequence for powershell.exe executing route.exe with command-line arguments. The telemetry was tainted by previous \\\"Suspicious sequence of exploration activities\\\" and suspicious PowerShell cmdlet alerts."
  ], 
  "Procedure": "Empire: 'route print' via PowerShell", 
  "Step": "12.A.1", 
  "TacticGroup": "Discovery", 
  "Technique": "T1016", 
  "TechniqueName": "System Network Configuration Discovery"
}
{
  "Detection": [
    "Telemetry", 
    "General Behavior,Delayed"
  ], 
  "DetectionText": [
    "Telemetry showed the execution sequence of cmd.exe executing arp.exe with command-line arguments.", 
    "A delayed General Behavior alert occurred due to a sequence of exploration activities that was classified as suspicious."
  ], 
  "Procedure": "Cobalt Strike: 'arp -a' via cmd", 
  "Step": "2.A.2", 
  "TacticGroup": "Discovery", 
  "Technique": "T1016", 
  "TechniqueName": "System Network Configuration Discovery"
}
{
  "Detection": [
    "Telemetry", 
    "General Behavior,Delayed"
  ], 
  "DetectionText": [
    "Telemetry showed the execution sequence of cmd.exe executing ipconfig.exe with command-line arguments.", 
    "A delayed General Behavior alert occurred due to a sequence of exploration commands that was classified as suspicious."
  ], 
  "Procedure": "Cobalt Strike: 'ipconfig /all' via cmd", 
  "Step": "2.A.1", 
  "TacticGroup": "Discovery", 
  "Technique": "T1016", 
  "TechniqueName": "System Network Configuration Discovery"
}
{
  "Detection": [
    "Telemetry"
  ], 
  "DetectionText": [
    "Telemetry showed invocation of the PowerShell cmdlet Get-NetInfo."
  ], 
  "Procedure": "Empire: WinEnum module included enumeration of network adapters", 
  "Step": "12.E.1.11", 
  "TacticGroup": "Discovery", 
  "Technique": "T1016", 
  "TechniqueName": "System Network Configuration Discovery"
}
{
  "Detection": [
    "Telemetry"
  ], 
  "DetectionText": [
    "Telemetry showed invocation of the PowerShell cmdlet Get-SysInfo."
  ], 
  "Procedure": "Empire: WinEnum module included enumeration of system information", 
  "Step": "12.E.1.6.1", 
  "TacticGroup": "Discovery", 
  "Technique": "T1082", 
  "TechniqueName": "System Information Discovery"
}
{
  "Detection": [
    "Telemetry"
  ], 
  "DetectionText": [
    "Telemetry showed invocation of the PowerShell cmdlet Get-HotFix."
  ], 
  "Procedure": "Empire: WinEnum module included enumeration of Windows update information", 
  "Step": "12.E.1.6.2", 
  "TacticGroup": "Discovery", 
  "Technique": "T1082", 
  "TechniqueName": "System Information Discovery"
}
{
  "Detection": [
    "Telemetry,Tainted"
  ], 
  "DetectionText": [
    "Telemetry showed the execution sequence of cmd.exe running net.exe with command-line arguments (tainted by the alert on suspicious sequence of exploration activities from child processes of rundll32.exe)."
  ], 
  "Procedure": "Cobalt Strike: 'net config workstation' via cmd", 
  "Step": "2.E.2", 
  "TacticGroup": "Discovery", 
  "Technique": "T1082", 
  "TechniqueName": "System Information Discovery"
}
{
  "Detection": [
    "Telemetry", 
    "General Behavior,Delayed"
  ], 
  "DetectionText": [
    "Telemetry showed the execution sequence of cmd.exe running systeminfo.exe.", 
    "A delayed General Behavior alert occurred due to a sequence of exploration activities that was classified as suspicious."
  ], 
  "Procedure": "Cobalt Strike: 'systeminfo' via cmd", 
  "Step": "2.E.1", 
  "TacticGroup": "Discovery", 
  "Technique": "T1082", 
  "TechniqueName": "System Information Discovery"
}
{
  "Detection": [
    "Telemetry,Configuration Change"
  ], 
  "DetectionText": [
    "Telemetry showed data for account Jesse creation after configuration change to enable collection of event ID 4720.[MS7]"
  ], 
  "Procedure": "Added user Jesse to Conficker (10.0.0.5) through RDP connection", 
  "Step": "7.A.1", 
  "TacticGroup": "Persistence", 
  "Technique": "T1136", 
  "TechniqueName": "Create Account"
}
{
  "Detection": [
    "Telemetry,Tainted", 
    "Specific Behavior"
  ], 
  "DetectionText": [
    "Telemetry from CodeRed showed sc.exe execution to remotely create the AdobeUpdater service with a binPath set to run cmd.exe with an argument to execute update.vbs on Creeper (tainted by parent alert on PowerShell script with suspicious content). Telemetry from Creeper shows the registry keys that were changed to add the new service", 
    "A Specific Behavior alert was generated for the suspicious service registration of AdobeUpdater."
  ], 
  "Procedure": "Empire: 'sc create' via PowerShell to remotely create a service on Creeper (10.0.0.4)", 
  "Step": "16.I.1", 
  "TacticGroup": "Persistence, Privilege Escalation", 
  "Technique": "T1050", 
  "TechniqueName": "New Service"
}
{
  "Detection": [
    "None"
  ], 
  "DetectionText": [
    "No detection capability demonstrated for this procedure, though telemetry was available that showed execution of Get-Content PowerShell cmdlet. Data does not show what file the cmdlet was executed on."
  ], 
  "Procedure": "Empire: 'get-content' via PowerShell to collect sensitive file (it_tasks.txt) from a network shared drive (Wormshare) on Conficker (10.0.0.5)", 
  "Step": "15.B.1", 
  "TacticGroup": "Credential Access", 
  "Technique": "T1081", 
  "TechniqueName": "Credentials in Files"
}
{
  "Detection": [
    ""
  ], 
  "DetectionText": [
    ""
  ], 
  "Procedure": "", 
  "Step": "13.C.1", 
  "TacticGroup": "Defense Evasion, Execution", 
  "Technique": "T1086", 
  "TechniqueName": "PowerShell"
}
{
  "Detection": [
    ""
  ], 
  "DetectionText": [
    ""
  ], 
  "Procedure": "", 
  "Step": "12.F.1", 
  "TacticGroup": "Defense Evasion, Execution", 
  "Technique": "T1086", 
  "TechniqueName": "PowerShell"
}
{
  "Detection": [
    ""
  ], 
  "DetectionText": [
    ""
  ], 
  "Procedure": "", 
  "Step": "17.B.1", 
  "TacticGroup": "Defense Evasion, Execution", 
  "Technique": "T1086", 
  "TechniqueName": "PowerShell"
}
{
  "Detection": [
    ""
  ], 
  "DetectionText": [
    ""
  ], 
  "Procedure": "", 
  "Step": "17.B.2", 
  "TacticGroup": "Defense Evasion, Execution", 
  "Technique": "T1086", 
  "TechniqueName": "PowerShell"
}
{
  "Detection": [
    ""
  ], 
  "DetectionText": [
    ""
  ], 
  "Procedure": "", 
  "Step": "12.F.2", 
  "TacticGroup": "Defense Evasion, Execution", 
  "Technique": "T1086", 
  "TechniqueName": "PowerShell"
}
{
  "Detection": [
    ""
  ], 
  "DetectionText": [
    ""
  ], 
  "Procedure": "", 
  "Step": "17.C.1", 
  "TacticGroup": "Defense Evasion, Execution", 
  "Technique": "T1086", 
  "TechniqueName": "PowerShell"
}
{
  "Detection": [
    ""
  ], 
  "DetectionText": [
    ""
  ], 
  "Procedure": "", 
  "Step": "12.G.1", 
  "TacticGroup": "Defense Evasion, Execution", 
  "Technique": "T1086", 
  "TechniqueName": "PowerShell"
}
{
  "Detection": [
    ""
  ], 
  "DetectionText": [
    ""
  ], 
  "Procedure": "", 
  "Step": "12.G.2", 
  "TacticGroup": "Defense Evasion, Execution", 
  "Technique": "T1086", 
  "TechniqueName": "PowerShell"
}
{
  "Detection": [
    ""
  ], 
  "DetectionText": [
    ""
  ], 
  "Procedure": "", 
  "Step": "12.D.1", 
  "TacticGroup": "Defense Evasion, Execution", 
  "Technique": "T1086", 
  "TechniqueName": "PowerShell"
}
{
  "Detection": [
    ""
  ], 
  "DetectionText": [
    ""
  ], 
  "Procedure": "", 
  "Step": "18.A.1", 
  "TacticGroup": "Defense Evasion, Execution", 
  "Technique": "T1086", 
  "TechniqueName": "PowerShell"
}
{
  "Detection": [
    ""
  ], 
  "DetectionText": [
    ""
  ], 
  "Procedure": "", 
  "Step": "12.E.1", 
  "TacticGroup": "Defense Evasion, Execution", 
  "Technique": "T1086", 
  "TechniqueName": "PowerShell"
}
{
  "Detection": [
    ""
  ], 
  "DetectionText": [
    ""
  ], 
  "Procedure": "", 
  "Step": "12.C.1", 
  "TacticGroup": "Defense Evasion, Execution", 
  "Technique": "T1086", 
  "TechniqueName": "PowerShell"
}
{
  "Detection": [
    ""
  ], 
  "DetectionText": [
    ""
  ], 
  "Procedure": "", 
  "Step": "12.B.1", 
  "TacticGroup": "Defense Evasion, Execution", 
  "Technique": "T1086", 
  "TechniqueName": "PowerShell"
}
{
  "Detection": [
    ""
  ], 
  "DetectionText": [
    ""
  ], 
  "Procedure": "", 
  "Step": "18.B.1", 
  "TacticGroup": "Defense Evasion, Execution", 
  "Technique": "T1086", 
  "TechniqueName": "PowerShell"
}
{
  "Detection": [
    ""
  ], 
  "DetectionText": [
    ""
  ], 
  "Procedure": "", 
  "Step": "17.A.1", 
  "TacticGroup": "Defense Evasion, Execution", 
  "Technique": "T1086", 
  "TechniqueName": "PowerShell"
}
{
  "Detection": [
    ""
  ], 
  "DetectionText": [
    ""
  ], 
  "Procedure": "", 
  "Step": "16.K.1", 
  "TacticGroup": "Defense Evasion, Execution", 
  "Technique": "T1086", 
  "TechniqueName": "PowerShell"
}
{
  "Detection": [
    ""
  ], 
  "DetectionText": [
    ""
  ], 
  "Procedure": "", 
  "Step": "11.A.1", 
  "TacticGroup": "Defense Evasion, Execution", 
  "Technique": "T1086", 
  "TechniqueName": "PowerShell"
}
{
  "Detection": [
    ""
  ], 
  "DetectionText": [
    ""
  ], 
  "Procedure": "", 
  "Step": "16.H.1", 
  "TacticGroup": "Defense Evasion, Execution", 
  "Technique": "T1086", 
  "TechniqueName": "PowerShell"
}
{
  "Detection": [
    ""
  ], 
  "DetectionText": [
    ""
  ], 
  "Procedure": "", 
  "Step": "12.A.2", 
  "TacticGroup": "Defense Evasion, Execution", 
  "Technique": "T1086", 
  "TechniqueName": "PowerShell"
}
{
  "Detection": [
    ""
  ], 
  "DetectionText": [
    ""
  ], 
  "Procedure": "", 
  "Step": "19.D.1", 
  "TacticGroup": "Defense Evasion, Execution", 
  "Technique": "T1086", 
  "TechniqueName": "PowerShell"
}
{
  "Detection": [
    ""
  ], 
  "DetectionText": [
    ""
  ], 
  "Procedure": "", 
  "Step": "19.D.2", 
  "TacticGroup": "Defense Evasion, Execution", 
  "Technique": "T1086", 
  "TechniqueName": "PowerShell"
}
{
  "Detection": [
    ""
  ], 
  "DetectionText": [
    ""
  ], 
  "Procedure": "", 
  "Step": "12.A.1", 
  "TacticGroup": "Defense Evasion, Execution", 
  "Technique": "T1086", 
  "TechniqueName": "PowerShell"
}
{
  "Detection": [
    ""
  ], 
  "DetectionText": [
    ""
  ], 
  "Procedure": "", 
  "Step": "16.I.1", 
  "TacticGroup": "Defense Evasion, Execution", 
  "Technique": "T1086", 
  "TechniqueName": "PowerShell"
}
{
  "Detection": [
    ""
  ], 
  "DetectionText": [
    ""
  ], 
  "Procedure": "", 
  "Step": "16.J.1", 
  "TacticGroup": "Defense Evasion, Execution", 
  "Technique": "T1086", 
  "TechniqueName": "PowerShell"
}
{
  "Detection": [
    ""
  ], 
  "DetectionText": [
    ""
  ], 
  "Procedure": "", 
  "Step": "15.B.1", 
  "TacticGroup": "Defense Evasion, Execution", 
  "Technique": "T1086", 
  "TechniqueName": "PowerShell"
}
{
  "Detection": [
    ""
  ], 
  "DetectionText": [
    ""
  ], 
  "Procedure": "", 
  "Step": "13.B.1", 
  "TacticGroup": "Defense Evasion, Execution", 
  "Technique": "T1086", 
  "TechniqueName": "PowerShell"
}
{
  "Detection": [
    ""
  ], 
  "DetectionText": [
    ""
  ], 
  "Procedure": "", 
  "Step": "13.B.2", 
  "TacticGroup": "Defense Evasion, Execution", 
  "Technique": "T1086", 
  "TechniqueName": "PowerShell"
}
{
  "Detection": [
    ""
  ], 
  "DetectionText": [
    ""
  ], 
  "Procedure": "", 
  "Step": "13.A.1", 
  "TacticGroup": "Defense Evasion, Execution", 
  "Technique": "T1086", 
  "TechniqueName": "PowerShell"
}
{
  "Detection": [
    ""
  ], 
  "DetectionText": [
    ""
  ], 
  "Procedure": "", 
  "Step": "16.L.1", 
  "TacticGroup": "Defense Evasion, Execution", 
  "Technique": "T1086", 
  "TechniqueName": "PowerShell"
}
{
  "Detection": [
    "Telemetry"
  ], 
  "DetectionText": [
    "Telemetry showed execution of mmc.exe, the Microsoft Management Console, spawning the lusrmgr.msc (Local Users and Groups snap-in) which displays local account information."
  ], 
  "Procedure": "Microsoft Management Console (Local Users and Groups snap-in) GUI utility displayed user account information", 
  "Step": "7.A.1", 
  "TacticGroup": "Discovery", 
  "Technique": "T1087", 
  "TechniqueName": "Account Discovery"
}
{
  "Detection": [
    "Telemetry,Tainted", 
    "General Behavior,Delayed", 
    "Specific Behavior,Delayed"
  ], 
  "DetectionText": [
    "Telemetry showed the execution sequence for powershell.exe executing net.exe with command-line arguments. The telemetry was tainted by a prior suspicious PowerShell cmdlet alert.", 
    "A delayed General Behavior alert was generated for \\\"Suspicious sequence of exploration activities\\\".[MS13]", 
    "A delayed Specific Behavior alert called \\\"Reconnaissance using directory services queries\\\" was generated for domain user enumeration.[MS14]"
  ], 
  "Procedure": "Empire: 'net user /domain' via PowerShell", 
  "Step": "12.G.2", 
  "TacticGroup": "Discovery", 
  "Technique": "T1087", 
  "TechniqueName": "Account Discovery"
}
{
  "Detection": [
    "Telemetry", 
    "General Behavior,Delayed"
  ], 
  "DetectionText": [
    "Telemetry showed the execution sequence of cmd.exe running net.exe with command-line arguments.", 
    "A delayed General Behavior alert occurred due to a sequence of exploration commands that was classified as suspicious."
  ], 
  "Procedure": "Cobalt Strike: 'net user /domain' via cmd", 
  "Step": "2.G.1", 
  "TacticGroup": "Discovery", 
  "Technique": "T1087", 
  "TechniqueName": "Account Discovery"
}
{
  "Detection": [
    "Telemetry", 
    "General Behavior,Delayed"
  ], 
  "DetectionText": [
    "Telemetry showed the execution sequence of cmd.exe running net.exe with command-line arguments.", 
    "A delayed General Behavior alert occurred due to a sequence of exploration activities that was classified as suspicious."
  ], 
  "Procedure": "Cobalt Strike: 'net user george /domain' via cmd", 
  "Step": "2.G.2", 
  "TacticGroup": "Discovery", 
  "Technique": "T1087", 
  "TechniqueName": "Account Discovery"
}
{
  "Detection": [
    "Telemetry,Tainted", 
    "General Behavior,Delayed"
  ], 
  "DetectionText": [
    "Telemetry showed the execution sequence for powershell.exe executing net.exe with command-line arguments. The telemetry was tainted by a prior suspicious PowerShell cmdlet alert.", 
    "A delayed General Behavior alert was generated for \\\"Suspicious sequence of exploration activities\\\".[MS13]"
  ], 
  "Procedure": "Empire: 'net user' via PowerShell", 
  "Step": "12.G.1", 
  "TacticGroup": "Discovery", 
  "Technique": "T1087", 
  "TechniqueName": "Account Discovery"
}
{
  "Detection": [
    "Telemetry", 
    "General Behavior,Delayed"
  ], 
  "DetectionText": [
    "Telemetry showed the execution sequence for rundll32.exe running update.dat.", 
    "A delayed General Behavior alert was generated for a low-reputation DLL loaded by a signed executable due to rundll32.exe execution of update.dat."
  ], 
  "Procedure": "Previously executed batch file (pdfhelper.cmd) launched a DLL payload (update.dat) using Rundll32", 
  "Step": "1.A.1", 
  "TacticGroup": "Defense Evasion, Execution", 
  "Technique": "T1085", 
  "TechniqueName": "Rundll32"
}
{
  "Detection": [
    "Telemetry,Tainted"
  ], 
  "DetectionText": [
    "Telemetry showed rundll32.exe as a medium integrity process as user Debbie and subsequent execution of powershell.exe as a high integrity process as SYSTEM as part of the UAC bypass (tainted by alert on a suspicious PowerShell command-line generated for the svchost.exe invocation of powershell.exe with an encoded script)."
  ], 
  "Procedure": "Cobalt Strike: Built-in UAC bypass token duplication capability executed to elevate process integrity level", 
  "Step": "3.A.1", 
  "TacticGroup": "Defense Evasion, Privilege Escalation", 
  "Technique": "T1088", 
  "TechniqueName": "Bypass User Account Control"
}
{
  "Detection": [
    "Telemetry,Tainted"
  ], 
  "DetectionText": [
    "Telemetry showed execution of powershell.exe executing \\\"Invoke-BypassUACTokenManipulation\\\" Empire cmdlet under the context of user Bob with medium integrity level, execution of svchost.exe with seclogon flag to use impersonation service with new high integrity powershell.exe process as SYSTEM, and subsequent context adjustment of powershell.exe to user Bob (tainted by the parent alert for suspicious sequence of exploration activities)."
  ], 
  "Procedure": "Empire: Built-in UAC bypass token duplication module executed to launch new callback with elevated process integrity level", 
  "Step": "14.A.1", 
  "TacticGroup": "Defense Evasion, Privilege Escalation", 
  "Technique": "T1088", 
  "TechniqueName": "Bypass User Account Control"
}
{
  "Detection": [
    "None"
  ], 
  "DetectionText": [
    "No detection capability demonstrated for this procedure."
  ], 
  "Procedure": "Cobalt Strike: 'ps' (Process status) via Win32 APIs", 
  "Step": "2.C.1", 
  "TacticGroup": "Discovery", 
  "Technique": "T1057", 
  "TechniqueName": "Process Discovery"
}
{
  "Detection": [
    "Telemetry", 
    "General Behavior,Delayed"
  ], 
  "DetectionText": [
    "Telemetry showed the execution sequence of cmd.exe executing tasklist.exe with command-line arguments.", 
    "A delayed General Behavior alert occurred due to a sequence of exploration activities that was classified as suspicious."
  ], 
  "Procedure": "Cobalt Strike: 'tasklist /v' via cmd", 
  "Step": "2.C.2 ", 
  "TacticGroup": "Discovery", 
  "Technique": "T1057", 
  "TechniqueName": "Process Discovery"
}
{
  "Detection": [
    "None"
  ], 
  "DetectionText": [
    "No detection capability demonstrated for this procedure."
  ], 
  "Procedure": "Cobalt Strike: 'ps' (Process status) via Win32 APIs", 
  "Step": "3.B.1", 
  "TacticGroup": "Discovery", 
  "Technique": "T1057", 
  "TechniqueName": "Process Discovery"
}
{
  "Detection": [
    "None"
  ], 
  "DetectionText": [
    "No detection capability demonstrated for this procedure."
  ], 
  "Procedure": "Cobalt Strike: 'ps' (Process status) via Win32 APIs", 
  "Step": "8.B.1", 
  "TacticGroup": "Discovery", 
  "Technique": "T1057", 
  "TechniqueName": "Process Discovery"
}
{
  "Detection": [
    "Telemetry,Tainted"
  ], 
  "DetectionText": [
    "Telemetry showed the execution sequence for powershell.exe executing qprocess.exe with command-line arguments. The telemetry was tainted by previous \\\"Suspicious sequence of exploration activities\\\" and suspicious PowerShell cmdlet alerts."
  ], 
  "Procedure": "Empire: 'qprocess *' via PowerShell", 
  "Step": "12.C.1", 
  "TacticGroup": "Discovery", 
  "Technique": "T1057", 
  "TechniqueName": "Process Discovery"
}
{
  "Detection": [
    "Telemetry,Tainted"
  ], 
  "DetectionText": [
    "Telemetry showed execution sequence for recycler.exe with WinRAR command-line arguments, including the -hp flag, for data encryption and compression (tainted by alert on\u00a0PowerShell script with a suspicious command-line was generated by numerous scripts)."
  ], 
  "Procedure": "Empire: Executed binary (recycler.exe) created encrypted archive (old.rar) of previously collected file", 
  "Step": "19.B.1", 
  "TacticGroup": "Exfiltration", 
  "Technique": "T1022", 
  "TechniqueName": "Data Encrypted"
}
{
  "Detection": [
    ""
  ], 
  "DetectionText": [
    ""
  ], 
  "Procedure": "", 
  "Step": "8.C.1", 
  "TacticGroup": "Execution", 
  "Technique": "T1106", 
  "TechniqueName": "Execution through API"
}
{
  "Detection": [
    ""
  ], 
  "DetectionText": [
    ""
  ], 
  "Procedure": "", 
  "Step": "3.B.1", 
  "TacticGroup": "Execution", 
  "Technique": "T1106", 
  "TechniqueName": "Execution through API"
}
{
  "Detection": [
    ""
  ], 
  "DetectionText": [
    ""
  ], 
  "Procedure": "", 
  "Step": "8.B.1", 
  "TacticGroup": "Execution", 
  "Technique": "T1106", 
  "TechniqueName": "Execution through API"
}
{
  "Detection": [
    ""
  ], 
  "DetectionText": [
    ""
  ], 
  "Procedure": "", 
  "Step": "9.B.1", 
  "TacticGroup": "Execution", 
  "Technique": "T1106", 
  "TechniqueName": "Execution through API"
}
{
  "Detection": [
    ""
  ], 
  "DetectionText": [
    ""
  ], 
  "Procedure": "", 
  "Step": "8.D.1", 
  "TacticGroup": "Execution", 
  "Technique": "T1106", 
  "TechniqueName": "Execution through API"
}
{
  "Detection": [
    ""
  ], 
  "DetectionText": [
    ""
  ], 
  "Procedure": "", 
  "Step": "9.A.1", 
  "TacticGroup": "Execution", 
  "Technique": "T1106", 
  "TechniqueName": "Execution through API"
}
{
  "Detection": [
    ""
  ], 
  "DetectionText": [
    ""
  ], 
  "Procedure": "", 
  "Step": "2.C.1", 
  "TacticGroup": "Execution", 
  "Technique": "T1106", 
  "TechniqueName": "Execution through API"
}
{
  "Detection": [
    ""
  ], 
  "DetectionText": [
    ""
  ], 
  "Procedure": "", 
  "Step": "12.E.1", 
  "TacticGroup": "Execution", 
  "Technique": "T1106", 
  "TechniqueName": "Execution through API"
}
{
  "Detection": [
    "Telemetry,Tainted"
  ], 
  "DetectionText": [
    "Telemetry showed an execution sequence for rundll32.exe opening a connection to 192.168.0.4 (C2 server) over port 80, and prior activity showed DNS traffic to the same C2 IP address, which could indicate multiband communication. The port 80 telemetry was tainted by the relationship to the previous alert on unexpected behavior originating from rundll32.exe.\u00a0"
  ], 
  "Procedure": "Cobalt Strike: C2 channel modified to split communications between both HTTP and DNS", 
  "Step": "6.B.1", 
  "TacticGroup": "Command and Control", 
  "Technique": "T1026", 
  "TechniqueName": "Multiband Communication"
}
{
  "Detection": [
    "Telemetry,Tainted", 
    "Specific Behavior,Delayed"
  ], 
  "DetectionText": [
    "Telemetry showed a logon attempt via net.exe with command-line arguments targeting ADMIN$ using valid credentials for user Kmitnick (tainted by parent alert on PowerShell script with suspicious content).", 
    "A delayed Specific Behavior alert was generated based on brute force attempt by accessing remote SMB shares with different accounts.[MS17]"
  ], 
  "Procedure": "Empire: Successful authentication targeted Windows admin share on Conficker (10.0.0.5)\u00a0", 
  "Step": "16.B.1", 
  "TacticGroup": "Lateral Movement", 
  "Technique": "T1077", 
  "TechniqueName": "Windows Admin Shares"
}
{
  "Detection": [
    "Telemetry,Tainted"
  ], 
  "DetectionText": [
    "Telemetry showed a logon attempt via net.exe with command-line arguments targeting C$ using valid credentials for user Kmitnick (tainted by parent alert on PowerShell script with suspicious content)."
  ], 
  "Procedure": "Empire: Successful authentication targeted Windows admin shares on Conficker (10.0.0.5)", 
  "Step": "16.D.1", 
  "TacticGroup": "Lateral Movement", 
  "Technique": "T1077", 
  "TechniqueName": "Windows Admin Shares"
}
{
  "Detection": [
    "Telemetry,Tainted", 
    "Specific Behavior,Delayed"
  ], 
  "DetectionText": [
    "Telemetry showed repeated logon attempts to ADMIN$ via net.exe with command-line arguments (tainted by parent alert on PowerShell script with suspicious content). Telemetry also showed failed authorization attempts due to bad passwords as indicated by a fallback request over WebDAV to port 80 on the C2 server, but did not indicate the two failed access attempts on Morris and Conficker that were due to the accounts having insufficient access on the systems.", 
    "A delayed Specific Behavior alert was generated based on brute force attempt by accessing remote SMB shares with different accounts.[MS16]"
  ], 
  "Procedure": "Empire: Brute force password spraying attempts targeted Windows admin shares on Morris (10.0.1.4) and Nimda (10.0.1.6)", 
  "Step": "16.A.1", 
  "TacticGroup": "Lateral Movement", 
  "Technique": "T1077", 
  "TechniqueName": "Windows Admin Shares"
}
{
  "Detection": [
    "Telemetry,Tainted"
  ], 
  "DetectionText": [
    "Telemetry showed the execution sequence for rundll32.exe opening a connection to 192.186.0.4 (C2 server) over port 80. The telemetry was tainted by the relationship to the previous alert on unexpected behavior originating from rundll32.exe."
  ], 
  "Procedure": "Cobalt Strike: C2 channel modified to use port 80", 
  "Step": "6.B.1", 
  "TacticGroup": "Command and Control", 
  "Technique": "T1043", 
  "TechniqueName": "Commonly Used Port"
}
{
  "Detection": [
    "None"
  ], 
  "DetectionText": [
    "No detection capability demonstrated for this procedure.[MS99]"
  ], 
  "Procedure": "Cobalt Strike: C2 channel established using port 53", 
  "Step": "1.C.1", 
  "TacticGroup": "Command and Control", 
  "Technique": "T1043", 
  "TechniqueName": "Commonly Used Port"
}
{
  "Detection": [
    "Telemetry,Tainted"
  ], 
  "DetectionText": [
    "Telemetry showed a connection to 192.168.0.5 (C2 server) on port 8080 was made (tainted by alert on suspicious PowerShell command-line arguments)."
  ], 
  "Procedure": "Empire: UAC bypass module downloaded a new Empire stager (wdbypass) over port 8080", 
  "Step": "14.A.1", 
  "TacticGroup": "Command and Control", 
  "Technique": "T1043", 
  "TechniqueName": "Commonly Used Port"
}
{
  "Detection": [
    "Telemetry,Tainted"
  ], 
  "DetectionText": [
    "Telemetry showed powershell.exe checking an SSL certificate and then communicating to 192.168.0.5 (C2 server) over port 443 (tainted by relationship to alert on PowerShell script with suspicious content). Telemetry within an alert also showed decoded command-line arguments containing port 443."
  ], 
  "Procedure": "Empire: C2 channel established using port 443", 
  "Step": "11.B.1", 
  "TacticGroup": "Command and Control", 
  "Technique": "T1043", 
  "TechniqueName": "Commonly Used Port"
}
{
  "Detection": [
    "Telemetry, Tainted"
  ], 
  "DetectionText": [
    "Telemetry showed net.exe with command-line arguments (tainted by parent alert on PowerShell script with suspicious content)."
  ], 
  "Procedure": "Empire: 'net use /delete' via PowerShell", 
  "Step": "16.C.1", 
  "TacticGroup": "Defense Evasion", 
  "Technique": "T1126", 
  "TechniqueName": "Network Share Connection Removal"
}
{
  "Detection": [
    "None"
  ], 
  "DetectionText": [
    "No detection capability demonstrated for this procedure, though data showed execution sequence for the PowerShell \\\"Remove-Item\\\" cmdlet (no arguments were available to indicate what was deleted)."
  ], 
  "Procedure": "Empire: 'del C:\\\"$\"Recycle.bin\\old.rar'", 
  "Step": "19.D.1", 
  "TacticGroup": "Defense Evasion", 
  "Technique": "T1107", 
  "TechniqueName": "File Deletion"
}
{
  "Detection": [
    "None"
  ], 
  "DetectionText": [
    "No detection capability demonstrated for this procedure."
  ], 
  "Procedure": "Empire: 'del recycler.exe'", 
  "Step": "19.D.2", 
  "TacticGroup": "Defense Evasion", 
  "Technique": "T1107", 
  "TechniqueName": "File Deletion"
}
{
  "Detection": [
    "None"
  ], 
  "DetectionText": [
    "No detection capability demonstrated for this procedure."
  ], 
  "Procedure": "Empire: WinEnum module included enumeration of AD group memberships", 
  "Step": "12.E.1.2", 
  "TacticGroup": "Discovery", 
  "Technique": "T1069", 
  "TechniqueName": "Permission Groups Discovery"
}
{
  "Detection": [
    "Telemetry,Tainted", 
    "General Behavior,Delayed"
  ], 
  "DetectionText": [
    "Telemetry showed the execution sequence for powershell.exe executing net.exe with command-line arguments. The telemetry was tainted by a prior suspicious PowerShell cmdlet alert.", 
    "A delayed General Behavior alert was generated for \\\"Suspicious sequence of exploration activities\\\".[MS13]"
  ], 
  "Procedure": "Empire: 'net group \"Domain Admins\" /domain' via PowerShell", 
  "Step": "12.F.1", 
  "TacticGroup": "Discovery", 
  "Technique": "T1069", 
  "TechniqueName": "Permission Groups Discovery"
}
{
  "Detection": [
    "Telemetry,Tainted", 
    "General Behavior,Delayed"
  ], 
  "DetectionText": [
    "Telemetry showed the execution sequence for powershell.exe executing net.exe with command-line arguments. The telemetry was tainted by a prior suspicious PowerShell cmdlet alert.", 
    "A delayed General Behavior alert was generated for \\\"Suspicious sequence of exploration activities\\\".[MS13]"
  ], 
  "Procedure": "Empire: 'net\u00a0localgroup\u00a0administrators' via PowerShell", 
  "Step": "12.F.2", 
  "TacticGroup": "Discovery", 
  "Technique": "T1069", 
  "TechniqueName": "Permission Groups Discovery"
}
{
  "Detection": [
    "Telemetry", 
    "General Behavior,Delayed"
  ], 
  "DetectionText": [
    "Telemetry showed the execution sequence of cmd.exe running net.exe with command-line arguments.", 
    "A delayed General Behavior alert occurred due to a sequence of exploration activities that was classified as suspicious."
  ], 
  "Procedure": "Cobalt Strike: 'net localgroup administrators' via cmd", 
  "Step": "2.F.1", 
  "TacticGroup": "Discovery", 
  "Technique": "T1069", 
  "TechniqueName": "Permission Groups Discovery"
}
{
  "Detection": [
    "Telemetry", 
    "General Behavior,Delayed"
  ], 
  "DetectionText": [
    "Telemetry showed the execution sequence of cmd.exe running net.exe with command-line arguments.", 
    "A delayed General Behavior alert occurred due to a sequence of exploration activities that was classified as suspicious."
  ], 
  "Procedure": "Cobalt Strike: 'net group \"Domain Admins\" /domain' via cmd", 
  "Step": "2.F.3", 
  "TacticGroup": "Discovery", 
  "Technique": "T1069", 
  "TechniqueName": "Permission Groups Discovery"
}
{
  "Detection": [
    "Telemetry", 
    "General Behavior,Delayed"
  ], 
  "DetectionText": [
    "Telemetry showed the execution sequence of cmd.exe running net.exe with command-line arguments.", 
    "A delayed General Behavior alert occurred due to a sequence of exploration activities that was classified as suspicious."
  ], 
  "Procedure": "Cobalt Strike: 'net localgroup administrators /domain' via cmd", 
  "Step": "2.F.2", 
  "TacticGroup": "Discovery", 
  "Technique": "T1069", 
  "TechniqueName": "Permission Groups Discovery"
}
{
  "Detection": [
    "Telemetry,Tainted"
  ], 
  "DetectionText": [
    "Telemetry showed powershell.exe creating recycler.exe file (tainted by alert on\u00a0PowerShell script with a suspicious command-line was generated by numerous scripts)."
  ], 
  "Procedure": "Empire: Built-in upload module executed to write binary (recycler.exe) to disk on CodeRed (10.0.1.5)", 
  "Step": "19.A.1", 
  "TacticGroup": "Command and Control, Lateral Movement", 
  "Technique": "T1105", 
  "TechniqueName": "Remote File Copy"
}
{
  "Detection": [
    "Telemetry"
  ], 
  "DetectionText": [
    "Telemetry showed cmd.exe writing updater.dll to disk."
  ], 
  "Procedure": "Cobalt Strike: Built-in upload capability executed to write a DLL payload (updater.dll) to disk on Nimda (10.0.1.6)", 
  "Step": "7.B.1", 
  "TacticGroup": "Command and Control, Lateral Movement", 
  "Technique": "T1105", 
  "TechniqueName": "Remote File Copy"
}
{
  "Detection": [
    "Telemetry,Tainted"
  ], 
  "DetectionText": [
    "Telemetry showed powershell.exe creating autoupdate.vbs (tainted by parent alert on PowerShell script with suspicious content)."
  ], 
  "Procedure": "Empire: Built-in upload module executed to write malicious VBScript (autoupdate.vbs) to disk on CodeRed (10.0.1.5)", 
  "Step": "16.E.1", 
  "TacticGroup": "Command and Control, Lateral Movement", 
  "Technique": "T1105", 
  "TechniqueName": "Remote File Copy"
}
{
  "Detection": [
    "Telemetry,Tainted"
  ], 
  "DetectionText": [
    "Telemetry showed network connection to 192.168.0.5 (C2 server) over port 8080 as well as decoded PowerShell making a connection over port 8080 with a HTTP request to download wdbypass payload. (tainted by alert on suspicious PowerShell command-line arguments)."
  ], 
  "Procedure": "Empire: UAC bypass module downloaded and executed a new Empire stager (wdbypass)", 
  "Step": "14.A.1", 
  "TacticGroup": "Command and Control, Lateral Movement", 
  "Technique": "T1105", 
  "TechniqueName": "Remote File Copy"
}
{
  "Detection": [
    "Telemetry,Tainted"
  ], 
  "DetectionText": [
    "Telemetry showed creation of update.vbs on 10.0.0.4 (Creeper) and the remote file copy action from 10.0.1.5 (CodeRed) (the remote file copy event on CodeRed was tainted by parent PowerShell alerts)."
  ], 
  "Procedure": "Empire: Built-in move capability executed to write malicious VBScript (update.vbs) to disk on Creeper (10.0.0.4)", 
  "Step": "16.G.1", 
  "TacticGroup": "Command and Control, Lateral Movement", 
  "Technique": "T1105", 
  "TechniqueName": "Remote File Copy"
}
{
  "Detection": [
    "Telemetry,Tainted"
  ], 
  "DetectionText": [
    "Telemetry showed svchost.exe executed with the seclogon command-line argument and a subsequent elevated powershell.exe process, indicating token manipulation (tainted by parent alert on a suspicious PowerShell command-line generated for the svchost.exe invocation of powershell.exe with an encoded script). "
  ], 
  "Procedure": "Cobalt Strike: Built-in UAC bypass token duplication capability executed to modify current process token", 
  "Step": "3.A.1", 
  "TacticGroup": "Defense Evasion, Privilege Escalation", 
  "Technique": "T1134", 
  "TechniqueName": "Access Token Manipulation"
}
{
  "Detection": [
    "Telemetry,Tainted"
  ], 
  "DetectionText": [
    "Telemetry showed svchost.exe as a high integrity process from SYSTEM and subsequent cmd.exe process running as user George (tainted by the parent alert on suspicious process injection into lsass.exe). Svchost.exe was executed with seclogon command-line argument indicating token manipulation."
  ], 
  "Procedure": "Cobalt Strike: Built-in token theft capability executed to change user context to George", 
  "Step": "5.B.1", 
  "TacticGroup": "Defense Evasion, Privilege Escalation", 
  "Technique": "T1134", 
  "TechniqueName": "Access Token Manipulation"
}
{
  "Detection": [
    "Telemetry"
  ], 
  "DetectionText": [
    "Telemetry within a process tree showed the child cmd.exe process running the script pdfhelper.cmd."
  ], 
  "Procedure": "Previously executed self-extracting archive (Resume Viewer.exe) launched an embedded batch file (pdfhelper.cmd)", 
  "Step": "1.A.1", 
  "TacticGroup": "Defense Evasion, Execution", 
  "Technique": "T1064", 
  "TechniqueName": "Scripting"
}
{
  "Detection": [
    "Telemetry", 
    "Specific Behavior", 
    "Specific Behavior, Delayed", 
    "Specific Behavior"
  ], 
  "DetectionText": [
    "Telemetry showed explorer.exe running autoupdate.vbs through wscript.exe and subsequent execution of PowerShell script and cmdlets.", 
    "A delayed Specific Behavior alert was generated for suspicious PowerShell command-line arguments.", 
    "A Specific Behavior alert was generated for PowerShell script with suspicious content detected through Antimalware Scan Interface extracted content.", 
    "A Specific Behavior alert was generated for PowerShell script with malicious cmdlets related to Empire."
  ], 
  "Procedure": "Legitimate user Bob clicked and executed malicious VBScript (autoupdate.vbs) on 10.0.1.5 (CodeRed)", 
  "Step": "11.A.1", 
  "TacticGroup": "Defense Evasion, Execution", 
  "Technique": "T1064", 
  "TechniqueName": "Scripting"
}
{
  "Detection": [
    "Telemetry,Tainted", 
    "Specific Behavior"
  ], 
  "DetectionText": [
    "Telemetry showed the execution sequence from PowerShell with several activities from the WinEnum cmdlet. The telemetry was tainted by the previous \\\"Suspicious sequence of exploration activities\\\" alert.", 
    "A Specific Behavior alert was generated for \\\"A malicious PowerShell Cmdlet was invoked on the machine.\\\""
  ], 
  "Procedure": "Empire: Built-in WinEnum module executed to programmatically execute a series of enumeration techniques", 
  "Step": "12.E.1", 
  "TacticGroup": "Defense Evasion, Execution", 
  "Technique": "T1064", 
  "TechniqueName": "Scripting"
}
{
  "Detection": [
    "Enrichment,Tainted", 
    "Specific Behavior,Delayed"
  ], 
  "DetectionText": [
    "The capability enriched data showing a svchost.exe process opening lsass.exe with a description that it was accessing credentials (tainted by parent process injection event that occurred from svchost.exe). Exploit Guard audited the process open and credential extraction event.[MS6]", 
    "A Specific Behavior alert was generated on credential memory access."
  ], 
  "Procedure": "Cobalt Strike: Built-in Mimikatz credential dump capability executed", 
  "Step": "5.A.1", 
  "TacticGroup": "Credential Access", 
  "Technique": "T1003", 
  "TechniqueName": "Credential Dumping"
}
{
  "Detection": [
    "Enrichment,Tainted"
  ], 
  "DetectionText": [
    "The capability enriched data showing a svchost.exe process opening lsass.exe with a description that it was accessing credentials (tainted by parent process injection event that occurred from svchost.exe). Exploit Guard audited the process open and credential extraction event.[MS6]"
  ], 
  "Procedure": "Cobalt Strike: Built-in hash dump capability executed", 
  "Step": "5.A.2", 
  "TacticGroup": "Credential Access", 
  "Technique": "T1003", 
  "TechniqueName": "Credential Dumping"
}
{
  "Detection": [
    "None"
  ], 
  "DetectionText": [
    "No detection capability demonstrated for this procedure."
  ], 
  "Procedure": "Cobalt Strike: Download capability exfiltrated data through existing C2 channel", 
  "Step": "9.B.1", 
  "TacticGroup": "Exfiltration", 
  "Technique": "T1041", 
  "TechniqueName": "Exfiltration Over Command and Control Channel"
}
{
  "Detection": [
    "Telemetry"
  ], 
  "DetectionText": [
    "Telemetry showed the execution sequence of cmd.exe executing autoupdate.bat from the Startup folder to start update.dat."
  ], 
  "Procedure": "Batch file (autoupdate.bat) previously written to Startup folder executed when user Debbie logs on to Nimda (10.0.1.6), launching a DLL payload (update.dat) using Rundll32", 
  "Step": "10.A.1", 
  "TacticGroup": "Persistence", 
  "Technique": "T1060", 
  "TechniqueName": "Registry Run Keys / Startup Folder"
}
{
  "Detection": [
    "Telemetry"
  ], 
  "DetectionText": [
    "Telemetry showed the execution sequence for Resume Viewer.exe writing autoupdate.bat to Debbie\\'s Startup folder to establish persistence."
  ], 
  "Procedure": "Previously executed batch file (pdfhelper.cmd) moved a separate batch file (autoupdate.bat) to the Startup folder", 
  "Step": "1.B.1", 
  "TacticGroup": "Persistence", 
  "Technique": "T1060", 
  "TechniqueName": "Registry Run Keys / Startup Folder"
}
{
  "Detection": [
    "Telemetry,Tainted", 
    "General Behavior,Delayed"
  ], 
  "DetectionText": [
    "Telemetry showed the execution sequence for powershell.exe executing net.exe with command-line arguments. The telemetry was tainted by a previous suspicious PowerShell cmdlet alert.", 
    "A delayed General Behavior alert was generated for \\\"Suspicious sequence of exploration activities\\\".[MS13]"
  ], 
  "Procedure": "Empire: 'net start' via PowerShell", 
  "Step": "12.D.1", 
  "TacticGroup": "Discovery", 
  "Technique": "T1007", 
  "TechniqueName": "System Service Discovery"
}
{
  "Detection": [
    "Telemetry,Tainted"
  ], 
  "DetectionText": [
    "Telemetry showed reg.exe executing with command-line arguments indicating a check to see if terminal services was enabled (tainted by prior alert on suspicious PowerShell command-line)."
  ], 
  "Procedure": "Empire: 'reg query' via PowerShell to enumerate a specific Registry key", 
  "Step": "17.A.1", 
  "TacticGroup": "Discovery", 
  "Technique": "T1007", 
  "TechniqueName": "System Service Discovery"
}
{
  "Detection": [
    "Telemetry,Tainted"
  ], 
  "DetectionText": [
    "Telemetry from CodeRed showed sc.exe remote service query on Creeper for the AdobeUpdater service (tainted by parent alert on PowerShell script with suspicious content)."
  ], 
  "Procedure": "Empire: 'sc qc' via PowerShell to remotely enumerate a specific service on Creeper (10.0.0.4)", 
  "Step": "16.J.1", 
  "TacticGroup": "Discovery", 
  "Technique": "T1007", 
  "TechniqueName": "System Service Discovery"
}
{
  "Detection": [
    "Telemetry,Tainted"
  ], 
  "DetectionText": [
    "Telemetry showed the execution sequence of cmd.exe executing net.exe with command-line arguments (tainted by the alert on suspicious sequence of exploration activities from child processes of rundll32.exe)."
  ], 
  "Procedure": "Cobalt Strike: 'net start' via cmd", 
  "Step": "2.D.2", 
  "TacticGroup": "Discovery", 
  "Technique": "T1007", 
  "TechniqueName": "System Service Discovery"
}
{
  "Detection": [
    "Telemetry", 
    "General Behavior,Delayed"
  ], 
  "DetectionText": [
    "Telemetry showed the execution sequence of cmd.exe executing sc.exe with command-line arguments.", 
    "A delayed General Behavior alert occurred due to a sequence of exploration activities that was classified as suspicious."
  ], 
  "Procedure": "Cobalt Strike: 'sc query' via cmd", 
  "Step": "2.D.1", 
  "TacticGroup": "Discovery", 
  "Technique": "T1007", 
  "TechniqueName": "System Service Discovery"
}
{
  "Detection": [
    "Telemetry"
  ], 
  "DetectionText": [
    "Telemetry showed invocation of the PowerShell cmdlet Get-Service."
  ], 
  "Procedure": "Empire: WinEnum module included enumeration of services", 
  "Step": "12.E.1.8", 
  "TacticGroup": "Discovery", 
  "Technique": "T1007", 
  "TechniqueName": "System Service Discovery"
}
{
  "Detection": [
    "Telemetry,Tainted"
  ], 
  "DetectionText": [
    "Telemetry from CodeRed showed sc.exe command remotely querying services on Creeper (tainted by parent alert on PowerShell script with suspicious content)."
  ], 
  "Procedure": "Empire: 'sc query' via PowerShell to remotely enumerate services on Creeper (10.0.0.4)", 
  "Step": "16.H.1", 
  "TacticGroup": "Discovery", 
  "Technique": "T1007", 
  "TechniqueName": "System Service Discovery"
}
{
  "Detection": [
    "Telemetry,Tainted"
  ], 
  "DetectionText": [
    "Telemetry showed execution sequence for ftp.exe with command-line arguments including ftp.txt (tainted by alert on\u00a0PowerShell script with a suspicious command-line was generated by numerous scripts). Telemetry also showed connections to 192.168.0.4 (C2 server) on ports 20 and 21 for the FTP connection."
  ], 
  "Procedure": "Empire: Sequence of 'echo' commands via PowerShell to populate commands in text file (ftp.txt), which is then executed by FTP to exfil data through network connection separate of existing C2 channel", 
  "Step": "19.C.1", 
  "TacticGroup": "Exfiltration", 
  "Technique": "T1048", 
  "TechniqueName": "Exfiltration Over Alternative Protocol"
}
{
  "Detection": [
    "Telemetry,Tainted", 
    "General Behavior,Delayed"
  ], 
  "DetectionText": [
    "Telemetry showed invocation of the PowerShell cmdlet Get-NetInfo and subsequent execution of netstat.exe with command-line arguments from powershell.exe. The telemetry was tainted by a prior suspicious PowerShell cmdlet alert.", 
    "A delayed General Behavior alert was generated for \\\"Suspicious sequence of exploration activities\\\".[MS13]"
  ], 
  "Procedure": "Empire: WinEnum module included enumeration of established network connections", 
  "Step": "12.E.1.12", 
  "TacticGroup": "Discovery", 
  "Technique": "T1049", 
  "TechniqueName": "System Network Connections Discovery"
}
{
  "Detection": [
    "Telemetry,Tainted", 
    "General Behavior,Delayed"
  ], 
  "DetectionText": [
    "Telemetry showed execution of net.exe with command-line arguments (tainted by parent PowerShell malicious cmdlet alert).", 
    "A delayed General Behavior alert was generated for \\\"Suspicious sequence of exploration activities\\\".[MS13]"
  ], 
  "Procedure": "Empire: 'net use' via PowerShell", 
  "Step": "13.B.1", 
  "TacticGroup": "Discovery", 
  "Technique": "T1049", 
  "TechniqueName": "System Network Connections Discovery"
}
{
  "Detection": [
    "Telemetry,Tainted", 
    "General Behavior,Delayed"
  ], 
  "DetectionText": [
    "Telemetry showed execution of netstat.exe (tainted by parent PowerShell malicious cmdlet alert).", 
    "A delayed General Behavior alert was generated for \\\"Suspicious sequence of exploration activities\\\".[MS13]"
  ], 
  "Procedure": "Empire: 'netstat -ano' via PowerShell", 
  "Step": "13.B.2", 
  "TacticGroup": "Discovery", 
  "Technique": "T1049", 
  "TechniqueName": "System Network Connections Discovery"
}
{
  "Detection": [
    "Telemetry,Tainted"
  ], 
  "DetectionText": [
    "Telemetry showed the execution sequence of cmd.exe executing netstat.exe with command-line arguments (tainted by the alert on suspicious process injection alert association with rundll32.exe)."
  ], 
  "Procedure": "Cobalt Strike: 'netstat -ano' via cmd", 
  "Step": "4.C.1", 
  "TacticGroup": "Discovery", 
  "Technique": "T1049", 
  "TechniqueName": "System Network Connections Discovery"
}
{
  "Detection": [
    "Telemetry,Tainted"
  ], 
  "DetectionText": [
    "Telemetry showed execution sequence for recycler.exe with WinRAR command-line arguments, including the -hp flag, for data encryption and compression (tainted by alert on\u00a0PowerShell script with a suspicious command-line was generated by numerous scripts)."
  ], 
  "Procedure": "Empire: Executed binary (recycler.exe) created compressed archive (old.rar) of previously collected file", 
  "Step": "19.B.1", 
  "TacticGroup": "Exfiltration", 
  "Technique": "T1002", 
  "TechniqueName": "Data Compressed"
}
{
  "Detection": [
    "None"
  ], 
  "DetectionText": [
    "No detection capability demonstrated for this procedure."
  ], 
  "Procedure": "Empire: WinEnum module included enumeration of clipboard contents", 
  "Step": "12.E.1.5", 
  "TacticGroup": "collection", 
  "Technique": "T1115", 
  "TechniqueName": "Clipboard Data"
}
{
  "Detection": [
    "Telemetry"
  ], 
  "DetectionText": [
    "Telemetry showed file creation of recycler.exe on CodeRed. Binary reputation and metadata for recycler.exe shows hash and publisher signature as win.rar GmbH indicating the file is actually the WinRAR utility."
  ], 
  "Procedure": "Empire: File dropped to disk is a renamed copy of the WinRAR binary", 
  "Step": "19.A.1", 
  "TacticGroup": "Defense Evasion", 
  "Technique": "T1036", 
  "TechniqueName": "Masquerading"
}
{
  "Detection": [
    "Telemetry,Tainted"
  ], 
  "DetectionText": [
    "Telemetry showed execution sequence for recycler.exe with RAR command-line arguments, including the -hp flag, for data encryption and compression indicating it was actually WinRAR masquerading as a different file (tainted by alert on\u00a0PowerShell script with a suspicious command-line was generated by numerous scripts)."
  ], 
  "Procedure": "Empire: Executed binary (recycler.exe) is a renamed copy of the WinRAR binary", 
  "Step": "19.B.1", 
  "TacticGroup": "Defense Evasion", 
  "Technique": "T1036", 
  "TechniqueName": "Masquerading"
}
{
  "Detection": [
    "Telemetry,Tainted"
  ], 
  "DetectionText": [
    "Telemetry from CodeRed showed sc.exe service creation command for the AdobeUpdater service with a binPath set to run update.vbs with cmd.exe on startup on Creeper (tainted by parent alert on PowerShell script with suspicious content).\u00a0Telemetry also showed the sc.exe command to set the service description, but a screenshot was not available. An analyst can use this information to determine AdobeUpdater is masquerading."
  ], 
  "Procedure": "Empire: 'sc description' via PowerShell to remotely disguise a service on Creeper (10.0.0.4)", 
  "Step": "16.I.1", 
  "TacticGroup": "Defense Evasion", 
  "Technique": "T1036", 
  "TechniqueName": "Masquerading"
}
{
  "Detection": [
    "Telemetry", 
    "Specific Behavior"
  ], 
  "DetectionText": [
    "Telemetry showed execution of magnify.exe from utilman.exe.", 
    "A Specific Behavior alert was generated on a successful sticky keys binary hijack because magnify.exe was executing as cmd.exe."
  ], 
  "Procedure": "magnifer.exe previously overwritten by cmd.exe launched through RDP connection made to Creeper (10.0.0.4)", 
  "Step": "20.A.1", 
  "TacticGroup": "Persistence, Privilege Escalation", 
  "Technique": "T1015", 
  "TechniqueName": "Accessibility Features"
}
{
  "Detection": [
    "Telemetry", 
    "Specific Behavior"
  ], 
  "DetectionText": [
    "Telemetry showed powershell.exe overwriting magnify.exe with the new file containing the same hash for cmd.exe. Reputation metadata confirms magnify.exe is cmd.exe under the file names observed.", 
    "A Specific Behavior alert was generated for overwrite of magnify.exe indicating a sticky keys binary hijack for persistence was detected."
  ], 
  "Procedure": "Empire: 'copy' via PowerShell to overwrite magnify.exe with cmd.exe", 
  "Step": "17.C.1", 
  "TacticGroup": "Persistence, Privilege Escalation", 
  "Technique": "T1015", 
  "TechniqueName": "Accessibility Features"
}
