{
  "Detection": [
    "Telemetry, Tainted", 
    " Enrichment"
  ], 
  "DetectionText": [
    "Telemetry showed a net.exe logon attempt to ADMIN$ on 10.0.0.5 (Conficker) using valid credentials for user Kmitnick followed by an event for the credentials being validated by the DC. The telemetry was tainted by a parent alert on wscript.exe.", 
    " The capability enriched an lsass.exe event with the correct ATT&CK Technique (Valid Accounts)."
  ], 
  "Procedure": "Empire: 'net use' via PowerShell to successfully authenticate to Conficker (10.0.0.5) using credentials of user Kmitnick", 
  "Step": "16.B.1", 
  "TacticGroup": "Defense Evasion, Persistence, Privilege Escalation, Initial Access", 
  "Technique": "T1078", 
  "TechniqueName": "Valid Accounts"
}
{
  "Detection": [
    "Telemetry, Tainted"
  ], 
  "DetectionText": [
    "Telemetry showed a net.exe logon attempt to C$ on 10.0.0.4 (Creeper) using valid credentials for user Kmitnick followed by a event for a successful login. The telemetry was tainted by a parent alert on wscript.exe."
  ], 
  "Procedure": "Empire: 'net use' via PowerShell to successfully authenticate to Creeper (10.0.0.4) using credentials of user Kmitnick", 
  "Step": "16.D.1", 
  "TacticGroup": "Defense Evasion, Persistence, Privilege Escalation, Initial Access", 
  "Technique": "T1078", 
  "TechniqueName": "Valid Accounts"
}
{
  "Detection": [
    "Telemetry"
  ], 
  "DetectionText": [
    "Telemetry showed userinit.exe as well as explorer.exe spawn as the user Jesse."
  ], 
  "Procedure": "RDP connection to Conficker (10.0.0.5) authenticated using previously added user Jesse", 
  "Step": "10.B.1", 
  "TacticGroup": "Defense Evasion, Persistence, Privilege Escalation, Initial Access", 
  "Technique": "T1078", 
  "TechniqueName": "Valid Accounts"
}
{
  "Detection": [
    "Enrichment"
  ], 
  "DetectionText": [
    "The capability enriched powershell.exe executing with command-line arguments with the correct ATT&CK Technique (Network Share Discovery)."
  ], 
  "Procedure": "Empire: WinEnum module included enumeration of mapped network drives", 
  "Step": "12.E.1.9.2", 
  "TacticGroup": "Discovery", 
  "Technique": "T1135", 
  "TechniqueName": "Network Share Discovery"
}
{
  "Detection": [
    "Enrichment"
  ], 
  "DetectionText": [
    "The capability enriched powershell.exe executing with command-line arguments with the correct ATT&CK Technique (Network Share Discovery)."
  ], 
  "Procedure": "Empire: WinEnum module included enumeration of available shares", 
  "Step": "12.E.1.9.1", 
  "TacticGroup": "Discovery", 
  "Technique": "T1135", 
  "TechniqueName": "Network Share Discovery"
}
{
  "Detection": [
    "Telemetry, Tainted"
  ], 
  "DetectionText": [
    "Telemetry showed an event with the execution of the Get-ChildItem command. The telemetry was tainted by a parent alert on wscript.exe.[PA7]"
  ], 
  "Procedure": "Empire: 'Get-ChildItem' via PowerShell to enumerate a network shared drive (Wormshare) on Conficker (10.0.0.5)", 
  "Step": "18.A.1", 
  "TacticGroup": "Discovery", 
  "Technique": "T1083", 
  "TechniqueName": "File and Directory Discovery"
}
{
  "Detection": [
    "Telemetry, Tainted", 
    " Enrichment, Tainted", 
    " Enrichment"
  ], 
  "DetectionText": [
    "Telemetry showed cmd.exe executing dir with command-line arguments. The telemetry was tainted by a parent alert related to Resume Viewer.exe and suspicious execution of the Windows Scripting Engine.", 
    " The capability enriched cmd.exe executing dir with command-line arguments as the execution of the dir command on a network location. The data was tainted by a parent alert related to Resume Viewer.exe and suspicious execution of the Windows Scripting Engine.", 
    " A General Behavior alert was generated for a commonly abused process (cmd.exe) spawning out of rundll32.exe. The alert was tainted by a parent alert related to Resume Viewer.exe and suspicious execution of the Windows Scripting Engine."
  ], 
  "Procedure": "Cobalt Strike: 'dir /s /b \"\\\\conficker\\wormshare\"' via cmd", 
  "Step": "8.A.1", 
  "TacticGroup": "Discovery", 
  "Technique": "T1083", 
  "TechniqueName": "File and Directory Discovery"
}
{
  "Detection": [
    "Telemetry, Tainted", 
    " Enrichment"
  ], 
  "DetectionText": [
    "Telemetry showed cmd.exe executing tree with command-line arguments. The telemetry was tainted by a parent alert related to Resume Viewer.exe and suspicious execution of the Windows Scripting Engine.", 
    " The capability enriched cmd.exe executing tree with command-line arguments with the correct ATT&CK Technique (File and Directory Discovery)."
  ], 
  "Procedure": "Cobalt Strike: 'tree \"C:\\Users\\debbie\"' via cmd", 
  "Step": "8.A.2", 
  "TacticGroup": "Discovery", 
  "Technique": "T1083", 
  "TechniqueName": "File and Directory Discovery"
}
{
  "Detection": [
    "Enrichment"
  ], 
  "DetectionText": [
    "The capability enriched powershell.exe executing with command-line arguments as suspicious and the correct ATT&CK Technique (File and Directory Discovery). "
  ], 
  "Procedure": "Empire: WinEnum module included enumeration of interesting files", 
  "Step": "12.E.1.4.2", 
  "TacticGroup": "Discovery", 
  "Technique": "T1083", 
  "TechniqueName": "File and Directory Discovery"
}
{
  "Detection": [
    "Enrichment"
  ], 
  "DetectionText": [
    "The capability enriched powershell.exe executing with command-line arguments as suspicious and the correct ATT&CK Technique (File and Directory Discovery). "
  ], 
  "Procedure": "Empire: WinEnum module included enumeration of recently opened files", 
  "Step": "12.E.1.4.1", 
  "TacticGroup": "Discovery", 
  "Technique": "T1083", 
  "TechniqueName": "File and Directory Discovery"
}
{
  "Detection": [
    "None"
  ], 
  "DetectionText": [
    "No detection capability demonstrated for this procedure.[PA2]"
  ], 
  "Procedure": "Cobalt Strike: 'ls' (List) via Win32 APIs to enumerate a network shared drive (Wormshare) on Conficker (10.0.0.5)", 
  "Step": "9.A.1", 
  "TacticGroup": "Discovery", 
  "Technique": "T1083", 
  "TechniqueName": "File and Directory Discovery"
}
{
  "Detection": [
    "Telemetry, Tainted"
  ], 
  "DetectionText": [
    "Telemetry showed a file read event for update.vbs. The telemetry was tainted by a parent alert on wscript.exe [PA7]"
  ], 
  "Procedure": "Empire: 'type' via PowerShell to remotely enumerate a specific file (update.vbs) on Creeper (10.0.0.4)", 
  "Step": "16.K.1", 
  "TacticGroup": "Discovery", 
  "Technique": "T1083", 
  "TechniqueName": "File and Directory Discovery"
}
{
  "Detection": [
    "Telemetry, Tainted"
  ], 
  "DetectionText": [
    "Telemetry showed a net.exe logon attempt to ADMIN$ on 10.0.0.5 (Conficker) as local user Kmitnick followed by an event for the credentials being validated by the DC. The telemetry was tainted by a parent alert on wscript.exe."
  ], 
  "Procedure": "Empire: Successful authentication to Conficker (10.0.0.5) using credentials of user Kmitnick as a result of the brute force password spraying", 
  "Step": "16.B.1", 
  "TacticGroup": "Credential Access", 
  "Technique": "T1110", 
  "TechniqueName": "Brute Force"
}
{
  "Detection": [
    "Telemetry, Tainted", 
    " General Behavior"
  ], 
  "DetectionText": [
    "Telemetry showed repeated logon attempts via net.exe and command-line arguments indicative of password spraying. The telemetry was tainted by a parent alert on wscript.exe.", 
    " A General Behavior alert was generated for sensitive administrative shares mapping with unexpected parent."
  ], 
  "Procedure": "Empire: 'net use' via PowerShell to brute force password spraying authentication attempts to Morris (10.0.1.4) and Nimda (10.0.1.6) targeting credentials of users\u00a0Kmitnick, Bob, and Frieda", 
  "Step": "16.A.1", 
  "TacticGroup": "Credential Access", 
  "Technique": "T1110", 
  "TechniqueName": "Brute Force"
}
{
  "Detection": [
    "Telemetry", 
    " Enrichment"
  ], 
  "DetectionText": [
    "\t\nTelemetry showed mmc.exe, the Microsoft Management Console, executing the lusrmgr.msc (Local Users and Groups snap-in) which displays local account information.", 
    " The capability enriched the Local Users and Groups snap-in (lusrmgr.msc) executing with the correct ATT&CK Technique (Graphical User Interface)."
  ], 
  "Procedure": "Microsoft Management Console (Local Users and Groups snap-in) GUI utility used to add new user through RDP connection", 
  "Step": "7.A.1", 
  "TacticGroup": "Execution", 
  "Technique": "T1061", 
  "TechniqueName": "Graphical User Interface"
}
{
  "Detection": [
    "Telemetry, Tainted", 
    " Enrichment, Tainted", 
    " Enrichment"
  ], 
  "DetectionText": [
    "Telemetry showed powershell.exe executing takeown with command-line arguments. The telemetry was tainted by a parent alert on cmd.exe.", 
    " The capability enriched takeown.exe executing with command-line arguments as changing permission or ownership of a file or folder. The data was tainted by a parent alert on cmd.exe.", 
    " The capability enriched reg.exe executing with command-line arguments with the correct ATT&CK Technique (File Permissions Modification)."
  ], 
  "Procedure": "Empire: 'takeown' via PowerShell to obtain ownership of magnify.exe", 
  "Step": "17.B.1", 
  "TacticGroup": "Defense Evasion", 
  "Technique": "T1222", 
  "TechniqueName": "File Permissions Modification"
}
{
  "Detection": [
    "Telemetry, Tainted", 
    " Enrichment"
  ], 
  "DetectionText": [
    "Telemetry showed powershell.exe executing icalcs with command-line arguments. The telemetry was tainted by a parent alert on cmd.exe.", 
    " The capability enriched icalcs.exe executing with command-line arguments with the correct ATT&CK Technique (File Permissions Modification)."
  ], 
  "Procedure": "Empire: 'icacls' via PowerShell to modify the DACL for magnify.exe", 
  "Step": "17.B.2", 
  "TacticGroup": "Defense Evasion", 
  "Technique": "T1222", 
  "TechniqueName": "File Permissions Modification"
}
{
  "Detection": [
    "Enrichment"
  ], 
  "DetectionText": [
    "The capability enriched the execution of a specific API call as information gathering using screen capture and suspicious activity."
  ], 
  "Procedure": "Cobalt Strike: Built-in screen capture capability executed to capture screenshot of current window of user Debbie", 
  "Step": "8.D.1", 
  "TacticGroup": "Collection", 
  "Technique": "T1113", 
  "TechniqueName": "Screen Capture"
}
{
  "Detection": [
    "Telemetry, Tainted", 
    " Enrichment"
  ], 
  "DetectionText": [
    "Telemetry showed powershell.exe executing sc with command-line arguments. As part of the service, telemetry also showed cmd.exe executing update.vbs on 10.0.0.4 (Creeper). The telemetry was tainted by a parent alert on wscript.exe.", 
    " The capability enriched sc.exe executing with command-line arguments with the correct ATT&CK Technique (Service Execution)."
  ], 
  "Procedure": "Empire: 'sc start' via PowerShell to remotely launch a specific service on Creeper (10.0.0.4)", 
  "Step": "16.L.1", 
  "TacticGroup": "Exectuion", 
  "Technique": "T1035", 
  "TechniqueName": "Service Execution"
}
{
  "Detection": [
    "Telemetry, Tainted"
  ], 
  "DetectionText": [
    "Telemetry showed powershell.exe executing whoami.exe with command-line arguments. The telemetry was tainted by a parent alert on wscript.exe."
  ], 
  "Procedure": "Empire: 'whoami /all /fo list' via PowerShell", 
  "Step": "12.B.1", 
  "TacticGroup": "Discovery", 
  "Technique": "T1033", 
  "TechniqueName": "System Owner/User Discovery"
}
{
  "Detection": [
    "Telemetry", 
    " Enrichment"
  ], 
  "DetectionText": [
    "Telemetry showed magnify.exe executing whoami.exe.", 
    " The capability enriched whoami.exe executing as an enumeration command."
  ], 
  "Procedure": "Executed 'whoami' via cmd persistence mechanism through RDP connection made to Creeper (10.0.0.4)", 
  "Step": "20.B.1", 
  "TacticGroup": "Discovery", 
  "Technique": "T1033", 
  "TechniqueName": "System Owner/User Discovery"
}
{
  "Detection": [
    "Telemetry, Tainted", 
    " Enrichment"
  ], 
  "DetectionText": [
    "Telemetry showed cmd.exe executing echo with command-line arguments. The telemetry was tainted by a parent alert related to Resume Viewer.exe and suspicious execution of the Windows Scripting Engine.", 
    " The capability enriched cmd.exe executing echo with the correct ATT&CK Technique (System Owner / User Discovery)."
  ], 
  "Procedure": "Cobalt Strike: 'echo' via cmd to enumerate specific environment variables", 
  "Step": "2.B.1", 
  "TacticGroup": "Discovery", 
  "Technique": "T1033", 
  "TechniqueName": "System Owner/User Discovery"
}
{
  "Detection": [
    "Indicator of Compromise"
  ], 
  "DetectionText": [
    "An Indicator of Compromise alert was generated identifying suspicious PowerShell strings as Empire UserInfo."
  ], 
  "Procedure": "Empire: WinEnum module included enumeration of user information", 
  "Step": "12.E.1.1", 
  "TacticGroup": "Discovery", 
  "Technique": "T1033", 
  "TechniqueName": "System Owner/User Discovery"
}
{
  "Detection": [
    "None"
  ], 
  "DetectionText": [
    "No detection capability demonstrated for this procedure.[PA2]"
  ], 
  "Procedure": "Empire: Encrypted C2 channel established using HTTPS", 
  "Step": "11.B.1", 
  "TacticGroup": "Command and Control", 
  "Technique": "T1032", 
  "TechniqueName": "Standard Cryptographic Protocol"
}
{
  "Detection": [
    "None"
  ], 
  "DetectionText": [
    "No detection capability demonstrated for this procedure."
  ], 
  "Procedure": "Empire: WinEnum module included enumeration of password policy information", 
  "Step": "12.E.1.3", 
  "TacticGroup": "Discovery", 
  "Technique": "T1201", 
  "TechniqueName": "Password Policy Discovery"
}
{
  "Detection": [
    "Telemetry"
  ], 
  "DetectionText": [
    "Telemetry showed that Resume Viewer.exe was executed and running as a process owned by user Debbie."
  ], 
  "Procedure": "Previously executed batch file (pdfhelper.cmd) launched a DLL payload (update.dat) using Rundll32", 
  "Step": "1.A.1", 
  "TacticGroup": "Execution", 
  "Technique": "T1204", 
  "TechniqueName": "User Execution"
}
{
  "Detection": [
    "Enrichment"
  ], 
  "DetectionText": [
    "The capability enriched powershell.exe executing with command-line arguments with the correct ATT&CK Technique (Security Software Discovery)."
  ], 
  "Procedure": "Empire: WinEnum module included enumeration of firewall rules", 
  "Step": "12.E.1.10.2", 
  "TacticGroup": "Discovery", 
  "Technique": "T1063", 
  "TechniqueName": "Security Software Discovery"
}
{
  "Detection": [
    "Telemetry"
  ], 
  "DetectionText": [
    "Telemetry showed an event log for the WMI query of the system AV products."
  ], 
  "Procedure": "Empire: WinEnum module included enumeration of AV solutions", 
  "Step": "12.E.1.10.1", 
  "TacticGroup": "Discovery", 
  "Technique": "T1063", 
  "TechniqueName": "Security Software Discovery"
}
{
  "Detection": [
    "Telemetry, Tainted", 
    " Specific Behavior, Tainted"
  ], 
  "DetectionText": [
    "Telemetry showed a file read event for the .vsdx file from the network shared drive on 10.0.0.5 (Conficker). The telemetry was tainted by a parent alert on wscript.exe.", 
    " A Specific Behavior alert was generated for a script engine reading files from network locations. The alert was tainted by a parent alert on wscript.exe.[PA7]"
  ], 
  "Procedure": "Empire: 'copy' via PowerShell staged a file (Shockwave_network.vsdx) from a network shared drive (Wormshare) on Conficker (10.0.0.5) in the Recycle Bin (C:\\$Recycle.Bin) on CodeRed (10.0.1.5)", 
  "Step": "18.B.1", 
  "TacticGroup": "Collection", 
  "Technique": "T1039", 
  "TechniqueName": "Data from Network Shared Drive"
}
{
  "Detection": [
    "Telemetry"
  ], 
  "DetectionText": [
    "Telemetry showed a file read event for the .vsdx file from the network shared drive.[PA2]"
  ], 
  "Procedure": "Cobalt Strike: Built-in download capability executed to a collect file (Shockwave_rackb_diagram.vsdx) from a network shared drive (Wormshare) on Conficker (10.0.0.5)", 
  "Step": "9.B.1", 
  "TacticGroup": "Collection", 
  "Technique": "T1039", 
  "TechniqueName": "Data from Network Shared Drive"
}
{
  "Detection": [
    "Specific Behavior, Tainted"
  ], 
  "DetectionText": [
    "A Specific Behavior alert was generated for PowerShell injecting shellcode. The alert was tainted by a parent alert related to Resume Viewer.exe and suspicious execution of the Windows Scripting Engine. [PA7]"
  ], 
  "Procedure": "Cobalt Strike: Built-in process injection capability executed to inject callback into cmd.exe", 
  "Step": "3.C.1", 
  "TacticGroup": "Defense Evasion, Privilege Escalation", 
  "Technique": "T1055", 
  "TechniqueName": "Process Injection"
}
{
  "Detection": [
    "Enrichment"
  ], 
  "DetectionText": [
    "The capability enriched cmd.exe injecting into explorer.exe as code injection via CreateThread."
  ], 
  "Procedure": "Cobalt Strike: Screen capture capability involved process injection into explorer.exe", 
  "Step": "8.D.1", 
  "TacticGroup": "Defense Evasion, Privilege Escalation", 
  "Technique": "T1055", 
  "TechniqueName": "Process Injection"
}
{
  "Detection": [
    "Specific Behavior"
  ], 
  "DetectionText": [
    "A Specific Behavior alert was generated for a suspicious handle being opened to lsass.exe. The alert was tagged with a related ATT&CK Technique (Credential Dumping). [PA3]"
  ], 
  "Procedure": "Cobalt Strike: Credential dump capability involved process injection into lsass", 
  "Step": "5.A.1", 
  "TacticGroup": "Defense Evasion, Privilege Escalation", 
  "Technique": "T1055", 
  "TechniqueName": "Process Injection"
}
{
  "Detection": [
    "Telemetry, Tainted"
  ], 
  "DetectionText": [
    "Telemetry showed a code injection into lsass.exe. The telemetry was tainted by a parent process injection alert on cmd.exe."
  ], 
  "Procedure": "Cobalt Strike: Hash dump capability involved process injection into lsass.exe", 
  "Step": "5.A.2", 
  "TacticGroup": "Defense Evasion, Privilege Escalation", 
  "Technique": "T1055", 
  "TechniqueName": "Process Injection"
}
{
  "Detection": [
    "Telemetry, Tainted", 
    " Enrichment, Tainted"
  ], 
  "DetectionText": [
    "Telemetry showed powershell.exe executing net with command-line arguments. The telemetry was tainted by a parent alert on wscript.exe.", 
    " The capability enriched the execution of net.exe and net1.exe as an enumeration command. The data was tainted by a parent alert on wscript.exe. "
  ], 
  "Procedure": "Empire: 'net group \"Domain Computers\" /domain' via PowerShell", 
  "Step": "13.A.1", 
  "TacticGroup": "Discovery", 
  "Technique": "T1018", 
  "TechniqueName": "Remote System Discovery"
}
{
  "Detection": [
    "Telemetry", 
    " Enrichment", 
    " Enrichment", 
    " Enrichment"
  ], 
  "DetectionText": [
    "Telemetry showed cmd.exe executing net with command-line arguments.", 
    " The capability enriched the execution of net.exe as the execution of an enumeration command using net or net1.", 
    " The capability enriched the execution of net.exe as the execution of an enumeration command.", 
    " The capability enriched cmd.exe executing net with a related ATT&CK Technique (System Network Connections Discovery)."
  ], 
  "Procedure": "Cobalt Strike: 'net group \"Domain Controllers\" /domain' via cmd", 
  "Step": "4.A.1", 
  "TacticGroup": "Discovery", 
  "Technique": "T1018", 
  "TechniqueName": "Remote System Discovery"
}
{
  "Detection": [
    "Telemetry", 
    " Enrichment"
  ], 
  "DetectionText": [
    "Telemetry showed cmd.exe executing net with command-line arguments.", 
    " The capability enriched the execution of net.exe as the execution of an enumeration command using net or net1."
  ], 
  "Procedure": "Cobalt Strike: 'net group \"Domain Computers\" /domain' via cmd", 
  "Step": "4.A.2", 
  "TacticGroup": "Discovery", 
  "Technique": "T1018", 
  "TechniqueName": "Remote System Discovery"
}
{
  "Detection": [
    "Telemetry"
  ], 
  "DetectionText": [
    "Telemetry showed port 80 command and control traffic as well as the loading of winhttp.dll, which an analyst could use to determine HTTP was used."
  ], 
  "Procedure": "Cobalt Strike: C2 channel modified to use HTTP traffic to freegoogleadsenseinfo.com", 
  "Step": "6.B.1", 
  "TacticGroup": "Command and Control", 
  "Technique": "T1071", 
  "TechniqueName": "Standard Application Layer Protocol"
}
{
  "Detection": [
    "None"
  ], 
  "DetectionText": [
    "No detection capability demonstrated for this procedure.[PA2]"
  ], 
  "Procedure": "Cobalt Strike: C2 channel established using both NetBIOS and base64 encoding", 
  "Step": "1.C.1", 
  "TacticGroup": "Command and Control", 
  "Technique": "T1071", 
  "TechniqueName": "Standard Application Layer Protocol"
}
{
  "Detection": [
    "None"
  ], 
  "DetectionText": [
    "No detection capability demonstrated for this procedure, though telemetry showed an encoded PowerShell command that could be decoded outside the capability to show the IEX command used to download the file (wdbypass) over HTTP port 8080."
  ], 
  "Procedure": "Empire: UAC bypass module downloaded a new Empire stager (wdbypass) over HTTP", 
  "Step": "14.A.1", 
  "TacticGroup": "Command and Control", 
  "Technique": "T1071", 
  "TechniqueName": "Standard Application Layer Protocol"
}
{
  "Detection": [
    "None"
  ], 
  "DetectionText": [
    "No detection capability demonstrated for this procedure.[PA2]"
  ], 
  "Procedure": "Empire: C2 channel established using HTTPS traffic to freegoogleadsenseinfo.com", 
  "Step": "11.B.1", 
  "TacticGroup": "Command and Control", 
  "Technique": "T1071", 
  "TechniqueName": "Standard Application Layer Protocol"
}
{
  "Detection": [
    "Enrichment"
  ], 
  "DetectionText": [
    "The capability enriched the execution of a specific API call as keylogging and suspicious activity. Though it does not count as a detection, the capability also showed code and hook injections into explorer.exe."
  ], 
  "Procedure": "Cobalt Strike: Built-in keylogging capability executed to capture keystrokes of user Debbie", 
  "Step": "8.C.1", 
  "TacticGroup": "collection, Credential Access", 
  "Technique": "T1056", 
  "TechniqueName": "Input Capture"
}
{
  "Detection": [
    "Enrichment", 
    " Indicator of Compromise"
  ], 
  "DetectionText": [
    "The capability enriched the execution of a specific API call as keylogging and suspicious activity.", 
    " An Indicator of Compromise alert was generated identifying a PowerShell Empire script logging keys pressed, time, and the active window."
  ], 
  "Procedure": "Empire: Built-in keylogging module executed to capture keystrokes of user Bob", 
  "Step": "15.A.1", 
  "TacticGroup": "collection, Credential Access", 
  "Technique": "T1056", 
  "TechniqueName": "Input Capture"
}
{
  "Detection": [
    "None"
  ], 
  "DetectionText": [
    "No detection capability demonstrated for this procedure.[PA2]"
  ], 
  "Procedure": "Cobalt Strike: C2 channel established using DNS traffic to freegoogleadsenseinfo.com", 
  "Step": "1.C.1", 
  "TacticGroup": "Command and Control", 
  "Technique": "T1132", 
  "TechniqueName": "Data Encoding"
}
{
  "Detection": [
    "Telemetry"
  ], 
  "DetectionText": [
    "Telemetry showed an inbound connection to Creeper (10.0.0.4) on port 3389."
  ], 
  "Procedure": "RDP connection made to Creeper (10.0.0.4) as part of execution of persistence mechanism", 
  "Step": "20.A.1", 
  "TacticGroup": "Lateral Movement", 
  "Technique": "T1076", 
  "TechniqueName": "Remote Desktop Protocol"
}
{
  "Detection": [
    "Telemetry, Tainted", 
    " General Behavior, Tainted"
  ], 
  "DetectionText": [
    "\nTelemetry showed cmd.exe establishing an outbound RDP connection over port 3389 to 10.0.0.5 (Conficker). The telemetry was tainted by a parent process injection alert on cmd.exe.", 
    " A General Behavior alert was generated for an unexpected process using the RDP port. The data was tainted by a parent process injection alert on cmd.exe."
  ], 
  "Procedure": "Cobalt Strike: C2 channel modified to proxy RDP connection to Conficker (10.0.0.5)", 
  "Step": "6.C.1", 
  "TacticGroup": "Lateral Movement", 
  "Technique": "T1076", 
  "TechniqueName": "Remote Desktop Protocol"
}
{
  "Detection": [
    "Telemetry", 
    " Enrichment"
  ], 
  "DetectionText": [
    "Telemetry showed a successful incoming connection to Conficker (10.0.0.5) over port 3389.", 
    " The capability enriched the network connection over port 3389 with the correct ATT&CK Technique (Remote Desktop Protocol)."
  ], 
  "Procedure": "RDP connection made to Conficker (10.0.0.5) as part of execution of persistence mechanism", 
  "Step": "10.B.1", 
  "TacticGroup": "Lateral Movement", 
  "Technique": "T1076", 
  "TechniqueName": "Remote Desktop Protocol"
}
{
  "Detection": [
    "Telemetry"
  ], 
  "DetectionText": [
    "Telemetry showed the execution sequence for rundll32.exe executing updater.dll with a parent of svchost.exe running with command-line arguments \"-k netsvcs -p -s Schedule\"."
  ], 
  "Procedure": "Scheduled task executed when user Debbie logs on to Nimda (10.0.1.6), launching a DLL payload (updater.dll) using Rundll32", 
  "Step": "10.A.2", 
  "TacticGroup": "Execution", 
  "Technique": "T1053", 
  "TechniqueName": "Scheduled Task"
}
{
  "Detection": [
    "Telemetry, Tainted", 
    " Specific Behavior, Tainted", 
    " Specific Behavior, Tainted", 
    " Enrichment"
  ], 
  "DetectionText": [
    "Telemetry showed schtasks.exe creating the Resume Viewer Update Checker scheduled task as reboot persistence and as SYSTEM. The telemetry was tainted by a parent process injection alert on cmd.exe.", 
    " A Specific Behavior alert was generated for the creation of a new scheduled task. The alert was tainted by a parent process injection alert on cmd.exe.[PA4]", 
    " A Specific Behavior alert was generated for a commonly abused host process scheduling a task. The alert was tainted by a parent process injection alert on cmd.exe.[PA4]", 
    " The capability enriched schtasks.exe creating the Resume Viewer Update Checker scheduled task with the correct ATT&CK Technique (Scheduled Task)."
  ], 
  "Procedure": "Cobalt Strike: 'schtasks' via cmd to create scheduled task that executes a DLL payload (updater.dll)", 
  "Step": "7.C.1", 
  "TacticGroup": "Execution", 
  "Technique": "T1053", 
  "TechniqueName": "Scheduled Task"
}
{
  "Detection": [
    "Telemetry, Tainted"
  ], 
  "DetectionText": [
    "Telemetry showed file read and write events for the .vsdx file from the network shared drive on 10.0.0.5 (Conficker) to the Recycle Bin. The telemetry was tainted by a parent alert on wscript.exe."
  ], 
  "Procedure": "Empire: 'copy' via PowerShell collected a file (Shockwave_network.vsdx) from a network shared drive (Wormshare) on Conficker (10.0.0.5)", 
  "Step": "18.B.1", 
  "TacticGroup": "Collection", 
  "Technique": "T1074", 
  "TechniqueName": "Data Staged"
}
{
  "Detection": [
    "None"
  ], 
  "DetectionText": [
    "No detection capability demonstrated for this procedure."
  ], 
  "Procedure": "Cobalt Strike: Keylogging capability included residual enumeration of application windows", 
  "Step": "8.C.1", 
  "TacticGroup": "Discovery", 
  "Technique": "T1010", 
  "TechniqueName": "Application Window Discovery"
}
{
  "Detection": [
    "Telemetry", 
    " Indicator of Compromise"
  ], 
  "DetectionText": [
    "Telemetry showed the decoded PowerShell script, which includes the API call GetForegroundWindow to enumerate the active window.", 
    " An Indicator of Compromise alert was generated identifying a PowerShell Empire script logging keys pressed, time, and the active window."
  ], 
  "Procedure": "Empire: Built-in keylogging module included residual enumeration of application windows", 
  "Step": "15.A.1", 
  "TacticGroup": "Discovery", 
  "Technique": "T1010", 
  "TechniqueName": "Application Window Discovery"
}
{
  "Detection": [
    "Enrichment, Tainted", 
    " Indicator of Compromise"
  ], 
  "DetectionText": [
    "The capability enriched the enumeration of system information via a Registry query as suspicious. The data was tainted by a parent alert on wscript.exe.", 
    " An Indicator of Compromise alert was generated identifying suspicious PowerShell strings as Empire SysImfo."
  ], 
  "Procedure": "Empire: WinEnum module included enumeration of system information via a Registry query", 
  "Step": "12.E.1.7", 
  "TacticGroup": "Discovery", 
  "Technique": "T1012", 
  "TechniqueName": "Query Registry"
}
{
  "Detection": [
    "Telemetry, Tainted", 
    " Enrichment"
  ], 
  "DetectionText": [
    "Telemetry showed powershell.exe executing reg with command-line arguments. The telemetry was tainted by a parent alert on wscript.exe.", 
    " The capability enriched reg.exe executing with command-line arguments with the correct ATT&CK Technique (Query Registry)."
  ], 
  "Procedure": "Empire:\u00a0'reg query' via PowerShell to enumerate a specific Registry key", 
  "Step": "13.C.1", 
  "TacticGroup": "Discovery", 
  "Technique": "T1012", 
  "TechniqueName": "Query Registry"
}
{
  "Detection": [
    "Telemetry, Tainted", 
    " Enrichment, Tainted", 
    " Enrichment"
  ], 
  "DetectionText": [
    "Telemetry showed powershell.exe executing reg with command-line arguments to check if terminal services were enabled. The telemetry was tainted by a parent alert on cmd.exe.", 
    " The capability enriched reg.exe executing with command-line arguments as the terminal server key queried by the reg utility. The data was tainted by a parent alert on cmd.exe.", 
    " The capability enriched reg.exe executing with command-line arguments with a related ATT&CK Technique (System Service Discovery)."
  ], 
  "Procedure": "Empire: 'reg query' via PowerShell to enumerate a specific Registry key", 
  "Step": "17.A.1", 
  "TacticGroup": "Discovery", 
  "Technique": "T1012", 
  "TechniqueName": "Query Registry"
}
{
  "Detection": [
    "Telemetry, Tainted", 
    " Enrichment"
  ], 
  "DetectionText": [
    "Telemetry showed cmd.exe executing reg with command-line arguments. The telemetry was tainted by a parent alert related to Resume Viewer.exe and suspicious execution of the Windows Scripting Engine.", 
    " The capability enriched reg.exe executing with the correct ATT&CK Technique (Query Registry)."
  ], 
  "Procedure": "Cobalt Strike: 'reg query' via cmd to enumerate a specific Registry key", 
  "Step": "2.H.1", 
  "TacticGroup": "Discovery", 
  "Technique": "T1012", 
  "TechniqueName": "Query Registry"
}
{
  "Detection": [
    "Telemetry, Tainted", 
    " Enrichment, Tainted", 
    " Enrichment"
  ], 
  "DetectionText": [
    "Telemetry showed cmd.exe executing reg with command-line arguments. The telemetry was tainted by a parent process injection alert on cmd.exe.", 
    " The capability enriched the execution of reg.exe as querying a remote key. The data was tainted by a parent process injection alert on cmd.exe.", 
    " The capability enriched reg.exe executing with the correct ATT&CK Technique (Query Registry)."
  ], 
  "Procedure": "Cobalt Strike: 'reg query' via cmd to remotely enumerate a specific Registry key on Conficker (10.0.0.5)", 
  "Step": "6.A.1", 
  "TacticGroup": "Discovery", 
  "Technique": "T1012", 
  "TechniqueName": "Query Registry"
}
{
  "Detection": [
    ""
  ], 
  "DetectionText": [
    ""
  ], 
  "Procedure": "", 
  "Step": "2.B.1", 
  "TacticGroup": "Execution", 
  "Technique": "T1059", 
  "TechniqueName": "Command-Line Interface"
}
{
  "Detection": [
    ""
  ], 
  "DetectionText": [
    ""
  ], 
  "Procedure": "", 
  "Step": "2.A.2", 
  "TacticGroup": "Execution", 
  "Technique": "T1059", 
  "TechniqueName": "Command-Line Interface"
}
{
  "Detection": [
    ""
  ], 
  "DetectionText": [
    ""
  ], 
  "Procedure": "", 
  "Step": "2.D.2", 
  "TacticGroup": "Execution", 
  "Technique": "T1059", 
  "TechniqueName": "Command-Line Interface"
}
{
  "Detection": [
    ""
  ], 
  "DetectionText": [
    ""
  ], 
  "Procedure": "", 
  "Step": "2.D.1", 
  "TacticGroup": "Execution", 
  "Technique": "T1059", 
  "TechniqueName": "Command-Line Interface"
}
{
  "Detection": [
    ""
  ], 
  "DetectionText": [
    ""
  ], 
  "Procedure": "", 
  "Step": "2.A.1", 
  "TacticGroup": "Execution", 
  "Technique": "T1059", 
  "TechniqueName": "Command-Line Interface"
}
{
  "Detection": [
    ""
  ], 
  "DetectionText": [
    ""
  ], 
  "Procedure": "", 
  "Step": "2.E.2", 
  "TacticGroup": "Execution", 
  "Technique": "T1059", 
  "TechniqueName": "Command-Line Interface"
}
{
  "Detection": [
    ""
  ], 
  "DetectionText": [
    ""
  ], 
  "Procedure": "", 
  "Step": "2.E.1", 
  "TacticGroup": "Execution", 
  "Technique": "T1059", 
  "TechniqueName": "Command-Line Interface"
}
{
  "Detection": [
    "Telemetry, Tainted", 
    " Enrichment", 
    " Indicator of Compromise"
  ], 
  "DetectionText": [
    "Telemetry showed cmd.exe executing autoupdate.vbs. The telemetry was tainted by a parent alert on wscript.exe.", 
    " The capability enriched wscript.exe executing autoupdate.vbs with a related ATT&CK Technique (Scripting).", 
    " An Indicator of Compromise Alert was generated identify PowerShell Empire using the Runas functionality."
  ], 
  "Procedure": "Empire: Built-in runas module executed to launch malicious VBScript (autoupdate.vbs) as user Kmitnick\u00a0", 
  "Step": "16.F.1", 
  "TacticGroup": "Execution", 
  "Technique": "T1059", 
  "TechniqueName": "Command-Line Interface"
}
{
  "Detection": [
    ""
  ], 
  "DetectionText": [
    ""
  ], 
  "Procedure": "", 
  "Step": "2.F.1", 
  "TacticGroup": "Execution", 
  "Technique": "T1059", 
  "TechniqueName": "Command-Line Interface"
}
{
  "Detection": [
    ""
  ], 
  "DetectionText": [
    ""
  ], 
  "Procedure": "", 
  "Step": "2.F.3", 
  "TacticGroup": "Execution", 
  "Technique": "T1059", 
  "TechniqueName": "Command-Line Interface"
}
{
  "Detection": [
    ""
  ], 
  "DetectionText": [
    ""
  ], 
  "Procedure": "", 
  "Step": "2.F.2", 
  "TacticGroup": "Execution", 
  "Technique": "T1059", 
  "TechniqueName": "Command-Line Interface"
}
{
  "Detection": [
    ""
  ], 
  "DetectionText": [
    ""
  ], 
  "Procedure": "", 
  "Step": "2.G.1", 
  "TacticGroup": "Execution", 
  "Technique": "T1059", 
  "TechniqueName": "Command-Line Interface"
}
{
  "Detection": [
    ""
  ], 
  "DetectionText": [
    ""
  ], 
  "Procedure": "", 
  "Step": "2.H.1", 
  "TacticGroup": "Execution", 
  "Technique": "T1059", 
  "TechniqueName": "Command-Line Interface"
}
{
  "Detection": [
    ""
  ], 
  "DetectionText": [
    ""
  ], 
  "Procedure": "", 
  "Step": "2.C.2 ", 
  "TacticGroup": "Execution", 
  "Technique": "T1059", 
  "TechniqueName": "Command-Line Interface"
}
{
  "Detection": [
    ""
  ], 
  "DetectionText": [
    ""
  ], 
  "Procedure": "", 
  "Step": "7.C.1", 
  "TacticGroup": "Execution", 
  "Technique": "T1059", 
  "TechniqueName": "Command-Line Interface"
}
{
  "Detection": [
    ""
  ], 
  "DetectionText": [
    ""
  ], 
  "Procedure": "", 
  "Step": "8.A.1", 
  "TacticGroup": "Execution", 
  "Technique": "T1059", 
  "TechniqueName": "Command-Line Interface"
}
{
  "Detection": [
    ""
  ], 
  "DetectionText": [
    ""
  ], 
  "Procedure": "", 
  "Step": "8.A.2", 
  "TacticGroup": "Execution", 
  "Technique": "T1059", 
  "TechniqueName": "Command-Line Interface"
}
{
  "Detection": [
    ""
  ], 
  "DetectionText": [
    ""
  ], 
  "Procedure": "", 
  "Step": "2.G.2", 
  "TacticGroup": "Execution", 
  "Technique": "T1059", 
  "TechniqueName": "Command-Line Interface"
}
{
  "Detection": [
    ""
  ], 
  "DetectionText": [
    ""
  ], 
  "Procedure": "", 
  "Step": "4.A.2", 
  "TacticGroup": "Execution", 
  "Technique": "T1059", 
  "TechniqueName": "Command-Line Interface"
}
{
  "Detection": [
    ""
  ], 
  "DetectionText": [
    ""
  ], 
  "Procedure": "", 
  "Step": "6.A.1", 
  "TacticGroup": "Execution", 
  "Technique": "T1059", 
  "TechniqueName": "Command-Line Interface"
}
{
  "Detection": [
    ""
  ], 
  "DetectionText": [
    ""
  ], 
  "Procedure": "", 
  "Step": "4.A.1", 
  "TacticGroup": "Execution", 
  "Technique": "T1059", 
  "TechniqueName": "Command-Line Interface"
}
{
  "Detection": [
    ""
  ], 
  "DetectionText": [
    ""
  ], 
  "Procedure": "", 
  "Step": "4.B.1", 
  "TacticGroup": "Execution", 
  "Technique": "T1059", 
  "TechniqueName": "Command-Line Interface"
}
{
  "Detection": [
    ""
  ], 
  "DetectionText": [
    ""
  ], 
  "Procedure": "", 
  "Step": "4.C.1", 
  "TacticGroup": "Execution", 
  "Technique": "T1059", 
  "TechniqueName": "Command-Line Interface"
}
{
  "Detection": [
    "Telemetry, Tainted", 
    " Enrichment"
  ], 
  "DetectionText": [
    "Telemetry showed powershell.exe executing ipconfig.exe with command-line arguments. The telemetry was tainted by a parent alert on wscript.exe.", 
    " The capability enriched ipconfig.exe executing with the correct ATT&CK Technique (System Network Configuration Discovery)."
  ], 
  "Procedure": "Empire: 'ipconfig /all' via PowerShell", 
  "Step": "12.A.2", 
  "TacticGroup": "Discovery", 
  "Technique": "T1016", 
  "TechniqueName": "System Network Configuration Discovery"
}
{
  "Detection": [
    "Telemetry", 
    " Enrichment"
  ], 
  "DetectionText": [
    "Telemetry showed cmd.exe executing netsh with command-line arguments.", 
    " The capability enriched netsh.exe executing with the correct ATT&CK Technique (System Network Configuration Discovery)."
  ], 
  "Procedure": "Cobalt Strike: 'netsh advfirewall show allprofiles' via cmd", 
  "Step": "4.B.1", 
  "TacticGroup": "Discovery", 
  "Technique": "T1016", 
  "TechniqueName": "System Network Configuration Discovery"
}
{
  "Detection": [
    "Telemetry, Tainted", 
    " Enrichment"
  ], 
  "DetectionText": [
    "Telemetry showed powershell.exe executing route.exe with command-line arguments. The telemetry was tainted by a parent alert on wscript.exe.", 
    " The capability enriched route.exe executing with the correct ATT&CK Technique (System Network Configuration Discovery)."
  ], 
  "Procedure": "Empire: 'route print' via PowerShell", 
  "Step": "12.A.1", 
  "TacticGroup": "Discovery", 
  "Technique": "T1016", 
  "TechniqueName": "System Network Configuration Discovery"
}
{
  "Detection": [
    "Telemetry, Tainted", 
    " Enrichment", 
    " Enrichment, Tainted"
  ], 
  "DetectionText": [
    "Telemetry showed cmd.exe executing arp with command-line arguments. The telemetry was tainted by a parent alert related to Resume Viewer.exe and suspicious execution of the Windows Scripting Engine.", 
    " The capability enriched arp.exe executing with the correct ATT&CK Technique (System Network Configuration Discovery).", 
    " The capability enriched the execution of arp.exe as possible reconnaissance as well as the execution of an enumeration command. The data was tainted by a parent alert related to Resume Viewer.exe and suspicious execution of the Windows Scripting Engine."
  ], 
  "Procedure": "Cobalt Strike: 'arp -a' via cmd", 
  "Step": "2.A.2", 
  "TacticGroup": "Discovery", 
  "Technique": "T1016", 
  "TechniqueName": "System Network Configuration Discovery"
}
{
  "Detection": [
    "Telemetry, Tainted", 
    " Enrichment", 
    " Enrichment, Tainted", 
    " General Behavior, Tainted"
  ], 
  "DetectionText": [
    "Telemetry showed cmd.exe executing ipconfig with command-line arguments. The telemetry was tainted by a parent alert related to Resume Viewer.exe and suspicious execution of the Windows Scripting Engine.", 
    " The capability enriched ipconfig.exe executing with the correct ATT&CK Technique (System Network Configuration Discovery).", 
    " The capability enriched the execution of ipconfig.exe as the execution of an enumeration command. The data was tainted by a parent alert related to Resume Viewer.exe and suspicious execution of the Windows Scripting Engine.", 
    " A General Behavior alert was generated for a commonly abused process (cmd.exe) spawning out of rundll32.exe. The alert was tainted by a parent alert related to Resume Viewer.exe and suspicious execution of the Windows Scripting Engine."
  ], 
  "Procedure": "Cobalt Strike: 'ipconfig /all' via cmd", 
  "Step": "2.A.1", 
  "TacticGroup": "Discovery", 
  "Technique": "T1016", 
  "TechniqueName": "System Network Configuration Discovery"
}
{
  "Detection": [
    "Indicator of Compromise"
  ], 
  "DetectionText": [
    "An Indicator of Compromise alert was generated identifying suspicious PowerShell strings as Empire NetInfo."
  ], 
  "Procedure": "Empire: WinEnum module included enumeration of network adapters", 
  "Step": "12.E.1.11", 
  "TacticGroup": "Discovery", 
  "Technique": "T1016", 
  "TechniqueName": "System Network Configuration Discovery"
}
{
  "Detection": [
    "Indicator of Compromise"
  ], 
  "DetectionText": [
    "An Indicator of Compromise alert was generated identifying suspicious PowerShell strings as Empire SysImfo."
  ], 
  "Procedure": "Empire: WinEnum module included enumeration of system information", 
  "Step": "12.E.1.6.1", 
  "TacticGroup": "Discovery", 
  "Technique": "T1082", 
  "TechniqueName": "System Information Discovery"
}
{
  "Detection": [
    "None"
  ], 
  "DetectionText": [
    "No detection capability demonstrated for this procedure."
  ], 
  "Procedure": "Empire: WinEnum module included enumeration of Windows update information", 
  "Step": "12.E.1.6.2", 
  "TacticGroup": "Discovery", 
  "Technique": "T1082", 
  "TechniqueName": "System Information Discovery"
}
{
  "Detection": [
    "Telemetry, Tainted", 
    " Enrichment", 
    " Enrichment, Tainted"
  ], 
  "DetectionText": [
    "Telemetry showed cmd.exe executing net with command-line arguments. The telemetry was tainted by a parent alert related to Resume Viewer.exe and suspicious execution of the Windows Scripting Engine.", 
    " The capability enriched cmd.exe executing net with the correct ATT&CK Technique (System Information Discovery).", 
    " The capability enriched the execution of net.exe as the execution of an enumeration command. The data was tainted by a parent alert related to Resume Viewer.exe and suspicious execution of the Windows Scripting Engine."
  ], 
  "Procedure": "Cobalt Strike: 'net config workstation' via cmd", 
  "Step": "2.E.2", 
  "TacticGroup": "Discovery", 
  "Technique": "T1082", 
  "TechniqueName": "System Information Discovery"
}
{
  "Detection": [
    "Telemetry, Tainted", 
    " Enrichment", 
    " Enrichment, Tainted"
  ], 
  "DetectionText": [
    "Telemetry showed cmd.exe executing systeminfo with command-line arguments. The telemetry was tainted by a parent alert related to Resume Viewer.exe and suspicious execution of the Windows Scripting Engine.", 
    " The capability enriched cmd.exe executing systeminfo with the correct ATT&CK Technique (System Information Discovery).", 
    " The capability enriched the execution of systeminfo.exe as the execution of an enumeration command. The data was tainted by a parent alert related to Resume Viewer.exe and suspicious execution of the Windows Scripting Engine."
  ], 
  "Procedure": "Cobalt Strike: 'systeminfo' via cmd", 
  "Step": "2.E.1", 
  "TacticGroup": "Discovery", 
  "Technique": "T1082", 
  "TechniqueName": "System Information Discovery"
}
{
  "Detection": [
    "Telemetry", 
    " Enrichment"
  ], 
  "DetectionText": [
    "Telemetry showed mmc.exe creating a Registry key for user Jesse, indicating that the user is new.", 
    " The capability enriched the Local Users and Groups snap-in (lusrmgr.msc) executing with the correct ATT&CK Technique (Create Account)."
  ], 
  "Procedure": "Added user Jesse to Conficker (10.0.0.5) through RDP connection", 
  "Step": "7.A.1", 
  "TacticGroup": "Persistence", 
  "Technique": "T1136", 
  "TechniqueName": "Create Account"
}
{
  "Detection": [
    "Telemetry, Tainted", 
    " Specific Behavior, Tainted", 
    " Enrichment"
  ], 
  "DetectionText": [
    "Telemetry showed execution of sc.exe with command-line arguments to create a new AdobeUpdater service containing a binPath pointed to cmd.exe with arguments to execute update.vbs. Telemetry also showed the creation of Registry keys associated with this new service. The telemetry was tainted by a parent alert on wscript.exe.", 
    " A Specific Behavior alert was generated for a new service created via the command line. The alert was tainted by a parent alert on wscript.exe.", 
    " The capability enriched sc.exe executing with the correct ATT&CK Technique (New Service)."
  ], 
  "Procedure": "Empire: 'sc create' via PowerShell to remotely create a service on Creeper (10.0.0.4)", 
  "Step": "16.I.1", 
  "TacticGroup": "Persistence, Privilege Escalation", 
  "Technique": "T1050", 
  "TechniqueName": "New Service"
}
{
  "Detection": [
    "Telemetry"
  ], 
  "DetectionText": [
    "Telemetry showed a file read event for IT_tasks.txt."
  ], 
  "Procedure": "Empire: 'get-content' via PowerShell to collect sensitive file (it_tasks.txt) from a network shared drive (Wormshare) on Conficker (10.0.0.5)", 
  "Step": "15.B.1", 
  "TacticGroup": "Execution", 
  "Technique": "T1081", 
  "TechniqueName": "Credentials in Files"
}
{
  "Detection": [
    ""
  ], 
  "DetectionText": [
    ""
  ], 
  "Procedure": "", 
  "Step": "13.C.1", 
  "TacticGroup": "Execution", 
  "Technique": "T1086", 
  "TechniqueName": "PowerShell"
}
{
  "Detection": [
    ""
  ], 
  "DetectionText": [
    ""
  ], 
  "Procedure": "", 
  "Step": "16.A.1", 
  "TacticGroup": "Execution", 
  "Technique": "T1086", 
  "TechniqueName": "PowerShell"
}
{
  "Detection": [
    ""
  ], 
  "DetectionText": [
    ""
  ], 
  "Procedure": "", 
  "Step": "12.F.1", 
  "TacticGroup": "Execution", 
  "Technique": "T1086", 
  "TechniqueName": "PowerShell"
}
{
  "Detection": [
    ""
  ], 
  "DetectionText": [
    ""
  ], 
  "Procedure": "", 
  "Step": "16.G.1", 
  "TacticGroup": "Execution", 
  "Technique": "T1086", 
  "TechniqueName": "PowerShell"
}
{
  "Detection": [
    ""
  ], 
  "DetectionText": [
    ""
  ], 
  "Procedure": "", 
  "Step": "17.B.2", 
  "TacticGroup": "Execution", 
  "Technique": "T1086", 
  "TechniqueName": "PowerShell"
}
{
  "Detection": [
    ""
  ], 
  "DetectionText": [
    ""
  ], 
  "Procedure": "", 
  "Step": "12.F.2", 
  "TacticGroup": "Execution", 
  "Technique": "T1086", 
  "TechniqueName": "PowerShell"
}
{
  "Detection": [
    ""
  ], 
  "DetectionText": [
    ""
  ], 
  "Procedure": "", 
  "Step": "17.C.1", 
  "TacticGroup": "Execution", 
  "Technique": "T1086", 
  "TechniqueName": "PowerShell"
}
{
  "Detection": [
    ""
  ], 
  "DetectionText": [
    ""
  ], 
  "Procedure": "", 
  "Step": "12.G.1", 
  "TacticGroup": "Execution", 
  "Technique": "T1086", 
  "TechniqueName": "PowerShell"
}
{
  "Detection": [
    ""
  ], 
  "DetectionText": [
    ""
  ], 
  "Procedure": "", 
  "Step": "12.G.2", 
  "TacticGroup": "Execution", 
  "Technique": "T1086", 
  "TechniqueName": "PowerShell"
}
{
  "Detection": [
    ""
  ], 
  "DetectionText": [
    ""
  ], 
  "Procedure": "", 
  "Step": "17.B.1", 
  "TacticGroup": "Execution", 
  "Technique": "T1086", 
  "TechniqueName": "PowerShell"
}
{
  "Detection": [
    ""
  ], 
  "DetectionText": [
    ""
  ], 
  "Procedure": "", 
  "Step": "12.D.1", 
  "TacticGroup": "Execution", 
  "Technique": "T1086", 
  "TechniqueName": "PowerShell"
}
{
  "Detection": [
    ""
  ], 
  "DetectionText": [
    ""
  ], 
  "Procedure": "", 
  "Step": "17.A.1", 
  "TacticGroup": "Execution", 
  "Technique": "T1086", 
  "TechniqueName": "PowerShell"
}
{
  "Detection": [
    ""
  ], 
  "DetectionText": [
    ""
  ], 
  "Procedure": "", 
  "Step": "18.A.1", 
  "TacticGroup": "Execution", 
  "Technique": "T1086", 
  "TechniqueName": "PowerShell"
}
{
  "Detection": [
    ""
  ], 
  "DetectionText": [
    ""
  ], 
  "Procedure": "", 
  "Step": "12.E.1", 
  "TacticGroup": "Execution", 
  "Technique": "T1086", 
  "TechniqueName": "PowerShell"
}
{
  "Detection": [
    ""
  ], 
  "DetectionText": [
    ""
  ], 
  "Procedure": "", 
  "Step": "12.C.1", 
  "TacticGroup": "Execution", 
  "Technique": "T1086", 
  "TechniqueName": "PowerShell"
}
{
  "Detection": [
    ""
  ], 
  "DetectionText": [
    ""
  ], 
  "Procedure": "", 
  "Step": "12.B.1", 
  "TacticGroup": "Execution", 
  "Technique": "T1086", 
  "TechniqueName": "PowerShell"
}
{
  "Detection": [
    ""
  ], 
  "DetectionText": [
    ""
  ], 
  "Procedure": "", 
  "Step": "18.B.1", 
  "TacticGroup": "Execution", 
  "Technique": "T1086", 
  "TechniqueName": "PowerShell"
}
{
  "Detection": [
    ""
  ], 
  "DetectionText": [
    ""
  ], 
  "Procedure": "", 
  "Step": "16.E.1", 
  "TacticGroup": "Execution", 
  "Technique": "T1086", 
  "TechniqueName": "PowerShell"
}
{
  "Detection": [
    ""
  ], 
  "DetectionText": [
    ""
  ], 
  "Procedure": "", 
  "Step": "16.D.1", 
  "TacticGroup": "Execution", 
  "Technique": "T1086", 
  "TechniqueName": "PowerShell"
}
{
  "Detection": [
    ""
  ], 
  "DetectionText": [
    ""
  ], 
  "Procedure": "", 
  "Step": "16.K.1", 
  "TacticGroup": "Execution", 
  "Technique": "T1086", 
  "TechniqueName": "PowerShell"
}
{
  "Detection": [
    ""
  ], 
  "DetectionText": [
    ""
  ], 
  "Procedure": "", 
  "Step": "11.A.1", 
  "TacticGroup": "Execution", 
  "Technique": "T1086", 
  "TechniqueName": "PowerShell"
}
{
  "Detection": [
    ""
  ], 
  "DetectionText": [
    ""
  ], 
  "Procedure": "", 
  "Step": "16.H.1", 
  "TacticGroup": "Execution", 
  "Technique": "T1086", 
  "TechniqueName": "PowerShell"
}
{
  "Detection": [
    ""
  ], 
  "DetectionText": [
    ""
  ], 
  "Procedure": "", 
  "Step": "12.A.2", 
  "TacticGroup": "Execution", 
  "Technique": "T1086", 
  "TechniqueName": "PowerShell"
}
{
  "Detection": [
    ""
  ], 
  "DetectionText": [
    ""
  ], 
  "Procedure": "", 
  "Step": "19.D.1", 
  "TacticGroup": "Execution", 
  "Technique": "T1086", 
  "TechniqueName": "PowerShell"
}
{
  "Detection": [
    ""
  ], 
  "DetectionText": [
    ""
  ], 
  "Procedure": "", 
  "Step": "19.D.2", 
  "TacticGroup": "Execution", 
  "Technique": "T1086", 
  "TechniqueName": "PowerShell"
}
{
  "Detection": [
    ""
  ], 
  "DetectionText": [
    ""
  ], 
  "Procedure": "", 
  "Step": "12.A.1", 
  "TacticGroup": "Execution", 
  "Technique": "T1086", 
  "TechniqueName": "PowerShell"
}
{
  "Detection": [
    ""
  ], 
  "DetectionText": [
    ""
  ], 
  "Procedure": "", 
  "Step": "16.I.1", 
  "TacticGroup": "Execution", 
  "Technique": "T1086", 
  "TechniqueName": "PowerShell"
}
{
  "Detection": [
    ""
  ], 
  "DetectionText": [
    ""
  ], 
  "Procedure": "", 
  "Step": "16.J.1", 
  "TacticGroup": "Execution", 
  "Technique": "T1086", 
  "TechniqueName": "PowerShell"
}
{
  "Detection": [
    ""
  ], 
  "DetectionText": [
    ""
  ], 
  "Procedure": "", 
  "Step": "16.B.1", 
  "TacticGroup": "Execution", 
  "Technique": "T1086", 
  "TechniqueName": "PowerShell"
}
{
  "Detection": [
    ""
  ], 
  "DetectionText": [
    ""
  ], 
  "Procedure": "", 
  "Step": "15.B.1", 
  "TacticGroup": "Execution", 
  "Technique": "T1086", 
  "TechniqueName": "PowerShell"
}
{
  "Detection": [
    ""
  ], 
  "DetectionText": [
    ""
  ], 
  "Procedure": "", 
  "Step": "13.B.1", 
  "TacticGroup": "Execution", 
  "Technique": "T1086", 
  "TechniqueName": "PowerShell"
}
{
  "Detection": [
    ""
  ], 
  "DetectionText": [
    ""
  ], 
  "Procedure": "", 
  "Step": "13.B.2", 
  "TacticGroup": "Execution", 
  "Technique": "T1086", 
  "TechniqueName": "PowerShell"
}
{
  "Detection": [
    ""
  ], 
  "DetectionText": [
    ""
  ], 
  "Procedure": "", 
  "Step": "13.A.1", 
  "TacticGroup": "Execution", 
  "Technique": "T1086", 
  "TechniqueName": "PowerShell"
}
{
  "Detection": [
    ""
  ], 
  "DetectionText": [
    ""
  ], 
  "Procedure": "", 
  "Step": "16.C.1", 
  "TacticGroup": "Execution", 
  "Technique": "T1086", 
  "TechniqueName": "PowerShell"
}
{
  "Detection": [
    ""
  ], 
  "DetectionText": [
    ""
  ], 
  "Procedure": "", 
  "Step": "16.L.1", 
  "TacticGroup": "Execution", 
  "Technique": "T1086", 
  "TechniqueName": "PowerShell"
}
{
  "Detection": [
    "Telemetry", 
    " Enrichment"
  ], 
  "DetectionText": [
    "\t\nTelemetry showed mmc.exe, the Microsoft Management Console, executing the GUI-based lusrmgr.msc (Local Users and Groups snap-in).", 
    " The capability enriched mmc.exe, the Microsoft Management Console, executing the GUI-based lusrmgr.msc (Local Users and Groups snap-in) as reconnaissance via the MMC utility with local users and groups view."
  ], 
  "Procedure": "Microsoft Management Console (Local Users and Groups snap-in) GUI utility displayed user account information", 
  "Step": "7.A.1", 
  "TacticGroup": "Discovery", 
  "Technique": "T1087", 
  "TechniqueName": "Account Discovery"
}
{
  "Detection": [
    "Telemetry, Tainted", 
    " Enrichment"
  ], 
  "DetectionText": [
    "Telemetry showed powershell.exe executing net with command-line arguments. The telemetry was tainted by a parent alert on wscript.exe.", 
    " The capability enriched net.exe executing with command-line arguments with the correct ATT&CK Technique (Account Discovery)."
  ], 
  "Procedure": "Empire: 'net user /domain' via PowerShell", 
  "Step": "12.G.2", 
  "TacticGroup": "Discovery", 
  "Technique": "T1087", 
  "TechniqueName": "Account Discovery"
}
{
  "Detection": [
    "Telemetry, Tainted", 
    " Enrichment, Tainted"
  ], 
  "DetectionText": [
    "Telemetry showed cmd.exe executing net with command-line arguments. The telemetry was tainted by a parent alert related to Resume Viewer.exe and suspicious execution of the Windows Scripting Engine.", 
    " The capability enriched the execution of net.exe as the execution of an enumeration command. The data was tainted by a parent alert related to Resume Viewer.exe and suspicious execution of the Windows Scripting Engine."
  ], 
  "Procedure": "Cobalt Strike: 'net user /domain' via cmd", 
  "Step": "2.G.1", 
  "TacticGroup": "Discovery", 
  "Technique": "T1087", 
  "TechniqueName": "Account Discovery"
}
{
  "Detection": [
    "Telemetry, Tainted", 
    " Enrichment", 
    " Enrichment, Tainted"
  ], 
  "DetectionText": [
    "Telemetry showed cmd.exe executing net with command-line arguments. The telemetry was tainted by a parent alert related to Resume Viewer.exe and suspicious execution of the Windows Scripting Engine.", 
    " The capability enriched net1.exe executing with the correct ATT&CK Technique (Account Discovery).", 
    " The capability enriched the execution of net.exe as the execution of an enumeration command. The data was tainted by a parent alert related to Resume Viewer.exe and suspicious execution of the Windows Scripting Engine."
  ], 
  "Procedure": "Cobalt Strike: 'net user George /domain' via cmd", 
  "Step": "2.G.2", 
  "TacticGroup": "Discovery", 
  "Technique": "T1087", 
  "TechniqueName": "Account Discovery"
}
{
  "Detection": [
    "Telemetry, Tainted", 
    " Enrichment"
  ], 
  "DetectionText": [
    "Telemetry showed powershell.exe executing net with command-line arguments. The telemetry was tainted by a parent alert on wscript.exe.", 
    " The capability enriched net.exe executing with command-line arguments with the correct ATT&CK Technique (Account Discovery)."
  ], 
  "Procedure": "Empire: 'net user' via PowerShell", 
  "Step": "12.G.1", 
  "TacticGroup": "Discovery", 
  "Technique": "T1087", 
  "TechniqueName": "Account Discovery"
}
{
  "Detection": [
    "Telemetry, Tainted", 
    " Specific Behavior, Tainted", 
    " General Behavior, Tainted"
  ], 
  "DetectionText": [
    "Telemetry showed rundll32.exe executing update.dat with command-line arguments. The telemetry was tainted by a parent alert related to Resume Viewer.exe and suspicious execution of the Windows Scripting Engine.", 
    " Specific Behavior alerts were generated for rundll32. The alerts were tagged with the correct ATT&CK Technique (Rundll32) and were tainted by a parent alert related to Resume Viewer.exe and suspicious execution of the Windows Scripting Engine.", 
    " A General Behavior alert was generated based on rundll32.exe executing update.dat, identified as a suspicious DLL and malware. The alert was tainted by a parent alert related to Resume Viewer.exe and suspicious execution of the Windows Scripting Engine. [PA1]"
  ], 
  "Procedure": "Legitimate user Debbie clicked and executed malicious self-extracting archive (Resume Viewer.exe) on 10.0.1.6 (Nimda)", 
  "Step": "1.A.1", 
  "TacticGroup": "Execution", 
  "Technique": "T1085", 
  "TechniqueName": "Rundll32"
}
{
  "Detection": [
    "Telemetry"
  ], 
  "DetectionText": [
    "Telemetry showed a process integrity level change from parent rundll32.exe (medium / 8192) to child powershell.exe (high / 12288), both running as user Debbie."
  ], 
  "Procedure": "Cobalt Strike: Built-in UAC bypass token duplication capability executed to elevate process integrity level", 
  "Step": "3.A.1", 
  "TacticGroup": "Defense Evasion, Privilege Escalation", 
  "Technique": "T1088", 
  "TechniqueName": "Bypass User Account Control"
}
{
  "Detection": [
    "Telemetry", 
    " Indicator of Compromise"
  ], 
  "DetectionText": [
    "Telemetry showed a process integrity level change from parent powershell.exe (medium / 8192) to child powershell.exe (high / 12288).", 
    " An Indicator of Compromise alert was generated identifying a PowerShell Empire script performing the bypass UAC attack."
  ], 
  "Procedure": "Empire: Built-in UAC bypass token duplication module executed to launch new callback with elevated process integrity level", 
  "Step": "14.A.1", 
  "TacticGroup": "Defense Evasion, Privilege Escalation", 
  "Technique": "T1088", 
  "TechniqueName": "Bypass User Account Control"
}
{
  "Detection": [
    "Enrichment, Tainted"
  ], 
  "DetectionText": [
    "The capability enriched the execution of a specific API call as process enumeration and suspicious activity. The data was tainted by a parent alert related to Resume Viewer.exe and suspicious execution of the Windows Scripting Engine.[PA7]"
  ], 
  "Procedure": "Cobalt Strike: 'ps' (Process status) via Win32 APIs", 
  "Step": "2.C.1", 
  "TacticGroup": "Discovery", 
  "Technique": "T1057", 
  "TechniqueName": "Process Discovery"
}
{
  "Detection": [
    "Telemetry, Tainted", 
    " Enrichment", 
    " Enrichment, Tainted"
  ], 
  "DetectionText": [
    "Telemetry showed cmd.exe executing tasklist with command-line arguments. The telemetry was tainted by a parent alert related to Resume Viewer.exe and suspicious execution of the Windows Scripting Engine.", 
    " The capability enriched tasklist.exe executing with a related ATT&CK Technique (System Information Discovery).", 
    " The capability enriched the execution of tasklist.exe as the enumeration of running processes via the command line. The data was tainted by a parent alert related to Resume Viewer.exe and suspicious execution of the Windows Scripting Engine."
  ], 
  "Procedure": "Cobalt Strike: 'tasklist /v' via cmd", 
  "Step": "2.C.2 ", 
  "TacticGroup": "Discovery", 
  "Technique": "T1057", 
  "TechniqueName": "Process Discovery"
}
{
  "Detection": [
    "Enrichment, Tainted"
  ], 
  "DetectionText": [
    "The capability enriched the execution of a specific API call as process enumeration and suspicious activity. The data was tainted by a parent alert related to Resume Viewer.exe and suspicious execution of the Windows Scripting Engine. [PA7]"
  ], 
  "Procedure": "Cobalt Strike: 'ps' (Process status) via Win32 APIs", 
  "Step": "3.B.1", 
  "TacticGroup": "Discovery", 
  "Technique": "T1057", 
  "TechniqueName": "Process Discovery"
}
{
  "Detection": [
    "Enrichment, Tainted"
  ], 
  "DetectionText": [
    "The capability enriched the execution of a specific API call as process enumeration and suspicious activity. The data was tainted by a parent alert related to Resume Viewer.exe and suspicious execution of the Windows Scripting Engine.[PA7]"
  ], 
  "Procedure": "Cobalt Strike: 'ps' (Process status) via Win32 APIs", 
  "Step": "8.B.1", 
  "TacticGroup": "Discovery", 
  "Technique": "T1057", 
  "TechniqueName": "Process Discovery"
}
{
  "Detection": [
    "Telemetry, Tainted", 
    " Enrichment, Tainted", 
    " Enrichment"
  ], 
  "DetectionText": [
    "Telemetry showed powershell.exe executing qprocess.exe with command-line arguments. The telemetry was tainted by a parent alert on wscript.exe.", 
    " The capability enriched the execution of qprocess.exe as the enumeration of running processes via the command line. The data was tainted by a parent alert on wscript.exe.", 
    " The capability enriched qprocess.exe executing with a related ATT&CK Technique (System Service Discovery)."
  ], 
  "Procedure": "Empire: 'qprocess *' via PowerShell", 
  "Step": "12.C.1", 
  "TacticGroup": "Discovery", 
  "Technique": "T1057", 
  "TechniqueName": "Process Discovery"
}
{
  "Detection": [
    "Telemetry, Tainted"
  ], 
  "DetectionText": [
    "Telemetry showed recycler.exe with full command-line arguments, including the use of the -hp flag to encrypt and compress data, indicating the WinRAR utility was in use. tainted by a parent alert related to Resume Viewer.exe and suspicious execution of the Windows Scripting Engine"
  ], 
  "Procedure": "Empire: Executed binary (recycler.exe) created encrypted archive (old.rar) of previously collected file", 
  "Step": "19.B.1", 
  "TacticGroup": "Exfiltration", 
  "Technique": "T1022", 
  "TechniqueName": "Data Encrypted"
}
{
  "Detection": [
    ""
  ], 
  "DetectionText": [
    ""
  ], 
  "Procedure": "", 
  "Step": "8.C.1", 
  "TacticGroup": "Execution", 
  "Technique": "T1106", 
  "TechniqueName": "Execution through API"
}
{
  "Detection": [
    ""
  ], 
  "DetectionText": [
    ""
  ], 
  "Procedure": "", 
  "Step": "3.B.1", 
  "TacticGroup": "Execution", 
  "Technique": "T1106", 
  "TechniqueName": "Execution through API"
}
{
  "Detection": [
    ""
  ], 
  "DetectionText": [
    ""
  ], 
  "Procedure": "", 
  "Step": "8.B.1", 
  "TacticGroup": "Execution", 
  "Technique": "T1106", 
  "TechniqueName": "Execution through API"
}
{
  "Detection": [
    ""
  ], 
  "DetectionText": [
    ""
  ], 
  "Procedure": "", 
  "Step": "9.B.1", 
  "TacticGroup": "Execution", 
  "Technique": "T1106", 
  "TechniqueName": "Execution through API"
}
{
  "Detection": [
    ""
  ], 
  "DetectionText": [
    ""
  ], 
  "Procedure": "", 
  "Step": "8.D.1", 
  "TacticGroup": "Execution", 
  "Technique": "T1106", 
  "TechniqueName": "Execution through API"
}
{
  "Detection": [
    ""
  ], 
  "DetectionText": [
    ""
  ], 
  "Procedure": "", 
  "Step": "9.A.1", 
  "TacticGroup": "Execution", 
  "Technique": "T1106", 
  "TechniqueName": "Execution through API"
}
{
  "Detection": [
    ""
  ], 
  "DetectionText": [
    ""
  ], 
  "Procedure": "", 
  "Step": "2.C.1", 
  "TacticGroup": "Execution", 
  "Technique": "T1106", 
  "TechniqueName": "Execution through API"
}
{
  "Detection": [
    ""
  ], 
  "DetectionText": [
    ""
  ], 
  "Procedure": "", 
  "Step": "12.E.1", 
  "TacticGroup": "Execution", 
  "Technique": "T1106", 
  "TechniqueName": "Execution through API"
}
{
  "Detection": [
    "Telemetry"
  ], 
  "DetectionText": [
    "Telemetry showed command and control traffic for both ports 80 and 53 ."
  ], 
  "Procedure": "Cobalt Strike: C2 channel modified to split communications between both HTTP and DNS", 
  "Step": "6.B.1", 
  "TacticGroup": "Command and Control", 
  "Technique": "T1026", 
  "TechniqueName": "Multiband Communication"
}
{
  "Detection": [
    "Telemetry, Tainted"
  ], 
  "DetectionText": [
    "Telemetry showed a net.exe logon attempt to ADMIN$ on 10.0.0.5 (Conficker) as local Kmitnick. The telemetry was tainted by a parent alert on wscript.exe."
  ], 
  "Procedure": "Empire: Successful authentication targeted Windows admin share on Conficker (10.0.0.5)\u00a0", 
  "Step": "16.B.1", 
  "TacticGroup": "Lateral Movement", 
  "Technique": "T1077", 
  "TechniqueName": "Windows Admin Shares"
}
{
  "Detection": [
    "Telemetry, Tainted"
  ], 
  "DetectionText": [
    "Telemetry showed a net.exe logon attempt to C$ on 10.0.0.4 (Creeper) using valid credentials for user Kmitnick. The telemetry was tainted by a parent alert on wscript.exe."
  ], 
  "Procedure": "Empire: Successful authentication targeted Windows admin shares on Conficker (10.0.0.5)", 
  "Step": "16.D.1", 
  "TacticGroup": "Lateral Movement", 
  "Technique": "T1077", 
  "TechniqueName": "Windows Admin Shares"
}
{
  "Detection": [
    "Telemetry, Tainted", 
    " Specific Behavior"
  ], 
  "DetectionText": [
    "Telemetry showed repeated logon attempts via net.exe and command-line arguments indicative of password spraying. The telemetry was tainted by a parent alert on wscript.exe.", 
    " A Specific Behavior alert was generated for a net.exe logon attempt to ADMIN$. The alert was tagged with the correct ATT&CK Technique (Windows Admin Shares)."
  ], 
  "Procedure": "Empire: Brute force password spraying attempts targeted Windows admin shares on Morris (10.0.1.4) and Nimda (10.0.1.6)", 
  "Step": "16.A.1", 
  "TacticGroup": "Lateral Movement", 
  "Technique": "T1077", 
  "TechniqueName": "Windows Admin Shares"
}
{
  "Detection": [
    "Telemetry"
  ], 
  "DetectionText": [
    "Telemetry showed port 80 command and control traffic.[PA2]"
  ], 
  "Procedure": "Cobalt Strike: C2 channel modified to use port 80", 
  "Step": "6.B.1", 
  "TacticGroup": "Command and Control", 
  "Technique": "T1043", 
  "TechniqueName": "Commonly Used Port"
}
{
  "Detection": [
    "Telemetry, Tainted", 
    " Specific Behavior, Tainted"
  ], 
  "DetectionText": [
    "Telemetry showed port 53 command and control traffic. The telemetry was tainted by a parent alert related to Resume Viewer.exe and suspicious execution of the Windows Scripting Engine.[PA2]", 
    " A Specific Behavior alert was generated for a scripting engine (rundll32.exe) making a network connection over DNS ports. The alert was tainted by a parent alert related to Resume Viewer.exe and suspicious execution of the Windows Scripting Engine."
  ], 
  "Procedure": "Cobalt Strike: C2 channel established using port 53", 
  "Step": "1.C.1", 
  "TacticGroup": "Command and Control", 
  "Technique": "T1043", 
  "TechniqueName": "Commonly Used Port"
}
{
  "Detection": [
    "Telemetry"
  ], 
  "DetectionText": [
    "Telemetry showed an outgoing network connection to www.freegoogleadsenseinfo.com (C2 domain) over port 8080."
  ], 
  "Procedure": "Empire: UAC bypass module downloaded a new Empire stager (wdbypass) over port 8080", 
  "Step": "14.A.1", 
  "TacticGroup": "Command and Control", 
  "Technique": "T1043", 
  "TechniqueName": "Commonly Used Port"
}
{
  "Detection": [
    "Telemetry, Tainted", 
    " Enrichment, Tainted", 
    " General Behavior, Tainted"
  ], 
  "DetectionText": [
    "Telemetry showed port 443 network connections to www.freegoogleadsenseinfo.com (C2 domain). The telemetry was tainted by a parent alert on wscript.exe.[PA2]", 
    " The capability enriched the port 443 network connection with the correct ATT&CK Technique (Commonly Used Port). The data was tainted by a parent alert on wscript.exe.[PA2]", 
    " General Behavior alerts were generated for PowerShell making network connections to the internet as well as Wscript connecting to an external network. The alerts were tainted by a parent alert on wscript.exe.[PA2]"
  ], 
  "Procedure": "Empire: C2 channel established using port 443", 
  "Step": "11.B.1", 
  "TacticGroup": "Command and Control", 
  "Technique": "T1043", 
  "TechniqueName": "Commonly Used Port"
}
{
  "Detection": [
    "Telemetry, Tainted", 
    " Enrichment"
  ], 
  "DetectionText": [
    "Telemetry showed powershell.exe executing net with command-line arguments. The telemetry was tainted by a parent alert on wscript.exe.", 
    " The capability enriched net.exe executing with command-line arguments with the correct ATT&CK Technique (Network Share Connection Removal)."
  ], 
  "Procedure": "Empire: 'net use /delete' via PowerShell", 
  "Step": "16.C.1", 
  "TacticGroup": "Defense Evasion", 
  "Technique": "T1126", 
  "TechniqueName": "Network Share Connection Removal"
}
{
  "Detection": [
    "Telemetry, Tainted"
  ], 
  "DetectionText": [
    "Telemetry showed the file delete event for old.rar. The telemetry was tainted by a parent alert on wscript.exe.[PA7]"
  ], 
  "Procedure": "Empire: 'del C:\\\"$\"Recycle.bin\\old.rar'", 
  "Step": "19.D.1", 
  "TacticGroup": "Defense Evasion", 
  "Technique": "T1107", 
  "TechniqueName": "File Deletion"
}
{
  "Detection": [
    "Telemetry, Tainted"
  ], 
  "DetectionText": [
    "Telemetry showed the file delete event for recycler.exe. The telemetry was tainted by a parent alert on wscript.exe.[PA7]"
  ], 
  "Procedure": "Empire: 'del recycler.exe'", 
  "Step": "19.D.2", 
  "TacticGroup": "Defense Evasion", 
  "Technique": "T1107", 
  "TechniqueName": "File Deletion"
}
{
  "Detection": [
    "None"
  ], 
  "DetectionText": [
    "No detection capability demonstrated for this procedure."
  ], 
  "Procedure": "Empire: WinEnum module included enumeration of AD group memberships", 
  "Step": "12.E.1.2", 
  "TacticGroup": "Discovery", 
  "Technique": "T1069", 
  "TechniqueName": "Permission Groups Discovery"
}
{
  "Detection": [
    "Telemetry, Tainted", 
    " Enrichment, Tainted", 
    " Enrichment, Tainted", 
    " Enrichment"
  ], 
  "DetectionText": [
    "Telemetry showed powershell.exe executing net with command-line arguments. The telemetry was tainted by a parent alert on wscript.exe.", 
    " The capability enriched the execution of net.exe and net1.exe as the possible enumeration of administrator groups. The data was tainted by a parent alert on wscript.exe.", 
    " The capability enriched the execution of net.exe and net1.exe as an enumeration command. The data was tainted by a parent alert on wscript.exe.", 
    " The capability enriched net.exe executing with command-line arguments with the correct ATT&CK Technique (Permission Groups Discovery)."
  ], 
  "Procedure": "Empire: 'net group \"Domain Admins\" /domain' via PowerShell", 
  "Step": "12.F.1", 
  "TacticGroup": "Discovery", 
  "Technique": "T1069", 
  "TechniqueName": "Permission Groups Discovery"
}
{
  "Detection": [
    "Telemetry, Tainted", 
    " Enrichment, Tainted", 
    " Enrichment"
  ], 
  "DetectionText": [
    "Telemetry showed powershell.exe executing net with command-line arguments. The telemetry was tainted by a parent alert on wscript.exe.", 
    " The capability enriched the execution of net.exe and net1.exe as the possible enumeration of administrator groups. The data was tainted by a parent alert on wscript.exe.", 
    " The capability enriched net.exe executing with command-line arguments with the correct ATT&CK Technique (Permission Groups Discovery)."
  ], 
  "Procedure": "Empire: 'net\u00a0localgroup\u00a0administrators' via PowerShell", 
  "Step": "12.F.2", 
  "TacticGroup": "Discovery", 
  "Technique": "T1069", 
  "TechniqueName": "Permission Groups Discovery"
}
{
  "Detection": [
    "Enrichment"
  ], 
  "DetectionText": [
    "The capability enriched net.exe executing with the correct ATT&CK Technique (Permission Groups Discovery)."
  ], 
  "Procedure": "Cobalt Strike: 'net localgroup administrators' via cmd", 
  "Step": "2.F.1", 
  "TacticGroup": "Discovery", 
  "Technique": "T1069", 
  "TechniqueName": "Permission Groups Discovery"
}
{
  "Detection": [
    "Telemetry, Tainted", 
    " Enrichment, Tainted", 
    " Enrichment, Tainted"
  ], 
  "DetectionText": [
    "Telemetry showed cmd.exe executing net with command-line arguments. The telemetry was tainted by a parent alert related to Resume Viewer.exe and suspicious execution of the Windows Scripting Engine.", 
    " The capability enriched the execution of net.exe and net1.exe as the possible enumeration of administrator groups. The data was tainted by a parent alert related to Resume Viewer.exe and suspicious execution of the Windows Scripting Engine.", 
    " The capability enriched the execution of net.exe as the execution of an enumeration command as well as the execution of net1.exe as the execution of an enumeration command using net or net1. The data was tainted by a parent alert related to Resume Viewer.exe and suspicious execution of the Windows Scripting Engine."
  ], 
  "Procedure": "Cobalt Strike: 'net group \"Domain Admins\" /domain' via cmd", 
  "Step": "2.F.3", 
  "TacticGroup": "Discovery", 
  "Technique": "T1069", 
  "TechniqueName": "Permission Groups Discovery"
}
{
  "Detection": [
    "Enrichment"
  ], 
  "DetectionText": [
    "The capability enriched net.exe executing with the correct ATT&CK Technique (Permission Groups Discovery)."
  ], 
  "Procedure": "Cobalt Strike: 'net localgroup administrators /domain' via cmd", 
  "Step": "2.F.2", 
  "TacticGroup": "Discovery", 
  "Technique": "T1069", 
  "TechniqueName": "Permission Groups Discovery"
}
{
  "Detection": [
    "Telemetry, Tainted", 
    " General Behavior, Tainted", 
    " General Behavior, Tainted"
  ], 
  "DetectionText": [
    "Telemetry showed the file create and write events for recycler.exe. The telemetry was tainted by a parent alert on wscript.exe.[PA7]", 
    " A General Behavior alert was generated for PowerShell dropping an executable file to disk. The alert was tainted by a parent alert on wscript.exe.", 
    " A General Behavior alert was generated for executables created to disk by the Windows scripting engine. The alert was tainted by a parent alert on wscript.exe."
  ], 
  "Procedure": "Empire: Built-in upload module executed to write binary (recycler.exe) to disk on CodeRed (10.0.1.5)", 
  "Step": "19.A.1", 
  "TacticGroup": "Command and Control, Lateral Movement", 
  "Technique": "T1105", 
  "TechniqueName": "Remote File Copy"
}
{
  "Detection": [
    "Telemetry", 
    " Specific Behavior, Tainted", 
    " Specific Behavior"
  ], 
  "DetectionText": [
    "Telemetry showed the file create event for updater.dll.", 
    "A Specific Behavior alert was generated for a script engine creating/writing a DLL in the system32 folder. The alert was tainted by a parent process injection alert on cmd.exe.", 
    " A Specific Behavior alert was generated for a Windows scripting engine creating an executable on disk."
  ], 
  "Procedure": "Cobalt Strike: Built-in upload capability executed to write a DLL payload (updater.dll) to disk on Nimda (10.0.1.6)", 
  "Step": "7.B.1", 
  "TacticGroup": "Command and Control, Lateral Movement", 
  "Technique": "T1105", 
  "TechniqueName": "Remote File Copy"
}
{
  "Detection": [
    "Telemetry"
  ], 
  "DetectionText": [
    "Telemetry showed file create and write events for autoupdate.vbs."
  ], 
  "Procedure": "Empire: Built-in upload module executed to write malicious VBScript (autoupdate.vbs) to disk on CodeRed (10.0.1.5)", 
  "Step": "16.E.1", 
  "TacticGroup": "Command and Control, Lateral Movement", 
  "Technique": "T1105", 
  "TechniqueName": "Remote File Copy"
}
{
  "Detection": [
    "None"
  ], 
  "DetectionText": [
    "No detection capability demonstrated for this procedure, though telemetry showed an encoded PowerShell command that could be decoded outside the capability to show the IEX command used to download the file (wdbypass) over HTTP port 8080."
  ], 
  "Procedure": "Empire: UAC bypass module downloaded and wrote a new Empire stager (wdbypass) to disk", 
  "Step": "14.A.1", 
  "TacticGroup": "Command and Control, Lateral Movement", 
  "Technique": "T1105", 
  "TechniqueName": "Remote File Copy"
}
{
  "Detection": [
    "Telemetry", 
    " Specific Behavior, Tainted"
  ], 
  "DetectionText": [
    "Telemetry showed file create and write events for update.vbs.", 
    " A Specific Behavior alert was generated for a script being modified/moved to a remote location. The alert was tainted by a parent alert on wscript.exe."
  ], 
  "Procedure": "Empire: Built-in move capability executed to write malicious VBScript (update.vbs) to disk on Creeper (10.0.0.4)", 
  "Step": "16.G.1", 
  "TacticGroup": "Command and Control, Lateral Movement", 
  "Technique": "T1105", 
  "TechniqueName": "Remote File Copy"
}
{
  "Detection": [
    "Telemetry"
  ], 
  "DetectionText": [
    "Telemetry showed svchost.exe executed with the seclogon command-line argument and a subsequent logon event with an elevated token and new logon ID, indicating token manipulation."
  ], 
  "Procedure": "Cobalt Strike: Built-in UAC bypass token duplication capability executed to modify current process token", 
  "Step": "3.A.1", 
  "TacticGroup": "Defense Evasion, Privilege Escalation", 
  "Technique": "T1134", 
  "TechniqueName": "Access Token Manipulation"
}
{
  "Detection": [
    "Telemetry, Tainted"
  ], 
  "DetectionText": [
    "Telemetry showed a cmd.exe associated with user Debbie spawn a cmd.exe associated with user George, indicating user context change via token manipulation. The telemetry was tainted by a parent process injection alert on cmd.exe."
  ], 
  "Procedure": "Cobalt Strike: Built-in token theft capability executed to change user context to George", 
  "Step": "5.B.1", 
  "TacticGroup": "Defense Evasion, Privilege Escalation", 
  "Technique": "T1134", 
  "TechniqueName": "Access Token Manipulation"
}
{
  "Detection": [
    "Telemetry", 
    " Specific Behavior"
  ], 
  "DetectionText": [
    "Telemetry showed cmd.exe launching pdfhelper.cmd.", 
    " A Specific Behavior alert was generated for execution of the Windows script engine. The alert was tagged with the correct ATT&CK Technique (Scripting)."
  ], 
  "Procedure": "Previously executed self-extracting archive (Resume Viewer.exe) launched an embedded batch file (pdfhelper.cmd)", 
  "Step": "1.A.1", 
  "TacticGroup": "Defense Evasion, Execution", 
  "Technique": "T1064", 
  "TechniqueName": "Scripting"
}
{
  "Detection": [
    "Specific Behavior", 
    " Specific Behavior", 
    " Specific Behavior", 
    " Indicator of Compromise", 
    " Indicator of Compromise", 
    " Specific Behavior", 
    " Telemetry, Tainted"
  ], 
  "DetectionText": [
    "A Specific Behavior alert was generated for the execution of the windows script engine The alert was tagged with the correct ATT&CK Technique (Scripting).", 
    " A Specific Behavior alert was generated for PowerShell execution. The alert was tagged with a related Technique (PowerShell)", 
    "A Specific Behavior alert was generated for suspicious PowerShell activity", 
    " Indicator of Compromise alerts were generated for suspicious PowerShell strings.", 
    "An Indicator of Compromise alert was generated identifying PowerShell Empire.", 
    " A Specific Behavior alert was generated for PowerShell execution with base64 encoded commands.", 
    " Telemetry showed wscript.exe executing autoupdate.vbs as well as the resulting powershell.exe execution. The telemetry was tainted by a parent alert on wscript.exe."
  ], 
  "Procedure": "Legitimate user Bob clicked and executed malicious VBScript (autoupdate.vbs) on 10.0.1.5 (CodeRed)", 
  "Step": "11.A.1", 
  "TacticGroup": "Defense Evasion, Execution", 
  "Technique": "T1064", 
  "TechniqueName": "Scripting"
}
{
  "Detection": [
    "Telemetry, Tainted", 
    " Specific Behavior, Tainted", 
    " Indicator of Compromise"
  ], 
  "DetectionText": [
    "Telemetry showed powershell.exe executing with command-line arguments as well as PowerShell module (.psm) and script (.ps1) files being written to disk. The telemetry was tainted by a parent alert on wscript.exe.", 
    " A Specific Behavior alert was generated for PowerShell execution with base64 encoded commands. The alert was tainted by a parent alert on wscript.exe.", 
    " An Indicator of Compromise alert was generated identifying suspicious PowerShell strings as Empire WinEnum."
  ], 
  "Procedure": "Empire: Built-in WinEnum module executed to programmatically execute a series of enumeration techniques", 
  "Step": "12.E.1", 
  "TacticGroup": "Defense Evasion, Execution", 
  "Technique": "T1064", 
  "TechniqueName": "Scripting"
}
{
  "Detection": [
    "Specific Behavior"
  ], 
  "DetectionText": [
    "A Specific Behavior alert was generated for a suspicious handle being opened to lsass.exe to dump passwords. The alert was tagged with the correct ATT&CK Technique (Credential Dumping). [PA3]"
  ], 
  "Procedure": "Cobalt Strike: Built-in Mimikatz credential dump capability executed", 
  "Step": "5.A.1", 
  "TacticGroup": "Credential Access", 
  "Technique": "T1003", 
  "TechniqueName": "Credential Dumping"
}
{
  "Detection": [
    "Telemetry, Tainted", 
    " Specific Behavior"
  ], 
  "DetectionText": [
    "Telemetry showed a code injection into lsass.exe. The telemetry was tainted by a parent process injection alert on cmd.exe.", 
    " A Specific Behavior alert was generated for svchost dumping credentials via the Registry. The alert was tagged with the correct ATT&CK Technique (Credential Dumping)."
  ], 
  "Procedure": "hashdump", 
  "Step": "5.A.2", 
  "TacticGroup": "Credential Access", 
  "Technique": "T1003", 
  "TechniqueName": "Credential Dumping"
}
{
  "Detection": [
    "None"
  ], 
  "DetectionText": [
    "No detection capability demonstrated for this procedure, though port 53 network traffic to/from freegoogleadsenseinfo.com (C2 domain) was observed.[PA2]"
  ], 
  "Procedure": "Cobalt Strike: Download capability exfiltrated data through existing C2 channel", 
  "Step": "9.B.1", 
  "TacticGroup": "Exfiltration", 
  "Technique": "T1041", 
  "TechniqueName": "Exfiltration Over Command and Control Channel"
}
{
  "Detection": [
    "Telemetry"
  ], 
  "DetectionText": [
    "Telemetry showed cmd.exe executing autoupdate.bat from the Startup folder."
  ], 
  "Procedure": "Batch file (autoupdate.bat) previously written to Startup folder executed when user Debbie logs on to Nimda (10.0.1.6), launching a DLL payload (update.dat) using Rundll32", 
  "Step": "10.A.1", 
  "TacticGroup": "Persistence", 
  "Technique": "T1060", 
  "TechniqueName": "Registry Run Keys / Startup Folder"
}
{
  "Detection": [
    "Telemetry, Tainted", 
    " Enrichment, Tainted, Configuration Change"
  ], 
  "DetectionText": [
    "Telemetry showed autoupdate.bat being moved to the user Debbie's Startup folder. The telemetry was tainted by a parent alert related to Resume Viewer.exe and suspicious execution of the Windows Scripting Engine.", 
    " The capability enriched a file being created in the Startup folder with the correct ATT&CK Technique (Registry Run Keys / Start Folder). The data was tainted by a parent alert related to Resume Viewer.exe and suspicious execution of the Windows Scripting Engine.[PA6]"
  ], 
  "Procedure": "Previously executed batch file (pdfhelper.cmd) moved a separate batch file (autoupdate.bat) to the Startup folder", 
  "Step": "1.B.1", 
  "TacticGroup": "Persistence", 
  "Technique": "T1060", 
  "TechniqueName": "Registry Run Keys / Startup Folder"
}
{
  "Detection": [
    "Telemetry, Tainted", 
    " Enrichment, Tainted", 
    " General Behavior, Tainted"
  ], 
  "DetectionText": [
    "Telemetry showed powershell.exe executing net.exe with command-line arguments. The telemetry was tainted by a parent alert on wscript.exe.", 
    " The capability enriched net.exe executing as the execution of an enumeration command. The data was tainted by a parent alert on wscript.exe.", 
    " A General Behavior alert was generated for net.exe executing as an enumeration command called by a commonly abused causality group owner (CGO, wscipt.exe). The data was tainted by a parent alert on wscript.exe."
  ], 
  "Procedure": "Empire: 'net start' via PowerShell", 
  "Step": "12.D.1", 
  "TacticGroup": "Discovery", 
  "Technique": "T1007", 
  "TechniqueName": "System Service Discovery"
}
{
  "Detection": [
    "Telemetry, Tainted", 
    " Enrichment, Tainted", 
    " Enrichment"
  ], 
  "DetectionText": [
    "Telemetry showed powershell.exe executing reg with command-line arguments. The telemetry was tainted by a parent alert on cmd.exe.", 
    " The capability enriched reg.exe executing with command-line arguments as the terminal server key queried by the reg utility. The data was tainted by a parent alert on cmd.exe.", 
    " The capability enriched reg.exe executing with command-line arguments with the correct ATT&CK Technique (System Service Discovery)."
  ], 
  "Procedure": "Empire: 'reg query' via PowerShell to enumerate a specific Registry key associated with terminal services", 
  "Step": "17.A.1", 
  "TacticGroup": "Discovery", 
  "Technique": "T1007", 
  "TechniqueName": "System Service Discovery"
}
{
  "Detection": [
    "Telemetry, Tainted", 
    " Enrichment, Tainted"
  ], 
  "DetectionText": [
    "Telemetry showed powershell.exe executing sc.exe with command-line arguments. The telemetry was tainted by a parent alert on wscript.exe.", 
    " The capability enriched powershell.exe executing sc.exe as enumeration of services via the command line. The data was tainted by a parent alert on wscript.exe."
  ], 
  "Procedure": "Empire: 'sc qc' via PowerShell to remotely enumerate a specific service on Creeper (10.0.0.4)", 
  "Step": "16.J.1", 
  "TacticGroup": "Discovery", 
  "Technique": "T1007", 
  "TechniqueName": "System Service Discovery"
}
{
  "Detection": [
    "Telemetry, Tainted", 
    " Enrichment, Tainted"
  ], 
  "DetectionText": [
    "Telemetry showed cmd.exe executing net with command-line arguments. The telemetry was tainted by a parent alert related to Resume Viewer.exe and suspicious execution of the Windows Scripting Engine.", 
    " The capability enriched the execution of net.exe as the execution of an enumeration command. The data was tainted by a parent alert related to Resume Viewer.exe and suspicious execution of the Windows Scripting Engine."
  ], 
  "Procedure": "Cobalt Strike: 'net start' via cmd", 
  "Step": "2.D.2", 
  "TacticGroup": "Discovery", 
  "Technique": "T1007", 
  "TechniqueName": "System Service Discovery"
}
{
  "Detection": [
    "Telemetry, Tainted"
  ], 
  "DetectionText": [
    "Telemetry showed cmd.exe executing sc with command-line arguments. The telemetry was tainted by a parent alert related to Resume Viewer.exe and suspicious execution of the Windows Scripting Engine."
  ], 
  "Procedure": "Cobalt Strike: 'sc query' via cmd", 
  "Step": "2.D.1", 
  "TacticGroup": "Discovery", 
  "Technique": "T1007", 
  "TechniqueName": "System Service Discovery"
}
{
  "Detection": [
    "Enrichment"
  ], 
  "DetectionText": [
    "The capability enriched powershell.exe executing with command-line arguments with the correct ATT&CK Technique (System Service Discovery)."
  ], 
  "Procedure": "Empire: WinEnum module included enumeration of services", 
  "Step": "12.E.1.8", 
  "TacticGroup": "Discovery", 
  "Technique": "T1007", 
  "TechniqueName": "System Service Discovery"
}
{
  "Detection": [
    "Telemetry, Tainted", 
    " General Behavior, Tainted", 
    " Enrichment"
  ], 
  "DetectionText": [
    "Telemetry showed powershell.exe executing sc with command-line arguments. The telemetry was tainted by a parent alert on wscript.exe.", 
    " A General Behavior alert was generated for the sc utility be used to perform actions of remote services. The alert was tainted by a parent alert on wscript.exe.", 
    " The capability enriched sc.exe executing with command-line arguments with the correct ATT&CK Technique (System Service Discovery)."
  ], 
  "Procedure": "Empire: 'sc query' via PowerShell to remotely enumerate services on Creeper (10.0.0.4)", 
  "Step": "16.H.1", 
  "TacticGroup": "Discovery", 
  "Technique": "T1007", 
  "TechniqueName": "System Service Discovery"
}
{
  "Detection": [
    "Telemetry, Tainted", 
    " Enrichment, Tainted"
  ], 
  "DetectionText": [
    "Telemetry showed the execution of ftp.exe and command-line arguments as well as a an outbound FTP connection to 192.168.0.4 (C2 server) on TCP port 21. The telemetry was tainted by a parent alert related to Resume Viewer.exe and suspicious execution of the Windows Scripting Engine.", 
    " The capability enriched ftp.exe as the execution of a CLI file transfer/copy utility. The data was tainted by a parent alert related to Resume Viewer.exe and suspicious execution of the Windows Scripting Engine."
  ], 
  "Procedure": "Empire: Sequence of 'echo' commands via PowerShell to populate commands in text file (ftp.txt), which is then executed by FTP to exfil data through network connection separate of existing C2 channel", 
  "Step": "19.C.1", 
  "TacticGroup": "Exfiltration", 
  "Technique": "T1048", 
  "TechniqueName": "Exfiltration Over Alternative Protocol"
}
{
  "Detection": [
    "Enrichment"
  ], 
  "DetectionText": [
    "The capability enriched powershell.exe executing with command-line arguments with the correct ATT&CK Technique (System Network Connections Discovery)."
  ], 
  "Procedure": "Empire: WinEnum module included enumeration of established network connections", 
  "Step": "12.E.1.12", 
  "TacticGroup": "Discovery", 
  "Technique": "T1049", 
  "TechniqueName": "System Network Connections Discovery"
}
{
  "Detection": [
    "Telemetry, Tainted"
  ], 
  "DetectionText": [
    "Telemetry showed powershell.exe executing net with command-line arguments. The telemetry was tainted by a parent alert on wscript.exe."
  ], 
  "Procedure": "Empire: 'net use' via PowerShell", 
  "Step": "13.B.1", 
  "TacticGroup": "Discovery", 
  "Technique": "T1049", 
  "TechniqueName": "System Network Connections Discovery"
}
{
  "Detection": [
    "Telemetry, Tainted"
  ], 
  "DetectionText": [
    "Telemetry showed powershell.exe executing netstat with command-line arguments. The telemetry was tainted by a parent alert on wscript.exe."
  ], 
  "Procedure": "Empire: 'netstat -ano' via PowerShell", 
  "Step": "13.B.2", 
  "TacticGroup": "Discovery", 
  "Technique": "T1049", 
  "TechniqueName": "System Network Connections Discovery"
}
{
  "Detection": [
    "Telemetry", 
    " Enrichment"
  ], 
  "DetectionText": [
    "Telemetry showed cmd.exe executing netsh with command-line arguments.", 
    " The capability enriched netstat.exe executing with the correct ATT&CK Technique (System Network Connections Discovery)."
  ], 
  "Procedure": "Cobalt Strike: 'netstat -ano' via cmd", 
  "Step": "4.C.1", 
  "TacticGroup": "Discovery", 
  "Technique": "T1049", 
  "TechniqueName": "System Network Connections Discovery"
}
{
  "Detection": [
    "Telemetry, Tainted"
  ], 
  "DetectionText": [
    "Telemetry showed recycler.exe with full command-line arguments, including the use of the -hp flag to encrypt and compress data, indicating the WinRAR utility was in use. The telemetry was tainted by a parent alert on wscript.exe"
  ], 
  "Procedure": "Empire: Executed binary (recycler.exe) created compressed archive (old.rar) of previously collected file", 
  "Step": "19.B.1", 
  "TacticGroup": "Exfiltration", 
  "Technique": "T1002", 
  "TechniqueName": "Data Compressed"
}
{
  "Detection": [
    "Enrichment"
  ], 
  "DetectionText": [
    "The capability enriched powershell.exe executing with command-line arguments with the correct ATT&CK Technique (Clipboard Data). "
  ], 
  "Procedure": "Empire: WinEnum module included enumeration of clipboard contents", 
  "Step": "12.E.1.5", 
  "TacticGroup": "Collection", 
  "Technique": "T1115", 
  "TechniqueName": "Clipboard Data"
}
{
  "Detection": [
    "Telemetry, Tainted"
  ], 
  "DetectionText": [
    "Telemetry showed the MD5 and SHA256 hash values of recycler.exe when it was written to disk, which an analyst could use to determine recycler.exe was actually WinRAR. The telemetry was tainted by a parent alert on wscript.exe.[PA7]"
  ], 
  "Procedure": "Empire: File dropped to disk is a renamed copy of the WinRAR binary", 
  "Step": "19.A.1", 
  "TacticGroup": "Defense Evasion", 
  "Technique": "T1036", 
  "TechniqueName": "Masquerading"
}
{
  "Detection": [
    "Telemetry, Tainted", 
    " Enrichment"
  ], 
  "DetectionText": [
    "Telemetry showed recycler.exe with full command-line arguments, including the use of the -hp flag to encrypt and compress data, indicating the WinRAR utility was in use. The telemetry was tainted by a parent alert on wscript.exe", 
    " The capability enriched recylcer.exe executing with command-line arguments with a related ATT&CK Technique (Masquerading)."
  ], 
  "Procedure": "Empire: Executed binary (recycler.exe) is a renamed copy of the WinRAR binary", 
  "Step": "19.B.1", 
  "TacticGroup": "Defense Evasion", 
  "Technique": "T1036", 
  "TechniqueName": "Masquerading"
}
{
  "Detection": [
    "Telemetry, Tainted"
  ], 
  "DetectionText": [
    "Telemetry showed execution of sc.exe with command-line arguments to set the service description. An analyst could use this information to determine it is not a legitimate service. The telemetry was tainted by a parent alert on wscript.exe."
  ], 
  "Procedure": "Empire: 'sc description' via PowerShell to remotely disguise a service on Creeper (10.0.0.4)", 
  "Step": "16.I.1", 
  "TacticGroup": "Defense Evasion", 
  "Technique": "T1036", 
  "TechniqueName": "Masquerading"
}
{
  "Detection": [
    "Telemetry"
  ], 
  "DetectionText": [
    "Telemetry showed magnify.exe executing from utilman.exe."
  ], 
  "Procedure": "magnifer.exe previously overwritten by cmd.exe launched through RDP connection made to Creeper (10.0.0.4)", 
  "Step": "20.A.1", 
  "TacticGroup": "Persistence, Privilege Escalation", 
  "Technique": "T1015", 
  "TechniqueName": "Accessibility Features"
}
{
  "Detection": [
    "Telemetry, Tainted"
  ], 
  "DetectionText": [
    "Telemetry showed file write events overwriting magnify.exe in the system directory as well as the change in the hash of the file. The telemetry was tainted by a parent alert on cmd.exe.[PA7]"
  ], 
  "Procedure": "Empire: 'copy' via PowerShell to overwrite magnify.exe with cmd.exe", 
  "Step": "17.C.1", 
  "TacticGroup": "Persistence, Privilege Escalation", 
  "Technique": "T1015", 
  "TechniqueName": "Accessibility Features"
}
