{
  "Detection": [
    "Enrichment,Tainted", 
    " Telemetry, Tainted", 
    " Enrichment, Delayed, Tainted"
  ], 
  "DetectionText": [
    "The capability enriched the net.exe connection using valid credentials for Kmitnick with a tag titled Lateral Movement via \\\"Mounting Hidden Shares\\\" (tainted by parent PowerShell alert).", 
    " Telemetry showed a logon attempt via net.exe and command-line arguments using valid credentials for user Kmitnick (tainted by parent PowerShell alert). [EG11]", 
    " The capability enriched net.exe connection events with a related ATT&CK Technique (T1077 - Windows Admin Shares) and Tactics (Execution, Lateral Movement) (tainted by parent PowerShell alert). [EG11]"
  ], 
  "Procedure": "Empire: 'net use' via PowerShell to successfully authenticate to Conficker (10.0.0.5) using credentials of user Kmitnick", 
  "Step": "16.B.1", 
  "TacticGroup": "Defense Evasion, Persistence, Privilege Escalation, Initial Access", 
  "Technique": "T1078", 
  "TechniqueName": "Valid Accounts"
}
{
  "Detection": [
    "Enrichment,Tainted", 
    " Telemetry, Tainted", 
    " Enrichment, Delayed, Tainted"
  ], 
  "DetectionText": [
    "The capability enriched the net.exe connection (using valid credentials for Kmitnick) with a tag titled Lateral Movement via \\\"Mounting Hidden Shares\\\" (tainted by parent PowerShell alert).", 
    " Telemetry showed a logon attempt via net.exe and command-line arguments using valid credentials for user Kmitnick (tainted by parent PowerShell alert). [EG11]", 
    " The capability enriched net.exe connection events with a related ATT&CK Technique (T1077 - Windows Admin Shares) and Tactics (Execution, Lateral Movement) (tainted by parent PowerShell alert). [EG11]"
  ], 
  "Procedure": "Empire: 'net use' via PowerShell to successfully authenticate to Creeper (10.0.0.4) using credentials of user Kmitnick", 
  "Step": "16.D.1", 
  "TacticGroup": "Defense Evasion, Persistence, Privilege Escalation, Initial Access", 
  "Technique": "T1078", 
  "TechniqueName": "Valid Accounts"
}
{
  "Detection": [
    "Telemetry,Tainted"
  ], 
  "DetectionText": [
    "Telemetry showed that the userinit.exe process was running as the user Jesse, indicating Jesse logged in. The telemetry was tainted by the parent \\\"Start Folder Persistence\\\" alert."
  ], 
  "Procedure": "RDP connection to Conficker (10.0.0.5) authenticated using previously added user Jesse", 
  "Step": "10.B.1", 
  "TacticGroup": "Defense Evasion, Persistence, Privilege Escalation, Initial Access", 
  "Technique": "T1078", 
  "TechniqueName": "Valid Accounts"
}
{
  "Detection": [
    "None"
  ], 
  "DetectionText": [
    "No detection capability demonstrated for this procedure, though the Interactive Shell was used to analyze the PowerShell execution and WinEnum Mapped Network Drives was observed.[EG13]"
  ], 
  "Procedure": "Empire: WinEnum module included enumeration of mapped network drives", 
  "Step": "12.E.1.9.2", 
  "TacticGroup": "Discovery", 
  "Technique": "T1135", 
  "TechniqueName": "Network Share Discovery"
}
{
  "Detection": [
    "None"
  ], 
  "DetectionText": [
    "No detection capability demonstrated for this procedure, though the Interactive Shell was used to analyze the PowerShell execution and WinEnum Available Shares was observed.[EG13]"
  ], 
  "Procedure": "Empire: WinEnum module included enumeration of available shares", 
  "Step": "12.E.1.9.1", 
  "TacticGroup": "Discovery", 
  "Technique": "T1135", 
  "TechniqueName": "Network Share Discovery"
}
{
  "Detection": [
    "None"
  ], 
  "DetectionText": [
    "No detection capability demonstrated for this procedure."
  ], 
  "Procedure": "Empire: 'Get-ChildItem' via PowerShell to enumerate a network shared drive (Wormshare) on Conficker (10.0.0.5)", 
  "Step": "18.A.1", 
  "TacticGroup": "Discovery", 
  "Technique": "T1083", 
  "TechniqueName": "File and Directory Discovery"
}
{
  "Detection": [
    "Telemetry, Tainted", 
    " Enrichment, Tainted, Delayed"
  ], 
  "DetectionText": [
    "Telemetry within an event tree (tainted by a parent Malicious File Detection) showed cmd.exe executing dir with command-line arguments. [EG11]", 
    " The capability enriched dir with the correct ATT&CK Technique (T1083 - File and Directory Discovery) and Tactic (Discovery). The enrichment was also tainted by a parent Malicious File Detection.[EG11]\u00a0"
  ], 
  "Procedure": "Cobalt Strike: 'dir /s /b \"\\\\conficker\\wormshare\"' via cmd", 
  "Step": "8.A.1", 
  "TacticGroup": "Discovery", 
  "Technique": "T1083", 
  "TechniqueName": "File and Directory Discovery"
}
{
  "Detection": [
    "Telemetry, Tainted", 
    "Enrichment, Tainted, Delayed"
  ], 
  "DetectionText": [
    "Telemetry within an event tree (tainted by a parent Malicious File Detection) showed cmd.exe executing tree with command-line arguments.[EG11]", 
    " The capability enriched tree with the correct ATT&CK Technique (T1083 - File and Directory Discovery) and Tactic (Discovery). The enrichment was also tainted by a parent Malicious File Detection).[EG11] "
  ], 
  "Procedure": "Cobalt Strike: 'tree \"C:\\Users\\debbie\"' via cmd", 
  "Step": "8.A.2", 
  "TacticGroup": "Discovery", 
  "Technique": "T1083", 
  "TechniqueName": "File and Directory Discovery"
}
{
  "Detection": [
    "None"
  ], 
  "DetectionText": [
    "No detection capability demonstrated for this procedure, though the Interactive Shell was used to analyze the PowerShell execution and WinEnum Interesting Files was observed.[EG13]"
  ], 
  "Procedure": "Empire: WinEnum module included enumeration of interesting files", 
  "Step": "12.E.1.4.2", 
  "TacticGroup": "Discovery", 
  "Technique": "T1083", 
  "TechniqueName": "File and Directory Discovery"
}
{
  "Detection": [
    "None"
  ], 
  "DetectionText": [
    "No detection capability demonstrated for this procedure, though the Interactive Shell was used to analyze the PowerShell execution and WinEnum Last 5 files opened was observed.[EG13]"
  ], 
  "Procedure": "Empire: WinEnum module included enumeration of recently opened files", 
  "Step": "12.E.1.4.1", 
  "TacticGroup": "Discovery", 
  "Technique": "T1083", 
  "TechniqueName": "File and Directory Discovery"
}
{
  "Detection": [
    "None"
  ], 
  "DetectionText": [
    "No detection capability demonstrated for this procedure."
  ], 
  "Procedure": "Cobalt Strike: 'ls' (List) via Win32 APIs to enumerate a network shared drive (Wormshare) on Conficker (10.0.0.5)", 
  "Step": "9.A.1", 
  "TacticGroup": "Discovery", 
  "Technique": "T1083", 
  "TechniqueName": "File and Directory Discovery"
}
{
  "Detection": [
    "None"
  ], 
  "DetectionText": [
    "No detection capability demonstrated for this procedure."
  ], 
  "Procedure": "Empire: 'type' via PowerShell to remotely enumerate a specific file (update.vbs) on Creeper (10.0.0.4)", 
  "Step": "16.K.1", 
  "TacticGroup": "Discovery", 
  "Technique": "T1083", 
  "TechniqueName": "File and Directory Discovery"
}
{
  "Detection": [
    "Enrichment,Tainted", 
    " Telemetry, Tainted", 
    " Enrichment, Delayed, Tainted"
  ], 
  "DetectionText": [
    "The capability enriched each individual net.exe connection with a tag titled Lateral Movement via \\\"Mounting Hidden Shares\\\" (tainted by parent PowerShell alert).", 
    " Telemetry showed repeated logon attempts via net.exe and command-line arguments indicative of password spraying, eventually resulting in a successful logon (tainted by parent PowerShell alert). [EG11]", 
    " The capability enriched net.exe connection events with a related ATT&CK Technique (T1077 - Windows Admin Shares) and \u00a0Tactics (Execution, Lateral Movement). [EG11]"
  ], 
  "Procedure": "Empire: Successful authentication to Conficker (10.0.0.5) using credentials of user Kmitnick as a result of the brute force password spraying", 
  "Step": "16.B.1", 
  "TacticGroup": "Credential Access", 
  "Technique": "T1110", 
  "TechniqueName": "Brute Force"
}
{
  "Detection": [
    "Enrichment,Tainted", 
    " Telemetry, Tainted", 
    "Enrichment,Delayed, Tainted"
  ], 
  "DetectionText": [
    "The capability enriched each individual net.exe logon attempt with a tag titled Lateral Movement via \\\"Mounting Hidden Shares\\\" (tainted by parent PowerShell alert).", 
    " Telemetry showed repeated logon attempts via net.exe and command-line arguments indicative of password spraying (tainted by parent PowerShell alert). [EG11]", 
    " The capability enriched net.exe connection events with a related ATT&CK Technique (T1077 - Windows Admin Shares) and Tactics (Execution, Lateral Movement) (tainted by parent PowerShell alert). [EG11]"
  ], 
  "Procedure": "Empire: 'net use' via PowerShell to brute force password spraying authentication attempts to Morris (10.0.1.4) and Nimda (10.0.1.6) targeting credentials of users\u00a0Kmitnick, Bob, and Frieda", 
  "Step": "16.A.1", 
  "TacticGroup": "Credential Access", 
  "Technique": "T1110", 
  "TechniqueName": "Brute Force"
}
{
  "Detection": [
    "Telemetry"
  ], 
  "DetectionText": [
    "Telemetry showed execution of mmc.exe, the Microsoft Management Console, spawning the GUI-based lusrmgr.msc (Local Users and Groups snap-in)."
  ], 
  "Procedure": "Microsoft Management Console (Local Users and Groups snap-in) GUI utility used to add new user through RDP connection", 
  "Step": "7.A.1", 
  "TacticGroup": "Execution", 
  "Technique": "T1061", 
  "TechniqueName": "Graphical User Interface"
}
{
  "Detection": [
    "Telemetry, Tainted"
  ], 
  "DetectionText": [
    "Telemetry showed powershell.exe executing takeown.exe with command-line arguments. Telemetry was tainted by parent PowerShell with Unusual Arguments and PowerShell Network alerts."
  ], 
  "Procedure": "Empire: 'takeown' via PowerShell to obtain ownership of magnify.exe", 
  "Step": "17.B.1", 
  "TacticGroup": "Defense Evasion", 
  "Technique": "T1222", 
  "TechniqueName": "File Permissions Modification"
}
{
  "Detection": [
    "Telemetry, Tainted"
  ], 
  "DetectionText": [
    "Telemetry showed powershell.exe executing icacls.exe with command-line arguments. Telemetry was tainted by parent PowerShell with Unusual Arguments and PowerShell Network alerts."
  ], 
  "Procedure": "Empire: 'icacls' via PowerShell to modify the DACL for magnify.exe", 
  "Step": "17.B.2", 
  "TacticGroup": "Defense Evasion", 
  "Technique": "T1222", 
  "TechniqueName": "File Permissions Modification"
}
{
  "Detection": [
    "None"
  ], 
  "DetectionText": [
    "No detection capability demonstrated for this procedure, though strings were pulled from a Process Injection alert, which identified functionality of code to indicate screen capture, but no proof of execution was identified."
  ], 
  "Procedure": "Cobalt Strike: Built-in screen capture capability executed to capture screenshot of current window of user Debbie", 
  "Step": "8.D.1", 
  "TacticGroup": "Collection", 
  "Technique": "T1113", 
  "TechniqueName": "Screen Capture"
}
{
  "Detection": [
    "Telemetry, Tainted", 
    " Enrichment, Delayed, Tainted ", 
    " Specific Behavior"
  ], 
  "DetectionText": [
    "Telemetry showed sc.exe execution to start the AdobeUpdater service on Creeper. The telemetry was tainted by parent PowerShell with Unusual Arguments and PowerShell Network alerts.\u00a0[EG11]", 
    " The capability enriched sc.exe with the correct ATT&CK Technique (T1035 - Service Execution) and Tactic (Execution). The event was tainted by parent PowerShell with Unusual Arguments and PowerShell Network alerts. \u00a0[EG11]", 
    " A Specific Behavior alert was generated for the sc.exe command to start AdobeUpdater named \\\"Service Command Lateral Movement\\\". The alert was also tagged with the correct ATT&CK Technique (T1035 - Service Execution) and Tactic (Execution)."
  ], 
  "Procedure": "Empire: 'sc start' via PowerShell to remotely launch a specific service on Creeper (10.0.0.4)", 
  "Step": "16.L.1", 
  "TacticGroup": "Execution", 
  "Technique": "T1035", 
  "TechniqueName": "Service Execution"
}
{
  "Detection": [
    "Telemetry, Tainted", 
    "Enrichment, Tainted, Delayed"
  ], 
  "DetectionText": [
    "Telemetry showed powershell.exe executing whoami.exe with command-line arguments (tainted by parent PowerShell alerts). [EG11]", 
    " The capability enriched whoami.exe with the correct ATT&CK Technique (T1033 - System Owner/User Discovery) and Tactic (Discovery). The enrichment was tainted by parent PowerShell alerts. [EG11]"
  ], 
  "Procedure": "Empire: 'whoami /all /fo list' via PowerShell", 
  "Step": "12.B.1", 
  "TacticGroup": "Discovery", 
  "Technique": "T1033", 
  "TechniqueName": "System Owner/User Discovery"
}
{
  "Detection": [
    "Telemetry,Tainted", 
    "Enrichment,Delayed,Tainted"
  ], 
  "DetectionText": [
    "Telemetry showed whoami.exe was executed from magnify.exe. The telemetry was tainted by an alert on Windows File Name Mismatch-Accessibility Features. [EG11]", 
    "The capability enriched whoami.exe with the correct ATT&CK Technique (T1033 - System Owner/User Discovery) and Tactic (Discovery). The enrichment was tainted by an alert on Windows File Name Mismatch-Accessibility Features. [EG11]"
  ], 
  "Procedure": "Executed 'whoami' via cmd persistence mechanism through RDP connection made to Creeper (10.0.0.4)", 
  "Step": "20.B.1", 
  "TacticGroup": "Discovery", 
  "Technique": "T1033", 
  "TechniqueName": "System Owner/User Discovery"
}
{
  "Detection": [
    "Telemetry, Tainted", 
    "General Behavior, Configuration Change, Delayed, Tainted"
  ], 
  "DetectionText": [
    "Telemetry within the event tree showed cmd.exe executing echo with command-line arguments (tainted by a parent Malicious File Detection).", 
    " A delayed General Behavior alert triggered for a specified number of discovery techniques over a specified time period, which resulted in four Enumeration Command Sequence alerts for Step 2 (tainted by a parent Malicious File Detection).[EG8]"
  ], 
  "Procedure": "Cobalt Strike: 'echo' via cmd to enumerate specific environment variables", 
  "Step": "2.B.1", 
  "TacticGroup": "Discovery", 
  "Technique": "T1033", 
  "TechniqueName": "System Owner/User Discovery"
}
{
  "Detection": [
    "None"
  ], 
  "DetectionText": [
    "No detection capability demonstrated for this procedure, though the Interactive Shell was used to analyze the PowerShell execution and WinEnum Get-UserInfo was observed.[EG13]"
  ], 
  "Procedure": "Empire: WinEnum module included enumeration of user information", 
  "Step": "12.E.1.1", 
  "TacticGroup": "Discovery", 
  "Technique": "T1033", 
  "TechniqueName": "System Owner/User Discovery"
}
{
  "Detection": [
    "Telemetry, Tainted"
  ], 
  "DetectionText": [
    "Telemetry showing the decoded powershell.exe command-line arguments showed a connection to over HTTPS to www.freegoogleadsenseinfo.com (C2 domain) (tainted by parent alert). Telemetry also showed a connection to letsencrypt.org, which could indicate use of a cert for HTTPS."
  ], 
  "Procedure": "Empire: Encrypted C2 channel established using HTTPS", 
  "Step": "11.B.1", 
  "TacticGroup": "Command and Control", 
  "Technique": "T1032", 
  "TechniqueName": "Standard Cryptographic Protocol"
}
{
  "Detection": [
    "None"
  ], 
  "DetectionText": [
    "No detection capability demonstrated for this procedure, though the Interactive Shell was used to analyze the PowerShell execution and WinEnum Password Last changed was observed.[EG13]"
  ], 
  "Procedure": "Empire: WinEnum module included enumeration of password policy information", 
  "Step": "12.E.1.3", 
  "TacticGroup": "Discovery", 
  "Technique": "T1201", 
  "TechniqueName": "Password Policy Discovery"
}
{
  "Detection": [
    "General Behavior", 
    "Telemetry, Tainted"
  ], 
  "DetectionText": [
    "A General Behavior alert was generated for Malicious File Detection on the execution of Resume Viewer.exe.", 
    " Telemetry showed events surrounding the Resume Viewer.exe event to indicate execution (tainted by a parent Malicious File Detection)."
  ], 
  "Procedure": "Legitimate user Debbie clicked and executed malicious self-extracting archive (Resume Viewer.exe) on 10.0.1.6 (Nimda)", 
  "Step": "1.A.1", 
  "TacticGroup": "Execution", 
  "Technique": "T1204", 
  "TechniqueName": "User Execution"
}
{
  "Detection": [
    "None"
  ], 
  "DetectionText": [
    "No detection capability demonstrated for this procedure, though the Interactive Shell was used to analyze the PowerShell execution and WinEnum Firewall Rules was observed.[EG13]"
  ], 
  "Procedure": "Empire: WinEnum module included enumeration of firewall rules", 
  "Step": "12.E.1.10.2", 
  "TacticGroup": "Discovery", 
  "Technique": "T1063", 
  "TechniqueName": "Security Software Discovery"
}
{
  "Detection": [
    "None"
  ], 
  "DetectionText": [
    "No detection capability demonstrated for this procedure, though the Interactive Shell was used to analyze the PowerShell execution and WinEnum AV Solution was observed.[EG13]"
  ], 
  "Procedure": "Empire: WinEnum module included enumeration of AV solutions", 
  "Step": "12.E.1.10.1", 
  "TacticGroup": "Discovery", 
  "Technique": "T1063", 
  "TechniqueName": "Security Software Discovery"
}
{
  "Detection": [
    "None"
  ], 
  "DetectionText": [
    "No detection capability demonstrated for this procedure. [EG16]\u00a0"
  ], 
  "Procedure": "Empire: 'copy' via PowerShell collected a file (Shockwave_network.vsdx) from a network shared drive (Wormshare) on Conficker (10.0.0.5)", 
  "Step": "18.B.1", 
  "TacticGroup": "collection", 
  "Technique": "T1039", 
  "TechniqueName": "Data from Network Shared Drive"
}
{
  "Detection": [
    "None"
  ], 
  "DetectionText": [
    "No detection capability demonstrated for this procedure, though file creation telemetry showed that the .vsdx file was created (no indication it was created from a shared drive). "
  ], 
  "Procedure": "Cobalt Strike: Built-in download capability executed to a collect file (Shockwave_rackb_diagram.vsdx) from a network shared drive (Wormshare) on Conficker (10.0.0.5)", 
  "Step": "9.B.1", 
  "TacticGroup": "collection", 
  "Technique": "T1039", 
  "TechniqueName": "Data from Network Shared Drive"
}
{
  "Detection": [
    "Specific Behavior"
  ], 
  "DetectionText": [
    "A Specific Behavior alert was generated for process injection into cmd.exe."
  ], 
  "Procedure": "Cobalt Strike: Built-in process injection capability executed to inject callback into cmd.exe", 
  "Step": "3.C.1", 
  "TacticGroup": "Defense Evasion, Privilege Escalation", 
  "Technique": "T1055", 
  "TechniqueName": "Process Injection"
}
{
  "Detection": [
    "Specific Behavior, Tainted"
  ], 
  "DetectionText": [
    "A Specific Behavior alert for process injection was generated with cmd.exe as the source. The alert was tainted by parent Malicious File Detection and process injection alerts, and was also labeled with the correct ATT&CK Technique (T1055 - Process Injection) and Tactics (Defense Evasion and Execution)."
  ], 
  "Procedure": "Cobalt Strike: Screen capture capability involved process injection into explorer.exe", 
  "Step": "8.D.1", 
  "TacticGroup": "Defense Evasion, Privilege Escalation", 
  "Technique": "T1055", 
  "TechniqueName": "Process Injection"
}
{
  "Detection": [
    "Telemetry"
  ], 
  "DetectionText": [
    "Telemetry showed privileged accesses (PROCESS_VM_READ and PROCESS_QUERY_LIMITED_INFORMATION) into lsass.exe."
  ], 
  "Procedure": "Cobalt Strike: Credential dump capability involved process injection into lsass", 
  "Step": "5.A.1", 
  "TacticGroup": "Defense Evasion, Privilege Escalation", 
  "Technique": "T1055", 
  "TechniqueName": "Process Injection"
}
{
  "Detection": [
    "Telemetry, Tainted", 
    "Specific Behavior"
  ], 
  "DetectionText": [
    "Telemetry showed multiple privileged accesses (including PROCESS_CREATE_THREAD) into lsass, indicative of Process Injection (tainted by the Process Injection alert).", 
    " A Specific Behavior alert was generated for the correct ATT&CK Technique (Process Injection)."
  ], 
  "Procedure": "Cobalt Strike: Hash dump capability involved process injection into lsass.exe", 
  "Step": "5.A.2", 
  "TacticGroup": "Defense Evasion, Privilege Escalation", 
  "Technique": "T1055", 
  "TechniqueName": "Process Injection"
}
{
  "Detection": [
    "Telemetry, Tainted", 
    "Enrichment,Delayed,Tainted"
  ], 
  "DetectionText": [
    "Telemetry showed net.exe executing with command-line arguments (tainted by parent alert). [EG11]", 
    " The capability enriched net.exe with a related ATT&CK Technique (T1069 - Permission Groups Discovery) and the correct Tactic (Discovery). The enrichment was tainted by a parent alert. [EG11]"
  ], 
  "Procedure": "Empire: 'net group \"Domain Computers\" /domain' via PowerShell", 
  "Step": "13.A.1", 
  "TacticGroup": "Discovery", 
  "Technique": "T1018", 
  "TechniqueName": "Remote System Discovery"
}
{
  "Detection": [
    "Telemetry", 
    "Enrichment, Delayed"
  ], 
  "DetectionText": [
    "Telemetry showed the process creation of net group with command-line arguments. [EG11]", 
    "The capability enriched the net command with a related ATT&CK Technique (T1069 - Permission Groups Discovery) and the correct Tactic (Discovery). [EG11]"
  ], 
  "Procedure": "Cobalt Strike: 'net group \"Domain Controllers\" /domain' via cmd", 
  "Step": "4.A.1", 
  "TacticGroup": "Discovery", 
  "Technique": "T1018", 
  "TechniqueName": "Remote System Discovery"
}
{
  "Detection": [
    "Telemetry", 
    "Enrichment, Delayed"
  ], 
  "DetectionText": [
    "Telemetry showed the process creation of net group with command-line arguments. [EG11]", 
    "The capability enriched the net command with a related ATT&CK Technique (T1069 - Permission Groups Discovery) and the correct Tactic (Discovery). [EG11]"
  ], 
  "Procedure": "Cobalt Strike: 'net group \"Domain Computers\" /domain' via cmd", 
  "Step": "4.A.2", 
  "TacticGroup": "Discovery", 
  "Technique": "T1018", 
  "TechniqueName": "Remote System Discovery"
}
{
  "Detection": [
    "None"
  ], 
  "DetectionText": [
    "No detection capability demonstrated for this procedure, though telemetry showed a connection to port 80 (no detection showed HTTP specifically)."
  ], 
  "Procedure": "Cobalt Strike: C2 channel modified to use HTTP traffic to freegoogleadsenseinfo.com", 
  "Step": "6.B.1", 
  "TacticGroup": "Command and Control", 
  "Technique": "T1071", 
  "TechniqueName": "Standard Application Layer Protocol"
}
{
  "Detection": [
    "Telemetry, Tainted"
  ], 
  "DetectionText": [
    "Telemetry in the event tree view showed DNS requests spawning from rundll32.exe to freegoogleadsenseinfo.com (C2 domain). The telemetry was tainted by a parent Malicious File Detection alert."
  ], 
  "Procedure": "Cobalt Strike: C2 channel established using DNS traffic to freegoogleadsenseinfo.com", 
  "Step": "1.C.1", 
  "TacticGroup": "Command and Control", 
  "Technique": "T1071", 
  "TechniqueName": "Standard Application Layer Protocol"
}
{
  "Detection": [
    "Telemetry"
  ], 
  "DetectionText": [
    "Telemetry showing decoded PowerShell telemetry extracted from the command-line arguments showed a connection over port 8080 with a HTTP request to download wdbypass payload."
  ], 
  "Procedure": "Empire: UAC bypass module downloaded a new Empire stager (wdbypass) over HTTP", 
  "Step": "14.A.1", 
  "TacticGroup": "Command and Control", 
  "Technique": "T1071", 
  "TechniqueName": "Standard Application Layer Protocol"
}
{
  "Detection": [
    "Telemetry, Tainted"
  ], 
  "DetectionText": [
    "Telemetry showing the decoded powershell.exe command-line arguments showed a connection to over HTTPS to www.freegoogleadsenseinfo.com (C2 domain) (tainted by parent alert). Telemetry also showed a connection to letsencrypt.org, which could indicate use of a cert for HTTPS."
  ], 
  "Procedure": "Empire: C2 channel established using HTTPS traffic to freegoogleadsenseinfo.com", 
  "Step": "11.B.1", 
  "TacticGroup": "Command and Control", 
  "Technique": "T1071", 
  "TechniqueName": "Standard Application Layer Protocol"
}
{
  "Detection": [
    "None"
  ], 
  "DetectionText": [
    "No detection capability demonstrated for this procedure, though strings were pulled from a Process Injection alert, which identified functionality of code to indicate keylogging, but no proof of execution was identified."
  ], 
  "Procedure": "Cobalt Strike: Built-in keylogging capability executed to capture keystrokes of user Debbie", 
  "Step": "8.C.1", 
  "TacticGroup": "collection, Credential Access", 
  "Technique": "T1056", 
  "TechniqueName": "Input Capture"
}
{
  "Detection": [
    "None"
  ], 
  "DetectionText": [
    "No detection capability demonstrated for this procedure, though the capability pulled PowerShell Script Block logs from the host to show the execution of Get-KeyStrokes."
  ], 
  "Procedure": "Empire: Built-in keylogging module executed to capture keystrokes of user Bob", 
  "Step": "15.A.1", 
  "TacticGroup": "collection, Credential Access", 
  "Technique": "T1056", 
  "TechniqueName": "Input Capture"
}
{
  "Detection": [
    "None"
  ], 
  "DetectionText": [
    "No detection capability demonstrated for this procedure."
  ], 
  "Procedure": "Cobalt Strike: C2 channel established using both NetBIOS and base64 encoding", 
  "Step": "1.C.1", 
  "TacticGroup": "Command and Control", 
  "Technique": "T1132", 
  "TechniqueName": "Data Encoding"
}
{
  "Detection": [
    "Telemetry"
  ], 
  "DetectionText": [
    "Telemetry showed a connection to port 3389 on Creeper (10.0.0.4) with information transmitted in bytes indicating a RDP session was established."
  ], 
  "Procedure": "RDP connection made to Creeper (10.0.0.4) as part of execution of persistence mechanism", 
  "Step": "20.A.1", 
  "TacticGroup": "Lateral Movement", 
  "Technique": "T1076", 
  "TechniqueName": "Remote Desktop Protocol"
}
{
  "Detection": [
    "Telemetry, Tainted"
  ], 
  "DetectionText": [
    "Telemetry showed a connection over port 3389 to 10.0.0.5 (Conficker) as well as a Type 10 (interactive remote) login event by user George on Conficker. The port 3389 telemetry was tainted by a parent Process Injection alert."
  ], 
  "Procedure": "Cobalt Strike: C2 channel modified to proxy RDP connection to Conficker (10.0.0.5)", 
  "Step": "6.C.1", 
  "TacticGroup": "Lateral Movement", 
  "Technique": "T1076", 
  "TechniqueName": "Remote Desktop Protocol"
}
{
  "Detection": [
    "Telemetry"
  ], 
  "DetectionText": [
    "Telemetry showed a Type 10 logon event (corresponding to interactive) for Jesse as well remote connections over port 3389 to 10.0.0.5 (Conficker)."
  ], 
  "Procedure": "RDP connection made to Conficker (10.0.0.5) as part of execution of persistence mechanism", 
  "Step": "10.B.1", 
  "TacticGroup": "Lateral Movement", 
  "Technique": "T1076", 
  "TechniqueName": "Remote Desktop Protocol"
}
{
  "Detection": [
    "Telemetry,Tainted"
  ], 
  "DetectionText": [
    "Telemetry within the event tree showed rundll32.exe executing updater.dll. The telemetry was tainted by a Malicious File Detection alert for updater.dll and a Process Injection alert."
  ], 
  "Procedure": "Scheduled task executed when user Debbie logs on to Nimda (10.0.1.6), launching a DLL payload (updater.dll) using Rundll32", 
  "Step": "10.A.2", 
  "TacticGroup": "Execution, Persistence, Privilege Escalation", 
  "Technique": "T1053", 
  "TechniqueName": "Scheduled Task"
}
{
  "Detection": [
    "Enrichment", 
    " Telemetry, Tainted", 
    " Enrichment, Delayed, Tainted", 
    " Specific Behavior, Tainted"
  ], 
  "DetectionText": [
    "The capability enriched data from a hunt for persistence via scheduled task, which showed the \\\"Resume Viewer Update Checker\\\" scheduled task.", 
    " Telemetry showing creation of the scheduled task data was also visible in a event tree (tainted by parent Malicious File Detection alert). [EG11]", 
    " The capability enriched the event tree with the correct ATT&CK Technique (T1053 - Scheduled Task) and Tactic (Persistence) (tainted by parent Malicious File Detection alert). [EG11]", 
    "A Specific Behavior alert for \\\"Persistence-Scheduled Task Creation\\\" was generated (tainted by parent Malicious File Detection alert). \u00a0The alert was also mapped to the correct ATT&CK Technique (T1053 - Scheduled Task) and Tactic (Persistence)."
  ], 
  "Procedure": "Cobalt Strike: 'schtasks' via cmd to create scheduled task that executes a DLL payload (updater.dll)", 
  "Step": "7.C.1", 
  "TacticGroup": "Execution, Persistence, Privilege Escalation", 
  "Technique": "T1053", 
  "TechniqueName": "Scheduled Task"
}
{
  "Detection": [
    "Telemetry, Tainted"
  ], 
  "DetectionText": [
    "Telemetry showed creation of the .vsdx file in the Recycle Bin. The telemetry was tainted by the parent powershell.exe alerts on \\\" PowerShell with Unusual Arguments\\\" and \\\"PowerShell Network\\\". "
  ], 
  "Procedure": "Empire: 'copy' via PowerShell staged a file (Shockwave_network.vsdx) from a network shared drive (Wormshare) on Conficker (10.0.0.5) in the Recycle Bin (C:\\$Recycle.Bin) on CodeRed (10.0.1.5)", 
  "Step": "18.B.1", 
  "TacticGroup": "collection", 
  "Technique": "T1074", 
  "TechniqueName": "Data Staged"
}
{
  "Detection": [
    "None"
  ], 
  "DetectionText": [
    "No detection capability demonstrated for this procedure."
  ], 
  "Procedure": "Cobalt Strike: Keylogging capability included residual enumeration of application windows", 
  "Step": "8.C.1", 
  "TacticGroup": "Discovery", 
  "Technique": "T1010", 
  "TechniqueName": "Application Window Discovery"
}
{
  "Detection": [
    "None"
  ], 
  "DetectionText": [
    "No detection capability demonstrated for this procedure."
  ], 
  "Procedure": "Empire: Built-in keylogging module included residual enumeration of application windows", 
  "Step": "15.A.1", 
  "TacticGroup": "Discovery", 
  "Technique": "T1010", 
  "TechniqueName": "Application Window Discovery"
}
{
  "Detection": [
    "None"
  ], 
  "DetectionText": [
    "No detection capability demonstrated for this procedure, though the Interactive Shell was used to analyze the PowerShell execution and WinEnum Get-SysInfo was observed.[EG13]"
  ], 
  "Procedure": "Empire: WinEnum module included enumeration of system information via a Registry query", 
  "Step": "12.E.1.7", 
  "TacticGroup": "Discovery", 
  "Technique": "T1012", 
  "TechniqueName": "Query Registry"
}
{
  "Detection": [
    "Telemetry, Tainted", 
    "Enrichment,Delayed,Tainted"
  ], 
  "DetectionText": [
    "Telemetry showed execution of reg.exe with command-line arguments (tainted by parent alert). [EG11]", 
    " The capability enriched reg.exe with the correct ATT&CK Technique (T1012 - Query Registry) and Tactic (Discovery) (tainted by parent alert). [EG11]"
  ], 
  "Procedure": "Empire:\u00a0'reg query' via PowerShell to enumerate a specific Registry key", 
  "Step": "13.C.1", 
  "TacticGroup": "Discovery", 
  "Technique": "T1012", 
  "TechniqueName": "Query Registry"
}
{
  "Detection": [
    "Telemetry, Tainted", 
    "Enrichment, Delayed, Tainted"
  ], 
  "DetectionText": [
    "Telemetry showed powershell.exe executing reg.exe with command-line arguments. The telemetry was tainted by parent PowerShell with Unusual Arguments and PowerShell Network alerts. [EG11]", 
    "The capability enriched reg.exe with the correct ATT&CK Technique (T1012 - Query Registry) and Tactic (Discovery). [EG11]"
  ], 
  "Procedure": "Empire: 'reg query' via PowerShell to enumerate a specific Registry key", 
  "Step": "17.A.1", 
  "TacticGroup": "Discovery", 
  "Technique": "T1012", 
  "TechniqueName": "Query Registry"
}
{
  "Detection": [
    "Telemetry, Tainted", 
    "General Behavior,Configuration Change, Delayed, Tainted"
  ], 
  "DetectionText": [
    "Telemetry within the event tree showed cmd.exe executing reg.exe with command-line arguments (tainted by a parent Malicious File Detection).", 
    " A delayed General Behavior alert triggered for a specified number of discovery techniques over a specified time period, which resulted in four Enumeration Command Sequence alerts for Step 2 (tainted by a parent Malicious File Detection).[EG8]"
  ], 
  "Procedure": "Cobalt Strike: 'reg query' via cmd to enumerate a specific Registry key", 
  "Step": "2.H.1", 
  "TacticGroup": "Discovery", 
  "Technique": "T1012", 
  "TechniqueName": "Query Registry"
}
{
  "Detection": [
    "Telemetry, Tainted"
  ], 
  "DetectionText": [
    "Telemetry showed cmd.exe executing reg with command-line arguments. The telemetry was tainted by a parent Process Injection alert."
  ], 
  "Procedure": "Cobalt Strike: 'reg query' via cmd to remotely enumerate a specific Registry key on Conficker (10.0.0.5)", 
  "Step": "6.A.1", 
  "TacticGroup": "Discovery", 
  "Technique": "T1012", 
  "TechniqueName": "Query Registry"
}
{
  "Detection": [
    ""
  ], 
  "DetectionText": [
    ""
  ], 
  "Procedure": "", 
  "Step": "2.B.1", 
  "TacticGroup": "Execution", 
  "Technique": "T1059", 
  "TechniqueName": "Command-Line Interface"
}
{
  "Detection": [
    ""
  ], 
  "DetectionText": [
    ""
  ], 
  "Procedure": "", 
  "Step": "2.A.2", 
  "TacticGroup": "Execution", 
  "Technique": "T1059", 
  "TechniqueName": "Command-Line Interface"
}
{
  "Detection": [
    ""
  ], 
  "DetectionText": [
    ""
  ], 
  "Procedure": "", 
  "Step": "2.D.2", 
  "TacticGroup": "Execution", 
  "Technique": "T1059", 
  "TechniqueName": "Command-Line Interface"
}
{
  "Detection": [
    ""
  ], 
  "DetectionText": [
    ""
  ], 
  "Procedure": "", 
  "Step": "2.D.1", 
  "TacticGroup": "Execution", 
  "Technique": "T1059", 
  "TechniqueName": "Command-Line Interface"
}
{
  "Detection": [
    ""
  ], 
  "DetectionText": [
    ""
  ], 
  "Procedure": "", 
  "Step": "2.A.1", 
  "TacticGroup": "Execution", 
  "Technique": "T1059", 
  "TechniqueName": "Command-Line Interface"
}
{
  "Detection": [
    ""
  ], 
  "DetectionText": [
    ""
  ], 
  "Procedure": "", 
  "Step": "2.E.2", 
  "TacticGroup": "Execution", 
  "Technique": "T1059", 
  "TechniqueName": "Command-Line Interface"
}
{
  "Detection": [
    ""
  ], 
  "DetectionText": [
    ""
  ], 
  "Procedure": "", 
  "Step": "2.E.1", 
  "TacticGroup": "Execution", 
  "Technique": "T1059", 
  "TechniqueName": "Command-Line Interface"
}
{
  "Detection": [
    "Enrichment,Tainted", 
    " Telemetry, Tainted", 
    " Enrichment, Delayed, Tainted"
  ], 
  "DetectionText": [
    "The capability enriched events related to cmd.exe launching PowerShell via wscript.exe running autoupdate.vbs (tainted by parent PowerShell alert). ", 
    "Telemetry showed cmd.exe execution and associated user context change (tainted by parent PowerShell alert). [EG11]", 
    "The capability enriched the execution of autoupdate.vbs with a related ATT&CK Technique (T1064 - Scripting) and Tactic (Execution). (tainted by parent PowerShell alert). [EG11]"
  ], 
  "Procedure": "Empire: Built-in runas module executed to launch malicious VBScript (autoupdate.vbs) as user Kmitnick\u00a0", 
  "Step": "16.F.1", 
  "TacticGroup": "Execution", 
  "Technique": "T1059", 
  "TechniqueName": "Command-Line Interface"
}
{
  "Detection": [
    ""
  ], 
  "DetectionText": [
    ""
  ], 
  "Procedure": "", 
  "Step": "2.F.1", 
  "TacticGroup": "Execution", 
  "Technique": "T1059", 
  "TechniqueName": "Command-Line Interface"
}
{
  "Detection": [
    ""
  ], 
  "DetectionText": [
    ""
  ], 
  "Procedure": "", 
  "Step": "2.F.3", 
  "TacticGroup": "Execution", 
  "Technique": "T1059", 
  "TechniqueName": "Command-Line Interface"
}
{
  "Detection": [
    ""
  ], 
  "DetectionText": [
    ""
  ], 
  "Procedure": "", 
  "Step": "2.F.2", 
  "TacticGroup": "Execution", 
  "Technique": "T1059", 
  "TechniqueName": "Command-Line Interface"
}
{
  "Detection": [
    ""
  ], 
  "DetectionText": [
    ""
  ], 
  "Procedure": "", 
  "Step": "2.G.1", 
  "TacticGroup": "Execution", 
  "Technique": "T1059", 
  "TechniqueName": "Command-Line Interface"
}
{
  "Detection": [
    ""
  ], 
  "DetectionText": [
    ""
  ], 
  "Procedure": "", 
  "Step": "2.H.1", 
  "TacticGroup": "Execution", 
  "Technique": "T1059", 
  "TechniqueName": "Command-Line Interface"
}
{
  "Detection": [
    ""
  ], 
  "DetectionText": [
    ""
  ], 
  "Procedure": "", 
  "Step": "2.C.2 ", 
  "TacticGroup": "Execution", 
  "Technique": "T1059", 
  "TechniqueName": "Command-Line Interface"
}
{
  "Detection": [
    ""
  ], 
  "DetectionText": [
    ""
  ], 
  "Procedure": "", 
  "Step": "7.C.1", 
  "TacticGroup": "Execution", 
  "Technique": "T1059", 
  "TechniqueName": "Command-Line Interface"
}
{
  "Detection": [
    ""
  ], 
  "DetectionText": [
    ""
  ], 
  "Procedure": "", 
  "Step": "8.A.1", 
  "TacticGroup": "Execution", 
  "Technique": "T1059", 
  "TechniqueName": "Command-Line Interface"
}
{
  "Detection": [
    ""
  ], 
  "DetectionText": [
    ""
  ], 
  "Procedure": "", 
  "Step": "8.A.2", 
  "TacticGroup": "Execution", 
  "Technique": "T1059", 
  "TechniqueName": "Command-Line Interface"
}
{
  "Detection": [
    ""
  ], 
  "DetectionText": [
    ""
  ], 
  "Procedure": "", 
  "Step": "2.G.2", 
  "TacticGroup": "Execution", 
  "Technique": "T1059", 
  "TechniqueName": "Command-Line Interface"
}
{
  "Detection": [
    ""
  ], 
  "DetectionText": [
    ""
  ], 
  "Procedure": "", 
  "Step": "4.A.2", 
  "TacticGroup": "Execution", 
  "Technique": "T1059", 
  "TechniqueName": "Command-Line Interface"
}
{
  "Detection": [
    ""
  ], 
  "DetectionText": [
    ""
  ], 
  "Procedure": "", 
  "Step": "6.A.1", 
  "TacticGroup": "Execution", 
  "Technique": "T1059", 
  "TechniqueName": "Command-Line Interface"
}
{
  "Detection": [
    ""
  ], 
  "DetectionText": [
    ""
  ], 
  "Procedure": "", 
  "Step": "4.A.1", 
  "TacticGroup": "Execution", 
  "Technique": "T1059", 
  "TechniqueName": "Command-Line Interface"
}
{
  "Detection": [
    ""
  ], 
  "DetectionText": [
    ""
  ], 
  "Procedure": "", 
  "Step": "4.B.1", 
  "TacticGroup": "Execution", 
  "Technique": "T1059", 
  "TechniqueName": "Command-Line Interface"
}
{
  "Detection": [
    ""
  ], 
  "DetectionText": [
    ""
  ], 
  "Procedure": "", 
  "Step": "4.C.1", 
  "TacticGroup": "Execution", 
  "Technique": "T1059", 
  "TechniqueName": "Command-Line Interface"
}
{
  "Detection": [
    "Telemetry, Tainted"
  ], 
  "DetectionText": [
    "Telemetry showed powershell.exe executing ipconfig.exe with command-line arguments (tainted by parent PowerShell alerts)."
  ], 
  "Procedure": "Empire: 'ipconfig /all' via PowerShell", 
  "Step": "12.A.2", 
  "TacticGroup": "Discovery", 
  "Technique": "T1016", 
  "TechniqueName": "System Network Configuration Discovery"
}
{
  "Detection": [
    "Telemetry"
  ], 
  "DetectionText": [
    "Telemetry showed the process creation of netsh with command-line arguments."
  ], 
  "Procedure": "Cobalt Strike: 'netsh advfirewall show allprofiles' via cmd", 
  "Step": "4.B.1", 
  "TacticGroup": "Discovery", 
  "Technique": "T1016", 
  "TechniqueName": "System Network Configuration Discovery"
}
{
  "Detection": [
    "Telemetry,Tainted"
  ], 
  "DetectionText": [
    "Telemetry showed powershell.exe executing route.exe with command-line arguments (tainted by parent PowerShell alerts)."
  ], 
  "Procedure": "Empire: 'route print' via PowerShell", 
  "Step": "12.A.1", 
  "TacticGroup": "Discovery", 
  "Technique": "T1016", 
  "TechniqueName": "System Network Configuration Discovery"
}
{
  "Detection": [
    "Telemetry, Tainted", 
    "General Behavior, Configuration Change, Delayed, Tainted"
  ], 
  "DetectionText": [
    "Telemetry within the event tree showed cmd.exe executing arp.exe with command-line arguments (tainted by a parent Malicious File Detection).", 
    " A delayed General Behavior alert triggered for a specified number of discovery techniques over a specified time period, which resulted in four Enumeration Command Sequence alerts for Step 2 (tainted by a parent Malicious File Detection).[EG8]"
  ], 
  "Procedure": "Cobalt Strike: 'arp -a' via cmd", 
  "Step": "2.A.2", 
  "TacticGroup": "Discovery", 
  "Technique": "T1016", 
  "TechniqueName": "System Network Configuration Discovery"
}
{
  "Detection": [
    "General Behavior, Tainted", 
    "Telemetry, Tainted", 
    "General Behavior, Configuration Change, Delayed, Tainted"
  ], 
  "DetectionText": [
    "A General Behavior alert called Unusual Child Process of RunDLL32 was generated for cmd.exe executing ipconfig.exe with command-line arguments. The alert was tainted as part of the event tree under a parent Malicious File Detection.", 
    "Telemetry within the event tree showed cmd.exe executing ipconfig.exe with command-line arguments (tainted by a parent Malicious File Detection).", 
    " A delayed General Behavior alert triggered for a specified number of discovery techniques over a specified time period, which resulted in four Enumeration Command Sequence alerts for Step 2 (tainted by parent Malicious File Detection).[EG8]"
  ], 
  "Procedure": "Cobalt Strike: 'ipconfig /all' via cmd", 
  "Step": "2.A.1", 
  "TacticGroup": "Discovery", 
  "Technique": "T1016", 
  "TechniqueName": "System Network Configuration Discovery"
}
{
  "Detection": [
    "None"
  ], 
  "DetectionText": [
    "No detection capability demonstrated for this procedure, though the Interactive Shell was used to analyze the PowerShell execution and WinEnum Get-NetInfo-Network Adapters was observed.[EG13]"
  ], 
  "Procedure": "Empire: WinEnum module included enumeration of network adapters", 
  "Step": "12.E.1.11", 
  "TacticGroup": "Discovery", 
  "Technique": "T1016", 
  "TechniqueName": "System Network Configuration Discovery"
}
{
  "Detection": [
    "None"
  ], 
  "DetectionText": [
    "No detection capability demonstrated for this procedure, though the Interactive Shell was used to analyze the PowerShell execution and WinEnum Get-SysInfo was observed.[EG13]"
  ], 
  "Procedure": "Empire: WinEnum module included enumeration of system information", 
  "Step": "12.E.1.6.1", 
  "TacticGroup": "Discovery", 
  "Technique": "T1082", 
  "TechniqueName": "System Information Discovery"
}
{
  "Detection": [
    "None"
  ], 
  "DetectionText": [
    "No detection capability demonstrated for this procedure, though the Interactive Shell was used to analyze the PowerShell execution and WinEnum Windows Last Updated was observed.[EG13]"
  ], 
  "Procedure": "Empire: WinEnum module included enumeration of Windows update information", 
  "Step": "12.E.1.6.2", 
  "TacticGroup": "Discovery", 
  "Technique": "T1082", 
  "TechniqueName": "System Information Discovery"
}
{
  "Detection": [
    "Telemetry, Tainted", 
    "General Behavior, Configuration Change, Delayed, Tainted"
  ], 
  "DetectionText": [
    "Telemetry within the event tree showed cmd.exe executing net.exe with command-line arguments (tainted by a parent Malicious File Detection).", 
    " A delayed General Behavior alert triggered for a specified number of discovery techniques over a specified time period, which resulted in four Enumeration Command Sequence alerts for Step 2 (tainted by a parent Malicious File Detection).[EG8]"
  ], 
  "Procedure": "Cobalt Strike: 'net config workstation' via cmd", 
  "Step": "2.E.2", 
  "TacticGroup": "Discovery", 
  "Technique": "T1082", 
  "TechniqueName": "System Information Discovery"
}
{
  "Detection": [
    "Telemetry, Tainted", 
    "General Behavior, Configuration Change, Delayed, Tainted"
  ], 
  "DetectionText": [
    "Telemetry within the event tree showed cmd.exe executing systeminfo.exe (tainted by a parent Malicious File Detection).", 
    " A delayed General Behavior alert triggered for a specified number of discovery techniques over a specified time period, which resulted in four Enumeration Command Sequence alerts for Step 2 (tainted by a parent Malicious File Detection).[EG8]"
  ], 
  "Procedure": "Cobalt Strike: 'systeminfo' via cmd", 
  "Step": "2.E.1", 
  "TacticGroup": "Discovery", 
  "Technique": "T1082", 
  "TechniqueName": "System Information Discovery"
}
{
  "Detection": [
    "None"
  ], 
  "DetectionText": [
    "No detection capability demonstrated for this procedure."
  ], 
  "Procedure": "Added user Jesse to Conficker (10.0.0.5) through RDP connection", 
  "Step": "7.A.1", 
  "TacticGroup": "Persistence", 
  "Technique": "T1136", 
  "TechniqueName": "Create Account"
}
{
  "Detection": [
    "Telemetry, Tainted", 
    " Enrichment, Delayed, Tainted ", 
    " Specific Behavior"
  ], 
  "DetectionText": [
    "Telemetry showed sc.exe execution to create the AdobeUpdater service and set the binPath to run cmd.exe with an argument to execute update.vbs. The telemetry was tainted by parent PowerShell with Unusual Arguments and PowerShell Network alerts. [EG11]", 
    "The capability enriched sc.exe with the correct ATT&CK Technique (T1050 - New Service) and Tactic (Persistence). The enrichment was tainted by parent PowerShell with Unusual Arguments and PowerShell Network alerts. [EG11]", 
    " A Specific Behavior alert was generated on the AdobeUpdater service named \\\"Persistence-New Service\\\". The alert was also tagged with the correct ATT&CK Technique (T1050 - New Service) and Tactic (Persistence)."
  ], 
  "Procedure": "Empire: 'sc create' via PowerShell to remotely create a service on Creeper (10.0.0.4)", 
  "Step": "16.I.1", 
  "TacticGroup": "Persistence, Privilege Escalation", 
  "Technique": "T1050", 
  "TechniqueName": "New Service"
}
{
  "Detection": [
    "None"
  ], 
  "DetectionText": [
    "No detection capability demonstrated for this procedure. [EG1] "
  ], 
  "Procedure": "Empire: 'get-content' via PowerShell to collect sensitive file (it_tasks.txt) from a network shared drive (Wormshare) on Conficker (10.0.0.5)", 
  "Step": "15.B.1", 
  "TacticGroup": "Credential Access", 
  "Technique": "T1081", 
  "TechniqueName": "Credentials in Files"
}
{
  "Detection": [
    ""
  ], 
  "DetectionText": [
    ""
  ], 
  "Procedure": "", 
  "Step": "13.C.1", 
  "TacticGroup": "Execution", 
  "Technique": "T1086", 
  "TechniqueName": "PowerShell"
}
{
  "Detection": [
    ""
  ], 
  "DetectionText": [
    ""
  ], 
  "Procedure": "", 
  "Step": "12.F.1", 
  "TacticGroup": "Execution", 
  "Technique": "T1086", 
  "TechniqueName": "PowerShell"
}
{
  "Detection": [
    ""
  ], 
  "DetectionText": [
    ""
  ], 
  "Procedure": "", 
  "Step": "17.B.1", 
  "TacticGroup": "Execution", 
  "Technique": "T1086", 
  "TechniqueName": "PowerShell"
}
{
  "Detection": [
    ""
  ], 
  "DetectionText": [
    ""
  ], 
  "Procedure": "", 
  "Step": "17.B.2", 
  "TacticGroup": "Execution", 
  "Technique": "T1086", 
  "TechniqueName": "PowerShell"
}
{
  "Detection": [
    ""
  ], 
  "DetectionText": [
    ""
  ], 
  "Procedure": "", 
  "Step": "12.F.2", 
  "TacticGroup": "Execution", 
  "Technique": "T1086", 
  "TechniqueName": "PowerShell"
}
{
  "Detection": [
    ""
  ], 
  "DetectionText": [
    ""
  ], 
  "Procedure": "", 
  "Step": "17.C.1", 
  "TacticGroup": "Execution", 
  "Technique": "T1086", 
  "TechniqueName": "PowerShell"
}
{
  "Detection": [
    ""
  ], 
  "DetectionText": [
    ""
  ], 
  "Procedure": "", 
  "Step": "12.G.1", 
  "TacticGroup": "Execution", 
  "Technique": "T1086", 
  "TechniqueName": "PowerShell"
}
{
  "Detection": [
    ""
  ], 
  "DetectionText": [
    ""
  ], 
  "Procedure": "", 
  "Step": "12.G.2", 
  "TacticGroup": "Execution", 
  "Technique": "T1086", 
  "TechniqueName": "PowerShell"
}
{
  "Detection": [
    ""
  ], 
  "DetectionText": [
    ""
  ], 
  "Procedure": "", 
  "Step": "12.D.1", 
  "TacticGroup": "Execution", 
  "Technique": "T1086", 
  "TechniqueName": "PowerShell"
}
{
  "Detection": [
    ""
  ], 
  "DetectionText": [
    ""
  ], 
  "Procedure": "", 
  "Step": "18.A.1", 
  "TacticGroup": "Execution", 
  "Technique": "T1086", 
  "TechniqueName": "PowerShell"
}
{
  "Detection": [
    ""
  ], 
  "DetectionText": [
    ""
  ], 
  "Procedure": "", 
  "Step": "12.E.1", 
  "TacticGroup": "Execution", 
  "Technique": "T1086", 
  "TechniqueName": "PowerShell"
}
{
  "Detection": [
    ""
  ], 
  "DetectionText": [
    ""
  ], 
  "Procedure": "", 
  "Step": "12.C.1", 
  "TacticGroup": "Execution", 
  "Technique": "T1086", 
  "TechniqueName": "PowerShell"
}
{
  "Detection": [
    ""
  ], 
  "DetectionText": [
    ""
  ], 
  "Procedure": "", 
  "Step": "12.B.1", 
  "TacticGroup": "Execution", 
  "Technique": "T1086", 
  "TechniqueName": "PowerShell"
}
{
  "Detection": [
    ""
  ], 
  "DetectionText": [
    ""
  ], 
  "Procedure": "", 
  "Step": "18.B.1", 
  "TacticGroup": "Execution", 
  "Technique": "T1086", 
  "TechniqueName": "PowerShell"
}
{
  "Detection": [
    ""
  ], 
  "DetectionText": [
    ""
  ], 
  "Procedure": "", 
  "Step": "17.A.1", 
  "TacticGroup": "Execution", 
  "Technique": "T1086", 
  "TechniqueName": "PowerShell"
}
{
  "Detection": [
    ""
  ], 
  "DetectionText": [
    ""
  ], 
  "Procedure": "", 
  "Step": "16.K.1", 
  "TacticGroup": "Execution", 
  "Technique": "T1086", 
  "TechniqueName": "PowerShell"
}
{
  "Detection": [
    ""
  ], 
  "DetectionText": [
    ""
  ], 
  "Procedure": "", 
  "Step": "11.A.1", 
  "TacticGroup": "Execution", 
  "Technique": "T1086", 
  "TechniqueName": "PowerShell"
}
{
  "Detection": [
    ""
  ], 
  "DetectionText": [
    ""
  ], 
  "Procedure": "", 
  "Step": "16.H.1", 
  "TacticGroup": "Execution", 
  "Technique": "T1086", 
  "TechniqueName": "PowerShell"
}
{
  "Detection": [
    ""
  ], 
  "DetectionText": [
    ""
  ], 
  "Procedure": "", 
  "Step": "12.A.2", 
  "TacticGroup": "Execution", 
  "Technique": "T1086", 
  "TechniqueName": "PowerShell"
}
{
  "Detection": [
    ""
  ], 
  "DetectionText": [
    ""
  ], 
  "Procedure": "", 
  "Step": "19.D.1", 
  "TacticGroup": "Execution", 
  "Technique": "T1086", 
  "TechniqueName": "PowerShell"
}
{
  "Detection": [
    ""
  ], 
  "DetectionText": [
    ""
  ], 
  "Procedure": "", 
  "Step": "19.D.2", 
  "TacticGroup": "Execution", 
  "Technique": "T1086", 
  "TechniqueName": "PowerShell"
}
{
  "Detection": [
    ""
  ], 
  "DetectionText": [
    ""
  ], 
  "Procedure": "", 
  "Step": "12.A.1", 
  "TacticGroup": "Execution", 
  "Technique": "T1086", 
  "TechniqueName": "PowerShell"
}
{
  "Detection": [
    ""
  ], 
  "DetectionText": [
    ""
  ], 
  "Procedure": "", 
  "Step": "16.I.1", 
  "TacticGroup": "Execution", 
  "Technique": "T1086", 
  "TechniqueName": "PowerShell"
}
{
  "Detection": [
    ""
  ], 
  "DetectionText": [
    ""
  ], 
  "Procedure": "", 
  "Step": "16.J.1", 
  "TacticGroup": "Execution", 
  "Technique": "T1086", 
  "TechniqueName": "PowerShell"
}
{
  "Detection": [
    ""
  ], 
  "DetectionText": [
    ""
  ], 
  "Procedure": "", 
  "Step": "15.B.1", 
  "TacticGroup": "Execution", 
  "Technique": "T1086", 
  "TechniqueName": "PowerShell"
}
{
  "Detection": [
    ""
  ], 
  "DetectionText": [
    ""
  ], 
  "Procedure": "", 
  "Step": "13.B.1", 
  "TacticGroup": "Execution", 
  "Technique": "T1086", 
  "TechniqueName": "PowerShell"
}
{
  "Detection": [
    ""
  ], 
  "DetectionText": [
    ""
  ], 
  "Procedure": "", 
  "Step": "13.B.2", 
  "TacticGroup": "Execution", 
  "Technique": "T1086", 
  "TechniqueName": "PowerShell"
}
{
  "Detection": [
    ""
  ], 
  "DetectionText": [
    ""
  ], 
  "Procedure": "", 
  "Step": "13.A.1", 
  "TacticGroup": "Execution", 
  "Technique": "T1086", 
  "TechniqueName": "PowerShell"
}
{
  "Detection": [
    ""
  ], 
  "DetectionText": [
    ""
  ], 
  "Procedure": "", 
  "Step": "16.L.1", 
  "TacticGroup": "Execution", 
  "Technique": "T1086", 
  "TechniqueName": "PowerShell"
}
{
  "Detection": [
    "Telemetry"
  ], 
  "DetectionText": [
    "Telemetry showed execution of mmc.exe, the Microsoft Management Console, spawning the lusrmgr.msc (Local Users and Groups snap-in) which displays local account information."
  ], 
  "Procedure": "Microsoft Management Console (Local Users and Groups snap-in) GUI utility displayed user account information", 
  "Step": "7.A.1", 
  "TacticGroup": "Discovery", 
  "Technique": "T1087", 
  "TechniqueName": "Account Discovery"
}
{
  "Detection": [
    "Telemetry, Tainted", 
    " Enrichment, Tainted, Delayed"
  ], 
  "DetectionText": [
    "Telemetry showed net.exe executing with command-line arguments (tainted by parent PowerShell alerts). [EG11]", 
    " The capability enriched the event with the correct ATT&CK Technique (T1087 - Account Discovery) and Tactic (Discovery). The enrichment was tainted by parent PowerShell alerts.[EG11]"
  ], 
  "Procedure": "Empire: 'net user /domain' via PowerShell", 
  "Step": "12.G.2", 
  "TacticGroup": "Discovery", 
  "Technique": "T1087", 
  "TechniqueName": "Account Discovery"
}
{
  "Detection": [
    "Telemetry, Tainted", 
    "General Behavior, Configuration Change, Delayed, Tainted"
  ], 
  "DetectionText": [
    "Telemetry within the event tree showed cmd.exe executing net.exe with command-line arguments (tainted by a parent Malicious File Detection).", 
    " A delayed General Behavior alert triggered for a specified number of discovery techniques over a specified time period, which resulted in four Enumeration Command Sequence alerts for Step 2 (tainted by a parent Malicious File Detection).[EG8]"
  ], 
  "Procedure": "Cobalt Strike: 'net user /domain' via cmd", 
  "Step": "2.G.1", 
  "TacticGroup": "Discovery", 
  "Technique": "T1087", 
  "TechniqueName": "Account Discovery"
}
{
  "Detection": [
    "Telemetry, Tainted", 
    "General Behavior, Configuration Change, Delayed, Tainted"
  ], 
  "DetectionText": [
    "Telemetry within the event tree showed cmd.exe executing net.exe with command-line arguments (tainted by a parent Malicious File Detection).", 
    " A delayed General Behavior alert triggered for a specified number of discovery techniques over a specified time period, which resulted in four Enumeration Command Sequence alerts for Step 2 (tainted by a parent Malicious File Detection).[EG8]"
  ], 
  "Procedure": "Cobalt Strike: 'net user george /domain' via cmd", 
  "Step": "2.G.2", 
  "TacticGroup": "Discovery", 
  "Technique": "T1087", 
  "TechniqueName": "Account Discovery"
}
{
  "Detection": [
    "Telemetry, Tainted", 
    " Enrichment, Tainted, Delayed"
  ], 
  "DetectionText": [
    "Telemetry showed net.exe executing with command-line arguments (tainted by parent PowerShell alerts). [EG11]", 
    " The capability enriched the event with the correct ATT&CK Technique (T1087 - Account Discovery) and Tactic (Discovery). The enrichment was tainted by parent PowerShell alerts. [EG11]"
  ], 
  "Procedure": "Empire: 'net user' via PowerShell", 
  "Step": "12.G.1", 
  "TacticGroup": "Discovery", 
  "Technique": "T1087", 
  "TechniqueName": "Account Discovery"
}
{
  "Detection": [
    "Telemetry,Tainted", 
    "Specific Behavior,Tainted"
  ], 
  "DetectionText": [
    "Telemetry showed rundll32.exe running update.dat. The telemetry was tainted by a parent Malicious File Detection alert.", 
    " A Specific Behavior alert called RunDLL32 with Suspicious DLL Location was generated due to rundll32.exe running update.dat. The alert was also tagged with the correct ATT&CK Technique (T1085 - Rundll32) and Tactics (Defense Evasion, Execution) and was tainted by a parent Malicious File Detection alert.\u00a0"
  ], 
  "Procedure": "Previously executed batch file (pdfhelper.cmd) launched a DLL payload (update.dat) using Rundll32", 
  "Step": "1.A.1", 
  "TacticGroup": "Defense Evasion, Execution", 
  "Technique": "T1085", 
  "TechniqueName": "Rundll32"
}
{
  "Detection": [
    "Telemetry"
  ], 
  "DetectionText": [
    "Telemetry showed a mismatch between the logon id (authentication id) of parent and child processes indicating that a different token was used. Though no screenshot for this data is available, this information can be used to trace back to the logon event for that logon id to display the process integrity level indicative of the elevated token used for bypass UAC. [EG7]\u00a0"
  ], 
  "Procedure": "Cobalt Strike: Built-in UAC bypass token duplication capability executed to elevate process integrity level", 
  "Step": "3.A.1", 
  "TacticGroup": "Defense Evasion, Privilege Escalation", 
  "Technique": "T1088", 
  "TechniqueName": "Bypass User Account Control"
}
{
  "Detection": [
    "Telemetry"
  ], 
  "DetectionText": [
    "Telemetry showed a mismatch between the logon id (authentication id) of parent (powershell.exe - 312288) and child (powershell.exe - 10184789) processes indicating that a different token was used. Though no screenshot for this data is available, this information can be used to trace back to the logon event for that logon id to display the process integrity level indicative of the elevated token used for bypass UAC. "
  ], 
  "Procedure": "Empire: Built-in UAC bypass token duplication module executed to launch new callback with elevated process integrity level", 
  "Step": "14.A.1", 
  "TacticGroup": "Defense Evasion, Privilege Escalation", 
  "Technique": "T1088", 
  "TechniqueName": "Bypass User Account Control"
}
{
  "Detection": [
    "None"
  ], 
  "DetectionText": [
    "No detection capability demonstrated for this procedure."
  ], 
  "Procedure": "Cobalt Strike: 'ps' (Process status) via Win32 APIs", 
  "Step": "2.C.1", 
  "TacticGroup": "Discovery", 
  "Technique": "T1057", 
  "TechniqueName": "Process Discovery"
}
{
  "Detection": [
    "Telemetry, Tainted", 
    "General Behavior, Configuration Change, Delayed, Tainted"
  ], 
  "DetectionText": [
    "Telemetry within the event tree showed cmd.exe executing tasklist.exe with command-line arguments (tainted by a parent Malicious File Detection).", 
    " A delayed General Behavior alert triggered for a specified number of discovery techniques over a specified time period, which resulted in four Enumeration Command Sequence alerts for Step 2 (tainted by a parent Malicious File Detection).[EG8]"
  ], 
  "Procedure": "Cobalt Strike: 'tasklist /v' via cmd", 
  "Step": "2.C.2 ", 
  "TacticGroup": "Discovery", 
  "Technique": "T1057", 
  "TechniqueName": "Process Discovery"
}
{
  "Detection": [
    "None"
  ], 
  "DetectionText": [
    "No detection capability demonstrated for this procedure."
  ], 
  "Procedure": "Cobalt Strike: 'ps' (Process status) via Win32 APIs", 
  "Step": "3.B.1", 
  "TacticGroup": "Discovery", 
  "Technique": "T1057", 
  "TechniqueName": "Process Discovery"
}
{
  "Detection": [
    "None"
  ], 
  "DetectionText": [
    "No detection capability demonstrated for this procedure."
  ], 
  "Procedure": "Cobalt Strike: 'ps' (Process status) via Win32 APIs", 
  "Step": "8.B.1", 
  "TacticGroup": "Discovery", 
  "Technique": "T1057", 
  "TechniqueName": "Process Discovery"
}
{
  "Detection": [
    "Telemetry, Tainted"
  ], 
  "DetectionText": [
    "Telemetry showed powershell.exe executing qprocess.exe with command-line arguments (tainted by parent PowerShell alerts)."
  ], 
  "Procedure": "Empire: 'qprocess *' via PowerShell", 
  "Step": "12.C.1", 
  "TacticGroup": "Discovery", 
  "Technique": "T1057", 
  "TechniqueName": "Process Discovery"
}
{
  "Detection": [
    "Specific Behavior,Tainted ", 
    " Telemetry, Tainted ", 
    " Enrichment, Delayed, Tainted"
  ], 
  "DetectionText": [
    "A Specific Behavior alert was generated on execution of recycler.exe named \\\"Exfiltration-Encrypting Files with WinRar\\\". The alert was tainted by parent Windows Script Executing PowerShell alert.", 
    "Telemetry showed recycler.exe with full command-line arguments, including the use of the -hp flag to encrypt and compress data. The telemetry was tainted by parent Windows Script Executing PowerShell alert. [EG11]", 
    " The capability enriched recycler.exe with the correct ATT&CK Technique (T1022 - Data Encrypted) and Tactic (Exfiltration). The enrichment was tainted by parent Windows Script Executing PowerShell alert. [EG11]"
  ], 
  "Procedure": "Empire: Executed binary (recycler.exe) created encrypted archive (old.rar) of previously collected file", 
  "Step": "19.B.1", 
  "TacticGroup": "Exfiltration", 
  "Technique": "T1022", 
  "TechniqueName": "Data Encrypted"
}
{
  "Detection": [
    ""
  ], 
  "DetectionText": [
    ""
  ], 
  "Procedure": "", 
  "Step": "8.C.1", 
  "TacticGroup": "Execution", 
  "Technique": "T1106", 
  "TechniqueName": "Execution through API"
}
{
  "Detection": [
    ""
  ], 
  "DetectionText": [
    ""
  ], 
  "Procedure": "", 
  "Step": "3.B.1", 
  "TacticGroup": "Execution", 
  "Technique": "T1106", 
  "TechniqueName": "Execution through API"
}
{
  "Detection": [
    ""
  ], 
  "DetectionText": [
    ""
  ], 
  "Procedure": "", 
  "Step": "8.B.1", 
  "TacticGroup": "Execution", 
  "Technique": "T1106", 
  "TechniqueName": "Execution through API"
}
{
  "Detection": [
    ""
  ], 
  "DetectionText": [
    ""
  ], 
  "Procedure": "", 
  "Step": "9.B.1", 
  "TacticGroup": "Execution", 
  "Technique": "T1106", 
  "TechniqueName": "Execution through API"
}
{
  "Detection": [
    ""
  ], 
  "DetectionText": [
    ""
  ], 
  "Procedure": "", 
  "Step": "8.D.1", 
  "TacticGroup": "Execution", 
  "Technique": "T1106", 
  "TechniqueName": "Execution through API"
}
{
  "Detection": [
    ""
  ], 
  "DetectionText": [
    ""
  ], 
  "Procedure": "", 
  "Step": "9.A.1", 
  "TacticGroup": "Execution", 
  "Technique": "T1106", 
  "TechniqueName": "Execution through API"
}
{
  "Detection": [
    ""
  ], 
  "DetectionText": [
    ""
  ], 
  "Procedure": "", 
  "Step": "2.C.1", 
  "TacticGroup": "Execution", 
  "Technique": "T1106", 
  "TechniqueName": "Execution through API"
}
{
  "Detection": [
    ""
  ], 
  "DetectionText": [
    ""
  ], 
  "Procedure": "", 
  "Step": "12.E.1", 
  "TacticGroup": "Execution", 
  "Technique": "T1106", 
  "TechniqueName": "Execution through API"
}
{
  "Detection": [
    "Telemetry,Tainted"
  ], 
  "DetectionText": [
    "Telemetry showed connections over DNS as well as over port 80, which could indicate multiband communication. The telemetry was tainted by a parent Malicious File Detection alert."
  ], 
  "Procedure": "Cobalt Strike: C2 channel modified to split communications between both HTTP and DNS", 
  "Step": "6.B.1", 
  "TacticGroup": "Command and Control", 
  "Technique": "T1026", 
  "TechniqueName": "Multiband Communication"
}
{
  "Detection": [
    "Specific Behavior,Tainted", 
    " Telemetry, Tainted", 
    " Enrichment, Delayed, Tainted"
  ], 
  "DetectionText": [
    "A Specific Behavior alert was triggered for each individual net.exe connection with a tag titled Lateral Movement via \\\"Mounting Hidden Shares\\\" (tainted by parent PowerShell alert).", 
    " Telemetry showed logon attempt targeting ADMIN$ via net.exe and command-line arguments. [EG11]", 
    " The capability enriched net.exe connection events with the correct ATT&CK Technique (T1077 - Windows Admin Shares) and Tactic (Lateral Movement) (tainted by parent PowerShell alert). [EG11]"
  ], 
  "Procedure": "Empire: Successful authentication targeted Windows admin share on Conficker (10.0.0.5)\u00a0", 
  "Step": "16.B.1", 
  "TacticGroup": "Lateral Movement", 
  "Technique": "T1077", 
  "TechniqueName": "Windows Admin Shares"
}
{
  "Detection": [
    "Specific Behavior,Tainted", 
    " Telemetry, Tainted", 
    " Enrichment, Delayed, Tainted"
  ], 
  "DetectionText": [
    "A Specific Behavior alert was triggered for each individual net.exe connection with a tag titled Lateral Movement via \\\"Mounting Hidden Shares\\\" (tainted by parent PowerShell alert). The alert was also tagged with \u00a0the correct ATT&CK Technique (T1077 - Windows Admin Shares) and Tactic (Lateral Movement) .", 
    " Telemetry showed logon attempt targeting C$ via net.exe and command-line arguments. [EG11]", 
    " The capability enriched net.exe connection events with the correct ATT&CK Technique (T1077 - Windows Admin Shares) and Tactic (Lateral Movement) (tainted by parent PowerShell alert). [EG11]"
  ], 
  "Procedure": "Empire: Successful authentication targeted Windows admin shares on Conficker (10.0.0.5)", 
  "Step": "16.D.1", 
  "TacticGroup": "Lateral Movement", 
  "Technique": "T1077", 
  "TechniqueName": "Windows Admin Shares"
}
{
  "Detection": [
    "Specific Behavior,Tainted", 
    " Telemetry, Tainted", 
    " Enrichment, Delayed, Tainted"
  ], 
  "DetectionText": [
    "A Specific Behavior alert was triggered for each individual net.exe connection with a tag titled Lateral Movement via \\\"Mounting Hidden Shares\\\" (tainted by parent PowerShell alert).", 
    " Telemetry showed repeated logon attempts targeting ADMIN$ via net.exe and command-line arguments. [EG11]", 
    " The capability enriched net.exe connection events with the correct ATT&CK Technique (T1077 - Windows Admin Shares) and Tactic (Lateral Movement) (tainted by parent PowerShell alert). [EG11]"
  ], 
  "Procedure": "Empire: Brute force password spraying attempts targeted Windows admin shares on Morris (10.0.1.4) and Nimda (10.0.1.6)", 
  "Step": "16.A.1", 
  "TacticGroup": "Lateral Movement", 
  "Technique": "T1077", 
  "TechniqueName": "Windows Admin Shares"
}
{
  "Detection": [
    "Telemetry,Tainted"
  ], 
  "DetectionText": [
    "Telemetry showed a TCP port 80 connection from rundll32.exe to 192.168.0.4 (C2 server). The telemetry was tainted by a parent Malicious File Detection alert."
  ], 
  "Procedure": "Cobalt Strike: C2 channel modified to use port 80", 
  "Step": "6.B.1", 
  "TacticGroup": "Command and Control", 
  "Technique": "T1043", 
  "TechniqueName": "Commonly Used Port"
}
{
  "Detection": [
    "None"
  ], 
  "DetectionText": [
    "No detection capability demonstrated for this procedure, though DNS requests were observed (no detection showed port 53 specifically)."
  ], 
  "Procedure": "Cobalt Strike: C2 channel established using port 53", 
  "Step": "1.C.1", 
  "TacticGroup": "Command and Control", 
  "Technique": "T1043", 
  "TechniqueName": "Commonly Used Port"
}
{
  "Detection": [
    "General Behavior", 
    " Telemetry"
  ], 
  "DetectionText": [
    "A General Behavior alert for Command and Control was triggered because of PowerShell making a connection over TCP port 8080.", 
    "Telemetry showing decoded PowerShell telemetry extracted from the command-line arguments showed a connection over port 8080 with a HTTP request to download wdbypass payload.\u00a0"
  ], 
  "Procedure": "Empire: UAC bypass module downloaded a new Empire stager (wdbypass) over port 8080", 
  "Step": "14.A.1", 
  "TacticGroup": "Command and Control", 
  "Technique": "T1043", 
  "TechniqueName": "Commonly Used Port"
}
{
  "Detection": [
    "Telemetry,Tainted", 
    "Specific Behavior,Tainted"
  ], 
  "DetectionText": [
    "Telemetry showing the decoded powershell.exe command-line arguments showed a connection over port 443 to www.freegoogleadsenseinfo.com (C2 domain) (tainted by parent alert). ", 
    "A Specific Behavior alert for \\\"PowerShell Making Network Connections\\\" was triggered due to powershell.exe making a connection over port 443. The alert was tainted by a parent alert and mapped to the correct ATT&CK Tactic (Command and Control)."
  ], 
  "Procedure": "Empire: C2 channel established using port 443", 
  "Step": "11.B.1", 
  "TacticGroup": "Command and Control", 
  "Technique": "T1043", 
  "TechniqueName": "Commonly Used Port"
}
{
  "Detection": [
    "Telemetry,Tainted"
  ], 
  "DetectionText": [
    "Telemetry showed a event tree containing net.exe and command-line arguments (tainted by parent PowerShell alert)."
  ], 
  "Procedure": "Empire: 'net use /delete' via PowerShell", 
  "Step": "16.C.1", 
  "TacticGroup": "Defense Evasion", 
  "Technique": "T1126", 
  "TechniqueName": "Network Share Connection Removal"
}
{
  "Detection": [
    "None"
  ], 
  "DetectionText": [
    "No detection capability demonstrated for this procedure, though there was telemetry to show the creation of old.rar. A host query for the file showed the old.rar no longer exists, but no deletion event was seen. "
  ], 
  "Procedure": "Empire: 'del C:\\\"$\"Recycle.bin\\old.rar'", 
  "Step": "19.D.1", 
  "TacticGroup": "Defense Evasion", 
  "Technique": "T1107", 
  "TechniqueName": "File Deletion"
}
{
  "Detection": [
    "Telemetry"
  ], 
  "DetectionText": [
    "Telemetry showed a deletion event for recycler.exe caused by powershell.exe."
  ], 
  "Procedure": "Empire: 'del recycler.exe'", 
  "Step": "19.D.2", 
  "TacticGroup": "Defense Evasion", 
  "Technique": "T1107", 
  "TechniqueName": "File Deletion"
}
{
  "Detection": [
    "None"
  ], 
  "DetectionText": [
    "No detection capability demonstrated for this procedure, though the Interactive Shell was used to analyze the PowerShell execution and WinEnum AD Group Memberships was observed.[EG13]"
  ], 
  "Procedure": "Empire: WinEnum module included enumeration of AD group memberships", 
  "Step": "12.E.1.2", 
  "TacticGroup": "Discovery", 
  "Technique": "T1069", 
  "TechniqueName": "Permission Groups Discovery"
}
{
  "Detection": [
    "Telemetry, Tainted", 
    "Enrichment, Tainted, Delayed ", 
    " Enrichment, Tainted"
  ], 
  "DetectionText": [
    "Telemetry showed net.exe executing with command-line arguments (tainted by parent PowerShell alerts). [EG11]", 
    " The capability enriched net.exe with the correct ATT&CK Technique (T1069 - Permission Groups Discovery) and Tactic (Discovery). The enrichment was tainted by parent PowerShell alerts. [EG11] ", 
    " An alert for Enumeration of Administrator Account provided enrichment to the net group command (tainted by parent PowerShell alerts). The alert was also tagged with the correct ATT&CK Technique (T1069 - Permission Groups Discovery) and Tactic (Discovery).\u00a0"
  ], 
  "Procedure": "Empire: 'net group \"Domain Admins\" /domain' via PowerShell", 
  "Step": "12.F.1", 
  "TacticGroup": "Discovery", 
  "Technique": "T1069", 
  "TechniqueName": "Permission Groups Discovery"
}
{
  "Detection": [
    "Telemetry, Tainted", 
    "Enrichment, Tainted, Delayed ", 
    " Enrichment, Tainted"
  ], 
  "DetectionText": [
    "Telemetry showed net.exe executing with command-line arguments (tainted by parent PowerShell alerts). [EG11]", 
    " The capability enriched net.exe with the correct ATT&CK Technique (T1069 - Permission Groups Discovery) and Tactic (Discovery). The enrichment was tainted by parent PowerShell alerts. [EG11]", 
    " An alert for Enumeration of Administrator Account provided enrichment to the net group command (tainted by parent PowerShell alerts).\u00a0"
  ], 
  "Procedure": "Empire: 'net\u00a0localgroup\u00a0administrators' via PowerShell", 
  "Step": "12.F.2", 
  "TacticGroup": "Discovery", 
  "Technique": "T1069", 
  "TechniqueName": "Permission Groups Discovery"
}
{
  "Detection": [
    "Telemetry, Tainted", 
    " Enrichment, Tainted ", 
    " General Behavior, Configuration Change, Delayed, Tainted"
  ], 
  "DetectionText": [
    "Telemetry within the event tree showed cmd.exe executing net.exe with command-line arguments (tainted by a parent Malicious File Detection).", 
    " The capability enriched net.exe with an alert for Enumeration of Administrator Account (tainted by a parent Malicious File Detection). The alert was also tagged with the correct ATT&CK Technique (T1069 - Permission Groups Discovery) and Tactic (Discovery).", 
    " A delayed General Behavior alert triggered for a specified number of discovery techniques over a specified time period, which resulted in four Enumeration Command Sequence alerts for Step 2 (tainted by a parent Malicious File Detection).[EG8]"
  ], 
  "Procedure": "Cobalt Strike: 'net localgroup administrators' via cmd", 
  "Step": "2.F.1", 
  "TacticGroup": "Discovery", 
  "Technique": "T1069", 
  "TechniqueName": "Permission Groups Discovery"
}
{
  "Detection": [
    "Telemetry, Tainted", 
    " Enrichment, Tainted ", 
    " General Behavior, Configuration Change, Delayed, Tainted"
  ], 
  "DetectionText": [
    "Telemetry within the event tree showed cmd.exe executing net.exe with command-line arguments (tainted by a parent Malicious File Detection).", 
    " The capability enriched net.exe with an alert for Enumeration of Administrator Account (tainted by a parent Malicious File Detection). The alert was also tagged with the correct ATT&CK Technique (T1069 - Permission Groups Discovery) and Tactic (Discovery).", 
    " A delayed General Behavior alert triggered for a specified number of discovery techniques over a specified time period, which resulted in four Enumeration Command Sequence alerts for Step 2 (tainted by a parent Malicious File Detection).[EG8]"
  ], 
  "Procedure": "Cobalt Strike: 'net group \"Domain Admins\" /domain' via cmd", 
  "Step": "2.F.3", 
  "TacticGroup": "Discovery", 
  "Technique": "T1069", 
  "TechniqueName": "Permission Groups Discovery"
}
{
  "Detection": [
    "Telemetry, Tainted", 
    " Enrichment, Tainted ", 
    " General Behavior, Configuration Change, Delayed, Tainted"
  ], 
  "DetectionText": [
    "Telemetry within the event tree showed cmd.exe executing net.exe with command-line arguments (tainted by a parent Malicious File Detection).", 
    " The capability enriched net.exe with an alert for Enumeration of Administrator Account (tainted by a parent Malicious File Detection). The alert was also tagged with the correct ATT&CK Technique (T1069 - Permission Groups Discovery) and Tactic (Discovery).", 
    " A delayed General Behavior alert triggered for a specified number of discovery techniques over a specified time period, which resulted in four Enumeration Command Sequence alerts for Step 2 (tainted by a parent Malicious File Detection).[EG8]"
  ], 
  "Procedure": "Cobalt Strike: 'net localgroup administrators /domain' via cmd", 
  "Step": "2.F.2", 
  "TacticGroup": "Discovery", 
  "Technique": "T1069", 
  "TechniqueName": "Permission Groups Discovery"
}
{
  "Detection": [
    "Telemetry, Tainted"
  ], 
  "DetectionText": [
    "Telemetry showed the file creation of recycler.exe by powershell.exe. The telemetry was tainted by parent PowerShell with Unusual Arguments and PowerShell Network alerts."
  ], 
  "Procedure": "Empire: Built-in upload module executed to write binary (recycler.exe) to disk on CodeRed (10.0.1.5)", 
  "Step": "19.A.1", 
  "TacticGroup": "Command and Control, Lateral Movement", 
  "Technique": "T1105", 
  "TechniqueName": "Remote File Copy"
}
{
  "Detection": [
    "Telemetry, Tainted"
  ], 
  "DetectionText": [
    "Telemetry showed the creation of updater.dll (tainted by the parent Malicious File Detection).\u00a0"
  ], 
  "Procedure": "Cobalt Strike: Built-in upload capability executed to write a DLL payload (updater.dll) to disk on Nimda (10.0.1.6)", 
  "Step": "7.B.1", 
  "TacticGroup": "Command and Control, Lateral Movement", 
  "Technique": "T1105", 
  "TechniqueName": "Remote File Copy"
}
{
  "Detection": [
    "Telemetry, Tainted"
  ], 
  "DetectionText": [
    "Telemetry showed creation of autoupdate.vbs (tainted by parent PowerShell alert)."
  ], 
  "Procedure": "Empire: Built-in upload module executed to write malicious VBScript (autoupdate.vbs) to disk on CodeRed (10.0.1.5)", 
  "Step": "16.E.1", 
  "TacticGroup": "Command and Control, Lateral Movement", 
  "Technique": "T1105", 
  "TechniqueName": "Remote File Copy"
}
{
  "Detection": [
    "Telemetry"
  ], 
  "DetectionText": [
    "Telemetry showing decoded PowerShell telemetry extracted from the command-line arguments showed a connection over port 8080 with a HTTP request to download wdbypass payload."
  ], 
  "Procedure": "Empire: UAC bypass module downloaded and executed a new Empire stager (wdbypass)", 
  "Step": "14.A.1", 
  "TacticGroup": "Command and Control, Lateral Movement", 
  "Technique": "T1105", 
  "TechniqueName": "Remote File Copy"
}
{
  "Detection": [
    "Telemetry"
  ], 
  "DetectionText": [
    "Telemetry for file creation events was available, and would show the creation of update.vbs. No screenshot for the event was made available, though other file creation events, as well as the subsequent execution of update.vbs was identified."
  ], 
  "Procedure": "Empire: Built-in move capability executed to write malicious VBScript (update.vbs) to disk on Creeper (10.0.0.4)", 
  "Step": "16.G.1", 
  "TacticGroup": "Command and Control, Lateral Movement", 
  "Technique": "T1105", 
  "TechniqueName": "Remote File Copy"
}
{
  "Detection": [
    "Telemetry"
  ], 
  "DetectionText": [
    "Telemetry showed a svchost.exe seclogon event for a token logon id (authentication id) later used by a new powershell.exe process, highlighting token manipulation via a mismatch in ids between parent and child process tokens. [EG7]\u00a0"
  ], 
  "Procedure": "Cobalt Strike: Built-in UAC bypass token duplication capability executed to modify current process token", 
  "Step": "3.A.1", 
  "TacticGroup": "Defense Evasion, Privilege Escalation", 
  "Technique": "T1134", 
  "TechniqueName": "Access Token Manipulation"
}
{
  "Detection": [
    "Specific Behavior", 
    "Telemetry, Tainted"
  ], 
  "DetectionText": [
    "A Specific Behavior alert was generated for Privilege Escalation based on rundll32.exe as Debbie, spawning the process cmd.exe as George, which indicated a possible stolen token. The alert was mapped to the correct ATT&CK Technique (T1134 - Access Token Manipulation) and Tactics (Privilege Escalation, Defense Evasion).", 
    "Telemetry showed the users change in the parent-child processes of rundll32.exe and cmd.exe (tainted by the Privilege Escalation alert)."
  ], 
  "Procedure": "Cobalt Strike: Built-in token theft capability executed to change user context to George", 
  "Step": "5.B.1", 
  "TacticGroup": "Defense Evasion, Privilege Escalation", 
  "Technique": "T1134", 
  "TechniqueName": "Access Token Manipulation"
}
{
  "Detection": [
    "Telemetry,Tainted"
  ], 
  "DetectionText": [
    "Telemetry showed cmd.exe executing pdfhelper.cmd as well as pdfhelper.cmd spawning as a child process of Resume Viewer.exe. The telemetry was tainted by a parent Malicious File Detection alert."
  ], 
  "Procedure": "Previously executed self-extracting archive (Resume Viewer.exe) launched an embedded batch file (pdfhelper.cmd)", 
  "Step": "1.A.1", 
  "TacticGroup": "Defense Evasion, Execution", 
  "Technique": "T1064", 
  "TechniqueName": "Scripting"
}
{
  "Detection": [
    "Specific Behavior", 
    "Telemetry, Tainted", 
    "Specific Behavior"
  ], 
  "DetectionText": [
    "A Specific Behavior alert was generated indicating that powershell.exe ran with unusual arguments due to the -enc and -noP command-line arguments. The alert was mapped to a related ATT&CK Technique (T1086 - PowerShell) and the correct Tactic (Execution).", 
    "Telemetry showed the process events associated with wscript.exe executing the autoupdate.vbs script (tainted by parent alert).", 
    "A Specific Behavior alert was generated for \\\"Windows Script Executing PowerShell\\\" due to wscript.exe launching powershell.exe. The alert was mapped to the correct ATT&CK Technique (T1064 - Scripting) and Tactic (Execution)."
  ], 
  "Procedure": "Legitimate user Bob clicked and executed malicious VBScript (autoupdate.vbs) on 10.0.1.5 (CodeRed)", 
  "Step": "11.A.1", 
  "TacticGroup": "Defense Evasion, Execution", 
  "Technique": "T1064", 
  "TechniqueName": "Scripting"
}
{
  "Detection": [
    "Specific Behavior,Tainted", 
    "Telemetry,Tainted"
  ], 
  "DetectionText": [
    "A Specific Behavior alert was generated for \\\"PowerShell with Unusual Arguments\\\" that coincided with the execution of WinEnum (tainted by parent PowerShell alerts). The alert also identified a related ATT&CK Technique (T1086 - PowerShell) and Tactic (Execution). From the alert, the Interactive Shell was used to analyze the PowerShell script and the function Invoke-WinEnum was observed.[EG13]", 
    "Telemetry showed the creation of the PowerShell Process (tainted by parent PowerShell alerts)."
  ], 
  "Procedure": "Empire: Built-in WinEnum module executed to programmatically execute a series of enumeration techniques", 
  "Step": "12.E.1", 
  "TacticGroup": "Defense Evasion, Execution", 
  "Technique": "T1064", 
  "TechniqueName": "Scripting"
}
{
  "Detection": [
    "Specific Behavior"
  ], 
  "DetectionText": [
    "A Specific Behavior alert was generated for the correct ATT&CK Technique (Credential Dumping)."
  ], 
  "Procedure": "Cobalt Strike: Built-in Mimikatz credential dump capability executed", 
  "Step": "5.A.1", 
  "TacticGroup": "Credential Access", 
  "Technique": "T1003", 
  "TechniqueName": "Credential Dumping"
}
{
  "Detection": [
    "Specific Behavior"
  ], 
  "DetectionText": [
    "A Specific Behavior alert was generated for the correct ATT&CK Technique (Credential Dumping)."
  ], 
  "Procedure": "Cobalt Strike: Built-in hash dump capability executed", 
  "Step": "5.A.2", 
  "TacticGroup": "Credential Access", 
  "Technique": "T1003", 
  "TechniqueName": "Credential Dumping"
}
{
  "Detection": [
    "None"
  ], 
  "DetectionText": [
    "No detection capability demonstrated for this procedure."
  ], 
  "Procedure": "Cobalt Strike: Download capability exfiltrated data through existing C2 channel", 
  "Step": "9.B.1", 
  "TacticGroup": "Exfiltration", 
  "Technique": "T1041", 
  "TechniqueName": "Exfiltration Over Command and Control Channel"
}
{
  "Detection": [
    "Telemetry,Tainted"
  ], 
  "DetectionText": [
    "Telemetry showed the process chain for rundll32.exe execution of update.dat. The telemetry was tainted by the parent alert for \\\"RunDLL32 with Suspicious DLL Location.\\\""
  ], 
  "Procedure": "Batch file (autoupdate.bat) previously written to Startup folder executed when user Debbie logs on to Nimda (10.0.1.6), launching a DLL payload (update.dat) using Rundll32", 
  "Step": "10.A.1", 
  "TacticGroup": "Persistence", 
  "Technique": "T1060", 
  "TechniqueName": "Registry Run Keys / Startup Folder"
}
{
  "Detection": [
    "Telemetry, Tainted", 
    "Specific Behavior,Tainted"
  ], 
  "DetectionText": [
    "Telemetry showed autoupdate.bat written to the Start Menu. The telemetry was tainted by a parent Malicious File Detection alert.", 
    "A Specific Behavior alert called \\\"Detected Persistence - Start Folder Persistence\\\" was generated due to cmd.exe writing autoupdate.bat to the Startup folder. The alert was also tagged with the correct ATT&CK Technique (T1060 - Registry Run Keys / Start Folder) and Tactic (Persistence). The Specific Behavior alert was tainted by a parent Malicious File Detection alert.\u00a0"
  ], 
  "Procedure": "Previously executed batch file (pdfhelper.cmd) moved a separate batch file (autoupdate.bat) to the Startup folder", 
  "Step": "1.B.1", 
  "TacticGroup": "Persistence", 
  "Technique": "T1060", 
  "TechniqueName": "Registry Run Keys / Startup Folder"
}
{
  "Detection": [
    "Telemetry, Tainted", 
    "Enrichment,Tainted, Delayed"
  ], 
  "DetectionText": [
    "Telemetry showed powershell.exe executing net.exe with command-line arguments (tainted by parent PowerShell alerts). [EG11]", 
    " The capability enriched net.exe with the correct ATT&CK Technique (T1007 - System Service Discovery) and Tactic (Discovery).\u00a0The enrichment was tainted by parent PowerShell alerts. [EG11]"
  ], 
  "Procedure": "Empire: 'net start' via PowerShell", 
  "Step": "12.D.1", 
  "TacticGroup": "Discovery", 
  "Technique": "T1007", 
  "TechniqueName": "System Service Discovery"
}
{
  "Detection": [
    "Telemetry, Tainted"
  ], 
  "DetectionText": [
    "Telemetry showed powershell.exe executing reg.exe with command-line arguments indicating a check to see if terminal services was enabled. Telemetry was tainted by parent PowerShell with Unusual Arguments and PowerShell Network alerts."
  ], 
  "Procedure": "Empire: 'reg query' via PowerShell to enumerate a specific Registry key associated with terminal services", 
  "Step": "17.A.1", 
  "TacticGroup": "Discovery", 
  "Technique": "T1007", 
  "TechniqueName": "System Service Discovery"
}
{
  "Detection": [
    "Telemetry, Tainted", 
    " Enrichment, Delayed, Tainted"
  ], 
  "DetectionText": [
    "Telemetry showed sc.exe execution to query the AdobeUpdater service on Creeper. The telemetry was tainted by parent PowerShell with Unusual Arguments and PowerShell Network alerts.\u00a0[EG11]", 
    " The capability enriched sc.exe with the correct ATT&CK Technique (T1007 - System Service Discovery) and Tactic (Discovery). The enrichment was tainted by parent PowerShell with Unusual Arguments and PowerShell Network alerts. \u00a0[EG11]"
  ], 
  "Procedure": "Empire: 'sc qc' via PowerShell to remotely enumerate a specific service on Creeper (10.0.0.4)", 
  "Step": "16.J.1", 
  "TacticGroup": "Discovery", 
  "Technique": "T1007", 
  "TechniqueName": "System Service Discovery"
}
{
  "Detection": [
    "Telemetry, Tainted", 
    "General Behavior, Configuration Change, Delayed, Tainted"
  ], 
  "DetectionText": [
    "Telemetry within the event tree showed cmd.exe executing net.exe with command-line arguments (tainted by a parent Malicious File Detection).", 
    " A delayed General Behavior alert triggered for a specified number of discovery techniques over a specified time period, which resulted in four Enumeration Command Sequence alerts for Step 2 (tainted by a parent Malicious File Detection).[EG8]"
  ], 
  "Procedure": "Cobalt Strike: 'net start' via cmd", 
  "Step": "2.D.2", 
  "TacticGroup": "Discovery", 
  "Technique": "T1007", 
  "TechniqueName": "System Service Discovery"
}
{
  "Detection": [
    "Telemetry, Tainted", 
    "General Behavior, Configuration Change, Delayed, Tainted"
  ], 
  "DetectionText": [
    "Telemetry within the event tree showed cmd.exe executing sc.exe with command-line arguments (tainted by a parent Malicious File Detection).", 
    " A delayed General Behavior alert triggered for a specified number of discovery techniques over a specified time period, which resulted in four Enumeration Command Sequence alerts for Step 2 (tainted by a parent Malicious File Detection).[EG8]"
  ], 
  "Procedure": "Cobalt Strike: 'sc query' via cmd", 
  "Step": "2.D.1", 
  "TacticGroup": "Discovery", 
  "Technique": "T1007", 
  "TechniqueName": "System Service Discovery"
}
{
  "Detection": [
    "None"
  ], 
  "DetectionText": [
    "No detection capability demonstrated for this procedure, though the Interactive Shell was used to analyze the PowerShell execution and WinEnum Services was observed.[EG13]"
  ], 
  "Procedure": "Empire: WinEnum module included enumeration of services", 
  "Step": "12.E.1.8", 
  "TacticGroup": "Discovery", 
  "Technique": "T1007", 
  "TechniqueName": "System Service Discovery"
}
{
  "Detection": [
    "Telemetry, Tainted", 
    " Enrichment, Delayed, Tainted"
  ], 
  "DetectionText": [
    "Telemetry showed sc.exe execution to query services on Creeper. The telemetry was tainted by parent PowerShell with Unusual Arguments and PowerShell Network alerts. [EG11]", 
    " The capability enriched sc.exe with the correct ATT&CK Technique (T1007 - System Service Discovery) and Tactic (Discovery). The enrichment was tainted by parent PowerShell with Unusual Arguments and PowerShell Network alerts. [EG11]"
  ], 
  "Procedure": "Empire: 'sc query' via PowerShell to remotely enumerate services on Creeper (10.0.0.4)", 
  "Step": "16.H.1", 
  "TacticGroup": "Discovery", 
  "Technique": "T1007", 
  "TechniqueName": "System Service Discovery"
}
{
  "Detection": [
    "Telemetry, Tainted"
  ], 
  "DetectionText": [
    "Telemetry showed the creation of ftp.txt and ftp.exe executing with command-line arguments. Telemetry also showed the FTP connection to 192.168.0.4 (C2 server) on port 21."
  ], 
  "Procedure": "Empire: Sequence of 'echo' commands via PowerShell to populate commands in text file (ftp.txt), which is then executed by FTP to exfil data through network connection separate of existing C2 channel", 
  "Step": "19.C.1", 
  "TacticGroup": "Exfiltration", 
  "Technique": "T1048", 
  "TechniqueName": "Exfiltration Over Alternative Protocol"
}
{
  "Detection": [
    "Telemetry, Tainted", 
    "Enrichment, Tainted, Delayed"
  ], 
  "DetectionText": [
    "An event tree from the suspicious PowerShell process showed a netstat subprocess that was created by WinEnum (tainted by parent PowerShell alerts). Though it does not count as part of the detection, the Interactive Shell could also be used to analyze the PowerShell execution and WinEnum Get-NetInfo-Network Adapters was observed.[EG13][EG11]", 
    " The capability enriched netstat.exe with the correct ATT&CK Technique (T1049 - System Network Connections Discovery) and Tactic (Discovery).\u00a0The enrichment was tainted by parent PowerShell alerts. [EG11]"
  ], 
  "Procedure": "Empire: WinEnum module included enumeration of established network connections", 
  "Step": "12.E.1.12", 
  "TacticGroup": "Discovery", 
  "Technique": "T1049", 
  "TechniqueName": "System Network Connections Discovery"
}
{
  "Detection": [
    "Specific Behavior, Tainted", 
    "Telemetry, Tainted", 
    "Enrichment,Delayed,Tainted"
  ], 
  "DetectionText": [
    "A Specific Behavior alert was triggered for enumerating Windows network admin shares as part of Discovery (tainted by parent alert).", 
    " Telemetry showed execution of net.exe with command-line arguments (tainted by parent alert). [EG11]", 
    " The capability enriched net.exe with the correct ATT&CK Technique (T1049 - System Network Connections Discovery), a related ATT&CK Technique (Remote System Discovery), and the correct Tactic (Discovery). The enrichment was tainted by a parent alert. [EG11]"
  ], 
  "Procedure": "Empire: 'net use' via PowerShell", 
  "Step": "13.B.1", 
  "TacticGroup": "Discovery", 
  "Technique": "T1049", 
  "TechniqueName": "System Network Connections Discovery"
}
{
  "Detection": [
    "Telemetry, Tainted", 
    "Enrichment,Delayed,Tainted"
  ], 
  "DetectionText": [
    "Telemetry showed execution of netstat.exe with command-line arguments (tainted by parent alert). [EG11]", 
    " The capability enriched netstat.exe data with the correct ATT&CK Technique (T1049 - System Network Connections Discovery) and Tactic (Discovery) (tainted by parent alert). [EG11]"
  ], 
  "Procedure": "Empire: 'netstat -ano' via PowerShell", 
  "Step": "13.B.2", 
  "TacticGroup": "Discovery", 
  "Technique": "T1049", 
  "TechniqueName": "System Network Connections Discovery"
}
{
  "Detection": [
    "Telemetry", 
    "Enrichment, Delayed"
  ], 
  "DetectionText": [
    "Telemetry showed the process creation of netstat with command-line arguments. [EG11]", 
    "The capability enriched the netstat command with the correct ATT&CK Technique (T1049 - System Network Connections Discovery) and \u00a0Tactic (Discovery). [EG11]"
  ], 
  "Procedure": "Cobalt Strike: 'netstat -ano' via cmd", 
  "Step": "4.C.1", 
  "TacticGroup": "Discovery", 
  "Technique": "T1049", 
  "TechniqueName": "System Network Connections Discovery"
}
{
  "Detection": [
    "Specific Behavior,Tainted ", 
    " Telemetry, Tainted", 
    " Enrichment, Delayed, Tainted"
  ], 
  "DetectionText": [
    "A Specific Behavior alert was generated on execution of recycler.exe named \\\"Exfiltration-Encrypting Files with WinRar\\\". The alert was tainted by parent Windows Script Executing PowerShell alert.", 
    " Telemetry showed recycler.exe with full command-line arguments, including the use of the -hp flag to encrypt and compress data. The telemetry was tainted by parent Windows Script Executing PowerShell alert. [EG11]", 
    " The capability enriched recycler.exe with a related ATT&CK Technique (T1022 - Data Encrypted) and Tactic (Exfiltration). The enrichment was tainted by a parent Windows Script Executing PowerShell alert. [EG11]"
  ], 
  "Procedure": "Empire: Executed binary (recycler.exe) created compressed archive (old.rar) of previously collected file", 
  "Step": "19.B.1", 
  "TacticGroup": "Exfiltration", 
  "Technique": "T1002", 
  "TechniqueName": "Data Compressed"
}
{
  "Detection": [
    "Telemetry, Tainted"
  ], 
  "DetectionText": [
    "Telemetry showed the creation of a PowerShell sub-process and decoded the command within the capability to show\u00a0Windows.Clipboard (tainted by parent PowerShell alerts). Though it does not count as part of the detection, the Interactive Shell could also be used to analyze the PowerShell execution and WinEnum Clipboard Contents was observed.[EG13]"
  ], 
  "Procedure": "Empire: WinEnum module included enumeration of clipboard contents", 
  "Step": "12.E.1.5", 
  "TacticGroup": "collection", 
  "Technique": "T1115", 
  "TechniqueName": "Clipboard Data"
}
{
  "Detection": [
    "None"
  ], 
  "DetectionText": [
    "No detection capability demonstrated for this procedure.[EG15]"
  ], 
  "Procedure": "Empire: File dropped to disk is a renamed copy of the WinRAR binary", 
  "Step": "19.A.1", 
  "TacticGroup": "Defense Evasion", 
  "Technique": "T1036", 
  "TechniqueName": "Masquerading"
}
{
  "Detection": [
    "Specific Behavior,Tainted ", 
    " Telemetry, Tainted"
  ], 
  "DetectionText": [
    "A Specific Behavior alert was generated on execution of recycler.exe named \\\"Exfiltration-Encrypting Files with WinRar\\\". The alert was tainted by parent Windows Script Executing PowerShell alert.", 
    " Telemetry showed recycler.exe with full command-line arguments, including the use of the -hp flag to encrypt and compress data, indicating the WinRAR utility was in use. The telemetry was tainted by parent Windows Script Executing PowerShell alert."
  ], 
  "Procedure": "Empire: Executed binary (recycler.exe) is a renamed copy of the WinRAR binary", 
  "Step": "19.B.1", 
  "TacticGroup": "Defense Evasion", 
  "Technique": "T1036", 
  "TechniqueName": "Masquerading"
}
{
  "Detection": [
    "Telemetry, Tainted"
  ], 
  "DetectionText": [
    "Telemetry showed sc.exe executions to create the AdobeUpdater service and set the binPath to run cmd.exe with an argument to execute update.vbs as well as set the description of the service. An analyst could use this information to determine masquerading occurred. The telemetry was tainted by parent PowerShell with Unusual Arguments and PowerShell Network alerts."
  ], 
  "Procedure": "Empire: 'sc description' via PowerShell to remotely disguise a service on Creeper (10.0.0.4)", 
  "Step": "16.I.1", 
  "TacticGroup": "Defense Evasion", 
  "Technique": "T1036", 
  "TechniqueName": "Masquerading"
}
{
  "Detection": [
    "Specific Behavior", 
    " Telemetry,Tainted", 
    "Enrichment,Delayed,Tainted"
  ], 
  "DetectionText": [
    "A Specific Behavior alert was generated on Windows File Name Mismatch between magnify.exe and cmd.exe, indicating this could be used for accessibility features in the description. The alert is tagged with the correct ATT&CK Technique (T1015 - Accessibility Features) and Tactics (Defense Evasion, Execution).", 
    " Telemetry in the event tree showed the execution of magnify.exe by utilman.exe (tainted by the Windows File Name Mismatch alert). [EG11]", 
    " The capability enriched magnify.exe with the correct ATT&CK Technique (T1015 - Accessibility Features) and Tactics (Defense Evasion, Execution) (tainted by the Windows File Name Mismatch alert). [EG11]"
  ], 
  "Procedure": "magnifer.exe previously overwritten by cmd.exe launched through RDP connection made to Creeper (10.0.0.4)", 
  "Step": "20.A.1", 
  "TacticGroup": "Persistence, Privilege Escalation", 
  "Technique": "T1015", 
  "TechniqueName": "Accessibility Features"
}
{
  "Detection": [
    "Specific Behavior ", 
    " Telemetry, Tainted", 
    " Enrichment, Delayed, Tainted"
  ], 
  "DetectionText": [
    "A Specific Behavior alert was generated named \\\"Persistence-Accessibility Features\\\" based on magnifier.exe being overwritten. The alert was tagged with the correct ATT&CK Technique (T1015 - Accessibility Features) and Tactic (Persistence).", 
    " Telemetry showed the overwrite of magnify.exe and was tainted by parent PowerShell with Unusual Arguments and PowerShell Network alerts. [EG11]", 
    " The capability enriched the magnify.exe overwrite with the correct ATT&CK Technique (T1015 - Accessibility Features) and Tactic (Persistence). [EG11]"
  ], 
  "Procedure": "Empire: 'copy' via PowerShell to overwrite magnify.exe with cmd.exe", 
  "Step": "17.C.1", 
  "TacticGroup": "Persistence, Privilege Escalation", 
  "Technique": "T1015", 
  "TechniqueName": "Accessibility Features"
}
