{
  "Adversary": "apt3",
  "Capability_Requirements": [],
  "Criteria": "",
  "Datasources": [],
  "Detection": [
    "Telemetry"
  ],
  "DetectionModifiers": [],
  "DetectionText": [
    "Telemetry showed execution of Resume Viewer.exe."
  ],
  "Footnotes": [],
  "Participant_Name": "rsa",
  "Procedure": "Legitimate user Debbie clicked and executed malicious self-extracting archive (Resume Viewer.exe) on 10.0.1.6 (Nimda)",
  "ScreenshotDatasources": [],
  "Step": "1. Initial Compromise",
  "Substep": "1.A.1.1",
  "Subtechnique": "T1204.002",
  "Subtechnique_Name": "User Execution: Malicious File",
  "TacticGroup": "Execution",
  "Technique": "T1204",
  "Technique_Name": "User Execution"
}
{
  "Adversary": "apt3",
  "Capability_Requirements": [],
  "Criteria": "",
  "Datasources": [],
  "Detection": [
    "Telemetry"
  ],
  "DetectionModifiers": [],
  "DetectionText": [
    "Telemetry showed cmd.exe launching rundll32.exe."
  ],
  "Footnotes": [],
  "Participant_Name": "rsa",
  "Procedure": "Previously executed batch file (pdfhelper.cmd) launched a DLL payload (update.dat) using Rundll32",
  "ScreenshotDatasources": [],
  "Step": "1. Initial Compromise",
  "Substep": "1.A.1.2",
  "Subtechnique": "T1218.011",
  "Subtechnique_Name": "Signed Binary Proxy Execution: Rundll32",
  "TacticGroup": "Execution",
  "Technique": "T1218",
  "Technique_Name": "Signed Binary Proxy Execution"
}
{
  "Adversary": "apt3",
  "Capability_Requirements": [],
  "Criteria": "",
  "Datasources": [],
  "Detection": [
    "None"
  ],
  "DetectionModifiers": [],
  "DetectionText": [
    "Minimum detection criteria was not met for this procedure."
  ],
  "Footnotes": [],
  "Participant_Name": "rsa",
  "Procedure": "Previously executed self-extracting archive (Resume Viewer.exe) launched an embedded batch file (pdfhelper.cmd)",
  "ScreenshotDatasources": [],
  "Step": "1. Initial Compromise",
  "Substep": "1.A.1.3",
  "Subtechnique": "T1059.003",
  "Subtechnique_Name": "Command and Scripting Interpreter: Windows Command Shell",
  "TacticGroup": "Execution",
  "Technique": "T1059",
  "Technique_Name": "Command and Scripting Interpreter"
}
{
  "Adversary": "apt3",
  "Capability_Requirements": [],
  "Criteria": null,
  "Datasources": [],
  "Detection": [
    "Telemetry"
  ],
  "DetectionModifiers": [],
  "DetectionText": [
    "Telemetry showed a cmd.exe \\\"rename to executable\\\" event for autoupdate.bat in the Startup folder."
  ],
  "Footnotes": [],
  "Participant_Name": "rsa",
  "Procedure": "Previously executed batch file (pdfhelper.cmd) moved a separate batch file (autoupdate.bat) to the Startup folder",
  "ScreenshotDatasources": [],
  "Step": "1. Initial Compromise",
  "Substep": "1.B.1",
  "Subtechnique": "T1547.001",
  "Subtechnique_Name": "Boot or Logon Autostart Execution: Registry Run Keys / Startup Folder",
  "TacticGroup": "Persistence",
  "Technique": "T1547",
  "Technique_Name": "Boot or Logon Autostart Execution"
}
{
  "Adversary": "apt3",
  "Capability_Requirements": [],
  "Criteria": "",
  "Datasources": [],
  "Detection": [
    "None"
  ],
  "DetectionModifiers": [],
  "DetectionText": [
    "Minimum detection criteria was not met for this procedure."
  ],
  "Footnotes": [],
  "Participant_Name": "rsa",
  "Procedure": "Cobalt Strike: C2 channel established using port 53",
  "ScreenshotDatasources": [],
  "Step": "1. Initial Compromise",
  "Substep": "1.C.1.1",
  "Subtechnique": null,
  "Subtechnique_Name": null,
  "TacticGroup": "Command and Control",
  "Technique": "T1043",
  "Technique_Name": "Commonly Used Port"
}
{
  "Adversary": "apt3",
  "Capability_Requirements": [],
  "Criteria": "",
  "Datasources": [],
  "Detection": [
    "None"
  ],
  "DetectionModifiers": [],
  "DetectionText": [
    "Minimum detection criteria was not met for this procedure."
  ],
  "Footnotes": [],
  "Participant_Name": "rsa",
  "Procedure": "Cobalt Strike: C2 channel established using DNS traffic to freegoogleadsenseinfo.com",
  "ScreenshotDatasources": [],
  "Step": "1. Initial Compromise",
  "Substep": "1.C.1.2",
  "Subtechnique": "T1071.004",
  "Subtechnique_Name": "Application Layer Protocol: DNS",
  "TacticGroup": "Command and Control",
  "Technique": "T1071",
  "Technique_Name": "Application Layer Protocol"
}
{
  "Adversary": "apt3",
  "Capability_Requirements": [],
  "Criteria": "",
  "Datasources": [],
  "Detection": [
    "None"
  ],
  "DetectionModifiers": [],
  "DetectionText": [
    "Minimum detection criteria was not met for this procedure."
  ],
  "Footnotes": [],
  "Participant_Name": "rsa",
  "Procedure": "Cobalt Strike: C2 channel established using both NetBIOS and base64 encoding",
  "ScreenshotDatasources": [],
  "Step": "1. Initial Compromise",
  "Substep": "1.C.1.3",
  "Subtechnique": "T1132.001",
  "Subtechnique_Name": "Data Encoding: Standard Encoding",
  "TacticGroup": "Command and Control",
  "Technique": "T1132",
  "Technique_Name": "Data Encoding"
}
{
  "Adversary": "apt3",
  "Capability_Requirements": [],
  "Criteria": null,
  "Datasources": [],
  "Detection": [
    "Telemetry"
  ],
  "DetectionModifiers": [],
  "DetectionText": [
    "Telemetry showed cmd.exe executing ipconfig.exe with command-line arguments."
  ],
  "Footnotes": [],
  "Participant_Name": "rsa",
  "Procedure": "Cobalt Strike: 'ipconfig -all' via cmd",
  "ScreenshotDatasources": [],
  "Step": "2. Initial Discovery",
  "Substep": "2.A.1",
  "Subtechnique": null,
  "Subtechnique_Name": null,
  "TacticGroup": "Discovery",
  "Technique": "T1016",
  "Technique_Name": "System Network Configuration Discovery"
}
{
  "Adversary": "apt3",
  "Capability_Requirements": [],
  "Criteria": null,
  "Datasources": [],
  "Detection": [
    "Telemetry"
  ],
  "DetectionModifiers": [],
  "DetectionText": [
    "Telemetry showed cmd.exe executing arp.exe with command-line arguments."
  ],
  "Footnotes": [],
  "Participant_Name": "rsa",
  "Procedure": "Cobalt Strike: 'arp -a' via cmd",
  "ScreenshotDatasources": [],
  "Step": "2. Initial Discovery",
  "Substep": "2.A.2",
  "Subtechnique": null,
  "Subtechnique_Name": null,
  "TacticGroup": "Discovery",
  "Technique": "T1016",
  "Technique_Name": "System Network Configuration Discovery"
}
{
  "Adversary": "apt3",
  "Capability_Requirements": [],
  "Criteria": null,
  "Datasources": [],
  "Detection": [
    "Telemetry"
  ],
  "DetectionModifiers": [],
  "DetectionText": [
    "Telemetry showed cmd.exe executing echo with command-line arguments."
  ],
  "Footnotes": [],
  "Participant_Name": "rsa",
  "Procedure": "Cobalt Strike: 'echo' via cmd to enumerate specific environment variables",
  "ScreenshotDatasources": [],
  "Step": "2. Initial Discovery",
  "Substep": "2.B.1",
  "Subtechnique": null,
  "Subtechnique_Name": null,
  "TacticGroup": "Discovery",
  "Technique": "T1033",
  "Technique_Name": "System Owner/User Discovery"
}
{
  "Adversary": "apt3",
  "Capability_Requirements": [],
  "Criteria": null,
  "Datasources": [],
  "Detection": [
    "None"
  ],
  "DetectionModifiers": [],
  "DetectionText": [
    "Minimum detection criteria was not met for this procedure."
  ],
  "Footnotes": [],
  "Participant_Name": "rsa",
  "Procedure": "Cobalt Strike: 'ps' (Process status) via Win32 APIs",
  "ScreenshotDatasources": [],
  "Step": "2. Initial Discovery",
  "Substep": "2.C.1",
  "Subtechnique": null,
  "Subtechnique_Name": null,
  "TacticGroup": "Discovery",
  "Technique": "T1057",
  "Technique_Name": "Process Discovery"
}
{
  "Adversary": "apt3",
  "Capability_Requirements": [],
  "Criteria": null,
  "Datasources": [],
  "Detection": [
    "Telemetry"
  ],
  "DetectionModifiers": [],
  "DetectionText": [
    "Telemetry showed cmd.exe executing tasklist.exe with command-line arguments."
  ],
  "Footnotes": [],
  "Participant_Name": "rsa",
  "Procedure": "Cobalt Strike: 'tasklist -v' via cmd",
  "ScreenshotDatasources": [],
  "Step": "2. Initial Discovery",
  "Substep": "2.C.2",
  "Subtechnique": null,
  "Subtechnique_Name": null,
  "TacticGroup": "Discovery",
  "Technique": "T1057",
  "Technique_Name": "Process Discovery"
}
{
  "Adversary": "apt3",
  "Capability_Requirements": [],
  "Criteria": null,
  "Datasources": [],
  "Detection": [
    "Telemetry"
  ],
  "DetectionModifiers": [],
  "DetectionText": [
    "Telemetry showed cmd.exe executing sc.exe with command-line arguments."
  ],
  "Footnotes": [],
  "Participant_Name": "rsa",
  "Procedure": "Cobalt Strike: 'sc query' via cmd",
  "ScreenshotDatasources": [],
  "Step": "2. Initial Discovery",
  "Substep": "2.D.1",
  "Subtechnique": null,
  "Subtechnique_Name": null,
  "TacticGroup": "Discovery",
  "Technique": "T1007",
  "Technique_Name": "System Service Discovery"
}
{
  "Adversary": "apt3",
  "Capability_Requirements": [],
  "Criteria": null,
  "Datasources": [],
  "Detection": [
    "Telemetry"
  ],
  "DetectionModifiers": [],
  "DetectionText": [
    "Telemetry showed cmd.exe executing net.exe with command-line arguments."
  ],
  "Footnotes": [],
  "Participant_Name": "rsa",
  "Procedure": "Cobalt Strike: 'net start' via cmd",
  "ScreenshotDatasources": [],
  "Step": "2. Initial Discovery",
  "Substep": "2.D.2",
  "Subtechnique": null,
  "Subtechnique_Name": null,
  "TacticGroup": "Discovery",
  "Technique": "T1007",
  "Technique_Name": "System Service Discovery"
}
{
  "Adversary": "apt3",
  "Capability_Requirements": [],
  "Criteria": null,
  "Datasources": [],
  "Detection": [
    "Telemetry"
  ],
  "DetectionModifiers": [],
  "DetectionText": [
    "Telemetry showed cmd.exe executing systeminfo.exe."
  ],
  "Footnotes": [],
  "Participant_Name": "rsa",
  "Procedure": "Cobalt Strike: 'systeminfo' via cmd",
  "ScreenshotDatasources": [],
  "Step": "2. Initial Discovery",
  "Substep": "2.E.1",
  "Subtechnique": null,
  "Subtechnique_Name": null,
  "TacticGroup": "Discovery",
  "Technique": "T1082",
  "Technique_Name": "System Information Discovery"
}
{
  "Adversary": "apt3",
  "Capability_Requirements": [],
  "Criteria": null,
  "Datasources": [],
  "Detection": [
    "Telemetry"
  ],
  "DetectionModifiers": [],
  "DetectionText": [
    "Telemetry showed cmd.exe executing net.exe with command-line arguments."
  ],
  "Footnotes": [],
  "Participant_Name": "rsa",
  "Procedure": "Cobalt Strike: 'net config workstation' via cmd",
  "ScreenshotDatasources": [],
  "Step": "2. Initial Discovery",
  "Substep": "2.E.2",
  "Subtechnique": null,
  "Subtechnique_Name": null,
  "TacticGroup": "Discovery",
  "Technique": "T1082",
  "Technique_Name": "System Information Discovery"
}
{
  "Adversary": "apt3",
  "Capability_Requirements": [],
  "Criteria": null,
  "Datasources": [],
  "Detection": [
    "Telemetry"
  ],
  "DetectionModifiers": [],
  "DetectionText": [
    "Telemetry showed cmd.exe executing net.exe with command-line arguments."
  ],
  "Footnotes": [],
  "Participant_Name": "rsa",
  "Procedure": "Cobalt Strike: 'net localgroup administrators' via cmd",
  "ScreenshotDatasources": [],
  "Step": "2. Initial Discovery",
  "Substep": "2.F.1",
  "Subtechnique": "T1069.001",
  "Subtechnique_Name": "Permission Groups Discovery: Local Groups",
  "TacticGroup": "Discovery",
  "Technique": "T1069",
  "Technique_Name": "Permission Groups Discovery"
}
{
  "Adversary": "apt3",
  "Capability_Requirements": [],
  "Criteria": null,
  "Datasources": [],
  "Detection": [
    "Telemetry"
  ],
  "DetectionModifiers": [],
  "DetectionText": [
    "Telemetry showed cmd.exe executing net.exe with command-line arguments."
  ],
  "Footnotes": [],
  "Participant_Name": "rsa",
  "Procedure": "Cobalt Strike: 'net localgroup administrators -domain' via cmd",
  "ScreenshotDatasources": [],
  "Step": "2. Initial Discovery",
  "Substep": "2.F.2",
  "Subtechnique": "T1069.002",
  "Subtechnique_Name": "Permission Groups Discovery: Domain Groups",
  "TacticGroup": "Discovery",
  "Technique": "T1069",
  "Technique_Name": "Permission Groups Discovery"
}
{
  "Adversary": "apt3",
  "Capability_Requirements": [],
  "Criteria": null,
  "Datasources": [],
  "Detection": [
    "Telemetry",
    "Enrichment"
  ],
  "DetectionModifiers": [],
  "DetectionText": [
    "Telemetry showed cmd.exe executing net.exe with command-line arguments.",
    "An \\\"IIOC\\\" module called \\\"Enumerates domain administrators\\\" was generated and provided enrichment."
  ],
  "Footnotes": [],
  "Participant_Name": "rsa",
  "Procedure": "Cobalt Strike: 'net group \\\"Domain Admins\\\" -domain' via cmd",
  "ScreenshotDatasources": [],
  "Step": "2. Initial Discovery",
  "Substep": "2.F.3",
  "Subtechnique": "T1069.002",
  "Subtechnique_Name": "Permission Groups Discovery: Domain Groups",
  "TacticGroup": "Discovery",
  "Technique": "T1069",
  "Technique_Name": "Permission Groups Discovery"
}
{
  "Adversary": "apt3",
  "Capability_Requirements": [],
  "Criteria": null,
  "Datasources": [],
  "Detection": [
    "Telemetry"
  ],
  "DetectionModifiers": [],
  "DetectionText": [
    "Telemetry showed cmd.exe executing net.exe with command-line arguments."
  ],
  "Footnotes": [],
  "Participant_Name": "rsa",
  "Procedure": "Cobalt Strike: 'net user -domain' via cmd",
  "ScreenshotDatasources": [],
  "Step": "2. Initial Discovery",
  "Substep": "2.G.1",
  "Subtechnique": "T1087.002",
  "Subtechnique_Name": "Account Discovery: Domain Account",
  "TacticGroup": "Discovery",
  "Technique": "T1087",
  "Technique_Name": "Account Discovery"
}
{
  "Adversary": "apt3",
  "Capability_Requirements": [],
  "Criteria": null,
  "Datasources": [],
  "Detection": [
    "Telemetry"
  ],
  "DetectionModifiers": [],
  "DetectionText": [
    "Telemetry showed cmd.exe executing net.exe with command-line arguments."
  ],
  "Footnotes": [],
  "Participant_Name": "rsa",
  "Procedure": "Cobalt Strike: 'net user george -domain' via cmd",
  "ScreenshotDatasources": [],
  "Step": "2. Initial Discovery",
  "Substep": "2.G.2",
  "Subtechnique": "T1087.002",
  "Subtechnique_Name": "Account Discovery: Domain Account",
  "TacticGroup": "Discovery",
  "Technique": "T1087",
  "Technique_Name": "Account Discovery"
}
{
  "Adversary": "apt3",
  "Capability_Requirements": [],
  "Criteria": null,
  "Datasources": [],
  "Detection": [
    "Telemetry"
  ],
  "DetectionModifiers": [],
  "DetectionText": [
    "Telemetry showed cmd.exe executing reg.exe with command-line arguments."
  ],
  "Footnotes": [],
  "Participant_Name": "rsa",
  "Procedure": "Cobalt Strike: 'reg query' via cmd to enumerate a specific Registry key",
  "ScreenshotDatasources": [],
  "Step": "2. Initial Discovery",
  "Substep": "2.H.1",
  "Subtechnique": null,
  "Subtechnique_Name": null,
  "TacticGroup": "Discovery",
  "Technique": "T1012",
  "Technique_Name": "Query Registry"
}
{
  "Adversary": "apt3",
  "Capability_Requirements": [],
  "Criteria": "",
  "Datasources": [],
  "Detection": [
    "None"
  ],
  "DetectionModifiers": [],
  "DetectionText": [
    "Minimum detection criteria was not met for this procedure."
  ],
  "Footnotes": [],
  "Participant_Name": "rsa",
  "Procedure": "Cobalt Strike: Built-in UAC bypass token duplication capability executed to elevate process integrity level",
  "ScreenshotDatasources": [],
  "Step": "3. Privilege Escalation",
  "Substep": "3.A.1.1",
  "Subtechnique": "T1548.002",
  "Subtechnique_Name": "Abuse Elevation Control Mechanism: Bypass User Account Control",
  "TacticGroup": "Privilege Escalation",
  "Technique": "T1548",
  "Technique_Name": "Abuse Elevation Control Mechanism"
}
{
  "Adversary": "apt3",
  "Capability_Requirements": [],
  "Criteria": "",
  "Datasources": [],
  "Detection": [
    "None"
  ],
  "DetectionModifiers": [],
  "DetectionText": [
    "Minimum detection criteria was not met for this procedure."
  ],
  "Footnotes": [],
  "Participant_Name": "rsa",
  "Procedure": "Cobalt Strike: Built-in UAC bypass token duplication capability executed to modify current process token",
  "ScreenshotDatasources": [],
  "Step": "3. Privilege Escalation",
  "Substep": "3.A.1.2",
  "Subtechnique": "T1134.001",
  "Subtechnique_Name": "Access Token Manipulation: Token Impersonation/Theft",
  "TacticGroup": "Defense Evasion",
  "Technique": "T1134",
  "Technique_Name": "Access Token Manipulation"
}
{
  "Adversary": "apt3",
  "Capability_Requirements": [],
  "Criteria": null,
  "Datasources": [],
  "Detection": [
    "None"
  ],
  "DetectionModifiers": [],
  "DetectionText": [
    "Minimum detection criteria was not met for this procedure."
  ],
  "Footnotes": [],
  "Participant_Name": "rsa",
  "Procedure": "Cobalt Strike: 'ps' (Process status) via Win32 APIs",
  "ScreenshotDatasources": [],
  "Step": "3. Privilege Escalation",
  "Substep": "3.B.1",
  "Subtechnique": null,
  "Subtechnique_Name": null,
  "TacticGroup": "Discovery",
  "Technique": "T1057",
  "Technique_Name": "Process Discovery"
}
{
  "Adversary": "apt3",
  "Capability_Requirements": [],
  "Criteria": null,
  "Datasources": [],
  "Detection": [
    "Telemetry"
  ],
  "DetectionModifiers": [],
  "DetectionText": [
    "Telemetry showed powershell.exe creating a remote thread into cmd.exe."
  ],
  "Footnotes": [],
  "Participant_Name": "rsa",
  "Procedure": "Cobalt Strike: Built-in process injection capability executed to inject callback into cmd.exe",
  "ScreenshotDatasources": [],
  "Step": "3. Privilege Escalation",
  "Substep": "3.C.1",
  "Subtechnique": null,
  "Subtechnique_Name": null,
  "TacticGroup": "Execution",
  "Technique": "T1055",
  "Technique_Name": "Process Injection"
}
{
  "Adversary": "apt3",
  "Capability_Requirements": [],
  "Criteria": null,
  "Datasources": [],
  "Detection": [
    "Telemetry"
  ],
  "DetectionModifiers": [],
  "DetectionText": [
    "Telemetry showed cmd.exe running net.exe with command-line arguments."
  ],
  "Footnotes": [],
  "Participant_Name": "rsa",
  "Procedure": "Cobalt Strike: 'net group \\\"Domain Controllers\\\" -domain' via cmd",
  "ScreenshotDatasources": [],
  "Step": "4. Discovery for Lateral Movement",
  "Substep": "4.A.1",
  "Subtechnique": null,
  "Subtechnique_Name": null,
  "TacticGroup": "Discovery",
  "Technique": "T1018",
  "Technique_Name": "Remote System Discovery"
}
{
  "Adversary": "apt3",
  "Capability_Requirements": [],
  "Criteria": null,
  "Datasources": [],
  "Detection": [
    "Telemetry"
  ],
  "DetectionModifiers": [],
  "DetectionText": [
    "Telemetry showed cmd.exe running net.exe with command-line arguments."
  ],
  "Footnotes": [],
  "Participant_Name": "rsa",
  "Procedure": "Cobalt Strike: 'net group \\\"Domain Computers\\\" -domain' via cmd",
  "ScreenshotDatasources": [],
  "Step": "4. Discovery for Lateral Movement",
  "Substep": "4.A.2",
  "Subtechnique": null,
  "Subtechnique_Name": null,
  "TacticGroup": "Discovery",
  "Technique": "T1018",
  "Technique_Name": "Remote System Discovery"
}
{
  "Adversary": "apt3",
  "Capability_Requirements": [],
  "Criteria": null,
  "Datasources": [],
  "Detection": [
    "Telemetry"
  ],
  "DetectionModifiers": [],
  "DetectionText": [
    "Telemetry showed cmd.exe running netsh.exe with command-line arguments."
  ],
  "Footnotes": [],
  "Participant_Name": "rsa",
  "Procedure": "Cobalt Strike: 'netsh advfirewall show allprofiles' via cmd",
  "ScreenshotDatasources": [],
  "Step": "4. Discovery for Lateral Movement",
  "Substep": "4.B.1",
  "Subtechnique": null,
  "Subtechnique_Name": null,
  "TacticGroup": "Discovery",
  "Technique": "T1016",
  "Technique_Name": "System Network Configuration Discovery"
}
{
  "Adversary": "apt3",
  "Capability_Requirements": [],
  "Criteria": null,
  "Datasources": [],
  "Detection": [
    "Telemetry"
  ],
  "DetectionModifiers": [],
  "DetectionText": [
    "Telemetry showed cmd.exe running netstat.exe with command-line arguments."
  ],
  "Footnotes": [],
  "Participant_Name": "rsa",
  "Procedure": "Cobalt Strike: 'netstat -ano' via cmd",
  "ScreenshotDatasources": [],
  "Step": "4. Discovery for Lateral Movement",
  "Substep": "4.C.1",
  "Subtechnique": null,
  "Subtechnique_Name": null,
  "TacticGroup": "Discovery",
  "Technique": "T1049",
  "Technique_Name": "System Network Connections Discovery"
}
{
  "Adversary": "apt3",
  "Capability_Requirements": [],
  "Criteria": "",
  "Datasources": [],
  "Detection": [
    "None"
  ],
  "DetectionModifiers": [],
  "DetectionText": [
    "Minimum detection criteria was not met for this procedure."
  ],
  "Footnotes": [],
  "Participant_Name": "rsa",
  "Procedure": "Cobalt Strike: Built-in Mimikatz credential dump capability executed",
  "ScreenshotDatasources": [],
  "Step": "5. Credential Access",
  "Substep": "5.A.1.1",
  "Subtechnique": "T1003.001",
  "Subtechnique_Name": "OS Credential Dumping: LSASS Memory",
  "TacticGroup": "Credential Access",
  "Technique": "T1003",
  "Technique_Name": "OS Credential Dumping"
}
{
  "Adversary": "apt3",
  "Capability_Requirements": [],
  "Criteria": "",
  "Datasources": [],
  "Detection": [
    "None"
  ],
  "DetectionModifiers": [],
  "DetectionText": [
    "Minimum detection criteria was not met for this procedure."
  ],
  "Footnotes": [],
  "Participant_Name": "rsa",
  "Procedure": "Cobalt Strike: Credential dump capability involved process injection into lsass",
  "ScreenshotDatasources": [],
  "Step": "5. Credential Access",
  "Substep": "5.A.1.2",
  "Subtechnique": null,
  "Subtechnique_Name": null,
  "TacticGroup": "Execution",
  "Technique": "T1055",
  "Technique_Name": "Process Injection"
}
{
  "Adversary": "apt3",
  "Capability_Requirements": [],
  "Criteria": "",
  "Datasources": [],
  "Detection": [
    "None"
  ],
  "DetectionModifiers": [],
  "DetectionText": [
    "Minimum detection criteria was not met for this procedure."
  ],
  "Footnotes": [],
  "Participant_Name": "rsa",
  "Procedure": "Cobalt Strike: Built-in hash dump capability executed",
  "ScreenshotDatasources": [],
  "Step": "5. Credential Access",
  "Substep": "5.A.2.1",
  "Subtechnique": "T1003.002",
  "Subtechnique_Name": "OS Credential Dumping: Security Account Manager",
  "TacticGroup": "Credential Access",
  "Technique": "T1003",
  "Technique_Name": "OS Credential Dumping"
}
{
  "Adversary": "apt3",
  "Capability_Requirements": [],
  "Criteria": "",
  "Datasources": [],
  "Detection": [
    "None"
  ],
  "DetectionModifiers": [],
  "DetectionText": [
    "Minimum detection criteria was not met for this procedure."
  ],
  "Footnotes": [],
  "Participant_Name": "rsa",
  "Procedure": "Cobalt Strike: Hash dump capability involved process injection into lsass.exe",
  "ScreenshotDatasources": [],
  "Step": "5. Credential Access",
  "Substep": "5.A.2.2",
  "Subtechnique": null,
  "Subtechnique_Name": null,
  "TacticGroup": "Execution",
  "Technique": "T1055",
  "Technique_Name": "Process Injection"
}
{
  "Adversary": "apt3",
  "Capability_Requirements": [],
  "Criteria": null,
  "Datasources": [],
  "Detection": [
    "None"
  ],
  "DetectionModifiers": [],
  "DetectionText": [
    "Minimum detection criteria was not met for this procedure."
  ],
  "Footnotes": [],
  "Participant_Name": "rsa",
  "Procedure": "Cobalt Strike: Built-in token theft capability executed to change user context to George",
  "ScreenshotDatasources": [],
  "Step": "5. Credential Access",
  "Substep": "5.B.1",
  "Subtechnique": "T1134.001",
  "Subtechnique_Name": "Access Token Manipulation: Token Impersonation/Theft",
  "TacticGroup": "Defense Evasion",
  "Technique": "T1134",
  "Technique_Name": "Access Token Manipulation"
}
{
  "Adversary": "apt3",
  "Capability_Requirements": [],
  "Criteria": null,
  "Datasources": [],
  "Detection": [
    "Telemetry"
  ],
  "DetectionModifiers": [],
  "DetectionText": [
    "Telemetry showed cmd.exe executing reg.exe with command-line arguments."
  ],
  "Footnotes": [],
  "Participant_Name": "rsa",
  "Procedure": "Cobalt Strike: 'reg query' via cmd to remotely enumerate a specific Registry key on Conficker (10.0.0.5)",
  "ScreenshotDatasources": [],
  "Step": "6. Lateral Movement",
  "Substep": "6.A.1",
  "Subtechnique": null,
  "Subtechnique_Name": null,
  "TacticGroup": "Discovery",
  "Technique": "T1012",
  "Technique_Name": "Query Registry"
}
{
  "Adversary": "apt3",
  "Capability_Requirements": [],
  "Criteria": "",
  "Datasources": [],
  "Detection": [
    "Telemetry"
  ],
  "DetectionModifiers": [],
  "DetectionText": [
    "Telemetry showed connections over TCP port 80 to freegoogleadsenseinfo.com (C2 domain)."
  ],
  "Footnotes": [],
  "Participant_Name": "rsa",
  "Procedure": "Cobalt Strike: C2 channel modified to use port 80",
  "ScreenshotDatasources": [],
  "Step": "6. Lateral Movement",
  "Substep": "6.B.1.1",
  "Subtechnique": null,
  "Subtechnique_Name": null,
  "TacticGroup": "Command and Control",
  "Technique": "T1043",
  "Technique_Name": "Commonly Used Port"
}
{
  "Adversary": "apt3",
  "Capability_Requirements": [],
  "Criteria": "",
  "Datasources": [],
  "Detection": [
    "None"
  ],
  "DetectionModifiers": [],
  "DetectionText": [
    "Minimum detection criteria was not met for this procedure."
  ],
  "Footnotes": [],
  "Participant_Name": "rsa",
  "Procedure": "Cobalt Strike: C2 channel modified to use HTTP traffic to freegoogleadsenseinfo.com",
  "ScreenshotDatasources": [],
  "Step": "6. Lateral Movement",
  "Substep": "6.B.1.2",
  "Subtechnique": "T1071.001",
  "Subtechnique_Name": "Application Layer Protocol: Web Protocols",
  "TacticGroup": "Command and Control",
  "Technique": "T1071",
  "Technique_Name": "Application Layer Protocol"
}
{
  "Adversary": "apt3",
  "Capability_Requirements": [],
  "Criteria": "",
  "Datasources": [],
  "Detection": [
    "None"
  ],
  "DetectionModifiers": [],
  "DetectionText": [
    "Minimum detection criteria was not met for this procedure."
  ],
  "Footnotes": [],
  "Participant_Name": "rsa",
  "Procedure": "Cobalt Strike: C2 channel modified to split communications between both HTTP and DNS",
  "ScreenshotDatasources": [],
  "Step": "6. Lateral Movement",
  "Substep": "6.B.1.3",
  "Subtechnique": null,
  "Subtechnique_Name": null,
  "TacticGroup": "Command and Control",
  "Technique": "T1026",
  "Technique_Name": "Multiband Communication"
}
{
  "Adversary": "apt3",
  "Capability_Requirements": [],
  "Criteria": null,
  "Datasources": [],
  "Detection": [
    "Telemetry"
  ],
  "DetectionModifiers": [],
  "DetectionText": [
    "Telemetry showed cmd.exe connecting to 10.0.0.5 (Conficker) over port 3389."
  ],
  "Footnotes": [],
  "Participant_Name": "rsa",
  "Procedure": "Cobalt Strike: C2 channel modified to proxy RDP connection to Conficker (10.0.0.5)",
  "ScreenshotDatasources": [],
  "Step": "6. Lateral Movement",
  "Substep": "6.C.1",
  "Subtechnique": "T1021.001",
  "Subtechnique_Name": "Remote Services: Remote Desktop Protocol",
  "TacticGroup": "Lateral Movement",
  "Technique": "T1021",
  "Technique_Name": "Remote Services"
}
{
  "Adversary": "apt3",
  "Capability_Requirements": [],
  "Criteria": "",
  "Datasources": [],
  "Detection": [
    "None"
  ],
  "DetectionModifiers": [],
  "DetectionText": [
    "Minimum detection criteria was not met for this procedure."
  ],
  "Footnotes": [],
  "Participant_Name": "rsa",
  "Procedure": "Added user Jesse to Conficker (10.0.0.5) through RDP connection",
  "ScreenshotDatasources": [],
  "Step": "7. Persistence",
  "Substep": "7.A.1.1",
  "Subtechnique": "T1136.001",
  "Subtechnique_Name": "Create Account: Local Account",
  "TacticGroup": "Persistence",
  "Technique": "T1136",
  "Technique_Name": "Create Account"
}
{
  "Adversary": "apt3",
  "Capability_Requirements": [],
  "Criteria": "",
  "Datasources": [],
  "Detection": [
    "None"
  ],
  "DetectionModifiers": [],
  "DetectionText": [
    "Minimum detection criteria was not met for this procedure."
  ],
  "Footnotes": [],
  "Participant_Name": "rsa",
  "Procedure": "Microsoft Management Console (Local Users and Groups snap-in) GUI utility used to add new user through RDP connection",
  "ScreenshotDatasources": [],
  "Step": "7. Persistence",
  "Substep": "7.A.1.2",
  "Subtechnique": null,
  "Subtechnique_Name": null,
  "TacticGroup": "Execution",
  "Technique": "T1061",
  "Technique_Name": "Graphical User Interface"
}
{
  "Adversary": "apt3",
  "Capability_Requirements": [],
  "Criteria": "",
  "Datasources": [],
  "Detection": [
    "None"
  ],
  "DetectionModifiers": [],
  "DetectionText": [
    "Minimum detection criteria was not met for this procedure."
  ],
  "Footnotes": [],
  "Participant_Name": "rsa",
  "Procedure": "Microsoft Management Console (Local Users and Groups snap-in) GUI utility displayed user account information",
  "ScreenshotDatasources": [],
  "Step": "7. Persistence",
  "Substep": "7.A.1.3",
  "Subtechnique": "T1087.001",
  "Subtechnique_Name": "Account Discovery: Local Account",
  "TacticGroup": "Discovery",
  "Technique": "T1087",
  "Technique_Name": "Account Discovery"
}
{
  "Adversary": "apt3",
  "Capability_Requirements": [],
  "Criteria": null,
  "Datasources": [],
  "Detection": [
    "Telemetry"
  ],
  "DetectionModifiers": [],
  "DetectionText": [
    "Telemetry showed file write of updater.dll."
  ],
  "Footnotes": [],
  "Participant_Name": "rsa",
  "Procedure": "Cobalt Strike: Built-in upload capability executed to write a DLL payload (updater.dll) to disk on Nimda (10.0.1.6)",
  "ScreenshotDatasources": [],
  "Step": "7. Persistence",
  "Substep": "7.B.1",
  "Subtechnique": null,
  "Subtechnique_Name": null,
  "TacticGroup": "Command and Control",
  "Technique": "T1105",
  "Technique_Name": "Ingress Tool Transfer"
}
{
  "Adversary": "apt3",
  "Capability_Requirements": [],
  "Criteria": null,
  "Datasources": [],
  "Detection": [
    "Telemetry"
  ],
  "DetectionModifiers": [],
  "DetectionText": [
    "Telemetry showed the execution of schtasks.exe as well as the full command-line arguments."
  ],
  "Footnotes": [],
  "Participant_Name": "rsa",
  "Procedure": "Cobalt Strike: 'schtasks' via cmd to create scheduled task that executes a DLL payload (updater.dll)",
  "ScreenshotDatasources": [],
  "Step": "7. Persistence",
  "Substep": "7.C.1",
  "Subtechnique": "T1053.005",
  "Subtechnique_Name": "Scheduled Task/Job: Scheduled Task",
  "TacticGroup": "Execution",
  "Technique": "T1053",
  "Technique_Name": "Scheduled Task/Job"
}
{
  "Adversary": "apt3",
  "Capability_Requirements": [],
  "Criteria": null,
  "Datasources": [],
  "Detection": [
    "Telemetry"
  ],
  "DetectionModifiers": [],
  "DetectionText": [
    "Telemetry showed cmd.exe executing dir with command-line arguments."
  ],
  "Footnotes": [],
  "Participant_Name": "rsa",
  "Procedure": "Cobalt Strike: 'dir -s -b \\\"\\\\conficker\\wormshare\\\"' via cmd",
  "ScreenshotDatasources": [],
  "Step": "8. Collection",
  "Substep": "8.A.1",
  "Subtechnique": null,
  "Subtechnique_Name": null,
  "TacticGroup": "Discovery",
  "Technique": "T1083",
  "Technique_Name": "File and Directory Discovery"
}
{
  "Adversary": "apt3",
  "Capability_Requirements": [],
  "Criteria": null,
  "Datasources": [],
  "Detection": [
    "Telemetry"
  ],
  "DetectionModifiers": [],
  "DetectionText": [
    "Telemetry showed cmd.exe executing tree with command-line arguments."
  ],
  "Footnotes": [],
  "Participant_Name": "rsa",
  "Procedure": "Cobalt Strike: 'tree \\\"C:\\Users\\debbie\\\"' via cmd",
  "ScreenshotDatasources": [],
  "Step": "8. Collection",
  "Substep": "8.A.2",
  "Subtechnique": null,
  "Subtechnique_Name": null,
  "TacticGroup": "Discovery",
  "Technique": "T1083",
  "Technique_Name": "File and Directory Discovery"
}
{
  "Adversary": "apt3",
  "Capability_Requirements": [],
  "Criteria": null,
  "Datasources": [],
  "Detection": [
    "None"
  ],
  "DetectionModifiers": [],
  "DetectionText": [
    "Minimum detection criteria was not met for this procedure."
  ],
  "Footnotes": [],
  "Participant_Name": "rsa",
  "Procedure": "Cobalt Strike: 'ps' (Process status) via Win32 APIs",
  "ScreenshotDatasources": [],
  "Step": "8. Collection",
  "Substep": "8.B.1",
  "Subtechnique": null,
  "Subtechnique_Name": null,
  "TacticGroup": "Discovery",
  "Technique": "T1057",
  "Technique_Name": "Process Discovery"
}
{
  "Adversary": "apt3",
  "Capability_Requirements": [],
  "Criteria": "",
  "Datasources": [],
  "Detection": [
    "None"
  ],
  "DetectionModifiers": [],
  "DetectionText": [
    "Minimum detection criteria was not met for this procedure."
  ],
  "Footnotes": [],
  "Participant_Name": "rsa",
  "Procedure": "Cobalt Strike: Built-in keylogging capability executed to capture keystrokes of user Debbie",
  "ScreenshotDatasources": [],
  "Step": "8. Collection",
  "Substep": "8.C.1.1",
  "Subtechnique": "T1056.001",
  "Subtechnique_Name": "Input Capture: Keylogging",
  "TacticGroup": "Collection",
  "Technique": "T1056",
  "Technique_Name": "Input Capture"
}
{
  "Adversary": "apt3",
  "Capability_Requirements": [],
  "Criteria": "",
  "Datasources": [],
  "Detection": [
    "None"
  ],
  "DetectionModifiers": [],
  "DetectionText": [
    "Minimum detection criteria was not met for this procedure."
  ],
  "Footnotes": [],
  "Participant_Name": "rsa",
  "Procedure": "Cobalt Strike: Keylogging capability included residual enumeration of application windows",
  "ScreenshotDatasources": [],
  "Step": "8. Collection",
  "Substep": "8.C.1.2",
  "Subtechnique": null,
  "Subtechnique_Name": null,
  "TacticGroup": "Discovery",
  "Technique": "T1010",
  "Technique_Name": "Application Window Discovery"
}
{
  "Adversary": "apt3",
  "Capability_Requirements": [],
  "Criteria": "",
  "Datasources": [],
  "Detection": [
    "None"
  ],
  "DetectionModifiers": [],
  "DetectionText": [
    "Minimum detection criteria was not met for this procedure."
  ],
  "Footnotes": [],
  "Participant_Name": "rsa",
  "Procedure": "Cobalt Strike: Built-in screen capture capability executed to capture screenshot of current window of user Debbie",
  "ScreenshotDatasources": [],
  "Step": "8. Collection",
  "Substep": "8.D.1.1",
  "Subtechnique": null,
  "Subtechnique_Name": null,
  "TacticGroup": "Discovery",
  "Technique": "T1113",
  "Technique_Name": "Screen Capture"
}
{
  "Adversary": "apt3",
  "Capability_Requirements": [],
  "Criteria": "",
  "Datasources": [],
  "Detection": [
    "None"
  ],
  "DetectionModifiers": [],
  "DetectionText": [
    "Minimum detection criteria was not met for this procedure."
  ],
  "Footnotes": [],
  "Participant_Name": "rsa",
  "Procedure": "Cobalt Strike: Screen capture capability involved process injection into explorer.exe",
  "ScreenshotDatasources": [],
  "Step": "8. Collection",
  "Substep": "8.D.1.2",
  "Subtechnique": null,
  "Subtechnique_Name": null,
  "TacticGroup": "Execution",
  "Technique": "T1055",
  "Technique_Name": "Process Injection"
}
{
  "Adversary": "apt3",
  "Capability_Requirements": [],
  "Criteria": null,
  "Datasources": [],
  "Detection": [
    "None"
  ],
  "DetectionModifiers": [],
  "DetectionText": [
    "Minimum detection criteria was not met for this procedure."
  ],
  "Footnotes": [],
  "Participant_Name": "rsa",
  "Procedure": "Cobalt Strike: 'ls' (List) via Win32 APIs to enumerate a network shared drive (Wormshare) on Conficker (10.0.0.5)",
  "ScreenshotDatasources": [],
  "Step": "9. Exfiltration",
  "Substep": "9.A.1",
  "Subtechnique": null,
  "Subtechnique_Name": null,
  "TacticGroup": "Discovery",
  "Technique": "T1083",
  "Technique_Name": "File and Directory Discovery"
}
{
  "Adversary": "apt3",
  "Capability_Requirements": [],
  "Criteria": "",
  "Datasources": [],
  "Detection": [
    "None"
  ],
  "DetectionModifiers": [],
  "DetectionText": [
    "Minimum detection criteria was not met for this procedure."
  ],
  "Footnotes": [],
  "Participant_Name": "rsa",
  "Procedure": "Cobalt Strike: Built-in download capability executed to a collect file (Shockwave_rackb_diagram.vsdx) from a network shared drive (Wormshare) on Conficker (10.0.0.5)",
  "ScreenshotDatasources": [],
  "Step": "9. Exfiltration",
  "Substep": "9.B.1.1",
  "Subtechnique": null,
  "Subtechnique_Name": null,
  "TacticGroup": "Collection",
  "Technique": "T1039",
  "Technique_Name": "Data from Network Shared Drive"
}
{
  "Adversary": "apt3",
  "Capability_Requirements": [],
  "Criteria": "",
  "Datasources": [],
  "Detection": [
    "None"
  ],
  "DetectionModifiers": [],
  "DetectionText": [
    "Minimum detection criteria was not met for this procedure."
  ],
  "Footnotes": [],
  "Participant_Name": "rsa",
  "Procedure": "Cobalt Strike: Download capability exfiltrated data through existing C2 channel",
  "ScreenshotDatasources": [],
  "Step": "9. Exfiltration",
  "Substep": "9.B.1.2",
  "Subtechnique": null,
  "Subtechnique_Name": null,
  "TacticGroup": "Exfiltration",
  "Technique": "T1041",
  "Technique_Name": "Exfiltration Over Command and Control Channel"
}
{
  "Adversary": "apt3",
  "Capability_Requirements": [],
  "Criteria": null,
  "Datasources": [],
  "Detection": [
    "Telemetry"
  ],
  "DetectionModifiers": [],
  "DetectionText": [
    "Telemetry showed cmd.exe executing autoupdate.bat from the Startup folder."
  ],
  "Footnotes": [],
  "Participant_Name": "rsa",
  "Procedure": "Batch file (autoupdate.bat) previously written to Startup folder executed when user Debbie logs on to Nimda (10.0.1.6), launching a DLL payload (update.dat) using Rundll32",
  "ScreenshotDatasources": [],
  "Step": "10. Execution of Persistence",
  "Substep": "10.A.1",
  "Subtechnique": "T1547.001",
  "Subtechnique_Name": "Boot or Logon Autostart Execution: Registry Run Keys / Startup Folder",
  "TacticGroup": "Persistence",
  "Technique": "T1547",
  "Technique_Name": "Boot or Logon Autostart Execution"
}
{
  "Adversary": "apt3",
  "Capability_Requirements": [],
  "Criteria": null,
  "Datasources": [],
  "Detection": [
    "Telemetry"
  ],
  "DetectionModifiers": [],
  "DetectionText": [
    "Telemetry showed rundll32.exe executing updater.dll."
  ],
  "Footnotes": [],
  "Participant_Name": "rsa",
  "Procedure": "Scheduled task executed when user Debbie logs on to Nimda (10.0.1.6), launching a DLL payload (updater.dll) using Rundll32",
  "ScreenshotDatasources": [],
  "Step": "10. Execution of Persistence",
  "Substep": "10.A.2",
  "Subtechnique": "T1053.005",
  "Subtechnique_Name": "Scheduled Task/Job: Scheduled Task",
  "TacticGroup": "Execution",
  "Technique": "T1053",
  "Technique_Name": "Scheduled Task/Job"
}
{
  "Adversary": "apt3",
  "Capability_Requirements": [],
  "Criteria": "",
  "Datasources": [],
  "Detection": [
    "Telemetry"
  ],
  "DetectionModifiers": [],
  "DetectionText": [
    "Telemetry showed \\\\\"unregmp2.exe /FirstLogon\\\\\" (associated with user logon) as well as the user name \\\\\"Jesse J\\\\\" within Machine Properties."
  ],
  "Footnotes": [],
  "Participant_Name": "rsa",
  "Procedure": "RDP connection to Conficker (10.0.0.5) authenticated using previously added user Jesse",
  "ScreenshotDatasources": [],
  "Step": "10. Execution of Persistence",
  "Substep": "10.B.1.1",
  "Subtechnique": "T1078.003",
  "Subtechnique_Name": "Valid Accounts: Local Accounts",
  "TacticGroup": "Persistence",
  "Technique": "T1078",
  "Technique_Name": "Valid Accounts"
}
{
  "Adversary": "apt3",
  "Capability_Requirements": [],
  "Criteria": "",
  "Datasources": [],
  "Detection": [
    "None"
  ],
  "DetectionModifiers": [],
  "DetectionText": [
    "Minimum detection criteria was not met for this procedure."
  ],
  "Footnotes": [],
  "Participant_Name": "rsa",
  "Procedure": "RDP connection made to Conficker (10.0.0.5) as part of execution of persistence mechanism",
  "ScreenshotDatasources": [],
  "Step": "10. Execution of Persistence",
  "Substep": "10.B.1.2",
  "Subtechnique": "T1021.001",
  "Subtechnique_Name": "Remote Services: Remote Desktop Protocol",
  "TacticGroup": "Lateral Movement",
  "Technique": "T1021",
  "Technique_Name": "Remote Services"
}
{
  "Adversary": "apt3",
  "Capability_Requirements": [],
  "Criteria": null,
  "Datasources": [],
  "Detection": [
    "Telemetry"
  ],
  "DetectionModifiers": [],
  "DetectionText": [
    "Telemetry showed wscript.exe executing autoupdate.vbs and the subsequent PowerShell child process."
  ],
  "Footnotes": [
    "Vendor says launch command-line argument truncation resulted in PowerShell not being able to be decoded."
  ],
  "Participant_Name": "rsa",
  "Procedure": "Legitimate user Bob clicked and executed malicious VBScript (autoupdate.vbs) on 10.0.1.5 (CodeRed)",
  "ScreenshotDatasources": [],
  "Step": "11. Initial Compromise",
  "Substep": "11.A.1",
  "Subtechnique": "T1059.005",
  "Subtechnique_Name": "Command and Scripting Interpreter: Visual Basic",
  "TacticGroup": "Execution",
  "Technique": "T1059",
  "Technique_Name": "Command and Scripting Interpreter"
}
{
  "Adversary": "apt3",
  "Capability_Requirements": [],
  "Criteria": "",
  "Datasources": [],
  "Detection": [
    "None"
  ],
  "DetectionModifiers": [],
  "DetectionText": [
    "Minimum detection criteria was not met for this procedure."
  ],
  "Footnotes": [],
  "Participant_Name": "rsa",
  "Procedure": "Empire: C2 channel established using port 443",
  "ScreenshotDatasources": [],
  "Step": "11. Initial Compromise",
  "Substep": "11.B.1.1",
  "Subtechnique": null,
  "Subtechnique_Name": null,
  "TacticGroup": "Command and Control",
  "Technique": "T1043",
  "Technique_Name": "Commonly Used Port"
}
{
  "Adversary": "apt3",
  "Capability_Requirements": [],
  "Criteria": "",
  "Datasources": [],
  "Detection": [
    "Telemetry"
  ],
  "DetectionModifiers": [],
  "DetectionText": [
    "Telemetry showed powershell.exe making a connection over port 443 to freegoogleadsenseinfo.com (C2 domain)."
  ],
  "Footnotes": [],
  "Participant_Name": "rsa",
  "Procedure": "Empire: C2 channel established using HTTPS traffic to freegoogleadsenseinfo.com",
  "ScreenshotDatasources": [],
  "Step": "11. Initial Compromise",
  "Substep": "11.B.1.2",
  "Subtechnique": "T1071.001",
  "Subtechnique_Name": "Application Layer Protocol: Web Protocols",
  "TacticGroup": "Command and Control",
  "Technique": "T1071",
  "Technique_Name": "Application Layer Protocol"
}
{
  "Adversary": "apt3",
  "Capability_Requirements": [],
  "Criteria": "",
  "Datasources": [],
  "Detection": [
    "None"
  ],
  "DetectionModifiers": [],
  "DetectionText": [
    "Minimum detection criteria was not met for this procedure."
  ],
  "Footnotes": [],
  "Participant_Name": "rsa",
  "Procedure": "Empire: Encrypted C2 channel established using HTTPS",
  "ScreenshotDatasources": [],
  "Step": "11. Initial Compromise",
  "Substep": "11.B.1.3",
  "Subtechnique": "T1573.002",
  "Subtechnique_Name": "Encrypted Channel: Asymmetric Cryptography",
  "TacticGroup": "Command and Control",
  "Technique": "T1573",
  "Technique_Name": "Encrypted Channel"
}
{
  "Adversary": "apt3",
  "Capability_Requirements": [],
  "Criteria": null,
  "Datasources": [],
  "Detection": [
    "Telemetry"
  ],
  "DetectionModifiers": [],
  "DetectionText": [
    "Telemetry showed powershell.exe executing route.exe with command-line arguments."
  ],
  "Footnotes": [],
  "Participant_Name": "rsa",
  "Procedure": "Empire: 'route print' via PowerShell",
  "ScreenshotDatasources": [],
  "Step": "12. Initial Discovery",
  "Substep": "12.A.1",
  "Subtechnique": null,
  "Subtechnique_Name": null,
  "TacticGroup": "Discovery",
  "Technique": "T1016",
  "Technique_Name": "System Network Configuration Discovery"
}
{
  "Adversary": "apt3",
  "Capability_Requirements": [],
  "Criteria": null,
  "Datasources": [],
  "Detection": [
    "Telemetry"
  ],
  "DetectionModifiers": [],
  "DetectionText": [
    "Telemetry showed powershell.exe executing ipconfig.exe with command-line arguments."
  ],
  "Footnotes": [],
  "Participant_Name": "rsa",
  "Procedure": "Empire: 'ipconfig -all' via PowerShell",
  "ScreenshotDatasources": [],
  "Step": "12. Initial Discovery",
  "Substep": "12.A.2",
  "Subtechnique": null,
  "Subtechnique_Name": null,
  "TacticGroup": "Discovery",
  "Technique": "T1016",
  "Technique_Name": "System Network Configuration Discovery"
}
{
  "Adversary": "apt3",
  "Capability_Requirements": [],
  "Criteria": null,
  "Datasources": [],
  "Detection": [
    "Telemetry"
  ],
  "DetectionModifiers": [],
  "DetectionText": [
    "Telemetry showed powershell.exe executing whoami.exe with command-line arguments."
  ],
  "Footnotes": [],
  "Participant_Name": "rsa",
  "Procedure": "Empire: 'whoami -all -fo list' via PowerShell",
  "ScreenshotDatasources": [],
  "Step": "12. Initial Discovery",
  "Substep": "12.B.1",
  "Subtechnique": null,
  "Subtechnique_Name": null,
  "TacticGroup": "Discovery",
  "Technique": "T1033",
  "Technique_Name": "System Owner/User Discovery"
}
{
  "Adversary": "apt3",
  "Capability_Requirements": [],
  "Criteria": null,
  "Datasources": [],
  "Detection": [
    "Telemetry"
  ],
  "DetectionModifiers": [],
  "DetectionText": [
    "Telemetry showed powershell.exe executing qprocess.exe with command-line arguments."
  ],
  "Footnotes": [],
  "Participant_Name": "rsa",
  "Procedure": "Empire: 'qprocess *' via PowerShell",
  "ScreenshotDatasources": [],
  "Step": "12. Initial Discovery",
  "Substep": "12.C.1",
  "Subtechnique": null,
  "Subtechnique_Name": null,
  "TacticGroup": "Discovery",
  "Technique": "T1057",
  "Technique_Name": "Process Discovery"
}
{
  "Adversary": "apt3",
  "Capability_Requirements": [],
  "Criteria": null,
  "Datasources": [],
  "Detection": [
    "Telemetry"
  ],
  "DetectionModifiers": [],
  "DetectionText": [
    "Telemetry showed powershell.exe executing net.exe with command-line arguments."
  ],
  "Footnotes": [],
  "Participant_Name": "rsa",
  "Procedure": "Empire: 'net start' via PowerShell",
  "ScreenshotDatasources": [],
  "Step": "12. Initial Discovery",
  "Substep": "12.D.1",
  "Subtechnique": null,
  "Subtechnique_Name": null,
  "TacticGroup": "Discovery",
  "Technique": "T1007",
  "Technique_Name": "System Service Discovery"
}
{
  "Adversary": "apt3",
  "Capability_Requirements": [],
  "Criteria": null,
  "Datasources": [],
  "Detection": [
    "Telemetry"
  ],
  "DetectionModifiers": [],
  "DetectionText": [
    "Telemetry showed PowerShell running and a PowerShell script being written to disk that coincided with the execution of WinEnum."
  ],
  "Footnotes": [],
  "Participant_Name": "rsa",
  "Procedure": "Empire: Built-in WinEnum module executed to programmatically execute a series of enumeration techniques",
  "ScreenshotDatasources": [],
  "Step": "12. Initial Discovery",
  "Substep": "12.E.1",
  "Subtechnique": "T1059.001",
  "Subtechnique_Name": "Command and Scripting Interpreter: PowerShell",
  "TacticGroup": "Execution",
  "Technique": "T1059",
  "Technique_Name": "Command and Scripting Interpreter"
}
{
  "Adversary": "apt3",
  "Capability_Requirements": [],
  "Criteria": null,
  "Datasources": [],
  "Detection": [
    "None"
  ],
  "DetectionModifiers": [],
  "DetectionText": [
    "Minimum detection criteria was not met for this procedure."
  ],
  "Footnotes": [],
  "Participant_Name": "rsa",
  "Procedure": "Empire: WinEnum module included enumeration of user information",
  "ScreenshotDatasources": [],
  "Step": "12. Initial Discovery",
  "Substep": "12.E.1.1",
  "Subtechnique": null,
  "Subtechnique_Name": null,
  "TacticGroup": "Discovery",
  "Technique": "T1033",
  "Technique_Name": "System Owner/User Discovery"
}
{
  "Adversary": "apt3",
  "Capability_Requirements": [],
  "Criteria": null,
  "Datasources": [],
  "Detection": [
    "None"
  ],
  "DetectionModifiers": [],
  "DetectionText": [
    "Minimum detection criteria was not met for this procedure."
  ],
  "Footnotes": [],
  "Participant_Name": "rsa",
  "Procedure": "Empire: WinEnum module included enumeration of AD group memberships",
  "ScreenshotDatasources": [],
  "Step": "12. Initial Discovery",
  "Substep": "12.E.1.2",
  "Subtechnique": "T1069.002",
  "Subtechnique_Name": "Permission Groups Discovery: Domain Groups",
  "TacticGroup": "Discovery",
  "Technique": "T1069",
  "Technique_Name": "Permission Groups Discovery"
}
{
  "Adversary": "apt3",
  "Capability_Requirements": [],
  "Criteria": null,
  "Datasources": [],
  "Detection": [
    "None"
  ],
  "DetectionModifiers": [],
  "DetectionText": [
    "Minimum detection criteria was not met for this procedure."
  ],
  "Footnotes": [],
  "Participant_Name": "rsa",
  "Procedure": "Empire: WinEnum module included enumeration of password policy information",
  "ScreenshotDatasources": [],
  "Step": "12. Initial Discovery",
  "Substep": "12.E.1.3",
  "Subtechnique": null,
  "Subtechnique_Name": null,
  "TacticGroup": "Discovery",
  "Technique": "T1201",
  "Technique_Name": "Password Policy Discovery"
}
{
  "Adversary": "apt3",
  "Capability_Requirements": [],
  "Criteria": null,
  "Datasources": [],
  "Detection": [
    "None"
  ],
  "DetectionModifiers": [],
  "DetectionText": [
    "Minimum detection criteria was not met for this procedure."
  ],
  "Footnotes": [],
  "Participant_Name": "rsa",
  "Procedure": "Empire: WinEnum module included enumeration of recently opened files",
  "ScreenshotDatasources": [],
  "Step": "12. Initial Discovery",
  "Substep": "12.E.1.4.1",
  "Subtechnique": null,
  "Subtechnique_Name": null,
  "TacticGroup": "Discovery",
  "Technique": "T1083",
  "Technique_Name": "File and Directory Discovery"
}
{
  "Adversary": "apt3",
  "Capability_Requirements": [],
  "Criteria": null,
  "Datasources": [],
  "Detection": [
    "None"
  ],
  "DetectionModifiers": [],
  "DetectionText": [
    "Minimum detection criteria was not met for this procedure."
  ],
  "Footnotes": [],
  "Participant_Name": "rsa",
  "Procedure": "Empire: WinEnum module included enumeration of interesting files",
  "ScreenshotDatasources": [],
  "Step": "12. Initial Discovery",
  "Substep": "12.E.1.4.2",
  "Subtechnique": null,
  "Subtechnique_Name": null,
  "TacticGroup": "Discovery",
  "Technique": "T1083",
  "Technique_Name": "File and Directory Discovery"
}
{
  "Adversary": "apt3",
  "Capability_Requirements": [],
  "Criteria": null,
  "Datasources": [],
  "Detection": [
    "None"
  ],
  "DetectionModifiers": [],
  "DetectionText": [
    "Minimum detection criteria was not met for this procedure."
  ],
  "Footnotes": [],
  "Participant_Name": "rsa",
  "Procedure": "Empire: WinEnum module included enumeration of clipboard contents",
  "ScreenshotDatasources": [],
  "Step": "12. Initial Discovery",
  "Substep": "12.E.1.5",
  "Subtechnique": null,
  "Subtechnique_Name": null,
  "TacticGroup": "Collection",
  "Technique": "T1115",
  "Technique_Name": "Clipboard Data"
}
{
  "Adversary": "apt3",
  "Capability_Requirements": [],
  "Criteria": null,
  "Datasources": [],
  "Detection": [
    "None"
  ],
  "DetectionModifiers": [],
  "DetectionText": [
    "Minimum detection criteria was not met for this procedure."
  ],
  "Footnotes": [],
  "Participant_Name": "rsa",
  "Procedure": "Empire: WinEnum module included enumeration of system information",
  "ScreenshotDatasources": [],
  "Step": "12. Initial Discovery",
  "Substep": "12.E.1.6.1",
  "Subtechnique": null,
  "Subtechnique_Name": null,
  "TacticGroup": "Discovery",
  "Technique": "T1082",
  "Technique_Name": "System Information Discovery"
}
{
  "Adversary": "apt3",
  "Capability_Requirements": [],
  "Criteria": null,
  "Datasources": [],
  "Detection": [
    "None"
  ],
  "DetectionModifiers": [],
  "DetectionText": [
    "Minimum detection criteria was not met for this procedure."
  ],
  "Footnotes": [],
  "Participant_Name": "rsa",
  "Procedure": "Empire: WinEnum module included enumeration of Windows update information",
  "ScreenshotDatasources": [],
  "Step": "12. Initial Discovery",
  "Substep": "12.E.1.6.2",
  "Subtechnique": null,
  "Subtechnique_Name": null,
  "TacticGroup": "Discovery",
  "Technique": "T1082",
  "Technique_Name": "System Information Discovery"
}
{
  "Adversary": "apt3",
  "Capability_Requirements": [],
  "Criteria": null,
  "Datasources": [],
  "Detection": [
    "None"
  ],
  "DetectionModifiers": [],
  "DetectionText": [
    "Minimum detection criteria was not met for this procedure."
  ],
  "Footnotes": [],
  "Participant_Name": "rsa",
  "Procedure": "Empire: WinEnum module included enumeration of system information via a Registry query",
  "ScreenshotDatasources": [],
  "Step": "12. Initial Discovery",
  "Substep": "12.E.1.7",
  "Subtechnique": null,
  "Subtechnique_Name": null,
  "TacticGroup": "Discovery",
  "Technique": "T1012",
  "Technique_Name": "Query Registry"
}
{
  "Adversary": "apt3",
  "Capability_Requirements": [],
  "Criteria": null,
  "Datasources": [],
  "Detection": [
    "None"
  ],
  "DetectionModifiers": [],
  "DetectionText": [
    "Minimum detection criteria was not met for this procedure."
  ],
  "Footnotes": [],
  "Participant_Name": "rsa",
  "Procedure": "Empire: WinEnum module included enumeration of services",
  "ScreenshotDatasources": [],
  "Step": "12. Initial Discovery",
  "Substep": "12.E.1.8",
  "Subtechnique": null,
  "Subtechnique_Name": null,
  "TacticGroup": "Discovery",
  "Technique": "T1007",
  "Technique_Name": "System Service Discovery"
}
{
  "Adversary": "apt3",
  "Capability_Requirements": [],
  "Criteria": null,
  "Datasources": [],
  "Detection": [
    "None"
  ],
  "DetectionModifiers": [],
  "DetectionText": [
    "Minimum detection criteria was not met for this procedure."
  ],
  "Footnotes": [],
  "Participant_Name": "rsa",
  "Procedure": "Empire: WinEnum module included enumeration of available shares",
  "ScreenshotDatasources": [],
  "Step": "12. Initial Discovery",
  "Substep": "12.E.1.9.1",
  "Subtechnique": null,
  "Subtechnique_Name": null,
  "TacticGroup": "Discovery",
  "Technique": "T1135",
  "Technique_Name": "Network Share Discovery"
}
{
  "Adversary": "apt3",
  "Capability_Requirements": [],
  "Criteria": null,
  "Datasources": [],
  "Detection": [
    "None"
  ],
  "DetectionModifiers": [],
  "DetectionText": [
    "Minimum detection criteria was not met for this procedure."
  ],
  "Footnotes": [],
  "Participant_Name": "rsa",
  "Procedure": "Empire: WinEnum module included enumeration of mapped network drives",
  "ScreenshotDatasources": [],
  "Step": "12. Initial Discovery",
  "Substep": "12.E.1.9.2",
  "Subtechnique": null,
  "Subtechnique_Name": null,
  "TacticGroup": "Discovery",
  "Technique": "T1135",
  "Technique_Name": "Network Share Discovery"
}
{
  "Adversary": "apt3",
  "Capability_Requirements": [],
  "Criteria": null,
  "Datasources": [],
  "Detection": [
    "None"
  ],
  "DetectionModifiers": [],
  "DetectionText": [
    "Minimum detection criteria was not met for this procedure."
  ],
  "Footnotes": [],
  "Participant_Name": "rsa",
  "Procedure": "Empire: WinEnum module included enumeration of AV solutions",
  "ScreenshotDatasources": [],
  "Step": "12. Initial Discovery",
  "Substep": "12.E.1.10.1",
  "Subtechnique": "T1518.001",
  "Subtechnique_Name": "Software Discovery: Security Software Discovery",
  "TacticGroup": "Discovery",
  "Technique": "T1518",
  "Technique_Name": "Software Discovery"
}
{
  "Adversary": "apt3",
  "Capability_Requirements": [],
  "Criteria": null,
  "Datasources": [],
  "Detection": [
    "None"
  ],
  "DetectionModifiers": [],
  "DetectionText": [
    "Minimum detection criteria was not met for this procedure."
  ],
  "Footnotes": [],
  "Participant_Name": "rsa",
  "Procedure": "Empire: WinEnum module included enumeration of firewall rules",
  "ScreenshotDatasources": [],
  "Step": "12. Initial Discovery",
  "Substep": "12.E.1.10.2",
  "Subtechnique": "T1518.001",
  "Subtechnique_Name": "Software Discovery: Security Software Discovery",
  "TacticGroup": "Discovery",
  "Technique": "T1518",
  "Technique_Name": "Software Discovery"
}
{
  "Adversary": "apt3",
  "Capability_Requirements": [],
  "Criteria": null,
  "Datasources": [],
  "Detection": [
    "None"
  ],
  "DetectionModifiers": [],
  "DetectionText": [
    "Minimum detection criteria was not met for this procedure."
  ],
  "Footnotes": [],
  "Participant_Name": "rsa",
  "Procedure": "Empire: WinEnum module included enumeration of network adapters",
  "ScreenshotDatasources": [],
  "Step": "12. Initial Discovery",
  "Substep": "12.E.1.11",
  "Subtechnique": null,
  "Subtechnique_Name": null,
  "TacticGroup": "Discovery",
  "Technique": "T1016",
  "Technique_Name": "System Network Configuration Discovery"
}
{
  "Adversary": "apt3",
  "Capability_Requirements": [],
  "Criteria": null,
  "Datasources": [],
  "Detection": [
    "Telemetry"
  ],
  "DetectionModifiers": [],
  "DetectionText": [
    "Telemetry showed powershell.exe executing netstat.exe with command-line arguments."
  ],
  "Footnotes": [],
  "Participant_Name": "rsa",
  "Procedure": "Empire: WinEnum module included enumeration of established network connections",
  "ScreenshotDatasources": [],
  "Step": "12. Initial Discovery",
  "Substep": "12.E.1.12",
  "Subtechnique": null,
  "Subtechnique_Name": null,
  "TacticGroup": "Discovery",
  "Technique": "T1049",
  "Technique_Name": "System Network Connections Discovery"
}
{
  "Adversary": "apt3",
  "Capability_Requirements": [],
  "Criteria": null,
  "Datasources": [],
  "Detection": [
    "Telemetry"
  ],
  "DetectionModifiers": [],
  "DetectionText": [
    "Telemetry showed powershell.exe executing net.exe with command-line arguments."
  ],
  "Footnotes": [],
  "Participant_Name": "rsa",
  "Procedure": "Empire: 'net group \\\"Domain Admins\\\" -domain' via PowerShell",
  "ScreenshotDatasources": [],
  "Step": "12. Initial Discovery",
  "Substep": "12.F.1",
  "Subtechnique": "T1069.002",
  "Subtechnique_Name": "Permission Groups Discovery: Domain Groups",
  "TacticGroup": "Discovery",
  "Technique": "T1069",
  "Technique_Name": "Permission Groups Discovery"
}
{
  "Adversary": "apt3",
  "Capability_Requirements": [],
  "Criteria": null,
  "Datasources": [],
  "Detection": [
    "Telemetry"
  ],
  "DetectionModifiers": [],
  "DetectionText": [
    "Telemetry showed powershell.exe executing net.exe with command-line arguments."
  ],
  "Footnotes": [],
  "Participant_Name": "rsa",
  "Procedure": "Empire: 'Net Localgroup Administrators' via PowerShell",
  "ScreenshotDatasources": [],
  "Step": "12. Initial Discovery",
  "Substep": "12.F.2",
  "Subtechnique": "T1069.001",
  "Subtechnique_Name": "Permission Groups Discovery: Local Groups",
  "TacticGroup": "Discovery",
  "Technique": "T1069",
  "Technique_Name": "Permission Groups Discovery"
}
{
  "Adversary": "apt3",
  "Capability_Requirements": [],
  "Criteria": null,
  "Datasources": [],
  "Detection": [
    "Telemetry"
  ],
  "DetectionModifiers": [],
  "DetectionText": [
    "Telemetry showed powershell.exe executing net.exe with command-line arguments."
  ],
  "Footnotes": [],
  "Participant_Name": "rsa",
  "Procedure": "Empire: 'net user' via PowerShell",
  "ScreenshotDatasources": [],
  "Step": "12. Initial Discovery",
  "Substep": "12.G.1",
  "Subtechnique": "T1087.001",
  "Subtechnique_Name": "Account Discovery: Local Account",
  "TacticGroup": "Discovery",
  "Technique": "T1087",
  "Technique_Name": "Account Discovery"
}
{
  "Adversary": "apt3",
  "Capability_Requirements": [],
  "Criteria": null,
  "Datasources": [],
  "Detection": [
    "Telemetry"
  ],
  "DetectionModifiers": [],
  "DetectionText": [
    "Telemetry showed powershell.exe executing net.exe with command-line arguments."
  ],
  "Footnotes": [],
  "Participant_Name": "rsa",
  "Procedure": "Empire: 'net user -domain' via PowerShell",
  "ScreenshotDatasources": [],
  "Step": "12. Initial Discovery",
  "Substep": "12.G.2",
  "Subtechnique": "T1087.002",
  "Subtechnique_Name": "Account Discovery: Domain Account",
  "TacticGroup": "Discovery",
  "Technique": "T1087",
  "Technique_Name": "Account Discovery"
}
{
  "Adversary": "apt3",
  "Capability_Requirements": [],
  "Criteria": null,
  "Datasources": [],
  "Detection": [
    "Telemetry"
  ],
  "DetectionModifiers": [],
  "DetectionText": [
    "Telemetry showed execution of net.exe with command-line arguments."
  ],
  "Footnotes": [],
  "Participant_Name": "rsa",
  "Procedure": "Empire: 'net group \\\"Domain Computers\\\" -domain' via PowerShell",
  "ScreenshotDatasources": [],
  "Step": "13. Discovery for Lateral Movement",
  "Substep": "13.A.1",
  "Subtechnique": null,
  "Subtechnique_Name": null,
  "TacticGroup": "Discovery",
  "Technique": "T1018",
  "Technique_Name": "Remote System Discovery"
}
{
  "Adversary": "apt3",
  "Capability_Requirements": [],
  "Criteria": null,
  "Datasources": [],
  "Detection": [
    "Telemetry"
  ],
  "DetectionModifiers": [],
  "DetectionText": [
    "Telemetry showed execution of net.exe with command-line arguments."
  ],
  "Footnotes": [],
  "Participant_Name": "rsa",
  "Procedure": "Empire: 'net use' via PowerShell",
  "ScreenshotDatasources": [],
  "Step": "13. Discovery for Lateral Movement",
  "Substep": "13.B.1",
  "Subtechnique": null,
  "Subtechnique_Name": null,
  "TacticGroup": "Discovery",
  "Technique": "T1049",
  "Technique_Name": "System Network Connections Discovery"
}
{
  "Adversary": "apt3",
  "Capability_Requirements": [],
  "Criteria": null,
  "Datasources": [],
  "Detection": [
    "None"
  ],
  "DetectionModifiers": [],
  "DetectionText": [
    "Minimum detection criteria was not met for this procedure."
  ],
  "Footnotes": [],
  "Participant_Name": "rsa",
  "Procedure": "Empire: 'netstat -ano' via PowerShell",
  "ScreenshotDatasources": [],
  "Step": "13. Discovery for Lateral Movement",
  "Substep": "13.B.2",
  "Subtechnique": null,
  "Subtechnique_Name": null,
  "TacticGroup": "Discovery",
  "Technique": "T1049",
  "Technique_Name": "System Network Connections Discovery"
}
{
  "Adversary": "apt3",
  "Capability_Requirements": [],
  "Criteria": null,
  "Datasources": [],
  "Detection": [
    "Telemetry"
  ],
  "DetectionModifiers": [],
  "DetectionText": [
    "Telemetry showed execution of reg.exe with command-line arguments."
  ],
  "Footnotes": [],
  "Participant_Name": "rsa",
  "Procedure": "Empire:'reg query' via PowerShell to enumerate a specific Registry key",
  "ScreenshotDatasources": [],
  "Step": "13. Discovery for Lateral Movement",
  "Substep": "13.C.1",
  "Subtechnique": null,
  "Subtechnique_Name": null,
  "TacticGroup": "Discovery",
  "Technique": "T1012",
  "Technique_Name": "Query Registry"
}
{
  "Adversary": "apt3",
  "Capability_Requirements": [],
  "Criteria": "",
  "Datasources": [],
  "Detection": [
    "None"
  ],
  "DetectionModifiers": [],
  "DetectionText": [
    "Minimum detection criteria was not met for this procedure."
  ],
  "Footnotes": [],
  "Participant_Name": "rsa",
  "Procedure": "Empire: Built-in UAC bypass token duplication module executed to launch new callback with elevated process integrity level",
  "ScreenshotDatasources": [],
  "Step": "14. Privilege Escalation",
  "Substep": "14.A.1.1",
  "Subtechnique": "T1548.002",
  "Subtechnique_Name": "Abuse Elevation Control Mechanism: Bypass User Account Control",
  "TacticGroup": "Privilege Escalation",
  "Technique": "T1548",
  "Technique_Name": "Abuse Elevation Control Mechanism"
}
{
  "Adversary": "apt3",
  "Capability_Requirements": [],
  "Criteria": "",
  "Datasources": [],
  "Detection": [
    "None"
  ],
  "DetectionModifiers": [],
  "DetectionText": [
    "Minimum detection criteria was not met for this procedure."
  ],
  "Footnotes": [],
  "Participant_Name": "rsa",
  "Procedure": "Empire: UAC bypass module downloaded and wrote a new Empire stager (wdbypass) to disk",
  "ScreenshotDatasources": [],
  "Step": "14. Privilege Escalation",
  "Substep": "14.A.1.2",
  "Subtechnique": null,
  "Subtechnique_Name": null,
  "TacticGroup": "Command and Control",
  "Technique": "T1105",
  "Technique_Name": "Ingress Tool Transfer"
}
{
  "Adversary": "apt3",
  "Capability_Requirements": [],
  "Criteria": "",
  "Datasources": [],
  "Detection": [
    "None"
  ],
  "DetectionModifiers": [],
  "DetectionText": [
    "Minimum detection criteria was not met for this procedure."
  ],
  "Footnotes": [],
  "Participant_Name": "rsa",
  "Procedure": "Empire: UAC bypass module downloaded a new Empire stager (wdbypass) over HTTP",
  "ScreenshotDatasources": [],
  "Step": "14. Privilege Escalation",
  "Substep": "14.A.1.3",
  "Subtechnique": "T1071.001",
  "Subtechnique_Name": "Application Layer Protocol: Web Protocols",
  "TacticGroup": "Command and Control",
  "Technique": "T1071",
  "Technique_Name": "Application Layer Protocol"
}
{
  "Adversary": "apt3",
  "Capability_Requirements": [],
  "Criteria": "",
  "Datasources": [],
  "Detection": [
    "Telemetry"
  ],
  "DetectionModifiers": [],
  "DetectionText": [
    "Telemetry showed network connection to 192.168.0.5 (C2 server) over port 8080. Though it does not count as a detection, telemetry also showed an encoded PowerShell command that could be decoded outside the capability to show the IEX command used to download the file (wdbypass) over HTTP port 8080."
  ],
  "Footnotes": [],
  "Participant_Name": "rsa",
  "Procedure": "Empire: UAC bypass module downloaded a new Empire stager (wdbypass) over port 8080",
  "ScreenshotDatasources": [],
  "Step": "14. Privilege Escalation",
  "Substep": "14.A.1.4",
  "Subtechnique": null,
  "Subtechnique_Name": null,
  "TacticGroup": "Command and Control",
  "Technique": "T1043",
  "Technique_Name": "Commonly Used Port"
}
{
  "Adversary": "apt3",
  "Capability_Requirements": [],
  "Criteria": "",
  "Datasources": [],
  "Detection": [
    "None"
  ],
  "DetectionModifiers": [],
  "DetectionText": [
    "Minimum detection criteria was not met for this procedure."
  ],
  "Footnotes": [],
  "Participant_Name": "rsa",
  "Procedure": "Empire: Built-in keylogging module executed to capture keystrokes of user Bob",
  "ScreenshotDatasources": [],
  "Step": "15. Credential Access",
  "Substep": "15.A.1.1",
  "Subtechnique": "T1059.001",
  "Subtechnique_Name": "Command and Scripting Interpreter: PowerShell",
  "TacticGroup": "Collection",
  "Technique": "T1059",
  "Technique_Name": "Command and Scripting Interpreter"
}
{
  "Adversary": "apt3",
  "Capability_Requirements": [],
  "Criteria": "",
  "Datasources": [],
  "Detection": [
    "None"
  ],
  "DetectionModifiers": [],
  "DetectionText": [
    "Minimum detection criteria was not met for this procedure."
  ],
  "Footnotes": [],
  "Participant_Name": "rsa",
  "Procedure": "Empire: Built-in keylogging module included residual enumeration of application windows",
  "ScreenshotDatasources": [],
  "Step": "15. Credential Access",
  "Substep": "15.A.1.2",
  "Subtechnique": null,
  "Subtechnique_Name": null,
  "TacticGroup": "Discovery",
  "Technique": "T1010",
  "Technique_Name": "Application Window Discovery"
}
{
  "Adversary": "apt3",
  "Capability_Requirements": [],
  "Criteria": null,
  "Datasources": [],
  "Detection": [
    "None"
  ],
  "DetectionModifiers": [],
  "DetectionText": [
    "Minimum detection criteria was not met for this procedure."
  ],
  "Footnotes": [],
  "Participant_Name": "rsa",
  "Procedure": "Empire: 'get-content' via PowerShell to collect sensitive file (it_tasks.txt) from a network shared drive (Wormshare) on Conficker (10.0.0.5)",
  "ScreenshotDatasources": [],
  "Step": "15. Credential Access",
  "Substep": "15.B.1",
  "Subtechnique": "T1552.001",
  "Subtechnique_Name": "Unsecured Credentials: Credentials in Files",
  "TacticGroup": "Credential Access",
  "Technique": "T1552",
  "Technique_Name": "Unsecured Credentials"
}
{
  "Adversary": "apt3",
  "Capability_Requirements": [],
  "Criteria": "",
  "Datasources": [],
  "Detection": [
    "Telemetry"
  ],
  "DetectionModifiers": [],
  "DetectionText": [
    "Telemetry showed repeated logon attempts via net.exe and command-line arguments indicative of password spraying."
  ],
  "Footnotes": [],
  "Participant_Name": "rsa",
  "Procedure": "Empire: 'net use' via PowerShell to brute force password spraying authentication attempts to Morris (10.0.1.4) and Nimda (10.0.1.6) targeting credentials of usersKmitnick, Bob, and Frieda",
  "ScreenshotDatasources": [],
  "Step": "16. Lateral Movement",
  "Substep": "16.A.1.1",
  "Subtechnique": "T1110.003",
  "Subtechnique_Name": "Brute Force: Password Spraying",
  "TacticGroup": "Credential Access",
  "Technique": "T1110",
  "Technique_Name": "Brute Force"
}
{
  "Adversary": "apt3",
  "Capability_Requirements": [],
  "Criteria": "",
  "Datasources": [],
  "Detection": [
    "Telemetry"
  ],
  "DetectionModifiers": [],
  "DetectionText": [
    "Telemetry showed repeated logon attempts targeting ADMIN$ via net.exe and command-line arguments."
  ],
  "Footnotes": [],
  "Participant_Name": "rsa",
  "Procedure": "Empire: Brute force password spraying attempts targeted Windows admin shares on Morris (10.0.1.4) and Nimda (10.0.1.6)",
  "ScreenshotDatasources": [],
  "Step": "16. Lateral Movement",
  "Substep": "16.A.1.2",
  "Subtechnique": "T1021.002",
  "Subtechnique_Name": "Remote Services: SMB/Windows Admin Shares",
  "TacticGroup": "Lateral Movement",
  "Technique": "T1021",
  "Technique_Name": "Remote Services"
}
{
  "Adversary": "apt3",
  "Capability_Requirements": [],
  "Criteria": "",
  "Datasources": [],
  "Detection": [
    "Telemetry"
  ],
  "DetectionModifiers": [],
  "DetectionText": [
    "Telemetry showed a logon attempt via net.exe and command-line arguments using valid credentials of user Kmitnick."
  ],
  "Footnotes": [],
  "Participant_Name": "rsa",
  "Procedure": "Empire: 'net use' via PowerShell to successfully authenticate to Conficker (10.0.0.5) using credentials of user Kmitnick",
  "ScreenshotDatasources": [],
  "Step": "16. Lateral Movement",
  "Substep": "16.B.1.1",
  "Subtechnique": "T1078.003",
  "Subtechnique_Name": "Valid Accounts: Local Accounts",
  "TacticGroup": "Privilege Escalation",
  "Technique": "T1078",
  "Technique_Name": "Valid Accounts"
}
{
  "Adversary": "apt3",
  "Capability_Requirements": [],
  "Criteria": "",
  "Datasources": [],
  "Detection": [
    "Telemetry"
  ],
  "DetectionModifiers": [],
  "DetectionText": [
    "Telemetry showed a logon attempt via net.exe and command-line arguments targeting ADMIN$ via net.exe and command-line arguments."
  ],
  "Footnotes": [],
  "Participant_Name": "rsa",
  "Procedure": "Empire: Successful authentication targeted Windows admin share on Conficker (10.0.0.5)",
  "ScreenshotDatasources": [],
  "Step": "16. Lateral Movement",
  "Substep": "16.B.1.2",
  "Subtechnique": "T1021.002",
  "Subtechnique_Name": "Remote Services: SMB/Windows Admin Shares",
  "TacticGroup": "Lateral Movement",
  "Technique": "T1021",
  "Technique_Name": "Remote Services"
}
{
  "Adversary": "apt3",
  "Capability_Requirements": [],
  "Criteria": "",
  "Datasources": [],
  "Detection": [
    "Telemetry"
  ],
  "DetectionModifiers": [],
  "DetectionText": [
    "Telemetry showed repeated logon attempts via net.exe and command-line arguments indicative of password spraying, eventually resulting in a successful logon."
  ],
  "Footnotes": [],
  "Participant_Name": "rsa",
  "Procedure": "Empire: Successful authentication to Conficker (10.0.0.5) using credentials of user Kmitnick as a result of the brute force password spraying",
  "ScreenshotDatasources": [],
  "Step": "16. Lateral Movement",
  "Substep": "16.B.1.3",
  "Subtechnique": "T1110.003",
  "Subtechnique_Name": "Brute Force: Password Spraying",
  "TacticGroup": "Credential Access",
  "Technique": "T1110",
  "Technique_Name": "Brute Force"
}
{
  "Adversary": "apt3",
  "Capability_Requirements": [],
  "Criteria": null,
  "Datasources": [],
  "Detection": [
    "Telemetry"
  ],
  "DetectionModifiers": [],
  "DetectionText": [
    "Telemetry showed net.exe execution and command-line arguments."
  ],
  "Footnotes": [],
  "Participant_Name": "rsa",
  "Procedure": "Empire: 'net use -delete' via PowerShell",
  "ScreenshotDatasources": [],
  "Step": "16. Lateral Movement",
  "Substep": "16.C.1",
  "Subtechnique": "T1070.005",
  "Subtechnique_Name": "Indicator Removal on Host: Network Share Connection Removal",
  "TacticGroup": "Defense Evasion",
  "Technique": "T1070",
  "Technique_Name": "Indicator Removal on Host"
}
{
  "Adversary": "apt3",
  "Capability_Requirements": [],
  "Criteria": "",
  "Datasources": [],
  "Detection": [
    "Telemetry"
  ],
  "DetectionModifiers": [],
  "DetectionText": [
    "Telemetry showed a logon attempt via net.exe and command-line arguments targeting C$ via net.exe and command-line arguments."
  ],
  "Footnotes": [],
  "Participant_Name": "rsa",
  "Procedure": "Empire: Successful authentication targeted Windows admin shares on Conficker (10.0.0.5)",
  "ScreenshotDatasources": [],
  "Step": "16. Lateral Movement",
  "Substep": "16.D.1.1",
  "Subtechnique": "T1021.002",
  "Subtechnique_Name": "Remote Services: SMB/Windows Admin Shares",
  "TacticGroup": "Lateral Movement",
  "Technique": "T1021",
  "Technique_Name": "Remote Services"
}
{
  "Adversary": "apt3",
  "Capability_Requirements": [],
  "Criteria": "",
  "Datasources": [],
  "Detection": [
    "Telemetry"
  ],
  "DetectionModifiers": [],
  "DetectionText": [
    "Telemetry showed a process tree containing a logon attempt via net.exe and command-line arguments using valid credentials of user Kmitnick."
  ],
  "Footnotes": [],
  "Participant_Name": "rsa",
  "Procedure": "Empire: 'net use' via PowerShell to successfully authenticate to Creeper (10.0.0.4) using credentials of user Kmitnick",
  "ScreenshotDatasources": [],
  "Step": "16. Lateral Movement",
  "Substep": "16.D.1.2",
  "Subtechnique": "T1078.002",
  "Subtechnique_Name": "Valid Accounts: Domain Accounts",
  "TacticGroup": "Initial Access",
  "Technique": "T1078",
  "Technique_Name": "Valid Accounts"
}
{
  "Adversary": "apt3",
  "Capability_Requirements": [],
  "Criteria": null,
  "Datasources": [],
  "Detection": [
    "Telemetry"
  ],
  "DetectionModifiers": [],
  "DetectionText": [
    "Telemetry showed file write of autoupdate.vbs."
  ],
  "Footnotes": [],
  "Participant_Name": "rsa",
  "Procedure": "Empire: Built-in upload module executed to write malicious VBScript (autoupdate.vbs) to disk on CodeRed (10.0.1.5)",
  "ScreenshotDatasources": [],
  "Step": "16. Lateral Movement",
  "Substep": "16.E.1",
  "Subtechnique": null,
  "Subtechnique_Name": null,
  "TacticGroup": "Command and Control",
  "Technique": "T1105",
  "Technique_Name": "Ingress Tool Transfer"
}
{
  "Adversary": "apt3",
  "Capability_Requirements": [],
  "Criteria": null,
  "Datasources": [],
  "Detection": [
    "Telemetry"
  ],
  "DetectionModifiers": [],
  "DetectionText": [
    "Telemetry showed cmd.exe executing autoupdate.vbs via wscript.exe as user Kmitnick"
  ],
  "Footnotes": [],
  "Participant_Name": "rsa",
  "Procedure": "Empire: Built-in runas module executed to launch malicious VBScript (autoupdate.vbs) as user Kmitnick",
  "ScreenshotDatasources": [],
  "Step": "16. Lateral Movement",
  "Substep": "16.F.1",
  "Subtechnique": null,
  "Subtechnique_Name": null,
  "TacticGroup": "Execution",
  "Technique": "T1059",
  "Technique_Name": "Command and Scripting Interpreter"
}
{
  "Adversary": "apt3",
  "Capability_Requirements": [],
  "Criteria": null,
  "Datasources": [],
  "Detection": [
    "None"
  ],
  "DetectionModifiers": [],
  "DetectionText": [
    "Minimum detection criteria was not met for this procedure."
  ],
  "Footnotes": [],
  "Participant_Name": "rsa",
  "Procedure": "Empire: Built-in move capability executed to write malicious VBScript (update.vbs) to disk on Creeper (10.0.0.4)",
  "ScreenshotDatasources": [],
  "Step": "16. Lateral Movement",
  "Substep": "16.G.1",
  "Subtechnique": null,
  "Subtechnique_Name": null,
  "TacticGroup": "Lateral Movement",
  "Technique": "T1570",
  "Technique_Name": "Lateral Tool Transfer"
}
{
  "Adversary": "apt3",
  "Capability_Requirements": [],
  "Criteria": null,
  "Datasources": [],
  "Detection": [
    "Telemetry"
  ],
  "DetectionModifiers": [],
  "DetectionText": [
    "Telemetry showed execution of sc.exe to query services on 10.0.0.4 (Creeper)."
  ],
  "Footnotes": [],
  "Participant_Name": "rsa",
  "Procedure": "Empire: 'sc query' via PowerShell to remotely enumerate services on Creeper (10.0.0.4)",
  "ScreenshotDatasources": [],
  "Step": "16. Lateral Movement",
  "Substep": "16.H.1",
  "Subtechnique": null,
  "Subtechnique_Name": null,
  "TacticGroup": "Discovery",
  "Technique": "T1007",
  "Technique_Name": "System Service Discovery"
}
{
  "Adversary": "apt3",
  "Capability_Requirements": [],
  "Criteria": "",
  "Datasources": [],
  "Detection": [
    "Telemetry"
  ],
  "DetectionModifiers": [],
  "DetectionText": [
    "Telemetry showed execution of sc.exe to create a new service called AdobeUpdater with a binPath set to run cmd.exe and execute update.vbs."
  ],
  "Footnotes": [],
  "Participant_Name": "rsa",
  "Procedure": "Empire: 'sc create' via PowerShell to remotely create a service on Creeper (10.0.0.4)",
  "ScreenshotDatasources": [],
  "Step": "16. Lateral Movement",
  "Substep": "16.I.1.1",
  "Subtechnique": "T1543.003",
  "Subtechnique_Name": "Create or Modify System Process: Windows Service",
  "TacticGroup": "Privilege Escalation",
  "Technique": "T1543",
  "Technique_Name": "Create or Modify System Process"
}
{
  "Adversary": "apt3",
  "Capability_Requirements": [],
  "Criteria": "",
  "Datasources": [],
  "Detection": [
    "Telemetry"
  ],
  "DetectionModifiers": [],
  "DetectionText": [
    "Telemetry showed execution of sc.exe to create a new service called AdobeUpdater with a binPath set to run cmd.exe and execute update.vbs as well as set the service description. An analyst can use this information to determine the service is masquerading."
  ],
  "Footnotes": [],
  "Participant_Name": "rsa",
  "Procedure": "Empire: 'sc description' via PowerShell to remotely disguise a service on Creeper (10.0.0.4)",
  "ScreenshotDatasources": [],
  "Step": "16. Lateral Movement",
  "Substep": "16.I.1.2",
  "Subtechnique": "T1036.004",
  "Subtechnique_Name": "Masquerading: Masquerade Task or Service",
  "TacticGroup": "Defense Evasion",
  "Technique": "T1036",
  "Technique_Name": "Masquerading"
}
{
  "Adversary": "apt3",
  "Capability_Requirements": [],
  "Criteria": null,
  "Datasources": [],
  "Detection": [
    "Telemetry"
  ],
  "DetectionModifiers": [],
  "DetectionText": [
    "Telemetry showed execution of sc.exe to query for the AdobeUpdater service on 10.0.0.4 (Creeper)."
  ],
  "Footnotes": [],
  "Participant_Name": "rsa",
  "Procedure": "Empire: 'sc qc' via PowerShell to remotely enumerate a specific service on Creeper (10.0.0.4)",
  "ScreenshotDatasources": [],
  "Step": "16. Lateral Movement",
  "Substep": "16.J.1",
  "Subtechnique": null,
  "Subtechnique_Name": null,
  "TacticGroup": "Discovery",
  "Technique": "T1007",
  "Technique_Name": "System Service Discovery"
}
{
  "Adversary": "apt3",
  "Capability_Requirements": [],
  "Criteria": null,
  "Datasources": [],
  "Detection": [
    "None"
  ],
  "DetectionModifiers": [],
  "DetectionText": [
    "Minimum detection criteria was not met for this procedure."
  ],
  "Footnotes": [],
  "Participant_Name": "rsa",
  "Procedure": "Empire: 'type' via PowerShell to remotely enumerate a specific file (update.vbs) on Creeper (10.0.0.4)",
  "ScreenshotDatasources": [],
  "Step": "16. Lateral Movement",
  "Substep": "16.K.1",
  "Subtechnique": null,
  "Subtechnique_Name": null,
  "TacticGroup": "Discovery",
  "Technique": "T1083",
  "Technique_Name": "File and Directory Discovery"
}
{
  "Adversary": "apt3",
  "Capability_Requirements": [],
  "Criteria": null,
  "Datasources": [],
  "Detection": [
    "Telemetry"
  ],
  "DetectionModifiers": [],
  "DetectionText": [
    "Telemetry showed execution of sc.exe to start the AdobeUpdater service on 10.0.0.4 (Creeper). Telemetry on Creeper showed the execution of cmd.exe to run update.vbs."
  ],
  "Footnotes": [],
  "Participant_Name": "rsa",
  "Procedure": "Empire: 'sc start' via PowerShell to remotely launch a specific service on Creeper (10.0.0.4)",
  "ScreenshotDatasources": [],
  "Step": "16. Lateral Movement",
  "Substep": "16.L.1",
  "Subtechnique": "T1569.002",
  "Subtechnique_Name": "System Services: Service Execution",
  "TacticGroup": "Execution",
  "Technique": "T1569",
  "Technique_Name": "System Services"
}
{
  "Adversary": "apt3",
  "Capability_Requirements": [],
  "Criteria": "",
  "Datasources": [],
  "Detection": [
    "Telemetry"
  ],
  "DetectionModifiers": [],
  "DetectionText": [
    "Telemetry showed reg.exe executing with command-line arguments indicating a check to see if terminal services was enabled."
  ],
  "Footnotes": [],
  "Participant_Name": "rsa",
  "Procedure": "Empire: 'reg query' via PowerShell to enumerate a specific Registry key associated with terminal services",
  "ScreenshotDatasources": [],
  "Step": "17. Persistence",
  "Substep": "17.A.1.1",
  "Subtechnique": null,
  "Subtechnique_Name": null,
  "TacticGroup": "Discovery",
  "Technique": "T1007",
  "Technique_Name": "System Service Discovery"
}
{
  "Adversary": "apt3",
  "Capability_Requirements": [],
  "Criteria": "",
  "Datasources": [],
  "Detection": [
    "Telemetry"
  ],
  "DetectionModifiers": [],
  "DetectionText": [
    "Telemetry showed reg.exe executing with command-line arguments."
  ],
  "Footnotes": [],
  "Participant_Name": "rsa",
  "Procedure": "Empire: 'reg query' via PowerShell to enumerate a specific Registry key",
  "ScreenshotDatasources": [],
  "Step": "17. Persistence",
  "Substep": "17.A.1.2",
  "Subtechnique": null,
  "Subtechnique_Name": null,
  "TacticGroup": "Discovery",
  "Technique": "T1012",
  "Technique_Name": "Query Registry"
}
{
  "Adversary": "apt3",
  "Capability_Requirements": [],
  "Criteria": null,
  "Datasources": [],
  "Detection": [
    "Telemetry"
  ],
  "DetectionModifiers": [],
  "DetectionText": [
    "Telemetry showed takeown.exe execution to change the file permissions on magnify.exe."
  ],
  "Footnotes": [],
  "Participant_Name": "rsa",
  "Procedure": "Empire: 'takeown' via PowerShell to obtain ownership of magnify.exe",
  "ScreenshotDatasources": [],
  "Step": "17. Persistence",
  "Substep": "17.B.1",
  "Subtechnique": "T1222.001",
  "Subtechnique_Name": "File and Directory Permissions Modification: Windows File and Directory Permissions Modification",
  "TacticGroup": "Defense Evasion",
  "Technique": "T1222",
  "Technique_Name": "File and Directory Permissions Modification"
}
{
  "Adversary": "apt3",
  "Capability_Requirements": [],
  "Criteria": null,
  "Datasources": [],
  "Detection": [
    "Telemetry"
  ],
  "DetectionModifiers": [],
  "DetectionText": [
    "Telemetry showed icacls.exe execution to change permissions on magnify.exe granting discretionary access to SYSTEM."
  ],
  "Footnotes": [],
  "Participant_Name": "rsa",
  "Procedure": "Empire: 'icacls' via PowerShell to modify the DACL for magnify.exe",
  "ScreenshotDatasources": [],
  "Step": "17. Persistence",
  "Substep": "17.B.2",
  "Subtechnique": "T1222.001",
  "Subtechnique_Name": "File and Directory Permissions Modification: Windows File and Directory Permissions Modification",
  "TacticGroup": "Defense Evasion",
  "Technique": "T1222",
  "Technique_Name": "File and Directory Permissions Modification"
}
{
  "Adversary": "apt3",
  "Capability_Requirements": [],
  "Criteria": null,
  "Datasources": [],
  "Detection": [
    "Telemetry"
  ],
  "DetectionModifiers": [],
  "DetectionText": [
    "Telemetry showed a file write event on magnify.exe in the system directory. A search for \\\"cmd\\\" on CodeRed shows the hash value of magnify.exe matches cmd.exe."
  ],
  "Footnotes": [],
  "Participant_Name": "rsa",
  "Procedure": "Empire: 'copy' via PowerShell to overwrite magnify.exe with cmd.exe",
  "ScreenshotDatasources": [],
  "Step": "17. Persistence",
  "Substep": "17.C.1",
  "Subtechnique": "T1546.008",
  "Subtechnique_Name": "Event Triggered Execution: Accessibility Features",
  "TacticGroup": "Persistence",
  "Technique": "T1546",
  "Technique_Name": "Event Triggered Execution"
}
{
  "Adversary": "apt3",
  "Capability_Requirements": [],
  "Criteria": null,
  "Datasources": [],
  "Detection": [
    "None"
  ],
  "DetectionModifiers": [],
  "DetectionText": [
    "Minimum detection criteria was not met for this procedure."
  ],
  "Footnotes": [],
  "Participant_Name": "rsa",
  "Procedure": "Empire: 'Get-ChildItem' via PowerShell to enumerate a network shared drive (Wormshare) on Conficker (10.0.0.5)",
  "ScreenshotDatasources": [],
  "Step": "18. Collection",
  "Substep": "18.A.1",
  "Subtechnique": null,
  "Subtechnique_Name": null,
  "TacticGroup": "Discovery",
  "Technique": "T1083",
  "Technique_Name": "File and Directory Discovery"
}
{
  "Adversary": "apt3",
  "Capability_Requirements": [],
  "Criteria": "",
  "Datasources": [],
  "Detection": [
    "None"
  ],
  "DetectionModifiers": [],
  "DetectionText": [
    "Minimum detection criteria was not met for this procedure."
  ],
  "Footnotes": [],
  "Participant_Name": "rsa",
  "Procedure": "Empire: 'copy' via PowerShell staged a file (Shockwave_network.vsdx) from a network shared drive (Wormshare) on Conficker (10.0.0.5) in the Recycle Bin (C:\\$Recycle.Bin) on CodeRed (10.0.1.5)",
  "ScreenshotDatasources": [],
  "Step": "18. Collection",
  "Substep": "18.B.1.1",
  "Subtechnique": "T1074.002",
  "Subtechnique_Name": "Data Staged: Remote Data Staging",
  "TacticGroup": "Collection",
  "Technique": "T1074",
  "Technique_Name": "Data Staged"
}
{
  "Adversary": "apt3",
  "Capability_Requirements": [],
  "Criteria": "",
  "Datasources": [],
  "Detection": [
    "None"
  ],
  "DetectionModifiers": [],
  "DetectionText": [
    "Minimum detection criteria was not met for this procedure."
  ],
  "Footnotes": [],
  "Participant_Name": "rsa",
  "Procedure": "Empire: 'copy' via PowerShell collected a file (Shockwave_network.vsdx) from a network shared drive (Wormshare) on Conficker (10.0.0.5)",
  "ScreenshotDatasources": [],
  "Step": "18. Collection",
  "Substep": "18.B.1.2",
  "Subtechnique": null,
  "Subtechnique_Name": null,
  "TacticGroup": "Collection",
  "Technique": "T1039",
  "Technique_Name": "Data from Network Shared Drive"
}
{
  "Adversary": "apt3",
  "Capability_Requirements": [],
  "Criteria": "",
  "Datasources": [],
  "Detection": [
    "None"
  ],
  "DetectionModifiers": [],
  "DetectionText": [
    "Minimum detection criteria was not met for this procedure."
  ],
  "Footnotes": [
    "Telemetry later identified recycler.exe as WinRAR during execution, no detections identified it as WinRAR upon file copy."
  ],
  "Participant_Name": "rsa",
  "Procedure": "Empire: File dropped to disk is a renamed copy of the WinRAR binary",
  "ScreenshotDatasources": [],
  "Step": "19. Exfiltration",
  "Substep": "19.A.1.1",
  "Subtechnique": null,
  "Subtechnique_Name": null,
  "TacticGroup": "Defense Evasion",
  "Technique": "T1036",
  "Technique_Name": "Masquerading"
}
{
  "Adversary": "apt3",
  "Capability_Requirements": [],
  "Criteria": "",
  "Datasources": [],
  "Detection": [
    "Telemetry"
  ],
  "DetectionModifiers": [],
  "DetectionText": [
    "Telemetry showed a write file event for recycler.exe."
  ],
  "Footnotes": [],
  "Participant_Name": "rsa",
  "Procedure": "Empire: Built-in upload module executed to write binary (recycler.exe) to disk on CodeRed (10.0.1.5)",
  "ScreenshotDatasources": [],
  "Step": "19. Exfiltration",
  "Substep": "19.A.1.2",
  "Subtechnique": null,
  "Subtechnique_Name": null,
  "TacticGroup": "Command and Control",
  "Technique": "T1105",
  "Technique_Name": "Ingress Tool Transfer"
}
{
  "Adversary": "apt3",
  "Capability_Requirements": [],
  "Criteria": "",
  "Datasources": [],
  "Detection": [
    "Telemetry"
  ],
  "DetectionModifiers": [],
  "DetectionText": [
    "Telemetry showed execution of recycler.exe with full command-line arguments, including -hp flag, indicating compression and encryption was used with a WinRAR utility."
  ],
  "Footnotes": [
    "Vendor stated alert logic exists for many files being accessed in a short period of time, which was not triggered in the evaluation because only one file was accessed."
  ],
  "Participant_Name": "rsa",
  "Procedure": "Empire: Executed binary (recycler.exe) created compressed archive (old.rar) of previously collected file",
  "ScreenshotDatasources": [],
  "Step": "19. Exfiltration",
  "Substep": "19.B.1.1",
  "Subtechnique": "T1560.001",
  "Subtechnique_Name": "Archive Collected Data: Archive via Utility",
  "TacticGroup": "Collection",
  "Technique": "T1560",
  "Technique_Name": "Archive Collected Data"
}
{
  "Adversary": "apt3",
  "Capability_Requirements": [],
  "Criteria": "",
  "Datasources": [],
  "Detection": [
    "Telemetry"
  ],
  "DetectionModifiers": [],
  "DetectionText": [
    "Telemetry showed execution of recycler.exe with full command-line arguments, including -hp flag, indicating compression and encryption was used with a WinRAR utility."
  ],
  "Footnotes": [
    "Vendor stated alert logic exists for many files being accessed in a short period of time, which was not triggered in the evaluation because only one file was accessed."
  ],
  "Participant_Name": "rsa",
  "Procedure": "Empire: Executed binary (recycler.exe) created encrypted archive (old.rar) of previously collected file",
  "ScreenshotDatasources": [],
  "Step": "19. Exfiltration",
  "Substep": "19.B.1.2",
  "Subtechnique": "T1560.001",
  "Subtechnique_Name": "Archive Collected Data: Archive via Utility",
  "TacticGroup": "Collection",
  "Technique": "T1560",
  "Technique_Name": "Archive Collected Data"
}
{
  "Adversary": "apt3",
  "Capability_Requirements": [],
  "Criteria": "",
  "Datasources": [],
  "Detection": [
    "Telemetry"
  ],
  "DetectionModifiers": [],
  "DetectionText": [
    "Telemetry showed execution of recycler.exe with full command-line arguments, including -hp flag, indicating compression and encryption was used with a WinRAR utility."
  ],
  "Footnotes": [
    "Vendor stated alert logic exists for many files being accessed in a short period of time, which was not triggered in the evaluation because only one file was accessed.",
    "Vendor stated file hash is also available that could be used with sources like Virustotal to identify the binary. YARA is also supported and rules could be created to identify WinRAR."
  ],
  "Participant_Name": "rsa",
  "Procedure": "Empire: Executed binary (recycler.exe) is a renamed copy of the WinRAR binary",
  "ScreenshotDatasources": [],
  "Step": "19. Exfiltration",
  "Substep": "19.B.1.3",
  "Subtechnique": null,
  "Subtechnique_Name": null,
  "TacticGroup": "Defense Evasion",
  "Technique": "T1036",
  "Technique_Name": "Masquerading"
}
{
  "Adversary": "apt3",
  "Capability_Requirements": [],
  "Criteria": null,
  "Datasources": [],
  "Detection": [
    "Telemetry"
  ],
  "DetectionModifiers": [],
  "DetectionText": [
    "Telemetry showed the execution of ftp.exe with command-line arguments, including ftp.txt, for exfiltration. The contents of ftp.txt was not seen."
  ],
  "Footnotes": [],
  "Participant_Name": "rsa",
  "Procedure": "Empire: Sequence of 'echo' commands via PowerShell to populate commands in text file (ftp.txt), which is then executed by FTP to exfil data through network connection separate of existing C2 channel",
  "ScreenshotDatasources": [],
  "Step": "19. Exfiltration",
  "Substep": "19.C.1",
  "Subtechnique": null,
  "Subtechnique_Name": null,
  "TacticGroup": "Exfiltration",
  "Technique": "T1048",
  "Technique_Name": "Exfiltration Over Alternative Protocol"
}
{
  "Adversary": "apt3",
  "Capability_Requirements": [],
  "Criteria": null,
  "Datasources": [],
  "Detection": [
    "None"
  ],
  "DetectionModifiers": [],
  "DetectionText": [
    "Minimum detection criteria was not met for this procedure."
  ],
  "Footnotes": [
    "The master file table on 10.0.1.5 (CodeRed) was\u00a0inspected through the capability to look for deleted files, showing old.rar."
  ],
  "Participant_Name": "rsa",
  "Procedure": "Empire: 'del C:\\\\\"$\\\"Recycle.bin\\old.rar'",
  "ScreenshotDatasources": [],
  "Step": "19. Exfiltration",
  "Substep": "19.D.1",
  "Subtechnique": "T1070.004",
  "Subtechnique_Name": "Indicator Removal on Host: File Deletion",
  "TacticGroup": "Defense Evasion",
  "Technique": "T1070",
  "Technique_Name": "Indicator Removal on Host"
}
{
  "Adversary": "apt3",
  "Capability_Requirements": [],
  "Criteria": null,
  "Datasources": [],
  "Detection": [
    "None"
  ],
  "DetectionModifiers": [],
  "DetectionText": [
    "Minimum detection criteria was not met for this procedure."
  ],
  "Footnotes": [],
  "Participant_Name": "rsa",
  "Procedure": "Empire: 'del recycler.exe'",
  "ScreenshotDatasources": [],
  "Step": "19. Exfiltration",
  "Substep": "19.D.2",
  "Subtechnique": "T1070.004",
  "Subtechnique_Name": "Indicator Removal on Host: File Deletion",
  "TacticGroup": "Defense Evasion",
  "Technique": "T1070",
  "Technique_Name": "Indicator Removal on Host"
}
{
  "Adversary": "apt3",
  "Capability_Requirements": [],
  "Criteria": "",
  "Datasources": [],
  "Detection": [
    "Telemetry"
  ],
  "DetectionModifiers": [],
  "DetectionText": [
    "Telemetry showed execution of magnify.exe."
  ],
  "Footnotes": [],
  "Participant_Name": "rsa",
  "Procedure": "magnifer.exe previously overwritten by cmd.exe launched through RDP connection made to Creeper (10.0.0.4)",
  "ScreenshotDatasources": [],
  "Step": "20. Execution of Persistence",
  "Substep": "20.A.1.1",
  "Subtechnique": "T1546.008",
  "Subtechnique_Name": "Event Triggered Execution: Accessibility Features",
  "TacticGroup": "Persistence",
  "Technique": "T1546",
  "Technique_Name": "Event Triggered Execution"
}
{
  "Adversary": "apt3",
  "Capability_Requirements": [],
  "Criteria": "",
  "Datasources": [],
  "Detection": [
    "None"
  ],
  "DetectionModifiers": [],
  "DetectionText": [
    "Minimum detection criteria was not met for this procedure."
  ],
  "Footnotes": [],
  "Participant_Name": "rsa",
  "Procedure": "RDP connection made to Creeper (10.0.0.4) as part of execution of persistence mechanism",
  "ScreenshotDatasources": [],
  "Step": "20. Execution of Persistence",
  "Substep": "20.A.1.2",
  "Subtechnique": "T1021.001",
  "Subtechnique_Name": "Remote Services: Remote Desktop Protocol",
  "TacticGroup": "Lateral Movement",
  "Technique": "T1021",
  "Technique_Name": "Remote Services"
}
{
  "Adversary": "apt3",
  "Capability_Requirements": [],
  "Criteria": null,
  "Datasources": [],
  "Detection": [
    "Telemetry"
  ],
  "DetectionModifiers": [],
  "DetectionText": [
    "Telemetry showed execution of whoami.exe."
  ],
  "Footnotes": [],
  "Participant_Name": "rsa",
  "Procedure": "Executed 'whoami' via cmd persistence mechanism through RDP connection made to Creeper (10.0.0.4)",
  "ScreenshotDatasources": [],
  "Step": "20. Execution of Persistence",
  "Substep": "20.B.1",
  "Subtechnique": null,
  "Subtechnique_Name": null,
  "TacticGroup": "Discovery",
  "Technique": "T1033",
  "Technique_Name": "System Owner/User Discovery"
}
