{
  "Adversary": "apt3",
  "Capability_Requirements": "",
  "Datasources": [],
  "Detection": [
    "General Behavior",
    "Telemetry"
  ],
  "DetectionModifiers": [],
  "DetectionText": [
    "A General Behavior alert was generated due to static analysis of the file through the DFI resulting in it being marked as suspicious, which generated a story (group ID) that subsequent linked events are tainted by.",
    "Telemetry showed Resume Viewer.exe execution with subsequent file writes and execution."
  ],
  "Footnotes": [],
  "Participant_Name": "SentinelOne",
  "Procedure": "",
  "ScreenshotDatasources": [],
  "Step": "1. Initial Compromise",
  "Substep": "1.A.1.1",
  "Subtechnique": "T1204.002",
  "Subtechnique_Name": "User Execution: Malicious File",
  "TacticGroup": "Execution",
  "Technique": "T1204",
  "Technique_Name": "User Execution"
}
{
  "Adversary": "apt3",
  "Capability_Requirements": "",
  "Datasources": [],
  "Detection": [
    "Telemetry"
  ],
  "DetectionModifiers": [
    "Tainted"
  ],
  "DetectionText": [
    "Telemetry showed rundll32.exe executing as a result of Resume Viewer.exe running. The telemetry was tainted by the previous alert generated from Resume Viewer.exe because it was associated with the same story (Group ID)."
  ],
  "Footnotes": [],
  "Participant_Name": "SentinelOne",
  "Procedure": "",
  "ScreenshotDatasources": [],
  "Step": "1. Initial Compromise",
  "Substep": "1.A.1.2",
  "Subtechnique": "T1218.011",
  "Subtechnique_Name": "Signed Binary Proxy Execution: Rundll32",
  "TacticGroup": "Execution",
  "Technique": "T1218",
  "Technique_Name": "Signed Binary Proxy Execution"
}
{
  "Adversary": "apt3",
  "Capability_Requirements": "",
  "Datasources": [],
  "Detection": [
    "Telemetry"
  ],
  "DetectionModifiers": [
    "Tainted"
  ],
  "DetectionText": [
    "Telemetry showed cmd.exe executing the pdfhelper.cmd script. The telemetry was tainted by the previous alert generated from Resume Viewer.exe because it was associated with the same story (Group ID)."
  ],
  "Footnotes": [],
  "Participant_Name": "SentinelOne",
  "Procedure": "",
  "ScreenshotDatasources": [],
  "Step": "1. Initial Compromise",
  "Substep": "1.A.1.3",
  "Subtechnique": "T1059.003",
  "Subtechnique_Name": "Command and Scripting Interpreter: Windows Command Shell",
  "TacticGroup": "Execution",
  "Technique": "T1059",
  "Technique_Name": "Command and Scripting Interpreter"
}
{
  "Adversary": "apt3",
  "Capability_Requirements": "",
  "Datasources": [],
  "Detection": [
    "Telemetry"
  ],
  "DetectionModifiers": [
    "Tainted"
  ],
  "DetectionText": [
    "Telemetry on actions performed from Resume Viewer.exe showed autoupdate.bat being written to the Startup Folder. The telemetry was tainted by the previous alert generated from Resume Viewer.exe because it was associated with the same story (Group ID)."
  ],
  "Footnotes": [],
  "Participant_Name": "SentinelOne",
  "Procedure": "",
  "ScreenshotDatasources": [],
  "Step": "1. Initial Compromise",
  "Substep": "1.B.1",
  "Subtechnique": "T1547.001",
  "Subtechnique_Name": "Boot or Logon Autostart Execution: Registry Run Keys / Startup Folder",
  "TacticGroup": "Persistence",
  "Technique": "T1547",
  "Technique_Name": "Boot or Logon Autostart Execution"
}
{
  "Adversary": "apt3",
  "Capability_Requirements": "",
  "Datasources": [],
  "Detection": [
    "None"
  ],
  "DetectionModifiers": [],
  "DetectionText": [
    "Minimum detection criteria was not met for this procedure."
  ],
  "Footnotes": [
    "DNS requests were observed (no detection showed port 53 specifically)."
  ],
  "Participant_Name": "SentinelOne",
  "Procedure": "",
  "ScreenshotDatasources": [],
  "Step": "1. Initial Compromise",
  "Substep": "1.C.1.1",
  "Subtechnique": "",
  "Subtechnique_Name": "",
  "TacticGroup": "Command and Control",
  "Technique": "T1043",
  "Technique_Name": "Commonly Used Port"
}
{
  "Adversary": "apt3",
  "Capability_Requirements": "",
  "Datasources": [],
  "Detection": [
    "Telemetry"
  ],
  "DetectionModifiers": [
    "Tainted"
  ],
  "DetectionText": [
    "Telemetry showed DNS requests to freegoogleadsenseinfo.com (C2 domain). The telemetry was tainted by the previous alert generated from Resume Viewer.exe because it was associated with the same story (Group ID)."
  ],
  "Footnotes": [],
  "Participant_Name": "SentinelOne",
  "Procedure": "",
  "ScreenshotDatasources": [],
  "Step": "1. Initial Compromise",
  "Substep": "1.C.1.2",
  "Subtechnique": "T1071.004",
  "Subtechnique_Name": "Application Layer Protocol: DNS",
  "TacticGroup": "Command and Control",
  "Technique": "T1071",
  "Technique_Name": "Application Layer Protocol"
}
{
  "Adversary": "apt3",
  "Capability_Requirements": "",
  "Datasources": [],
  "Detection": [
    "Telemetry"
  ],
  "DetectionModifiers": [
    "Tainted"
  ],
  "DetectionText": [
    "Telemetry showed DNS requests with encoded content to freegoogleadsenseinfo.com (the C2 domain). The telemetry was tainted by the previous alert generated from Resume Viewer.exe because it was associated with the same story (Group ID)."
  ],
  "Footnotes": [],
  "Participant_Name": "SentinelOne",
  "Procedure": "",
  "ScreenshotDatasources": [],
  "Step": "1. Initial Compromise",
  "Substep": "1.C.1.3",
  "Subtechnique": "T1132.001",
  "Subtechnique_Name": "Data Encoding: Standard Encoding",
  "TacticGroup": "Command and Control",
  "Technique": "T1132",
  "Technique_Name": "Data Encoding"
}
{
  "Adversary": "apt3",
  "Capability_Requirements": "",
  "Datasources": [],
  "Detection": [
    "Telemetry"
  ],
  "DetectionModifiers": [
    "Tainted"
  ],
  "DetectionText": [
    "Telemetry showed cmd.exe executing ipconfig.exe with command-line arguments. The telemetry was tainted by the alert generated during initial compromise because it was associated with the same story (Group ID)."
  ],
  "Footnotes": [],
  "Participant_Name": "SentinelOne",
  "Procedure": "",
  "ScreenshotDatasources": [],
  "Step": "2. Initial Discovery",
  "Substep": "2.A.1",
  "Subtechnique": "",
  "Subtechnique_Name": "",
  "TacticGroup": "Discovery",
  "Technique": "T1016",
  "Technique_Name": "System Network Configuration Discovery"
}
{
  "Adversary": "apt3",
  "Capability_Requirements": "",
  "Datasources": [],
  "Detection": [
    "Telemetry"
  ],
  "DetectionModifiers": [
    "Tainted"
  ],
  "DetectionText": [
    "Telemetry showed cmd.exe executing arp.exe with command-line arguments. The telemetry was tainted by the alert generated during initial compromise because it was associated with the same story (Group ID)."
  ],
  "Footnotes": [],
  "Participant_Name": "SentinelOne",
  "Procedure": "",
  "ScreenshotDatasources": [],
  "Step": "2. Initial Discovery",
  "Substep": "2.A.2",
  "Subtechnique": "",
  "Subtechnique_Name": "",
  "TacticGroup": "Discovery",
  "Technique": "T1016",
  "Technique_Name": "System Network Configuration Discovery"
}
{
  "Adversary": "apt3",
  "Capability_Requirements": "",
  "Datasources": [],
  "Detection": [
    "Telemetry"
  ],
  "DetectionModifiers": [
    "Tainted"
  ],
  "DetectionText": [
    "Telemetry showed cmd.exe executing echo with command-line arguments. The telemetry was tainted by the alert generated during initial compromise because it was associated with the same story (Group ID)."
  ],
  "Footnotes": [],
  "Participant_Name": "SentinelOne",
  "Procedure": "",
  "ScreenshotDatasources": [],
  "Step": "2. Initial Discovery",
  "Substep": "2.B.1",
  "Subtechnique": "",
  "Subtechnique_Name": "",
  "TacticGroup": "Discovery",
  "Technique": "T1033",
  "Technique_Name": "System Owner/User Discovery"
}
{
  "Adversary": "apt3",
  "Capability_Requirements": "",
  "Datasources": [],
  "Detection": [
    "None"
  ],
  "DetectionModifiers": [],
  "DetectionText": [
    "Minimum detection criteria was not met for this procedure."
  ],
  "Footnotes": [],
  "Participant_Name": "SentinelOne",
  "Procedure": "",
  "ScreenshotDatasources": [],
  "Step": "2. Initial Discovery",
  "Substep": "2.C.1",
  "Subtechnique": "",
  "Subtechnique_Name": "",
  "TacticGroup": "Discovery",
  "Technique": "T1057",
  "Technique_Name": "Process Discovery"
}
{
  "Adversary": "apt3",
  "Capability_Requirements": "",
  "Datasources": [],
  "Detection": [
    "Telemetry"
  ],
  "DetectionModifiers": [
    "Tainted"
  ],
  "DetectionText": [
    "Telemetry showed cmd.exe executing tasklist.exe with command-line arguments. The telemetry was tainted by the alert generated during initial compromise because it was associated with the same story (Group ID)."
  ],
  "Footnotes": [],
  "Participant_Name": "SentinelOne",
  "Procedure": "",
  "ScreenshotDatasources": [],
  "Step": "2. Initial Discovery",
  "Substep": "2.C.2",
  "Subtechnique": "",
  "Subtechnique_Name": "",
  "TacticGroup": "Discovery",
  "Technique": "T1057",
  "Technique_Name": "Process Discovery"
}
{
  "Adversary": "apt3",
  "Capability_Requirements": "",
  "Datasources": [],
  "Detection": [
    "Telemetry"
  ],
  "DetectionModifiers": [
    "Tainted"
  ],
  "DetectionText": [
    "Telemetry showed cmd.exe executing sc.exe with command-line arguments. The telemetry was tainted by the alert generated during initial compromise because it was associated with the same story (Group ID)."
  ],
  "Footnotes": [],
  "Participant_Name": "SentinelOne",
  "Procedure": "",
  "ScreenshotDatasources": [],
  "Step": "2. Initial Discovery",
  "Substep": "2.D.1",
  "Subtechnique": "",
  "Subtechnique_Name": "",
  "TacticGroup": "Discovery",
  "Technique": "T1007",
  "Technique_Name": "System Service Discovery"
}
{
  "Adversary": "apt3",
  "Capability_Requirements": "",
  "Datasources": [],
  "Detection": [
    "Telemetry"
  ],
  "DetectionModifiers": [
    "Tainted"
  ],
  "DetectionText": [
    "Telemetry showed cmd.exe executing net.exe with command-line arguments. The telemetry was tainted by the alert generated during initial compromise because it was associated with the same story (Group ID)."
  ],
  "Footnotes": [],
  "Participant_Name": "SentinelOne",
  "Procedure": "",
  "ScreenshotDatasources": [],
  "Step": "2. Initial Discovery",
  "Substep": "2.D.2",
  "Subtechnique": "",
  "Subtechnique_Name": "",
  "TacticGroup": "Discovery",
  "Technique": "T1007",
  "Technique_Name": "System Service Discovery"
}
{
  "Adversary": "apt3",
  "Capability_Requirements": "",
  "Datasources": [],
  "Detection": [
    "Telemetry"
  ],
  "DetectionModifiers": [
    "Tainted"
  ],
  "DetectionText": [
    "Telemetry showed cmd.exe executing net.exe with command-line arguments. The telemetry was tainted by the alert generated during initial compromise because it was associated with the same story (Group ID)."
  ],
  "Footnotes": [],
  "Participant_Name": "SentinelOne",
  "Procedure": "",
  "ScreenshotDatasources": [],
  "Step": "2. Initial Discovery",
  "Substep": "2.E.1",
  "Subtechnique": "",
  "Subtechnique_Name": "",
  "TacticGroup": "Discovery",
  "Technique": "T1082",
  "Technique_Name": "System Information Discovery"
}
{
  "Adversary": "apt3",
  "Capability_Requirements": "",
  "Datasources": [],
  "Detection": [
    "Telemetry"
  ],
  "DetectionModifiers": [
    "Tainted"
  ],
  "DetectionText": [
    "Telemetry showed cmd.exe executing net.exe with command-line arguments. The telemetry was tainted by the alert generated during initial compromise because it was associated with the same story (Group ID)."
  ],
  "Footnotes": [],
  "Participant_Name": "SentinelOne",
  "Procedure": "",
  "ScreenshotDatasources": [],
  "Step": "2. Initial Discovery",
  "Substep": "2.E.2",
  "Subtechnique": "",
  "Subtechnique_Name": "",
  "TacticGroup": "Discovery",
  "Technique": "T1082",
  "Technique_Name": "System Information Discovery"
}
{
  "Adversary": "apt3",
  "Capability_Requirements": "",
  "Datasources": [],
  "Detection": [
    "Telemetry"
  ],
  "DetectionModifiers": [
    "Tainted"
  ],
  "DetectionText": [
    "Telemetry showed cmd.exe executing net.exe with command-line arguments. The telemetry was tainted by the alert generated during initial compromise because it was associated with the same story (Group ID)."
  ],
  "Footnotes": [],
  "Participant_Name": "SentinelOne",
  "Procedure": "",
  "ScreenshotDatasources": [],
  "Step": "2. Initial Discovery",
  "Substep": "2.F.1",
  "Subtechnique": "T1069.001",
  "Subtechnique_Name": "Permission Groups Discovery: Local Groups",
  "TacticGroup": "Discovery",
  "Technique": "T1069",
  "Technique_Name": "Permission Groups Discovery"
}
{
  "Adversary": "apt3",
  "Capability_Requirements": "",
  "Datasources": [],
  "Detection": [
    "Telemetry"
  ],
  "DetectionModifiers": [
    "Tainted"
  ],
  "DetectionText": [
    "Telemetry showed cmd.exe executing net.exe with command-line arguments. The telemetry was tainted by the alert generated during initial compromise because it was associated with the same story (Group ID)."
  ],
  "Footnotes": [],
  "Participant_Name": "SentinelOne",
  "Procedure": "",
  "ScreenshotDatasources": [],
  "Step": "2. Initial Discovery",
  "Substep": "2.F.2",
  "Subtechnique": "T1069.002",
  "Subtechnique_Name": "Permission Groups Discovery: Domain Groups",
  "TacticGroup": "Discovery",
  "Technique": "T1069",
  "Technique_Name": "Permission Groups Discovery"
}
{
  "Adversary": "apt3",
  "Capability_Requirements": "",
  "Datasources": [],
  "Detection": [
    "Telemetry"
  ],
  "DetectionModifiers": [
    "Tainted"
  ],
  "DetectionText": [
    "Telemetry showed cmd.exe executing net.exe with command-line arguments. The telemetry was tainted by the alert generated during initial compromise because it was associated with the same story (Group ID)."
  ],
  "Footnotes": [],
  "Participant_Name": "SentinelOne",
  "Procedure": "",
  "ScreenshotDatasources": [],
  "Step": "2. Initial Discovery",
  "Substep": "2.F.3",
  "Subtechnique": "T1069.002",
  "Subtechnique_Name": "Permission Groups Discovery: Domain Groups",
  "TacticGroup": "Discovery",
  "Technique": "T1069",
  "Technique_Name": "Permission Groups Discovery"
}
{
  "Adversary": "apt3",
  "Capability_Requirements": "",
  "Datasources": [],
  "Detection": [
    "Telemetry"
  ],
  "DetectionModifiers": [
    "Tainted"
  ],
  "DetectionText": [
    "Telemetry showed cmd.exe executing net.exe with command-line arguments. The telemetry was tainted by the alert generated during initial compromise because it was associated with the same story (Group ID)."
  ],
  "Footnotes": [],
  "Participant_Name": "SentinelOne",
  "Procedure": "",
  "ScreenshotDatasources": [],
  "Step": "2. Initial Discovery",
  "Substep": "2.G.1",
  "Subtechnique": "T1087.002",
  "Subtechnique_Name": "Account Discovery: Domain Account",
  "TacticGroup": "Discovery",
  "Technique": "T1087",
  "Technique_Name": "Account Discovery"
}
{
  "Adversary": "apt3",
  "Capability_Requirements": "",
  "Datasources": [],
  "Detection": [
    "Telemetry"
  ],
  "DetectionModifiers": [
    "Tainted"
  ],
  "DetectionText": [
    "Telemetry showed cmd.exe executing net.exe with command-line arguments. The telemetry was tainted by the alert generated during initial compromise because it was associated with the same story (Group ID)."
  ],
  "Footnotes": [],
  "Participant_Name": "SentinelOne",
  "Procedure": "",
  "ScreenshotDatasources": [],
  "Step": "2. Initial Discovery",
  "Substep": "2.G.2",
  "Subtechnique": "T1087.002",
  "Subtechnique_Name": "Account Discovery: Domain Account",
  "TacticGroup": "Discovery",
  "Technique": "T1087",
  "Technique_Name": "Account Discovery"
}
{
  "Adversary": "apt3",
  "Capability_Requirements": "",
  "Datasources": [],
  "Detection": [
    "Telemetry"
  ],
  "DetectionModifiers": [
    "Tainted"
  ],
  "DetectionText": [
    "Telemetry showed cmd.exe executing reg.exe with command-line arguments. The telemetry was tainted by the alert generated during initial compromise because it was associated with the same story (Group ID)."
  ],
  "Footnotes": [],
  "Participant_Name": "SentinelOne",
  "Procedure": "",
  "ScreenshotDatasources": [],
  "Step": "2. Initial Discovery",
  "Substep": "2.H.1",
  "Subtechnique": "",
  "Subtechnique_Name": "",
  "TacticGroup": "Discovery",
  "Technique": "T1012",
  "Technique_Name": "Query Registry"
}
{
  "Adversary": "apt3",
  "Capability_Requirements": "",
  "Datasources": [],
  "Detection": [
    "Telemetry"
  ],
  "DetectionModifiers": [],
  "DetectionText": [
    "Telemetry showed process integrity levels changing from medium to high."
  ],
  "Footnotes": [
    "Detect was verified, but a screenshot for this data was unavailable. Integrity level values are based upon how the capability tracks integrity levels and not how Windows tracks them causing a difference in values."
  ],
  "Participant_Name": "SentinelOne",
  "Procedure": "",
  "ScreenshotDatasources": [],
  "Step": "3. Privilege Escalation",
  "Substep": "3.A.1.1",
  "Subtechnique": "T1548.002",
  "Subtechnique_Name": "Abuse Elevation Control Mechanism: Bypass User Account Control",
  "TacticGroup": "Privilege Escalation",
  "Technique": "T1548",
  "Technique_Name": "Abuse Elevation Control Mechanism"
}
{
  "Adversary": "apt3",
  "Capability_Requirements": "",
  "Datasources": [],
  "Detection": [
    "None"
  ],
  "DetectionModifiers": [],
  "DetectionText": [
    "Minimum detection criteria was not met for this procedure."
  ],
  "Footnotes": [],
  "Participant_Name": "SentinelOne",
  "Procedure": "",
  "ScreenshotDatasources": [],
  "Step": "3. Privilege Escalation",
  "Substep": "3.A.1.2",
  "Subtechnique": "T1134.001",
  "Subtechnique_Name": "Access Token Manipulation: Token Impersonation/Theft",
  "TacticGroup": "Defense Evasion",
  "Technique": "T1134",
  "Technique_Name": "Access Token Manipulation"
}
{
  "Adversary": "apt3",
  "Capability_Requirements": "",
  "Datasources": [],
  "Detection": [
    "None"
  ],
  "DetectionModifiers": [],
  "DetectionText": [
    "Minimum detection criteria was not met for this procedure."
  ],
  "Footnotes": [],
  "Participant_Name": "SentinelOne",
  "Procedure": "",
  "ScreenshotDatasources": [],
  "Step": "3. Privilege Escalation",
  "Substep": "3.B.1",
  "Subtechnique": "",
  "Subtechnique_Name": "",
  "TacticGroup": "Discovery",
  "Technique": "T1057",
  "Technique_Name": "Process Discovery"
}
{
  "Adversary": "apt3",
  "Capability_Requirements": "",
  "Datasources": [],
  "Detection": [
    "Telemetry"
  ],
  "DetectionModifiers": [
    "Tainted"
  ],
  "DetectionText": [
    "Telemetry showed powershell.exe allocating memory, writing to memory space, and invoking a thread into cmd.exe (tainted by association with parent alert for powershell.exe process executed by svchost.exe)."
  ],
  "Footnotes": [],
  "Participant_Name": "SentinelOne",
  "Procedure": "",
  "ScreenshotDatasources": [],
  "Step": "3. Privilege Escalation",
  "Substep": "3.C.1",
  "Subtechnique": "",
  "Subtechnique_Name": "",
  "TacticGroup": "Execution",
  "Technique": "T1055",
  "Technique_Name": "Process Injection"
}
{
  "Adversary": "apt3",
  "Capability_Requirements": "",
  "Datasources": [],
  "Detection": [
    "Telemetry"
  ],
  "DetectionModifiers": [
    "Tainted"
  ],
  "DetectionText": [
    "Telemetry showed cmd.exe executing net.exe with command-line arguments. The telemetry was tainted by activity seen during the privilege escalation step because it was associated with the same story (Group ID)."
  ],
  "Footnotes": [],
  "Participant_Name": "SentinelOne",
  "Procedure": "",
  "ScreenshotDatasources": [],
  "Step": "4. Discovery for Lateral Movement",
  "Substep": "4.A.1",
  "Subtechnique": "",
  "Subtechnique_Name": "",
  "TacticGroup": "Discovery",
  "Technique": "T1018",
  "Technique_Name": "Remote System Discovery"
}
{
  "Adversary": "apt3",
  "Capability_Requirements": "",
  "Datasources": [],
  "Detection": [
    "Telemetry"
  ],
  "DetectionModifiers": [
    "Tainted"
  ],
  "DetectionText": [
    "Telemetry showed cmd.exe executing net.exe with command-line arguments. The telemetry was tainted by activity seen during the privilege escalation step because it was associated with the same story (Group ID)."
  ],
  "Footnotes": [],
  "Participant_Name": "SentinelOne",
  "Procedure": "",
  "ScreenshotDatasources": [],
  "Step": "4. Discovery for Lateral Movement",
  "Substep": "4.A.2",
  "Subtechnique": "",
  "Subtechnique_Name": "",
  "TacticGroup": "Discovery",
  "Technique": "T1018",
  "Technique_Name": "Remote System Discovery"
}
{
  "Adversary": "apt3",
  "Capability_Requirements": "",
  "Datasources": [],
  "Detection": [
    "Telemetry"
  ],
  "DetectionModifiers": [
    "Tainted"
  ],
  "DetectionText": [
    "Telemetry showed cmd.exe executing netsh.exe with command-line arguments. The telemetry was tainted by activity seen during the privilege escalation step because it was associated with the same story (Group ID)."
  ],
  "Footnotes": [],
  "Participant_Name": "SentinelOne",
  "Procedure": "",
  "ScreenshotDatasources": [],
  "Step": "4. Discovery for Lateral Movement",
  "Substep": "4.B.1",
  "Subtechnique": "",
  "Subtechnique_Name": "",
  "TacticGroup": "Discovery",
  "Technique": "T1016",
  "Technique_Name": "System Network Configuration Discovery"
}
{
  "Adversary": "apt3",
  "Capability_Requirements": "",
  "Datasources": [],
  "Detection": [
    "Telemetry"
  ],
  "DetectionModifiers": [
    "Tainted"
  ],
  "DetectionText": [
    "Telemetry showed cmd.exe executing netstat.exe with command-line arguments. The telemetry was tainted by activity seen during the privilege escalation step because it was associated with the same story (Group ID)."
  ],
  "Footnotes": [],
  "Participant_Name": "SentinelOne",
  "Procedure": "",
  "ScreenshotDatasources": [],
  "Step": "4. Discovery for Lateral Movement",
  "Substep": "4.C.1",
  "Subtechnique": "",
  "Subtechnique_Name": "",
  "TacticGroup": "Discovery",
  "Technique": "T1049",
  "Technique_Name": "System Network Connections Discovery"
}
{
  "Adversary": "apt3",
  "Capability_Requirements": "",
  "Datasources": [],
  "Detection": [
    "None"
  ],
  "DetectionModifiers": [],
  "DetectionText": [
    "Minimum detection criteria was not met for this procedure."
  ],
  "Footnotes": [
    "Vendor states that the capability would normally block credential dumping activity like this, but the mitigation capability was disabled due to the evaluation parameters."
  ],
  "Participant_Name": "SentinelOne",
  "Procedure": "",
  "ScreenshotDatasources": [],
  "Step": "5. Credential Access",
  "Substep": "5.A.1.1",
  "Subtechnique": "T1003.001",
  "Subtechnique_Name": "OS Credential Dumping: LSASS Memory",
  "TacticGroup": "Credential Access",
  "Technique": "T1003",
  "Technique_Name": "OS Credential Dumping"
}
{
  "Adversary": "apt3",
  "Capability_Requirements": "",
  "Datasources": [],
  "Detection": [
    "None"
  ],
  "DetectionModifiers": [],
  "DetectionText": [
    "Minimum detection criteria was not met for this procedure."
  ],
  "Footnotes": [],
  "Participant_Name": "SentinelOne",
  "Procedure": "",
  "ScreenshotDatasources": [],
  "Step": "5. Credential Access",
  "Substep": "5.A.1.2",
  "Subtechnique": "",
  "Subtechnique_Name": "",
  "TacticGroup": "Execution",
  "Technique": "T1055",
  "Technique_Name": "Process Injection"
}
{
  "Adversary": "apt3",
  "Capability_Requirements": "",
  "Datasources": [],
  "Detection": [
    "None"
  ],
  "DetectionModifiers": [],
  "DetectionText": [
    "Minimum detection criteria was not met for this procedure."
  ],
  "Footnotes": [
    "Vendor states that the capability would normally block credential dumping activity like this, but the mitigation capability was disabled due to the evaluation parameters."
  ],
  "Participant_Name": "SentinelOne",
  "Procedure": "",
  "ScreenshotDatasources": [],
  "Step": "5. Credential Access",
  "Substep": "5.A.2.1",
  "Subtechnique": "T1003.002",
  "Subtechnique_Name": "OS Credential Dumping: Security Account Manager",
  "TacticGroup": "Credential Access",
  "Technique": "T1003",
  "Technique_Name": "OS Credential Dumping"
}
{
  "Adversary": "apt3",
  "Capability_Requirements": "",
  "Datasources": [],
  "Detection": [
    "Telemetry"
  ],
  "DetectionModifiers": [
    "Tainted"
  ],
  "DetectionText": [
    "Telemetry showed powershell.exe injecting into svchost.exe (not counted for detection) then invoking a remote thread into lsass.exe. Powershell.exe was listed as the source of the remote thread into lsass.exe instead of svchost.exe because the alert on powershell.exe came before other events and therefore had increased precedence. The activity seen during the initial compromise step tainted the event because it was associated with the same story (Group ID)."
  ],
  "Footnotes": [],
  "Participant_Name": "SentinelOne",
  "Procedure": "",
  "ScreenshotDatasources": [],
  "Step": "5. Credential Access",
  "Substep": "5.A.2.2",
  "Subtechnique": "",
  "Subtechnique_Name": "",
  "TacticGroup": "Execution",
  "Technique": "T1055",
  "Technique_Name": "Process Injection"
}
{
  "Adversary": "apt3",
  "Capability_Requirements": "",
  "Datasources": [],
  "Detection": [
    "None"
  ],
  "DetectionModifiers": [],
  "DetectionText": [
    "Minimum detection criteria was not met for this procedure."
  ],
  "Footnotes": [],
  "Participant_Name": "SentinelOne",
  "Procedure": "",
  "ScreenshotDatasources": [],
  "Step": "5. Credential Access",
  "Substep": "5.B.1",
  "Subtechnique": "T1134.001",
  "Subtechnique_Name": "Access Token Manipulation: Token Impersonation/Theft",
  "TacticGroup": "Defense Evasion",
  "Technique": "T1134",
  "Technique_Name": "Access Token Manipulation"
}
{
  "Adversary": "apt3",
  "Capability_Requirements": "",
  "Datasources": [],
  "Detection": [
    "Telemetry"
  ],
  "DetectionModifiers": [
    "Tainted"
  ],
  "DetectionText": [
    "Telemetry showed cmd.exe executing reg with command-line arguments. The telemetry was tainted by the activity seen during the privilege escalation step because it was associated with the same story (Group ID)."
  ],
  "Footnotes": [],
  "Participant_Name": "SentinelOne",
  "Procedure": "",
  "ScreenshotDatasources": [],
  "Step": "6. Lateral Movement",
  "Substep": "6.A.1",
  "Subtechnique": "",
  "Subtechnique_Name": "",
  "TacticGroup": "Discovery",
  "Technique": "T1012",
  "Technique_Name": "Query Registry"
}
{
  "Adversary": "apt3",
  "Capability_Requirements": "",
  "Datasources": [],
  "Detection": [
    "Telemetry"
  ],
  "DetectionModifiers": [
    "Tainted"
  ],
  "DetectionText": [
    "Telemetry showed a port 80 connection to 192.168.0.4 (C2 server) that was associated with the rundll32 parent process. The telemetry was tainted by the activity seen during the privilege escalation step because it was associated with the same story (Group ID)."
  ],
  "Footnotes": [],
  "Participant_Name": "SentinelOne",
  "Procedure": "",
  "ScreenshotDatasources": [],
  "Step": "6. Lateral Movement",
  "Substep": "6.B.1.1",
  "Subtechnique": "",
  "Subtechnique_Name": "",
  "TacticGroup": "Command and Control",
  "Technique": "T1043",
  "Technique_Name": "Commonly Used Port"
}
{
  "Adversary": "apt3",
  "Capability_Requirements": "",
  "Datasources": [],
  "Detection": [
    "None"
  ],
  "DetectionModifiers": [],
  "DetectionText": [
    "Minimum detection criteria was not met for this procedure."
  ],
  "Footnotes": [
    "Telemetry showed a connection to port 80 (no detection showed HTTP specifically)."
  ],
  "Participant_Name": "SentinelOne",
  "Procedure": "",
  "ScreenshotDatasources": [],
  "Step": "6. Lateral Movement",
  "Substep": "6.B.1.2",
  "Subtechnique": "T1071.001",
  "Subtechnique_Name": "Application Layer Protocol: Web Protocols",
  "TacticGroup": "Command and Control",
  "Technique": "T1071",
  "Technique_Name": "Application Layer Protocol"
}
{
  "Adversary": "apt3",
  "Capability_Requirements": "",
  "Datasources": [],
  "Detection": [
    "Telemetry"
  ],
  "DetectionModifiers": [
    "Tainted"
  ],
  "DetectionText": [
    "Telemetry showed port 80 connections to 192.168.0.4 (C2 server) and DNS requests for freegoogleadsenseinfo.com (C2 domain), which could indicate multiband communication. The telemetry was tainted by the activity seen during the privilege escalation step because it was associated with the same story (Group ID)."
  ],
  "Footnotes": [],
  "Participant_Name": "SentinelOne",
  "Procedure": "",
  "ScreenshotDatasources": [],
  "Step": "6. Lateral Movement",
  "Substep": "6.B.1.3",
  "Subtechnique": "",
  "Subtechnique_Name": "",
  "TacticGroup": "Command and Control",
  "Technique": "T1026",
  "Technique_Name": "Multiband Communication"
}
{
  "Adversary": "apt3",
  "Capability_Requirements": "",
  "Datasources": [],
  "Detection": [
    "Telemetry"
  ],
  "DetectionModifiers": [
    "Tainted"
  ],
  "DetectionText": [
    "Telemetry showed a port 3389 connection. The telemetry was tainted by the activity seen during the privilege escalation step because it was associated with the same story (Group ID)."
  ],
  "Footnotes": [],
  "Participant_Name": "SentinelOne",
  "Procedure": "",
  "ScreenshotDatasources": [],
  "Step": "6. Lateral Movement",
  "Substep": "6.C.1",
  "Subtechnique": "T1021.001",
  "Subtechnique_Name": "Remote Services: Remote Desktop Protocol",
  "TacticGroup": "Lateral Movement",
  "Technique": "T1021",
  "Technique_Name": "Remote Services"
}
{
  "Adversary": "apt3",
  "Capability_Requirements": "",
  "Datasources": [],
  "Detection": [
    "Telemetry"
  ],
  "DetectionModifiers": [],
  "DetectionText": [
    "Telemetry showed the creation of the user Jesse which was noted from SAM Registry events."
  ],
  "Footnotes": [],
  "Participant_Name": "SentinelOne",
  "Procedure": "",
  "ScreenshotDatasources": [],
  "Step": "7. Persistence",
  "Substep": "7.A.1.1",
  "Subtechnique": "T1136.001",
  "Subtechnique_Name": "Create Account: Local Account",
  "TacticGroup": "Persistence",
  "Technique": "T1136",
  "Technique_Name": "Create Account"
}
{
  "Adversary": "apt3",
  "Capability_Requirements": "",
  "Datasources": [],
  "Detection": [
    "None"
  ],
  "DetectionModifiers": [],
  "DetectionText": [
    "Minimum detection criteria was not met for this procedure."
  ],
  "Footnotes": [],
  "Participant_Name": "SentinelOne",
  "Procedure": "",
  "ScreenshotDatasources": [],
  "Step": "7. Persistence",
  "Substep": "7.A.1.2",
  "Subtechnique": "",
  "Subtechnique_Name": "",
  "TacticGroup": "Execution",
  "Technique": "T1061",
  "Technique_Name": "Graphical User Interface"
}
{
  "Adversary": "apt3",
  "Capability_Requirements": "",
  "Datasources": [],
  "Detection": [
    "None"
  ],
  "DetectionModifiers": [],
  "DetectionText": [
    "Minimum detection criteria was not met for this procedure."
  ],
  "Footnotes": [],
  "Participant_Name": "SentinelOne",
  "Procedure": "",
  "ScreenshotDatasources": [],
  "Step": "7. Persistence",
  "Substep": "7.A.1.3",
  "Subtechnique": "T1087.001",
  "Subtechnique_Name": "Account Discovery: Local Account",
  "TacticGroup": "Discovery",
  "Technique": "T1087",
  "Technique_Name": "Account Discovery"
}
{
  "Adversary": "apt3",
  "Capability_Requirements": "",
  "Datasources": [],
  "Detection": [
    "Telemetry"
  ],
  "DetectionModifiers": [
    "Tainted"
  ],
  "DetectionText": [
    "Telemetry showed file write of updater.dll. The activity seen during the initial compromise step tainted the event because it was associated with the same story (Group ID)."
  ],
  "Footnotes": [],
  "Participant_Name": "SentinelOne",
  "Procedure": "",
  "ScreenshotDatasources": [],
  "Step": "7. Persistence",
  "Substep": "7.B.1",
  "Subtechnique": "",
  "Subtechnique_Name": "",
  "TacticGroup": "Command and Control",
  "Technique": "T1105",
  "Technique_Name": "Ingress Tool Transfer"
}
{
  "Adversary": "apt3",
  "Capability_Requirements": "",
  "Datasources": [],
  "Detection": [
    "Telemetry"
  ],
  "DetectionModifiers": [
    "Tainted"
  ],
  "DetectionText": [
    "Telemetry showed execution of schtasks.exe and associated command-line arguments. The activity seen during the initial compromise step tainted the event because it was associated with the same story (Group ID)."
  ],
  "Footnotes": [],
  "Participant_Name": "SentinelOne",
  "Procedure": "",
  "ScreenshotDatasources": [],
  "Step": "7. Persistence",
  "Substep": "7.C.1",
  "Subtechnique": "T1053.005",
  "Subtechnique_Name": "Scheduled Task/Job: Scheduled Task",
  "TacticGroup": "Execution",
  "Technique": "T1053",
  "Technique_Name": "Scheduled Task/Job"
}
{
  "Adversary": "apt3",
  "Capability_Requirements": "",
  "Datasources": [],
  "Detection": [
    "Telemetry"
  ],
  "DetectionModifiers": [
    "Tainted"
  ],
  "DetectionText": [
    "Telemetry showed cmd.exe executing dir with command-line arguments. The telemetry was tainted by the activity seen during the initial compromise step because it was associated with the same story (Group ID)."
  ],
  "Footnotes": [],
  "Participant_Name": "SentinelOne",
  "Procedure": "",
  "ScreenshotDatasources": [],
  "Step": "8. Collection",
  "Substep": "8.A.1",
  "Subtechnique": "",
  "Subtechnique_Name": "",
  "TacticGroup": "Discovery",
  "Technique": "T1083",
  "Technique_Name": "File and Directory Discovery"
}
{
  "Adversary": "apt3",
  "Capability_Requirements": "",
  "Datasources": [],
  "Detection": [
    "Telemetry"
  ],
  "DetectionModifiers": [
    "Tainted"
  ],
  "DetectionText": [
    "Telemetry showed cmd.exe executing tree with command-line arguments. The telemetry was tainted by the activity seen during the initial compromise step because it was associated with the same story (Group ID)."
  ],
  "Footnotes": [],
  "Participant_Name": "SentinelOne",
  "Procedure": "",
  "ScreenshotDatasources": [],
  "Step": "8. Collection",
  "Substep": "8.A.2",
  "Subtechnique": "",
  "Subtechnique_Name": "",
  "TacticGroup": "Discovery",
  "Technique": "T1083",
  "Technique_Name": "File and Directory Discovery"
}
{
  "Adversary": "apt3",
  "Capability_Requirements": "",
  "Datasources": [],
  "Detection": [
    "None"
  ],
  "DetectionModifiers": [],
  "DetectionText": [
    "Minimum detection criteria was not met for this procedure."
  ],
  "Footnotes": [],
  "Participant_Name": "SentinelOne",
  "Procedure": "",
  "ScreenshotDatasources": [],
  "Step": "8. Collection",
  "Substep": "8.B.1",
  "Subtechnique": "",
  "Subtechnique_Name": "",
  "TacticGroup": "Discovery",
  "Technique": "T1057",
  "Technique_Name": "Process Discovery"
}
{
  "Adversary": "apt3",
  "Capability_Requirements": "",
  "Datasources": [],
  "Detection": [
    "Telemetry"
  ],
  "DetectionModifiers": [
    "Tainted"
  ],
  "DetectionText": [
    "Telemetry showed GetAsyncKeyStateApi, which was indicative of keylogging. The telemetry was tainted by the activity seen during the initial compromise step because it was associated with the same story (Group ID)."
  ],
  "Footnotes": [
    "Vendor stated log files indicate the powershell process was using the SSL cache folder."
  ],
  "Participant_Name": "SentinelOne",
  "Procedure": "",
  "ScreenshotDatasources": [],
  "Step": "8. Collection",
  "Substep": "8.C.1.1",
  "Subtechnique": "T1056.001",
  "Subtechnique_Name": "Input Capture: Keylogging",
  "TacticGroup": "Collection",
  "Technique": "T1056",
  "Technique_Name": "Input Capture"
}
{
  "Adversary": "apt3",
  "Capability_Requirements": "",
  "Datasources": [],
  "Detection": [
    "None"
  ],
  "DetectionModifiers": [],
  "DetectionText": [
    "Minimum detection criteria was not met for this procedure."
  ],
  "Footnotes": [],
  "Participant_Name": "SentinelOne",
  "Procedure": "",
  "ScreenshotDatasources": [],
  "Step": "8. Collection",
  "Substep": "8.C.1.2",
  "Subtechnique": "",
  "Subtechnique_Name": "",
  "TacticGroup": "Discovery",
  "Technique": "T1010",
  "Technique_Name": "Application Window Discovery"
}
{
  "Adversary": "apt3",
  "Capability_Requirements": "",
  "Datasources": [],
  "Detection": [
    "None"
  ],
  "DetectionModifiers": [],
  "DetectionText": [
    "Minimum detection criteria was not met for this procedure."
  ],
  "Footnotes": [],
  "Participant_Name": "SentinelOne",
  "Procedure": "",
  "ScreenshotDatasources": [],
  "Step": "8. Collection",
  "Substep": "8.D.1.1",
  "Subtechnique": "",
  "Subtechnique_Name": "",
  "TacticGroup": "Discovery",
  "Technique": "T1113",
  "Technique_Name": "Screen Capture"
}
{
  "Adversary": "apt3",
  "Capability_Requirements": "",
  "Datasources": [],
  "Detection": [
    "Telemetry"
  ],
  "DetectionModifiers": [
    "Tainted"
  ],
  "DetectionText": [
    "Telemetry showed the sequence of events related to process injection from powershell.exe into explorer.exe. The capability associated the process with the highest threat to the event (powershell.exe) instead of cmd.exe (the expected source of the injection) because it had an alert associated with it previously. The telemetry was tainted by the activity seen during the initial compromise step because it was associated with the same story (Group ID)."
  ],
  "Footnotes": [],
  "Participant_Name": "SentinelOne",
  "Procedure": "",
  "ScreenshotDatasources": [],
  "Step": "8. Collection",
  "Substep": "8.D.1.2",
  "Subtechnique": "",
  "Subtechnique_Name": "",
  "TacticGroup": "Execution",
  "Technique": "T1055",
  "Technique_Name": "Process Injection"
}
{
  "Adversary": "apt3",
  "Capability_Requirements": "",
  "Datasources": [],
  "Detection": [
    "None"
  ],
  "DetectionModifiers": [],
  "DetectionText": [
    "Minimum detection criteria was not met for this procedure."
  ],
  "Footnotes": [],
  "Participant_Name": "SentinelOne",
  "Procedure": "",
  "ScreenshotDatasources": [],
  "Step": "9. Exfiltration",
  "Substep": "9.A.1",
  "Subtechnique": "",
  "Subtechnique_Name": "",
  "TacticGroup": "Discovery",
  "Technique": "T1083",
  "Technique_Name": "File and Directory Discovery"
}
{
  "Adversary": "apt3",
  "Capability_Requirements": "",
  "Datasources": [],
  "Detection": [
    "Telemetry"
  ],
  "DetectionModifiers": [],
  "DetectionText": [
    "Telemetry showed remote file access behavior for the .vsdx file from the network shared drive."
  ],
  "Footnotes": [],
  "Participant_Name": "SentinelOne",
  "Procedure": "",
  "ScreenshotDatasources": [],
  "Step": "9. Exfiltration",
  "Substep": "9.B.1.1",
  "Subtechnique": "",
  "Subtechnique_Name": "",
  "TacticGroup": "Collection",
  "Technique": "T1039",
  "Technique_Name": "Data from Network Shared Drive"
}
{
  "Adversary": "apt3",
  "Capability_Requirements": "",
  "Datasources": [],
  "Detection": [
    "None"
  ],
  "DetectionModifiers": [],
  "DetectionText": [
    "Minimum detection criteria was not met for this procedure."
  ],
  "Footnotes": [],
  "Participant_Name": "SentinelOne",
  "Procedure": "",
  "ScreenshotDatasources": [],
  "Step": "9. Exfiltration",
  "Substep": "9.B.1.2",
  "Subtechnique": "",
  "Subtechnique_Name": "",
  "TacticGroup": "Exfiltration",
  "Technique": "T1041",
  "Technique_Name": "Exfiltration Over Command and Control Channel"
}
{
  "Adversary": "apt3",
  "Capability_Requirements": "",
  "Datasources": [],
  "Detection": [
    "Telemetry"
  ],
  "DetectionModifiers": [],
  "DetectionText": [
    "Telemetry showed execution of autoupdate.bat from the Startup folder for persistence. The telemetry was associated to a new story (Group ID) but was not marked as malicious or tainted because it is not associated with an alert."
  ],
  "Footnotes": [],
  "Participant_Name": "SentinelOne",
  "Procedure": "",
  "ScreenshotDatasources": [],
  "Step": "10. Execution of Persistence",
  "Substep": "10.A.1",
  "Subtechnique": "T1547.001",
  "Subtechnique_Name": "Boot or Logon Autostart Execution: Registry Run Keys / Startup Folder",
  "TacticGroup": "Persistence",
  "Technique": "T1547",
  "Technique_Name": "Boot or Logon Autostart Execution"
}
{
  "Adversary": "apt3",
  "Capability_Requirements": "",
  "Datasources": [],
  "Detection": [
    "Telemetry"
  ],
  "DetectionModifiers": [],
  "DetectionText": [
    "Telemetry showed rundll32.exe executing updater.dll as part of the scheduled task persistence. The telemetry was associated with the execution of autoupdate.bat for persistence because it was associated with the same story (Group ID) but is not marked as malicious or tainted because it is not associated with an alert."
  ],
  "Footnotes": [],
  "Participant_Name": "SentinelOne",
  "Procedure": "",
  "ScreenshotDatasources": [],
  "Step": "10. Execution of Persistence",
  "Substep": "10.A.2",
  "Subtechnique": "T1053.005",
  "Subtechnique_Name": "Scheduled Task/Job: Scheduled Task",
  "TacticGroup": "Execution",
  "Technique": "T1053",
  "Technique_Name": "Scheduled Task/Job"
}
{
  "Adversary": "apt3",
  "Capability_Requirements": "",
  "Datasources": [],
  "Detection": [
    "Telemetry"
  ],
  "DetectionModifiers": [],
  "DetectionText": [
    "Telemetry showed the Jesse account had logged into the system."
  ],
  "Footnotes": [],
  "Participant_Name": "SentinelOne",
  "Procedure": "",
  "ScreenshotDatasources": [],
  "Step": "10. Execution of Persistence",
  "Substep": "10.B.1.1",
  "Subtechnique": "T1078.003",
  "Subtechnique_Name": "Valid Accounts: Local Accounts",
  "TacticGroup": "Persistence",
  "Technique": "T1078",
  "Technique_Name": "Valid Accounts"
}
{
  "Adversary": "apt3",
  "Capability_Requirements": "",
  "Datasources": [],
  "Detection": [
    "Telemetry"
  ],
  "DetectionModifiers": [
    "Tainted"
  ],
  "DetectionText": [
    "Telemetry from Nimda showed a TCP port 3389 connection from 10.0.1.6 (Nimda) to 10.0.0.5 (Conficker). The rundll32.exe process (PID 184) that was used to load updater.dll was used to proxy the RDP connection to Conficker. The telemetry was tainted by the activity generated during the privilege escalation step because it was associated with the same story (Group ID)."
  ],
  "Footnotes": [],
  "Participant_Name": "SentinelOne",
  "Procedure": "",
  "ScreenshotDatasources": [],
  "Step": "10. Execution of Persistence",
  "Substep": "10.B.1.2",
  "Subtechnique": "T1021.001",
  "Subtechnique_Name": "Remote Services: Remote Desktop Protocol",
  "TacticGroup": "Lateral Movement",
  "Technique": "T1021",
  "Technique_Name": "Remote Services"
}
{
  "Adversary": "apt3",
  "Capability_Requirements": "",
  "Datasources": [],
  "Detection": [
    "General Behavior",
    "Telemetry"
  ],
  "DetectionModifiers": [],
  "DetectionText": [
    "A General Behavior alert was generated for the execution of autoupdate.vbs that was listed as an active threat.",
    "Telemetry showed wscript.exe executing autoupdate.vbs which then executed powershell.exe with an encoded PowerShell script."
  ],
  "Footnotes": [],
  "Participant_Name": "SentinelOne",
  "Procedure": "",
  "ScreenshotDatasources": [],
  "Step": "11. Initial Compromise",
  "Substep": "11.A.1",
  "Subtechnique": "T1059.005",
  "Subtechnique_Name": "Command and Scripting Interpreter: Visual Basic",
  "TacticGroup": "Execution",
  "Technique": "T1059",
  "Technique_Name": "Command and Scripting Interpreter"
}
{
  "Adversary": "apt3",
  "Capability_Requirements": "",
  "Datasources": [],
  "Detection": [
    "Telemetry"
  ],
  "DetectionModifiers": [
    "Tainted"
  ],
  "DetectionText": [
    "Telemetry showed network connections to 192.168.0.5 (C2 server) over TCP port 443. The activity seen during the initial compromise step tainted the event because it was associated with the same story (Group ID)."
  ],
  "Footnotes": [],
  "Participant_Name": "SentinelOne",
  "Procedure": "",
  "ScreenshotDatasources": [],
  "Step": "11. Initial Compromise",
  "Substep": "11.B.1.1",
  "Subtechnique": "",
  "Subtechnique_Name": "",
  "TacticGroup": "Command and Control",
  "Technique": "T1043",
  "Technique_Name": "Commonly Used Port"
}
{
  "Adversary": "apt3",
  "Capability_Requirements": "",
  "Datasources": [],
  "Detection": [
    "None"
  ],
  "DetectionModifiers": [],
  "DetectionText": [
    "Minimum detection criteria was not met for this procedure."
  ],
  "Footnotes": [
    "Vendor stated log files indicate the powershell process was using the SSL cache folder.",
    "Telemetry showed an outbound network connection to 192.168.0.5 (C2 server) over TCP port 443 (no protocol was identified for this traffic)."
  ],
  "Participant_Name": "SentinelOne",
  "Procedure": "",
  "ScreenshotDatasources": [],
  "Step": "11. Initial Compromise",
  "Substep": "11.B.1.2",
  "Subtechnique": "T1071.001",
  "Subtechnique_Name": "Application Layer Protocol: Web Protocols",
  "TacticGroup": "Command and Control",
  "Technique": "T1071",
  "Technique_Name": "Application Layer Protocol"
}
{
  "Adversary": "apt3",
  "Capability_Requirements": "",
  "Datasources": [],
  "Detection": [
    "None"
  ],
  "DetectionModifiers": [],
  "DetectionText": [
    "Minimum detection criteria was not met for this procedure."
  ],
  "Footnotes": [
    "Vendor stated log files indicate the powershell process was using the SSL cache folder.",
    "Telemetry showed an outbound network connection to 192.168.0.5 (C2 server) over TCP port 443 (no protocol was identified for this traffic)."
  ],
  "Participant_Name": "SentinelOne",
  "Procedure": "",
  "ScreenshotDatasources": [],
  "Step": "11. Initial Compromise",
  "Substep": "11.B.1.3",
  "Subtechnique": "T1573.002",
  "Subtechnique_Name": "Encrypted Channel: Asymmetric Cryptography",
  "TacticGroup": "Command and Control",
  "Technique": "T1573",
  "Technique_Name": "Encrypted Channel"
}
{
  "Adversary": "apt3",
  "Capability_Requirements": "",
  "Datasources": [],
  "Detection": [
    "Telemetry"
  ],
  "DetectionModifiers": [
    "Tainted"
  ],
  "DetectionText": [
    "Telemetry showed powershell.exe executing route.exe with command-line arguments. The telemetry was tainted by the alert generated during initial compromise because it was associated with the same story (Group ID)."
  ],
  "Footnotes": [],
  "Participant_Name": "SentinelOne",
  "Procedure": "",
  "ScreenshotDatasources": [],
  "Step": "12. Initial Discovery",
  "Substep": "12.A.1",
  "Subtechnique": "",
  "Subtechnique_Name": "",
  "TacticGroup": "Discovery",
  "Technique": "T1016",
  "Technique_Name": "System Network Configuration Discovery"
}
{
  "Adversary": "apt3",
  "Capability_Requirements": "",
  "Datasources": [],
  "Detection": [
    "Telemetry"
  ],
  "DetectionModifiers": [
    "Tainted"
  ],
  "DetectionText": [
    "Telemetry showed powershell.exe executing ipconfig.exe with command-line arguments. The telemetry was tainted by the alert generated during initial compromise because it was associated with the same story (Group ID)."
  ],
  "Footnotes": [],
  "Participant_Name": "SentinelOne",
  "Procedure": "",
  "ScreenshotDatasources": [],
  "Step": "12. Initial Discovery",
  "Substep": "12.A.2",
  "Subtechnique": "",
  "Subtechnique_Name": "",
  "TacticGroup": "Discovery",
  "Technique": "T1016",
  "Technique_Name": "System Network Configuration Discovery"
}
{
  "Adversary": "apt3",
  "Capability_Requirements": "",
  "Datasources": [],
  "Detection": [
    "Telemetry"
  ],
  "DetectionModifiers": [
    "Tainted"
  ],
  "DetectionText": [
    "Telemetry showed powershell.exe executing whoami.exe with command-line arguments. The telemetry was tainted by the alert generated during initial compromise because it was associated with the same story (Group ID)."
  ],
  "Footnotes": [],
  "Participant_Name": "SentinelOne",
  "Procedure": "",
  "ScreenshotDatasources": [],
  "Step": "12. Initial Discovery",
  "Substep": "12.B.1",
  "Subtechnique": "",
  "Subtechnique_Name": "",
  "TacticGroup": "Discovery",
  "Technique": "T1033",
  "Technique_Name": "System Owner/User Discovery"
}
{
  "Adversary": "apt3",
  "Capability_Requirements": "",
  "Datasources": [],
  "Detection": [
    "Telemetry"
  ],
  "DetectionModifiers": [
    "Tainted"
  ],
  "DetectionText": [
    "Telemetry showed powershell.exe executing qprocess.exe with command-line arguments. The telemetry was tainted by the alert generated during initial compromise because it was associated with the same story (Group ID)."
  ],
  "Footnotes": [],
  "Participant_Name": "SentinelOne",
  "Procedure": "",
  "ScreenshotDatasources": [],
  "Step": "12. Initial Discovery",
  "Substep": "12.C.1",
  "Subtechnique": "",
  "Subtechnique_Name": "",
  "TacticGroup": "Discovery",
  "Technique": "T1057",
  "Technique_Name": "Process Discovery"
}
{
  "Adversary": "apt3",
  "Capability_Requirements": "",
  "Datasources": [],
  "Detection": [
    "Telemetry"
  ],
  "DetectionModifiers": [
    "Tainted"
  ],
  "DetectionText": [
    "Telemetry showed powershell.exe executing net.exe with command-line arguments. The telemetry was tainted by the alert generated during initial compromise because it was associated with the same story (Group ID)."
  ],
  "Footnotes": [],
  "Participant_Name": "SentinelOne",
  "Procedure": "",
  "ScreenshotDatasources": [],
  "Step": "12. Initial Discovery",
  "Substep": "12.D.1",
  "Subtechnique": "",
  "Subtechnique_Name": "",
  "TacticGroup": "Discovery",
  "Technique": "T1007",
  "Technique_Name": "System Service Discovery"
}
{
  "Adversary": "apt3",
  "Capability_Requirements": "",
  "Datasources": [],
  "Detection": [
    "Telemetry"
  ],
  "DetectionModifiers": [
    "Tainted"
  ],
  "DetectionText": [
    "Telemetry showed execution of a PowerShell script with follow-on enumeration activity that coincided with the execution of the WinEnum module. The telemetry was tainted by the alert generated during initial compromise because it was associated with the same story (Group ID)."
  ],
  "Footnotes": [],
  "Participant_Name": "SentinelOne",
  "Procedure": "",
  "ScreenshotDatasources": [],
  "Step": "12. Initial Discovery",
  "Substep": "12.E.1",
  "Subtechnique": "T1059.001",
  "Subtechnique_Name": "Command and Scripting Interpreter: PowerShell",
  "TacticGroup": "Execution",
  "Technique": "T1059",
  "Technique_Name": "Command and Scripting Interpreter"
}
{
  "Adversary": "apt3",
  "Capability_Requirements": "",
  "Datasources": [],
  "Detection": [
    "None"
  ],
  "DetectionModifiers": [],
  "DetectionText": [
    "Minimum detection criteria was not met for this procedure."
  ],
  "Footnotes": [],
  "Participant_Name": "SentinelOne",
  "Procedure": "",
  "ScreenshotDatasources": [],
  "Step": "12. Initial Discovery",
  "Substep": "12.E.1.1",
  "Subtechnique": "",
  "Subtechnique_Name": "",
  "TacticGroup": "Discovery",
  "Technique": "T1033",
  "Technique_Name": "System Owner/User Discovery"
}
{
  "Adversary": "apt3",
  "Capability_Requirements": "",
  "Datasources": [],
  "Detection": [
    "None"
  ],
  "DetectionModifiers": [],
  "DetectionText": [
    "Minimum detection criteria was not met for this procedure."
  ],
  "Footnotes": [],
  "Participant_Name": "SentinelOne",
  "Procedure": "",
  "ScreenshotDatasources": [],
  "Step": "12. Initial Discovery",
  "Substep": "12.E.1.2",
  "Subtechnique": "T1069.002",
  "Subtechnique_Name": "Permission Groups Discovery: Domain Groups",
  "TacticGroup": "Discovery",
  "Technique": "T1069",
  "Technique_Name": "Permission Groups Discovery"
}
{
  "Adversary": "apt3",
  "Capability_Requirements": "",
  "Datasources": [],
  "Detection": [
    "None"
  ],
  "DetectionModifiers": [],
  "DetectionText": [
    "Minimum detection criteria was not met for this procedure."
  ],
  "Footnotes": [],
  "Participant_Name": "SentinelOne",
  "Procedure": "",
  "ScreenshotDatasources": [],
  "Step": "12. Initial Discovery",
  "Substep": "12.E.1.3",
  "Subtechnique": "",
  "Subtechnique_Name": "",
  "TacticGroup": "Discovery",
  "Technique": "T1201",
  "Technique_Name": "Password Policy Discovery"
}
{
  "Adversary": "apt3",
  "Capability_Requirements": "",
  "Datasources": [],
  "Detection": [
    "None"
  ],
  "DetectionModifiers": [],
  "DetectionText": [
    "Minimum detection criteria was not met for this procedure."
  ],
  "Footnotes": [],
  "Participant_Name": "SentinelOne",
  "Procedure": "",
  "ScreenshotDatasources": [],
  "Step": "12. Initial Discovery",
  "Substep": "12.E.1.4.1",
  "Subtechnique": "",
  "Subtechnique_Name": "",
  "TacticGroup": "Discovery",
  "Technique": "T1083",
  "Technique_Name": "File and Directory Discovery"
}
{
  "Adversary": "apt3",
  "Capability_Requirements": "",
  "Datasources": [],
  "Detection": [
    "None"
  ],
  "DetectionModifiers": [],
  "DetectionText": [
    "Minimum detection criteria was not met for this procedure."
  ],
  "Footnotes": [],
  "Participant_Name": "SentinelOne",
  "Procedure": "",
  "ScreenshotDatasources": [],
  "Step": "12. Initial Discovery",
  "Substep": "12.E.1.4.2",
  "Subtechnique": "",
  "Subtechnique_Name": "",
  "TacticGroup": "Discovery",
  "Technique": "T1083",
  "Technique_Name": "File and Directory Discovery"
}
{
  "Adversary": "apt3",
  "Capability_Requirements": "",
  "Datasources": [],
  "Detection": [
    "None"
  ],
  "DetectionModifiers": [],
  "DetectionText": [
    "Minimum detection criteria was not met for this procedure."
  ],
  "Footnotes": [
    "PowerShell telemetry showed execution of an encoded command and the script was decoded to Windows.Clipboard(...) outside of the capability, but this was not counted as a detection because it was external to the capability."
  ],
  "Participant_Name": "SentinelOne",
  "Procedure": "",
  "ScreenshotDatasources": [],
  "Step": "12. Initial Discovery",
  "Substep": "12.E.1.5",
  "Subtechnique": "",
  "Subtechnique_Name": "",
  "TacticGroup": "Collection",
  "Technique": "T1115",
  "Technique_Name": "Clipboard Data"
}
{
  "Adversary": "apt3",
  "Capability_Requirements": "",
  "Datasources": [],
  "Detection": [
    "Telemetry"
  ],
  "DetectionModifiers": [
    "Tainted"
  ],
  "DetectionText": [
    "Telemetry showed powershell.exe executing WMI queries that indicated operating system information was queried. The telemetry was tainted by the alert generated during initial compromise because it was associated with the same story (Group ID)."
  ],
  "Footnotes": [],
  "Participant_Name": "SentinelOne",
  "Procedure": "",
  "ScreenshotDatasources": [],
  "Step": "12. Initial Discovery",
  "Substep": "12.E.1.6.1",
  "Subtechnique": "",
  "Subtechnique_Name": "",
  "TacticGroup": "Discovery",
  "Technique": "T1082",
  "Technique_Name": "System Information Discovery"
}
{
  "Adversary": "apt3",
  "Capability_Requirements": "",
  "Datasources": [],
  "Detection": [
    "None"
  ],
  "DetectionModifiers": [],
  "DetectionText": [
    "Minimum detection criteria was not met for this procedure."
  ],
  "Footnotes": [],
  "Participant_Name": "SentinelOne",
  "Procedure": "",
  "ScreenshotDatasources": [],
  "Step": "12. Initial Discovery",
  "Substep": "12.E.1.6.2",
  "Subtechnique": "",
  "Subtechnique_Name": "",
  "TacticGroup": "Discovery",
  "Technique": "T1082",
  "Technique_Name": "System Information Discovery"
}
{
  "Adversary": "apt3",
  "Capability_Requirements": "",
  "Datasources": [],
  "Detection": [
    "None"
  ],
  "DetectionModifiers": [],
  "DetectionText": [
    "Minimum detection criteria was not met for this procedure."
  ],
  "Footnotes": [],
  "Participant_Name": "SentinelOne",
  "Procedure": "",
  "ScreenshotDatasources": [],
  "Step": "12. Initial Discovery",
  "Substep": "12.E.1.7",
  "Subtechnique": "",
  "Subtechnique_Name": "",
  "TacticGroup": "Discovery",
  "Technique": "T1012",
  "Technique_Name": "Query Registry"
}
{
  "Adversary": "apt3",
  "Capability_Requirements": "",
  "Datasources": [],
  "Detection": [
    "None"
  ],
  "DetectionModifiers": [],
  "DetectionText": [
    "Minimum detection criteria was not met for this procedure."
  ],
  "Footnotes": [],
  "Participant_Name": "SentinelOne",
  "Procedure": "",
  "ScreenshotDatasources": [],
  "Step": "12. Initial Discovery",
  "Substep": "12.E.1.8",
  "Subtechnique": "",
  "Subtechnique_Name": "",
  "TacticGroup": "Discovery",
  "Technique": "T1007",
  "Technique_Name": "System Service Discovery"
}
{
  "Adversary": "apt3",
  "Capability_Requirements": "",
  "Datasources": [],
  "Detection": [
    "None"
  ],
  "DetectionModifiers": [],
  "DetectionText": [
    "Minimum detection criteria was not met for this procedure."
  ],
  "Footnotes": [],
  "Participant_Name": "SentinelOne",
  "Procedure": "",
  "ScreenshotDatasources": [],
  "Step": "12. Initial Discovery",
  "Substep": "12.E.1.9.1",
  "Subtechnique": "",
  "Subtechnique_Name": "",
  "TacticGroup": "Discovery",
  "Technique": "T1135",
  "Technique_Name": "Network Share Discovery"
}
{
  "Adversary": "apt3",
  "Capability_Requirements": "",
  "Datasources": [],
  "Detection": [
    "Telemetry"
  ],
  "DetectionModifiers": [
    "Tainted"
  ],
  "DetectionText": [
    "Telemetry showed powershell.exe executing WMI queries that indicated logical disk information was queried. The telemetry was tainted by the alert generated during initial compromise because it was associated with the same story (Group ID)."
  ],
  "Footnotes": [],
  "Participant_Name": "SentinelOne",
  "Procedure": "",
  "ScreenshotDatasources": [],
  "Step": "12. Initial Discovery",
  "Substep": "12.E.1.9.2",
  "Subtechnique": "",
  "Subtechnique_Name": "",
  "TacticGroup": "Discovery",
  "Technique": "T1135",
  "Technique_Name": "Network Share Discovery"
}
{
  "Adversary": "apt3",
  "Capability_Requirements": "",
  "Datasources": [],
  "Detection": [
    "Enrichment",
    "Telemetry"
  ],
  "DetectionModifiers": [
    "Tainted",
    "Tainted"
  ],
  "DetectionText": [
    "The capability enriched powershell.exe activity with the action \\\\\"attempted to find other installed security software.\\\\\" The enrichment was tainted by the alert generated during initial compromise because it was associated with the same story (Group ID).",
    "Telemetry showed powershell.exe executing WMI queries that indicated antivirus product information was queried. The telemetry was tainted by the alert generated during initial compromise because it was associated with the same story (Group ID)."
  ],
  "Footnotes": [],
  "Participant_Name": "SentinelOne",
  "Procedure": "",
  "ScreenshotDatasources": [],
  "Step": "12. Initial Discovery",
  "Substep": "12.E.1.10.1",
  "Subtechnique": "T1518.001",
  "Subtechnique_Name": "Software Discovery: Security Software Discovery",
  "TacticGroup": "Discovery",
  "Technique": "T1518",
  "Technique_Name": "Software Discovery"
}
{
  "Adversary": "apt3",
  "Capability_Requirements": "",
  "Datasources": [],
  "Detection": [
    "None"
  ],
  "DetectionModifiers": [],
  "DetectionText": [
    "Minimum detection criteria was not met for this procedure."
  ],
  "Footnotes": [],
  "Participant_Name": "SentinelOne",
  "Procedure": "",
  "ScreenshotDatasources": [],
  "Step": "12. Initial Discovery",
  "Substep": "12.E.1.10.2",
  "Subtechnique": "T1518.001",
  "Subtechnique_Name": "Software Discovery: Security Software Discovery",
  "TacticGroup": "Discovery",
  "Technique": "T1518",
  "Technique_Name": "Software Discovery"
}
{
  "Adversary": "apt3",
  "Capability_Requirements": "",
  "Datasources": [],
  "Detection": [
    "Telemetry"
  ],
  "DetectionModifiers": [
    "Tainted"
  ],
  "DetectionText": [
    "Telemetry showed powershell.exe executing WMI queries that indicated network adapter and configuration information was queried. The telemetry was tainted by the alert generated during initial compromise because it was associated with the same story (Group ID)."
  ],
  "Footnotes": [],
  "Participant_Name": "SentinelOne",
  "Procedure": "",
  "ScreenshotDatasources": [],
  "Step": "12. Initial Discovery",
  "Substep": "12.E.1.11",
  "Subtechnique": "",
  "Subtechnique_Name": "",
  "TacticGroup": "Discovery",
  "Technique": "T1016",
  "Technique_Name": "System Network Configuration Discovery"
}
{
  "Adversary": "apt3",
  "Capability_Requirements": "",
  "Datasources": [],
  "Detection": [
    "Telemetry"
  ],
  "DetectionModifiers": [
    "Tainted"
  ],
  "DetectionText": [
    "Telemetry showed powershell.exe executing netstat.exe with command-line arguments. The telemetry was tainted by the alert generated during initial compromise because it was associated with the same story (Group ID)."
  ],
  "Footnotes": [],
  "Participant_Name": "SentinelOne",
  "Procedure": "",
  "ScreenshotDatasources": [],
  "Step": "12. Initial Discovery",
  "Substep": "12.E.1.12",
  "Subtechnique": "",
  "Subtechnique_Name": "",
  "TacticGroup": "Discovery",
  "Technique": "T1049",
  "Technique_Name": "System Network Connections Discovery"
}
{
  "Adversary": "apt3",
  "Capability_Requirements": "",
  "Datasources": [],
  "Detection": [
    "Telemetry"
  ],
  "DetectionModifiers": [
    "Tainted"
  ],
  "DetectionText": [
    "Telemetry showed powershell.exe executing net.exe with command-line arguments. The telemetry was tainted by the alert generated during initial compromise because it was associated with the same story (Group ID)."
  ],
  "Footnotes": [],
  "Participant_Name": "SentinelOne",
  "Procedure": "",
  "ScreenshotDatasources": [],
  "Step": "12. Initial Discovery",
  "Substep": "12.F.1",
  "Subtechnique": "T1069.002",
  "Subtechnique_Name": "Permission Groups Discovery: Domain Groups",
  "TacticGroup": "Discovery",
  "Technique": "T1069",
  "Technique_Name": "Permission Groups Discovery"
}
{
  "Adversary": "apt3",
  "Capability_Requirements": "",
  "Datasources": [],
  "Detection": [
    "Telemetry"
  ],
  "DetectionModifiers": [
    "Tainted"
  ],
  "DetectionText": [
    "Telemetry showed powershell.exe executing net.exe with command-line arguments. The telemetry was tainted by the alert generated during initial compromise because it was associated with the same story (Group ID)."
  ],
  "Footnotes": [],
  "Participant_Name": "SentinelOne",
  "Procedure": "",
  "ScreenshotDatasources": [],
  "Step": "12. Initial Discovery",
  "Substep": "12.F.2",
  "Subtechnique": "T1069.001",
  "Subtechnique_Name": "Permission Groups Discovery: Local Groups",
  "TacticGroup": "Discovery",
  "Technique": "T1069",
  "Technique_Name": "Permission Groups Discovery"
}
{
  "Adversary": "apt3",
  "Capability_Requirements": "",
  "Datasources": [],
  "Detection": [
    "Telemetry"
  ],
  "DetectionModifiers": [
    "Tainted"
  ],
  "DetectionText": [
    "Telemetry showed powershell.exe executing net.exe with command-line arguments. The telemetry was tainted by the alert generated during initial compromise because it was associated with the same story (Group ID)."
  ],
  "Footnotes": [],
  "Participant_Name": "SentinelOne",
  "Procedure": "",
  "ScreenshotDatasources": [],
  "Step": "12. Initial Discovery",
  "Substep": "12.G.1",
  "Subtechnique": "T1087.001",
  "Subtechnique_Name": "Account Discovery: Local Account",
  "TacticGroup": "Discovery",
  "Technique": "T1087",
  "Technique_Name": "Account Discovery"
}
{
  "Adversary": "apt3",
  "Capability_Requirements": "",
  "Datasources": [],
  "Detection": [
    "Telemetry"
  ],
  "DetectionModifiers": [
    "Tainted"
  ],
  "DetectionText": [
    "Telemetry showed powershell.exe executing net.exe with command-line arguments. The telemetry was tainted by the alert generated during initial compromise because it was associated with the same story (Group ID)."
  ],
  "Footnotes": [],
  "Participant_Name": "SentinelOne",
  "Procedure": "",
  "ScreenshotDatasources": [],
  "Step": "12. Initial Discovery",
  "Substep": "12.G.2",
  "Subtechnique": "T1087.002",
  "Subtechnique_Name": "Account Discovery: Domain Account",
  "TacticGroup": "Discovery",
  "Technique": "T1087",
  "Technique_Name": "Account Discovery"
}
{
  "Adversary": "apt3",
  "Capability_Requirements": "",
  "Datasources": [],
  "Detection": [
    "Telemetry"
  ],
  "DetectionModifiers": [
    "Tainted"
  ],
  "DetectionText": [
    "Telemetry showed execution of net.exe with command-line arguments. The activity seen during the initial compromise step tainted the event because it was associated with the same story (Group ID)."
  ],
  "Footnotes": [],
  "Participant_Name": "SentinelOne",
  "Procedure": "",
  "ScreenshotDatasources": [],
  "Step": "13. Discovery for Lateral Movement",
  "Substep": "13.A.1",
  "Subtechnique": "",
  "Subtechnique_Name": "",
  "TacticGroup": "Discovery",
  "Technique": "T1018",
  "Technique_Name": "Remote System Discovery"
}
{
  "Adversary": "apt3",
  "Capability_Requirements": "",
  "Datasources": [],
  "Detection": [
    "Telemetry"
  ],
  "DetectionModifiers": [
    "Tainted"
  ],
  "DetectionText": [
    "Telemetry showed execution of net.exe with command-line arguments. The activity seen during the initial compromise step tainted the event because it was associated with the same story (Group ID)."
  ],
  "Footnotes": [],
  "Participant_Name": "SentinelOne",
  "Procedure": "",
  "ScreenshotDatasources": [],
  "Step": "13. Discovery for Lateral Movement",
  "Substep": "13.B.1",
  "Subtechnique": "",
  "Subtechnique_Name": "",
  "TacticGroup": "Discovery",
  "Technique": "T1049",
  "Technique_Name": "System Network Connections Discovery"
}
{
  "Adversary": "apt3",
  "Capability_Requirements": "",
  "Datasources": [],
  "Detection": [
    "Telemetry"
  ],
  "DetectionModifiers": [
    "Tainted"
  ],
  "DetectionText": [
    "Telemetry showed execution of netstat.exe with command-line arguments. The activity seen during the initial compromise step tainted the event because it was associated with the same story (Group ID)."
  ],
  "Footnotes": [],
  "Participant_Name": "SentinelOne",
  "Procedure": "",
  "ScreenshotDatasources": [],
  "Step": "13. Discovery for Lateral Movement",
  "Substep": "13.B.2",
  "Subtechnique": "",
  "Subtechnique_Name": "",
  "TacticGroup": "Discovery",
  "Technique": "T1049",
  "Technique_Name": "System Network Connections Discovery"
}
{
  "Adversary": "apt3",
  "Capability_Requirements": "",
  "Datasources": [],
  "Detection": [
    "Telemetry"
  ],
  "DetectionModifiers": [
    "Tainted"
  ],
  "DetectionText": [
    "Telemetry showed execution of reg.exe with command-line arguments. The activity seen during the initial compromise step tainted the event because it was associated with the same story (Group ID)."
  ],
  "Footnotes": [],
  "Participant_Name": "SentinelOne",
  "Procedure": "",
  "ScreenshotDatasources": [],
  "Step": "13. Discovery for Lateral Movement",
  "Substep": "13.C.1",
  "Subtechnique": "",
  "Subtechnique_Name": "",
  "TacticGroup": "Discovery",
  "Technique": "T1012",
  "Technique_Name": "Query Registry"
}
{
  "Adversary": "apt3",
  "Capability_Requirements": "",
  "Datasources": [],
  "Detection": [
    "Telemetry"
  ],
  "DetectionModifiers": [
    "Tainted"
  ],
  "DetectionText": [
    "Telemetry showed process integrity levels changing from medium to high (tainted by parent alert)."
  ],
  "Footnotes": [
    "Integrity level numbers are based upon how the capability tracks integrity levels and not how Windows tracks them causing a difference in values."
  ],
  "Participant_Name": "SentinelOne",
  "Procedure": "",
  "ScreenshotDatasources": [],
  "Step": "14. Privilege Escalation",
  "Substep": "14.A.1.1",
  "Subtechnique": "T1548.002",
  "Subtechnique_Name": "Abuse Elevation Control Mechanism: Bypass User Account Control",
  "TacticGroup": "Privilege Escalation",
  "Technique": "T1548",
  "Technique_Name": "Abuse Elevation Control Mechanism"
}
{
  "Adversary": "apt3",
  "Capability_Requirements": "",
  "Datasources": [],
  "Detection": [
    "None"
  ],
  "DetectionModifiers": [],
  "DetectionText": [
    "Minimum detection criteria was not met for this procedure."
  ],
  "Footnotes": [],
  "Participant_Name": "SentinelOne",
  "Procedure": "",
  "ScreenshotDatasources": [],
  "Step": "14. Privilege Escalation",
  "Substep": "14.A.1.2",
  "Subtechnique": "",
  "Subtechnique_Name": "",
  "TacticGroup": "Command and Control",
  "Technique": "T1105",
  "Technique_Name": "Ingress Tool Transfer"
}
{
  "Adversary": "apt3",
  "Capability_Requirements": "",
  "Datasources": [],
  "Detection": [
    "None"
  ],
  "DetectionModifiers": [],
  "DetectionText": [
    "Minimum detection criteria was not met for this procedure."
  ],
  "Footnotes": [],
  "Participant_Name": "SentinelOne",
  "Procedure": "",
  "ScreenshotDatasources": [],
  "Step": "14. Privilege Escalation",
  "Substep": "14.A.1.3",
  "Subtechnique": "T1071.001",
  "Subtechnique_Name": "Application Layer Protocol: Web Protocols",
  "TacticGroup": "Command and Control",
  "Technique": "T1071",
  "Technique_Name": "Application Layer Protocol"
}
{
  "Adversary": "apt3",
  "Capability_Requirements": "",
  "Datasources": [],
  "Detection": [
    "Telemetry"
  ],
  "DetectionModifiers": [
    "Tainted"
  ],
  "DetectionText": [
    "Telemetry showed network connections over port 8080. The activity seen during the initial compromise step tainted the event because it was associated with the same story (Group ID)."
  ],
  "Footnotes": [],
  "Participant_Name": "SentinelOne",
  "Procedure": "",
  "ScreenshotDatasources": [],
  "Step": "14. Privilege Escalation",
  "Substep": "14.A.1.4",
  "Subtechnique": "",
  "Subtechnique_Name": "",
  "TacticGroup": "Command and Control",
  "Technique": "T1043",
  "Technique_Name": "Commonly Used Port"
}
{
  "Adversary": "apt3",
  "Capability_Requirements": "",
  "Datasources": [],
  "Detection": [
    "Enrichment"
  ],
  "DetectionModifiers": [
    "Tainted"
  ],
  "DetectionText": [
    "The capability enriched data collected as keylogging behavior that was not visible through the standard interface during the evaluation."
  ],
  "Footnotes": [
    "The capability associated the keylogging event to the parent Group ID even though it is not visible in the data provided."
  ],
  "Participant_Name": "SentinelOne",
  "Procedure": "",
  "ScreenshotDatasources": [],
  "Step": "15. Credential Access",
  "Substep": "15.A.1.1",
  "Subtechnique": "T1059.001",
  "Subtechnique_Name": "Command and Scripting Interpreter: PowerShell",
  "TacticGroup": "Collection",
  "Technique": "T1059",
  "Technique_Name": "Command and Scripting Interpreter"
}
{
  "Adversary": "apt3",
  "Capability_Requirements": "",
  "Datasources": [],
  "Detection": [
    "None"
  ],
  "DetectionModifiers": [],
  "DetectionText": [
    "Minimum detection criteria was not met for this procedure."
  ],
  "Footnotes": [],
  "Participant_Name": "SentinelOne",
  "Procedure": "",
  "ScreenshotDatasources": [],
  "Step": "15. Credential Access",
  "Substep": "15.A.1.2",
  "Subtechnique": "",
  "Subtechnique_Name": "",
  "TacticGroup": "Discovery",
  "Technique": "T1010",
  "Technique_Name": "Application Window Discovery"
}
{
  "Adversary": "apt3",
  "Capability_Requirements": "",
  "Datasources": [],
  "Detection": [
    "None"
  ],
  "DetectionModifiers": [],
  "DetectionText": [
    "Minimum detection criteria was not met for this procedure."
  ],
  "Footnotes": [],
  "Participant_Name": "SentinelOne",
  "Procedure": "",
  "ScreenshotDatasources": [],
  "Step": "15. Credential Access",
  "Substep": "15.B.1",
  "Subtechnique": "T1552.001",
  "Subtechnique_Name": "Unsecured Credentials: Credentials in Files",
  "TacticGroup": "Credential Access",
  "Technique": "T1552",
  "Technique_Name": "Unsecured Credentials"
}
{
  "Adversary": "apt3",
  "Capability_Requirements": "",
  "Datasources": [],
  "Detection": [
    "Telemetry"
  ],
  "DetectionModifiers": [
    "Tainted"
  ],
  "DetectionText": [
    "Telemetry showed repeated logon attempts via net.exe and command-line arguments indicative of password spraying. The activity seen during the initial compromise step tainted the event because it was associated with the same story (Group ID). The log files showed an exit code of 0x2 which indicates a logon failure, but does not differentiate between bad credentials and access denied to resource."
  ],
  "Footnotes": [],
  "Participant_Name": "SentinelOne",
  "Procedure": "",
  "ScreenshotDatasources": [],
  "Step": "16. Lateral Movement",
  "Substep": "16.A.1.1",
  "Subtechnique": "T1110.003",
  "Subtechnique_Name": "Brute Force: Password Spraying",
  "TacticGroup": "Credential Access",
  "Technique": "T1110",
  "Technique_Name": "Brute Force"
}
{
  "Adversary": "apt3",
  "Capability_Requirements": "",
  "Datasources": [],
  "Detection": [
    "Telemetry"
  ],
  "DetectionModifiers": [
    "Tainted"
  ],
  "DetectionText": [
    "Telemetry showed repeated logon attempts targeting ADMIN$ via net.exe and command-line arguments. The activity seen during the initial compromise step tainted the event because it was associated with the same story (Group ID). The log files showed an exit code of 0x2 which indicates a logon failure, but does not differentiate between bad credentials and access denied to resource."
  ],
  "Footnotes": [],
  "Participant_Name": "SentinelOne",
  "Procedure": "",
  "ScreenshotDatasources": [],
  "Step": "16. Lateral Movement",
  "Substep": "16.A.1.2",
  "Subtechnique": "T1021.002",
  "Subtechnique_Name": "Remote Services: SMB/Windows Admin Shares",
  "TacticGroup": "Lateral Movement",
  "Technique": "T1021",
  "Technique_Name": "Remote Services"
}
{
  "Adversary": "apt3",
  "Capability_Requirements": "",
  "Datasources": [],
  "Detection": [
    "Telemetry"
  ],
  "DetectionModifiers": [
    "Tainted"
  ],
  "DetectionText": [
    "Telemetry showed a logon attempt using valid credentials of user Kmitnick via net.exe and command-line arguments (tainted by relationship to threat story). The log files showed an exit code of 0x2 which indicates a logon failure, but does not differentiate between bad credentials and access denied to resource."
  ],
  "Footnotes": [],
  "Participant_Name": "SentinelOne",
  "Procedure": "",
  "ScreenshotDatasources": [],
  "Step": "16. Lateral Movement",
  "Substep": "16.B.1.1",
  "Subtechnique": "T1078.003",
  "Subtechnique_Name": "Valid Accounts: Local Accounts",
  "TacticGroup": "Privilege Escalation",
  "Technique": "T1078",
  "Technique_Name": "Valid Accounts"
}
{
  "Adversary": "apt3",
  "Capability_Requirements": "",
  "Datasources": [],
  "Detection": [
    "Telemetry"
  ],
  "DetectionModifiers": [
    "Tainted"
  ],
  "DetectionText": [
    "Telemetry showed a logon attempt via net.exe and command-line arguments targeting ADMIN$ via net.exe and command-line arguments. The activity seen during the initial compromise step tainted the event because it was associated with the same story (Group ID). The log files showed an exit code of 0x2 which indicates a logon failure, but does not differentiate between bad credentials and access denied to resource."
  ],
  "Footnotes": [],
  "Participant_Name": "SentinelOne",
  "Procedure": "",
  "ScreenshotDatasources": [],
  "Step": "16. Lateral Movement",
  "Substep": "16.B.1.2",
  "Subtechnique": "T1021.002",
  "Subtechnique_Name": "Remote Services: SMB/Windows Admin Shares",
  "TacticGroup": "Lateral Movement",
  "Technique": "T1021",
  "Technique_Name": "Remote Services"
}
{
  "Adversary": "apt3",
  "Capability_Requirements": "",
  "Datasources": [],
  "Detection": [
    "Telemetry"
  ],
  "DetectionModifiers": [
    "Tainted"
  ],
  "DetectionText": [
    "Telemetry showed repeated logon attempts via net.exe and command-line arguments indicative of password spraying, eventually resulting in a successful logon. The activity seen during the initial compromise step tainted the event because it was associated with the same story (Group ID). The log files showed an exit code of 0x2 which indicates a logon failure, but does not differentiate between bad credentials and access denied to resource."
  ],
  "Footnotes": [],
  "Participant_Name": "SentinelOne",
  "Procedure": "",
  "ScreenshotDatasources": [],
  "Step": "16. Lateral Movement",
  "Substep": "16.B.1.3",
  "Subtechnique": "T1110.003",
  "Subtechnique_Name": "Brute Force: Password Spraying",
  "TacticGroup": "Credential Access",
  "Technique": "T1110",
  "Technique_Name": "Brute Force"
}
{
  "Adversary": "apt3",
  "Capability_Requirements": "",
  "Datasources": [],
  "Detection": [
    "Telemetry"
  ],
  "DetectionModifiers": [
    "Tainted"
  ],
  "DetectionText": [
    "Telemetry showed execution of net.exe and command-line arguments. The activity seen during the initial compromise step tainted the event because it was associated with the same story (Group ID)."
  ],
  "Footnotes": [],
  "Participant_Name": "SentinelOne",
  "Procedure": "",
  "ScreenshotDatasources": [],
  "Step": "16. Lateral Movement",
  "Substep": "16.C.1",
  "Subtechnique": "T1070.005",
  "Subtechnique_Name": "Indicator Removal on Host: Network Share Connection Removal",
  "TacticGroup": "Defense Evasion",
  "Technique": "T1070",
  "Technique_Name": "Indicator Removal on Host"
}
{
  "Adversary": "apt3",
  "Capability_Requirements": "",
  "Datasources": [],
  "Detection": [
    "Telemetry"
  ],
  "DetectionModifiers": [
    "Tainted"
  ],
  "DetectionText": [
    "Telemetry showed a logon attempt via net.exe and command-line arguments targeting C$ via net.exe and command-line arguments. The activity seen during the initial compromise step tainted the event because it was associated with the same story (Group ID)."
  ],
  "Footnotes": [],
  "Participant_Name": "SentinelOne",
  "Procedure": "",
  "ScreenshotDatasources": [],
  "Step": "16. Lateral Movement",
  "Substep": "16.D.1.1",
  "Subtechnique": "T1021.002",
  "Subtechnique_Name": "Remote Services: SMB/Windows Admin Shares",
  "TacticGroup": "Lateral Movement",
  "Technique": "T1021",
  "Technique_Name": "Remote Services"
}
{
  "Adversary": "apt3",
  "Capability_Requirements": "",
  "Datasources": [],
  "Detection": [
    "Telemetry"
  ],
  "DetectionModifiers": [
    "Tainted"
  ],
  "DetectionText": [
    "Telemetry showed a logon attempt via net.exe and command-line arguments using valid credentials of user Kmitnick. The activity seen during the initial compromise step tainted the event because it was associated with the same story (Group ID)."
  ],
  "Footnotes": [],
  "Participant_Name": "SentinelOne",
  "Procedure": "",
  "ScreenshotDatasources": [],
  "Step": "16. Lateral Movement",
  "Substep": "16.D.1.2",
  "Subtechnique": "T1078.002",
  "Subtechnique_Name": "Valid Accounts: Domain Accounts",
  "TacticGroup": "Initial Access",
  "Technique": "T1078",
  "Technique_Name": "Valid Accounts"
}
{
  "Adversary": "apt3",
  "Capability_Requirements": "",
  "Datasources": [],
  "Detection": [
    "Telemetry"
  ],
  "DetectionModifiers": [
    "Tainted"
  ],
  "DetectionText": [
    "Telemetry showed creation and file write events for autoupdate.vbs. The activity seen during the initial compromise step tainted the event because it was associated with the same story (Group ID)."
  ],
  "Footnotes": [],
  "Participant_Name": "SentinelOne",
  "Procedure": "",
  "ScreenshotDatasources": [],
  "Step": "16. Lateral Movement",
  "Substep": "16.E.1",
  "Subtechnique": "",
  "Subtechnique_Name": "",
  "TacticGroup": "Command and Control",
  "Technique": "T1105",
  "Technique_Name": "Ingress Tool Transfer"
}
{
  "Adversary": "apt3",
  "Capability_Requirements": "",
  "Datasources": [],
  "Detection": [
    "Telemetry"
  ],
  "DetectionModifiers": [
    "Tainted"
  ],
  "DetectionText": [
    "Telemetry showed cmd.exe execution of autoupdate.vbs. The activity seen during the initial compromise step tainted the event because it was associated with the same story (Group ID)."
  ],
  "Footnotes": [],
  "Participant_Name": "SentinelOne",
  "Procedure": "",
  "ScreenshotDatasources": [],
  "Step": "16. Lateral Movement",
  "Substep": "16.F.1",
  "Subtechnique": "",
  "Subtechnique_Name": "",
  "TacticGroup": "Execution",
  "Technique": "T1059",
  "Technique_Name": "Command and Scripting Interpreter"
}
{
  "Adversary": "apt3",
  "Capability_Requirements": "",
  "Datasources": [],
  "Detection": [
    "Telemetry"
  ],
  "DetectionModifiers": [
    "Tainted"
  ],
  "DetectionText": [
    "Telemetry showed creation of update.vbs on 10.0.0.4 (Creeper). The activity seen during the initial compromise step tainted the event because it was associated with the same story (Group ID)."
  ],
  "Footnotes": [],
  "Participant_Name": "SentinelOne",
  "Procedure": "",
  "ScreenshotDatasources": [],
  "Step": "16. Lateral Movement",
  "Substep": "16.G.1",
  "Subtechnique": "",
  "Subtechnique_Name": "",
  "TacticGroup": "Lateral Movement",
  "Technique": "T1570",
  "Technique_Name": "Lateral Tool Transfer"
}
{
  "Adversary": "apt3",
  "Capability_Requirements": "",
  "Datasources": [],
  "Detection": [
    "Telemetry"
  ],
  "DetectionModifiers": [
    "Tainted"
  ],
  "DetectionText": [
    "Telemetry showed execution of sc.exe to query services on Creeper. The activity seen during the initial compromise step tainted the event because it was associated with the same story (Group ID)."
  ],
  "Footnotes": [],
  "Participant_Name": "SentinelOne",
  "Procedure": "",
  "ScreenshotDatasources": [],
  "Step": "16. Lateral Movement",
  "Substep": "16.H.1",
  "Subtechnique": "",
  "Subtechnique_Name": "",
  "TacticGroup": "Discovery",
  "Technique": "T1007",
  "Technique_Name": "System Service Discovery"
}
{
  "Adversary": "apt3",
  "Capability_Requirements": "",
  "Datasources": [],
  "Detection": [
    "Telemetry"
  ],
  "DetectionModifiers": [
    "Tainted"
  ],
  "DetectionText": [
    "Telemetry showed execution of sc.exe to create the AdobeUpdater service on Creeper with a binPath pointing to cmd.exe to execute update.vbs. The activity seen during the initial compromise step tainted the event because it was associated with the same story (Group ID)."
  ],
  "Footnotes": [],
  "Participant_Name": "SentinelOne",
  "Procedure": "",
  "ScreenshotDatasources": [],
  "Step": "16. Lateral Movement",
  "Substep": "16.I.1.1",
  "Subtechnique": "T1543.003",
  "Subtechnique_Name": "Create or Modify System Process: Windows Service",
  "TacticGroup": "Privilege Escalation",
  "Technique": "T1543",
  "Technique_Name": "Create or Modify System Process"
}
{
  "Adversary": "apt3",
  "Capability_Requirements": "",
  "Datasources": [],
  "Detection": [
    "Telemetry"
  ],
  "DetectionModifiers": [
    "Tainted"
  ],
  "DetectionText": [
    "Telemetry showed executions of sc.exe to create the AdobeUpdater service on Creeper with a binPath pointing to cmd.exe to execute update.vbs as well as a setting the service description. An analyst can use this information to determine AdobeUpdater is masquerading. The activity seen during the initial compromise step tainted the event because it was associated with the same story (Group ID)."
  ],
  "Footnotes": [],
  "Participant_Name": "SentinelOne",
  "Procedure": "",
  "ScreenshotDatasources": [],
  "Step": "16. Lateral Movement",
  "Substep": "16.I.1.2",
  "Subtechnique": "T1036.004",
  "Subtechnique_Name": "Masquerading: Masquerade Task or Service",
  "TacticGroup": "Defense Evasion",
  "Technique": "T1036",
  "Technique_Name": "Masquerading"
}
{
  "Adversary": "apt3",
  "Capability_Requirements": "",
  "Datasources": [],
  "Detection": [
    "Telemetry"
  ],
  "DetectionModifiers": [
    "Tainted"
  ],
  "DetectionText": [
    "Telemetry showed execution of sc.exe to query the AdobeUpdater service on Creeper. The activity seen during the initial compromise step tainted the event because it was associated with the same story (Group ID)."
  ],
  "Footnotes": [],
  "Participant_Name": "SentinelOne",
  "Procedure": "",
  "ScreenshotDatasources": [],
  "Step": "16. Lateral Movement",
  "Substep": "16.J.1",
  "Subtechnique": "",
  "Subtechnique_Name": "",
  "TacticGroup": "Discovery",
  "Technique": "T1007",
  "Technique_Name": "System Service Discovery"
}
{
  "Adversary": "apt3",
  "Capability_Requirements": "",
  "Datasources": [],
  "Detection": [
    "Telemetry"
  ],
  "DetectionModifiers": [],
  "DetectionText": [
    "Telemetry showed a remote access event on update.vbs."
  ],
  "Footnotes": [
    "MITRE verified telemetry was generated for the remote update.vbs file access event, but no screenshot was available."
  ],
  "Participant_Name": "SentinelOne",
  "Procedure": "",
  "ScreenshotDatasources": [],
  "Step": "16. Lateral Movement",
  "Substep": "16.K.1",
  "Subtechnique": "",
  "Subtechnique_Name": "",
  "TacticGroup": "Discovery",
  "Technique": "T1083",
  "Technique_Name": "File and Directory Discovery"
}
{
  "Adversary": "apt3",
  "Capability_Requirements": "",
  "Datasources": [],
  "Detection": [
    "General Behavior",
    "Telemetry"
  ],
  "DetectionModifiers": [
    "Tainted"
  ],
  "DetectionText": [
    "A General Behavior alert was generated for the lateral movement activity. A new story grouping was generated for the event on Creeper to associate subsequent activity.",
    "Telemetry showed execution of sc.exe to start the AdobeUpdater service on Creeper. The activity seen during the initial compromise step tainted the event because it was associated with the same story (Group ID)."
  ],
  "Footnotes": [],
  "Participant_Name": "SentinelOne",
  "Procedure": "",
  "ScreenshotDatasources": [],
  "Step": "16. Lateral Movement",
  "Substep": "16.L.1",
  "Subtechnique": "T1569.002",
  "Subtechnique_Name": "System Services: Service Execution",
  "TacticGroup": "Execution",
  "Technique": "T1569",
  "Technique_Name": "System Services"
}
{
  "Adversary": "apt3",
  "Capability_Requirements": "",
  "Datasources": [],
  "Detection": [
    "Telemetry"
  ],
  "DetectionModifiers": [
    "Tainted"
  ],
  "DetectionText": [
    "Telemetry showed reg.exe execution with command-line arguments indicating a check to see if terminal services was enabled. The activity seen during the lateral movement step tainted the event because it was associated with the same story (Group ID)."
  ],
  "Footnotes": [],
  "Participant_Name": "SentinelOne",
  "Procedure": "",
  "ScreenshotDatasources": [],
  "Step": "17. Persistence",
  "Substep": "17.A.1.1",
  "Subtechnique": "",
  "Subtechnique_Name": "",
  "TacticGroup": "Discovery",
  "Technique": "T1007",
  "Technique_Name": "System Service Discovery"
}
{
  "Adversary": "apt3",
  "Capability_Requirements": "",
  "Datasources": [],
  "Detection": [
    "Telemetry"
  ],
  "DetectionModifiers": [
    "Tainted"
  ],
  "DetectionText": [
    "Telemetry showed reg.exe execution with command-line arguments. The activity seen during the lateral movement step tainted the event because it was associated with the same story (Group ID)."
  ],
  "Footnotes": [],
  "Participant_Name": "SentinelOne",
  "Procedure": "",
  "ScreenshotDatasources": [],
  "Step": "17. Persistence",
  "Substep": "17.A.1.2",
  "Subtechnique": "",
  "Subtechnique_Name": "",
  "TacticGroup": "Discovery",
  "Technique": "T1012",
  "Technique_Name": "Query Registry"
}
{
  "Adversary": "apt3",
  "Capability_Requirements": "",
  "Datasources": [],
  "Detection": [
    "Enrichment"
  ],
  "DetectionModifiers": [
    "Tainted"
  ],
  "DetectionText": [
    "Telemetry showed takeown.exe execution with command-line arguments containing magnify.exe. The event was enriched to show that ownership of a file was taken over. The activity seen during the lateral movement step tainted the event because it was associated with the same story (Group ID)."
  ],
  "Footnotes": [],
  "Participant_Name": "SentinelOne",
  "Procedure": "",
  "ScreenshotDatasources": [],
  "Step": "17. Persistence",
  "Substep": "17.B.1",
  "Subtechnique": "T1222.001",
  "Subtechnique_Name": "File and Directory Permissions Modification: Windows File and Directory Permissions Modification",
  "TacticGroup": "Defense Evasion",
  "Technique": "T1222",
  "Technique_Name": "File and Directory Permissions Modification"
}
{
  "Adversary": "apt3",
  "Capability_Requirements": "",
  "Datasources": [],
  "Detection": [
    "Telemetry"
  ],
  "DetectionModifiers": [
    "Tainted"
  ],
  "DetectionText": [
    "Telemetry showed icacls.exe execution with command-line arguments containing magnify.exe. The activity seen during the lateral movement step tainted the event because it was associated with the same story (Group ID)."
  ],
  "Footnotes": [],
  "Participant_Name": "SentinelOne",
  "Procedure": "",
  "ScreenshotDatasources": [],
  "Step": "17. Persistence",
  "Substep": "17.B.2",
  "Subtechnique": "T1222.001",
  "Subtechnique_Name": "File and Directory Permissions Modification: Windows File and Directory Permissions Modification",
  "TacticGroup": "Defense Evasion",
  "Technique": "T1222",
  "Technique_Name": "File and Directory Permissions Modification"
}
{
  "Adversary": "apt3",
  "Capability_Requirements": "",
  "Datasources": [],
  "Detection": [
    "Telemetry"
  ],
  "DetectionModifiers": [
    "Tainted"
  ],
  "DetectionText": [
    "Telemetry showed file write of magnify.exe in the system directory from a file copy event for cmd.exe with matching hash values. The activity seen during the lateral movement step tainted the event because it was associated with the same story (Group ID)."
  ],
  "Footnotes": [],
  "Participant_Name": "SentinelOne",
  "Procedure": "",
  "ScreenshotDatasources": [],
  "Step": "17. Persistence",
  "Substep": "17.C.1",
  "Subtechnique": "T1546.008",
  "Subtechnique_Name": "Event Triggered Execution: Accessibility Features",
  "TacticGroup": "Persistence",
  "Technique": "T1546",
  "Technique_Name": "Event Triggered Execution"
}
{
  "Adversary": "apt3",
  "Capability_Requirements": "",
  "Datasources": [],
  "Detection": [
    "None"
  ],
  "DetectionModifiers": [],
  "DetectionText": [
    "Minimum detection criteria was not met for this procedure."
  ],
  "Footnotes": [],
  "Participant_Name": "SentinelOne",
  "Procedure": "",
  "ScreenshotDatasources": [],
  "Step": "18. Collection",
  "Substep": "18.A.1",
  "Subtechnique": "",
  "Subtechnique_Name": "",
  "TacticGroup": "Discovery",
  "Technique": "T1083",
  "Technique_Name": "File and Directory Discovery"
}
{
  "Adversary": "apt3",
  "Capability_Requirements": "",
  "Datasources": [],
  "Detection": [
    "Telemetry"
  ],
  "DetectionModifiers": [
    "Tainted"
  ],
  "DetectionText": [
    "Telemetry showed file write of the .vsdx to the Recycle Bin. The activity seen during the lateral movement step tainted the telemetry because it was associated with the same story (Group ID)."
  ],
  "Footnotes": [],
  "Participant_Name": "SentinelOne",
  "Procedure": "",
  "ScreenshotDatasources": [],
  "Step": "18. Collection",
  "Substep": "18.B.1.1",
  "Subtechnique": "T1074.002",
  "Subtechnique_Name": "Data Staged: Remote Data Staging",
  "TacticGroup": "Collection",
  "Technique": "T1074",
  "Technique_Name": "Data Staged"
}
{
  "Adversary": "apt3",
  "Capability_Requirements": "",
  "Datasources": [],
  "Detection": [
    "Telemetry"
  ],
  "DetectionModifiers": [
    "Tainted"
  ],
  "DetectionText": [
    "Telemetry showed the .vsdx file copied from a network shared drive on Conficker. The activity seen during the lateral movement step tainted the telemetry because it was associated with the same story (Group ID)."
  ],
  "Footnotes": [],
  "Participant_Name": "SentinelOne",
  "Procedure": "",
  "ScreenshotDatasources": [],
  "Step": "18. Collection",
  "Substep": "18.B.1.2",
  "Subtechnique": "",
  "Subtechnique_Name": "",
  "TacticGroup": "Collection",
  "Technique": "T1039",
  "Technique_Name": "Data from Network Shared Drive"
}
{
  "Adversary": "apt3",
  "Capability_Requirements": "",
  "Datasources": [],
  "Detection": [
    "Telemetry"
  ],
  "DetectionModifiers": [
    "Tainted"
  ],
  "DetectionText": [
    "Telemetry showed file creation event for recycler.exe on CodeRed along with MD5, SHA1, and SHA256 hashes. Hashes could be used to look up information on the binary. The activity seen during the lateral movement step tainted the event because it was associated with the same story (Group ID)."
  ],
  "Footnotes": [],
  "Participant_Name": "SentinelOne",
  "Procedure": "",
  "ScreenshotDatasources": [],
  "Step": "19. Exfiltration",
  "Substep": "19.A.1.1",
  "Subtechnique": "",
  "Subtechnique_Name": "",
  "TacticGroup": "Defense Evasion",
  "Technique": "T1036",
  "Technique_Name": "Masquerading"
}
{
  "Adversary": "apt3",
  "Capability_Requirements": "",
  "Datasources": [],
  "Detection": [
    "Telemetry"
  ],
  "DetectionModifiers": [
    "Tainted"
  ],
  "DetectionText": [
    "Telemetry showed file write of recycler.exe with hash value. The activity seen during the lateral movement step tainted the event because it was associated with the same story (Group ID)."
  ],
  "Footnotes": [],
  "Participant_Name": "SentinelOne",
  "Procedure": "",
  "ScreenshotDatasources": [],
  "Step": "19. Exfiltration",
  "Substep": "19.A.1.2",
  "Subtechnique": "",
  "Subtechnique_Name": "",
  "TacticGroup": "Command and Control",
  "Technique": "T1105",
  "Technique_Name": "Ingress Tool Transfer"
}
{
  "Adversary": "apt3",
  "Capability_Requirements": "",
  "Datasources": [],
  "Detection": [
    "Telemetry"
  ],
  "DetectionModifiers": [
    "Tainted"
  ],
  "DetectionText": [
    "Telemetry showed execution of recycler.exe with command-line arguments, including the -hp flag, indicating use of encryption and compression with a WinRAR utility. The activity seen during the lateral movement step tainted the event because it was associated with the same story (Group ID)."
  ],
  "Footnotes": [],
  "Participant_Name": "SentinelOne",
  "Procedure": "",
  "ScreenshotDatasources": [],
  "Step": "19. Exfiltration",
  "Substep": "19.B.1.1",
  "Subtechnique": "T1560.001",
  "Subtechnique_Name": "Archive Collected Data: Archive via Utility",
  "TacticGroup": "Collection",
  "Technique": "T1560",
  "Technique_Name": "Archive Collected Data"
}
{
  "Adversary": "apt3",
  "Capability_Requirements": "",
  "Datasources": [],
  "Detection": [
    "Telemetry"
  ],
  "DetectionModifiers": [
    "Tainted"
  ],
  "DetectionText": [
    "Telemetry showed execution of recycler.exe with command-line arguments, including the -hp flag, indicating use of encryption and compression with a WinRAR utility. The activity seen during the lateral movement step tainted the event because it was associated with the same story (Group ID)."
  ],
  "Footnotes": [],
  "Participant_Name": "SentinelOne",
  "Procedure": "",
  "ScreenshotDatasources": [],
  "Step": "19. Exfiltration",
  "Substep": "19.B.1.2",
  "Subtechnique": "T1560.001",
  "Subtechnique_Name": "Archive Collected Data: Archive via Utility",
  "TacticGroup": "Collection",
  "Technique": "T1560",
  "Technique_Name": "Archive Collected Data"
}
{
  "Adversary": "apt3",
  "Capability_Requirements": "",
  "Datasources": [],
  "Detection": [
    "Enrichment"
  ],
  "DetectionModifiers": [
    "Tainted"
  ],
  "DetectionText": [
    "Telemetry showed execution of recycler.exe with command-line arguments, including the -hp flag, indicating use of encryption and compression with a WinRAR utility. The Process Name field in the row for recycler.exe enriched the event with \\\"Command line RAR\\\". The activity seen during the lateral movement step tainted the event because it was associated with the same story (Group ID)."
  ],
  "Footnotes": [],
  "Participant_Name": "SentinelOne",
  "Procedure": "",
  "ScreenshotDatasources": [],
  "Step": "19. Exfiltration",
  "Substep": "19.B.1.3",
  "Subtechnique": "",
  "Subtechnique_Name": "",
  "TacticGroup": "Defense Evasion",
  "Technique": "T1036",
  "Technique_Name": "Masquerading"
}
{
  "Adversary": "apt3",
  "Capability_Requirements": "",
  "Datasources": [],
  "Detection": [
    "Telemetry"
  ],
  "DetectionModifiers": [
    "Tainted"
  ],
  "DetectionText": [
    "Telemetry showed ftp.exe running with ftp.txt as an argument. The activity seen during the lateral movement step tainted the event because it was associated with the same story (Group ID)."
  ],
  "Footnotes": [],
  "Participant_Name": "SentinelOne",
  "Procedure": "",
  "ScreenshotDatasources": [],
  "Step": "19. Exfiltration",
  "Substep": "19.C.1",
  "Subtechnique": "",
  "Subtechnique_Name": "",
  "TacticGroup": "Exfiltration",
  "Technique": "T1048",
  "Technique_Name": "Exfiltration Over Alternative Protocol"
}
{
  "Adversary": "apt3",
  "Capability_Requirements": "",
  "Datasources": [],
  "Detection": [
    "Telemetry"
  ],
  "DetectionModifiers": [
    "Tainted"
  ],
  "DetectionText": [
    "Telemetry showed the file deletion of old.rar. The activity seen during the lateral movement step tainted the event because it was associated with the same story (Group ID)."
  ],
  "Footnotes": [],
  "Participant_Name": "SentinelOne",
  "Procedure": "",
  "ScreenshotDatasources": [],
  "Step": "19. Exfiltration",
  "Substep": "19.D.1",
  "Subtechnique": "T1070.004",
  "Subtechnique_Name": "Indicator Removal on Host: File Deletion",
  "TacticGroup": "Defense Evasion",
  "Technique": "T1070",
  "Technique_Name": "Indicator Removal on Host"
}
{
  "Adversary": "apt3",
  "Capability_Requirements": "",
  "Datasources": [],
  "Detection": [
    "Telemetry"
  ],
  "DetectionModifiers": [
    "Tainted"
  ],
  "DetectionText": [
    "Telemetry showed the file deletion of recycler.exe. The activity seen during the lateral movement step tainted the event because it was associated with the same story (Group ID)."
  ],
  "Footnotes": [],
  "Participant_Name": "SentinelOne",
  "Procedure": "",
  "ScreenshotDatasources": [],
  "Step": "19. Exfiltration",
  "Substep": "19.D.2",
  "Subtechnique": "T1070.004",
  "Subtechnique_Name": "Indicator Removal on Host: File Deletion",
  "TacticGroup": "Defense Evasion",
  "Technique": "T1070",
  "Technique_Name": "Indicator Removal on Host"
}
{
  "Adversary": "apt3",
  "Capability_Requirements": "",
  "Datasources": [],
  "Detection": [
    "Telemetry"
  ],
  "DetectionModifiers": [],
  "DetectionText": [
    "Telemetry showed execution of magnify.exe which was identified as a Windows Command Processor within the interface. Activity associated with a new story (Group ID)."
  ],
  "Footnotes": [],
  "Participant_Name": "SentinelOne",
  "Procedure": "",
  "ScreenshotDatasources": [],
  "Step": "20. Execution of Persistence",
  "Substep": "20.A.1.1",
  "Subtechnique": "T1546.008",
  "Subtechnique_Name": "Event Triggered Execution: Accessibility Features",
  "TacticGroup": "Persistence",
  "Technique": "T1546",
  "Technique_Name": "Event Triggered Execution"
}
{
  "Adversary": "apt3",
  "Capability_Requirements": "",
  "Datasources": [],
  "Detection": [
    "None"
  ],
  "DetectionModifiers": [],
  "DetectionText": [
    "Minimum detection criteria was not met for this procedure."
  ],
  "Footnotes": [],
  "Participant_Name": "SentinelOne",
  "Procedure": "",
  "ScreenshotDatasources": [],
  "Step": "20. Execution of Persistence",
  "Substep": "20.A.1.2",
  "Subtechnique": "T1021.001",
  "Subtechnique_Name": "Remote Services: Remote Desktop Protocol",
  "TacticGroup": "Lateral Movement",
  "Technique": "T1021",
  "Technique_Name": "Remote Services"
}
{
  "Adversary": "apt3",
  "Capability_Requirements": "",
  "Datasources": [],
  "Detection": [
    "Enrichment"
  ],
  "DetectionModifiers": [],
  "DetectionText": [
    "Enrichment showed execution of the whoami command (enriched with description \\\"whoami - displays logged on user information\\\"). Execution of whoami was associated to the story (Group ID) created from the execution of magnify.exe, but was not considered tainted because an alert was not generated when magnify.exe was executed."
  ],
  "Footnotes": [],
  "Participant_Name": "SentinelOne",
  "Procedure": "",
  "ScreenshotDatasources": [],
  "Step": "20. Execution of Persistence",
  "Substep": "20.B.1",
  "Subtechnique": "",
  "Subtechnique_Name": "",
  "TacticGroup": "Discovery",
  "Technique": "T1033",
  "Technique_Name": "System Owner/User Discovery"
}
