{
  "Adversary": "apt3",
  "Capability_Requirements": "",
  "Datasources": [],
  "Detection": [
    "General Behavior",
    "Telemetry"
  ],
  "DetectionModifiers": [],
  "DetectionText": [
    "A General Behavior alert was generated indicating that the user Debbie executed Resume Viewer.exe. This alert had a severity score of 51/100 and was based upon \\\"Newly Executed Applications\\\".",
    "Telemetry within the process tree showed Resume Viewer.exe running along with its children."
  ],
  "Footnotes": [],
  "Participant_Name": "VMware Carbon Black",
  "Procedure": "",
  "ScreenshotDatasources": [],
  "Step": "1. Initial Compromise",
  "Substep": "1.A.1.1",
  "Subtechnique": "T1204.002",
  "Subtechnique_Name": "User Execution: Malicious File",
  "TacticGroup": "Execution",
  "Technique": "T1204",
  "Technique_Name": "User Execution"
}
{
  "Adversary": "apt3",
  "Capability_Requirements": "",
  "Datasources": [],
  "Detection": [
    "Enrichment",
    "Telemetry"
  ],
  "DetectionModifiers": [],
  "DetectionText": [
    "The capability enriched the rundll32.exe execution with the correct ATT&CK Technique (T1085, which corresponds to the Rundll32 Technique).",
    "Telemetry within the process tree showed the Resume Viewer.exe execution sequence and rundll32.exe executing."
  ],
  "Footnotes": [],
  "Participant_Name": "VMware Carbon Black",
  "Procedure": "",
  "ScreenshotDatasources": [],
  "Step": "1. Initial Compromise",
  "Substep": "1.A.1.2",
  "Subtechnique": "T1218.011",
  "Subtechnique_Name": "Signed Binary Proxy Execution: Rundll32",
  "TacticGroup": "Execution",
  "Technique": "T1218",
  "Technique_Name": "Signed Binary Proxy Execution"
}
{
  "Adversary": "apt3",
  "Capability_Requirements": "",
  "Datasources": [],
  "Detection": [
    "Enrichment",
    "Telemetry"
  ],
  "DetectionModifiers": [],
  "DetectionText": [
    "The capability enriched the cmd.exe execution with the correct ATT&CK Technique (T1064 - Scripting).",
    "Telemetry within the process tree showed cmd.exe executing the pdfhelper.cmd script."
  ],
  "Footnotes": [],
  "Participant_Name": "VMware Carbon Black",
  "Procedure": "",
  "ScreenshotDatasources": [],
  "Step": "1. Initial Compromise",
  "Substep": "1.A.1.3",
  "Subtechnique": "T1059.003",
  "Subtechnique_Name": "Command and Scripting Interpreter: Windows Command Shell",
  "TacticGroup": "Execution",
  "Technique": "T1059",
  "Technique_Name": "Command and Scripting Interpreter"
}
{
  "Adversary": "apt3",
  "Capability_Requirements": "",
  "Datasources": [],
  "Detection": [
    "Enrichment",
    "Telemetry"
  ],
  "DetectionModifiers": [],
  "DetectionText": [
    "The capability enriched cmd.exe with the correct ATT&CK Technique (T1060 - Registry Run Keys/Start Folder).",
    "Telemetry showed filemods indicating the creation and file write of autoupdate.bat to the Startup folder."
  ],
  "Footnotes": [],
  "Participant_Name": "VMware Carbon Black",
  "Procedure": "",
  "ScreenshotDatasources": [],
  "Step": "1. Initial Compromise",
  "Substep": "1.B.1",
  "Subtechnique": "T1547.001",
  "Subtechnique_Name": "Boot or Logon Autostart Execution: Registry Run Keys / Startup Folder",
  "TacticGroup": "Persistence",
  "Technique": "T1547",
  "Technique_Name": "Boot or Logon Autostart Execution"
}
{
  "Adversary": "apt3",
  "Capability_Requirements": "",
  "Datasources": [],
  "Detection": [
    "Telemetry"
  ],
  "DetectionModifiers": [],
  "DetectionText": [
    "Telemetry showed a network connection over UDP port 53."
  ],
  "Footnotes": [],
  "Participant_Name": "VMware Carbon Black",
  "Procedure": "",
  "ScreenshotDatasources": [],
  "Step": "1. Initial Compromise",
  "Substep": "1.C.1.1",
  "Subtechnique": "",
  "Subtechnique_Name": "",
  "TacticGroup": "Command and Control",
  "Technique": "T1043",
  "Technique_Name": "Commonly Used Port"
}
{
  "Adversary": "apt3",
  "Capability_Requirements": "",
  "Datasources": [],
  "Detection": [
    "None"
  ],
  "DetectionModifiers": [],
  "DetectionText": [
    "Minimum detection criteria was not met for this procedure."
  ],
  "Footnotes": [],
  "Participant_Name": "VMware Carbon Black",
  "Procedure": "",
  "ScreenshotDatasources": [],
  "Step": "1. Initial Compromise",
  "Substep": "1.C.1.2",
  "Subtechnique": "T1071.004",
  "Subtechnique_Name": "Application Layer Protocol: DNS",
  "TacticGroup": "Command and Control",
  "Technique": "T1071",
  "Technique_Name": "Application Layer Protocol"
}
{
  "Adversary": "apt3",
  "Capability_Requirements": "",
  "Datasources": [],
  "Detection": [
    "None"
  ],
  "DetectionModifiers": [],
  "DetectionText": [
    "Minimum detection criteria was not met for this procedure."
  ],
  "Footnotes": [],
  "Participant_Name": "VMware Carbon Black",
  "Procedure": "",
  "ScreenshotDatasources": [],
  "Step": "1. Initial Compromise",
  "Substep": "1.C.1.3",
  "Subtechnique": "T1132.001",
  "Subtechnique_Name": "Data Encoding: Standard Encoding",
  "TacticGroup": "Command and Control",
  "Technique": "T1132",
  "Technique_Name": "Data Encoding"
}
{
  "Adversary": "apt3",
  "Capability_Requirements": "",
  "Datasources": [],
  "Detection": [
    "Enrichment",
    "Telemetry"
  ],
  "DetectionModifiers": [],
  "DetectionText": [
    "The capability enriched ipconfig.exe with the correct ATT&CK Technique (T1016 - System Network Configuration Discovery).",
    "Telemetry within the process tree showed cmd.exe executing ipconfig.exe with command-line arguments."
  ],
  "Footnotes": [],
  "Participant_Name": "VMware Carbon Black",
  "Procedure": "",
  "ScreenshotDatasources": [],
  "Step": "2. Initial Discovery",
  "Substep": "2.A.1",
  "Subtechnique": "",
  "Subtechnique_Name": "",
  "TacticGroup": "Discovery",
  "Technique": "T1016",
  "Technique_Name": "System Network Configuration Discovery"
}
{
  "Adversary": "apt3",
  "Capability_Requirements": "",
  "Datasources": [],
  "Detection": [
    "Enrichment",
    "Telemetry"
  ],
  "DetectionModifiers": [],
  "DetectionText": [
    "The capability enriched arp.exe with a related ATT&CK Technique (T1018 - Remote System Discovery).",
    "Telemetry within the process tree showed cmd.exe executing arp.exe with command-line arguments."
  ],
  "Footnotes": [],
  "Participant_Name": "VMware Carbon Black",
  "Procedure": "",
  "ScreenshotDatasources": [],
  "Step": "2. Initial Discovery",
  "Substep": "2.A.2",
  "Subtechnique": "",
  "Subtechnique_Name": "",
  "TacticGroup": "Discovery",
  "Technique": "T1016",
  "Technique_Name": "System Network Configuration Discovery"
}
{
  "Adversary": "apt3",
  "Capability_Requirements": "",
  "Datasources": [],
  "Detection": [
    "Telemetry"
  ],
  "DetectionModifiers": [],
  "DetectionText": [
    "Telemetry within the process tree showed cmd.exe executing echo with command-line arguments."
  ],
  "Footnotes": [],
  "Participant_Name": "VMware Carbon Black",
  "Procedure": "",
  "ScreenshotDatasources": [],
  "Step": "2. Initial Discovery",
  "Substep": "2.B.1",
  "Subtechnique": "",
  "Subtechnique_Name": "",
  "TacticGroup": "Discovery",
  "Technique": "T1033",
  "Technique_Name": "System Owner/User Discovery"
}
{
  "Adversary": "apt3",
  "Capability_Requirements": "",
  "Datasources": [],
  "Detection": [
    "None"
  ],
  "DetectionModifiers": [],
  "DetectionText": [
    "Minimum detection criteria was not met for this procedure."
  ],
  "Footnotes": [],
  "Participant_Name": "VMware Carbon Black",
  "Procedure": "",
  "ScreenshotDatasources": [],
  "Step": "2. Initial Discovery",
  "Substep": "2.C.1",
  "Subtechnique": "",
  "Subtechnique_Name": "",
  "TacticGroup": "Discovery",
  "Technique": "T1057",
  "Technique_Name": "Process Discovery"
}
{
  "Adversary": "apt3",
  "Capability_Requirements": "",
  "Datasources": [],
  "Detection": [
    "Enrichment",
    "Telemetry"
  ],
  "DetectionModifiers": [],
  "DetectionText": [
    "The capability enriched tasklist.exe with the correct ATT&CK Technique (T1057 - Process Discovery).",
    "Telemetry within the process tree showed cmd.exe executing tasklist.exe with command-line arguments."
  ],
  "Footnotes": [],
  "Participant_Name": "VMware Carbon Black",
  "Procedure": "",
  "ScreenshotDatasources": [],
  "Step": "2. Initial Discovery",
  "Substep": "2.C.2",
  "Subtechnique": "",
  "Subtechnique_Name": "",
  "TacticGroup": "Discovery",
  "Technique": "T1057",
  "Technique_Name": "Process Discovery"
}
{
  "Adversary": "apt3",
  "Capability_Requirements": "",
  "Datasources": [],
  "Detection": [
    "Enrichment",
    "Telemetry"
  ],
  "DetectionModifiers": [],
  "DetectionText": [
    "The capability enriched sc.exe with the correct ATT&CK Technique (System Service Discovery).",
    "Telemetry within the process tree showed cmd.exe executing sc.exe with command-line arguments."
  ],
  "Footnotes": [],
  "Participant_Name": "VMware Carbon Black",
  "Procedure": "",
  "ScreenshotDatasources": [],
  "Step": "2. Initial Discovery",
  "Substep": "2.D.1",
  "Subtechnique": "",
  "Subtechnique_Name": "",
  "TacticGroup": "Discovery",
  "Technique": "T1007",
  "Technique_Name": "System Service Discovery"
}
{
  "Adversary": "apt3",
  "Capability_Requirements": "",
  "Datasources": [],
  "Detection": [
    "Enrichment",
    "Telemetry"
  ],
  "DetectionModifiers": [],
  "DetectionText": [
    "The capability enriched net.exe with the correct ATT&CK Technique (System Service Discovery).",
    "Telemetry within the process tree showed cmd.exe executing net.exe with command-line arguments."
  ],
  "Footnotes": [],
  "Participant_Name": "VMware Carbon Black",
  "Procedure": "",
  "ScreenshotDatasources": [],
  "Step": "2. Initial Discovery",
  "Substep": "2.D.2",
  "Subtechnique": "",
  "Subtechnique_Name": "",
  "TacticGroup": "Discovery",
  "Technique": "T1007",
  "Technique_Name": "System Service Discovery"
}
{
  "Adversary": "apt3",
  "Capability_Requirements": "",
  "Datasources": [],
  "Detection": [
    "Enrichment",
    "Telemetry"
  ],
  "DetectionModifiers": [],
  "DetectionText": [
    "The capability enriched systeminfo.exe with the correct ATT&CK Technique (System Information Discovery).",
    "Telemetry within the process tree showed cmd.exe executing systeminfo.exe."
  ],
  "Footnotes": [],
  "Participant_Name": "VMware Carbon Black",
  "Procedure": "",
  "ScreenshotDatasources": [],
  "Step": "2. Initial Discovery",
  "Substep": "2.E.1",
  "Subtechnique": "",
  "Subtechnique_Name": "",
  "TacticGroup": "Discovery",
  "Technique": "T1082",
  "Technique_Name": "System Information Discovery"
}
{
  "Adversary": "apt3",
  "Capability_Requirements": "",
  "Datasources": [],
  "Detection": [
    "Enrichment",
    "Telemetry"
  ],
  "DetectionModifiers": [],
  "DetectionText": [
    "The capability enriched net.exe with the correct ATT&CK Technique (System Information Discovery).",
    "Telemetry within the process tree showed cmd.exe executing net.exe with command-line arguments."
  ],
  "Footnotes": [],
  "Participant_Name": "VMware Carbon Black",
  "Procedure": "",
  "ScreenshotDatasources": [],
  "Step": "2. Initial Discovery",
  "Substep": "2.E.2",
  "Subtechnique": "",
  "Subtechnique_Name": "",
  "TacticGroup": "Discovery",
  "Technique": "T1082",
  "Technique_Name": "System Information Discovery"
}
{
  "Adversary": "apt3",
  "Capability_Requirements": "",
  "Datasources": [],
  "Detection": [
    "Enrichment",
    "Telemetry"
  ],
  "DetectionModifiers": [],
  "DetectionText": [
    "The capability enriched net.exe with the correct ATT&CK Technique (Permission Groups Discovery) as well as the tag Administrator Enumeration.",
    "Telemetry within the process tree showed cmd.exe executing net.exe with command-line arguments."
  ],
  "Footnotes": [],
  "Participant_Name": "VMware Carbon Black",
  "Procedure": "",
  "ScreenshotDatasources": [],
  "Step": "2. Initial Discovery",
  "Substep": "2.F.1",
  "Subtechnique": "T1069.001",
  "Subtechnique_Name": "Permission Groups Discovery: Local Groups",
  "TacticGroup": "Discovery",
  "Technique": "T1069",
  "Technique_Name": "Permission Groups Discovery"
}
{
  "Adversary": "apt3",
  "Capability_Requirements": "",
  "Datasources": [],
  "Detection": [
    "Enrichment",
    "Telemetry"
  ],
  "DetectionModifiers": [],
  "DetectionText": [
    "The capability enriched net.exe with the correct ATT&CK Technique (Permission Groups Discovery) as well as the tag Administrator Enumeration.",
    "Telemetry within the process tree showed cmd.exe executing net.exe with command-line arguments."
  ],
  "Footnotes": [],
  "Participant_Name": "VMware Carbon Black",
  "Procedure": "",
  "ScreenshotDatasources": [],
  "Step": "2. Initial Discovery",
  "Substep": "2.F.2",
  "Subtechnique": "T1069.002",
  "Subtechnique_Name": "Permission Groups Discovery: Domain Groups",
  "TacticGroup": "Discovery",
  "Technique": "T1069",
  "Technique_Name": "Permission Groups Discovery"
}
{
  "Adversary": "apt3",
  "Capability_Requirements": "",
  "Datasources": [],
  "Detection": [
    "Enrichment",
    "Telemetry"
  ],
  "DetectionModifiers": [],
  "DetectionText": [
    "The capability enriched net.exe with the correct ATT&CK Technique (Permission Groups Discovery) as well as the tag Administrator Enumeration.",
    "Telemetry within the process tree showed cmd.exe executing net.exe with command-line arguments."
  ],
  "Footnotes": [],
  "Participant_Name": "VMware Carbon Black",
  "Procedure": "",
  "ScreenshotDatasources": [],
  "Step": "2. Initial Discovery",
  "Substep": "2.F.3",
  "Subtechnique": "T1069.002",
  "Subtechnique_Name": "Permission Groups Discovery: Domain Groups",
  "TacticGroup": "Discovery",
  "Technique": "T1069",
  "Technique_Name": "Permission Groups Discovery"
}
{
  "Adversary": "apt3",
  "Capability_Requirements": "",
  "Datasources": [],
  "Detection": [
    "Enrichment",
    "Telemetry"
  ],
  "DetectionModifiers": [],
  "DetectionText": [
    "The capability enriched net.exe with the correct ATT&CK Technique (Account Discovery).",
    "Telemetry within the process tree showed cmd.exe executing net.exe with command-line arguments."
  ],
  "Footnotes": [],
  "Participant_Name": "VMware Carbon Black",
  "Procedure": "",
  "ScreenshotDatasources": [],
  "Step": "2. Initial Discovery",
  "Substep": "2.G.1",
  "Subtechnique": "T1087.002",
  "Subtechnique_Name": "Account Discovery: Domain Account",
  "TacticGroup": "Discovery",
  "Technique": "T1087",
  "Technique_Name": "Account Discovery"
}
{
  "Adversary": "apt3",
  "Capability_Requirements": "",
  "Datasources": [],
  "Detection": [
    "Enrichment",
    "Telemetry"
  ],
  "DetectionModifiers": [],
  "DetectionText": [
    "The capability enriched net.exe with the correct ATT&CK Technique (Account Discovery).",
    "Telemetry within the process tree showed cmd.exe executing net.exe with command-line arguments."
  ],
  "Footnotes": [],
  "Participant_Name": "VMware Carbon Black",
  "Procedure": "",
  "ScreenshotDatasources": [],
  "Step": "2. Initial Discovery",
  "Substep": "2.G.2",
  "Subtechnique": "T1087.002",
  "Subtechnique_Name": "Account Discovery: Domain Account",
  "TacticGroup": "Discovery",
  "Technique": "T1087",
  "Technique_Name": "Account Discovery"
}
{
  "Adversary": "apt3",
  "Capability_Requirements": "",
  "Datasources": [],
  "Detection": [
    "Enrichment",
    "Telemetry"
  ],
  "DetectionModifiers": [],
  "DetectionText": [
    "The capability enriched reg.exe with the correct ATT&CK Technique (T1012 - Query Registry).",
    "Telemetry within the process tree showed cmd.exe executing reg.exe with command-line arguments."
  ],
  "Footnotes": [],
  "Participant_Name": "VMware Carbon Black",
  "Procedure": "",
  "ScreenshotDatasources": [],
  "Step": "2. Initial Discovery",
  "Substep": "2.H.1",
  "Subtechnique": "",
  "Subtechnique_Name": "",
  "TacticGroup": "Discovery",
  "Technique": "T1012",
  "Technique_Name": "Query Registry"
}
{
  "Adversary": "apt3",
  "Capability_Requirements": "",
  "Datasources": [],
  "Detection": [
    "None"
  ],
  "DetectionModifiers": [],
  "DetectionText": [
    "Minimum detection criteria was not met for this procedure."
  ],
  "Footnotes": [],
  "Participant_Name": "VMware Carbon Black",
  "Procedure": "",
  "ScreenshotDatasources": [],
  "Step": "3. Privilege Escalation",
  "Substep": "3.A.1.1",
  "Subtechnique": "T1548.002",
  "Subtechnique_Name": "Abuse Elevation Control Mechanism: Bypass User Account Control",
  "TacticGroup": "Privilege Escalation",
  "Technique": "T1548",
  "Technique_Name": "Abuse Elevation Control Mechanism"
}
{
  "Adversary": "apt3",
  "Capability_Requirements": "",
  "Datasources": [],
  "Detection": [
    "Telemetry"
  ],
  "DetectionModifiers": [],
  "DetectionText": [
    "Telemetry showed svchost.exe, with the seclogon command-line argument, performing activity related to token manipulation."
  ],
  "Footnotes": [],
  "Participant_Name": "VMware Carbon Black",
  "Procedure": "",
  "ScreenshotDatasources": [],
  "Step": "3. Privilege Escalation",
  "Substep": "3.A.1.2",
  "Subtechnique": "T1134.001",
  "Subtechnique_Name": "Access Token Manipulation: Token Impersonation/Theft",
  "TacticGroup": "Defense Evasion",
  "Technique": "T1134",
  "Technique_Name": "Access Token Manipulation"
}
{
  "Adversary": "apt3",
  "Capability_Requirements": "",
  "Datasources": [],
  "Detection": [
    "None"
  ],
  "DetectionModifiers": [],
  "DetectionText": [
    "Minimum detection criteria was not met for this procedure."
  ],
  "Footnotes": [],
  "Participant_Name": "VMware Carbon Black",
  "Procedure": "",
  "ScreenshotDatasources": [],
  "Step": "3. Privilege Escalation",
  "Substep": "3.B.1",
  "Subtechnique": "",
  "Subtechnique_Name": "",
  "TacticGroup": "Discovery",
  "Technique": "T1057",
  "Technique_Name": "Process Discovery"
}
{
  "Adversary": "apt3",
  "Capability_Requirements": "",
  "Datasources": [],
  "Detection": [
    "Specific Behavior",
    "Telemetry"
  ],
  "DetectionModifiers": [],
  "DetectionText": [
    "A Specific Behavior alert was generated that was mapped to correct ATT&CK Technique (Process Injection).",
    "Telemetry showed \\\"crossproc\\\" events indicative of Process Injection into cmd.exe."
  ],
  "Footnotes": [],
  "Participant_Name": "VMware Carbon Black",
  "Procedure": "",
  "ScreenshotDatasources": [],
  "Step": "3. Privilege Escalation",
  "Substep": "3.C.1",
  "Subtechnique": "",
  "Subtechnique_Name": "",
  "TacticGroup": "Execution",
  "Technique": "T1055",
  "Technique_Name": "Process Injection"
}
{
  "Adversary": "apt3",
  "Capability_Requirements": "",
  "Datasources": [],
  "Detection": [
    "Enrichment",
    "Telemetry"
  ],
  "DetectionModifiers": [],
  "DetectionText": [
    "The capability enriched net.exe with a related ATT&CK technique (Account Discovery).",
    "Telemetry within the process tree showed cmd.exe executing net.exe with command-line arguments."
  ],
  "Footnotes": [],
  "Participant_Name": "VMware Carbon Black",
  "Procedure": "",
  "ScreenshotDatasources": [],
  "Step": "4. Discovery for Lateral Movement",
  "Substep": "4.A.1",
  "Subtechnique": "",
  "Subtechnique_Name": "",
  "TacticGroup": "Discovery",
  "Technique": "T1018",
  "Technique_Name": "Remote System Discovery"
}
{
  "Adversary": "apt3",
  "Capability_Requirements": "",
  "Datasources": [],
  "Detection": [
    "Enrichment",
    "Telemetry"
  ],
  "DetectionModifiers": [],
  "DetectionText": [
    "The capability enriched net.exe with a related ATT&CK technique (Account Discovery).",
    "Telemetry within the process tree showed cmd.exe executing net.exe with command-line arguments."
  ],
  "Footnotes": [],
  "Participant_Name": "VMware Carbon Black",
  "Procedure": "",
  "ScreenshotDatasources": [],
  "Step": "4. Discovery for Lateral Movement",
  "Substep": "4.A.2",
  "Subtechnique": "",
  "Subtechnique_Name": "",
  "TacticGroup": "Discovery",
  "Technique": "T1018",
  "Technique_Name": "Remote System Discovery"
}
{
  "Adversary": "apt3",
  "Capability_Requirements": "",
  "Datasources": [],
  "Detection": [
    "Enrichment",
    "Telemetry"
  ],
  "DetectionModifiers": [],
  "DetectionText": [
    "The capability enriched netsh.exe with a related ATT&CK technique (T1063 - Security Software Discovery) and a tag for Potential Windows Firewall Rule Recon.",
    "Telemetry within the process tree showed cmd.exe executing netsh.exe with command-line arguments."
  ],
  "Footnotes": [],
  "Participant_Name": "VMware Carbon Black",
  "Procedure": "",
  "ScreenshotDatasources": [],
  "Step": "4. Discovery for Lateral Movement",
  "Substep": "4.B.1",
  "Subtechnique": "",
  "Subtechnique_Name": "",
  "TacticGroup": "Discovery",
  "Technique": "T1016",
  "Technique_Name": "System Network Configuration Discovery"
}
{
  "Adversary": "apt3",
  "Capability_Requirements": "",
  "Datasources": [],
  "Detection": [
    "Enrichment",
    "Telemetry"
  ],
  "DetectionModifiers": [],
  "DetectionText": [
    "The capability enriched netstat.exe with the correct ATT&CK technique (System Network Connections Discovery).",
    "Telemetry within the process tree showed cmd.exe executing netstat.exe with command-line arguments."
  ],
  "Footnotes": [],
  "Participant_Name": "VMware Carbon Black",
  "Procedure": "",
  "ScreenshotDatasources": [],
  "Step": "4. Discovery for Lateral Movement",
  "Substep": "4.C.1",
  "Subtechnique": "",
  "Subtechnique_Name": "",
  "TacticGroup": "Discovery",
  "Technique": "T1049",
  "Technique_Name": "System Network Connections Discovery"
}
{
  "Adversary": "apt3",
  "Capability_Requirements": "",
  "Datasources": [],
  "Detection": [
    "Specific Behavior",
    "Telemetry"
  ],
  "DetectionModifiers": [],
  "DetectionText": [
    "A Specific Behavior alert was generated showing the correct ATT&CK Technique (Credential Dumping).",
    "Telemetry showed an open handle to a thread into lsass.exe, which is indicative of process injection for credential dumping."
  ],
  "Footnotes": [],
  "Participant_Name": "VMware Carbon Black",
  "Procedure": "",
  "ScreenshotDatasources": [],
  "Step": "5. Credential Access",
  "Substep": "5.A.1.1",
  "Subtechnique": "T1003.001",
  "Subtechnique_Name": "OS Credential Dumping: LSASS Memory",
  "TacticGroup": "Credential Access",
  "Technique": "T1003",
  "Technique_Name": "OS Credential Dumping"
}
{
  "Adversary": "apt3",
  "Capability_Requirements": "",
  "Datasources": [],
  "Detection": [
    "Telemetry"
  ],
  "DetectionModifiers": [],
  "DetectionText": [
    "Telemetry showed an open handle to a thread into lsass.exe, which is indicative of process injection."
  ],
  "Footnotes": [],
  "Participant_Name": "VMware Carbon Black",
  "Procedure": "",
  "ScreenshotDatasources": [],
  "Step": "5. Credential Access",
  "Substep": "5.A.1.2",
  "Subtechnique": "",
  "Subtechnique_Name": "",
  "TacticGroup": "Execution",
  "Technique": "T1055",
  "Technique_Name": "Process Injection"
}
{
  "Adversary": "apt3",
  "Capability_Requirements": "",
  "Datasources": [],
  "Detection": [
    "Telemetry"
  ],
  "DetectionModifiers": [],
  "DetectionText": [
    "Telemetry showed an open handle to a thread into lsass.exe, which is indicative of process injection for credential dumping."
  ],
  "Footnotes": [],
  "Participant_Name": "VMware Carbon Black",
  "Procedure": "",
  "ScreenshotDatasources": [],
  "Step": "5. Credential Access",
  "Substep": "5.A.2.1",
  "Subtechnique": "T1003.002",
  "Subtechnique_Name": "OS Credential Dumping: Security Account Manager",
  "TacticGroup": "Credential Access",
  "Technique": "T1003",
  "Technique_Name": "OS Credential Dumping"
}
{
  "Adversary": "apt3",
  "Capability_Requirements": "",
  "Datasources": [],
  "Detection": [
    "Specific Behavior",
    "Telemetry"
  ],
  "DetectionModifiers": [],
  "DetectionText": [
    "A Specific Behavior alert was generated showing the correct ATT&CK Technique (Credential Dumping).",
    "Telemetry showed a new thread and open handle into lsass.exe, which is indicative of process injection for credential dumping."
  ],
  "Footnotes": [],
  "Participant_Name": "VMware Carbon Black",
  "Procedure": "",
  "ScreenshotDatasources": [],
  "Step": "5. Credential Access",
  "Substep": "5.A.2.2",
  "Subtechnique": "",
  "Subtechnique_Name": "",
  "TacticGroup": "Execution",
  "Technique": "T1055",
  "Technique_Name": "Process Injection"
}
{
  "Adversary": "apt3",
  "Capability_Requirements": "",
  "Datasources": [],
  "Detection": [
    "Telemetry"
  ],
  "DetectionModifiers": [],
  "DetectionText": [
    "Telemetry showed a change in user execution context from Debbie to George between parent and child processes, which is indicative of token manipulation."
  ],
  "Footnotes": [],
  "Participant_Name": "VMware Carbon Black",
  "Procedure": "",
  "ScreenshotDatasources": [],
  "Step": "5. Credential Access",
  "Substep": "5.B.1",
  "Subtechnique": "T1134.001",
  "Subtechnique_Name": "Access Token Manipulation: Token Impersonation/Theft",
  "TacticGroup": "Defense Evasion",
  "Technique": "T1134",
  "Technique_Name": "Access Token Manipulation"
}
{
  "Adversary": "apt3",
  "Capability_Requirements": "",
  "Datasources": [],
  "Detection": [
    "Enrichment",
    "Telemetry"
  ],
  "DetectionModifiers": [],
  "DetectionText": [
    "The capability enriched reg.exe with the correct ATT&CK Technique (T1012 - Query Registry).",
    "Telemetry showed cmd.exe executing reg.exe with command-line arguments."
  ],
  "Footnotes": [],
  "Participant_Name": "VMware Carbon Black",
  "Procedure": "",
  "ScreenshotDatasources": [],
  "Step": "6. Lateral Movement",
  "Substep": "6.A.1",
  "Subtechnique": "",
  "Subtechnique_Name": "",
  "TacticGroup": "Discovery",
  "Technique": "T1012",
  "Technique_Name": "Query Registry"
}
{
  "Adversary": "apt3",
  "Capability_Requirements": "",
  "Datasources": [],
  "Detection": [
    "Enrichment",
    "Telemetry"
  ],
  "DetectionModifiers": [],
  "DetectionText": [
    "The capability enriched the network connections from rundll32.exe with the correct ATT&CK Technique (T1043 - Commonly Used Port).",
    "Telemetry showed network connections over TCP port 80 to 192.168.0.4 (C2 server)."
  ],
  "Footnotes": [],
  "Participant_Name": "VMware Carbon Black",
  "Procedure": "",
  "ScreenshotDatasources": [],
  "Step": "6. Lateral Movement",
  "Substep": "6.B.1.1",
  "Subtechnique": "",
  "Subtechnique_Name": "",
  "TacticGroup": "Command and Control",
  "Technique": "T1043",
  "Technique_Name": "Commonly Used Port"
}
{
  "Adversary": "apt3",
  "Capability_Requirements": "",
  "Datasources": [],
  "Detection": [
    "Telemetry"
  ],
  "DetectionModifiers": [],
  "DetectionText": [
    "Telemetry showed network connections over TCP port 80 as well as a modload showing winhttp.dll was loaded, which an analyst could use to determine HTTP was used."
  ],
  "Footnotes": [],
  "Participant_Name": "VMware Carbon Black",
  "Procedure": "",
  "ScreenshotDatasources": [],
  "Step": "6. Lateral Movement",
  "Substep": "6.B.1.2",
  "Subtechnique": "T1071.001",
  "Subtechnique_Name": "Application Layer Protocol: Web Protocols",
  "TacticGroup": "Command and Control",
  "Technique": "T1071",
  "Technique_Name": "Application Layer Protocol"
}
{
  "Adversary": "apt3",
  "Capability_Requirements": "",
  "Datasources": [],
  "Detection": [
    "Telemetry"
  ],
  "DetectionModifiers": [],
  "DetectionText": [
    "Telemetry showed separate network connections over port TCP port 80 and UDP port 53, which could indicate multiband communication."
  ],
  "Footnotes": [],
  "Participant_Name": "VMware Carbon Black",
  "Procedure": "",
  "ScreenshotDatasources": [],
  "Step": "6. Lateral Movement",
  "Substep": "6.B.1.3",
  "Subtechnique": "",
  "Subtechnique_Name": "",
  "TacticGroup": "Command and Control",
  "Technique": "T1026",
  "Technique_Name": "Multiband Communication"
}
{
  "Adversary": "apt3",
  "Capability_Requirements": "",
  "Datasources": [],
  "Detection": [
    "Enrichment",
    "Telemetry"
  ],
  "DetectionModifiers": [],
  "DetectionText": [
    "The capability enriched the rdpclip.exe events with the correct ATT&CK Technique (Remote Desktop Protocol).",
    "Telemetry showed a connection to 10.0.0.5 (Conficker) over TCP port 3389 as well as rdpclip.exe executing."
  ],
  "Footnotes": [],
  "Participant_Name": "VMware Carbon Black",
  "Procedure": "",
  "ScreenshotDatasources": [],
  "Step": "6. Lateral Movement",
  "Substep": "6.C.1",
  "Subtechnique": "T1021.001",
  "Subtechnique_Name": "Remote Services: Remote Desktop Protocol",
  "TacticGroup": "Lateral Movement",
  "Technique": "T1021",
  "Technique_Name": "Remote Services"
}
{
  "Adversary": "apt3",
  "Capability_Requirements": "",
  "Datasources": [],
  "Detection": [
    "Enrichment",
    "Telemetry"
  ],
  "DetectionModifiers": [
    "Configuration Change"
  ],
  "DetectionText": [
    "The capability enriched lsass.exe with the tag \\\\\"Create Accounts using GUI\\\\\".",
    "Telemetry showed Registry modification events related to the creation of the user account Jesse."
  ],
  "Footnotes": [
    "The enrichment was added as a configuration change during the action and was not part of the original set of detections when the evaluation started."
  ],
  "Participant_Name": "VMware Carbon Black",
  "Procedure": "",
  "ScreenshotDatasources": [],
  "Step": "7. Persistence",
  "Substep": "7.A.1.1",
  "Subtechnique": "T1136.001",
  "Subtechnique_Name": "Create Account: Local Account",
  "TacticGroup": "Persistence",
  "Technique": "T1136",
  "Technique_Name": "Create Account"
}
{
  "Adversary": "apt3",
  "Capability_Requirements": "",
  "Datasources": [],
  "Detection": [
    "Telemetry"
  ],
  "DetectionModifiers": [],
  "DetectionText": [
    "Telemetry showed execution of mmc.exe, the Microsoft Management Console, spawning the GUI-based lusrmgr.msc (Local Users and Groups snap-in)."
  ],
  "Footnotes": [],
  "Participant_Name": "VMware Carbon Black",
  "Procedure": "",
  "ScreenshotDatasources": [],
  "Step": "7. Persistence",
  "Substep": "7.A.1.2",
  "Subtechnique": "",
  "Subtechnique_Name": "",
  "TacticGroup": "Execution",
  "Technique": "T1061",
  "Technique_Name": "Graphical User Interface"
}
{
  "Adversary": "apt3",
  "Capability_Requirements": "",
  "Datasources": [],
  "Detection": [
    "Telemetry"
  ],
  "DetectionModifiers": [],
  "DetectionText": [
    "Telemetry showed execution of mmc.exe, the Microsoft Management Console, spawning the lusrmgr.msc (Local Users and Groups snap-in) which displays local account information."
  ],
  "Footnotes": [],
  "Participant_Name": "VMware Carbon Black",
  "Procedure": "",
  "ScreenshotDatasources": [],
  "Step": "7. Persistence",
  "Substep": "7.A.1.3",
  "Subtechnique": "T1087.001",
  "Subtechnique_Name": "Account Discovery: Local Account",
  "TacticGroup": "Discovery",
  "Technique": "T1087",
  "Technique_Name": "Account Discovery"
}
{
  "Adversary": "apt3",
  "Capability_Requirements": "",
  "Datasources": [],
  "Detection": [
    "Telemetry"
  ],
  "DetectionModifiers": [],
  "DetectionText": [
    "Telemetry showed file modification events indicating updater.dll being created and written to disk."
  ],
  "Footnotes": [],
  "Participant_Name": "VMware Carbon Black",
  "Procedure": "",
  "ScreenshotDatasources": [],
  "Step": "7. Persistence",
  "Substep": "7.B.1",
  "Subtechnique": "",
  "Subtechnique_Name": "",
  "TacticGroup": "Command and Control",
  "Technique": "T1105",
  "Technique_Name": "Ingress Tool Transfer"
}
{
  "Adversary": "apt3",
  "Capability_Requirements": "",
  "Datasources": [],
  "Detection": [
    "Specific Behavior",
    "Telemetry"
  ],
  "DetectionModifiers": [],
  "DetectionText": [
    "A Specific Behavior alert was generated mapped to the correct ATT&CK Technique (T1053 - Scheduled Task).",
    "Telemetry showed the process tree containing schtasks.exe as well as the full command-line arguments."
  ],
  "Footnotes": [],
  "Participant_Name": "VMware Carbon Black",
  "Procedure": "",
  "ScreenshotDatasources": [],
  "Step": "7. Persistence",
  "Substep": "7.C.1",
  "Subtechnique": "T1053.005",
  "Subtechnique_Name": "Scheduled Task/Job: Scheduled Task",
  "TacticGroup": "Execution",
  "Technique": "T1053",
  "Technique_Name": "Scheduled Task/Job"
}
{
  "Adversary": "apt3",
  "Capability_Requirements": "",
  "Datasources": [],
  "Detection": [
    "Enrichment",
    "Telemetry"
  ],
  "DetectionModifiers": [],
  "DetectionText": [
    "The capability enriched cmd.exe with the correct ATT&CK Technique (T1083 - File and Directory Discovery).",
    "Telemetry showed cmd.exe executing dir with command-line arguments."
  ],
  "Footnotes": [],
  "Participant_Name": "VMware Carbon Black",
  "Procedure": "",
  "ScreenshotDatasources": [],
  "Step": "8. Collection",
  "Substep": "8.A.1",
  "Subtechnique": "",
  "Subtechnique_Name": "",
  "TacticGroup": "Discovery",
  "Technique": "T1083",
  "Technique_Name": "File and Directory Discovery"
}
{
  "Adversary": "apt3",
  "Capability_Requirements": "",
  "Datasources": [],
  "Detection": [
    "Enrichment",
    "Telemetry"
  ],
  "DetectionModifiers": [],
  "DetectionText": [
    "The capability enriched tree.com with the correct ATT&CK Technique (T1083 - File and Directory Discovery).",
    "Telemetry showed cmd.exe executing tree.com with command-line arguments."
  ],
  "Footnotes": [],
  "Participant_Name": "VMware Carbon Black",
  "Procedure": "",
  "ScreenshotDatasources": [],
  "Step": "8. Collection",
  "Substep": "8.A.2",
  "Subtechnique": "",
  "Subtechnique_Name": "",
  "TacticGroup": "Discovery",
  "Technique": "T1083",
  "Technique_Name": "File and Directory Discovery"
}
{
  "Adversary": "apt3",
  "Capability_Requirements": "",
  "Datasources": [],
  "Detection": [
    "None"
  ],
  "DetectionModifiers": [],
  "DetectionText": [
    "Minimum detection criteria was not met for this procedure."
  ],
  "Footnotes": [],
  "Participant_Name": "VMware Carbon Black",
  "Procedure": "",
  "ScreenshotDatasources": [],
  "Step": "8. Collection",
  "Substep": "8.B.1",
  "Subtechnique": "",
  "Subtechnique_Name": "",
  "TacticGroup": "Discovery",
  "Technique": "T1057",
  "Technique_Name": "Process Discovery"
}
{
  "Adversary": "apt3",
  "Capability_Requirements": "",
  "Datasources": [],
  "Detection": [
    "None"
  ],
  "DetectionModifiers": [],
  "DetectionText": [
    "Minimum detection criteria was not met for this procedure."
  ],
  "Footnotes": [
    "The vendor indicated that CB Defense sees applicable API calls, but that product was not included in the evaluation."
  ],
  "Participant_Name": "VMware Carbon Black",
  "Procedure": "",
  "ScreenshotDatasources": [],
  "Step": "8. Collection",
  "Substep": "8.C.1.1",
  "Subtechnique": "T1056.001",
  "Subtechnique_Name": "Input Capture: Keylogging",
  "TacticGroup": "Collection",
  "Technique": "T1056",
  "Technique_Name": "Input Capture"
}
{
  "Adversary": "apt3",
  "Capability_Requirements": "",
  "Datasources": [],
  "Detection": [
    "None"
  ],
  "DetectionModifiers": [],
  "DetectionText": [
    "Minimum detection criteria was not met for this procedure."
  ],
  "Footnotes": [],
  "Participant_Name": "VMware Carbon Black",
  "Procedure": "",
  "ScreenshotDatasources": [],
  "Step": "8. Collection",
  "Substep": "8.C.1.2",
  "Subtechnique": "",
  "Subtechnique_Name": "",
  "TacticGroup": "Discovery",
  "Technique": "T1010",
  "Technique_Name": "Application Window Discovery"
}
{
  "Adversary": "apt3",
  "Capability_Requirements": "",
  "Datasources": [],
  "Detection": [
    "None"
  ],
  "DetectionModifiers": [],
  "DetectionText": [
    "Minimum detection criteria was not met for this procedure."
  ],
  "Footnotes": [],
  "Participant_Name": "VMware Carbon Black",
  "Procedure": "",
  "ScreenshotDatasources": [],
  "Step": "8. Collection",
  "Substep": "8.D.1.1",
  "Subtechnique": "",
  "Subtechnique_Name": "",
  "TacticGroup": "Discovery",
  "Technique": "T1113",
  "Technique_Name": "Screen Capture"
}
{
  "Adversary": "apt3",
  "Capability_Requirements": "",
  "Datasources": [],
  "Detection": [
    "Telemetry"
  ],
  "DetectionModifiers": [],
  "DetectionText": [
    "Telemetry showed a cross-process \\\"open handle\\\" event into explorer.exe, which could be indicative of process injection."
  ],
  "Footnotes": [],
  "Participant_Name": "VMware Carbon Black",
  "Procedure": "",
  "ScreenshotDatasources": [],
  "Step": "8. Collection",
  "Substep": "8.D.1.2",
  "Subtechnique": "",
  "Subtechnique_Name": "",
  "TacticGroup": "Execution",
  "Technique": "T1055",
  "Technique_Name": "Process Injection"
}
{
  "Adversary": "apt3",
  "Capability_Requirements": "",
  "Datasources": [],
  "Detection": [
    "None"
  ],
  "DetectionModifiers": [],
  "DetectionText": [
    "Minimum detection criteria was not met for this procedure."
  ],
  "Footnotes": [],
  "Participant_Name": "VMware Carbon Black",
  "Procedure": "",
  "ScreenshotDatasources": [],
  "Step": "9. Exfiltration",
  "Substep": "9.A.1",
  "Subtechnique": "",
  "Subtechnique_Name": "",
  "TacticGroup": "Discovery",
  "Technique": "T1083",
  "Technique_Name": "File and Directory Discovery"
}
{
  "Adversary": "apt3",
  "Capability_Requirements": "",
  "Datasources": [],
  "Detection": [
    "None"
  ],
  "DetectionModifiers": [],
  "DetectionText": [
    "Minimum detection criteria was not met for this procedure."
  ],
  "Footnotes": [],
  "Participant_Name": "VMware Carbon Black",
  "Procedure": "",
  "ScreenshotDatasources": [],
  "Step": "9. Exfiltration",
  "Substep": "9.B.1.1",
  "Subtechnique": "",
  "Subtechnique_Name": "",
  "TacticGroup": "Collection",
  "Technique": "T1039",
  "Technique_Name": "Data from Network Shared Drive"
}
{
  "Adversary": "apt3",
  "Capability_Requirements": "",
  "Datasources": [],
  "Detection": [
    "None"
  ],
  "DetectionModifiers": [],
  "DetectionText": [
    "Minimum detection criteria was not met for this procedure."
  ],
  "Footnotes": [],
  "Participant_Name": "VMware Carbon Black",
  "Procedure": "",
  "ScreenshotDatasources": [],
  "Step": "9. Exfiltration",
  "Substep": "9.B.1.2",
  "Subtechnique": "",
  "Subtechnique_Name": "",
  "TacticGroup": "Exfiltration",
  "Technique": "T1041",
  "Technique_Name": "Exfiltration Over Command and Control Channel"
}
{
  "Adversary": "apt3",
  "Capability_Requirements": "",
  "Datasources": [],
  "Detection": [
    "Telemetry"
  ],
  "DetectionModifiers": [],
  "DetectionText": [
    "Telemetry within the process tree showed cmd.exe executing autoupdate.bat from the Startup folder."
  ],
  "Footnotes": [],
  "Participant_Name": "VMware Carbon Black",
  "Procedure": "",
  "ScreenshotDatasources": [],
  "Step": "10. Execution of Persistence",
  "Substep": "10.A.1",
  "Subtechnique": "T1547.001",
  "Subtechnique_Name": "Boot or Logon Autostart Execution: Registry Run Keys / Startup Folder",
  "TacticGroup": "Persistence",
  "Technique": "T1547",
  "Technique_Name": "Boot or Logon Autostart Execution"
}
{
  "Adversary": "apt3",
  "Capability_Requirements": "",
  "Datasources": [],
  "Detection": [
    "Telemetry"
  ],
  "DetectionModifiers": [],
  "DetectionText": [
    "Telemetry within the process tree showed rundll32.exe executing updater.dll with a parent of svchost.exe running with command-line arguments \\\\\"-k netsvcs -p -s Schedule\\\\\"."
  ],
  "Footnotes": [],
  "Participant_Name": "VMware Carbon Black",
  "Procedure": "",
  "ScreenshotDatasources": [],
  "Step": "10. Execution of Persistence",
  "Substep": "10.A.2",
  "Subtechnique": "T1053.005",
  "Subtechnique_Name": "Scheduled Task/Job: Scheduled Task",
  "TacticGroup": "Execution",
  "Technique": "T1053",
  "Technique_Name": "Scheduled Task/Job"
}
{
  "Adversary": "apt3",
  "Capability_Requirements": "",
  "Datasources": [],
  "Detection": [
    "Enrichment",
    "Telemetry"
  ],
  "DetectionModifiers": [],
  "DetectionText": [
    "The capability enriched rdpclip.exe with the correct ATT&CK Technique (Remote Desktop Protocol).",
    "Telemetry within the process tree showed rdpclip.exe execution by the user Jesse on the destination system of the RDP connection."
  ],
  "Footnotes": [],
  "Participant_Name": "VMware Carbon Black",
  "Procedure": "",
  "ScreenshotDatasources": [],
  "Step": "10. Execution of Persistence",
  "Substep": "10.B.1.1",
  "Subtechnique": "T1078.003",
  "Subtechnique_Name": "Valid Accounts: Local Accounts",
  "TacticGroup": "Persistence",
  "Technique": "T1078",
  "Technique_Name": "Valid Accounts"
}
{
  "Adversary": "apt3",
  "Capability_Requirements": "",
  "Datasources": [],
  "Detection": [
    "Enrichment",
    "Telemetry"
  ],
  "DetectionModifiers": [],
  "DetectionText": [
    "The capability enriched rdpclip.exe with the correct ATT&CK Technique (Remote Desktop Protocol).",
    "Telemetry within the process tree showed rdpclip.exe execution by the user Jesse on the destination system of the RDP connection."
  ],
  "Footnotes": [],
  "Participant_Name": "VMware Carbon Black",
  "Procedure": "",
  "ScreenshotDatasources": [],
  "Step": "10. Execution of Persistence",
  "Substep": "10.B.1.2",
  "Subtechnique": "T1021.001",
  "Subtechnique_Name": "Remote Services: Remote Desktop Protocol",
  "TacticGroup": "Lateral Movement",
  "Technique": "T1021",
  "Technique_Name": "Remote Services"
}
{
  "Adversary": "apt3",
  "Capability_Requirements": "",
  "Datasources": [],
  "Detection": [
    "Specific Behavior",
    "Specific Behavior",
    "Enrichment",
    "Telemetry"
  ],
  "DetectionModifiers": [],
  "DetectionText": [
    "A Specific Behavior Alert was generated indicating that powershell.exe was a suspicious child process of wscript.exe.",
    "A Specific Behavior alert was generated indicating that powershell.exe was executed with encoded command-line arguments.",
    "The capability enriched wscript.exe and powershell.exe with the correct ATT&CK Techniques (T1063 - Scripting, T1086 - Powershell).",
    "Telemetry of a process tree showed powershell.exe execution, including full command-line arguments."
  ],
  "Footnotes": [],
  "Participant_Name": "VMware Carbon Black",
  "Procedure": "",
  "ScreenshotDatasources": [],
  "Step": "11. Initial Compromise",
  "Substep": "11.A.1",
  "Subtechnique": "T1059.005",
  "Subtechnique_Name": "Command and Scripting Interpreter: Visual Basic",
  "TacticGroup": "Execution",
  "Technique": "T1059",
  "Technique_Name": "Command and Scripting Interpreter"
}
{
  "Adversary": "apt3",
  "Capability_Requirements": "",
  "Datasources": [],
  "Detection": [
    "Enrichment",
    "Telemetry"
  ],
  "DetectionModifiers": [],
  "DetectionText": [
    "The capability enriched backgroundtaskhost.exe and powershell.exe with the correct ATT&CK Technique (T1043 - Commonly Used Port).",
    "Telemetry showed network connections, including over TCP port 443 to www.freegoogleadsenseinfo.com (C2 domain)."
  ],
  "Footnotes": [],
  "Participant_Name": "VMware Carbon Black",
  "Procedure": "",
  "ScreenshotDatasources": [],
  "Step": "11. Initial Compromise",
  "Substep": "11.B.1.1",
  "Subtechnique": "",
  "Subtechnique_Name": "",
  "TacticGroup": "Command and Control",
  "Technique": "T1043",
  "Technique_Name": "Commonly Used Port"
}
{
  "Adversary": "apt3",
  "Capability_Requirements": "",
  "Datasources": [],
  "Detection": [
    "Telemetry"
  ],
  "DetectionModifiers": [],
  "DetectionText": [
    "Telemetry showed modload events importing dynamic libraries usually used for HTTP and SSL communication (e.g. winhttp.dll), followed by a CRL check to a CA, indicating that HTTPS was likely used."
  ],
  "Footnotes": [],
  "Participant_Name": "VMware Carbon Black",
  "Procedure": "",
  "ScreenshotDatasources": [],
  "Step": "11. Initial Compromise",
  "Substep": "11.B.1.2",
  "Subtechnique": "T1071.001",
  "Subtechnique_Name": "Application Layer Protocol: Web Protocols",
  "TacticGroup": "Command and Control",
  "Technique": "T1071",
  "Technique_Name": "Application Layer Protocol"
}
{
  "Adversary": "apt3",
  "Capability_Requirements": "",
  "Datasources": [],
  "Detection": [
    "Telemetry"
  ],
  "DetectionModifiers": [],
  "DetectionText": [
    "Telemetry showed modload events importing dynamic libraries usually used for HTTP and SSL communication (e.g. winhttp.dll), followed by a CRL check to a CA, indicating that HTTPS was likely used."
  ],
  "Footnotes": [],
  "Participant_Name": "VMware Carbon Black",
  "Procedure": "",
  "ScreenshotDatasources": [],
  "Step": "11. Initial Compromise",
  "Substep": "11.B.1.3",
  "Subtechnique": "T1573.002",
  "Subtechnique_Name": "Encrypted Channel: Asymmetric Cryptography",
  "TacticGroup": "Command and Control",
  "Technique": "T1573",
  "Technique_Name": "Encrypted Channel"
}
{
  "Adversary": "apt3",
  "Capability_Requirements": "",
  "Datasources": [],
  "Detection": [
    "Telemetry"
  ],
  "DetectionModifiers": [],
  "DetectionText": [
    "Telemetry within the process tree showed powershell.exe executing route.exe with command-line arguments."
  ],
  "Footnotes": [],
  "Participant_Name": "VMware Carbon Black",
  "Procedure": "",
  "ScreenshotDatasources": [],
  "Step": "12. Initial Discovery",
  "Substep": "12.A.1",
  "Subtechnique": "",
  "Subtechnique_Name": "",
  "TacticGroup": "Discovery",
  "Technique": "T1016",
  "Technique_Name": "System Network Configuration Discovery"
}
{
  "Adversary": "apt3",
  "Capability_Requirements": "",
  "Datasources": [],
  "Detection": [
    "Enrichment",
    "Telemetry"
  ],
  "DetectionModifiers": [],
  "DetectionText": [
    "The capability enriched ipconfig.exe with the correct ATT&CK Technique (T1049 - System Network Configuration Discovery).",
    "Telemetry within the process tree showed powershell.exe executing ipconfig.exe with command-line arguments."
  ],
  "Footnotes": [],
  "Participant_Name": "VMware Carbon Black",
  "Procedure": "",
  "ScreenshotDatasources": [],
  "Step": "12. Initial Discovery",
  "Substep": "12.A.2",
  "Subtechnique": "",
  "Subtechnique_Name": "",
  "TacticGroup": "Discovery",
  "Technique": "T1016",
  "Technique_Name": "System Network Configuration Discovery"
}
{
  "Adversary": "apt3",
  "Capability_Requirements": "",
  "Datasources": [],
  "Detection": [
    "Enrichment",
    "Telemetry"
  ],
  "DetectionModifiers": [],
  "DetectionText": [
    "The capability enriched whoami.exe with the correct ATT&CK Technique (T1033 - System Owner/User Discovery).",
    "Telemetry within the process tree showed powershell.exe executing whoami.exe with command-line arguments."
  ],
  "Footnotes": [],
  "Participant_Name": "VMware Carbon Black",
  "Procedure": "",
  "ScreenshotDatasources": [],
  "Step": "12. Initial Discovery",
  "Substep": "12.B.1",
  "Subtechnique": "",
  "Subtechnique_Name": "",
  "TacticGroup": "Discovery",
  "Technique": "T1033",
  "Technique_Name": "System Owner/User Discovery"
}
{
  "Adversary": "apt3",
  "Capability_Requirements": "",
  "Datasources": [],
  "Detection": [
    "Enrichment",
    "Telemetry"
  ],
  "DetectionModifiers": [],
  "DetectionText": [
    "The capability enriched qprocess.exe with the correct ATT&CK Technique (Process Discovery).",
    "Telemetry within the process tree showed powershell.exe executing qprocess.exe with command-line arguments."
  ],
  "Footnotes": [],
  "Participant_Name": "VMware Carbon Black",
  "Procedure": "",
  "ScreenshotDatasources": [],
  "Step": "12. Initial Discovery",
  "Substep": "12.C.1",
  "Subtechnique": "",
  "Subtechnique_Name": "",
  "TacticGroup": "Discovery",
  "Technique": "T1057",
  "Technique_Name": "Process Discovery"
}
{
  "Adversary": "apt3",
  "Capability_Requirements": "",
  "Datasources": [],
  "Detection": [
    "Telemetry"
  ],
  "DetectionModifiers": [],
  "DetectionText": [
    "Telemetry within the process tree showed powershell.exe executing net.exe with command-line arguments."
  ],
  "Footnotes": [],
  "Participant_Name": "VMware Carbon Black",
  "Procedure": "",
  "ScreenshotDatasources": [],
  "Step": "12. Initial Discovery",
  "Substep": "12.D.1",
  "Subtechnique": "",
  "Subtechnique_Name": "",
  "TacticGroup": "Discovery",
  "Technique": "T1007",
  "Technique_Name": "System Service Discovery"
}
{
  "Adversary": "apt3",
  "Capability_Requirements": "",
  "Datasources": [],
  "Detection": [
    "Telemetry"
  ],
  "DetectionModifiers": [],
  "DetectionText": [
    "Telemetry showed process execution of powershell.exe. The powershell.exe process loaded several non-default dynamically loaded libraries that may indicate the functionality may be used by the PowerShell script."
  ],
  "Footnotes": [],
  "Participant_Name": "VMware Carbon Black",
  "Procedure": "",
  "ScreenshotDatasources": [],
  "Step": "12. Initial Discovery",
  "Substep": "12.E.1",
  "Subtechnique": "T1059.001",
  "Subtechnique_Name": "Command and Scripting Interpreter: PowerShell",
  "TacticGroup": "Execution",
  "Technique": "T1059",
  "Technique_Name": "Command and Scripting Interpreter"
}
{
  "Adversary": "apt3",
  "Capability_Requirements": "",
  "Datasources": [],
  "Detection": [
    "None"
  ],
  "DetectionModifiers": [],
  "DetectionText": [
    "Minimum detection criteria was not met for this procedure."
  ],
  "Footnotes": [],
  "Participant_Name": "VMware Carbon Black",
  "Procedure": "",
  "ScreenshotDatasources": [],
  "Step": "12. Initial Discovery",
  "Substep": "12.E.1.1",
  "Subtechnique": "",
  "Subtechnique_Name": "",
  "TacticGroup": "Discovery",
  "Technique": "T1033",
  "Technique_Name": "System Owner/User Discovery"
}
{
  "Adversary": "apt3",
  "Capability_Requirements": "",
  "Datasources": [],
  "Detection": [
    "None"
  ],
  "DetectionModifiers": [],
  "DetectionText": [
    "Minimum detection criteria was not met for this procedure."
  ],
  "Footnotes": [],
  "Participant_Name": "VMware Carbon Black",
  "Procedure": "",
  "ScreenshotDatasources": [],
  "Step": "12. Initial Discovery",
  "Substep": "12.E.1.2",
  "Subtechnique": "T1069.002",
  "Subtechnique_Name": "Permission Groups Discovery: Domain Groups",
  "TacticGroup": "Discovery",
  "Technique": "T1069",
  "Technique_Name": "Permission Groups Discovery"
}
{
  "Adversary": "apt3",
  "Capability_Requirements": "",
  "Datasources": [],
  "Detection": [
    "None"
  ],
  "DetectionModifiers": [],
  "DetectionText": [
    "Minimum detection criteria was not met for this procedure."
  ],
  "Footnotes": [],
  "Participant_Name": "VMware Carbon Black",
  "Procedure": "",
  "ScreenshotDatasources": [],
  "Step": "12. Initial Discovery",
  "Substep": "12.E.1.3",
  "Subtechnique": "",
  "Subtechnique_Name": "",
  "TacticGroup": "Discovery",
  "Technique": "T1201",
  "Technique_Name": "Password Policy Discovery"
}
{
  "Adversary": "apt3",
  "Capability_Requirements": "",
  "Datasources": [],
  "Detection": [
    "None"
  ],
  "DetectionModifiers": [],
  "DetectionText": [
    "Minimum detection criteria was not met for this procedure."
  ],
  "Footnotes": [],
  "Participant_Name": "VMware Carbon Black",
  "Procedure": "",
  "ScreenshotDatasources": [],
  "Step": "12. Initial Discovery",
  "Substep": "12.E.1.4.1",
  "Subtechnique": "",
  "Subtechnique_Name": "",
  "TacticGroup": "Discovery",
  "Technique": "T1083",
  "Technique_Name": "File and Directory Discovery"
}
{
  "Adversary": "apt3",
  "Capability_Requirements": "",
  "Datasources": [],
  "Detection": [
    "None"
  ],
  "DetectionModifiers": [],
  "DetectionText": [
    "Minimum detection criteria was not met for this procedure."
  ],
  "Footnotes": [],
  "Participant_Name": "VMware Carbon Black",
  "Procedure": "",
  "ScreenshotDatasources": [],
  "Step": "12. Initial Discovery",
  "Substep": "12.E.1.4.2",
  "Subtechnique": "",
  "Subtechnique_Name": "",
  "TacticGroup": "Discovery",
  "Technique": "T1083",
  "Technique_Name": "File and Directory Discovery"
}
{
  "Adversary": "apt3",
  "Capability_Requirements": "",
  "Datasources": [],
  "Detection": [
    "None"
  ],
  "DetectionModifiers": [],
  "DetectionText": [
    "Minimum detection criteria was not met for this procedure."
  ],
  "Footnotes": [],
  "Participant_Name": "VMware Carbon Black",
  "Procedure": "",
  "ScreenshotDatasources": [],
  "Step": "12. Initial Discovery",
  "Substep": "12.E.1.5",
  "Subtechnique": "",
  "Subtechnique_Name": "",
  "TacticGroup": "Collection",
  "Technique": "T1115",
  "Technique_Name": "Clipboard Data"
}
{
  "Adversary": "apt3",
  "Capability_Requirements": "",
  "Datasources": [],
  "Detection": [
    "None"
  ],
  "DetectionModifiers": [],
  "DetectionText": [
    "Minimum detection criteria was not met for this procedure."
  ],
  "Footnotes": [],
  "Participant_Name": "VMware Carbon Black",
  "Procedure": "",
  "ScreenshotDatasources": [],
  "Step": "12. Initial Discovery",
  "Substep": "12.E.1.6.1",
  "Subtechnique": "",
  "Subtechnique_Name": "",
  "TacticGroup": "Discovery",
  "Technique": "T1082",
  "Technique_Name": "System Information Discovery"
}
{
  "Adversary": "apt3",
  "Capability_Requirements": "",
  "Datasources": [],
  "Detection": [
    "None"
  ],
  "DetectionModifiers": [],
  "DetectionText": [
    "Minimum detection criteria was not met for this procedure."
  ],
  "Footnotes": [],
  "Participant_Name": "VMware Carbon Black",
  "Procedure": "",
  "ScreenshotDatasources": [],
  "Step": "12. Initial Discovery",
  "Substep": "12.E.1.6.2",
  "Subtechnique": "",
  "Subtechnique_Name": "",
  "TacticGroup": "Discovery",
  "Technique": "T1082",
  "Technique_Name": "System Information Discovery"
}
{
  "Adversary": "apt3",
  "Capability_Requirements": "",
  "Datasources": [],
  "Detection": [
    "None"
  ],
  "DetectionModifiers": [],
  "DetectionText": [
    "Minimum detection criteria was not met for this procedure."
  ],
  "Footnotes": [],
  "Participant_Name": "VMware Carbon Black",
  "Procedure": "",
  "ScreenshotDatasources": [],
  "Step": "12. Initial Discovery",
  "Substep": "12.E.1.7",
  "Subtechnique": "",
  "Subtechnique_Name": "",
  "TacticGroup": "Discovery",
  "Technique": "T1012",
  "Technique_Name": "Query Registry"
}
{
  "Adversary": "apt3",
  "Capability_Requirements": "",
  "Datasources": [],
  "Detection": [
    "None"
  ],
  "DetectionModifiers": [],
  "DetectionText": [
    "Minimum detection criteria was not met for this procedure."
  ],
  "Footnotes": [],
  "Participant_Name": "VMware Carbon Black",
  "Procedure": "",
  "ScreenshotDatasources": [],
  "Step": "12. Initial Discovery",
  "Substep": "12.E.1.8",
  "Subtechnique": "",
  "Subtechnique_Name": "",
  "TacticGroup": "Discovery",
  "Technique": "T1007",
  "Technique_Name": "System Service Discovery"
}
{
  "Adversary": "apt3",
  "Capability_Requirements": "",
  "Datasources": [],
  "Detection": [
    "None"
  ],
  "DetectionModifiers": [],
  "DetectionText": [
    "Minimum detection criteria was not met for this procedure."
  ],
  "Footnotes": [],
  "Participant_Name": "VMware Carbon Black",
  "Procedure": "",
  "ScreenshotDatasources": [],
  "Step": "12. Initial Discovery",
  "Substep": "12.E.1.9.1",
  "Subtechnique": "",
  "Subtechnique_Name": "",
  "TacticGroup": "Discovery",
  "Technique": "T1135",
  "Technique_Name": "Network Share Discovery"
}
{
  "Adversary": "apt3",
  "Capability_Requirements": "",
  "Datasources": [],
  "Detection": [
    "None"
  ],
  "DetectionModifiers": [],
  "DetectionText": [
    "Minimum detection criteria was not met for this procedure."
  ],
  "Footnotes": [],
  "Participant_Name": "VMware Carbon Black",
  "Procedure": "",
  "ScreenshotDatasources": [],
  "Step": "12. Initial Discovery",
  "Substep": "12.E.1.9.2",
  "Subtechnique": "",
  "Subtechnique_Name": "",
  "TacticGroup": "Discovery",
  "Technique": "T1135",
  "Technique_Name": "Network Share Discovery"
}
{
  "Adversary": "apt3",
  "Capability_Requirements": "",
  "Datasources": [],
  "Detection": [
    "None"
  ],
  "DetectionModifiers": [],
  "DetectionText": [
    "Minimum detection criteria was not met for this procedure."
  ],
  "Footnotes": [],
  "Participant_Name": "VMware Carbon Black",
  "Procedure": "",
  "ScreenshotDatasources": [],
  "Step": "12. Initial Discovery",
  "Substep": "12.E.1.10.1",
  "Subtechnique": "T1518.001",
  "Subtechnique_Name": "Software Discovery: Security Software Discovery",
  "TacticGroup": "Discovery",
  "Technique": "T1518",
  "Technique_Name": "Software Discovery"
}
{
  "Adversary": "apt3",
  "Capability_Requirements": "",
  "Datasources": [],
  "Detection": [
    "None"
  ],
  "DetectionModifiers": [],
  "DetectionText": [
    "Minimum detection criteria was not met for this procedure."
  ],
  "Footnotes": [],
  "Participant_Name": "VMware Carbon Black",
  "Procedure": "",
  "ScreenshotDatasources": [],
  "Step": "12. Initial Discovery",
  "Substep": "12.E.1.10.2",
  "Subtechnique": "T1518.001",
  "Subtechnique_Name": "Software Discovery: Security Software Discovery",
  "TacticGroup": "Discovery",
  "Technique": "T1518",
  "Technique_Name": "Software Discovery"
}
{
  "Adversary": "apt3",
  "Capability_Requirements": "",
  "Datasources": [],
  "Detection": [
    "None"
  ],
  "DetectionModifiers": [],
  "DetectionText": [
    "Minimum detection criteria was not met for this procedure."
  ],
  "Footnotes": [],
  "Participant_Name": "VMware Carbon Black",
  "Procedure": "",
  "ScreenshotDatasources": [],
  "Step": "12. Initial Discovery",
  "Substep": "12.E.1.11",
  "Subtechnique": "",
  "Subtechnique_Name": "",
  "TacticGroup": "Discovery",
  "Technique": "T1016",
  "Technique_Name": "System Network Configuration Discovery"
}
{
  "Adversary": "apt3",
  "Capability_Requirements": "",
  "Datasources": [],
  "Detection": [
    "Enrichment",
    "Telemetry"
  ],
  "DetectionModifiers": [],
  "DetectionText": [
    "The capability enriched netstat.exe with the correct ATT&CK Technique (System Network Connections Discovery).",
    "Telemetry within the process tree showed netstat.exe executing with command-line arguments."
  ],
  "Footnotes": [],
  "Participant_Name": "VMware Carbon Black",
  "Procedure": "",
  "ScreenshotDatasources": [],
  "Step": "12. Initial Discovery",
  "Substep": "12.E.1.12",
  "Subtechnique": "",
  "Subtechnique_Name": "",
  "TacticGroup": "Discovery",
  "Technique": "T1049",
  "Technique_Name": "System Network Connections Discovery"
}
{
  "Adversary": "apt3",
  "Capability_Requirements": "",
  "Datasources": [],
  "Detection": [
    "Enrichment",
    "Telemetry"
  ],
  "DetectionModifiers": [],
  "DetectionText": [
    "The capability enriched net.exe with the correct ATT&CK Technique (T1069 - Permission Groups Discovery).",
    "Telemetry within the process tree showed powershell.exe executing net.exe with command-line arguments."
  ],
  "Footnotes": [],
  "Participant_Name": "VMware Carbon Black",
  "Procedure": "",
  "ScreenshotDatasources": [],
  "Step": "12. Initial Discovery",
  "Substep": "12.F.1",
  "Subtechnique": "T1069.002",
  "Subtechnique_Name": "Permission Groups Discovery: Domain Groups",
  "TacticGroup": "Discovery",
  "Technique": "T1069",
  "Technique_Name": "Permission Groups Discovery"
}
{
  "Adversary": "apt3",
  "Capability_Requirements": "",
  "Datasources": [],
  "Detection": [
    "Enrichment",
    "Telemetry"
  ],
  "DetectionModifiers": [],
  "DetectionText": [
    "The capability enriched net.exe with the correct ATT&CK Technique (T1069 - Permission Groups Discovery).",
    "Telemetry within the process tree showed powershell.exe executing net.exe with command-line arguments."
  ],
  "Footnotes": [],
  "Participant_Name": "VMware Carbon Black",
  "Procedure": "",
  "ScreenshotDatasources": [],
  "Step": "12. Initial Discovery",
  "Substep": "12.F.2",
  "Subtechnique": "T1069.001",
  "Subtechnique_Name": "Permission Groups Discovery: Local Groups",
  "TacticGroup": "Discovery",
  "Technique": "T1069",
  "Technique_Name": "Permission Groups Discovery"
}
{
  "Adversary": "apt3",
  "Capability_Requirements": "",
  "Datasources": [],
  "Detection": [
    "Enrichment",
    "Telemetry"
  ],
  "DetectionModifiers": [],
  "DetectionText": [
    "The capability enriched net.exe with a related ATT&CK Technique (T1069 - Permission Groups Discovery).",
    "Telemetry within the process tree showed powershell.exe executing net.exe with command-line arguments."
  ],
  "Footnotes": [],
  "Participant_Name": "VMware Carbon Black",
  "Procedure": "",
  "ScreenshotDatasources": [],
  "Step": "12. Initial Discovery",
  "Substep": "12.G.1",
  "Subtechnique": "T1087.001",
  "Subtechnique_Name": "Account Discovery: Local Account",
  "TacticGroup": "Discovery",
  "Technique": "T1087",
  "Technique_Name": "Account Discovery"
}
{
  "Adversary": "apt3",
  "Capability_Requirements": "",
  "Datasources": [],
  "Detection": [
    "Enrichment",
    "Telemetry"
  ],
  "DetectionModifiers": [],
  "DetectionText": [
    "The capability enriched net.exe with a related ATT&CK Technique (T1069 - Permission Groups Discovery).",
    "Telemetry within the process tree showed powershell.exe executing net.exe with command-line arguments."
  ],
  "Footnotes": [],
  "Participant_Name": "VMware Carbon Black",
  "Procedure": "",
  "ScreenshotDatasources": [],
  "Step": "12. Initial Discovery",
  "Substep": "12.G.2",
  "Subtechnique": "T1087.002",
  "Subtechnique_Name": "Account Discovery: Domain Account",
  "TacticGroup": "Discovery",
  "Technique": "T1087",
  "Technique_Name": "Account Discovery"
}
{
  "Adversary": "apt3",
  "Capability_Requirements": "",
  "Datasources": [],
  "Detection": [
    "Enrichment",
    "Telemetry"
  ],
  "DetectionModifiers": [],
  "DetectionText": [
    "The capability enriched net.exe with a related ATT&CK Technique (Account Discovery).",
    "Telemetry showed a process tree containing net.exe with command-line arguments."
  ],
  "Footnotes": [],
  "Participant_Name": "VMware Carbon Black",
  "Procedure": "",
  "ScreenshotDatasources": [],
  "Step": "13. Discovery for Lateral Movement",
  "Substep": "13.A.1",
  "Subtechnique": "",
  "Subtechnique_Name": "",
  "TacticGroup": "Discovery",
  "Technique": "T1018",
  "Technique_Name": "Remote System Discovery"
}
{
  "Adversary": "apt3",
  "Capability_Requirements": "",
  "Datasources": [],
  "Detection": [
    "Enrichment",
    "Telemetry"
  ],
  "DetectionModifiers": [],
  "DetectionText": [
    "The capability enriched net.exe with a related ATT&CK Technique (Account Discovery).",
    "The vendor demonstrated to MITRE that the capability can provide telemetry of net.exe, but no screenshot was captured for this procedure."
  ],
  "Footnotes": [],
  "Participant_Name": "VMware Carbon Black",
  "Procedure": "",
  "ScreenshotDatasources": [],
  "Step": "13. Discovery for Lateral Movement",
  "Substep": "13.B.1",
  "Subtechnique": "",
  "Subtechnique_Name": "",
  "TacticGroup": "Discovery",
  "Technique": "T1049",
  "Technique_Name": "System Network Connections Discovery"
}
{
  "Adversary": "apt3",
  "Capability_Requirements": "",
  "Datasources": [],
  "Detection": [
    "Enrichment",
    "Telemetry"
  ],
  "DetectionModifiers": [],
  "DetectionText": [
    "The capability enriched net.exe data with the correct ATT&CK Technique (T1049 - System Network Connections Discovery).",
    "Telemetry showed a process tree containing netstat.exe with command-line arguments."
  ],
  "Footnotes": [],
  "Participant_Name": "VMware Carbon Black",
  "Procedure": "",
  "ScreenshotDatasources": [],
  "Step": "13. Discovery for Lateral Movement",
  "Substep": "13.B.2",
  "Subtechnique": "",
  "Subtechnique_Name": "",
  "TacticGroup": "Discovery",
  "Technique": "T1049",
  "Technique_Name": "System Network Connections Discovery"
}
{
  "Adversary": "apt3",
  "Capability_Requirements": "",
  "Datasources": [],
  "Detection": [
    "Enrichment",
    "Telemetry"
  ],
  "DetectionModifiers": [],
  "DetectionText": [
    "The capability enriched reg.exe data with the correct ATT&CK Technique (Query Registry).",
    "Telemetry showed a process tree containing reg.exe with command-line arguments."
  ],
  "Footnotes": [],
  "Participant_Name": "VMware Carbon Black",
  "Procedure": "",
  "ScreenshotDatasources": [],
  "Step": "13. Discovery for Lateral Movement",
  "Substep": "13.C.1",
  "Subtechnique": "",
  "Subtechnique_Name": "",
  "TacticGroup": "Discovery",
  "Technique": "T1012",
  "Technique_Name": "Query Registry"
}
{
  "Adversary": "apt3",
  "Capability_Requirements": "",
  "Datasources": [],
  "Detection": [
    "None"
  ],
  "DetectionModifiers": [],
  "DetectionText": [
    "Minimum detection criteria was not met for this procedure."
  ],
  "Footnotes": [],
  "Participant_Name": "VMware Carbon Black",
  "Procedure": "",
  "ScreenshotDatasources": [],
  "Step": "14. Privilege Escalation",
  "Substep": "14.A.1.1",
  "Subtechnique": "T1548.002",
  "Subtechnique_Name": "Abuse Elevation Control Mechanism: Bypass User Account Control",
  "TacticGroup": "Privilege Escalation",
  "Technique": "T1548",
  "Technique_Name": "Abuse Elevation Control Mechanism"
}
{
  "Adversary": "apt3",
  "Capability_Requirements": "",
  "Datasources": [],
  "Detection": [
    "Telemetry"
  ],
  "DetectionModifiers": [],
  "DetectionText": [
    "The vendor demonstrated to MITRE that the capability can provide telemetry of network connections and file modifications indicating a Remote File Copy, but no screenshot was captured for this procedure."
  ],
  "Footnotes": [],
  "Participant_Name": "VMware Carbon Black",
  "Procedure": "",
  "ScreenshotDatasources": [],
  "Step": "14. Privilege Escalation",
  "Substep": "14.A.1.2",
  "Subtechnique": "",
  "Subtechnique_Name": "",
  "TacticGroup": "Command and Control",
  "Technique": "T1105",
  "Technique_Name": "Ingress Tool Transfer"
}
{
  "Adversary": "apt3",
  "Capability_Requirements": "",
  "Datasources": [],
  "Detection": [
    "None"
  ],
  "DetectionModifiers": [],
  "DetectionText": [
    "Minimum detection criteria was not met for this procedure."
  ],
  "Footnotes": [],
  "Participant_Name": "VMware Carbon Black",
  "Procedure": "",
  "ScreenshotDatasources": [],
  "Step": "14. Privilege Escalation",
  "Substep": "14.A.1.3",
  "Subtechnique": "T1071.001",
  "Subtechnique_Name": "Application Layer Protocol: Web Protocols",
  "TacticGroup": "Command and Control",
  "Technique": "T1071",
  "Technique_Name": "Application Layer Protocol"
}
{
  "Adversary": "apt3",
  "Capability_Requirements": "",
  "Datasources": [],
  "Detection": [
    "Telemetry"
  ],
  "DetectionModifiers": [],
  "DetectionText": [
    "Telemetry showed network connection to 192.168.0.5 (C2 server) over TCP port 8080."
  ],
  "Footnotes": [],
  "Participant_Name": "VMware Carbon Black",
  "Procedure": "",
  "ScreenshotDatasources": [],
  "Step": "14. Privilege Escalation",
  "Substep": "14.A.1.4",
  "Subtechnique": "",
  "Subtechnique_Name": "",
  "TacticGroup": "Command and Control",
  "Technique": "T1043",
  "Technique_Name": "Commonly Used Port"
}
{
  "Adversary": "apt3",
  "Capability_Requirements": "",
  "Datasources": [],
  "Detection": [
    "Enrichment",
    "Telemetry"
  ],
  "DetectionModifiers": [],
  "DetectionText": [
    "The capability enriched the events with a tag titled \\\\\"PowerShell Input Capture -keylogger\\\\\" based on known modloads that could be potentially abused to provide keylogger functionality.",
    "Telemetry showed modloads associated with the execution of a keylogger."
  ],
  "Footnotes": [],
  "Participant_Name": "VMware Carbon Black",
  "Procedure": "",
  "ScreenshotDatasources": [],
  "Step": "15. Credential Access",
  "Substep": "15.A.1.1",
  "Subtechnique": "T1059.001",
  "Subtechnique_Name": "Command and Scripting Interpreter: PowerShell",
  "TacticGroup": "Collection",
  "Technique": "T1059",
  "Technique_Name": "Command and Scripting Interpreter"
}
{
  "Adversary": "apt3",
  "Capability_Requirements": "",
  "Datasources": [],
  "Detection": [
    "None"
  ],
  "DetectionModifiers": [],
  "DetectionText": [
    "Minimum detection criteria was not met for this procedure."
  ],
  "Footnotes": [],
  "Participant_Name": "VMware Carbon Black",
  "Procedure": "",
  "ScreenshotDatasources": [],
  "Step": "15. Credential Access",
  "Substep": "15.A.1.2",
  "Subtechnique": "",
  "Subtechnique_Name": "",
  "TacticGroup": "Discovery",
  "Technique": "T1010",
  "Technique_Name": "Application Window Discovery"
}
{
  "Adversary": "apt3",
  "Capability_Requirements": "",
  "Datasources": [],
  "Detection": [
    "None"
  ],
  "DetectionModifiers": [],
  "DetectionText": [
    "Minimum detection criteria was not met for this procedure."
  ],
  "Footnotes": [],
  "Participant_Name": "VMware Carbon Black",
  "Procedure": "",
  "ScreenshotDatasources": [],
  "Step": "15. Credential Access",
  "Substep": "15.B.1",
  "Subtechnique": "T1552.001",
  "Subtechnique_Name": "Unsecured Credentials: Credentials in Files",
  "TacticGroup": "Credential Access",
  "Technique": "T1552",
  "Technique_Name": "Unsecured Credentials"
}
{
  "Adversary": "apt3",
  "Capability_Requirements": "",
  "Datasources": [],
  "Detection": [
    "Enrichment",
    "Telemetry"
  ],
  "DetectionModifiers": [
    "Configuration Change"
  ],
  "DetectionText": [
    "The capability enriched individual net.exe events with tagging titled \\\\\"Credential Access using Admin Shares - Failed Attempts\\\\\".",
    "Telemetry showed a process tree containing repeated logon attempts via net.exe and command-line arguments indicative of password spraying."
  ],
  "Footnotes": [
    "The capability was modified after the start of the evaluation enabling enrichment to appear, so the detection is identified as a configuration change."
  ],
  "Participant_Name": "VMware Carbon Black",
  "Procedure": "",
  "ScreenshotDatasources": [],
  "Step": "16. Lateral Movement",
  "Substep": "16.A.1.1",
  "Subtechnique": "T1110.003",
  "Subtechnique_Name": "Brute Force: Password Spraying",
  "TacticGroup": "Credential Access",
  "Technique": "T1110",
  "Technique_Name": "Brute Force"
}
{
  "Adversary": "apt3",
  "Capability_Requirements": "",
  "Datasources": [],
  "Detection": [
    "Specific Behavior",
    "Telemetry"
  ],
  "DetectionModifiers": [],
  "DetectionText": [
    "Specific Behavior alerts titled \\\"Windows Admin Shares - Lateral Movement\\\" were generated for credential accesses specifically targeting admin shares.",
    "Telemetry showed a process tree containing repeated logon attempts via net.exe targeting ADMIN$."
  ],
  "Footnotes": [],
  "Participant_Name": "VMware Carbon Black",
  "Procedure": "",
  "ScreenshotDatasources": [],
  "Step": "16. Lateral Movement",
  "Substep": "16.A.1.2",
  "Subtechnique": "T1021.002",
  "Subtechnique_Name": "Remote Services: SMB/Windows Admin Shares",
  "TacticGroup": "Lateral Movement",
  "Technique": "T1021",
  "Technique_Name": "Remote Services"
}
{
  "Adversary": "apt3",
  "Capability_Requirements": "",
  "Datasources": [],
  "Detection": [
    "Telemetry"
  ],
  "DetectionModifiers": [],
  "DetectionText": [
    "Telemetry showed a process tree containing a successful logon via net.exe."
  ],
  "Footnotes": [],
  "Participant_Name": "VMware Carbon Black",
  "Procedure": "",
  "ScreenshotDatasources": [],
  "Step": "16. Lateral Movement",
  "Substep": "16.B.1.1",
  "Subtechnique": "T1078.003",
  "Subtechnique_Name": "Valid Accounts: Local Accounts",
  "TacticGroup": "Privilege Escalation",
  "Technique": "T1078",
  "Technique_Name": "Valid Accounts"
}
{
  "Adversary": "apt3",
  "Capability_Requirements": "",
  "Datasources": [],
  "Detection": [
    "Specific Behavior",
    "Telemetry"
  ],
  "DetectionModifiers": [],
  "DetectionText": [
    "Specific Behavior alerts were generated mapped to the correct ATT&CK Technique (T1077 - Windows Admin Shares) and Tactic (Lateral Movement) for successful logons.",
    "Telemetry showed a process tree containing repeated logon attempts via net.exe targeting ADMIN$, eventually resulting in a successful logon."
  ],
  "Footnotes": [],
  "Participant_Name": "VMware Carbon Black",
  "Procedure": "",
  "ScreenshotDatasources": [],
  "Step": "16. Lateral Movement",
  "Substep": "16.B.1.2",
  "Subtechnique": "T1021.002",
  "Subtechnique_Name": "Remote Services: SMB/Windows Admin Shares",
  "TacticGroup": "Lateral Movement",
  "Technique": "T1021",
  "Technique_Name": "Remote Services"
}
{
  "Adversary": "apt3",
  "Capability_Requirements": "",
  "Datasources": [],
  "Detection": [
    "Enrichment",
    "Telemetry"
  ],
  "DetectionModifiers": [
    "Configuration Change"
  ],
  "DetectionText": [
    "The capability enriched individual net.exe events with tagging titled \\\\\"Credential Access using Admin Shares - Failed Attempts\\\\\" for failures as well as a related ATT&CK Technique (T1077 - Windows Admin Shares) and Tactic (Lateral Movement) for successful logons.",
    "Telemetry showed a process tree containing repeated logon attempts via net.exe and command-line arguments indicative of password spraying, eventually resulting in a successful logon."
  ],
  "Footnotes": [
    "The capability was modified after the start of the evaluation enabling enrichment to appear, so the detection is identified as a configuration change."
  ],
  "Participant_Name": "VMware Carbon Black",
  "Procedure": "",
  "ScreenshotDatasources": [],
  "Step": "16. Lateral Movement",
  "Substep": "16.B.1.3",
  "Subtechnique": "T1110.003",
  "Subtechnique_Name": "Brute Force: Password Spraying",
  "TacticGroup": "Credential Access",
  "Technique": "T1110",
  "Technique_Name": "Brute Force"
}
{
  "Adversary": "apt3",
  "Capability_Requirements": "",
  "Datasources": [],
  "Detection": [
    "Specific Behavior",
    "Telemetry"
  ],
  "DetectionModifiers": [],
  "DetectionText": [
    "A Specific Behavior alert was generated indicating that a connected network share was removed.",
    "Telemetry showed a process tree containing net.exe and command-line arguments."
  ],
  "Footnotes": [],
  "Participant_Name": "VMware Carbon Black",
  "Procedure": "",
  "ScreenshotDatasources": [],
  "Step": "16. Lateral Movement",
  "Substep": "16.C.1",
  "Subtechnique": "T1070.005",
  "Subtechnique_Name": "Indicator Removal on Host: Network Share Connection Removal",
  "TacticGroup": "Defense Evasion",
  "Technique": "T1070",
  "Technique_Name": "Indicator Removal on Host"
}
{
  "Adversary": "apt3",
  "Capability_Requirements": "",
  "Datasources": [],
  "Detection": [
    "Specific Behavior",
    "Telemetry"
  ],
  "DetectionModifiers": [],
  "DetectionText": [
    "Specific Behavior alerts were generated mapped to the correct ATT&CK Technique (T1077 - Windows Admin Shares) and Tactic (Lateral Movement) for successful logons.",
    "Telemetry showed a process tree containing a logon attempt via net.exe and command-line arguments  targeting C$ using valid account credentials."
  ],
  "Footnotes": [],
  "Participant_Name": "VMware Carbon Black",
  "Procedure": "",
  "ScreenshotDatasources": [],
  "Step": "16. Lateral Movement",
  "Substep": "16.D.1.1",
  "Subtechnique": "T1021.002",
  "Subtechnique_Name": "Remote Services: SMB/Windows Admin Shares",
  "TacticGroup": "Lateral Movement",
  "Technique": "T1021",
  "Technique_Name": "Remote Services"
}
{
  "Adversary": "apt3",
  "Capability_Requirements": "",
  "Datasources": [],
  "Detection": [
    "Telemetry"
  ],
  "DetectionModifiers": [],
  "DetectionText": [
    "Telemetry showed a process tree containing a logon attempt via net.exe and command-line arguments using valid account credentials."
  ],
  "Footnotes": [],
  "Participant_Name": "VMware Carbon Black",
  "Procedure": "",
  "ScreenshotDatasources": [],
  "Step": "16. Lateral Movement",
  "Substep": "16.D.1.2",
  "Subtechnique": "T1078.002",
  "Subtechnique_Name": "Valid Accounts: Domain Accounts",
  "TacticGroup": "Initial Access",
  "Technique": "T1078",
  "Technique_Name": "Valid Accounts"
}
{
  "Adversary": "apt3",
  "Capability_Requirements": "",
  "Datasources": [],
  "Detection": [
    "Telemetry"
  ],
  "DetectionModifiers": [],
  "DetectionText": [
    "Telemetry showed filemods showing the creation and writing to autoupdate.vbs."
  ],
  "Footnotes": [],
  "Participant_Name": "VMware Carbon Black",
  "Procedure": "",
  "ScreenshotDatasources": [],
  "Step": "16. Lateral Movement",
  "Substep": "16.E.1",
  "Subtechnique": "",
  "Subtechnique_Name": "",
  "TacticGroup": "Command and Control",
  "Technique": "T1105",
  "Technique_Name": "Ingress Tool Transfer"
}
{
  "Adversary": "apt3",
  "Capability_Requirements": "",
  "Datasources": [],
  "Detection": [
    "Enrichment",
    "Telemetry"
  ],
  "DetectionModifiers": [],
  "DetectionText": [
    "The capability enriched cmd.exe event data with the correct ATT&CK Technique (T1059 - Command-Line Interface).",
    "Telemetry showed a process tree with cmd.exe execution and associated user context change."
  ],
  "Footnotes": [],
  "Participant_Name": "VMware Carbon Black",
  "Procedure": "",
  "ScreenshotDatasources": [],
  "Step": "16. Lateral Movement",
  "Substep": "16.F.1",
  "Subtechnique": "",
  "Subtechnique_Name": "",
  "TacticGroup": "Execution",
  "Technique": "T1059",
  "Technique_Name": "Command and Scripting Interpreter"
}
{
  "Adversary": "apt3",
  "Capability_Requirements": "",
  "Datasources": [],
  "Detection": [
    "Telemetry"
  ],
  "DetectionModifiers": [],
  "DetectionText": [
    "Telemetry showed filemods showing the creation and writing to update.vbs on remote host 10.0.0.4 (Creeper)."
  ],
  "Footnotes": [],
  "Participant_Name": "VMware Carbon Black",
  "Procedure": "",
  "ScreenshotDatasources": [],
  "Step": "16. Lateral Movement",
  "Substep": "16.G.1",
  "Subtechnique": "",
  "Subtechnique_Name": "",
  "TacticGroup": "Lateral Movement",
  "Technique": "T1570",
  "Technique_Name": "Lateral Tool Transfer"
}
{
  "Adversary": "apt3",
  "Capability_Requirements": "",
  "Datasources": [],
  "Detection": [
    "Enrichment",
    "Telemetry"
  ],
  "DetectionModifiers": [],
  "DetectionText": [
    "The capability enriched the sc.exe execution with the correct ATT&CK Technique (System Service Discovery).",
    "Telemetry within the process tree showed execution of sc.exe with command-line arguments to remotely query services on Creeper. Telemetry also showed module loads and a network connection to Creeper (10.0.0.4)."
  ],
  "Footnotes": [],
  "Participant_Name": "VMware Carbon Black",
  "Procedure": "",
  "ScreenshotDatasources": [],
  "Step": "16. Lateral Movement",
  "Substep": "16.H.1",
  "Subtechnique": "",
  "Subtechnique_Name": "",
  "TacticGroup": "Discovery",
  "Technique": "T1007",
  "Technique_Name": "System Service Discovery"
}
{
  "Adversary": "apt3",
  "Capability_Requirements": "",
  "Datasources": [],
  "Detection": [
    "Specific Behavior",
    "Telemetry"
  ],
  "DetectionModifiers": [],
  "DetectionText": [
    "A Specific Behavior alert was generated for sc.exe execution to create the AdobeUpdater service with the correct ATT&CK Technique (New Service).",
    "Telemetry within the process tree showed execution of sc.exe with command-line arguments to create a new AdobeUpdater service containing a binPath pointed to cmd.exe with arguments to execute update.vbs."
  ],
  "Footnotes": [],
  "Participant_Name": "VMware Carbon Black",
  "Procedure": "",
  "ScreenshotDatasources": [],
  "Step": "16. Lateral Movement",
  "Substep": "16.I.1.1",
  "Subtechnique": "T1543.003",
  "Subtechnique_Name": "Create or Modify System Process: Windows Service",
  "TacticGroup": "Privilege Escalation",
  "Technique": "T1543",
  "Technique_Name": "Create or Modify System Process"
}
{
  "Adversary": "apt3",
  "Capability_Requirements": "",
  "Datasources": [],
  "Detection": [
    "Telemetry"
  ],
  "DetectionModifiers": [],
  "DetectionText": [
    "Telemetry within the process trees showed execution of sc.exe with command-line arguments to create the AdobeUpdater service with binPath pointed to cmd.exe with arguments to execute update.vbs and a suspicious service description, which indicates masquerading."
  ],
  "Footnotes": [],
  "Participant_Name": "VMware Carbon Black",
  "Procedure": "",
  "ScreenshotDatasources": [],
  "Step": "16. Lateral Movement",
  "Substep": "16.I.1.2",
  "Subtechnique": "T1036.004",
  "Subtechnique_Name": "Masquerading: Masquerade Task or Service",
  "TacticGroup": "Defense Evasion",
  "Technique": "T1036",
  "Technique_Name": "Masquerading"
}
{
  "Adversary": "apt3",
  "Capability_Requirements": "",
  "Datasources": [],
  "Detection": [
    "Enrichment",
    "Telemetry"
  ],
  "DetectionModifiers": [],
  "DetectionText": [
    "The capability enriched sc.exe execution with the correct ATT&CK Technique (System Service Discovery).",
    "Telemetry within the process tree showed execution of sc.exe with command-line arguments to query the AdobeUpdater service on Creeper."
  ],
  "Footnotes": [],
  "Participant_Name": "VMware Carbon Black",
  "Procedure": "",
  "ScreenshotDatasources": [],
  "Step": "16. Lateral Movement",
  "Substep": "16.J.1",
  "Subtechnique": "",
  "Subtechnique_Name": "",
  "TacticGroup": "Discovery",
  "Technique": "T1007",
  "Technique_Name": "System Service Discovery"
}
{
  "Adversary": "apt3",
  "Capability_Requirements": "",
  "Datasources": [],
  "Detection": [
    "None"
  ],
  "DetectionModifiers": [],
  "DetectionText": [
    "Minimum detection criteria was not met for this procedure."
  ],
  "Footnotes": [],
  "Participant_Name": "VMware Carbon Black",
  "Procedure": "",
  "ScreenshotDatasources": [],
  "Step": "16. Lateral Movement",
  "Substep": "16.K.1",
  "Subtechnique": "",
  "Subtechnique_Name": "",
  "TacticGroup": "Discovery",
  "Technique": "T1083",
  "Technique_Name": "File and Directory Discovery"
}
{
  "Adversary": "apt3",
  "Capability_Requirements": "",
  "Datasources": [],
  "Detection": [
    "Telemetry"
  ],
  "DetectionModifiers": [],
  "DetectionText": [
    "Telemetry within the process tree showed execution of sc.exe with command-line arguments to start the AdobeUpdater service on Creeper."
  ],
  "Footnotes": [],
  "Participant_Name": "VMware Carbon Black",
  "Procedure": "",
  "ScreenshotDatasources": [],
  "Step": "16. Lateral Movement",
  "Substep": "16.L.1",
  "Subtechnique": "T1569.002",
  "Subtechnique_Name": "System Services: Service Execution",
  "TacticGroup": "Execution",
  "Technique": "T1569",
  "Technique_Name": "System Services"
}
{
  "Adversary": "apt3",
  "Capability_Requirements": "",
  "Datasources": [],
  "Detection": [
    "Telemetry"
  ],
  "DetectionModifiers": [],
  "DetectionText": [
    "Telemetry within the process tree showed reg.exe executing with command-line arguments to check if terminal services were enabled."
  ],
  "Footnotes": [],
  "Participant_Name": "VMware Carbon Black",
  "Procedure": "",
  "ScreenshotDatasources": [],
  "Step": "17. Persistence",
  "Substep": "17.A.1.1",
  "Subtechnique": "",
  "Subtechnique_Name": "",
  "TacticGroup": "Discovery",
  "Technique": "T1007",
  "Technique_Name": "System Service Discovery"
}
{
  "Adversary": "apt3",
  "Capability_Requirements": "",
  "Datasources": [],
  "Detection": [
    "Enrichment",
    "Telemetry"
  ],
  "DetectionModifiers": [],
  "DetectionText": [
    "The capability enriched reg.exe with the correct ATT&CK Technique (T1012 - Query Registry).",
    "Telemetry within the process tree showed reg.exe executing with command-line arguments."
  ],
  "Footnotes": [],
  "Participant_Name": "VMware Carbon Black",
  "Procedure": "",
  "ScreenshotDatasources": [],
  "Step": "17. Persistence",
  "Substep": "17.A.1.2",
  "Subtechnique": "",
  "Subtechnique_Name": "",
  "TacticGroup": "Discovery",
  "Technique": "T1012",
  "Technique_Name": "Query Registry"
}
{
  "Adversary": "apt3",
  "Capability_Requirements": "",
  "Datasources": [],
  "Detection": [
    "Enrichment",
    "Telemetry"
  ],
  "DetectionModifiers": [
    "Configuration Change"
  ],
  "DetectionText": [
    "The capability enriched the execution of takeown.exe with \\\\\"Permission modifications\\\\\".",
    "Telemetry within the process tree showed execution of takeown.exe with command-line arguments on magnify.exe."
  ],
  "Footnotes": [
    "The enrichment was added as a configuration change during the action and was not part of the original set of detections when the evaluation started."
  ],
  "Participant_Name": "VMware Carbon Black",
  "Procedure": "",
  "ScreenshotDatasources": [],
  "Step": "17. Persistence",
  "Substep": "17.B.1",
  "Subtechnique": "T1222.001",
  "Subtechnique_Name": "File and Directory Permissions Modification: Windows File and Directory Permissions Modification",
  "TacticGroup": "Defense Evasion",
  "Technique": "T1222",
  "Technique_Name": "File and Directory Permissions Modification"
}
{
  "Adversary": "apt3",
  "Capability_Requirements": "",
  "Datasources": [],
  "Detection": [
    "Enrichment",
    "Telemetry"
  ],
  "DetectionModifiers": [
    "Configuration Change"
  ],
  "DetectionText": [
    "The capability enriched the execution of icacls.exe with \\\\\"Permission modifications\\\\\".",
    "Telemetry within the process tree showed execution of icacls.exe with command-line arguments on magnify.exe."
  ],
  "Footnotes": [
    "The enrichment was added as a configuration change during the action and was not part of the original set of detections when the evaluation started."
  ],
  "Participant_Name": "VMware Carbon Black",
  "Procedure": "",
  "ScreenshotDatasources": [],
  "Step": "17. Persistence",
  "Substep": "17.B.2",
  "Subtechnique": "T1222.001",
  "Subtechnique_Name": "File and Directory Permissions Modification: Windows File and Directory Permissions Modification",
  "TacticGroup": "Defense Evasion",
  "Technique": "T1222",
  "Technique_Name": "File and Directory Permissions Modification"
}
{
  "Adversary": "apt3",
  "Capability_Requirements": "",
  "Datasources": [],
  "Detection": [
    "Specific Behavior",
    "Telemetry"
  ],
  "DetectionModifiers": [],
  "DetectionText": [
    "A Specific Behavior alert was generated for powershell.exe with a severity score of 51/100 when magnify.exe was replaced. The alert was also mapped to the correct ATT&CK Technique (T1015 - Accessibility Features).",
    "Telemetry showed filemod events overwriting magnify.exe in the system directory."
  ],
  "Footnotes": [],
  "Participant_Name": "VMware Carbon Black",
  "Procedure": "",
  "ScreenshotDatasources": [],
  "Step": "17. Persistence",
  "Substep": "17.C.1",
  "Subtechnique": "T1546.008",
  "Subtechnique_Name": "Event Triggered Execution: Accessibility Features",
  "TacticGroup": "Persistence",
  "Technique": "T1546",
  "Technique_Name": "Event Triggered Execution"
}
{
  "Adversary": "apt3",
  "Capability_Requirements": "",
  "Datasources": [],
  "Detection": [
    "None"
  ],
  "DetectionModifiers": [],
  "DetectionText": [
    "Minimum detection criteria was not met for this procedure."
  ],
  "Footnotes": [],
  "Participant_Name": "VMware Carbon Black",
  "Procedure": "",
  "ScreenshotDatasources": [],
  "Step": "18. Collection",
  "Substep": "18.A.1",
  "Subtechnique": "",
  "Subtechnique_Name": "",
  "TacticGroup": "Discovery",
  "Technique": "T1083",
  "Technique_Name": "File and Directory Discovery"
}
{
  "Adversary": "apt3",
  "Capability_Requirements": "",
  "Datasources": [],
  "Detection": [
    "Specific Behavior",
    "Telemetry"
  ],
  "DetectionModifiers": [],
  "DetectionText": [
    "A Specific Behavior alert was generated with a severity score of 60/100 and was correctly mapped to correct ATT&CK Technique (T1074 - Data Staged).",
    "Telemetry showed filemod events for the creation and write the .vsdx in the Recycle Bin."
  ],
  "Footnotes": [],
  "Participant_Name": "VMware Carbon Black",
  "Procedure": "",
  "ScreenshotDatasources": [],
  "Step": "18. Collection",
  "Substep": "18.B.1.1",
  "Subtechnique": "T1074.002",
  "Subtechnique_Name": "Data Staged: Remote Data Staging",
  "TacticGroup": "Collection",
  "Technique": "T1074",
  "Technique_Name": "Data Staged"
}
{
  "Adversary": "apt3",
  "Capability_Requirements": "",
  "Datasources": [],
  "Detection": [
    "None"
  ],
  "DetectionModifiers": [],
  "DetectionText": [
    "Minimum detection criteria was not met for this procedure."
  ],
  "Footnotes": [
    "Telemetry was available for the write file of the .vsdx file into the Recycle Bin, but no data was available that indicated it came from a network shared drive."
  ],
  "Participant_Name": "VMware Carbon Black",
  "Procedure": "",
  "ScreenshotDatasources": [],
  "Step": "18. Collection",
  "Substep": "18.B.1.2",
  "Subtechnique": "",
  "Subtechnique_Name": "",
  "TacticGroup": "Collection",
  "Technique": "T1039",
  "Technique_Name": "Data from Network Shared Drive"
}
{
  "Adversary": "apt3",
  "Capability_Requirements": "",
  "Datasources": [],
  "Detection": [
    "Telemetry"
  ],
  "DetectionModifiers": [],
  "DetectionText": [
    "Telemetry showed the creation of recycler.exe. Binary metadata on recycler.exe indicated it was masquerading and had a digital signature and file metadata that matched the WinRAR utility."
  ],
  "Footnotes": [],
  "Participant_Name": "VMware Carbon Black",
  "Procedure": "",
  "ScreenshotDatasources": [],
  "Step": "19. Exfiltration",
  "Substep": "19.A.1.1",
  "Subtechnique": "",
  "Subtechnique_Name": "",
  "TacticGroup": "Defense Evasion",
  "Technique": "T1036",
  "Technique_Name": "Masquerading"
}
{
  "Adversary": "apt3",
  "Capability_Requirements": "",
  "Datasources": [],
  "Detection": [
    "Telemetry"
  ],
  "DetectionModifiers": [],
  "DetectionText": [
    "Telemetry showed the creation of recycler.exe."
  ],
  "Footnotes": [],
  "Participant_Name": "VMware Carbon Black",
  "Procedure": "",
  "ScreenshotDatasources": [],
  "Step": "19. Exfiltration",
  "Substep": "19.A.1.2",
  "Subtechnique": "",
  "Subtechnique_Name": "",
  "TacticGroup": "Command and Control",
  "Technique": "T1105",
  "Technique_Name": "Ingress Tool Transfer"
}
{
  "Adversary": "apt3",
  "Capability_Requirements": "",
  "Datasources": [],
  "Detection": [
    "Enrichment",
    "Telemetry"
  ],
  "DetectionModifiers": [],
  "DetectionText": [
    "The capability enriched recycler.exe with the correct ATT&CK Technique (1002 - Data Compressed).",
    "Telemetry showed the execution of recycler.exe with command-line arguments indicating it was WinRAR and file compression and encryption was used to create an encrypted archive. Telemetry also showed the creation of old.rar as the output of recycler.exe running."
  ],
  "Footnotes": [],
  "Participant_Name": "VMware Carbon Black",
  "Procedure": "",
  "ScreenshotDatasources": [],
  "Step": "19. Exfiltration",
  "Substep": "19.B.1.1",
  "Subtechnique": "T1560.001",
  "Subtechnique_Name": "Archive Collected Data: Archive via Utility",
  "TacticGroup": "Collection",
  "Technique": "T1560",
  "Technique_Name": "Archive Collected Data"
}
{
  "Adversary": "apt3",
  "Capability_Requirements": "",
  "Datasources": [],
  "Detection": [
    "Enrichment",
    "Telemetry"
  ],
  "DetectionModifiers": [],
  "DetectionText": [
    "The capability enriched recycler.exe with the correct ATT&CK Technique (1022 - Data Encrypted).",
    "Telemetry showed the execution of recycler.exe with command-line arguments indicating it was WinRAR and file compression and encryption was used to create an encrypted archive."
  ],
  "Footnotes": [],
  "Participant_Name": "VMware Carbon Black",
  "Procedure": "",
  "ScreenshotDatasources": [],
  "Step": "19. Exfiltration",
  "Substep": "19.B.1.2",
  "Subtechnique": "T1560.001",
  "Subtechnique_Name": "Archive Collected Data: Archive via Utility",
  "TacticGroup": "Collection",
  "Technique": "T1560",
  "Technique_Name": "Archive Collected Data"
}
{
  "Adversary": "apt3",
  "Capability_Requirements": "",
  "Datasources": [],
  "Detection": [
    "Specific Behavior",
    "Telemetry"
  ],
  "DetectionModifiers": [],
  "DetectionText": [
    "A Specific Behavior alert was generated on execution of recycler.exe indicating it was WinRAR and was masquerading as a renamed process.",
    "Telemetry showed the execution of recycler.exe with command-line arguments indicating it was WinRAR and file compression and encryption was used to create an encrypted archive."
  ],
  "Footnotes": [],
  "Participant_Name": "VMware Carbon Black",
  "Procedure": "",
  "ScreenshotDatasources": [],
  "Step": "19. Exfiltration",
  "Substep": "19.B.1.3",
  "Subtechnique": "",
  "Subtechnique_Name": "",
  "TacticGroup": "Defense Evasion",
  "Technique": "T1036",
  "Technique_Name": "Masquerading"
}
{
  "Adversary": "apt3",
  "Capability_Requirements": "",
  "Datasources": [],
  "Detection": [
    "Enrichment",
    "Telemetry"
  ],
  "DetectionModifiers": [],
  "DetectionText": [
    "The capability enriched ftp.exe with the correct ATT&CK Technique (Exfil Over Alternate Protocol).",
    "Telemetry showed a process tree for ftp.exe being executed with command-line arguments including ftp.txt."
  ],
  "Footnotes": [],
  "Participant_Name": "VMware Carbon Black",
  "Procedure": "",
  "ScreenshotDatasources": [],
  "Step": "19. Exfiltration",
  "Substep": "19.C.1",
  "Subtechnique": "",
  "Subtechnique_Name": "",
  "TacticGroup": "Exfiltration",
  "Technique": "T1048",
  "Technique_Name": "Exfiltration Over Alternative Protocol"
}
{
  "Adversary": "apt3",
  "Capability_Requirements": "",
  "Datasources": [],
  "Detection": [
    "Telemetry"
  ],
  "DetectionModifiers": [],
  "DetectionText": [
    "Telemetry showed the deletion of old.rar."
  ],
  "Footnotes": [],
  "Participant_Name": "VMware Carbon Black",
  "Procedure": "",
  "ScreenshotDatasources": [],
  "Step": "19. Exfiltration",
  "Substep": "19.D.1",
  "Subtechnique": "T1070.004",
  "Subtechnique_Name": "Indicator Removal on Host: File Deletion",
  "TacticGroup": "Defense Evasion",
  "Technique": "T1070",
  "Technique_Name": "Indicator Removal on Host"
}
{
  "Adversary": "apt3",
  "Capability_Requirements": "",
  "Datasources": [],
  "Detection": [
    "Telemetry"
  ],
  "DetectionModifiers": [],
  "DetectionText": [
    "Telemetry showed the deletion of recycler.exe."
  ],
  "Footnotes": [],
  "Participant_Name": "VMware Carbon Black",
  "Procedure": "",
  "ScreenshotDatasources": [],
  "Step": "19. Exfiltration",
  "Substep": "19.D.2",
  "Subtechnique": "T1070.004",
  "Subtechnique_Name": "Indicator Removal on Host: File Deletion",
  "TacticGroup": "Defense Evasion",
  "Technique": "T1070",
  "Technique_Name": "Indicator Removal on Host"
}
{
  "Adversary": "apt3",
  "Capability_Requirements": "",
  "Datasources": [],
  "Detection": [
    "Specific Behavior",
    "General Behavior",
    "General Behavior",
    "Telemetry"
  ],
  "DetectionModifiers": [],
  "DetectionText": [
    "A Specific Behavior alert was generated on execution of magnify.exe named \\\"Suspicious screen magnifier process\\\" with a 76/100 severity score.",
    "A General Behavior alert was generated named \\\"Execution of cmd from non-standard path\\\" with a 60/100 severity score.",
    "A General Behavior alert was generated named \\\"Suspicious renamed cmd process\\\" with a 72/100 severity score.",
    "Telemetry within the process tree that showed magnify.exe executing from utilman.exe."
  ],
  "Footnotes": [],
  "Participant_Name": "VMware Carbon Black",
  "Procedure": "",
  "ScreenshotDatasources": [],
  "Step": "20. Execution of Persistence",
  "Substep": "20.A.1.1",
  "Subtechnique": "T1546.008",
  "Subtechnique_Name": "Event Triggered Execution: Accessibility Features",
  "TacticGroup": "Persistence",
  "Technique": "T1546",
  "Technique_Name": "Event Triggered Execution"
}
{
  "Adversary": "apt3",
  "Capability_Requirements": "",
  "Datasources": [],
  "Detection": [
    "None"
  ],
  "DetectionModifiers": [],
  "DetectionText": [
    "Minimum detection criteria was not met for this procedure."
  ],
  "Footnotes": [],
  "Participant_Name": "VMware Carbon Black",
  "Procedure": "",
  "ScreenshotDatasources": [],
  "Step": "20. Execution of Persistence",
  "Substep": "20.A.1.2",
  "Subtechnique": "T1021.001",
  "Subtechnique_Name": "Remote Services: Remote Desktop Protocol",
  "TacticGroup": "Lateral Movement",
  "Technique": "T1021",
  "Technique_Name": "Remote Services"
}
{
  "Adversary": "apt3",
  "Capability_Requirements": "",
  "Datasources": [],
  "Detection": [
    "Enrichment",
    "Telemetry"
  ],
  "DetectionModifiers": [],
  "DetectionText": [
    "The capability enriched whoami.exe with the correct ATT&CK Technique (T1033 - System Owner/User Discovery).",
    "Telemetry within the process tree showed magnify.exe executing whoami.exe."
  ],
  "Footnotes": [],
  "Participant_Name": "VMware Carbon Black",
  "Procedure": "",
  "ScreenshotDatasources": [],
  "Step": "20. Execution of Persistence",
  "Substep": "20.B.1",
  "Subtechnique": "",
  "Subtechnique_Name": "",
  "TacticGroup": "Discovery",
  "Technique": "T1033",
  "Technique_Name": "System Owner/User Discovery"
}
